Args in experiment:
Namespace(is_training=1, model_id='weather_96_96', model='Autoformer', data='custom', root_path='./dataset/', data_path='weather.csv', features='M', target='OT', freq='h', checkpoints='./checkpoints/', seq_len=96, label_len=48, pred_len=96, individual=False, embed_type=0, enc_in=21, dec_in=21, c_out=21, d_model=512, n_heads=8, e_layers=2, d_layers=1, d_ff=2048, moving_avg=25, factor=3, distil=True, dropout=0.05, embed='timeF', activation='gelu', output_attention=False, do_predict=False, num_workers=10, itr=1, train_epochs=2, batch_size=32, patience=3, learning_rate=0.0001, des='Exp', loss='mse', lradj='type1', use_amp=False, use_gpu=True, gpu=9, use_multi_gpu=False, devices='0,1,2,3', test_flop=True)
Use GPU: cuda:9
>>>>>>>start training : weather_96_96_Autoformer_custom_ftM_sl96_ll48_pl96_dm512_nh8_el2_dl1_df2048_fc3_ebtimeF_dtTrue_Exp_0>>>>>>>>>>>>>>>>>>>>>>>>>>
train 36696
val 5175
test 10444
	iters: 100, epoch: 1 | loss: 1.4546077
	speed: 0.1371s/iter; left time: 300.5727s
	iters: 200, epoch: 1 | loss: 0.3964224
	speed: 0.0613s/iter; left time: 128.2592s
	iters: 300, epoch: 1 | loss: 0.3510995
	speed: 0.0604s/iter; left time: 120.4678s
	iters: 400, epoch: 1 | loss: 0.6530428
	speed: 0.0646s/iter; left time: 122.2725s
	iters: 500, epoch: 1 | loss: 0.4320955
	speed: 0.0648s/iter; left time: 116.1853s
	iters: 600, epoch: 1 | loss: 0.4558542
	speed: 0.0604s/iter; left time: 102.3040s
	iters: 700, epoch: 1 | loss: 0.4339243
	speed: 0.0626s/iter; left time: 99.6734s
	iters: 800, epoch: 1 | loss: 0.4088176
	speed: 0.0658s/iter; left time: 98.1960s
	iters: 900, epoch: 1 | loss: 0.3193457
	speed: 0.0648s/iter; left time: 90.2226s
	iters: 1000, epoch: 1 | loss: 0.3620684
	speed: 0.0612s/iter; left time: 79.1692s
	iters: 1100, epoch: 1 | loss: 1.2879976
	speed: 0.0619s/iter; left time: 73.8851s
Epoch: 1 cost time: 79.40479946136475
Epoch: 1, Steps: 1146 | Train Loss: 0.5003053 Vali Loss: 0.5146067 Test Loss: 0.2691280
Validation loss decreased (inf --> 0.514607).  Saving model ...
Updating learning rate to 0.0001
	iters: 100, epoch: 2 | loss: 0.2434291
	speed: 0.3261s/iter; left time: 341.3935s
	iters: 200, epoch: 2 | loss: 0.3311942
	speed: 0.0598s/iter; left time: 56.6623s
	iters: 300, epoch: 2 | loss: 0.2398969
	speed: 0.0613s/iter; left time: 51.8996s
	iters: 400, epoch: 2 | loss: 0.3509885
	speed: 0.0634s/iter; left time: 47.3601s
	iters: 500, epoch: 2 | loss: 0.3484331
	speed: 0.0627s/iter; left time: 40.5720s
	iters: 600, epoch: 2 | loss: 0.3643402
	speed: 0.0622s/iter; left time: 34.0031s
	iters: 700, epoch: 2 | loss: 0.2859678
	speed: 0.0641s/iter; left time: 28.6527s
	iters: 800, epoch: 2 | loss: 0.4695159
	speed: 0.0627s/iter; left time: 21.7474s
	iters: 900, epoch: 2 | loss: 0.4287848
	speed: 0.0656s/iter; left time: 16.2032s
	iters: 1000, epoch: 2 | loss: 0.3620331
	speed: 0.0646s/iter; left time: 9.5003s
	iters: 1100, epoch: 2 | loss: 0.3618584
	speed: 0.0629s/iter; left time: 2.9573s
Epoch: 2 cost time: 73.93404936790466
Epoch: 2, Steps: 1146 | Train Loss: 0.4189055 Vali Loss: 0.5191018 Test Loss: 0.2620441
EarlyStopping counter: 1 out of 3
Updating learning rate to 5e-05
>>>>>>>testing : weather_96_96_Autoformer_custom_ftM_sl96_ll48_pl96_dm512_nh8_el2_dl1_df2048_fc3_ebtimeF_dtTrue_Exp_0<<<<<<<<<<<<<<<<<<<<<<<<<<<<<<<<<
test 10444
mse:0.26912808418273926, mae:0.3392653465270996
INFO: Trainable parameter count: 0.03M
INFO: Trainable parameter count: 0.03M
INFO: Trainable parameter count: 0.07M
INFO: Trainable parameter count: 0.07M
INFO: Trainable parameter count: 0.33M
INFO: Trainable parameter count: 0.33M
INFO: Trainable parameter count: 0.59M
INFO: Trainable parameter count: 0.59M
INFO: Trainable parameter count: 0.86M
INFO: Trainable parameter count: 0.86M
INFO: Trainable parameter count: 1.12M
INFO: Trainable parameter count: 1.12M
INFO: Trainable parameter count: 2.17M
INFO: Trainable parameter count: 3.22M
INFO: Trainable parameter count: 3.48M
INFO: Trainable parameter count: 3.48M
INFO: Trainable parameter count: 3.74M
INFO: Trainable parameter count: 3.74M
INFO: Trainable parameter count: 4.00M
INFO: Trainable parameter count: 4.00M
INFO: Trainable parameter count: 4.27M
INFO: Trainable parameter count: 4.27M
INFO: Trainable parameter count: 5.32M
INFO: Trainable parameter count: 6.36M
INFO: Trainable parameter count: 6.36M
INFO: Trainable parameter count: 6.37M
INFO: Trainable parameter count: 6.63M
INFO: Trainable parameter count: 6.63M
INFO: Trainable parameter count: 6.89M
INFO: Trainable parameter count: 6.89M
INFO: Trainable parameter count: 7.15M
INFO: Trainable parameter count: 7.15M
INFO: Trainable parameter count: 7.42M
INFO: Trainable parameter count: 7.42M
INFO: Trainable parameter count: 7.68M
INFO: Trainable parameter count: 7.68M
INFO: Trainable parameter count: 7.94M
INFO: Trainable parameter count: 7.94M
INFO: Trainable parameter count: 8.20M
INFO: Trainable parameter count: 8.20M
INFO: Trainable parameter count: 8.47M
INFO: Trainable parameter count: 8.47M
INFO: Trainable parameter count: 9.52M
INFO: Trainable parameter count: 10.56M
INFO: Trainable parameter count: 10.60M
INFO: Trainable parameter count: 10.60M
INFO: Trainable parameter count: 10.60M
INFO: Trainable parameter count: 10.61M
INFO: Trainable parameter count: 10.61M
