Args in experiment:
Namespace(is_training=1, model_id='traffic_96_720', model='Autoformer', data='custom', root_path='./dataset/', data_path='traffic.csv', features='M', target='OT', freq='h', checkpoints='./checkpoints/', seq_len=96, label_len=48, pred_len=720, individual=False, embed_type=0, enc_in=862, dec_in=862, c_out=862, d_model=512, n_heads=8, e_layers=2, d_layers=1, d_ff=2048, moving_avg=25, factor=3, distil=True, dropout=0.05, embed='timeF', activation='gelu', output_attention=False, do_predict=False, num_workers=10, itr=1, train_epochs=3, batch_size=32, patience=3, learning_rate=0.0001, des='Exp', loss='mse', lradj='type1', use_amp=False, use_gpu=True, gpu=8, use_multi_gpu=False, devices='0,1,2,3', test_flop=True)
Use GPU: cuda:8
>>>>>>>start training : traffic_96_720_Autoformer_custom_ftM_sl96_ll48_pl720_dm512_nh8_el2_dl1_df2048_fc3_ebtimeF_dtTrue_Exp_0>>>>>>>>>>>>>>>>>>>>>>>>>>
train 11465
val 1037
test 2789
	iters: 100, epoch: 1 | loss: 0.4639135
	speed: 0.3325s/iter; left time: 324.1859s
	iters: 200, epoch: 1 | loss: 0.3650061
	speed: 0.2690s/iter; left time: 235.3399s
	iters: 300, epoch: 1 | loss: 0.3333517
	speed: 0.2641s/iter; left time: 204.6977s
Epoch: 1 cost time: 102.00279903411865
Epoch: 1, Steps: 358 | Train Loss: 0.4337129 Vali Loss: 0.5187272 Test Loss: 0.6834823
Validation loss decreased (inf --> 0.518727).  Saving model ...
Updating learning rate to 0.0001
	iters: 100, epoch: 2 | loss: 0.2984899
	speed: 0.9067s/iter; left time: 559.4307s
	iters: 200, epoch: 2 | loss: 0.2962858
	speed: 0.2664s/iter; left time: 137.7450s
	iters: 300, epoch: 2 | loss: 0.2963926
	speed: 0.2658s/iter; left time: 110.8315s
Epoch: 2 cost time: 96.83120512962341
Epoch: 2, Steps: 358 | Train Loss: 0.2957165 Vali Loss: 0.5050372 Test Loss: 0.6697130
Validation loss decreased (0.518727 --> 0.505037).  Saving model ...
Updating learning rate to 5e-05
	iters: 100, epoch: 3 | loss: 0.2826158
	speed: 0.9001s/iter; left time: 233.1237s
	iters: 200, epoch: 3 | loss: 0.2720405
	speed: 0.2645s/iter; left time: 42.0513s
	iters: 300, epoch: 3 | loss: 0.2699602
	speed: 0.2648s/iter; left time: 15.6258s
Epoch: 3 cost time: 96.24583101272583
Epoch: 3, Steps: 358 | Train Loss: 0.2764309 Vali Loss: 0.4990947 Test Loss: 0.6956630
Validation loss decreased (0.505037 --> 0.499095).  Saving model ...
Updating learning rate to 2.5e-05
>>>>>>>testing : traffic_96_720_Autoformer_custom_ftM_sl96_ll48_pl720_dm512_nh8_el2_dl1_df2048_fc3_ebtimeF_dtTrue_Exp_0<<<<<<<<<<<<<<<<<<<<<<<<<<<<<<<<<
test 2789
mse:0.6956579685211182, mae:0.4300718903541565
INFO: Trainable parameter count: 1.32M
INFO: Trainable parameter count: 1.33M
INFO: Trainable parameter count: 2.65M
INFO: Trainable parameter count: 2.65M
INFO: Trainable parameter count: 2.91M
INFO: Trainable parameter count: 2.91M
INFO: Trainable parameter count: 3.18M
INFO: Trainable parameter count: 3.18M
INFO: Trainable parameter count: 3.44M
INFO: Trainable parameter count: 3.44M
INFO: Trainable parameter count: 3.70M
INFO: Trainable parameter count: 3.70M
INFO: Trainable parameter count: 4.75M
INFO: Trainable parameter count: 5.80M
INFO: Trainable parameter count: 6.06M
INFO: Trainable parameter count: 6.06M
INFO: Trainable parameter count: 6.32M
INFO: Trainable parameter count: 6.33M
INFO: Trainable parameter count: 6.59M
INFO: Trainable parameter count: 6.59M
INFO: Trainable parameter count: 6.85M
INFO: Trainable parameter count: 6.85M
INFO: Trainable parameter count: 7.90M
INFO: Trainable parameter count: 8.95M
INFO: Trainable parameter count: 8.95M
INFO: Trainable parameter count: 8.95M
INFO: Trainable parameter count: 9.21M
INFO: Trainable parameter count: 9.21M
INFO: Trainable parameter count: 9.47M
INFO: Trainable parameter count: 9.47M
INFO: Trainable parameter count: 9.74M
INFO: Trainable parameter count: 9.74M
INFO: Trainable parameter count: 10.00M
INFO: Trainable parameter count: 10.00M
INFO: Trainable parameter count: 10.26M
INFO: Trainable parameter count: 10.26M
INFO: Trainable parameter count: 10.52M
INFO: Trainable parameter count: 10.52M
INFO: Trainable parameter count: 10.79M
INFO: Trainable parameter count: 10.79M
INFO: Trainable parameter count: 11.05M
INFO: Trainable parameter count: 11.05M
INFO: Trainable parameter count: 12.10M
INFO: Trainable parameter count: 13.15M
INFO: Trainable parameter count: 14.47M
INFO: Trainable parameter count: 14.47M
INFO: Trainable parameter count: 14.47M
INFO: Trainable parameter count: 14.91M
INFO: Trainable parameter count: 14.91M
