Args in experiment:
Namespace(is_training=1, model_id='ili_36_36', model='Autoformer', data='custom', root_path='./dataset/', data_path='national_illness.csv', features='M', target='OT', freq='h', checkpoints='./checkpoints/', seq_len=36, label_len=18, pred_len=36, individual=False, embed_type=0, enc_in=7, dec_in=7, c_out=7, d_model=512, n_heads=8, e_layers=2, d_layers=1, d_ff=2048, moving_avg=25, factor=3, distil=True, dropout=0.05, embed='timeF', activation='gelu', output_attention=False, do_predict=False, num_workers=10, itr=1, train_epochs=10, batch_size=32, patience=3, learning_rate=0.0001, des='Exp', loss='mse', lradj='type1', use_amp=False, use_gpu=True, gpu=7, use_multi_gpu=False, devices='0,1,2,3', test_flop=True)
Use GPU: cuda:7
>>>>>>>start training : ili_36_36_Autoformer_custom_ftM_sl36_ll18_pl36_dm512_nh8_el2_dl1_df2048_fc3_ebtimeF_dtTrue_Exp_0>>>>>>>>>>>>>>>>>>>>>>>>>>
train 605
val 62
test 158
Epoch: 1 cost time: 6.957979202270508
Epoch: 1, Steps: 18 | Train Loss: 0.9835391 Vali Loss: 0.6179020 Test Loss: 3.5119927
Validation loss decreased (inf --> 0.617902).  Saving model ...
Updating learning rate to 0.0001
Epoch: 2 cost time: 2.77066707611084
Epoch: 2, Steps: 18 | Train Loss: 0.6685901 Vali Loss: 0.4444693 Test Loss: 3.0342884
Validation loss decreased (0.617902 --> 0.444469).  Saving model ...
Updating learning rate to 5e-05
Epoch: 3 cost time: 2.5555331707000732
Epoch: 3, Steps: 18 | Train Loss: 0.5759714 Vali Loss: 0.3703032 Test Loss: 2.8026962
Validation loss decreased (0.444469 --> 0.370303).  Saving model ...
Updating learning rate to 2.5e-05
Epoch: 4 cost time: 2.6182217597961426
Epoch: 4, Steps: 18 | Train Loss: 0.5518076 Vali Loss: 0.3474866 Test Loss: 2.8122334
Validation loss decreased (0.370303 --> 0.347487).  Saving model ...
Updating learning rate to 1.25e-05
Epoch: 5 cost time: 2.5048391819000244
Epoch: 5, Steps: 18 | Train Loss: 0.5386662 Vali Loss: 0.3519209 Test Loss: 2.7767253
EarlyStopping counter: 1 out of 3
Updating learning rate to 6.25e-06
Epoch: 6 cost time: 2.2107577323913574
Epoch: 6, Steps: 18 | Train Loss: 0.5127131 Vali Loss: 0.3363223 Test Loss: 2.7773883
Validation loss decreased (0.347487 --> 0.336322).  Saving model ...
Updating learning rate to 3.125e-06
Epoch: 7 cost time: 2.535554885864258
Epoch: 7, Steps: 18 | Train Loss: 0.5177877 Vali Loss: 0.3409917 Test Loss: 2.7788534
EarlyStopping counter: 1 out of 3
Updating learning rate to 1.5625e-06
Epoch: 8 cost time: 2.385687828063965
Epoch: 8, Steps: 18 | Train Loss: 0.5137124 Vali Loss: 0.3721244 Test Loss: 2.7842138
EarlyStopping counter: 2 out of 3
Updating learning rate to 7.8125e-07
Epoch: 9 cost time: 2.3383376598358154
Epoch: 9, Steps: 18 | Train Loss: 0.5027374 Vali Loss: 0.3392794 Test Loss: 2.7869220
EarlyStopping counter: 3 out of 3
Early stopping
>>>>>>>testing : ili_36_36_Autoformer_custom_ftM_sl36_ll18_pl36_dm512_nh8_el2_dl1_df2048_fc3_ebtimeF_dtTrue_Exp_0<<<<<<<<<<<<<<<<<<<<<<<<<<<<<<<<<
test 158
mse:2.777388334274292, mae:1.083579659461975
INFO: Trainable parameter count: 0.01M
INFO: Trainable parameter count: 0.01M
INFO: Trainable parameter count: 0.02M
INFO: Trainable parameter count: 0.03M
INFO: Trainable parameter count: 0.29M
INFO: Trainable parameter count: 0.29M
INFO: Trainable parameter count: 0.55M
INFO: Trainable parameter count: 0.55M
INFO: Trainable parameter count: 0.81M
INFO: Trainable parameter count: 0.81M
INFO: Trainable parameter count: 1.08M
INFO: Trainable parameter count: 1.08M
INFO: Trainable parameter count: 2.12M
INFO: Trainable parameter count: 3.17M
INFO: Trainable parameter count: 3.44M
INFO: Trainable parameter count: 3.44M
INFO: Trainable parameter count: 3.70M
INFO: Trainable parameter count: 3.70M
INFO: Trainable parameter count: 3.96M
INFO: Trainable parameter count: 3.96M
INFO: Trainable parameter count: 4.22M
INFO: Trainable parameter count: 4.22M
INFO: Trainable parameter count: 5.27M
INFO: Trainable parameter count: 6.32M
INFO: Trainable parameter count: 6.32M
INFO: Trainable parameter count: 6.32M
INFO: Trainable parameter count: 6.58M
INFO: Trainable parameter count: 6.58M
INFO: Trainable parameter count: 6.85M
INFO: Trainable parameter count: 6.85M
INFO: Trainable parameter count: 7.11M
INFO: Trainable parameter count: 7.11M
INFO: Trainable parameter count: 7.37M
INFO: Trainable parameter count: 7.37M
INFO: Trainable parameter count: 7.63M
INFO: Trainable parameter count: 7.64M
INFO: Trainable parameter count: 7.90M
INFO: Trainable parameter count: 7.90M
INFO: Trainable parameter count: 8.16M
INFO: Trainable parameter count: 8.16M
INFO: Trainable parameter count: 8.42M
INFO: Trainable parameter count: 8.42M
INFO: Trainable parameter count: 9.47M
INFO: Trainable parameter count: 10.52M
INFO: Trainable parameter count: 10.53M
INFO: Trainable parameter count: 10.53M
INFO: Trainable parameter count: 10.53M
INFO: Trainable parameter count: 10.54M
INFO: Trainable parameter count: 10.54M
