Args in experiment:
Namespace(is_training=1, model_id='ili_36_48', model='Autoformer', data='custom', root_path='./dataset/', data_path='national_illness.csv', features='M', target='OT', freq='h', checkpoints='./checkpoints/', seq_len=36, label_len=18, pred_len=48, individual=False, embed_type=0, enc_in=7, dec_in=7, c_out=7, d_model=512, n_heads=8, e_layers=2, d_layers=1, d_ff=2048, moving_avg=25, factor=3, distil=True, dropout=0.05, embed='timeF', activation='gelu', output_attention=False, do_predict=False, num_workers=10, itr=1, train_epochs=10, batch_size=32, patience=3, learning_rate=0.0001, des='Exp', loss='mse', lradj='type1', use_amp=False, use_gpu=True, gpu=7, use_multi_gpu=False, devices='0,1,2,3', test_flop=True)
Use GPU: cuda:7
>>>>>>>start training : ili_36_48_Autoformer_custom_ftM_sl36_ll18_pl48_dm512_nh8_el2_dl1_df2048_fc3_ebtimeF_dtTrue_Exp_0>>>>>>>>>>>>>>>>>>>>>>>>>>
train 593
val 50
test 146
Epoch: 1 cost time: 7.0050787925720215
Epoch: 1, Steps: 18 | Train Loss: 0.9615351 Vali Loss: 0.5655286 Test Loss: 3.5177207
Validation loss decreased (inf --> 0.565529).  Saving model ...
Updating learning rate to 0.0001
Epoch: 2 cost time: 2.442356824874878
Epoch: 2, Steps: 18 | Train Loss: 0.7160013 Vali Loss: 0.4653645 Test Loss: 3.3125179
Validation loss decreased (0.565529 --> 0.465365).  Saving model ...
Updating learning rate to 5e-05
Epoch: 3 cost time: 2.509568691253662
Epoch: 3, Steps: 18 | Train Loss: 0.6315078 Vali Loss: 0.4178961 Test Loss: 3.0803845
Validation loss decreased (0.465365 --> 0.417896).  Saving model ...
Updating learning rate to 2.5e-05
Epoch: 4 cost time: 2.3609602451324463
Epoch: 4, Steps: 18 | Train Loss: 0.6050458 Vali Loss: 0.4210542 Test Loss: 3.1047394
EarlyStopping counter: 1 out of 3
Updating learning rate to 1.25e-05
Epoch: 5 cost time: 2.4026215076446533
Epoch: 5, Steps: 18 | Train Loss: 0.5859508 Vali Loss: 0.3881349 Test Loss: 3.0839381
Validation loss decreased (0.417896 --> 0.388135).  Saving model ...
Updating learning rate to 6.25e-06
Epoch: 6 cost time: 2.4597790241241455
Epoch: 6, Steps: 18 | Train Loss: 0.5721470 Vali Loss: 0.3879856 Test Loss: 3.0717864
Validation loss decreased (0.388135 --> 0.387986).  Saving model ...
Updating learning rate to 3.125e-06
Epoch: 7 cost time: 2.380183458328247
Epoch: 7, Steps: 18 | Train Loss: 0.5734388 Vali Loss: 0.4152610 Test Loss: 3.0652952
EarlyStopping counter: 1 out of 3
Updating learning rate to 1.5625e-06
Epoch: 8 cost time: 2.501842975616455
Epoch: 8, Steps: 18 | Train Loss: 0.5702826 Vali Loss: 0.3913053 Test Loss: 3.0669928
EarlyStopping counter: 2 out of 3
Updating learning rate to 7.8125e-07
Epoch: 9 cost time: 2.86209774017334
Epoch: 9, Steps: 18 | Train Loss: 0.5643799 Vali Loss: 0.3729433 Test Loss: 3.0663369
Validation loss decreased (0.387986 --> 0.372943).  Saving model ...
Updating learning rate to 3.90625e-07
Epoch: 10 cost time: 2.8095364570617676
Epoch: 10, Steps: 18 | Train Loss: 0.5756320 Vali Loss: 0.4052762 Test Loss: 3.0659494
EarlyStopping counter: 1 out of 3
Updating learning rate to 1.953125e-07
>>>>>>>testing : ili_36_48_Autoformer_custom_ftM_sl36_ll18_pl48_dm512_nh8_el2_dl1_df2048_fc3_ebtimeF_dtTrue_Exp_0<<<<<<<<<<<<<<<<<<<<<<<<<<<<<<<<<
test 146
mse:3.0663363933563232, mae:1.1911967992782593
INFO: Trainable parameter count: 0.01M
INFO: Trainable parameter count: 0.01M
INFO: Trainable parameter count: 0.02M
INFO: Trainable parameter count: 0.03M
INFO: Trainable parameter count: 0.29M
INFO: Trainable parameter count: 0.29M
INFO: Trainable parameter count: 0.55M
INFO: Trainable parameter count: 0.55M
INFO: Trainable parameter count: 0.81M
INFO: Trainable parameter count: 0.81M
INFO: Trainable parameter count: 1.08M
INFO: Trainable parameter count: 1.08M
INFO: Trainable parameter count: 2.12M
INFO: Trainable parameter count: 3.17M
INFO: Trainable parameter count: 3.44M
INFO: Trainable parameter count: 3.44M
INFO: Trainable parameter count: 3.70M
INFO: Trainable parameter count: 3.70M
INFO: Trainable parameter count: 3.96M
INFO: Trainable parameter count: 3.96M
INFO: Trainable parameter count: 4.22M
INFO: Trainable parameter count: 4.22M
INFO: Trainable parameter count: 5.27M
INFO: Trainable parameter count: 6.32M
INFO: Trainable parameter count: 6.32M
INFO: Trainable parameter count: 6.32M
INFO: Trainable parameter count: 6.58M
INFO: Trainable parameter count: 6.58M
INFO: Trainable parameter count: 6.85M
INFO: Trainable parameter count: 6.85M
INFO: Trainable parameter count: 7.11M
INFO: Trainable parameter count: 7.11M
INFO: Trainable parameter count: 7.37M
INFO: Trainable parameter count: 7.37M
INFO: Trainable parameter count: 7.63M
INFO: Trainable parameter count: 7.64M
INFO: Trainable parameter count: 7.90M
INFO: Trainable parameter count: 7.90M
INFO: Trainable parameter count: 8.16M
INFO: Trainable parameter count: 8.16M
INFO: Trainable parameter count: 8.42M
INFO: Trainable parameter count: 8.42M
INFO: Trainable parameter count: 9.47M
INFO: Trainable parameter count: 10.52M
INFO: Trainable parameter count: 10.53M
INFO: Trainable parameter count: 10.53M
INFO: Trainable parameter count: 10.53M
INFO: Trainable parameter count: 10.54M
INFO: Trainable parameter count: 10.54M
