Args in experiment:
Namespace(is_training=1, model_id='weather_96_720', model='Autoformer', data='custom', root_path='./dataset/', data_path='weather.csv', features='M', target='OT', freq='h', checkpoints='./checkpoints/', seq_len=96, label_len=48, pred_len=720, individual=False, embed_type=0, enc_in=21, dec_in=21, c_out=21, d_model=512, n_heads=8, e_layers=2, d_layers=1, d_ff=2048, moving_avg=25, factor=3, distil=True, dropout=0.05, embed='timeF', activation='gelu', output_attention=False, do_predict=False, num_workers=10, itr=1, train_epochs=2, batch_size=32, patience=3, learning_rate=0.0001, des='Exp', loss='mse', lradj='type1', use_amp=False, use_gpu=True, gpu=9, use_multi_gpu=False, devices='0,1,2,3', test_flop=True)
Use GPU: cuda:9
>>>>>>>start training : weather_96_720_Autoformer_custom_ftM_sl96_ll48_pl720_dm512_nh8_el2_dl1_df2048_fc3_ebtimeF_dtTrue_Exp_0>>>>>>>>>>>>>>>>>>>>>>>>>>
train 36072
val 4551
test 9820
	iters: 100, epoch: 1 | loss: 0.8076158
	speed: 0.2392s/iter; left time: 515.3764s
	iters: 200, epoch: 1 | loss: 0.7520877
	speed: 0.1704s/iter; left time: 350.1993s
	iters: 300, epoch: 1 | loss: 0.5377735
	speed: 0.1696s/iter; left time: 331.5401s
	iters: 400, epoch: 1 | loss: 0.6604368
	speed: 0.1705s/iter; left time: 316.2389s
	iters: 500, epoch: 1 | loss: 1.0879573
	speed: 0.1705s/iter; left time: 299.2525s
	iters: 600, epoch: 1 | loss: 0.7159857
	speed: 0.1709s/iter; left time: 282.7903s
	iters: 700, epoch: 1 | loss: 0.5707791
	speed: 0.1726s/iter; left time: 268.3222s
	iters: 800, epoch: 1 | loss: 0.8087431
	speed: 0.1707s/iter; left time: 248.3474s
	iters: 900, epoch: 1 | loss: 0.6492491
	speed: 0.1726s/iter; left time: 233.8416s
	iters: 1000, epoch: 1 | loss: 0.6649809
	speed: 0.1719s/iter; left time: 215.7859s
	iters: 1100, epoch: 1 | loss: 0.7597632
	speed: 0.1737s/iter; left time: 200.6711s
Epoch: 1 cost time: 200.0837733745575
Epoch: 1, Steps: 1127 | Train Loss: 0.7439173 Vali Loss: 0.8526282 Test Loss: 0.4603093
Validation loss decreased (inf --> 0.852628).  Saving model ...
Updating learning rate to 0.0001
	iters: 100, epoch: 2 | loss: 0.6578752
	speed: 0.8744s/iter; left time: 898.9028s
	iters: 200, epoch: 2 | loss: 0.8850098
	speed: 0.1713s/iter; left time: 159.0084s
	iters: 300, epoch: 2 | loss: 0.6470326
	speed: 0.1712s/iter; left time: 141.7181s
	iters: 400, epoch: 2 | loss: 0.6594426
	speed: 0.1707s/iter; left time: 124.3006s
	iters: 500, epoch: 2 | loss: 0.7705752
	speed: 0.1704s/iter; left time: 107.0075s
	iters: 600, epoch: 2 | loss: 0.7533238
	speed: 0.1728s/iter; left time: 91.2486s
	iters: 700, epoch: 2 | loss: 0.5408871
	speed: 0.1709s/iter; left time: 73.1520s
	iters: 800, epoch: 2 | loss: 0.6295990
	speed: 0.1713s/iter; left time: 56.1956s
	iters: 900, epoch: 2 | loss: 0.7692680
	speed: 0.1709s/iter; left time: 38.9681s
	iters: 1000, epoch: 2 | loss: 0.6424878
	speed: 0.1701s/iter; left time: 21.7665s
	iters: 1100, epoch: 2 | loss: 0.5662147
	speed: 0.1698s/iter; left time: 4.7534s
Epoch: 2 cost time: 194.3131206035614
Epoch: 2, Steps: 1127 | Train Loss: 0.7133108 Vali Loss: 0.7982665 Test Loss: 0.4150473
Validation loss decreased (0.852628 --> 0.798267).  Saving model ...
Updating learning rate to 5e-05
>>>>>>>testing : weather_96_720_Autoformer_custom_ftM_sl96_ll48_pl720_dm512_nh8_el2_dl1_df2048_fc3_ebtimeF_dtTrue_Exp_0<<<<<<<<<<<<<<<<<<<<<<<<<<<<<<<<<
test 9820
mse:0.4150474965572357, mae:0.42830753326416016
INFO: Trainable parameter count: 0.03M
INFO: Trainable parameter count: 0.03M
INFO: Trainable parameter count: 0.07M
INFO: Trainable parameter count: 0.07M
INFO: Trainable parameter count: 0.33M
INFO: Trainable parameter count: 0.33M
INFO: Trainable parameter count: 0.59M
INFO: Trainable parameter count: 0.59M
INFO: Trainable parameter count: 0.86M
INFO: Trainable parameter count: 0.86M
INFO: Trainable parameter count: 1.12M
INFO: Trainable parameter count: 1.12M
INFO: Trainable parameter count: 2.17M
INFO: Trainable parameter count: 3.22M
INFO: Trainable parameter count: 3.48M
INFO: Trainable parameter count: 3.48M
INFO: Trainable parameter count: 3.74M
INFO: Trainable parameter count: 3.74M
INFO: Trainable parameter count: 4.00M
INFO: Trainable parameter count: 4.00M
INFO: Trainable parameter count: 4.27M
INFO: Trainable parameter count: 4.27M
INFO: Trainable parameter count: 5.32M
INFO: Trainable parameter count: 6.36M
INFO: Trainable parameter count: 6.36M
INFO: Trainable parameter count: 6.37M
INFO: Trainable parameter count: 6.63M
INFO: Trainable parameter count: 6.63M
INFO: Trainable parameter count: 6.89M
INFO: Trainable parameter count: 6.89M
INFO: Trainable parameter count: 7.15M
INFO: Trainable parameter count: 7.15M
INFO: Trainable parameter count: 7.42M
INFO: Trainable parameter count: 7.42M
INFO: Trainable parameter count: 7.68M
INFO: Trainable parameter count: 7.68M
INFO: Trainable parameter count: 7.94M
INFO: Trainable parameter count: 7.94M
INFO: Trainable parameter count: 8.20M
INFO: Trainable parameter count: 8.20M
INFO: Trainable parameter count: 8.47M
INFO: Trainable parameter count: 8.47M
INFO: Trainable parameter count: 9.52M
INFO: Trainable parameter count: 10.56M
INFO: Trainable parameter count: 10.60M
INFO: Trainable parameter count: 10.60M
INFO: Trainable parameter count: 10.60M
INFO: Trainable parameter count: 10.61M
INFO: Trainable parameter count: 10.61M
