Args in experiment:
Namespace(is_training=1, model_id='traffic_96_96', model='Autoformer', data='custom', root_path='./dataset/', data_path='traffic.csv', features='M', target='OT', freq='h', checkpoints='./checkpoints/', seq_len=96, label_len=48, pred_len=96, individual=False, embed_type=0, enc_in=862, dec_in=862, c_out=862, d_model=512, n_heads=8, e_layers=2, d_layers=1, d_ff=2048, moving_avg=25, factor=3, distil=True, dropout=0.05, embed='timeF', activation='gelu', output_attention=False, do_predict=False, num_workers=10, itr=1, train_epochs=3, batch_size=32, patience=3, learning_rate=0.0001, des='Exp', loss='mse', lradj='type1', use_amp=False, use_gpu=True, gpu=8, use_multi_gpu=False, devices='0,1,2,3', test_flop=True)
Use GPU: cuda:8
>>>>>>>start training : traffic_96_96_Autoformer_custom_ftM_sl96_ll48_pl96_dm512_nh8_el2_dl1_df2048_fc3_ebtimeF_dtTrue_Exp_0>>>>>>>>>>>>>>>>>>>>>>>>>>
train 12089
val 1661
test 3413
	iters: 100, epoch: 1 | loss: 0.3896396
	speed: 0.1485s/iter; left time: 153.3028s
	iters: 200, epoch: 1 | loss: 0.3340639
	speed: 0.0871s/iter; left time: 81.1869s
	iters: 300, epoch: 1 | loss: 0.2954872
	speed: 0.0832s/iter; left time: 69.1870s
Epoch: 1 cost time: 38.29633927345276
Epoch: 1, Steps: 377 | Train Loss: 0.3819647 Vali Loss: 0.4931909 Test Loss: 0.6296418
Validation loss decreased (inf --> 0.493191).  Saving model ...
Updating learning rate to 0.0001
	iters: 100, epoch: 2 | loss: 0.2644827
	speed: 0.3167s/iter; left time: 207.4477s
	iters: 200, epoch: 2 | loss: 0.2516969
	speed: 0.0867s/iter; left time: 48.1050s
	iters: 300, epoch: 2 | loss: 0.2301167
	speed: 0.0875s/iter; left time: 39.8098s
Epoch: 2 cost time: 34.00398802757263
Epoch: 2, Steps: 377 | Train Loss: 0.2553349 Vali Loss: 0.5075580 Test Loss: 0.6969043
EarlyStopping counter: 1 out of 3
Updating learning rate to 5e-05
	iters: 100, epoch: 3 | loss: 0.2256978
	speed: 0.3169s/iter; left time: 88.1070s
	iters: 200, epoch: 3 | loss: 0.2115475
	speed: 0.0834s/iter; left time: 14.8471s
	iters: 300, epoch: 3 | loss: 0.2308025
	speed: 0.0871s/iter; left time: 6.7916s
Epoch: 3 cost time: 33.92224478721619
Epoch: 3, Steps: 377 | Train Loss: 0.2304858 Vali Loss: 0.4689816 Test Loss: 0.6281547
Validation loss decreased (0.493191 --> 0.468982).  Saving model ...
Updating learning rate to 2.5e-05
>>>>>>>testing : traffic_96_96_Autoformer_custom_ftM_sl96_ll48_pl96_dm512_nh8_el2_dl1_df2048_fc3_ebtimeF_dtTrue_Exp_0<<<<<<<<<<<<<<<<<<<<<<<<<<<<<<<<<
test 3413
mse:0.6281571984291077, mae:0.3958333134651184
INFO: Trainable parameter count: 1.32M
INFO: Trainable parameter count: 1.33M
INFO: Trainable parameter count: 2.65M
INFO: Trainable parameter count: 2.65M
INFO: Trainable parameter count: 2.91M
INFO: Trainable parameter count: 2.91M
INFO: Trainable parameter count: 3.18M
INFO: Trainable parameter count: 3.18M
INFO: Trainable parameter count: 3.44M
INFO: Trainable parameter count: 3.44M
INFO: Trainable parameter count: 3.70M
INFO: Trainable parameter count: 3.70M
INFO: Trainable parameter count: 4.75M
INFO: Trainable parameter count: 5.80M
INFO: Trainable parameter count: 6.06M
INFO: Trainable parameter count: 6.06M
INFO: Trainable parameter count: 6.32M
INFO: Trainable parameter count: 6.33M
INFO: Trainable parameter count: 6.59M
INFO: Trainable parameter count: 6.59M
INFO: Trainable parameter count: 6.85M
INFO: Trainable parameter count: 6.85M
INFO: Trainable parameter count: 7.90M
INFO: Trainable parameter count: 8.95M
INFO: Trainable parameter count: 8.95M
INFO: Trainable parameter count: 8.95M
INFO: Trainable parameter count: 9.21M
INFO: Trainable parameter count: 9.21M
INFO: Trainable parameter count: 9.47M
INFO: Trainable parameter count: 9.47M
INFO: Trainable parameter count: 9.74M
INFO: Trainable parameter count: 9.74M
INFO: Trainable parameter count: 10.00M
INFO: Trainable parameter count: 10.00M
INFO: Trainable parameter count: 10.26M
INFO: Trainable parameter count: 10.26M
INFO: Trainable parameter count: 10.52M
INFO: Trainable parameter count: 10.52M
INFO: Trainable parameter count: 10.79M
INFO: Trainable parameter count: 10.79M
INFO: Trainable parameter count: 11.05M
INFO: Trainable parameter count: 11.05M
INFO: Trainable parameter count: 12.10M
INFO: Trainable parameter count: 13.15M
INFO: Trainable parameter count: 14.47M
INFO: Trainable parameter count: 14.47M
INFO: Trainable parameter count: 14.47M
INFO: Trainable parameter count: 14.91M
INFO: Trainable parameter count: 14.91M
