Args in experiment:
Namespace(is_training=1, model_id='ili_104_36', model='DLinear', data='custom', root_path='./dataset/', data_path='national_illness.csv', features='M', target='OT', freq='h', checkpoints='./checkpoints/', seq_len=104, label_len=48, pred_len=36, individual=False, embed_type=0, enc_in=8, dec_in=7, c_out=7, d_model=512, n_heads=8, e_layers=2, d_layers=1, d_ff=2048, moving_avg=25, factor=1, distil=True, dropout=0.05, embed='timeF', activation='gelu', output_attention=False, do_predict=False, num_workers=10, itr=1, train_epochs=10, batch_size=8, patience=3, learning_rate=0.0005, des='Exp', loss='mse', lradj='type1', use_amp=False, use_gpu=True, gpu=5, use_multi_gpu=False, devices='0,1,2,3', test_flop=True)
Use GPU: cuda:5
>>>>>>>start training : ili_104_36_DLinear_custom_ftM_sl104_ll48_pl36_dm512_nh8_el2_dl1_df2048_fc1_ebtimeF_dtTrue_Exp_0>>>>>>>>>>>>>>>>>>>>>>>>>>
train 537
val 62
test 158
Epoch: 1 cost time: 3.4643874168395996
Epoch: 1, Steps: 67 | Train Loss: 0.8607694 Vali Loss: 0.3642694 Test Loss: 3.2175558
Validation loss decreased (inf --> 0.364269).  Saving model ...
Updating learning rate to 0.0005
Epoch: 2 cost time: 1.394655466079712
Epoch: 2, Steps: 67 | Train Loss: 0.6008207 Vali Loss: 0.2850890 Test Loss: 2.6890442
Validation loss decreased (0.364269 --> 0.285089).  Saving model ...
Updating learning rate to 0.00025
Epoch: 3 cost time: 1.2701613903045654
Epoch: 3, Steps: 67 | Train Loss: 0.5498919 Vali Loss: 0.2858209 Test Loss: 2.6183805
EarlyStopping counter: 1 out of 3
Updating learning rate to 0.000125
Epoch: 4 cost time: 1.4209635257720947
Epoch: 4, Steps: 67 | Train Loss: 0.5274615 Vali Loss: 0.2709274 Test Loss: 2.5527618
Validation loss decreased (0.285089 --> 0.270927).  Saving model ...
Updating learning rate to 6.25e-05
Epoch: 5 cost time: 1.543827772140503
Epoch: 5, Steps: 67 | Train Loss: 0.5207623 Vali Loss: 0.2835116 Test Loss: 2.5314748
EarlyStopping counter: 1 out of 3
Updating learning rate to 3.125e-05
Epoch: 6 cost time: 1.3910224437713623
Epoch: 6, Steps: 67 | Train Loss: 0.5221275 Vali Loss: 0.2707982 Test Loss: 2.5176539
Validation loss decreased (0.270927 --> 0.270798).  Saving model ...
Updating learning rate to 1.5625e-05
Epoch: 7 cost time: 1.4095184803009033
Epoch: 7, Steps: 67 | Train Loss: 0.5214199 Vali Loss: 0.2855355 Test Loss: 2.5119917
EarlyStopping counter: 1 out of 3
Updating learning rate to 7.8125e-06
Epoch: 8 cost time: 1.446223258972168
Epoch: 8, Steps: 67 | Train Loss: 0.5205224 Vali Loss: 0.2712478 Test Loss: 2.5080025
EarlyStopping counter: 2 out of 3
Updating learning rate to 3.90625e-06
Epoch: 9 cost time: 1.4231901168823242
Epoch: 9, Steps: 67 | Train Loss: 0.5201854 Vali Loss: 0.2743654 Test Loss: 2.5074673
EarlyStopping counter: 3 out of 3
Early stopping
>>>>>>>testing : ili_104_36_DLinear_custom_ftM_sl104_ll48_pl36_dm512_nh8_el2_dl1_df2048_fc1_ebtimeF_dtTrue_Exp_0<<<<<<<<<<<<<<<<<<<<<<<<<<<<<<<<<
test 158
mse:2.5176539421081543, mae:1.137208104133606
INFO: Trainable parameter count: 0.00M
INFO: Trainable parameter count: 0.00M
INFO: Trainable parameter count: 0.01M
INFO: Trainable parameter count: 0.01M
Model(
  7.56 k, 100.000% Params, 53.38 KMac, 100.000% MACs, 
  (decompsition): series_decomp(
    0, 0.000% Params, 896.0 Mac, 1.678% MACs, 
    (moving_avg): moving_avg(
      0, 0.000% Params, 896.0 Mac, 1.678% MACs, 
      (avg): AvgPool1d(0, 0.000% Params, 896.0 Mac, 1.678% MACs, kernel_size=(25,), stride=(1,), padding=(0,))
    )
  )
  (Linear_Seasonal): Linear(3.78 k, 50.000% Params, 26.24 KMac, 49.161% MACs, in_features=104, out_features=36, bias=True)
  (Linear_Trend): Linear(3.78 k, 50.000% Params, 26.24 KMac, 49.161% MACs, in_features=104, out_features=36, bias=True)
)
Computational complexity:       53.38 KMac
Number of parameters:           7.56 k  
