Args in experiment:
Namespace(is_training=1, model_id='ETTh2_96_336', model='DLinear', data='ETTh2', root_path='./dataset/', data_path='ETTh2.csv', features='M', target='OT', freq='h', checkpoints='./checkpoints/', seq_len=96, label_len=48, pred_len=336, individual=False, embed_type=0, enc_in=7, dec_in=7, c_out=7, d_model=512, n_heads=8, e_layers=2, d_layers=1, d_ff=2048, moving_avg=25, factor=1, distil=True, dropout=0.05, embed='timeF', activation='gelu', output_attention=False, do_predict=False, num_workers=10, itr=1, train_epochs=10, batch_size=32, patience=3, learning_rate=0.05, des='Exp', loss='mse', lradj='type1', use_amp=False, use_gpu=True, gpu=3, use_multi_gpu=False, devices='0,1,2,3', test_flop=True)
Use GPU: cuda:3
>>>>>>>start training : ETTh2_96_336_DLinear_ETTh2_ftM_sl96_ll48_pl336_dm512_nh8_el2_dl1_df2048_fc1_ebtimeF_dtTrue_Exp_0>>>>>>>>>>>>>>>>>>>>>>>>>>
train 8209
val 2545
test 2545
Epoch: 1 cost time: 4.034972429275513
Epoch: 1, Steps: 256 | Train Loss: 0.9105937 Vali Loss: 0.5769086 Test Loss: 0.8144821
Validation loss decreased (inf --> 0.576909).  Saving model ...
Updating learning rate to 0.05
Epoch: 2 cost time: 2.2938084602355957
Epoch: 2, Steps: 256 | Train Loss: 0.7952169 Vali Loss: 0.5973939 Test Loss: 0.9070774
EarlyStopping counter: 1 out of 3
Updating learning rate to 0.025
Epoch: 3 cost time: 2.097113847732544
Epoch: 3, Steps: 256 | Train Loss: 0.6755228 Vali Loss: 0.4523035 Test Loss: 0.5812799
Validation loss decreased (0.576909 --> 0.452304).  Saving model ...
Updating learning rate to 0.0125
Epoch: 4 cost time: 2.2292490005493164
Epoch: 4, Steps: 256 | Train Loss: 0.6259438 Vali Loss: 0.4862128 Test Loss: 0.7225806
EarlyStopping counter: 1 out of 3
Updating learning rate to 0.00625
Epoch: 5 cost time: 2.3367319107055664
Epoch: 5, Steps: 256 | Train Loss: 0.6021429 Vali Loss: 0.3813176 Test Loss: 0.4545273
Validation loss decreased (0.452304 --> 0.381318).  Saving model ...
Updating learning rate to 0.003125
Epoch: 6 cost time: 2.1737539768218994
Epoch: 6, Steps: 256 | Train Loss: 0.5915020 Vali Loss: 0.3997308 Test Loss: 0.5015746
EarlyStopping counter: 1 out of 3
Updating learning rate to 0.0015625
Epoch: 7 cost time: 2.2434751987457275
Epoch: 7, Steps: 256 | Train Loss: 0.5858317 Vali Loss: 0.4319568 Test Loss: 0.5927138
EarlyStopping counter: 2 out of 3
Updating learning rate to 0.00078125
Epoch: 8 cost time: 2.122051239013672
Epoch: 8, Steps: 256 | Train Loss: 0.5804721 Vali Loss: 0.4414502 Test Loss: 0.6225289
EarlyStopping counter: 3 out of 3
Early stopping
>>>>>>>testing : ETTh2_96_336_DLinear_ETTh2_ftM_sl96_ll48_pl336_dm512_nh8_el2_dl1_df2048_fc1_ebtimeF_dtTrue_Exp_0<<<<<<<<<<<<<<<<<<<<<<<<<<<<<<<<<
test 2545
mse:0.4545273184776306, mae:0.4597371816635132
INFO: Trainable parameter count: 0.03M
INFO: Trainable parameter count: 0.03M
INFO: Trainable parameter count: 0.06M
INFO: Trainable parameter count: 0.07M
Model(
  65.18 k, 100.000% Params, 453.1 KMac, 100.000% MACs, 
  (decompsition): series_decomp(
    0, 0.000% Params, 840.0 Mac, 0.185% MACs, 
    (moving_avg): moving_avg(
      0, 0.000% Params, 840.0 Mac, 0.185% MACs, 
      (avg): AvgPool1d(0, 0.000% Params, 840.0 Mac, 0.185% MACs, kernel_size=(25,), stride=(1,), padding=(0,))
    )
  )
  (Linear_Seasonal): Linear(32.59 k, 50.000% Params, 226.13 KMac, 49.907% MACs, in_features=96, out_features=336, bias=True)
  (Linear_Trend): Linear(32.59 k, 50.000% Params, 226.13 KMac, 49.907% MACs, in_features=96, out_features=336, bias=True)
)
Computational complexity:       453.1 KMac
Number of parameters:           65.18 k 
