Args in experiment:
Namespace(is_training=1, model_id='Exchange_96_192', model='DLinear', data='custom', root_path='./dataset/', data_path='exchange_rate.csv', features='M', target='OT', freq='h', checkpoints='./checkpoints/', seq_len=96, label_len=48, pred_len=192, individual=False, embed_type=0, enc_in=8, dec_in=7, c_out=7, d_model=512, n_heads=8, e_layers=2, d_layers=1, d_ff=2048, moving_avg=25, factor=1, distil=True, dropout=0.05, embed='timeF', activation='gelu', output_attention=False, do_predict=False, num_workers=10, itr=1, train_epochs=10, batch_size=8, patience=3, learning_rate=0.0005, des='Exp', loss='mse', lradj='type1', use_amp=False, use_gpu=True, gpu=0, use_multi_gpu=False, devices='0,1,2,3', test_flop=True)
Use GPU: cuda:0
>>>>>>>start training : Exchange_96_192_DLinear_custom_ftM_sl96_ll48_pl192_dm512_nh8_el2_dl1_df2048_fc1_ebtimeF_dtTrue_Exp_0>>>>>>>>>>>>>>>>>>>>>>>>>>
train 5024
val 569
test 1326
	iters: 100, epoch: 1 | loss: 0.2534707
	speed: 0.0351s/iter; left time: 216.9910s
	iters: 200, epoch: 1 | loss: 0.2898929
	speed: 0.0050s/iter; left time: 30.4843s
	iters: 300, epoch: 1 | loss: 0.2326367
	speed: 0.0044s/iter; left time: 26.3009s
	iters: 400, epoch: 1 | loss: 0.3133962
	speed: 0.0045s/iter; left time: 26.2030s
	iters: 500, epoch: 1 | loss: 0.2030370
	speed: 0.0046s/iter; left time: 26.8693s
	iters: 600, epoch: 1 | loss: 0.1678952
	speed: 0.0046s/iter; left time: 26.1128s
Epoch: 1 cost time: 6.033930063247681
Epoch: 1, Steps: 628 | Train Loss: 0.2792436 Vali Loss: 0.4592135 Test Loss: 0.1858538
Validation loss decreased (inf --> 0.459214).  Saving model ...
Updating learning rate to 0.0005
	iters: 100, epoch: 2 | loss: 0.1661550
	speed: 0.0599s/iter; left time: 332.8081s
	iters: 200, epoch: 2 | loss: 0.2211947
	speed: 0.0047s/iter; left time: 25.8867s
	iters: 300, epoch: 2 | loss: 0.3553668
	speed: 0.0047s/iter; left time: 25.2978s
	iters: 400, epoch: 2 | loss: 0.1451988
	speed: 0.0051s/iter; left time: 26.9997s
	iters: 500, epoch: 2 | loss: 0.3419123
	speed: 0.0042s/iter; left time: 21.6794s
	iters: 600, epoch: 2 | loss: 0.1852686
	speed: 0.0045s/iter; left time: 22.5087s
Epoch: 2 cost time: 4.441709280014038
Epoch: 2, Steps: 628 | Train Loss: 0.2358613 Vali Loss: 0.3443740 Test Loss: 0.1557003
Validation loss decreased (0.459214 --> 0.344374).  Saving model ...
Updating learning rate to 0.00025
	iters: 100, epoch: 3 | loss: 0.2280991
	speed: 0.0600s/iter; left time: 295.4648s
	iters: 200, epoch: 3 | loss: 0.2316617
	speed: 0.0041s/iter; left time: 19.9289s
	iters: 300, epoch: 3 | loss: 0.1862482
	speed: 0.0040s/iter; left time: 18.9867s
	iters: 400, epoch: 3 | loss: 0.1990781
	speed: 0.0045s/iter; left time: 20.8168s
	iters: 500, epoch: 3 | loss: 0.1495266
	speed: 0.0044s/iter; left time: 19.7054s
	iters: 600, epoch: 3 | loss: 0.1996514
	speed: 0.0039s/iter; left time: 17.3908s
Epoch: 3 cost time: 4.374090671539307
Epoch: 3, Steps: 628 | Train Loss: 0.2311141 Vali Loss: 0.4248182 Test Loss: 0.1756842
EarlyStopping counter: 1 out of 3
Updating learning rate to 0.000125
	iters: 100, epoch: 4 | loss: 0.4536104
	speed: 0.0576s/iter; left time: 247.6212s
	iters: 200, epoch: 4 | loss: 0.2763432
	speed: 0.0046s/iter; left time: 19.4879s
	iters: 300, epoch: 4 | loss: 0.1969936
	speed: 0.0049s/iter; left time: 20.1172s
	iters: 400, epoch: 4 | loss: 0.2144891
	speed: 0.0045s/iter; left time: 17.9423s
	iters: 500, epoch: 4 | loss: 0.2568464
	speed: 0.0046s/iter; left time: 17.9753s
	iters: 600, epoch: 4 | loss: 0.2787893
	speed: 0.0045s/iter; left time: 17.2337s
Epoch: 4 cost time: 4.385328531265259
Epoch: 4, Steps: 628 | Train Loss: 0.2296502 Vali Loss: 0.3660105 Test Loss: 0.1602843
EarlyStopping counter: 2 out of 3
Updating learning rate to 6.25e-05
	iters: 100, epoch: 5 | loss: 0.1660770
	speed: 0.0591s/iter; left time: 216.9704s
	iters: 200, epoch: 5 | loss: 0.1693951
	speed: 0.0051s/iter; left time: 18.1226s
	iters: 300, epoch: 5 | loss: 0.1585100
	speed: 0.0050s/iter; left time: 17.2144s
	iters: 400, epoch: 5 | loss: 0.2378917
	speed: 0.0051s/iter; left time: 17.2137s
	iters: 500, epoch: 5 | loss: 0.1771942
	speed: 0.0042s/iter; left time: 13.7080s
	iters: 600, epoch: 5 | loss: 0.2302563
	speed: 0.0041s/iter; left time: 13.1281s
Epoch: 5 cost time: 4.441838264465332
Epoch: 5, Steps: 628 | Train Loss: 0.2287170 Vali Loss: 0.4607823 Test Loss: 0.1874109
EarlyStopping counter: 3 out of 3
Early stopping
>>>>>>>testing : Exchange_96_192_DLinear_custom_ftM_sl96_ll48_pl192_dm512_nh8_el2_dl1_df2048_fc1_ebtimeF_dtTrue_Exp_0<<<<<<<<<<<<<<<<<<<<<<<<<<<<<<<<<
test 1326
mse:0.1557001918554306, mae:0.2920711636543274
INFO: Trainable parameter count: 0.02M
INFO: Trainable parameter count: 0.02M
INFO: Trainable parameter count: 0.04M
INFO: Trainable parameter count: 0.04M
