Args in experiment:
Namespace(is_training=1, model_id='ETTm2_96_192', model='Informer', data='ETTm2', root_path='./dataset/', data_path='ETTm2.csv', features='M', target='OT', freq='h', checkpoints='./checkpoints/', seq_len=96, label_len=48, pred_len=192, individual=False, embed_type=0, enc_in=7, dec_in=7, c_out=7, d_model=512, n_heads=8, e_layers=2, d_layers=1, d_ff=2048, moving_avg=25, factor=3, distil=True, dropout=0.05, embed='timeF', activation='gelu', output_attention=False, do_predict=False, num_workers=10, itr=1, train_epochs=10, batch_size=32, patience=3, learning_rate=0.0001, des='Exp', loss='mse', lradj='type1', use_amp=False, use_gpu=True, gpu=5, use_multi_gpu=False, devices='0,1,2,3', test_flop=True)
Use GPU: cuda:5
>>>>>>>start training : ETTm2_96_192_Informer_ETTm2_ftM_sl96_ll48_pl192_dm512_nh8_el2_dl1_df2048_fc3_ebtimeF_dtTrue_Exp_0>>>>>>>>>>>>>>>>>>>>>>>>>>
train 34273
val 11329
test 11329
	iters: 100, epoch: 1 | loss: 0.3478895
	speed: 0.1257s/iter; left time: 1334.0934s
	iters: 200, epoch: 1 | loss: 0.2253709
	speed: 0.0569s/iter; left time: 598.3271s
	iters: 300, epoch: 1 | loss: 0.2171676
	speed: 0.0570s/iter; left time: 593.2988s
	iters: 400, epoch: 1 | loss: 0.3093788
	speed: 0.0569s/iter; left time: 586.8391s
	iters: 500, epoch: 1 | loss: 0.2283394
	speed: 0.0570s/iter; left time: 581.8584s
	iters: 600, epoch: 1 | loss: 0.2165065
	speed: 0.0561s/iter; left time: 567.6913s
	iters: 700, epoch: 1 | loss: 0.2845770
	speed: 0.0563s/iter; left time: 563.6838s
	iters: 800, epoch: 1 | loss: 0.1877826
	speed: 0.0574s/iter; left time: 568.5086s
	iters: 900, epoch: 1 | loss: 0.2248040
	speed: 0.0558s/iter; left time: 547.2317s
	iters: 1000, epoch: 1 | loss: 0.1885674
	speed: 0.0546s/iter; left time: 530.5872s
Epoch: 1 cost time: 67.28083610534668
Epoch: 1, Steps: 1071 | Train Loss: 0.2603136 Vali Loss: 0.4099467 Test Loss: 0.8273427
Validation loss decreased (inf --> 0.409947).  Saving model ...
Updating learning rate to 0.0001
	iters: 100, epoch: 2 | loss: 0.1626517
	speed: 0.2835s/iter; left time: 2704.7847s
	iters: 200, epoch: 2 | loss: 0.2023197
	speed: 0.0557s/iter; left time: 525.4356s
	iters: 300, epoch: 2 | loss: 0.2235452
	speed: 0.0557s/iter; left time: 520.2625s
	iters: 400, epoch: 2 | loss: 0.1855183
	speed: 0.0567s/iter; left time: 524.0746s
	iters: 500, epoch: 2 | loss: 0.1637085
	speed: 0.0557s/iter; left time: 509.1645s
	iters: 600, epoch: 2 | loss: 0.2440468
	speed: 0.0578s/iter; left time: 522.8148s
	iters: 700, epoch: 2 | loss: 0.2014714
	speed: 0.0562s/iter; left time: 502.6585s
	iters: 800, epoch: 2 | loss: 0.2261606
	speed: 0.0556s/iter; left time: 491.7083s
	iters: 900, epoch: 2 | loss: 0.1560081
	speed: 0.0557s/iter; left time: 486.6894s
	iters: 1000, epoch: 2 | loss: 0.1887565
	speed: 0.0568s/iter; left time: 490.3263s
Epoch: 2 cost time: 62.136046409606934
Epoch: 2, Steps: 1071 | Train Loss: 0.1886467 Vali Loss: 0.5136266 Test Loss: 0.9744609
EarlyStopping counter: 1 out of 3
Updating learning rate to 5e-05
	iters: 100, epoch: 3 | loss: 0.1502941
	speed: 0.2987s/iter; left time: 2529.7874s
	iters: 200, epoch: 3 | loss: 0.1307647
	speed: 0.0564s/iter; left time: 472.1386s
	iters: 300, epoch: 3 | loss: 0.1397163
	speed: 0.0560s/iter; left time: 463.4241s
	iters: 400, epoch: 3 | loss: 0.1046910
	speed: 0.0567s/iter; left time: 463.3804s
	iters: 500, epoch: 3 | loss: 0.2437788
	speed: 0.0561s/iter; left time: 452.5037s
	iters: 600, epoch: 3 | loss: 0.1403738
	speed: 0.0559s/iter; left time: 445.2938s
	iters: 700, epoch: 3 | loss: 0.1469897
	speed: 0.0572s/iter; left time: 449.9014s
	iters: 800, epoch: 3 | loss: 0.1850048
	speed: 0.0576s/iter; left time: 447.7631s
	iters: 900, epoch: 3 | loss: 0.1185954
	speed: 0.0571s/iter; left time: 438.2758s
	iters: 1000, epoch: 3 | loss: 0.1303879
	speed: 0.0576s/iter; left time: 435.7197s
Epoch: 3 cost time: 62.877366065979004
Epoch: 3, Steps: 1071 | Train Loss: 0.1436566 Vali Loss: 0.5926823 Test Loss: 1.1596467
EarlyStopping counter: 2 out of 3
Updating learning rate to 2.5e-05
	iters: 100, epoch: 4 | loss: 0.1009974
	speed: 0.2689s/iter; left time: 1989.3591s
	iters: 200, epoch: 4 | loss: 0.1218938
	speed: 0.0520s/iter; left time: 379.7403s
	iters: 300, epoch: 4 | loss: 0.1359249
	speed: 0.0518s/iter; left time: 372.9366s
	iters: 400, epoch: 4 | loss: 0.1095546
	speed: 0.0534s/iter; left time: 378.9494s
	iters: 500, epoch: 4 | loss: 0.1220087
	speed: 0.0524s/iter; left time: 367.0279s
	iters: 600, epoch: 4 | loss: 0.1159855
	speed: 0.0524s/iter; left time: 361.4683s
	iters: 700, epoch: 4 | loss: 0.1202694
	speed: 0.0524s/iter; left time: 355.9036s
	iters: 800, epoch: 4 | loss: 0.1000005
	speed: 0.0545s/iter; left time: 365.0048s
	iters: 900, epoch: 4 | loss: 0.1146894
	speed: 0.0530s/iter; left time: 349.9426s
	iters: 1000, epoch: 4 | loss: 0.0985358
	speed: 0.0524s/iter; left time: 340.3402s
Epoch: 4 cost time: 58.01636981964111
Epoch: 4, Steps: 1071 | Train Loss: 0.1205630 Vali Loss: 0.6644487 Test Loss: 1.4247864
EarlyStopping counter: 3 out of 3
Early stopping
>>>>>>>testing : ETTm2_96_192_Informer_ETTm2_ftM_sl96_ll48_pl192_dm512_nh8_el2_dl1_df2048_fc3_ebtimeF_dtTrue_Exp_0<<<<<<<<<<<<<<<<<<<<<<<<<<<<<<<<<
test 11329
mse:0.8275190591812134, mae:0.7119525671005249
INFO: Trainable parameter count: 0.01M
INFO: Trainable parameter count: 0.01M
INFO: Trainable parameter count: 0.02M
INFO: Trainable parameter count: 0.03M
INFO: Trainable parameter count: 0.29M
INFO: Trainable parameter count: 0.29M
INFO: Trainable parameter count: 0.55M
INFO: Trainable parameter count: 0.55M
INFO: Trainable parameter count: 0.81M
INFO: Trainable parameter count: 0.81M
INFO: Trainable parameter count: 1.08M
INFO: Trainable parameter count: 1.08M
INFO: Trainable parameter count: 2.12M
INFO: Trainable parameter count: 2.13M
INFO: Trainable parameter count: 3.18M
INFO: Trainable parameter count: 3.18M
INFO: Trainable parameter count: 3.18M
INFO: Trainable parameter count: 3.18M
INFO: Trainable parameter count: 3.18M
INFO: Trainable parameter count: 3.18M
INFO: Trainable parameter count: 3.44M
INFO: Trainable parameter count: 3.44M
INFO: Trainable parameter count: 3.70M
INFO: Trainable parameter count: 3.70M
INFO: Trainable parameter count: 3.97M
INFO: Trainable parameter count: 3.97M
INFO: Trainable parameter count: 4.23M
INFO: Trainable parameter count: 4.23M
INFO: Trainable parameter count: 5.28M
INFO: Trainable parameter count: 5.28M
INFO: Trainable parameter count: 6.33M
INFO: Trainable parameter count: 6.33M
INFO: Trainable parameter count: 6.33M
INFO: Trainable parameter count: 6.33M
INFO: Trainable parameter count: 6.33M
INFO: Trainable parameter count: 6.33M
INFO: Trainable parameter count: 7.12M
INFO: Trainable parameter count: 7.12M
INFO: Trainable parameter count: 7.12M
INFO: Trainable parameter count: 7.12M
INFO: Trainable parameter count: 7.12M
INFO: Trainable parameter count: 7.12M
INFO: Trainable parameter count: 7.38M
INFO: Trainable parameter count: 7.38M
INFO: Trainable parameter count: 7.64M
INFO: Trainable parameter count: 7.64M
INFO: Trainable parameter count: 7.91M
INFO: Trainable parameter count: 7.91M
INFO: Trainable parameter count: 8.17M
INFO: Trainable parameter count: 8.17M
INFO: Trainable parameter count: 8.43M
INFO: Trainable parameter count: 8.43M
INFO: Trainable parameter count: 8.69M
INFO: Trainable parameter count: 8.70M
INFO: Trainable parameter count: 8.96M
INFO: Trainable parameter count: 8.96M
INFO: Trainable parameter count: 9.22M
INFO: Trainable parameter count: 9.22M
INFO: Trainable parameter count: 10.27M
INFO: Trainable parameter count: 10.27M
INFO: Trainable parameter count: 11.32M
INFO: Trainable parameter count: 11.32M
INFO: Trainable parameter count: 11.32M
INFO: Trainable parameter count: 11.32M
INFO: Trainable parameter count: 11.32M
INFO: Trainable parameter count: 11.32M
INFO: Trainable parameter count: 11.32M
INFO: Trainable parameter count: 11.32M
INFO: Trainable parameter count: 11.32M
INFO: Trainable parameter count: 11.32M
INFO: Trainable parameter count: 11.33M
INFO: Trainable parameter count: 11.33M
