Args in experiment:
Namespace(is_training=1, model_id='ETTm1_96_192', model='Informer', data='ETTm1', root_path='./dataset/', data_path='ETTm1.csv', features='M', target='OT', freq='h', checkpoints='./checkpoints/', seq_len=96, label_len=48, pred_len=192, individual=False, embed_type=0, enc_in=7, dec_in=7, c_out=7, d_model=512, n_heads=8, e_layers=2, d_layers=1, d_ff=2048, moving_avg=25, factor=3, distil=True, dropout=0.05, embed='timeF', activation='gelu', output_attention=False, do_predict=False, num_workers=10, itr=1, train_epochs=10, batch_size=32, patience=3, learning_rate=0.0001, des='Exp', loss='mse', lradj='type1', use_amp=False, use_gpu=True, gpu=4, use_multi_gpu=False, devices='0,1,2,3', test_flop=True)
Use GPU: cuda:4
>>>>>>>start training : ETTm1_96_192_Informer_ETTm1_ftM_sl96_ll48_pl192_dm512_nh8_el2_dl1_df2048_fc3_ebtimeF_dtTrue_Exp_0>>>>>>>>>>>>>>>>>>>>>>>>>>
train 34273
val 11329
test 11329
	iters: 100, epoch: 1 | loss: 0.4338274
	speed: 0.1058s/iter; left time: 1122.5923s
	iters: 200, epoch: 1 | loss: 0.3467081
	speed: 0.0529s/iter; left time: 555.5239s
	iters: 300, epoch: 1 | loss: 0.3447482
	speed: 0.0529s/iter; left time: 550.9520s
	iters: 400, epoch: 1 | loss: 0.3998641
	speed: 0.0531s/iter; left time: 547.3000s
	iters: 500, epoch: 1 | loss: 0.3251871
	speed: 0.0572s/iter; left time: 584.1366s
	iters: 600, epoch: 1 | loss: 0.3904485
	speed: 0.0574s/iter; left time: 580.3917s
	iters: 700, epoch: 1 | loss: 0.3272614
	speed: 0.0570s/iter; left time: 570.8776s
	iters: 800, epoch: 1 | loss: 0.3118674
	speed: 0.0541s/iter; left time: 536.3484s
	iters: 900, epoch: 1 | loss: 0.3806307
	speed: 0.0529s/iter; left time: 519.3873s
	iters: 1000, epoch: 1 | loss: 0.2971695
	speed: 0.0534s/iter; left time: 518.1299s
Epoch: 1 cost time: 63.65884256362915
Epoch: 1, Steps: 1071 | Train Loss: 0.3548200 Vali Loss: 0.8205379 Test Loss: 0.7231380
Validation loss decreased (inf --> 0.820538).  Saving model ...
Updating learning rate to 0.0001
	iters: 100, epoch: 2 | loss: 0.2965262
	speed: 0.2855s/iter; left time: 2723.2218s
	iters: 200, epoch: 2 | loss: 0.2891518
	speed: 0.0576s/iter; left time: 543.7983s
	iters: 300, epoch: 2 | loss: 0.2805251
	speed: 0.0569s/iter; left time: 531.5129s
	iters: 400, epoch: 2 | loss: 0.2994748
	speed: 0.0563s/iter; left time: 520.1526s
	iters: 500, epoch: 2 | loss: 0.2686866
	speed: 0.0574s/iter; left time: 524.2986s
	iters: 600, epoch: 2 | loss: 0.2712363
	speed: 0.0566s/iter; left time: 511.5916s
	iters: 700, epoch: 2 | loss: 0.2344110
	speed: 0.0565s/iter; left time: 504.8089s
	iters: 800, epoch: 2 | loss: 0.2446929
	speed: 0.0566s/iter; left time: 500.5741s
	iters: 900, epoch: 2 | loss: 0.2370718
	speed: 0.0561s/iter; left time: 489.9244s
	iters: 1000, epoch: 2 | loss: 0.2366208
	speed: 0.0576s/iter; left time: 497.9145s
Epoch: 2 cost time: 62.549593448638916
Epoch: 2, Steps: 1071 | Train Loss: 0.2606754 Vali Loss: 0.8177147 Test Loss: 0.8789468
Validation loss decreased (0.820538 --> 0.817715).  Saving model ...
Updating learning rate to 5e-05
	iters: 100, epoch: 3 | loss: 0.2041958
	speed: 0.2820s/iter; left time: 2388.0872s
	iters: 200, epoch: 3 | loss: 0.2131039
	speed: 0.0559s/iter; left time: 467.7480s
	iters: 300, epoch: 3 | loss: 0.2210187
	speed: 0.0560s/iter; left time: 463.2707s
	iters: 400, epoch: 3 | loss: 0.2033856
	speed: 0.0555s/iter; left time: 453.3156s
	iters: 500, epoch: 3 | loss: 0.2000948
	speed: 0.0561s/iter; left time: 452.9004s
	iters: 600, epoch: 3 | loss: 0.1812037
	speed: 0.0563s/iter; left time: 448.8550s
	iters: 700, epoch: 3 | loss: 0.2016327
	speed: 0.0562s/iter; left time: 441.9481s
	iters: 800, epoch: 3 | loss: 0.1752096
	speed: 0.0563s/iter; left time: 437.2043s
	iters: 900, epoch: 3 | loss: 0.1731973
	speed: 0.0564s/iter; left time: 432.5568s
	iters: 1000, epoch: 3 | loss: 0.1726982
	speed: 0.0557s/iter; left time: 421.9461s
Epoch: 3 cost time: 61.32202100753784
Epoch: 3, Steps: 1071 | Train Loss: 0.2040865 Vali Loss: 0.9638962 Test Loss: 1.0050973
EarlyStopping counter: 1 out of 3
Updating learning rate to 2.5e-05
	iters: 100, epoch: 4 | loss: 0.1686698
	speed: 0.2966s/iter; left time: 2194.2416s
	iters: 200, epoch: 4 | loss: 0.2064379
	speed: 0.0567s/iter; left time: 413.6478s
	iters: 300, epoch: 4 | loss: 0.1721312
	speed: 0.0567s/iter; left time: 408.3028s
	iters: 400, epoch: 4 | loss: 0.1765037
	speed: 0.0571s/iter; left time: 405.5092s
	iters: 500, epoch: 4 | loss: 0.1834541
	speed: 0.0562s/iter; left time: 393.2880s
	iters: 600, epoch: 4 | loss: 0.1646782
	speed: 0.0563s/iter; left time: 388.7019s
	iters: 700, epoch: 4 | loss: 0.1672769
	speed: 0.0566s/iter; left time: 384.8240s
	iters: 800, epoch: 4 | loss: 0.1765574
	speed: 0.0575s/iter; left time: 385.0366s
	iters: 900, epoch: 4 | loss: 0.1731850
	speed: 0.0566s/iter; left time: 373.3893s
	iters: 1000, epoch: 4 | loss: 0.1640463
	speed: 0.0574s/iter; left time: 373.0473s
Epoch: 4 cost time: 62.620601415634155
Epoch: 4, Steps: 1071 | Train Loss: 0.1750106 Vali Loss: 0.9887997 Test Loss: 0.9766784
EarlyStopping counter: 2 out of 3
Updating learning rate to 1.25e-05
	iters: 100, epoch: 5 | loss: 0.1690350
	speed: 0.2860s/iter; left time: 1809.5844s
	iters: 200, epoch: 5 | loss: 0.1520872
	speed: 0.0529s/iter; left time: 329.5702s
	iters: 300, epoch: 5 | loss: 0.1584510
	speed: 0.0514s/iter; left time: 315.1039s
	iters: 400, epoch: 5 | loss: 0.1706411
	speed: 0.0513s/iter; left time: 309.4152s
	iters: 500, epoch: 5 | loss: 0.1652556
	speed: 0.0514s/iter; left time: 304.6034s
	iters: 600, epoch: 5 | loss: 0.1733316
	speed: 0.0521s/iter; left time: 303.5501s
	iters: 700, epoch: 5 | loss: 0.1391911
	speed: 0.0525s/iter; left time: 300.8570s
	iters: 800, epoch: 5 | loss: 0.1541747
	speed: 0.0530s/iter; left time: 298.3336s
	iters: 900, epoch: 5 | loss: 0.1665461
	speed: 0.0520s/iter; left time: 287.1347s
	iters: 1000, epoch: 5 | loss: 0.1697581
	speed: 0.0542s/iter; left time: 293.9713s
Epoch: 5 cost time: 57.524051904678345
Epoch: 5, Steps: 1071 | Train Loss: 0.1596625 Vali Loss: 1.0037962 Test Loss: 0.9927357
EarlyStopping counter: 3 out of 3
Early stopping
>>>>>>>testing : ETTm1_96_192_Informer_ETTm1_ftM_sl96_ll48_pl192_dm512_nh8_el2_dl1_df2048_fc3_ebtimeF_dtTrue_Exp_0<<<<<<<<<<<<<<<<<<<<<<<<<<<<<<<<<
test 11329
mse:0.8791405558586121, mae:0.7048519253730774
INFO: Trainable parameter count: 0.01M
INFO: Trainable parameter count: 0.01M
INFO: Trainable parameter count: 0.02M
INFO: Trainable parameter count: 0.03M
INFO: Trainable parameter count: 0.29M
INFO: Trainable parameter count: 0.29M
INFO: Trainable parameter count: 0.55M
INFO: Trainable parameter count: 0.55M
INFO: Trainable parameter count: 0.81M
INFO: Trainable parameter count: 0.81M
INFO: Trainable parameter count: 1.08M
INFO: Trainable parameter count: 1.08M
INFO: Trainable parameter count: 2.12M
INFO: Trainable parameter count: 2.13M
INFO: Trainable parameter count: 3.18M
INFO: Trainable parameter count: 3.18M
INFO: Trainable parameter count: 3.18M
INFO: Trainable parameter count: 3.18M
INFO: Trainable parameter count: 3.18M
INFO: Trainable parameter count: 3.18M
INFO: Trainable parameter count: 3.44M
INFO: Trainable parameter count: 3.44M
INFO: Trainable parameter count: 3.70M
INFO: Trainable parameter count: 3.70M
INFO: Trainable parameter count: 3.97M
INFO: Trainable parameter count: 3.97M
INFO: Trainable parameter count: 4.23M
INFO: Trainable parameter count: 4.23M
INFO: Trainable parameter count: 5.28M
INFO: Trainable parameter count: 5.28M
INFO: Trainable parameter count: 6.33M
INFO: Trainable parameter count: 6.33M
INFO: Trainable parameter count: 6.33M
INFO: Trainable parameter count: 6.33M
INFO: Trainable parameter count: 6.33M
INFO: Trainable parameter count: 6.33M
INFO: Trainable parameter count: 7.12M
INFO: Trainable parameter count: 7.12M
INFO: Trainable parameter count: 7.12M
INFO: Trainable parameter count: 7.12M
INFO: Trainable parameter count: 7.12M
INFO: Trainable parameter count: 7.12M
INFO: Trainable parameter count: 7.38M
INFO: Trainable parameter count: 7.38M
INFO: Trainable parameter count: 7.64M
INFO: Trainable parameter count: 7.64M
INFO: Trainable parameter count: 7.91M
INFO: Trainable parameter count: 7.91M
INFO: Trainable parameter count: 8.17M
INFO: Trainable parameter count: 8.17M
INFO: Trainable parameter count: 8.43M
INFO: Trainable parameter count: 8.43M
INFO: Trainable parameter count: 8.69M
INFO: Trainable parameter count: 8.70M
INFO: Trainable parameter count: 8.96M
INFO: Trainable parameter count: 8.96M
INFO: Trainable parameter count: 9.22M
INFO: Trainable parameter count: 9.22M
INFO: Trainable parameter count: 10.27M
INFO: Trainable parameter count: 10.27M
INFO: Trainable parameter count: 11.32M
INFO: Trainable parameter count: 11.32M
INFO: Trainable parameter count: 11.32M
INFO: Trainable parameter count: 11.32M
INFO: Trainable parameter count: 11.32M
INFO: Trainable parameter count: 11.32M
INFO: Trainable parameter count: 11.32M
INFO: Trainable parameter count: 11.32M
INFO: Trainable parameter count: 11.32M
INFO: Trainable parameter count: 11.32M
INFO: Trainable parameter count: 11.33M
INFO: Trainable parameter count: 11.33M
