Args in experiment:
Namespace(is_training=1, model_id='weather_96_336', model='Informer', data='custom', root_path='./dataset/', data_path='weather.csv', features='M', target='OT', freq='h', checkpoints='./checkpoints/', seq_len=96, label_len=48, pred_len=336, individual=False, embed_type=0, enc_in=21, dec_in=21, c_out=21, d_model=512, n_heads=8, e_layers=2, d_layers=1, d_ff=2048, moving_avg=25, factor=3, distil=True, dropout=0.05, embed='timeF', activation='gelu', output_attention=False, do_predict=False, num_workers=10, itr=1, train_epochs=2, batch_size=32, patience=3, learning_rate=0.0001, des='Exp', loss='mse', lradj='type1', use_amp=False, use_gpu=True, gpu=9, use_multi_gpu=False, devices='0,1,2,3', test_flop=True)
Use GPU: cuda:9
>>>>>>>start training : weather_96_336_Informer_custom_ftM_sl96_ll48_pl336_dm512_nh8_el2_dl1_df2048_fc3_ebtimeF_dtTrue_Exp_0>>>>>>>>>>>>>>>>>>>>>>>>>>
train 36456
val 4935
test 10204
	iters: 100, epoch: 1 | loss: 0.4046870
	speed: 0.1290s/iter; left time: 281.0559s
	iters: 200, epoch: 1 | loss: 0.8257129
	speed: 0.0701s/iter; left time: 145.7283s
	iters: 300, epoch: 1 | loss: 0.7073421
	speed: 0.0699s/iter; left time: 138.2821s
	iters: 400, epoch: 1 | loss: 0.5262125
	speed: 0.0698s/iter; left time: 131.1662s
	iters: 500, epoch: 1 | loss: 0.5988429
	speed: 0.0698s/iter; left time: 124.1311s
	iters: 600, epoch: 1 | loss: 0.2982529
	speed: 0.0689s/iter; left time: 115.7176s
	iters: 700, epoch: 1 | loss: 0.3990316
	speed: 0.0714s/iter; left time: 112.7159s
	iters: 800, epoch: 1 | loss: 0.3642925
	speed: 0.0724s/iter; left time: 107.0964s
	iters: 900, epoch: 1 | loss: 0.2506541
	speed: 0.0704s/iter; left time: 97.0357s
	iters: 1000, epoch: 1 | loss: 0.3809697
	speed: 0.0700s/iter; left time: 89.5355s
	iters: 1100, epoch: 1 | loss: 0.6456870
	speed: 0.0701s/iter; left time: 82.6271s
Epoch: 1 cost time: 85.86381793022156
Epoch: 1, Steps: 1139 | Train Loss: 0.4744336 Vali Loss: 0.6752321 Test Loss: 0.7898704
Validation loss decreased (inf --> 0.675232).  Saving model ...
Updating learning rate to 0.0001
	iters: 100, epoch: 2 | loss: 0.2518151
	speed: 0.2803s/iter; left time: 291.5252s
	iters: 200, epoch: 2 | loss: 0.2442768
	speed: 0.0720s/iter; left time: 67.6648s
	iters: 300, epoch: 2 | loss: 0.3127908
	speed: 0.0716s/iter; left time: 60.1481s
	iters: 400, epoch: 2 | loss: 0.3008624
	speed: 0.0702s/iter; left time: 51.9145s
	iters: 500, epoch: 2 | loss: 0.4194689
	speed: 0.0726s/iter; left time: 46.4534s
	iters: 600, epoch: 2 | loss: 0.2736558
	speed: 0.0724s/iter; left time: 39.0747s
	iters: 700, epoch: 2 | loss: 0.2961635
	speed: 0.0711s/iter; left time: 31.2964s
	iters: 800, epoch: 2 | loss: 0.2656713
	speed: 0.0699s/iter; left time: 23.7578s
	iters: 900, epoch: 2 | loss: 0.3431678
	speed: 0.0639s/iter; left time: 15.3403s
	iters: 1000, epoch: 2 | loss: 0.4852594
	speed: 0.0657s/iter; left time: 9.1941s
	iters: 1100, epoch: 2 | loss: 0.2091441
	speed: 0.0632s/iter; left time: 2.5263s
Epoch: 2 cost time: 80.68362975120544
Epoch: 2, Steps: 1139 | Train Loss: 0.3677056 Vali Loss: 0.6980234 Test Loss: 0.6739749
EarlyStopping counter: 1 out of 3
Updating learning rate to 5e-05
>>>>>>>testing : weather_96_336_Informer_custom_ftM_sl96_ll48_pl336_dm512_nh8_el2_dl1_df2048_fc3_ebtimeF_dtTrue_Exp_0<<<<<<<<<<<<<<<<<<<<<<<<<<<<<<<<<
test 10204
mse:0.7897526025772095, mae:0.6428149938583374
INFO: Trainable parameter count: 0.03M
INFO: Trainable parameter count: 0.03M
INFO: Trainable parameter count: 0.07M
INFO: Trainable parameter count: 0.07M
INFO: Trainable parameter count: 0.33M
INFO: Trainable parameter count: 0.33M
INFO: Trainable parameter count: 0.59M
INFO: Trainable parameter count: 0.59M
INFO: Trainable parameter count: 0.86M
INFO: Trainable parameter count: 0.86M
INFO: Trainable parameter count: 1.12M
INFO: Trainable parameter count: 1.12M
INFO: Trainable parameter count: 2.17M
INFO: Trainable parameter count: 2.17M
INFO: Trainable parameter count: 3.22M
INFO: Trainable parameter count: 3.22M
INFO: Trainable parameter count: 3.22M
INFO: Trainable parameter count: 3.22M
INFO: Trainable parameter count: 3.22M
INFO: Trainable parameter count: 3.22M
INFO: Trainable parameter count: 3.48M
INFO: Trainable parameter count: 3.48M
INFO: Trainable parameter count: 3.75M
INFO: Trainable parameter count: 3.75M
INFO: Trainable parameter count: 4.01M
INFO: Trainable parameter count: 4.01M
INFO: Trainable parameter count: 4.27M
INFO: Trainable parameter count: 4.27M
INFO: Trainable parameter count: 5.32M
INFO: Trainable parameter count: 5.32M
INFO: Trainable parameter count: 6.37M
INFO: Trainable parameter count: 6.37M
INFO: Trainable parameter count: 6.37M
INFO: Trainable parameter count: 6.37M
INFO: Trainable parameter count: 6.37M
INFO: Trainable parameter count: 6.37M
INFO: Trainable parameter count: 7.16M
INFO: Trainable parameter count: 7.16M
INFO: Trainable parameter count: 7.16M
INFO: Trainable parameter count: 7.16M
INFO: Trainable parameter count: 7.16M
INFO: Trainable parameter count: 7.16M
INFO: Trainable parameter count: 7.42M
INFO: Trainable parameter count: 7.43M
INFO: Trainable parameter count: 7.69M
INFO: Trainable parameter count: 7.69M
INFO: Trainable parameter count: 7.95M
INFO: Trainable parameter count: 7.95M
INFO: Trainable parameter count: 8.21M
INFO: Trainable parameter count: 8.21M
INFO: Trainable parameter count: 8.48M
INFO: Trainable parameter count: 8.48M
INFO: Trainable parameter count: 8.74M
INFO: Trainable parameter count: 8.74M
INFO: Trainable parameter count: 9.00M
INFO: Trainable parameter count: 9.00M
INFO: Trainable parameter count: 9.26M
INFO: Trainable parameter count: 9.26M
INFO: Trainable parameter count: 10.31M
INFO: Trainable parameter count: 10.31M
INFO: Trainable parameter count: 11.36M
INFO: Trainable parameter count: 11.36M
INFO: Trainable parameter count: 11.36M
INFO: Trainable parameter count: 11.36M
INFO: Trainable parameter count: 11.36M
INFO: Trainable parameter count: 11.37M
INFO: Trainable parameter count: 11.37M
INFO: Trainable parameter count: 11.37M
INFO: Trainable parameter count: 11.37M
INFO: Trainable parameter count: 11.37M
INFO: Trainable parameter count: 11.38M
INFO: Trainable parameter count: 11.38M
