Args in experiment:
Namespace(is_training=1, model_id='ili_36_48', model='Informer', data='custom', root_path='./dataset/', data_path='national_illness.csv', features='M', target='OT', freq='h', checkpoints='./checkpoints/', seq_len=36, label_len=18, pred_len=48, individual=False, embed_type=0, enc_in=7, dec_in=7, c_out=7, d_model=512, n_heads=8, e_layers=2, d_layers=1, d_ff=2048, moving_avg=25, factor=3, distil=True, dropout=0.05, embed='timeF', activation='gelu', output_attention=False, do_predict=False, num_workers=10, itr=1, train_epochs=10, batch_size=32, patience=3, learning_rate=0.0001, des='Exp', loss='mse', lradj='type1', use_amp=False, use_gpu=True, gpu=7, use_multi_gpu=False, devices='0,1,2,3', test_flop=True)
Use GPU: cuda:7
>>>>>>>start training : ili_36_48_Informer_custom_ftM_sl36_ll18_pl48_dm512_nh8_el2_dl1_df2048_fc3_ebtimeF_dtTrue_Exp_0>>>>>>>>>>>>>>>>>>>>>>>>>>
train 593
val 50
test 146
Epoch: 1 cost time: 7.857703447341919
Epoch: 1, Steps: 18 | Train Loss: 0.7855039 Vali Loss: 0.4837940 Test Loss: 4.4774427
Validation loss decreased (inf --> 0.483794).  Saving model ...
Updating learning rate to 0.0001
Epoch: 2 cost time: 2.4962751865386963
Epoch: 2, Steps: 18 | Train Loss: 0.5108011 Vali Loss: 0.3749159 Test Loss: 4.6927104
Validation loss decreased (0.483794 --> 0.374916).  Saving model ...
Updating learning rate to 5e-05
Epoch: 3 cost time: 2.323725700378418
Epoch: 3, Steps: 18 | Train Loss: 0.4107214 Vali Loss: 0.2508212 Test Loss: 4.9903326
Validation loss decreased (0.374916 --> 0.250821).  Saving model ...
Updating learning rate to 2.5e-05
Epoch: 4 cost time: 2.3024842739105225
Epoch: 4, Steps: 18 | Train Loss: 0.3725657 Vali Loss: 0.2227237 Test Loss: 5.1932836
Validation loss decreased (0.250821 --> 0.222724).  Saving model ...
Updating learning rate to 1.25e-05
Epoch: 5 cost time: 2.2197935581207275
Epoch: 5, Steps: 18 | Train Loss: 0.3561555 Vali Loss: 0.2455470 Test Loss: 5.0375848
EarlyStopping counter: 1 out of 3
Updating learning rate to 6.25e-06
Epoch: 6 cost time: 2.405205249786377
Epoch: 6, Steps: 18 | Train Loss: 0.3460137 Vali Loss: 0.2250808 Test Loss: 5.1251602
EarlyStopping counter: 2 out of 3
Updating learning rate to 3.125e-06
Epoch: 7 cost time: 2.3379132747650146
Epoch: 7, Steps: 18 | Train Loss: 0.3392322 Vali Loss: 0.2156835 Test Loss: 5.1252580
Validation loss decreased (0.222724 --> 0.215683).  Saving model ...
Updating learning rate to 1.5625e-06
Epoch: 8 cost time: 2.3092117309570312
Epoch: 8, Steps: 18 | Train Loss: 0.3385414 Vali Loss: 0.2315130 Test Loss: 5.0488677
EarlyStopping counter: 1 out of 3
Updating learning rate to 7.8125e-07
Epoch: 9 cost time: 2.1607391834259033
Epoch: 9, Steps: 18 | Train Loss: 0.3338064 Vali Loss: 0.2398283 Test Loss: 5.0604415
EarlyStopping counter: 2 out of 3
Updating learning rate to 3.90625e-07
Epoch: 10 cost time: 2.782503843307495
Epoch: 10, Steps: 18 | Train Loss: 0.3316263 Vali Loss: 0.2316519 Test Loss: 5.0587897
EarlyStopping counter: 3 out of 3
Early stopping
>>>>>>>testing : ili_36_48_Informer_custom_ftM_sl36_ll18_pl48_dm512_nh8_el2_dl1_df2048_fc3_ebtimeF_dtTrue_Exp_0<<<<<<<<<<<<<<<<<<<<<<<<<<<<<<<<<
test 146
mse:5.139170169830322, mae:1.5671300888061523
INFO: Trainable parameter count: 0.01M
INFO: Trainable parameter count: 0.01M
INFO: Trainable parameter count: 0.02M
INFO: Trainable parameter count: 0.03M
INFO: Trainable parameter count: 0.29M
INFO: Trainable parameter count: 0.29M
INFO: Trainable parameter count: 0.55M
INFO: Trainable parameter count: 0.55M
INFO: Trainable parameter count: 0.81M
INFO: Trainable parameter count: 0.81M
INFO: Trainable parameter count: 1.08M
INFO: Trainable parameter count: 1.08M
INFO: Trainable parameter count: 2.12M
INFO: Trainable parameter count: 2.13M
INFO: Trainable parameter count: 3.18M
INFO: Trainable parameter count: 3.18M
INFO: Trainable parameter count: 3.18M
INFO: Trainable parameter count: 3.18M
INFO: Trainable parameter count: 3.18M
INFO: Trainable parameter count: 3.18M
INFO: Trainable parameter count: 3.44M
INFO: Trainable parameter count: 3.44M
INFO: Trainable parameter count: 3.70M
INFO: Trainable parameter count: 3.70M
INFO: Trainable parameter count: 3.97M
INFO: Trainable parameter count: 3.97M
INFO: Trainable parameter count: 4.23M
INFO: Trainable parameter count: 4.23M
INFO: Trainable parameter count: 5.28M
INFO: Trainable parameter count: 5.28M
INFO: Trainable parameter count: 6.33M
INFO: Trainable parameter count: 6.33M
INFO: Trainable parameter count: 6.33M
INFO: Trainable parameter count: 6.33M
INFO: Trainable parameter count: 6.33M
INFO: Trainable parameter count: 6.33M
INFO: Trainable parameter count: 7.12M
INFO: Trainable parameter count: 7.12M
INFO: Trainable parameter count: 7.12M
INFO: Trainable parameter count: 7.12M
INFO: Trainable parameter count: 7.12M
INFO: Trainable parameter count: 7.12M
INFO: Trainable parameter count: 7.38M
INFO: Trainable parameter count: 7.38M
INFO: Trainable parameter count: 7.64M
INFO: Trainable parameter count: 7.64M
INFO: Trainable parameter count: 7.91M
INFO: Trainable parameter count: 7.91M
INFO: Trainable parameter count: 8.17M
INFO: Trainable parameter count: 8.17M
INFO: Trainable parameter count: 8.43M
INFO: Trainable parameter count: 8.43M
INFO: Trainable parameter count: 8.69M
INFO: Trainable parameter count: 8.70M
INFO: Trainable parameter count: 8.96M
INFO: Trainable parameter count: 8.96M
INFO: Trainable parameter count: 9.22M
INFO: Trainable parameter count: 9.22M
INFO: Trainable parameter count: 10.27M
INFO: Trainable parameter count: 10.27M
INFO: Trainable parameter count: 11.32M
INFO: Trainable parameter count: 11.32M
INFO: Trainable parameter count: 11.32M
INFO: Trainable parameter count: 11.32M
INFO: Trainable parameter count: 11.32M
INFO: Trainable parameter count: 11.32M
INFO: Trainable parameter count: 11.32M
INFO: Trainable parameter count: 11.32M
INFO: Trainable parameter count: 11.32M
INFO: Trainable parameter count: 11.32M
INFO: Trainable parameter count: 11.33M
INFO: Trainable parameter count: 11.33M
