Args in experiment:
Namespace(is_training=1, model_id='weather_96_192', model='Informer', data='custom', root_path='./dataset/', data_path='weather.csv', features='M', target='OT', freq='h', checkpoints='./checkpoints/', seq_len=96, label_len=48, pred_len=192, individual=False, embed_type=0, enc_in=21, dec_in=21, c_out=21, d_model=512, n_heads=8, e_layers=2, d_layers=1, d_ff=2048, moving_avg=25, factor=3, distil=True, dropout=0.05, embed='timeF', activation='gelu', output_attention=False, do_predict=False, num_workers=10, itr=1, train_epochs=2, batch_size=32, patience=3, learning_rate=0.0001, des='Exp', loss='mse', lradj='type1', use_amp=False, use_gpu=True, gpu=9, use_multi_gpu=False, devices='0,1,2,3', test_flop=True)
Use GPU: cuda:9
>>>>>>>start training : weather_96_192_Informer_custom_ftM_sl96_ll48_pl192_dm512_nh8_el2_dl1_df2048_fc3_ebtimeF_dtTrue_Exp_0>>>>>>>>>>>>>>>>>>>>>>>>>>
train 36600
val 5079
test 10348
	iters: 100, epoch: 1 | loss: 0.5836042
	speed: 0.1165s/iter; left time: 254.8518s
	iters: 200, epoch: 1 | loss: 0.3325216
	speed: 0.0564s/iter; left time: 117.8036s
	iters: 300, epoch: 1 | loss: 0.3331015
	speed: 0.0577s/iter; left time: 114.6821s
	iters: 400, epoch: 1 | loss: 0.4357360
	speed: 0.0589s/iter; left time: 111.0746s
	iters: 500, epoch: 1 | loss: 0.2864277
	speed: 0.0572s/iter; left time: 102.2199s
	iters: 600, epoch: 1 | loss: 0.3971853
	speed: 0.0550s/iter; left time: 92.7914s
	iters: 700, epoch: 1 | loss: 0.2259436
	speed: 0.0553s/iter; left time: 87.8395s
	iters: 800, epoch: 1 | loss: 0.3676188
	speed: 0.0577s/iter; left time: 85.7783s
	iters: 900, epoch: 1 | loss: 0.2646753
	speed: 0.0536s/iter; left time: 74.4105s
	iters: 1000, epoch: 1 | loss: 0.2276397
	speed: 0.0535s/iter; left time: 68.8244s
	iters: 1100, epoch: 1 | loss: 0.2808669
	speed: 0.0527s/iter; left time: 62.5986s
Epoch: 1 cost time: 69.73519611358643
Epoch: 1, Steps: 1143 | Train Loss: 0.4402114 Vali Loss: 0.5735806 Test Loss: 0.6793199
Validation loss decreased (inf --> 0.573581).  Saving model ...
Updating learning rate to 0.0001
	iters: 100, epoch: 2 | loss: 0.2628395
	speed: 0.2164s/iter; left time: 225.9423s
	iters: 200, epoch: 2 | loss: 0.2397400
	speed: 0.0522s/iter; left time: 49.2493s
	iters: 300, epoch: 2 | loss: 0.3208718
	speed: 0.0553s/iter; left time: 46.6682s
	iters: 400, epoch: 2 | loss: 0.1992515
	speed: 0.0543s/iter; left time: 40.4331s
	iters: 500, epoch: 2 | loss: 0.2826697
	speed: 0.0543s/iter; left time: 34.9703s
	iters: 600, epoch: 2 | loss: 0.6732595
	speed: 0.0535s/iter; left time: 29.1231s
	iters: 700, epoch: 2 | loss: 0.3164818
	speed: 0.0548s/iter; left time: 24.3529s
	iters: 800, epoch: 2 | loss: 0.2690358
	speed: 0.0545s/iter; left time: 18.7335s
	iters: 900, epoch: 2 | loss: 0.2907713
	speed: 0.0573s/iter; left time: 13.9867s
	iters: 1000, epoch: 2 | loss: 0.2818649
	speed: 0.0571s/iter; left time: 8.2291s
	iters: 1100, epoch: 2 | loss: 0.2371775
	speed: 0.0596s/iter; left time: 2.6239s
Epoch: 2 cost time: 64.38026809692383
Epoch: 2, Steps: 1143 | Train Loss: 0.3481471 Vali Loss: 0.5648326 Test Loss: 0.5303477
Validation loss decreased (0.573581 --> 0.564833).  Saving model ...
Updating learning rate to 5e-05
>>>>>>>testing : weather_96_192_Informer_custom_ftM_sl96_ll48_pl192_dm512_nh8_el2_dl1_df2048_fc3_ebtimeF_dtTrue_Exp_0<<<<<<<<<<<<<<<<<<<<<<<<<<<<<<<<<
test 10348
mse:0.5306198000907898, mae:0.5184834599494934
INFO: Trainable parameter count: 0.03M
INFO: Trainable parameter count: 0.03M
INFO: Trainable parameter count: 0.07M
INFO: Trainable parameter count: 0.07M
INFO: Trainable parameter count: 0.33M
INFO: Trainable parameter count: 0.33M
INFO: Trainable parameter count: 0.59M
INFO: Trainable parameter count: 0.59M
INFO: Trainable parameter count: 0.86M
INFO: Trainable parameter count: 0.86M
INFO: Trainable parameter count: 1.12M
INFO: Trainable parameter count: 1.12M
INFO: Trainable parameter count: 2.17M
INFO: Trainable parameter count: 2.17M
INFO: Trainable parameter count: 3.22M
INFO: Trainable parameter count: 3.22M
INFO: Trainable parameter count: 3.22M
INFO: Trainable parameter count: 3.22M
INFO: Trainable parameter count: 3.22M
INFO: Trainable parameter count: 3.22M
INFO: Trainable parameter count: 3.48M
INFO: Trainable parameter count: 3.48M
INFO: Trainable parameter count: 3.75M
INFO: Trainable parameter count: 3.75M
INFO: Trainable parameter count: 4.01M
INFO: Trainable parameter count: 4.01M
INFO: Trainable parameter count: 4.27M
INFO: Trainable parameter count: 4.27M
INFO: Trainable parameter count: 5.32M
INFO: Trainable parameter count: 5.32M
INFO: Trainable parameter count: 6.37M
INFO: Trainable parameter count: 6.37M
INFO: Trainable parameter count: 6.37M
INFO: Trainable parameter count: 6.37M
INFO: Trainable parameter count: 6.37M
INFO: Trainable parameter count: 6.37M
INFO: Trainable parameter count: 7.16M
INFO: Trainable parameter count: 7.16M
INFO: Trainable parameter count: 7.16M
INFO: Trainable parameter count: 7.16M
INFO: Trainable parameter count: 7.16M
INFO: Trainable parameter count: 7.16M
INFO: Trainable parameter count: 7.42M
INFO: Trainable parameter count: 7.43M
INFO: Trainable parameter count: 7.69M
INFO: Trainable parameter count: 7.69M
INFO: Trainable parameter count: 7.95M
INFO: Trainable parameter count: 7.95M
INFO: Trainable parameter count: 8.21M
INFO: Trainable parameter count: 8.21M
INFO: Trainable parameter count: 8.48M
INFO: Trainable parameter count: 8.48M
INFO: Trainable parameter count: 8.74M
INFO: Trainable parameter count: 8.74M
INFO: Trainable parameter count: 9.00M
INFO: Trainable parameter count: 9.00M
INFO: Trainable parameter count: 9.26M
INFO: Trainable parameter count: 9.26M
INFO: Trainable parameter count: 10.31M
INFO: Trainable parameter count: 10.31M
INFO: Trainable parameter count: 11.36M
INFO: Trainable parameter count: 11.36M
INFO: Trainable parameter count: 11.36M
INFO: Trainable parameter count: 11.36M
INFO: Trainable parameter count: 11.36M
INFO: Trainable parameter count: 11.37M
INFO: Trainable parameter count: 11.37M
INFO: Trainable parameter count: 11.37M
INFO: Trainable parameter count: 11.37M
INFO: Trainable parameter count: 11.37M
INFO: Trainable parameter count: 11.38M
INFO: Trainable parameter count: 11.38M
