Args in experiment:
Namespace(is_training=1, model_id='traffic_96_192', model='Informer', data='custom', root_path='./dataset/', data_path='traffic.csv', features='M', target='OT', freq='h', checkpoints='./checkpoints/', seq_len=96, label_len=48, pred_len=192, individual=False, embed_type=0, enc_in=862, dec_in=862, c_out=862, d_model=512, n_heads=8, e_layers=2, d_layers=1, d_ff=2048, moving_avg=25, factor=3, distil=True, dropout=0.05, embed='timeF', activation='gelu', output_attention=False, do_predict=False, num_workers=10, itr=1, train_epochs=3, batch_size=32, patience=3, learning_rate=0.0001, des='Exp', loss='mse', lradj='type1', use_amp=False, use_gpu=True, gpu=8, use_multi_gpu=False, devices='0,1,2,3', test_flop=True)
Use GPU: cuda:8
>>>>>>>start training : traffic_96_192_Informer_custom_ftM_sl96_ll48_pl192_dm512_nh8_el2_dl1_df2048_fc3_ebtimeF_dtTrue_Exp_0>>>>>>>>>>>>>>>>>>>>>>>>>>
train 11993
val 1565
test 3317
	iters: 100, epoch: 1 | loss: 0.8692067
	speed: 0.1573s/iter; left time: 160.9137s
	iters: 200, epoch: 1 | loss: 0.8122876
	speed: 0.0952s/iter; left time: 87.8795s
	iters: 300, epoch: 1 | loss: 0.7645879
	speed: 0.0949s/iter; left time: 78.1389s
Epoch: 1 cost time: 41.54141283035278
Epoch: 1, Steps: 374 | Train Loss: 0.8403563 Vali Loss: 1.0725168 Test Loss: 1.2456572
Validation loss decreased (inf --> 1.072517).  Saving model ...
Updating learning rate to 0.0001
	iters: 100, epoch: 2 | loss: 0.5400776
	speed: 0.3422s/iter; left time: 222.0873s
	iters: 200, epoch: 2 | loss: 0.4644896
	speed: 0.0935s/iter; left time: 51.3204s
	iters: 300, epoch: 2 | loss: 0.3987121
	speed: 0.0942s/iter; left time: 42.2960s
Epoch: 2 cost time: 37.70559883117676
Epoch: 2, Steps: 374 | Train Loss: 0.4934175 Vali Loss: 0.7131062 Test Loss: 0.8613485
Validation loss decreased (1.072517 --> 0.713106).  Saving model ...
Updating learning rate to 5e-05
	iters: 100, epoch: 3 | loss: 0.3314500
	speed: 0.3830s/iter; left time: 105.3315s
	iters: 200, epoch: 3 | loss: 0.3097886
	speed: 0.0998s/iter; left time: 17.4603s
	iters: 300, epoch: 3 | loss: 0.3094463
	speed: 0.0959s/iter; left time: 7.1911s
Epoch: 3 cost time: 39.65026259422302
Epoch: 3, Steps: 374 | Train Loss: 0.3162862 Vali Loss: 0.6610075 Test Loss: 0.7962402
Validation loss decreased (0.713106 --> 0.661007).  Saving model ...
Updating learning rate to 2.5e-05
>>>>>>>testing : traffic_96_192_Informer_custom_ftM_sl96_ll48_pl192_dm512_nh8_el2_dl1_df2048_fc3_ebtimeF_dtTrue_Exp_0<<<<<<<<<<<<<<<<<<<<<<<<<<<<<<<<<
test 3317
mse:0.7961834669113159, mae:0.4439007043838501
INFO: Trainable parameter count: 1.32M
INFO: Trainable parameter count: 1.33M
INFO: Trainable parameter count: 2.65M
INFO: Trainable parameter count: 2.65M
INFO: Trainable parameter count: 2.91M
INFO: Trainable parameter count: 2.91M
INFO: Trainable parameter count: 3.18M
INFO: Trainable parameter count: 3.18M
INFO: Trainable parameter count: 3.44M
INFO: Trainable parameter count: 3.44M
INFO: Trainable parameter count: 3.70M
INFO: Trainable parameter count: 3.70M
INFO: Trainable parameter count: 4.75M
INFO: Trainable parameter count: 4.75M
INFO: Trainable parameter count: 5.80M
INFO: Trainable parameter count: 5.80M
INFO: Trainable parameter count: 5.80M
INFO: Trainable parameter count: 5.80M
INFO: Trainable parameter count: 5.80M
INFO: Trainable parameter count: 5.80M
INFO: Trainable parameter count: 6.07M
INFO: Trainable parameter count: 6.07M
INFO: Trainable parameter count: 6.33M
INFO: Trainable parameter count: 6.33M
INFO: Trainable parameter count: 6.59M
INFO: Trainable parameter count: 6.59M
INFO: Trainable parameter count: 6.85M
INFO: Trainable parameter count: 6.86M
INFO: Trainable parameter count: 7.90M
INFO: Trainable parameter count: 7.91M
INFO: Trainable parameter count: 8.95M
INFO: Trainable parameter count: 8.95M
INFO: Trainable parameter count: 8.96M
INFO: Trainable parameter count: 8.96M
INFO: Trainable parameter count: 8.96M
INFO: Trainable parameter count: 8.96M
INFO: Trainable parameter count: 9.74M
INFO: Trainable parameter count: 9.74M
INFO: Trainable parameter count: 9.74M
INFO: Trainable parameter count: 9.74M
INFO: Trainable parameter count: 9.75M
INFO: Trainable parameter count: 9.75M
INFO: Trainable parameter count: 10.01M
INFO: Trainable parameter count: 10.01M
INFO: Trainable parameter count: 10.27M
INFO: Trainable parameter count: 10.27M
INFO: Trainable parameter count: 10.53M
INFO: Trainable parameter count: 10.53M
INFO: Trainable parameter count: 10.80M
INFO: Trainable parameter count: 10.80M
INFO: Trainable parameter count: 11.06M
INFO: Trainable parameter count: 11.06M
INFO: Trainable parameter count: 11.32M
INFO: Trainable parameter count: 11.32M
INFO: Trainable parameter count: 11.58M
INFO: Trainable parameter count: 11.58M
INFO: Trainable parameter count: 11.85M
INFO: Trainable parameter count: 11.85M
INFO: Trainable parameter count: 12.90M
INFO: Trainable parameter count: 12.90M
INFO: Trainable parameter count: 13.95M
INFO: Trainable parameter count: 13.95M
INFO: Trainable parameter count: 13.95M
INFO: Trainable parameter count: 13.95M
INFO: Trainable parameter count: 13.95M
INFO: Trainable parameter count: 13.95M
INFO: Trainable parameter count: 13.95M
INFO: Trainable parameter count: 13.95M
INFO: Trainable parameter count: 13.95M
INFO: Trainable parameter count: 13.95M
INFO: Trainable parameter count: 14.39M
INFO: Trainable parameter count: 14.39M
