Args in experiment:
Namespace(is_training=1, model_id='weather_96_96', model='Transformer', data='custom', root_path='./dataset/', data_path='weather.csv', features='M', target='OT', freq='h', checkpoints='./checkpoints/', seq_len=96, label_len=48, pred_len=96, individual=False, embed_type=0, enc_in=21, dec_in=21, c_out=21, d_model=512, n_heads=8, e_layers=2, d_layers=1, d_ff=2048, moving_avg=25, factor=3, distil=True, dropout=0.05, embed='timeF', activation='gelu', output_attention=False, do_predict=False, num_workers=10, itr=1, train_epochs=2, batch_size=32, patience=3, learning_rate=0.0001, des='Exp', loss='mse', lradj='type1', use_amp=False, use_gpu=True, gpu=9, use_multi_gpu=False, devices='0,1,2,3', test_flop=True)
Use GPU: cuda:9
>>>>>>>start training : weather_96_96_Transformer_custom_ftM_sl96_ll48_pl96_dm512_nh8_el2_dl1_df2048_fc3_ebtimeF_dtTrue_Exp_0>>>>>>>>>>>>>>>>>>>>>>>>>>
train 36696
val 5175
test 10444
	iters: 100, epoch: 1 | loss: 0.4803032
	speed: 0.1027s/iter; left time: 225.2626s
	iters: 200, epoch: 1 | loss: 0.2575133
	speed: 0.0328s/iter; left time: 68.7441s
	iters: 300, epoch: 1 | loss: 0.3911284
	speed: 0.0329s/iter; left time: 65.5264s
	iters: 400, epoch: 1 | loss: 0.1731949
	speed: 0.0345s/iter; left time: 65.2433s
	iters: 500, epoch: 1 | loss: 0.2057509
	speed: 0.0333s/iter; left time: 59.6498s
	iters: 600, epoch: 1 | loss: 0.2026431
	speed: 0.0321s/iter; left time: 54.3430s
	iters: 700, epoch: 1 | loss: 0.2031216
	speed: 0.0331s/iter; left time: 52.6859s
	iters: 800, epoch: 1 | loss: 1.1548127
	speed: 0.0332s/iter; left time: 49.4989s
	iters: 900, epoch: 1 | loss: 0.3501642
	speed: 0.0341s/iter; left time: 47.5339s
	iters: 1000, epoch: 1 | loss: 0.1767217
	speed: 0.0342s/iter; left time: 44.2083s
	iters: 1100, epoch: 1 | loss: 0.1427044
	speed: 0.0325s/iter; left time: 38.7873s
Epoch: 1 cost time: 45.0330331325531
Epoch: 1, Steps: 1146 | Train Loss: 0.3561280 Vali Loss: 0.5219539 Test Loss: 0.3295545
Validation loss decreased (inf --> 0.521954).  Saving model ...
Updating learning rate to 0.0001
	iters: 100, epoch: 2 | loss: 0.1654678
	speed: 0.1536s/iter; left time: 160.8587s
	iters: 200, epoch: 2 | loss: 0.1415590
	speed: 0.0341s/iter; left time: 32.3086s
	iters: 300, epoch: 2 | loss: 0.2524760
	speed: 0.0323s/iter; left time: 27.3679s
	iters: 400, epoch: 2 | loss: 0.1457494
	speed: 0.0343s/iter; left time: 25.6355s
	iters: 500, epoch: 2 | loss: 0.7634892
	speed: 0.0344s/iter; left time: 22.2459s
	iters: 600, epoch: 2 | loss: 0.1373442
	speed: 0.0335s/iter; left time: 18.3443s
	iters: 700, epoch: 2 | loss: 0.1986282
	speed: 0.0331s/iter; left time: 14.8173s
	iters: 800, epoch: 2 | loss: 0.1056733
	speed: 0.0342s/iter; left time: 11.8802s
	iters: 900, epoch: 2 | loss: 0.1405936
	speed: 0.0354s/iter; left time: 8.7376s
	iters: 1000, epoch: 2 | loss: 0.1692681
	speed: 0.0349s/iter; left time: 5.1313s
	iters: 1100, epoch: 2 | loss: 0.1394514
	speed: 0.0336s/iter; left time: 1.5807s
Epoch: 2 cost time: 40.16192817687988
Epoch: 2, Steps: 1146 | Train Loss: 0.2571875 Vali Loss: 0.5012130 Test Loss: 0.4092975
Validation loss decreased (0.521954 --> 0.501213).  Saving model ...
Updating learning rate to 5e-05
>>>>>>>testing : weather_96_96_Transformer_custom_ftM_sl96_ll48_pl96_dm512_nh8_el2_dl1_df2048_fc3_ebtimeF_dtTrue_Exp_0<<<<<<<<<<<<<<<<<<<<<<<<<<<<<<<<<
test 10444
mse:0.40929755568504333, mae:0.43807220458984375
INFO: Trainable parameter count: 0.03M
INFO: Trainable parameter count: 0.03M
INFO: Trainable parameter count: 0.07M
INFO: Trainable parameter count: 0.07M
INFO: Trainable parameter count: 0.33M
INFO: Trainable parameter count: 0.33M
INFO: Trainable parameter count: 0.59M
INFO: Trainable parameter count: 0.59M
INFO: Trainable parameter count: 0.86M
INFO: Trainable parameter count: 0.86M
INFO: Trainable parameter count: 1.12M
INFO: Trainable parameter count: 1.12M
INFO: Trainable parameter count: 2.17M
INFO: Trainable parameter count: 2.17M
INFO: Trainable parameter count: 3.22M
INFO: Trainable parameter count: 3.22M
INFO: Trainable parameter count: 3.22M
INFO: Trainable parameter count: 3.22M
INFO: Trainable parameter count: 3.22M
INFO: Trainable parameter count: 3.22M
INFO: Trainable parameter count: 3.48M
INFO: Trainable parameter count: 3.48M
INFO: Trainable parameter count: 3.75M
INFO: Trainable parameter count: 3.75M
INFO: Trainable parameter count: 4.01M
INFO: Trainable parameter count: 4.01M
INFO: Trainable parameter count: 4.27M
INFO: Trainable parameter count: 4.27M
INFO: Trainable parameter count: 5.32M
INFO: Trainable parameter count: 5.32M
INFO: Trainable parameter count: 6.37M
INFO: Trainable parameter count: 6.37M
INFO: Trainable parameter count: 6.37M
INFO: Trainable parameter count: 6.37M
INFO: Trainable parameter count: 6.37M
INFO: Trainable parameter count: 6.37M
INFO: Trainable parameter count: 6.37M
INFO: Trainable parameter count: 6.37M
INFO: Trainable parameter count: 6.64M
INFO: Trainable parameter count: 6.64M
INFO: Trainable parameter count: 6.90M
INFO: Trainable parameter count: 6.90M
INFO: Trainable parameter count: 7.16M
INFO: Trainable parameter count: 7.16M
INFO: Trainable parameter count: 7.42M
INFO: Trainable parameter count: 7.43M
INFO: Trainable parameter count: 7.69M
INFO: Trainable parameter count: 7.69M
INFO: Trainable parameter count: 7.95M
INFO: Trainable parameter count: 7.95M
INFO: Trainable parameter count: 8.21M
INFO: Trainable parameter count: 8.21M
INFO: Trainable parameter count: 8.48M
INFO: Trainable parameter count: 8.48M
INFO: Trainable parameter count: 9.52M
INFO: Trainable parameter count: 9.53M
INFO: Trainable parameter count: 10.57M
INFO: Trainable parameter count: 10.58M
INFO: Trainable parameter count: 10.58M
INFO: Trainable parameter count: 10.58M
INFO: Trainable parameter count: 10.58M
INFO: Trainable parameter count: 10.58M
INFO: Trainable parameter count: 10.58M
INFO: Trainable parameter count: 10.58M
INFO: Trainable parameter count: 10.58M
INFO: Trainable parameter count: 10.58M
INFO: Trainable parameter count: 10.59M
INFO: Trainable parameter count: 10.59M
