Args in experiment:
Namespace(is_training=1, model_id='traffic_96_192', model='Transformer', data='custom', root_path='./dataset/', data_path='traffic.csv', features='M', target='OT', freq='h', checkpoints='./checkpoints/', seq_len=96, label_len=48, pred_len=192, individual=False, embed_type=0, enc_in=862, dec_in=862, c_out=862, d_model=512, n_heads=8, e_layers=2, d_layers=1, d_ff=2048, moving_avg=25, factor=3, distil=True, dropout=0.05, embed='timeF', activation='gelu', output_attention=False, do_predict=False, num_workers=10, itr=1, train_epochs=3, batch_size=32, patience=3, learning_rate=0.0001, des='Exp', loss='mse', lradj='type1', use_amp=False, use_gpu=True, gpu=8, use_multi_gpu=False, devices='0,1,2,3', test_flop=True)
Use GPU: cuda:8
>>>>>>>start training : traffic_96_192_Transformer_custom_ftM_sl96_ll48_pl192_dm512_nh8_el2_dl1_df2048_fc3_ebtimeF_dtTrue_Exp_0>>>>>>>>>>>>>>>>>>>>>>>>>>
train 11993
val 1565
test 3317
	iters: 100, epoch: 1 | loss: 0.5609372
	speed: 0.1263s/iter; left time: 129.2543s
	iters: 200, epoch: 1 | loss: 0.4101856
	speed: 0.0724s/iter; left time: 66.7813s
	iters: 300, epoch: 1 | loss: 0.3275422
	speed: 0.0727s/iter; left time: 59.8070s
Epoch: 1 cost time: 32.11251950263977
Epoch: 1, Steps: 374 | Train Loss: 0.4946977 Vali Loss: 0.5337565 Test Loss: 0.6776569
Validation loss decreased (inf --> 0.533756).  Saving model ...
Updating learning rate to 0.0001
	iters: 100, epoch: 2 | loss: 0.2832406
	speed: 0.2828s/iter; left time: 183.5678s
	iters: 200, epoch: 2 | loss: 0.2518507
	speed: 0.0760s/iter; left time: 41.7320s
	iters: 300, epoch: 2 | loss: 0.2515645
	speed: 0.0752s/iter; left time: 33.7861s
Epoch: 2 cost time: 31.29486656188965
Epoch: 2, Steps: 374 | Train Loss: 0.2685269 Vali Loss: 0.4994252 Test Loss: 0.6452216
Validation loss decreased (0.533756 --> 0.499425).  Saving model ...
Updating learning rate to 5e-05
	iters: 100, epoch: 3 | loss: 0.2262922
	speed: 0.2754s/iter; left time: 75.7273s
	iters: 200, epoch: 3 | loss: 0.2290762
	speed: 0.0758s/iter; left time: 13.2663s
	iters: 300, epoch: 3 | loss: 0.2369360
	speed: 0.0768s/iter; left time: 5.7616s
Epoch: 3 cost time: 29.66655683517456
Epoch: 3, Steps: 374 | Train Loss: 0.2364360 Vali Loss: 0.4936151 Test Loss: 0.6481616
Validation loss decreased (0.499425 --> 0.493615).  Saving model ...
Updating learning rate to 2.5e-05
>>>>>>>testing : traffic_96_192_Transformer_custom_ftM_sl96_ll48_pl192_dm512_nh8_el2_dl1_df2048_fc3_ebtimeF_dtTrue_Exp_0<<<<<<<<<<<<<<<<<<<<<<<<<<<<<<<<<
test 3317
mse:0.64815753698349, mae:0.35510990023612976
INFO: Trainable parameter count: 1.32M
INFO: Trainable parameter count: 1.33M
INFO: Trainable parameter count: 2.65M
INFO: Trainable parameter count: 2.65M
INFO: Trainable parameter count: 2.91M
INFO: Trainable parameter count: 2.91M
INFO: Trainable parameter count: 3.18M
INFO: Trainable parameter count: 3.18M
INFO: Trainable parameter count: 3.44M
INFO: Trainable parameter count: 3.44M
INFO: Trainable parameter count: 3.70M
INFO: Trainable parameter count: 3.70M
INFO: Trainable parameter count: 4.75M
INFO: Trainable parameter count: 4.75M
INFO: Trainable parameter count: 5.80M
INFO: Trainable parameter count: 5.80M
INFO: Trainable parameter count: 5.80M
INFO: Trainable parameter count: 5.80M
INFO: Trainable parameter count: 5.80M
INFO: Trainable parameter count: 5.80M
INFO: Trainable parameter count: 6.07M
INFO: Trainable parameter count: 6.07M
INFO: Trainable parameter count: 6.33M
INFO: Trainable parameter count: 6.33M
INFO: Trainable parameter count: 6.59M
INFO: Trainable parameter count: 6.59M
INFO: Trainable parameter count: 6.85M
INFO: Trainable parameter count: 6.86M
INFO: Trainable parameter count: 7.90M
INFO: Trainable parameter count: 7.91M
INFO: Trainable parameter count: 8.95M
INFO: Trainable parameter count: 8.95M
INFO: Trainable parameter count: 8.96M
INFO: Trainable parameter count: 8.96M
INFO: Trainable parameter count: 8.96M
INFO: Trainable parameter count: 8.96M
INFO: Trainable parameter count: 8.96M
INFO: Trainable parameter count: 8.96M
INFO: Trainable parameter count: 9.22M
INFO: Trainable parameter count: 9.22M
INFO: Trainable parameter count: 9.48M
INFO: Trainable parameter count: 9.48M
INFO: Trainable parameter count: 9.75M
INFO: Trainable parameter count: 9.75M
INFO: Trainable parameter count: 10.01M
INFO: Trainable parameter count: 10.01M
INFO: Trainable parameter count: 10.27M
INFO: Trainable parameter count: 10.27M
INFO: Trainable parameter count: 10.53M
INFO: Trainable parameter count: 10.53M
INFO: Trainable parameter count: 10.80M
INFO: Trainable parameter count: 10.80M
INFO: Trainable parameter count: 11.06M
INFO: Trainable parameter count: 11.06M
INFO: Trainable parameter count: 12.11M
INFO: Trainable parameter count: 12.11M
INFO: Trainable parameter count: 13.16M
INFO: Trainable parameter count: 13.16M
INFO: Trainable parameter count: 13.16M
INFO: Trainable parameter count: 13.16M
INFO: Trainable parameter count: 13.16M
INFO: Trainable parameter count: 13.16M
INFO: Trainable parameter count: 13.16M
INFO: Trainable parameter count: 13.16M
INFO: Trainable parameter count: 13.16M
INFO: Trainable parameter count: 13.16M
INFO: Trainable parameter count: 13.60M
INFO: Trainable parameter count: 13.61M
