Args in experiment:
Namespace(is_training=1, model_id='ETTm2_96_336', model='Transformer', data='ETTm2', root_path='./dataset/', data_path='ETTm2.csv', features='M', target='OT', freq='h', checkpoints='./checkpoints/', seq_len=96, label_len=48, pred_len=336, individual=False, embed_type=0, enc_in=7, dec_in=7, c_out=7, d_model=512, n_heads=8, e_layers=2, d_layers=1, d_ff=2048, moving_avg=25, factor=3, distil=True, dropout=0.05, embed='timeF', activation='gelu', output_attention=False, do_predict=False, num_workers=10, itr=1, train_epochs=10, batch_size=32, patience=3, learning_rate=0.0001, des='Exp', loss='mse', lradj='type1', use_amp=False, use_gpu=True, gpu=5, use_multi_gpu=False, devices='0,1,2,3', test_flop=True)
Use GPU: cuda:5
>>>>>>>start training : ETTm2_96_336_Transformer_ETTm2_ftM_sl96_ll48_pl336_dm512_nh8_el2_dl1_df2048_fc3_ebtimeF_dtTrue_Exp_0>>>>>>>>>>>>>>>>>>>>>>>>>>
train 34129
val 11185
test 11185
	iters: 100, epoch: 1 | loss: 0.3929151
	speed: 0.1310s/iter; left time: 1383.5247s
	iters: 200, epoch: 1 | loss: 0.3032140
	speed: 0.0538s/iter; left time: 562.8170s
	iters: 300, epoch: 1 | loss: 0.3905607
	speed: 0.0527s/iter; left time: 545.6244s
	iters: 400, epoch: 1 | loss: 0.3151907
	speed: 0.0527s/iter; left time: 541.1324s
	iters: 500, epoch: 1 | loss: 0.1518038
	speed: 0.0530s/iter; left time: 538.6896s
	iters: 600, epoch: 1 | loss: 0.2139819
	speed: 0.0531s/iter; left time: 533.9507s
	iters: 700, epoch: 1 | loss: 0.2356958
	speed: 0.0525s/iter; left time: 523.2999s
	iters: 800, epoch: 1 | loss: 0.1544617
	speed: 0.0536s/iter; left time: 528.1838s
	iters: 900, epoch: 1 | loss: 0.1678730
	speed: 0.0523s/iter; left time: 510.3939s
	iters: 1000, epoch: 1 | loss: 0.1398054
	speed: 0.0533s/iter; left time: 514.7277s
Epoch: 1 cost time: 64.39107060432434
Epoch: 1, Steps: 1066 | Train Loss: 0.2231119 Vali Loss: 0.4760969 Test Loss: 1.2032259
Validation loss decreased (inf --> 0.476097).  Saving model ...
Updating learning rate to 0.0001
	iters: 100, epoch: 2 | loss: 0.1697153
	speed: 0.2971s/iter; left time: 2821.4149s
	iters: 200, epoch: 2 | loss: 0.1296575
	speed: 0.0520s/iter; left time: 488.5680s
	iters: 300, epoch: 2 | loss: 0.1344609
	speed: 0.0520s/iter; left time: 483.7983s
	iters: 400, epoch: 2 | loss: 0.1302979
	speed: 0.0531s/iter; left time: 488.2181s
	iters: 500, epoch: 2 | loss: 0.1465453
	speed: 0.0524s/iter; left time: 476.9559s
	iters: 600, epoch: 2 | loss: 0.1655523
	speed: 0.0536s/iter; left time: 482.3572s
	iters: 700, epoch: 2 | loss: 0.1406015
	speed: 0.0560s/iter; left time: 498.1076s
	iters: 800, epoch: 2 | loss: 0.1251141
	speed: 0.0528s/iter; left time: 464.2993s
	iters: 900, epoch: 2 | loss: 0.1157683
	speed: 0.0533s/iter; left time: 463.2875s
	iters: 1000, epoch: 2 | loss: 0.1014916
	speed: 0.0544s/iter; left time: 467.7125s
Epoch: 2 cost time: 58.656845569610596
Epoch: 2, Steps: 1066 | Train Loss: 0.1263563 Vali Loss: 0.7147923 Test Loss: 1.5440910
EarlyStopping counter: 1 out of 3
Updating learning rate to 5e-05
	iters: 100, epoch: 3 | loss: 0.0958870
	speed: 0.2910s/iter; left time: 2452.9530s
	iters: 200, epoch: 3 | loss: 0.0887190
	speed: 0.0537s/iter; left time: 446.8735s
	iters: 300, epoch: 3 | loss: 0.0867482
	speed: 0.0518s/iter; left time: 426.6661s
	iters: 400, epoch: 3 | loss: 0.1075541
	speed: 0.0565s/iter; left time: 459.2956s
	iters: 500, epoch: 3 | loss: 0.1039036
	speed: 0.0531s/iter; left time: 426.0006s
	iters: 600, epoch: 3 | loss: 0.0794405
	speed: 0.0530s/iter; left time: 420.0631s
	iters: 700, epoch: 3 | loss: 0.0897137
	speed: 0.0520s/iter; left time: 407.0844s
	iters: 800, epoch: 3 | loss: 0.0907897
	speed: 0.0511s/iter; left time: 395.0022s
	iters: 900, epoch: 3 | loss: 0.0816628
	speed: 0.0527s/iter; left time: 402.2461s
	iters: 1000, epoch: 3 | loss: 0.0810143
	speed: 0.0530s/iter; left time: 399.2681s
Epoch: 3 cost time: 58.20059108734131
Epoch: 3, Steps: 1066 | Train Loss: 0.0896494 Vali Loss: 0.7393132 Test Loss: 1.6102704
EarlyStopping counter: 2 out of 3
Updating learning rate to 2.5e-05
	iters: 100, epoch: 4 | loss: 0.0784715
	speed: 0.2647s/iter; left time: 1949.3345s
	iters: 200, epoch: 4 | loss: 0.0784795
	speed: 0.0516s/iter; left time: 374.7061s
	iters: 300, epoch: 4 | loss: 0.0838900
	speed: 0.0521s/iter; left time: 373.0873s
	iters: 400, epoch: 4 | loss: 0.0645408
	speed: 0.0528s/iter; left time: 373.2221s
	iters: 500, epoch: 4 | loss: 0.0736819
	speed: 0.0547s/iter; left time: 380.5761s
	iters: 600, epoch: 4 | loss: 0.0729181
	speed: 0.0551s/iter; left time: 378.1663s
	iters: 700, epoch: 4 | loss: 0.0774313
	speed: 0.0512s/iter; left time: 346.0705s
	iters: 800, epoch: 4 | loss: 0.0762449
	speed: 0.0520s/iter; left time: 346.4908s
	iters: 900, epoch: 4 | loss: 0.0807403
	speed: 0.0512s/iter; left time: 335.7853s
	iters: 1000, epoch: 4 | loss: 0.0867680
	speed: 0.0542s/iter; left time: 350.0842s
Epoch: 4 cost time: 57.887030601501465
Epoch: 4, Steps: 1066 | Train Loss: 0.0764355 Vali Loss: 0.8111170 Test Loss: 1.5741696
EarlyStopping counter: 3 out of 3
Early stopping
>>>>>>>testing : ETTm2_96_336_Transformer_ETTm2_ftM_sl96_ll48_pl336_dm512_nh8_el2_dl1_df2048_fc3_ebtimeF_dtTrue_Exp_0<<<<<<<<<<<<<<<<<<<<<<<<<<<<<<<<<
test 11185
mse:1.2032259702682495, mae:0.8336796760559082
INFO: Trainable parameter count: 0.01M
INFO: Trainable parameter count: 0.01M
INFO: Trainable parameter count: 0.02M
INFO: Trainable parameter count: 0.03M
INFO: Trainable parameter count: 0.29M
INFO: Trainable parameter count: 0.29M
INFO: Trainable parameter count: 0.55M
INFO: Trainable parameter count: 0.55M
INFO: Trainable parameter count: 0.81M
INFO: Trainable parameter count: 0.81M
INFO: Trainable parameter count: 1.08M
INFO: Trainable parameter count: 1.08M
INFO: Trainable parameter count: 2.12M
INFO: Trainable parameter count: 2.13M
INFO: Trainable parameter count: 3.18M
INFO: Trainable parameter count: 3.18M
INFO: Trainable parameter count: 3.18M
INFO: Trainable parameter count: 3.18M
INFO: Trainable parameter count: 3.18M
INFO: Trainable parameter count: 3.18M
INFO: Trainable parameter count: 3.44M
INFO: Trainable parameter count: 3.44M
INFO: Trainable parameter count: 3.70M
INFO: Trainable parameter count: 3.70M
INFO: Trainable parameter count: 3.97M
INFO: Trainable parameter count: 3.97M
INFO: Trainable parameter count: 4.23M
INFO: Trainable parameter count: 4.23M
INFO: Trainable parameter count: 5.28M
INFO: Trainable parameter count: 5.28M
INFO: Trainable parameter count: 6.33M
INFO: Trainable parameter count: 6.33M
INFO: Trainable parameter count: 6.33M
INFO: Trainable parameter count: 6.33M
INFO: Trainable parameter count: 6.33M
INFO: Trainable parameter count: 6.33M
INFO: Trainable parameter count: 6.33M
INFO: Trainable parameter count: 6.33M
INFO: Trainable parameter count: 6.59M
INFO: Trainable parameter count: 6.59M
INFO: Trainable parameter count: 6.86M
INFO: Trainable parameter count: 6.86M
INFO: Trainable parameter count: 7.12M
INFO: Trainable parameter count: 7.12M
INFO: Trainable parameter count: 7.38M
INFO: Trainable parameter count: 7.38M
INFO: Trainable parameter count: 7.64M
INFO: Trainable parameter count: 7.64M
INFO: Trainable parameter count: 7.91M
INFO: Trainable parameter count: 7.91M
INFO: Trainable parameter count: 8.17M
INFO: Trainable parameter count: 8.17M
INFO: Trainable parameter count: 8.43M
INFO: Trainable parameter count: 8.43M
INFO: Trainable parameter count: 9.48M
INFO: Trainable parameter count: 9.48M
INFO: Trainable parameter count: 10.53M
INFO: Trainable parameter count: 10.53M
INFO: Trainable parameter count: 10.53M
INFO: Trainable parameter count: 10.53M
INFO: Trainable parameter count: 10.53M
INFO: Trainable parameter count: 10.53M
INFO: Trainable parameter count: 10.53M
INFO: Trainable parameter count: 10.54M
INFO: Trainable parameter count: 10.54M
INFO: Trainable parameter count: 10.54M
INFO: Trainable parameter count: 10.54M
INFO: Trainable parameter count: 10.54M
