Args in experiment:
Namespace(is_training=1, model_id='electricity_96_192', model='Transformer', data='custom', root_path='./dataset/', data_path='electricity.csv', features='M', target='OT', freq='h', checkpoints='./checkpoints/', seq_len=96, label_len=48, pred_len=192, individual=False, embed_type=0, enc_in=321, dec_in=321, c_out=321, d_model=512, n_heads=8, e_layers=2, d_layers=1, d_ff=2048, moving_avg=25, factor=3, distil=True, dropout=0.05, embed='timeF', activation='gelu', output_attention=False, do_predict=False, num_workers=10, itr=1, train_epochs=10, batch_size=32, patience=3, learning_rate=0.0001, des='Exp', loss='mse', lradj='type1', use_amp=False, use_gpu=True, gpu=1, use_multi_gpu=False, devices='0,1,2,3', test_flop=True)
Use GPU: cuda:1
>>>>>>>start training : electricity_96_192_Transformer_custom_ftM_sl96_ll48_pl192_dm512_nh8_el2_dl1_df2048_fc3_ebtimeF_dtTrue_Exp_0>>>>>>>>>>>>>>>>>>>>>>>>>>
train 18125
val 2441
test 5069
	iters: 100, epoch: 1 | loss: 0.3514367
	speed: 0.1165s/iter; left time: 647.8335s
	iters: 200, epoch: 1 | loss: 0.2746910
	speed: 0.0534s/iter; left time: 291.8067s
	iters: 300, epoch: 1 | loss: 0.2462682
	speed: 0.0535s/iter; left time: 286.9242s
	iters: 400, epoch: 1 | loss: 0.2231143
	speed: 0.0536s/iter; left time: 282.1870s
	iters: 500, epoch: 1 | loss: 0.2256582
	speed: 0.0534s/iter; left time: 275.6405s
Epoch: 1 cost time: 36.375418186187744
Epoch: 1, Steps: 566 | Train Loss: 0.2989243 Vali Loss: 0.2515275 Test Loss: 0.3119982
Validation loss decreased (inf --> 0.251528).  Saving model ...
Updating learning rate to 0.0001
	iters: 100, epoch: 2 | loss: 0.1876461
	speed: 0.2231s/iter; left time: 1114.3876s
	iters: 200, epoch: 2 | loss: 0.1586892
	speed: 0.0533s/iter; left time: 260.8086s
	iters: 300, epoch: 2 | loss: 0.1623137
	speed: 0.0526s/iter; left time: 252.2186s
	iters: 400, epoch: 2 | loss: 0.1432332
	speed: 0.0542s/iter; left time: 254.3974s
	iters: 500, epoch: 2 | loss: 0.1351017
	speed: 0.0547s/iter; left time: 251.5552s
Epoch: 2 cost time: 32.05320858955383
Epoch: 2, Steps: 566 | Train Loss: 0.1648198 Vali Loss: 0.2046647 Test Loss: 0.2768421
Validation loss decreased (0.251528 --> 0.204665).  Saving model ...
Updating learning rate to 5e-05
	iters: 100, epoch: 3 | loss: 0.1296185
	speed: 0.2304s/iter; left time: 1020.4399s
	iters: 200, epoch: 3 | loss: 0.1419820
	speed: 0.0544s/iter; left time: 235.3871s
	iters: 300, epoch: 3 | loss: 0.1343824
	speed: 0.0545s/iter; left time: 230.5101s
	iters: 400, epoch: 3 | loss: 0.1308865
	speed: 0.0542s/iter; left time: 223.8839s
	iters: 500, epoch: 3 | loss: 0.1365951
	speed: 0.0548s/iter; left time: 220.9689s
Epoch: 3 cost time: 32.22904348373413
Epoch: 3, Steps: 566 | Train Loss: 0.1371990 Vali Loss: 0.2045696 Test Loss: 0.2740842
Validation loss decreased (0.204665 --> 0.204570).  Saving model ...
Updating learning rate to 2.5e-05
	iters: 100, epoch: 4 | loss: 0.1354457
	speed: 0.2295s/iter; left time: 886.6240s
	iters: 200, epoch: 4 | loss: 0.1305382
	speed: 0.0531s/iter; left time: 199.6981s
	iters: 300, epoch: 4 | loss: 0.1292176
	speed: 0.0533s/iter; left time: 195.2989s
	iters: 400, epoch: 4 | loss: 0.1331588
	speed: 0.0532s/iter; left time: 189.6324s
	iters: 500, epoch: 4 | loss: 0.1233035
	speed: 0.0543s/iter; left time: 187.9953s
Epoch: 4 cost time: 32.312233209609985
Epoch: 4, Steps: 566 | Train Loss: 0.1277945 Vali Loss: 0.2057220 Test Loss: 0.2782293
EarlyStopping counter: 1 out of 3
Updating learning rate to 1.25e-05
	iters: 100, epoch: 5 | loss: 0.1267952
	speed: 0.2524s/iter; left time: 832.2558s
	iters: 200, epoch: 5 | loss: 0.1307735
	speed: 0.0535s/iter; left time: 170.9041s
	iters: 300, epoch: 5 | loss: 0.1201984
	speed: 0.0545s/iter; left time: 168.7124s
	iters: 400, epoch: 5 | loss: 0.1158585
	speed: 0.0582s/iter; left time: 174.5686s
	iters: 500, epoch: 5 | loss: 0.1155922
	speed: 0.0570s/iter; left time: 165.0221s
Epoch: 5 cost time: 33.23939085006714
Epoch: 5, Steps: 566 | Train Loss: 0.1227565 Vali Loss: 0.2072121 Test Loss: 0.2776417
EarlyStopping counter: 2 out of 3
Updating learning rate to 6.25e-06
	iters: 100, epoch: 6 | loss: 0.1157918
	speed: 0.2513s/iter; left time: 686.3205s
	iters: 200, epoch: 6 | loss: 0.1237438
	speed: 0.0665s/iter; left time: 175.0891s
	iters: 300, epoch: 6 | loss: 0.1131425
	speed: 0.0674s/iter; left time: 170.5415s
	iters: 400, epoch: 6 | loss: 0.1208689
	speed: 0.0657s/iter; left time: 159.8381s
	iters: 500, epoch: 6 | loss: 0.1155711
	speed: 0.0665s/iter; left time: 155.0881s
Epoch: 6 cost time: 39.4395010471344
Epoch: 6, Steps: 566 | Train Loss: 0.1201458 Vali Loss: 0.2063438 Test Loss: 0.2793737
EarlyStopping counter: 3 out of 3
Early stopping
>>>>>>>testing : electricity_96_192_Transformer_custom_ftM_sl96_ll48_pl192_dm512_nh8_el2_dl1_df2048_fc3_ebtimeF_dtTrue_Exp_0<<<<<<<<<<<<<<<<<<<<<<<<<<<<<<<<<
test 5069
mse:0.274085134267807, mae:0.3754796087741852
INFO: Trainable parameter count: 0.49M
INFO: Trainable parameter count: 0.50M
INFO: Trainable parameter count: 0.99M
INFO: Trainable parameter count: 0.99M
INFO: Trainable parameter count: 1.25M
INFO: Trainable parameter count: 1.25M
INFO: Trainable parameter count: 1.52M
INFO: Trainable parameter count: 1.52M
INFO: Trainable parameter count: 1.78M
INFO: Trainable parameter count: 1.78M
INFO: Trainable parameter count: 2.04M
INFO: Trainable parameter count: 2.04M
INFO: Trainable parameter count: 3.09M
INFO: Trainable parameter count: 3.09M
INFO: Trainable parameter count: 4.14M
INFO: Trainable parameter count: 4.14M
INFO: Trainable parameter count: 4.14M
INFO: Trainable parameter count: 4.14M
INFO: Trainable parameter count: 4.14M
INFO: Trainable parameter count: 4.14M
INFO: Trainable parameter count: 4.40M
INFO: Trainable parameter count: 4.41M
INFO: Trainable parameter count: 4.67M
INFO: Trainable parameter count: 4.67M
INFO: Trainable parameter count: 4.93M
INFO: Trainable parameter count: 4.93M
INFO: Trainable parameter count: 5.19M
INFO: Trainable parameter count: 5.19M
INFO: Trainable parameter count: 6.24M
INFO: Trainable parameter count: 6.24M
INFO: Trainable parameter count: 7.29M
INFO: Trainable parameter count: 7.29M
INFO: Trainable parameter count: 7.29M
INFO: Trainable parameter count: 7.29M
INFO: Trainable parameter count: 7.29M
INFO: Trainable parameter count: 7.29M
INFO: Trainable parameter count: 7.30M
INFO: Trainable parameter count: 7.30M
INFO: Trainable parameter count: 7.56M
INFO: Trainable parameter count: 7.56M
INFO: Trainable parameter count: 7.82M
INFO: Trainable parameter count: 7.82M
INFO: Trainable parameter count: 8.08M
INFO: Trainable parameter count: 8.08M
INFO: Trainable parameter count: 8.35M
INFO: Trainable parameter count: 8.35M
INFO: Trainable parameter count: 8.61M
INFO: Trainable parameter count: 8.61M
INFO: Trainable parameter count: 8.87M
INFO: Trainable parameter count: 8.87M
INFO: Trainable parameter count: 9.13M
INFO: Trainable parameter count: 9.13M
INFO: Trainable parameter count: 9.40M
INFO: Trainable parameter count: 9.40M
INFO: Trainable parameter count: 10.45M
INFO: Trainable parameter count: 10.45M
INFO: Trainable parameter count: 11.50M
INFO: Trainable parameter count: 11.50M
INFO: Trainable parameter count: 11.50M
INFO: Trainable parameter count: 11.50M
INFO: Trainable parameter count: 11.50M
INFO: Trainable parameter count: 11.50M
INFO: Trainable parameter count: 11.50M
INFO: Trainable parameter count: 11.50M
INFO: Trainable parameter count: 11.50M
INFO: Trainable parameter count: 11.50M
INFO: Trainable parameter count: 11.67M
INFO: Trainable parameter count: 11.67M
