Args in experiment:
Namespace(is_training=1, model_id='ETTm1_96_96', model='Transformer', data='ETTm1', root_path='./dataset/', data_path='ETTm1.csv', features='M', target='OT', freq='h', checkpoints='./checkpoints/', seq_len=96, label_len=48, pred_len=96, individual=False, embed_type=0, enc_in=7, dec_in=7, c_out=7, d_model=512, n_heads=8, e_layers=2, d_layers=1, d_ff=2048, moving_avg=25, factor=3, distil=True, dropout=0.05, embed='timeF', activation='gelu', output_attention=False, do_predict=False, num_workers=10, itr=1, train_epochs=10, batch_size=32, patience=3, learning_rate=0.0001, des='Exp', loss='mse', lradj='type1', use_amp=False, use_gpu=True, gpu=4, use_multi_gpu=False, devices='0,1,2,3', test_flop=True)
Use GPU: cuda:4
>>>>>>>start training : ETTm1_96_96_Transformer_ETTm1_ftM_sl96_ll48_pl96_dm512_nh8_el2_dl1_df2048_fc3_ebtimeF_dtTrue_Exp_0>>>>>>>>>>>>>>>>>>>>>>>>>>
train 34369
val 11425
test 11425
	iters: 100, epoch: 1 | loss: 0.3330254
	speed: 0.0967s/iter; left time: 1029.0095s
	iters: 200, epoch: 1 | loss: 0.2643601
	speed: 0.0321s/iter; left time: 338.1940s
	iters: 300, epoch: 1 | loss: 0.2484214
	speed: 0.0303s/iter; left time: 316.4919s
	iters: 400, epoch: 1 | loss: 0.2147208
	speed: 0.0305s/iter; left time: 315.8250s
	iters: 500, epoch: 1 | loss: 0.1963365
	speed: 0.0304s/iter; left time: 311.3086s
	iters: 600, epoch: 1 | loss: 0.2068070
	speed: 0.0303s/iter; left time: 307.7548s
	iters: 700, epoch: 1 | loss: 0.2349394
	speed: 0.0304s/iter; left time: 305.5729s
	iters: 800, epoch: 1 | loss: 0.1909177
	speed: 0.0303s/iter; left time: 300.9102s
	iters: 900, epoch: 1 | loss: 0.1571015
	speed: 0.0302s/iter; left time: 297.1642s
	iters: 1000, epoch: 1 | loss: 0.1511634
	speed: 0.0309s/iter; left time: 300.7988s
Epoch: 1 cost time: 39.566375970840454
Epoch: 1, Steps: 1074 | Train Loss: 0.2399550 Vali Loss: 0.6827503 Test Loss: 0.6288638
Validation loss decreased (inf --> 0.682750).  Saving model ...
Updating learning rate to 0.0001
	iters: 100, epoch: 2 | loss: 0.1934583
	speed: 0.1771s/iter; left time: 1694.1471s
	iters: 200, epoch: 2 | loss: 0.1335380
	speed: 0.0311s/iter; left time: 294.8190s
	iters: 300, epoch: 2 | loss: 0.1335431
	speed: 0.0300s/iter; left time: 280.5792s
	iters: 400, epoch: 2 | loss: 0.1411912
	speed: 0.0303s/iter; left time: 280.3410s
	iters: 500, epoch: 2 | loss: 0.1175254
	speed: 0.0305s/iter; left time: 279.2736s
	iters: 600, epoch: 2 | loss: 0.1183159
	speed: 0.0313s/iter; left time: 283.9838s
	iters: 700, epoch: 2 | loss: 0.1234719
	speed: 0.0299s/iter; left time: 268.3703s
	iters: 800, epoch: 2 | loss: 0.0960091
	speed: 0.0302s/iter; left time: 267.5725s
	iters: 900, epoch: 2 | loss: 0.1024334
	speed: 0.0301s/iter; left time: 263.4672s
	iters: 1000, epoch: 2 | loss: 0.1128879
	speed: 0.0304s/iter; left time: 263.6918s
Epoch: 2 cost time: 34.14934277534485
Epoch: 2, Steps: 1074 | Train Loss: 0.1242866 Vali Loss: 0.6864584 Test Loss: 0.5811523
EarlyStopping counter: 1 out of 3
Updating learning rate to 5e-05
	iters: 100, epoch: 3 | loss: 0.0816239
	speed: 0.1754s/iter; left time: 1489.7376s
	iters: 200, epoch: 3 | loss: 0.0786204
	speed: 0.0302s/iter; left time: 253.3711s
	iters: 300, epoch: 3 | loss: 0.0815523
	speed: 0.0297s/iter; left time: 246.1487s
	iters: 400, epoch: 3 | loss: 0.0758634
	speed: 0.0302s/iter; left time: 247.1890s
	iters: 500, epoch: 3 | loss: 0.0904946
	speed: 0.0298s/iter; left time: 241.5500s
	iters: 600, epoch: 3 | loss: 0.0760319
	speed: 0.0300s/iter; left time: 240.0046s
	iters: 700, epoch: 3 | loss: 0.0714208
	speed: 0.0304s/iter; left time: 240.0758s
	iters: 800, epoch: 3 | loss: 0.0741987
	speed: 0.0305s/iter; left time: 237.9976s
	iters: 900, epoch: 3 | loss: 0.0730388
	speed: 0.0327s/iter; left time: 251.2282s
	iters: 1000, epoch: 3 | loss: 0.0794923
	speed: 0.0306s/iter; left time: 232.6265s
Epoch: 3 cost time: 34.37449860572815
Epoch: 3, Steps: 1074 | Train Loss: 0.0803953 Vali Loss: 0.7016336 Test Loss: 0.5313841
EarlyStopping counter: 2 out of 3
Updating learning rate to 2.5e-05
	iters: 100, epoch: 4 | loss: 0.0729729
	speed: 0.1846s/iter; left time: 1369.7497s
	iters: 200, epoch: 4 | loss: 0.0673659
	speed: 0.0302s/iter; left time: 221.1905s
	iters: 300, epoch: 4 | loss: 0.0671285
	speed: 0.0304s/iter; left time: 219.1256s
	iters: 400, epoch: 4 | loss: 0.0717200
	speed: 0.0308s/iter; left time: 219.3828s
	iters: 500, epoch: 4 | loss: 0.0712342
	speed: 0.0326s/iter; left time: 228.6082s
	iters: 600, epoch: 4 | loss: 0.0593003
	speed: 0.0303s/iter; left time: 209.5551s
	iters: 700, epoch: 4 | loss: 0.0639606
	speed: 0.0302s/iter; left time: 205.8446s
	iters: 800, epoch: 4 | loss: 0.0614843
	speed: 0.0309s/iter; left time: 207.3122s
	iters: 900, epoch: 4 | loss: 0.0710636
	speed: 0.0300s/iter; left time: 198.2586s
	iters: 1000, epoch: 4 | loss: 0.0631758
	speed: 0.0312s/iter; left time: 203.6047s
Epoch: 4 cost time: 34.832764625549316
Epoch: 4, Steps: 1074 | Train Loss: 0.0666803 Vali Loss: 0.7161178 Test Loss: 0.5411059
EarlyStopping counter: 3 out of 3
Early stopping
>>>>>>>testing : ETTm1_96_96_Transformer_ETTm1_ftM_sl96_ll48_pl96_dm512_nh8_el2_dl1_df2048_fc3_ebtimeF_dtTrue_Exp_0<<<<<<<<<<<<<<<<<<<<<<<<<<<<<<<<<
test 11425
mse:0.6288635730743408, mae:0.5755290389060974
INFO: Trainable parameter count: 0.01M
INFO: Trainable parameter count: 0.01M
INFO: Trainable parameter count: 0.02M
INFO: Trainable parameter count: 0.03M
INFO: Trainable parameter count: 0.29M
INFO: Trainable parameter count: 0.29M
INFO: Trainable parameter count: 0.55M
INFO: Trainable parameter count: 0.55M
INFO: Trainable parameter count: 0.81M
INFO: Trainable parameter count: 0.81M
INFO: Trainable parameter count: 1.08M
INFO: Trainable parameter count: 1.08M
INFO: Trainable parameter count: 2.12M
INFO: Trainable parameter count: 2.13M
INFO: Trainable parameter count: 3.18M
INFO: Trainable parameter count: 3.18M
INFO: Trainable parameter count: 3.18M
INFO: Trainable parameter count: 3.18M
INFO: Trainable parameter count: 3.18M
INFO: Trainable parameter count: 3.18M
INFO: Trainable parameter count: 3.44M
INFO: Trainable parameter count: 3.44M
INFO: Trainable parameter count: 3.70M
INFO: Trainable parameter count: 3.70M
INFO: Trainable parameter count: 3.97M
INFO: Trainable parameter count: 3.97M
INFO: Trainable parameter count: 4.23M
INFO: Trainable parameter count: 4.23M
INFO: Trainable parameter count: 5.28M
INFO: Trainable parameter count: 5.28M
INFO: Trainable parameter count: 6.33M
INFO: Trainable parameter count: 6.33M
INFO: Trainable parameter count: 6.33M
INFO: Trainable parameter count: 6.33M
INFO: Trainable parameter count: 6.33M
INFO: Trainable parameter count: 6.33M
INFO: Trainable parameter count: 6.33M
INFO: Trainable parameter count: 6.33M
INFO: Trainable parameter count: 6.59M
INFO: Trainable parameter count: 6.59M
INFO: Trainable parameter count: 6.86M
INFO: Trainable parameter count: 6.86M
INFO: Trainable parameter count: 7.12M
INFO: Trainable parameter count: 7.12M
INFO: Trainable parameter count: 7.38M
INFO: Trainable parameter count: 7.38M
INFO: Trainable parameter count: 7.64M
INFO: Trainable parameter count: 7.64M
INFO: Trainable parameter count: 7.91M
INFO: Trainable parameter count: 7.91M
INFO: Trainable parameter count: 8.17M
INFO: Trainable parameter count: 8.17M
INFO: Trainable parameter count: 8.43M
INFO: Trainable parameter count: 8.43M
INFO: Trainable parameter count: 9.48M
INFO: Trainable parameter count: 9.48M
INFO: Trainable parameter count: 10.53M
INFO: Trainable parameter count: 10.53M
INFO: Trainable parameter count: 10.53M
INFO: Trainable parameter count: 10.53M
INFO: Trainable parameter count: 10.53M
INFO: Trainable parameter count: 10.53M
INFO: Trainable parameter count: 10.53M
INFO: Trainable parameter count: 10.54M
INFO: Trainable parameter count: 10.54M
INFO: Trainable parameter count: 10.54M
INFO: Trainable parameter count: 10.54M
INFO: Trainable parameter count: 10.54M
