Args in experiment:
Namespace(is_training=1, model_id='weather_96_336', model='Transformer', data='custom', root_path='./dataset/', data_path='weather.csv', features='M', target='OT', freq='h', checkpoints='./checkpoints/', seq_len=96, label_len=48, pred_len=336, individual=False, embed_type=0, enc_in=21, dec_in=21, c_out=21, d_model=512, n_heads=8, e_layers=2, d_layers=1, d_ff=2048, moving_avg=25, factor=3, distil=True, dropout=0.05, embed='timeF', activation='gelu', output_attention=False, do_predict=False, num_workers=10, itr=1, train_epochs=2, batch_size=32, patience=3, learning_rate=0.0001, des='Exp', loss='mse', lradj='type1', use_amp=False, use_gpu=True, gpu=9, use_multi_gpu=False, devices='0,1,2,3', test_flop=True)
Use GPU: cuda:9
>>>>>>>start training : weather_96_336_Transformer_custom_ftM_sl96_ll48_pl336_dm512_nh8_el2_dl1_df2048_fc3_ebtimeF_dtTrue_Exp_0>>>>>>>>>>>>>>>>>>>>>>>>>>
train 36456
val 4935
test 10204
	iters: 100, epoch: 1 | loss: 0.5152584
	speed: 0.1064s/iter; left time: 231.8208s
	iters: 200, epoch: 1 | loss: 0.3087201
	speed: 0.0513s/iter; left time: 106.7248s
	iters: 300, epoch: 1 | loss: 0.3435169
	speed: 0.0507s/iter; left time: 100.3570s
	iters: 400, epoch: 1 | loss: 0.4395387
	speed: 0.0523s/iter; left time: 98.2858s
	iters: 500, epoch: 1 | loss: 0.5310223
	speed: 0.0532s/iter; left time: 94.6102s
	iters: 600, epoch: 1 | loss: 0.3603894
	speed: 0.0558s/iter; left time: 93.6743s
	iters: 700, epoch: 1 | loss: 0.2207046
	speed: 0.0510s/iter; left time: 80.4935s
	iters: 800, epoch: 1 | loss: 0.3933946
	speed: 0.0514s/iter; left time: 76.0938s
	iters: 900, epoch: 1 | loss: 0.3642257
	speed: 0.0514s/iter; left time: 70.8731s
	iters: 1000, epoch: 1 | loss: 0.5591713
	speed: 0.0532s/iter; left time: 68.0902s
	iters: 1100, epoch: 1 | loss: 0.5326928
	speed: 0.0520s/iter; left time: 61.3213s
Epoch: 1 cost time: 64.98799157142639
Epoch: 1, Steps: 1139 | Train Loss: 0.4299614 Vali Loss: 0.7031049 Test Loss: 0.6429024
Validation loss decreased (inf --> 0.703105).  Saving model ...
Updating learning rate to 0.0001
	iters: 100, epoch: 2 | loss: 0.4296023
	speed: 0.2243s/iter; left time: 233.2519s
	iters: 200, epoch: 2 | loss: 0.2152034
	speed: 0.0526s/iter; left time: 49.4694s
	iters: 300, epoch: 2 | loss: 0.1872849
	speed: 0.0518s/iter; left time: 43.5526s
	iters: 400, epoch: 2 | loss: 0.4384893
	speed: 0.0518s/iter; left time: 38.3335s
	iters: 500, epoch: 2 | loss: 0.2996277
	speed: 0.0548s/iter; left time: 35.0445s
	iters: 600, epoch: 2 | loss: 0.4012585
	speed: 0.0517s/iter; left time: 27.9091s
	iters: 700, epoch: 2 | loss: 0.2600127
	speed: 0.0520s/iter; left time: 22.8979s
	iters: 800, epoch: 2 | loss: 0.2021519
	speed: 0.0518s/iter; left time: 17.6004s
	iters: 900, epoch: 2 | loss: 0.1976854
	speed: 0.0517s/iter; left time: 12.4014s
	iters: 1000, epoch: 2 | loss: 0.1901989
	speed: 0.0503s/iter; left time: 7.0448s
	iters: 1100, epoch: 2 | loss: 0.5668634
	speed: 0.0524s/iter; left time: 2.0971s
Epoch: 2 cost time: 60.939242124557495
Epoch: 2, Steps: 1139 | Train Loss: 0.2936419 Vali Loss: 0.7234411 Test Loss: 0.7020648
EarlyStopping counter: 1 out of 3
Updating learning rate to 5e-05
>>>>>>>testing : weather_96_336_Transformer_custom_ftM_sl96_ll48_pl336_dm512_nh8_el2_dl1_df2048_fc3_ebtimeF_dtTrue_Exp_0<<<<<<<<<<<<<<<<<<<<<<<<<<<<<<<<<
test 10204
mse:0.6429025530815125, mae:0.5773625373840332
INFO: Trainable parameter count: 0.03M
INFO: Trainable parameter count: 0.03M
INFO: Trainable parameter count: 0.07M
INFO: Trainable parameter count: 0.07M
INFO: Trainable parameter count: 0.33M
INFO: Trainable parameter count: 0.33M
INFO: Trainable parameter count: 0.59M
INFO: Trainable parameter count: 0.59M
INFO: Trainable parameter count: 0.86M
INFO: Trainable parameter count: 0.86M
INFO: Trainable parameter count: 1.12M
INFO: Trainable parameter count: 1.12M
INFO: Trainable parameter count: 2.17M
INFO: Trainable parameter count: 2.17M
INFO: Trainable parameter count: 3.22M
INFO: Trainable parameter count: 3.22M
INFO: Trainable parameter count: 3.22M
INFO: Trainable parameter count: 3.22M
INFO: Trainable parameter count: 3.22M
INFO: Trainable parameter count: 3.22M
INFO: Trainable parameter count: 3.48M
INFO: Trainable parameter count: 3.48M
INFO: Trainable parameter count: 3.75M
INFO: Trainable parameter count: 3.75M
INFO: Trainable parameter count: 4.01M
INFO: Trainable parameter count: 4.01M
INFO: Trainable parameter count: 4.27M
INFO: Trainable parameter count: 4.27M
INFO: Trainable parameter count: 5.32M
INFO: Trainable parameter count: 5.32M
INFO: Trainable parameter count: 6.37M
INFO: Trainable parameter count: 6.37M
INFO: Trainable parameter count: 6.37M
INFO: Trainable parameter count: 6.37M
INFO: Trainable parameter count: 6.37M
INFO: Trainable parameter count: 6.37M
INFO: Trainable parameter count: 6.37M
INFO: Trainable parameter count: 6.37M
INFO: Trainable parameter count: 6.64M
INFO: Trainable parameter count: 6.64M
INFO: Trainable parameter count: 6.90M
INFO: Trainable parameter count: 6.90M
INFO: Trainable parameter count: 7.16M
INFO: Trainable parameter count: 7.16M
INFO: Trainable parameter count: 7.42M
INFO: Trainable parameter count: 7.43M
INFO: Trainable parameter count: 7.69M
INFO: Trainable parameter count: 7.69M
INFO: Trainable parameter count: 7.95M
INFO: Trainable parameter count: 7.95M
INFO: Trainable parameter count: 8.21M
INFO: Trainable parameter count: 8.21M
INFO: Trainable parameter count: 8.48M
INFO: Trainable parameter count: 8.48M
INFO: Trainable parameter count: 9.52M
INFO: Trainable parameter count: 9.53M
INFO: Trainable parameter count: 10.57M
INFO: Trainable parameter count: 10.58M
INFO: Trainable parameter count: 10.58M
INFO: Trainable parameter count: 10.58M
INFO: Trainable parameter count: 10.58M
INFO: Trainable parameter count: 10.58M
INFO: Trainable parameter count: 10.58M
INFO: Trainable parameter count: 10.58M
INFO: Trainable parameter count: 10.58M
INFO: Trainable parameter count: 10.58M
INFO: Trainable parameter count: 10.59M
INFO: Trainable parameter count: 10.59M
