Args in experiment:
Namespace(is_training=1, model_id='ili_36_36', model='Transformer', data='custom', root_path='./dataset/', data_path='national_illness.csv', features='M', target='OT', freq='h', checkpoints='./checkpoints/', seq_len=36, label_len=18, pred_len=36, individual=False, embed_type=0, enc_in=7, dec_in=7, c_out=7, d_model=512, n_heads=8, e_layers=2, d_layers=1, d_ff=2048, moving_avg=25, factor=3, distil=True, dropout=0.05, embed='timeF', activation='gelu', output_attention=False, do_predict=False, num_workers=10, itr=1, train_epochs=10, batch_size=32, patience=3, learning_rate=0.0001, des='Exp', loss='mse', lradj='type1', use_amp=False, use_gpu=True, gpu=7, use_multi_gpu=False, devices='0,1,2,3', test_flop=True)
Use GPU: cuda:7
>>>>>>>start training : ili_36_36_Transformer_custom_ftM_sl36_ll18_pl36_dm512_nh8_el2_dl1_df2048_fc3_ebtimeF_dtTrue_Exp_0>>>>>>>>>>>>>>>>>>>>>>>>>>
train 605
val 62
test 158
Epoch: 1 cost time: 6.414140462875366
Epoch: 1, Steps: 18 | Train Loss: 0.7889147 Vali Loss: 0.4544805 Test Loss: 4.8059359
Validation loss decreased (inf --> 0.454480).  Saving model ...
Updating learning rate to 0.0001
Epoch: 2 cost time: 2.2168450355529785
Epoch: 2, Steps: 18 | Train Loss: 0.4821747 Vali Loss: 0.3312730 Test Loss: 4.4391441
Validation loss decreased (0.454480 --> 0.331273).  Saving model ...
Updating learning rate to 5e-05
Epoch: 3 cost time: 2.2389655113220215
Epoch: 3, Steps: 18 | Train Loss: 0.4151802 Vali Loss: 0.3093970 Test Loss: 4.5413971
Validation loss decreased (0.331273 --> 0.309397).  Saving model ...
Updating learning rate to 2.5e-05
Epoch: 4 cost time: 2.4082794189453125
Epoch: 4, Steps: 18 | Train Loss: 0.3860978 Vali Loss: 0.3046915 Test Loss: 4.6942263
Validation loss decreased (0.309397 --> 0.304692).  Saving model ...
Updating learning rate to 1.25e-05
Epoch: 5 cost time: 2.4638988971710205
Epoch: 5, Steps: 18 | Train Loss: 0.3624313 Vali Loss: 0.2906441 Test Loss: 4.7623215
Validation loss decreased (0.304692 --> 0.290644).  Saving model ...
Updating learning rate to 6.25e-06
Epoch: 6 cost time: 2.2807817459106445
Epoch: 6, Steps: 18 | Train Loss: 0.3550882 Vali Loss: 0.2590605 Test Loss: 4.6461573
Validation loss decreased (0.290644 --> 0.259061).  Saving model ...
Updating learning rate to 3.125e-06
Epoch: 7 cost time: 2.1441988945007324
Epoch: 7, Steps: 18 | Train Loss: 0.3515324 Vali Loss: 0.2566929 Test Loss: 4.6395874
Validation loss decreased (0.259061 --> 0.256693).  Saving model ...
Updating learning rate to 1.5625e-06
Epoch: 8 cost time: 2.176870584487915
Epoch: 8, Steps: 18 | Train Loss: 0.3519147 Vali Loss: 0.2700324 Test Loss: 4.6580048
EarlyStopping counter: 1 out of 3
Updating learning rate to 7.8125e-07
Epoch: 9 cost time: 2.1617274284362793
Epoch: 9, Steps: 18 | Train Loss: 0.3487676 Vali Loss: 0.2662557 Test Loss: 4.6384811
EarlyStopping counter: 2 out of 3
Updating learning rate to 3.90625e-07
Epoch: 10 cost time: 2.237265110015869
Epoch: 10, Steps: 18 | Train Loss: 0.3463444 Vali Loss: 0.2845664 Test Loss: 4.6120958
EarlyStopping counter: 3 out of 3
Early stopping
>>>>>>>testing : ili_36_36_Transformer_custom_ftM_sl36_ll18_pl36_dm512_nh8_el2_dl1_df2048_fc3_ebtimeF_dtTrue_Exp_0<<<<<<<<<<<<<<<<<<<<<<<<<<<<<<<<<
test 158
mse:4.63958740234375, mae:1.4225757122039795
INFO: Trainable parameter count: 0.01M
INFO: Trainable parameter count: 0.01M
INFO: Trainable parameter count: 0.02M
INFO: Trainable parameter count: 0.03M
INFO: Trainable parameter count: 0.29M
INFO: Trainable parameter count: 0.29M
INFO: Trainable parameter count: 0.55M
INFO: Trainable parameter count: 0.55M
INFO: Trainable parameter count: 0.81M
INFO: Trainable parameter count: 0.81M
INFO: Trainable parameter count: 1.08M
INFO: Trainable parameter count: 1.08M
INFO: Trainable parameter count: 2.12M
INFO: Trainable parameter count: 2.13M
INFO: Trainable parameter count: 3.18M
INFO: Trainable parameter count: 3.18M
INFO: Trainable parameter count: 3.18M
INFO: Trainable parameter count: 3.18M
INFO: Trainable parameter count: 3.18M
INFO: Trainable parameter count: 3.18M
INFO: Trainable parameter count: 3.44M
INFO: Trainable parameter count: 3.44M
INFO: Trainable parameter count: 3.70M
INFO: Trainable parameter count: 3.70M
INFO: Trainable parameter count: 3.97M
INFO: Trainable parameter count: 3.97M
INFO: Trainable parameter count: 4.23M
INFO: Trainable parameter count: 4.23M
INFO: Trainable parameter count: 5.28M
INFO: Trainable parameter count: 5.28M
INFO: Trainable parameter count: 6.33M
INFO: Trainable parameter count: 6.33M
INFO: Trainable parameter count: 6.33M
INFO: Trainable parameter count: 6.33M
INFO: Trainable parameter count: 6.33M
INFO: Trainable parameter count: 6.33M
INFO: Trainable parameter count: 6.33M
INFO: Trainable parameter count: 6.33M
INFO: Trainable parameter count: 6.59M
INFO: Trainable parameter count: 6.59M
INFO: Trainable parameter count: 6.86M
INFO: Trainable parameter count: 6.86M
INFO: Trainable parameter count: 7.12M
INFO: Trainable parameter count: 7.12M
INFO: Trainable parameter count: 7.38M
INFO: Trainable parameter count: 7.38M
INFO: Trainable parameter count: 7.64M
INFO: Trainable parameter count: 7.64M
INFO: Trainable parameter count: 7.91M
INFO: Trainable parameter count: 7.91M
INFO: Trainable parameter count: 8.17M
INFO: Trainable parameter count: 8.17M
INFO: Trainable parameter count: 8.43M
INFO: Trainable parameter count: 8.43M
INFO: Trainable parameter count: 9.48M
INFO: Trainable parameter count: 9.48M
INFO: Trainable parameter count: 10.53M
INFO: Trainable parameter count: 10.53M
INFO: Trainable parameter count: 10.53M
INFO: Trainable parameter count: 10.53M
INFO: Trainable parameter count: 10.53M
INFO: Trainable parameter count: 10.53M
INFO: Trainable parameter count: 10.53M
INFO: Trainable parameter count: 10.54M
INFO: Trainable parameter count: 10.54M
INFO: Trainable parameter count: 10.54M
INFO: Trainable parameter count: 10.54M
INFO: Trainable parameter count: 10.54M
