Args in experiment:
Namespace(is_training=1, model_id='ETTm1_96_192', model='Autoformer', data='ETTm1', root_path='./dataset/', data_path='ETTm1.csv', features='M', target='OT', freq='h', checkpoints='./checkpoints/', seq_len=96, label_len=48, pred_len=192, individual=False, embed_type=0, enc_in=7, dec_in=7, c_out=7, d_model=512, n_heads=8, e_layers=2, d_layers=1, d_ff=2048, moving_avg=25, factor=3, distil=True, dropout=0.05, embed='timeF', activation='gelu', output_attention=False, do_predict=False, num_workers=10, itr=1, train_epochs=10, batch_size=32, patience=3, learning_rate=0.0001, des='Exp', loss='mse', lradj='type1', use_amp=False, use_gpu=True, gpu=4, use_multi_gpu=False, devices='0,1,2,3', test_flop=True)
Use GPU: cuda:4
>>>>>>>start training : ETTm1_96_192_Autoformer_ETTm1_ftM_sl96_ll48_pl192_dm512_nh8_el2_dl1_df2048_fc3_ebtimeF_dtTrue_Exp_0>>>>>>>>>>>>>>>>>>>>>>>>>>
train 34273
val 11329
test 11329
	iters: 100, epoch: 1 | loss: 0.4357111
	speed: 0.1056s/iter; left time: 1120.1448s
	iters: 200, epoch: 1 | loss: 0.3730040
	speed: 0.0695s/iter; left time: 730.6331s
	iters: 300, epoch: 1 | loss: 0.3792363
	speed: 0.0695s/iter; left time: 723.8473s
	iters: 400, epoch: 1 | loss: 0.3888705
	speed: 0.0704s/iter; left time: 725.8163s
	iters: 500, epoch: 1 | loss: 0.3846228
	speed: 0.0705s/iter; left time: 719.4245s
	iters: 600, epoch: 1 | loss: 0.2975537
	speed: 0.0704s/iter; left time: 711.6003s
	iters: 700, epoch: 1 | loss: 0.3949202
	speed: 0.0705s/iter; left time: 705.9385s
	iters: 800, epoch: 1 | loss: 0.4122574
	speed: 0.0703s/iter; left time: 697.0569s
	iters: 900, epoch: 1 | loss: 0.3477377
	speed: 0.0702s/iter; left time: 688.6558s
	iters: 1000, epoch: 1 | loss: 0.3580255
	speed: 0.0703s/iter; left time: 682.4846s
Epoch: 1 cost time: 78.76369857788086
Epoch: 1, Steps: 1071 | Train Loss: 0.4042322 Vali Loss: 0.7439165 Test Loss: 0.6107412
Validation loss decreased (inf --> 0.743917).  Saving model ...
Updating learning rate to 0.0001
	iters: 100, epoch: 2 | loss: 0.3418859
	speed: 0.4742s/iter; left time: 4523.4166s
	iters: 200, epoch: 2 | loss: 0.3200310
	speed: 0.0697s/iter; left time: 657.9636s
	iters: 300, epoch: 2 | loss: 0.3720576
	speed: 0.0699s/iter; left time: 653.0614s
	iters: 400, epoch: 2 | loss: 0.3050714
	speed: 0.0699s/iter; left time: 645.5184s
	iters: 500, epoch: 2 | loss: 0.3126468
	speed: 0.0699s/iter; left time: 638.8314s
	iters: 600, epoch: 2 | loss: 0.3270149
	speed: 0.0699s/iter; left time: 631.8690s
	iters: 700, epoch: 2 | loss: 0.2984910
	speed: 0.0703s/iter; left time: 628.5654s
	iters: 800, epoch: 2 | loss: 0.3465298
	speed: 0.0704s/iter; left time: 621.8969s
	iters: 900, epoch: 2 | loss: 0.3245119
	speed: 0.0703s/iter; left time: 614.0679s
	iters: 1000, epoch: 2 | loss: 0.3465579
	speed: 0.0699s/iter; left time: 603.5977s
Epoch: 2 cost time: 76.38244342803955
Epoch: 2, Steps: 1071 | Train Loss: 0.3350330 Vali Loss: 0.7454714 Test Loss: 0.5721335
EarlyStopping counter: 1 out of 3
Updating learning rate to 5e-05
	iters: 100, epoch: 3 | loss: 0.3165959
	speed: 0.4786s/iter; left time: 4053.5933s
	iters: 200, epoch: 3 | loss: 0.3383798
	speed: 0.0701s/iter; left time: 586.6224s
	iters: 300, epoch: 3 | loss: 0.2879546
	speed: 0.0698s/iter; left time: 577.2832s
	iters: 400, epoch: 3 | loss: 0.2635170
	speed: 0.0699s/iter; left time: 570.6949s
	iters: 500, epoch: 3 | loss: 0.3669004
	speed: 0.0699s/iter; left time: 564.2673s
	iters: 600, epoch: 3 | loss: 0.3071257
	speed: 0.0701s/iter; left time: 558.6989s
	iters: 700, epoch: 3 | loss: 0.2525278
	speed: 0.0700s/iter; left time: 550.5135s
	iters: 800, epoch: 3 | loss: 0.2336760
	speed: 0.0701s/iter; left time: 544.3418s
	iters: 900, epoch: 3 | loss: 0.2361359
	speed: 0.0705s/iter; left time: 540.7929s
	iters: 1000, epoch: 3 | loss: 0.3197278
	speed: 0.0706s/iter; left time: 534.6065s
Epoch: 3 cost time: 76.5660994052887
Epoch: 3, Steps: 1071 | Train Loss: 0.2823585 Vali Loss: 0.8359042 Test Loss: 0.6583403
EarlyStopping counter: 2 out of 3
Updating learning rate to 2.5e-05
	iters: 100, epoch: 4 | loss: 0.2542980
	speed: 0.4770s/iter; left time: 3528.9443s
	iters: 200, epoch: 4 | loss: 0.2393039
	speed: 0.0705s/iter; left time: 514.3996s
	iters: 300, epoch: 4 | loss: 0.2260782
	speed: 0.0701s/iter; left time: 504.6050s
	iters: 400, epoch: 4 | loss: 0.2416674
	speed: 0.0703s/iter; left time: 499.3300s
	iters: 500, epoch: 4 | loss: 0.2255307
	speed: 0.0703s/iter; left time: 491.7719s
	iters: 600, epoch: 4 | loss: 0.2450293
	speed: 0.0702s/iter; left time: 484.3599s
	iters: 700, epoch: 4 | loss: 0.2348259
	speed: 0.0703s/iter; left time: 477.7099s
	iters: 800, epoch: 4 | loss: 0.2135933
	speed: 0.0703s/iter; left time: 471.1133s
	iters: 900, epoch: 4 | loss: 0.2488527
	speed: 0.0706s/iter; left time: 465.6260s
	iters: 1000, epoch: 4 | loss: 0.2134679
	speed: 0.0701s/iter; left time: 455.7186s
Epoch: 4 cost time: 76.72757411003113
Epoch: 4, Steps: 1071 | Train Loss: 0.2467920 Vali Loss: 0.8363239 Test Loss: 0.6632738
EarlyStopping counter: 3 out of 3
Early stopping
>>>>>>>testing : ETTm1_96_192_Autoformer_ETTm1_ftM_sl96_ll48_pl192_dm512_nh8_el2_dl1_df2048_fc3_ebtimeF_dtTrue_Exp_0<<<<<<<<<<<<<<<<<<<<<<<<<<<<<<<<<
test 11329
mse:0.6107404232025146, mae:0.5226464867591858
INFO: Trainable parameter count: 0.01M
INFO: Trainable parameter count: 0.01M
INFO: Trainable parameter count: 0.02M
INFO: Trainable parameter count: 0.03M
INFO: Trainable parameter count: 0.29M
INFO: Trainable parameter count: 0.29M
INFO: Trainable parameter count: 0.55M
INFO: Trainable parameter count: 0.55M
INFO: Trainable parameter count: 0.81M
INFO: Trainable parameter count: 0.81M
INFO: Trainable parameter count: 1.08M
INFO: Trainable parameter count: 1.08M
INFO: Trainable parameter count: 2.12M
INFO: Trainable parameter count: 3.17M
INFO: Trainable parameter count: 3.44M
INFO: Trainable parameter count: 3.44M
INFO: Trainable parameter count: 3.70M
INFO: Trainable parameter count: 3.70M
INFO: Trainable parameter count: 3.96M
INFO: Trainable parameter count: 3.96M
INFO: Trainable parameter count: 4.22M
INFO: Trainable parameter count: 4.22M
INFO: Trainable parameter count: 5.27M
INFO: Trainable parameter count: 6.32M
INFO: Trainable parameter count: 6.32M
INFO: Trainable parameter count: 6.32M
INFO: Trainable parameter count: 6.58M
INFO: Trainable parameter count: 6.58M
INFO: Trainable parameter count: 6.85M
INFO: Trainable parameter count: 6.85M
INFO: Trainable parameter count: 7.11M
INFO: Trainable parameter count: 7.11M
INFO: Trainable parameter count: 7.37M
INFO: Trainable parameter count: 7.37M
INFO: Trainable parameter count: 7.63M
INFO: Trainable parameter count: 7.64M
INFO: Trainable parameter count: 7.90M
INFO: Trainable parameter count: 7.90M
INFO: Trainable parameter count: 8.16M
INFO: Trainable parameter count: 8.16M
INFO: Trainable parameter count: 8.42M
INFO: Trainable parameter count: 8.42M
INFO: Trainable parameter count: 9.47M
INFO: Trainable parameter count: 10.52M
INFO: Trainable parameter count: 10.53M
INFO: Trainable parameter count: 10.53M
INFO: Trainable parameter count: 10.53M
INFO: Trainable parameter count: 10.54M
INFO: Trainable parameter count: 10.54M
Model(
  10.53 M, 99.981% Params, 1.54 GMac, 100.000% MACs, 
  (decomp): series_decomp(
    0, 0.000% Params, 840.0 Mac, 0.000% MACs, 
    (moving_avg): moving_avg(
      0, 0.000% Params, 840.0 Mac, 0.000% MACs, 
      (avg): AvgPool1d(0, 0.000% Params, 840.0 Mac, 0.000% MACs, kernel_size=(25,), stride=(1,), padding=(0,))
    )
  )
  (enc_embedding): DataEmbedding_wo_pos(
    12.8 k, 0.121% Params, 1.23 MMac, 0.080% MACs, 
    (value_embedding): TokenEmbedding(
      10.75 k, 0.102% Params, 1.03 MMac, 0.067% MACs, 
      (tokenConv): Conv1d(10.75 k, 0.102% Params, 1.03 MMac, 0.067% MACs, 7, 512, kernel_size=(3,), stride=(1,), padding=(1,), bias=False, padding_mode=circular)
    )
    (position_embedding): PositionalEmbedding(0, 0.000% Params, 0.0 Mac, 0.000% MACs, )
    (temporal_embedding): TimeFeatureEmbedding(
      2.05 k, 0.019% Params, 196.61 KMac, 0.013% MACs, 
      (embed): Linear(2.05 k, 0.019% Params, 196.61 KMac, 0.013% MACs, in_features=4, out_features=512, bias=False)
    )
    (dropout): Dropout(0, 0.000% Params, 0.0 Mac, 0.000% MACs, p=0.05, inplace=False)
  )
  (dec_embedding): DataEmbedding_wo_pos(
    12.8 k, 0.121% Params, 3.07 MMac, 0.199% MACs, 
    (value_embedding): TokenEmbedding(
      10.75 k, 0.102% Params, 2.58 MMac, 0.167% MACs, 
      (tokenConv): Conv1d(10.75 k, 0.102% Params, 2.58 MMac, 0.167% MACs, 7, 512, kernel_size=(3,), stride=(1,), padding=(1,), bias=False, padding_mode=circular)
    )
    (position_embedding): PositionalEmbedding(0, 0.000% Params, 0.0 Mac, 0.000% MACs, )
    (temporal_embedding): TimeFeatureEmbedding(
      2.05 k, 0.019% Params, 491.52 KMac, 0.032% MACs, 
      (embed): Linear(2.05 k, 0.019% Params, 491.52 KMac, 0.032% MACs, in_features=4, out_features=512, bias=False)
    )
    (dropout): Dropout(0, 0.000% Params, 0.0 Mac, 0.000% MACs, p=0.05, inplace=False)
  )
  (encoder): Encoder(
    6.3 M, 59.753% Params, 604.23 MMac, 39.146% MACs, 
    (attn_layers): ModuleList(
      6.3 M, 59.753% Params, 604.23 MMac, 39.146% MACs, 
      (0): EncoderLayer(
        3.15 M, 29.877% Params, 302.11 MMac, 19.573% MACs, 
        (attention): AutoCorrelationLayer(
          1.05 M, 9.972% Params, 100.67 MMac, 6.522% MACs, 
          (inner_correlation): AutoCorrelation(
            0, 0.000% Params, 0.0 Mac, 0.000% MACs, 
            (dropout): Dropout(0, 0.000% Params, 0.0 Mac, 0.000% MACs, p=0.05, inplace=False)
          )
          (query_projection): Linear(262.66 k, 2.493% Params, 25.17 MMac, 1.630% MACs, in_features=512, out_features=512, bias=True)
          (key_projection): Linear(262.66 k, 2.493% Params, 25.17 MMac, 1.630% MACs, in_features=512, out_features=512, bias=True)
          (value_projection): Linear(262.66 k, 2.493% Params, 25.17 MMac, 1.630% MACs, in_features=512, out_features=512, bias=True)
          (out_projection): Linear(262.66 k, 2.493% Params, 25.17 MMac, 1.630% MACs, in_features=512, out_features=512, bias=True)
        )
        (conv1): Conv1d(1.05 M, 9.952% Params, 100.66 MMac, 6.522% MACs, 512, 2048, kernel_size=(1,), stride=(1,), bias=False)
        (conv2): Conv1d(1.05 M, 9.952% Params, 100.66 MMac, 6.522% MACs, 2048, 512, kernel_size=(1,), stride=(1,), bias=False)
        (decomp1): series_decomp(
          0, 0.000% Params, 61.44 KMac, 0.004% MACs, 
          (moving_avg): moving_avg(
            0, 0.000% Params, 61.44 KMac, 0.004% MACs, 
            (avg): AvgPool1d(0, 0.000% Params, 61.44 KMac, 0.004% MACs, kernel_size=(25,), stride=(1,), padding=(0,))
          )
        )
        (decomp2): series_decomp(
          0, 0.000% Params, 61.44 KMac, 0.004% MACs, 
          (moving_avg): moving_avg(
            0, 0.000% Params, 61.44 KMac, 0.004% MACs, 
            (avg): AvgPool1d(0, 0.000% Params, 61.44 KMac, 0.004% MACs, kernel_size=(25,), stride=(1,), padding=(0,))
          )
        )
        (dropout): Dropout(0, 0.000% Params, 0.0 Mac, 0.000% MACs, p=0.05, inplace=False)
      )
      (1): EncoderLayer(
        3.15 M, 29.877% Params, 302.11 MMac, 19.573% MACs, 
        (attention): AutoCorrelationLayer(
          1.05 M, 9.972% Params, 100.67 MMac, 6.522% MACs, 
          (inner_correlation): AutoCorrelation(
            0, 0.000% Params, 0.0 Mac, 0.000% MACs, 
            (dropout): Dropout(0, 0.000% Params, 0.0 Mac, 0.000% MACs, p=0.05, inplace=False)
          )
          (query_projection): Linear(262.66 k, 2.493% Params, 25.17 MMac, 1.630% MACs, in_features=512, out_features=512, bias=True)
          (key_projection): Linear(262.66 k, 2.493% Params, 25.17 MMac, 1.630% MACs, in_features=512, out_features=512, bias=True)
          (value_projection): Linear(262.66 k, 2.493% Params, 25.17 MMac, 1.630% MACs, in_features=512, out_features=512, bias=True)
          (out_projection): Linear(262.66 k, 2.493% Params, 25.17 MMac, 1.630% MACs, in_features=512, out_features=512, bias=True)
        )
        (conv1): Conv1d(1.05 M, 9.952% Params, 100.66 MMac, 6.522% MACs, 512, 2048, kernel_size=(1,), stride=(1,), bias=False)
        (conv2): Conv1d(1.05 M, 9.952% Params, 100.66 MMac, 6.522% MACs, 2048, 512, kernel_size=(1,), stride=(1,), bias=False)
        (decomp1): series_decomp(
          0, 0.000% Params, 61.44 KMac, 0.004% MACs, 
          (moving_avg): moving_avg(
            0, 0.000% Params, 61.44 KMac, 0.004% MACs, 
            (avg): AvgPool1d(0, 0.000% Params, 61.44 KMac, 0.004% MACs, kernel_size=(25,), stride=(1,), padding=(0,))
          )
        )
        (decomp2): series_decomp(
          0, 0.000% Params, 61.44 KMac, 0.004% MACs, 
          (moving_avg): moving_avg(
            0, 0.000% Params, 61.44 KMac, 0.004% MACs, 
            (avg): AvgPool1d(0, 0.000% Params, 61.44 KMac, 0.004% MACs, kernel_size=(25,), stride=(1,), padding=(0,))
          )
        )
        (dropout): Dropout(0, 0.000% Params, 0.0 Mac, 0.000% MACs, p=0.05, inplace=False)
      )
    )
    (norm): my_Layernorm(
      0, 0.000% Params, 0.0 Mac, 0.000% MACs, 
      (layernorm): LayerNorm(0, 0.000% Params, 0.0 Mac, 0.000% MACs, (512,), eps=1e-05, elementwise_affine=True)
    )
  )
  (decoder): Decoder(
    4.21 M, 39.984% Params, 934.99 MMac, 60.575% MACs, 
    (layers): ModuleList(
      4.21 M, 39.950% Params, 934.13 MMac, 60.519% MACs, 
      (0): DecoderLayer(
        4.21 M, 39.950% Params, 934.13 MMac, 60.519% MACs, 
        (self_attention): AutoCorrelationLayer(
          1.05 M, 9.972% Params, 251.66 MMac, 16.304% MACs, 
          (inner_correlation): AutoCorrelation(
            0, 0.000% Params, 0.0 Mac, 0.000% MACs, 
            (dropout): Dropout(0, 0.000% Params, 0.0 Mac, 0.000% MACs, p=0.05, inplace=False)
          )
          (query_projection): Linear(262.66 k, 2.493% Params, 62.92 MMac, 4.076% MACs, in_features=512, out_features=512, bias=True)
          (key_projection): Linear(262.66 k, 2.493% Params, 62.92 MMac, 4.076% MACs, in_features=512, out_features=512, bias=True)
          (value_projection): Linear(262.66 k, 2.493% Params, 62.92 MMac, 4.076% MACs, in_features=512, out_features=512, bias=True)
          (out_projection): Linear(262.66 k, 2.493% Params, 62.92 MMac, 4.076% MACs, in_features=512, out_features=512, bias=True)
        )
        (cross_attention): AutoCorrelationLayer(
          1.05 M, 9.972% Params, 176.16 MMac, 11.413% MACs, 
          (inner_correlation): AutoCorrelation(
            0, 0.000% Params, 0.0 Mac, 0.000% MACs, 
            (dropout): Dropout(0, 0.000% Params, 0.0 Mac, 0.000% MACs, p=0.05, inplace=False)
          )
          (query_projection): Linear(262.66 k, 2.493% Params, 62.92 MMac, 4.076% MACs, in_features=512, out_features=512, bias=True)
          (key_projection): Linear(262.66 k, 2.493% Params, 25.17 MMac, 1.630% MACs, in_features=512, out_features=512, bias=True)
          (value_projection): Linear(262.66 k, 2.493% Params, 25.17 MMac, 1.630% MACs, in_features=512, out_features=512, bias=True)
          (out_projection): Linear(262.66 k, 2.493% Params, 62.92 MMac, 4.076% MACs, in_features=512, out_features=512, bias=True)
        )
        (conv1): Conv1d(1.05 M, 9.952% Params, 251.66 MMac, 16.304% MACs, 512, 2048, kernel_size=(1,), stride=(1,), bias=False)
        (conv2): Conv1d(1.05 M, 9.952% Params, 251.66 MMac, 16.304% MACs, 2048, 512, kernel_size=(1,), stride=(1,), bias=False)
        (decomp1): series_decomp(
          0, 0.000% Params, 135.17 KMac, 0.009% MACs, 
          (moving_avg): moving_avg(
            0, 0.000% Params, 135.17 KMac, 0.009% MACs, 
            (avg): AvgPool1d(0, 0.000% Params, 135.17 KMac, 0.009% MACs, kernel_size=(25,), stride=(1,), padding=(0,))
          )
        )
        (decomp2): series_decomp(
          0, 0.000% Params, 135.17 KMac, 0.009% MACs, 
          (moving_avg): moving_avg(
            0, 0.000% Params, 135.17 KMac, 0.009% MACs, 
            (avg): AvgPool1d(0, 0.000% Params, 135.17 KMac, 0.009% MACs, kernel_size=(25,), stride=(1,), padding=(0,))
          )
        )
        (decomp3): series_decomp(
          0, 0.000% Params, 135.17 KMac, 0.009% MACs, 
          (moving_avg): moving_avg(
            0, 0.000% Params, 135.17 KMac, 0.009% MACs, 
            (avg): AvgPool1d(0, 0.000% Params, 135.17 KMac, 0.009% MACs, kernel_size=(25,), stride=(1,), padding=(0,))
          )
        )
        (dropout): Dropout(0, 0.000% Params, 0.0 Mac, 0.000% MACs, p=0.05, inplace=False)
        (projection): Conv1d(10.75 k, 0.102% Params, 2.58 MMac, 0.167% MACs, 512, 7, kernel_size=(3,), stride=(1,), padding=(1,), bias=False, padding_mode=circular)
      )
    )
    (norm): my_Layernorm(
      0, 0.000% Params, 0.0 Mac, 0.000% MACs, 
      (layernorm): LayerNorm(0, 0.000% Params, 0.0 Mac, 0.000% MACs, (512,), eps=1e-05, elementwise_affine=True)
    )
    (projection): Linear(3.59 k, 0.034% Params, 860.17 KMac, 0.056% MACs, in_features=512, out_features=7, bias=True)
  )
)
Computational complexity:       1.54 GMac
Number of parameters:           10.54 M 
