Args in experiment:
Namespace(is_training=1, model_id='ETTm2_96_192', model='Autoformer', data='ETTm2', root_path='./dataset/', data_path='ETTm2.csv', features='M', target='OT', freq='h', checkpoints='./checkpoints/', seq_len=96, label_len=48, pred_len=192, individual=False, embed_type=0, enc_in=7, dec_in=7, c_out=7, d_model=512, n_heads=8, e_layers=2, d_layers=1, d_ff=2048, moving_avg=25, factor=3, distil=True, dropout=0.05, embed='timeF', activation='gelu', output_attention=False, do_predict=False, num_workers=10, itr=1, train_epochs=10, batch_size=32, patience=3, learning_rate=0.0001, des='Exp', loss='mse', lradj='type1', use_amp=False, use_gpu=True, gpu=5, use_multi_gpu=False, devices='0,1,2,3', test_flop=True)
Use GPU: cuda:5
>>>>>>>start training : ETTm2_96_192_Autoformer_ETTm2_ftM_sl96_ll48_pl192_dm512_nh8_el2_dl1_df2048_fc3_ebtimeF_dtTrue_Exp_0>>>>>>>>>>>>>>>>>>>>>>>>>>
train 34273
val 11329
test 11329
	iters: 100, epoch: 1 | loss: 0.3303044
	speed: 0.1043s/iter; left time: 1107.1702s
	iters: 200, epoch: 1 | loss: 0.8416853
	speed: 0.0702s/iter; left time: 737.4768s
	iters: 300, epoch: 1 | loss: 0.9444151
	speed: 0.0703s/iter; left time: 731.7553s
	iters: 400, epoch: 1 | loss: 0.6418731
	speed: 0.0707s/iter; left time: 729.4815s
	iters: 500, epoch: 1 | loss: 0.3591377
	speed: 0.0707s/iter; left time: 721.6425s
	iters: 600, epoch: 1 | loss: 0.4415134
	speed: 0.0709s/iter; left time: 716.8761s
	iters: 700, epoch: 1 | loss: 0.2362896
	speed: 0.0707s/iter; left time: 707.8973s
	iters: 800, epoch: 1 | loss: 0.3325999
	speed: 0.0705s/iter; left time: 699.1238s
	iters: 900, epoch: 1 | loss: 0.2551094
	speed: 0.0707s/iter; left time: 693.3993s
	iters: 1000, epoch: 1 | loss: 0.3095856
	speed: 0.0704s/iter; left time: 683.1970s
Epoch: 1 cost time: 79.03229403495789
Epoch: 1, Steps: 1071 | Train Loss: 0.3687973 Vali Loss: 0.1921430 Test Loss: 0.2782223
Validation loss decreased (inf --> 0.192143).  Saving model ...
Updating learning rate to 0.0001
	iters: 100, epoch: 2 | loss: 0.2145663
	speed: 0.4742s/iter; left time: 4523.9705s
	iters: 200, epoch: 2 | loss: 0.2009317
	speed: 0.0705s/iter; left time: 665.5984s
	iters: 300, epoch: 2 | loss: 0.2270452
	speed: 0.0705s/iter; left time: 658.8562s
	iters: 400, epoch: 2 | loss: 0.5983573
	speed: 0.0705s/iter; left time: 651.5241s
	iters: 500, epoch: 2 | loss: 0.2108373
	speed: 0.0705s/iter; left time: 644.7330s
	iters: 600, epoch: 2 | loss: 0.2417145
	speed: 0.0704s/iter; left time: 636.5246s
	iters: 700, epoch: 2 | loss: 0.2974846
	speed: 0.0709s/iter; left time: 634.0564s
	iters: 800, epoch: 2 | loss: 0.2582750
	speed: 0.0711s/iter; left time: 628.7673s
	iters: 900, epoch: 2 | loss: 0.2344874
	speed: 0.0707s/iter; left time: 618.3358s
	iters: 1000, epoch: 2 | loss: 0.2632335
	speed: 0.0705s/iter; left time: 608.9778s
Epoch: 2 cost time: 77.03079581260681
Epoch: 2, Steps: 1071 | Train Loss: 0.3464055 Vali Loss: 0.2003068 Test Loss: 0.3025221
EarlyStopping counter: 1 out of 3
Updating learning rate to 5e-05
	iters: 100, epoch: 3 | loss: 0.5006202
	speed: 0.4780s/iter; left time: 4047.9492s
	iters: 200, epoch: 3 | loss: 0.2044482
	speed: 0.0707s/iter; left time: 591.9427s
	iters: 300, epoch: 3 | loss: 0.5431986
	speed: 0.0704s/iter; left time: 582.4637s
	iters: 400, epoch: 3 | loss: 0.3361878
	speed: 0.0706s/iter; left time: 576.8886s
	iters: 500, epoch: 3 | loss: 0.3036388
	speed: 0.0705s/iter; left time: 569.0136s
	iters: 600, epoch: 3 | loss: 0.2259393
	speed: 0.0704s/iter; left time: 561.3470s
	iters: 700, epoch: 3 | loss: 0.4855222
	speed: 0.0705s/iter; left time: 554.7739s
	iters: 800, epoch: 3 | loss: 0.2397628
	speed: 0.0706s/iter; left time: 548.8226s
	iters: 900, epoch: 3 | loss: 0.1415774
	speed: 0.0710s/iter; left time: 544.3110s
	iters: 1000, epoch: 3 | loss: 0.2443038
	speed: 0.0711s/iter; left time: 538.0664s
Epoch: 3 cost time: 77.17400884628296
Epoch: 3, Steps: 1071 | Train Loss: 0.3194883 Vali Loss: 0.2137139 Test Loss: 0.3269791
EarlyStopping counter: 2 out of 3
Updating learning rate to 2.5e-05
	iters: 100, epoch: 4 | loss: 0.2137350
	speed: 0.4719s/iter; left time: 3491.0646s
	iters: 200, epoch: 4 | loss: 0.5313377
	speed: 0.0709s/iter; left time: 517.6221s
	iters: 300, epoch: 4 | loss: 0.2004209
	speed: 0.0710s/iter; left time: 510.7503s
	iters: 400, epoch: 4 | loss: 0.4199107
	speed: 0.0711s/iter; left time: 504.7320s
	iters: 500, epoch: 4 | loss: 0.2472291
	speed: 0.0711s/iter; left time: 497.2310s
	iters: 600, epoch: 4 | loss: 0.2862082
	speed: 0.0713s/iter; left time: 492.0893s
	iters: 700, epoch: 4 | loss: 0.2364903
	speed: 0.0709s/iter; left time: 482.2816s
	iters: 800, epoch: 4 | loss: 0.4031855
	speed: 0.0709s/iter; left time: 474.8906s
	iters: 900, epoch: 4 | loss: 0.2049712
	speed: 0.0707s/iter; left time: 466.3232s
	iters: 1000, epoch: 4 | loss: 0.1905035
	speed: 0.0705s/iter; left time: 458.0065s
Epoch: 4 cost time: 77.48875570297241
Epoch: 4, Steps: 1071 | Train Loss: 0.2988474 Vali Loss: 0.2291341 Test Loss: 0.3770892
EarlyStopping counter: 3 out of 3
Early stopping
>>>>>>>testing : ETTm2_96_192_Autoformer_ETTm2_ftM_sl96_ll48_pl192_dm512_nh8_el2_dl1_df2048_fc3_ebtimeF_dtTrue_Exp_0<<<<<<<<<<<<<<<<<<<<<<<<<<<<<<<<<
test 11329
mse:0.2782224416732788, mae:0.33548247814178467
INFO: Trainable parameter count: 0.01M
INFO: Trainable parameter count: 0.01M
INFO: Trainable parameter count: 0.02M
INFO: Trainable parameter count: 0.03M
INFO: Trainable parameter count: 0.29M
INFO: Trainable parameter count: 0.29M
INFO: Trainable parameter count: 0.55M
INFO: Trainable parameter count: 0.55M
INFO: Trainable parameter count: 0.81M
INFO: Trainable parameter count: 0.81M
INFO: Trainable parameter count: 1.08M
INFO: Trainable parameter count: 1.08M
INFO: Trainable parameter count: 2.12M
INFO: Trainable parameter count: 3.17M
INFO: Trainable parameter count: 3.44M
INFO: Trainable parameter count: 3.44M
INFO: Trainable parameter count: 3.70M
INFO: Trainable parameter count: 3.70M
INFO: Trainable parameter count: 3.96M
INFO: Trainable parameter count: 3.96M
INFO: Trainable parameter count: 4.22M
INFO: Trainable parameter count: 4.22M
INFO: Trainable parameter count: 5.27M
INFO: Trainable parameter count: 6.32M
INFO: Trainable parameter count: 6.32M
INFO: Trainable parameter count: 6.32M
INFO: Trainable parameter count: 6.58M
INFO: Trainable parameter count: 6.58M
INFO: Trainable parameter count: 6.85M
INFO: Trainable parameter count: 6.85M
INFO: Trainable parameter count: 7.11M
INFO: Trainable parameter count: 7.11M
INFO: Trainable parameter count: 7.37M
INFO: Trainable parameter count: 7.37M
INFO: Trainable parameter count: 7.63M
INFO: Trainable parameter count: 7.64M
INFO: Trainable parameter count: 7.90M
INFO: Trainable parameter count: 7.90M
INFO: Trainable parameter count: 8.16M
INFO: Trainable parameter count: 8.16M
INFO: Trainable parameter count: 8.42M
INFO: Trainable parameter count: 8.42M
INFO: Trainable parameter count: 9.47M
INFO: Trainable parameter count: 10.52M
INFO: Trainable parameter count: 10.53M
INFO: Trainable parameter count: 10.53M
INFO: Trainable parameter count: 10.53M
INFO: Trainable parameter count: 10.54M
INFO: Trainable parameter count: 10.54M
Model(
  10.53 M, 99.981% Params, 1.54 GMac, 100.000% MACs, 
  (decomp): series_decomp(
    0, 0.000% Params, 840.0 Mac, 0.000% MACs, 
    (moving_avg): moving_avg(
      0, 0.000% Params, 840.0 Mac, 0.000% MACs, 
      (avg): AvgPool1d(0, 0.000% Params, 840.0 Mac, 0.000% MACs, kernel_size=(25,), stride=(1,), padding=(0,))
    )
  )
  (enc_embedding): DataEmbedding_wo_pos(
    12.8 k, 0.121% Params, 1.23 MMac, 0.080% MACs, 
    (value_embedding): TokenEmbedding(
      10.75 k, 0.102% Params, 1.03 MMac, 0.067% MACs, 
      (tokenConv): Conv1d(10.75 k, 0.102% Params, 1.03 MMac, 0.067% MACs, 7, 512, kernel_size=(3,), stride=(1,), padding=(1,), bias=False, padding_mode=circular)
    )
    (position_embedding): PositionalEmbedding(0, 0.000% Params, 0.0 Mac, 0.000% MACs, )
    (temporal_embedding): TimeFeatureEmbedding(
      2.05 k, 0.019% Params, 196.61 KMac, 0.013% MACs, 
      (embed): Linear(2.05 k, 0.019% Params, 196.61 KMac, 0.013% MACs, in_features=4, out_features=512, bias=False)
    )
    (dropout): Dropout(0, 0.000% Params, 0.0 Mac, 0.000% MACs, p=0.05, inplace=False)
  )
  (dec_embedding): DataEmbedding_wo_pos(
    12.8 k, 0.121% Params, 3.07 MMac, 0.199% MACs, 
    (value_embedding): TokenEmbedding(
      10.75 k, 0.102% Params, 2.58 MMac, 0.167% MACs, 
      (tokenConv): Conv1d(10.75 k, 0.102% Params, 2.58 MMac, 0.167% MACs, 7, 512, kernel_size=(3,), stride=(1,), padding=(1,), bias=False, padding_mode=circular)
    )
    (position_embedding): PositionalEmbedding(0, 0.000% Params, 0.0 Mac, 0.000% MACs, )
    (temporal_embedding): TimeFeatureEmbedding(
      2.05 k, 0.019% Params, 491.52 KMac, 0.032% MACs, 
      (embed): Linear(2.05 k, 0.019% Params, 491.52 KMac, 0.032% MACs, in_features=4, out_features=512, bias=False)
    )
    (dropout): Dropout(0, 0.000% Params, 0.0 Mac, 0.000% MACs, p=0.05, inplace=False)
  )
  (encoder): Encoder(
    6.3 M, 59.753% Params, 604.23 MMac, 39.146% MACs, 
    (attn_layers): ModuleList(
      6.3 M, 59.753% Params, 604.23 MMac, 39.146% MACs, 
      (0): EncoderLayer(
        3.15 M, 29.877% Params, 302.11 MMac, 19.573% MACs, 
        (attention): AutoCorrelationLayer(
          1.05 M, 9.972% Params, 100.67 MMac, 6.522% MACs, 
          (inner_correlation): AutoCorrelation(
            0, 0.000% Params, 0.0 Mac, 0.000% MACs, 
            (dropout): Dropout(0, 0.000% Params, 0.0 Mac, 0.000% MACs, p=0.05, inplace=False)
          )
          (query_projection): Linear(262.66 k, 2.493% Params, 25.17 MMac, 1.630% MACs, in_features=512, out_features=512, bias=True)
          (key_projection): Linear(262.66 k, 2.493% Params, 25.17 MMac, 1.630% MACs, in_features=512, out_features=512, bias=True)
          (value_projection): Linear(262.66 k, 2.493% Params, 25.17 MMac, 1.630% MACs, in_features=512, out_features=512, bias=True)
          (out_projection): Linear(262.66 k, 2.493% Params, 25.17 MMac, 1.630% MACs, in_features=512, out_features=512, bias=True)
        )
        (conv1): Conv1d(1.05 M, 9.952% Params, 100.66 MMac, 6.522% MACs, 512, 2048, kernel_size=(1,), stride=(1,), bias=False)
        (conv2): Conv1d(1.05 M, 9.952% Params, 100.66 MMac, 6.522% MACs, 2048, 512, kernel_size=(1,), stride=(1,), bias=False)
        (decomp1): series_decomp(
          0, 0.000% Params, 61.44 KMac, 0.004% MACs, 
          (moving_avg): moving_avg(
            0, 0.000% Params, 61.44 KMac, 0.004% MACs, 
            (avg): AvgPool1d(0, 0.000% Params, 61.44 KMac, 0.004% MACs, kernel_size=(25,), stride=(1,), padding=(0,))
          )
        )
        (decomp2): series_decomp(
          0, 0.000% Params, 61.44 KMac, 0.004% MACs, 
          (moving_avg): moving_avg(
            0, 0.000% Params, 61.44 KMac, 0.004% MACs, 
            (avg): AvgPool1d(0, 0.000% Params, 61.44 KMac, 0.004% MACs, kernel_size=(25,), stride=(1,), padding=(0,))
          )
        )
        (dropout): Dropout(0, 0.000% Params, 0.0 Mac, 0.000% MACs, p=0.05, inplace=False)
      )
      (1): EncoderLayer(
        3.15 M, 29.877% Params, 302.11 MMac, 19.573% MACs, 
        (attention): AutoCorrelationLayer(
          1.05 M, 9.972% Params, 100.67 MMac, 6.522% MACs, 
          (inner_correlation): AutoCorrelation(
            0, 0.000% Params, 0.0 Mac, 0.000% MACs, 
            (dropout): Dropout(0, 0.000% Params, 0.0 Mac, 0.000% MACs, p=0.05, inplace=False)
          )
          (query_projection): Linear(262.66 k, 2.493% Params, 25.17 MMac, 1.630% MACs, in_features=512, out_features=512, bias=True)
          (key_projection): Linear(262.66 k, 2.493% Params, 25.17 MMac, 1.630% MACs, in_features=512, out_features=512, bias=True)
          (value_projection): Linear(262.66 k, 2.493% Params, 25.17 MMac, 1.630% MACs, in_features=512, out_features=512, bias=True)
          (out_projection): Linear(262.66 k, 2.493% Params, 25.17 MMac, 1.630% MACs, in_features=512, out_features=512, bias=True)
        )
        (conv1): Conv1d(1.05 M, 9.952% Params, 100.66 MMac, 6.522% MACs, 512, 2048, kernel_size=(1,), stride=(1,), bias=False)
        (conv2): Conv1d(1.05 M, 9.952% Params, 100.66 MMac, 6.522% MACs, 2048, 512, kernel_size=(1,), stride=(1,), bias=False)
        (decomp1): series_decomp(
          0, 0.000% Params, 61.44 KMac, 0.004% MACs, 
          (moving_avg): moving_avg(
            0, 0.000% Params, 61.44 KMac, 0.004% MACs, 
            (avg): AvgPool1d(0, 0.000% Params, 61.44 KMac, 0.004% MACs, kernel_size=(25,), stride=(1,), padding=(0,))
          )
        )
        (decomp2): series_decomp(
          0, 0.000% Params, 61.44 KMac, 0.004% MACs, 
          (moving_avg): moving_avg(
            0, 0.000% Params, 61.44 KMac, 0.004% MACs, 
            (avg): AvgPool1d(0, 0.000% Params, 61.44 KMac, 0.004% MACs, kernel_size=(25,), stride=(1,), padding=(0,))
          )
        )
        (dropout): Dropout(0, 0.000% Params, 0.0 Mac, 0.000% MACs, p=0.05, inplace=False)
      )
    )
    (norm): my_Layernorm(
      0, 0.000% Params, 0.0 Mac, 0.000% MACs, 
      (layernorm): LayerNorm(0, 0.000% Params, 0.0 Mac, 0.000% MACs, (512,), eps=1e-05, elementwise_affine=True)
    )
  )
  (decoder): Decoder(
    4.21 M, 39.984% Params, 934.99 MMac, 60.575% MACs, 
    (layers): ModuleList(
      4.21 M, 39.950% Params, 934.13 MMac, 60.519% MACs, 
      (0): DecoderLayer(
        4.21 M, 39.950% Params, 934.13 MMac, 60.519% MACs, 
        (self_attention): AutoCorrelationLayer(
          1.05 M, 9.972% Params, 251.66 MMac, 16.304% MACs, 
          (inner_correlation): AutoCorrelation(
            0, 0.000% Params, 0.0 Mac, 0.000% MACs, 
            (dropout): Dropout(0, 0.000% Params, 0.0 Mac, 0.000% MACs, p=0.05, inplace=False)
          )
          (query_projection): Linear(262.66 k, 2.493% Params, 62.92 MMac, 4.076% MACs, in_features=512, out_features=512, bias=True)
          (key_projection): Linear(262.66 k, 2.493% Params, 62.92 MMac, 4.076% MACs, in_features=512, out_features=512, bias=True)
          (value_projection): Linear(262.66 k, 2.493% Params, 62.92 MMac, 4.076% MACs, in_features=512, out_features=512, bias=True)
          (out_projection): Linear(262.66 k, 2.493% Params, 62.92 MMac, 4.076% MACs, in_features=512, out_features=512, bias=True)
        )
        (cross_attention): AutoCorrelationLayer(
          1.05 M, 9.972% Params, 176.16 MMac, 11.413% MACs, 
          (inner_correlation): AutoCorrelation(
            0, 0.000% Params, 0.0 Mac, 0.000% MACs, 
            (dropout): Dropout(0, 0.000% Params, 0.0 Mac, 0.000% MACs, p=0.05, inplace=False)
          )
          (query_projection): Linear(262.66 k, 2.493% Params, 62.92 MMac, 4.076% MACs, in_features=512, out_features=512, bias=True)
          (key_projection): Linear(262.66 k, 2.493% Params, 25.17 MMac, 1.630% MACs, in_features=512, out_features=512, bias=True)
          (value_projection): Linear(262.66 k, 2.493% Params, 25.17 MMac, 1.630% MACs, in_features=512, out_features=512, bias=True)
          (out_projection): Linear(262.66 k, 2.493% Params, 62.92 MMac, 4.076% MACs, in_features=512, out_features=512, bias=True)
        )
        (conv1): Conv1d(1.05 M, 9.952% Params, 251.66 MMac, 16.304% MACs, 512, 2048, kernel_size=(1,), stride=(1,), bias=False)
        (conv2): Conv1d(1.05 M, 9.952% Params, 251.66 MMac, 16.304% MACs, 2048, 512, kernel_size=(1,), stride=(1,), bias=False)
        (decomp1): series_decomp(
          0, 0.000% Params, 135.17 KMac, 0.009% MACs, 
          (moving_avg): moving_avg(
            0, 0.000% Params, 135.17 KMac, 0.009% MACs, 
            (avg): AvgPool1d(0, 0.000% Params, 135.17 KMac, 0.009% MACs, kernel_size=(25,), stride=(1,), padding=(0,))
          )
        )
        (decomp2): series_decomp(
          0, 0.000% Params, 135.17 KMac, 0.009% MACs, 
          (moving_avg): moving_avg(
            0, 0.000% Params, 135.17 KMac, 0.009% MACs, 
            (avg): AvgPool1d(0, 0.000% Params, 135.17 KMac, 0.009% MACs, kernel_size=(25,), stride=(1,), padding=(0,))
          )
        )
        (decomp3): series_decomp(
          0, 0.000% Params, 135.17 KMac, 0.009% MACs, 
          (moving_avg): moving_avg(
            0, 0.000% Params, 135.17 KMac, 0.009% MACs, 
            (avg): AvgPool1d(0, 0.000% Params, 135.17 KMac, 0.009% MACs, kernel_size=(25,), stride=(1,), padding=(0,))
          )
        )
        (dropout): Dropout(0, 0.000% Params, 0.0 Mac, 0.000% MACs, p=0.05, inplace=False)
        (projection): Conv1d(10.75 k, 0.102% Params, 2.58 MMac, 0.167% MACs, 512, 7, kernel_size=(3,), stride=(1,), padding=(1,), bias=False, padding_mode=circular)
      )
    )
    (norm): my_Layernorm(
      0, 0.000% Params, 0.0 Mac, 0.000% MACs, 
      (layernorm): LayerNorm(0, 0.000% Params, 0.0 Mac, 0.000% MACs, (512,), eps=1e-05, elementwise_affine=True)
    )
    (projection): Linear(3.59 k, 0.034% Params, 860.17 KMac, 0.056% MACs, in_features=512, out_features=7, bias=True)
  )
)
Computational complexity:       1.54 GMac
Number of parameters:           10.54 M 
