Args in experiment:
Namespace(is_training=1, model_id='ETTm2_96_96', model='Autoformer', data='ETTm2', root_path='./dataset/', data_path='ETTm2.csv', features='M', target='OT', freq='h', checkpoints='./checkpoints/', seq_len=96, label_len=48, pred_len=96, individual=False, embed_type=0, enc_in=7, dec_in=7, c_out=7, d_model=512, n_heads=8, e_layers=2, d_layers=1, d_ff=2048, moving_avg=25, factor=3, distil=True, dropout=0.05, embed='timeF', activation='gelu', output_attention=False, do_predict=False, num_workers=10, itr=1, train_epochs=10, batch_size=32, patience=3, learning_rate=0.0001, des='Exp', loss='mse', lradj='type1', use_amp=False, use_gpu=True, gpu=5, use_multi_gpu=False, devices='0,1,2,3', test_flop=True)
Use GPU: cuda:5
>>>>>>>start training : ETTm2_96_96_Autoformer_ETTm2_ftM_sl96_ll48_pl96_dm512_nh8_el2_dl1_df2048_fc3_ebtimeF_dtTrue_Exp_0>>>>>>>>>>>>>>>>>>>>>>>>>>
train 34369
val 11425
test 11425
	iters: 100, epoch: 1 | loss: 0.1768943
	speed: 0.0872s/iter; left time: 928.4191s
	iters: 200, epoch: 1 | loss: 0.3105021
	speed: 0.0530s/iter; left time: 558.9656s
	iters: 300, epoch: 1 | loss: 0.4649747
	speed: 0.0536s/iter; left time: 559.8904s
	iters: 400, epoch: 1 | loss: 0.2983450
	speed: 0.0538s/iter; left time: 556.4436s
	iters: 500, epoch: 1 | loss: 0.2511914
	speed: 0.0539s/iter; left time: 552.1767s
	iters: 600, epoch: 1 | loss: 0.2261554
	speed: 0.0545s/iter; left time: 552.3676s
	iters: 700, epoch: 1 | loss: 0.1843480
	speed: 0.0549s/iter; left time: 550.8761s
	iters: 800, epoch: 1 | loss: 0.1391197
	speed: 0.0542s/iter; left time: 538.6496s
	iters: 900, epoch: 1 | loss: 0.0954201
	speed: 0.0551s/iter; left time: 542.1576s
	iters: 1000, epoch: 1 | loss: 0.2780239
	speed: 0.0547s/iter; left time: 532.4154s
Epoch: 1 cost time: 61.57370162010193
Epoch: 1, Steps: 1074 | Train Loss: 0.2780727 Vali Loss: 0.1565008 Test Loss: 0.2280052
Validation loss decreased (inf --> 0.156501).  Saving model ...
Updating learning rate to 0.0001
	iters: 100, epoch: 2 | loss: 0.2738403
	speed: 0.3800s/iter; left time: 3635.7047s
	iters: 200, epoch: 2 | loss: 0.2053363
	speed: 0.0541s/iter; left time: 512.0447s
	iters: 300, epoch: 2 | loss: 0.2976134
	speed: 0.0538s/iter; left time: 503.9124s
	iters: 400, epoch: 2 | loss: 0.9259605
	speed: 0.0539s/iter; left time: 499.8829s
	iters: 500, epoch: 2 | loss: 0.5719000
	speed: 0.0536s/iter; left time: 491.0316s
	iters: 600, epoch: 2 | loss: 0.1552529
	speed: 0.0533s/iter; left time: 483.6591s
	iters: 700, epoch: 2 | loss: 0.1575227
	speed: 0.0533s/iter; left time: 478.1467s
	iters: 800, epoch: 2 | loss: 0.1989303
	speed: 0.0548s/iter; left time: 486.3366s
	iters: 900, epoch: 2 | loss: 0.3118698
	speed: 0.0547s/iter; left time: 479.2957s
	iters: 1000, epoch: 2 | loss: 0.1977079
	speed: 0.0535s/iter; left time: 463.5300s
Epoch: 2 cost time: 59.247997760772705
Epoch: 2, Steps: 1074 | Train Loss: 0.2454135 Vali Loss: 0.1643074 Test Loss: 0.2624266
EarlyStopping counter: 1 out of 3
Updating learning rate to 5e-05
	iters: 100, epoch: 3 | loss: 0.1981235
	speed: 0.3786s/iter; left time: 3215.3027s
	iters: 200, epoch: 3 | loss: 0.1821266
	speed: 0.0556s/iter; left time: 466.5069s
	iters: 300, epoch: 3 | loss: 0.1789697
	speed: 0.0558s/iter; left time: 463.0827s
	iters: 400, epoch: 3 | loss: 0.1753571
	speed: 0.0557s/iter; left time: 455.9676s
	iters: 500, epoch: 3 | loss: 0.1560790
	speed: 0.0553s/iter; left time: 447.2115s
	iters: 600, epoch: 3 | loss: 0.2981724
	speed: 0.0549s/iter; left time: 439.0156s
	iters: 700, epoch: 3 | loss: 0.3550462
	speed: 0.0546s/iter; left time: 430.6740s
	iters: 800, epoch: 3 | loss: 0.1062667
	speed: 0.0544s/iter; left time: 423.7814s
	iters: 900, epoch: 3 | loss: 0.0895570
	speed: 0.0552s/iter; left time: 425.0195s
	iters: 1000, epoch: 3 | loss: 0.1982680
	speed: 0.0555s/iter; left time: 421.4579s
Epoch: 3 cost time: 60.730382680892944
Epoch: 3, Steps: 1074 | Train Loss: 0.2173166 Vali Loss: 0.1708431 Test Loss: 0.2931795
EarlyStopping counter: 2 out of 3
Updating learning rate to 2.5e-05
	iters: 100, epoch: 4 | loss: 0.3170958
	speed: 0.3695s/iter; left time: 2741.1815s
	iters: 200, epoch: 4 | loss: 0.2240511
	speed: 0.0533s/iter; left time: 389.8206s
	iters: 300, epoch: 4 | loss: 0.3995043
	speed: 0.0539s/iter; left time: 389.0759s
	iters: 400, epoch: 4 | loss: 0.2201115
	speed: 0.0541s/iter; left time: 385.2366s
	iters: 500, epoch: 4 | loss: 0.4172733
	speed: 0.0548s/iter; left time: 384.4922s
	iters: 600, epoch: 4 | loss: 0.1712912
	speed: 0.0549s/iter; left time: 380.1818s
	iters: 700, epoch: 4 | loss: 0.2284224
	speed: 0.0547s/iter; left time: 373.0871s
	iters: 800, epoch: 4 | loss: 0.1846301
	speed: 0.0550s/iter; left time: 369.8399s
	iters: 900, epoch: 4 | loss: 0.2554261
	speed: 0.0539s/iter; left time: 356.4647s
	iters: 1000, epoch: 4 | loss: 0.1201064
	speed: 0.0541s/iter; left time: 352.8094s
Epoch: 4 cost time: 59.744744539260864
Epoch: 4, Steps: 1074 | Train Loss: 0.2032312 Vali Loss: 0.1704361 Test Loss: 0.2912011
EarlyStopping counter: 3 out of 3
Early stopping
>>>>>>>testing : ETTm2_96_96_Autoformer_ETTm2_ftM_sl96_ll48_pl96_dm512_nh8_el2_dl1_df2048_fc3_ebtimeF_dtTrue_Exp_0<<<<<<<<<<<<<<<<<<<<<<<<<<<<<<<<<
test 11425
mse:0.22800524532794952, mae:0.3120538592338562
INFO: Trainable parameter count: 0.01M
INFO: Trainable parameter count: 0.01M
INFO: Trainable parameter count: 0.02M
INFO: Trainable parameter count: 0.03M
INFO: Trainable parameter count: 0.29M
INFO: Trainable parameter count: 0.29M
INFO: Trainable parameter count: 0.55M
INFO: Trainable parameter count: 0.55M
INFO: Trainable parameter count: 0.81M
INFO: Trainable parameter count: 0.81M
INFO: Trainable parameter count: 1.08M
INFO: Trainable parameter count: 1.08M
INFO: Trainable parameter count: 2.12M
INFO: Trainable parameter count: 3.17M
INFO: Trainable parameter count: 3.44M
INFO: Trainable parameter count: 3.44M
INFO: Trainable parameter count: 3.70M
INFO: Trainable parameter count: 3.70M
INFO: Trainable parameter count: 3.96M
INFO: Trainable parameter count: 3.96M
INFO: Trainable parameter count: 4.22M
INFO: Trainable parameter count: 4.22M
INFO: Trainable parameter count: 5.27M
INFO: Trainable parameter count: 6.32M
INFO: Trainable parameter count: 6.32M
INFO: Trainable parameter count: 6.32M
INFO: Trainable parameter count: 6.58M
INFO: Trainable parameter count: 6.58M
INFO: Trainable parameter count: 6.85M
INFO: Trainable parameter count: 6.85M
INFO: Trainable parameter count: 7.11M
INFO: Trainable parameter count: 7.11M
INFO: Trainable parameter count: 7.37M
INFO: Trainable parameter count: 7.37M
INFO: Trainable parameter count: 7.63M
INFO: Trainable parameter count: 7.64M
INFO: Trainable parameter count: 7.90M
INFO: Trainable parameter count: 7.90M
INFO: Trainable parameter count: 8.16M
INFO: Trainable parameter count: 8.16M
INFO: Trainable parameter count: 8.42M
INFO: Trainable parameter count: 8.42M
INFO: Trainable parameter count: 9.47M
INFO: Trainable parameter count: 10.52M
INFO: Trainable parameter count: 10.53M
INFO: Trainable parameter count: 10.53M
INFO: Trainable parameter count: 10.53M
INFO: Trainable parameter count: 10.54M
INFO: Trainable parameter count: 10.54M
Model(
  10.53 M, 99.981% Params, 1.19 GMac, 100.000% MACs, 
  (decomp): series_decomp(
    0, 0.000% Params, 840.0 Mac, 0.000% MACs, 
    (moving_avg): moving_avg(
      0, 0.000% Params, 840.0 Mac, 0.000% MACs, 
      (avg): AvgPool1d(0, 0.000% Params, 840.0 Mac, 0.000% MACs, kernel_size=(25,), stride=(1,), padding=(0,))
    )
  )
  (enc_embedding): DataEmbedding_wo_pos(
    12.8 k, 0.121% Params, 1.23 MMac, 0.103% MACs, 
    (value_embedding): TokenEmbedding(
      10.75 k, 0.102% Params, 1.03 MMac, 0.087% MACs, 
      (tokenConv): Conv1d(10.75 k, 0.102% Params, 1.03 MMac, 0.087% MACs, 7, 512, kernel_size=(3,), stride=(1,), padding=(1,), bias=False, padding_mode=circular)
    )
    (position_embedding): PositionalEmbedding(0, 0.000% Params, 0.0 Mac, 0.000% MACs, )
    (temporal_embedding): TimeFeatureEmbedding(
      2.05 k, 0.019% Params, 196.61 KMac, 0.017% MACs, 
      (embed): Linear(2.05 k, 0.019% Params, 196.61 KMac, 0.017% MACs, in_features=4, out_features=512, bias=False)
    )
    (dropout): Dropout(0, 0.000% Params, 0.0 Mac, 0.000% MACs, p=0.05, inplace=False)
  )
  (dec_embedding): DataEmbedding_wo_pos(
    12.8 k, 0.121% Params, 1.84 MMac, 0.155% MACs, 
    (value_embedding): TokenEmbedding(
      10.75 k, 0.102% Params, 1.55 MMac, 0.130% MACs, 
      (tokenConv): Conv1d(10.75 k, 0.102% Params, 1.55 MMac, 0.130% MACs, 7, 512, kernel_size=(3,), stride=(1,), padding=(1,), bias=False, padding_mode=circular)
    )
    (position_embedding): PositionalEmbedding(0, 0.000% Params, 0.0 Mac, 0.000% MACs, )
    (temporal_embedding): TimeFeatureEmbedding(
      2.05 k, 0.019% Params, 294.91 KMac, 0.025% MACs, 
      (embed): Linear(2.05 k, 0.019% Params, 294.91 KMac, 0.025% MACs, in_features=4, out_features=512, bias=False)
    )
    (dropout): Dropout(0, 0.000% Params, 0.0 Mac, 0.000% MACs, p=0.05, inplace=False)
  )
  (encoder): Encoder(
    6.3 M, 59.753% Params, 604.23 MMac, 50.842% MACs, 
    (attn_layers): ModuleList(
      6.3 M, 59.753% Params, 604.23 MMac, 50.842% MACs, 
      (0): EncoderLayer(
        3.15 M, 29.877% Params, 302.11 MMac, 25.421% MACs, 
        (attention): AutoCorrelationLayer(
          1.05 M, 9.972% Params, 100.67 MMac, 8.470% MACs, 
          (inner_correlation): AutoCorrelation(
            0, 0.000% Params, 0.0 Mac, 0.000% MACs, 
            (dropout): Dropout(0, 0.000% Params, 0.0 Mac, 0.000% MACs, p=0.05, inplace=False)
          )
          (query_projection): Linear(262.66 k, 2.493% Params, 25.17 MMac, 2.118% MACs, in_features=512, out_features=512, bias=True)
          (key_projection): Linear(262.66 k, 2.493% Params, 25.17 MMac, 2.118% MACs, in_features=512, out_features=512, bias=True)
          (value_projection): Linear(262.66 k, 2.493% Params, 25.17 MMac, 2.118% MACs, in_features=512, out_features=512, bias=True)
          (out_projection): Linear(262.66 k, 2.493% Params, 25.17 MMac, 2.118% MACs, in_features=512, out_features=512, bias=True)
        )
        (conv1): Conv1d(1.05 M, 9.952% Params, 100.66 MMac, 8.470% MACs, 512, 2048, kernel_size=(1,), stride=(1,), bias=False)
        (conv2): Conv1d(1.05 M, 9.952% Params, 100.66 MMac, 8.470% MACs, 2048, 512, kernel_size=(1,), stride=(1,), bias=False)
        (decomp1): series_decomp(
          0, 0.000% Params, 61.44 KMac, 0.005% MACs, 
          (moving_avg): moving_avg(
            0, 0.000% Params, 61.44 KMac, 0.005% MACs, 
            (avg): AvgPool1d(0, 0.000% Params, 61.44 KMac, 0.005% MACs, kernel_size=(25,), stride=(1,), padding=(0,))
          )
        )
        (decomp2): series_decomp(
          0, 0.000% Params, 61.44 KMac, 0.005% MACs, 
          (moving_avg): moving_avg(
            0, 0.000% Params, 61.44 KMac, 0.005% MACs, 
            (avg): AvgPool1d(0, 0.000% Params, 61.44 KMac, 0.005% MACs, kernel_size=(25,), stride=(1,), padding=(0,))
          )
        )
        (dropout): Dropout(0, 0.000% Params, 0.0 Mac, 0.000% MACs, p=0.05, inplace=False)
      )
      (1): EncoderLayer(
        3.15 M, 29.877% Params, 302.11 MMac, 25.421% MACs, 
        (attention): AutoCorrelationLayer(
          1.05 M, 9.972% Params, 100.67 MMac, 8.470% MACs, 
          (inner_correlation): AutoCorrelation(
            0, 0.000% Params, 0.0 Mac, 0.000% MACs, 
            (dropout): Dropout(0, 0.000% Params, 0.0 Mac, 0.000% MACs, p=0.05, inplace=False)
          )
          (query_projection): Linear(262.66 k, 2.493% Params, 25.17 MMac, 2.118% MACs, in_features=512, out_features=512, bias=True)
          (key_projection): Linear(262.66 k, 2.493% Params, 25.17 MMac, 2.118% MACs, in_features=512, out_features=512, bias=True)
          (value_projection): Linear(262.66 k, 2.493% Params, 25.17 MMac, 2.118% MACs, in_features=512, out_features=512, bias=True)
          (out_projection): Linear(262.66 k, 2.493% Params, 25.17 MMac, 2.118% MACs, in_features=512, out_features=512, bias=True)
        )
        (conv1): Conv1d(1.05 M, 9.952% Params, 100.66 MMac, 8.470% MACs, 512, 2048, kernel_size=(1,), stride=(1,), bias=False)
        (conv2): Conv1d(1.05 M, 9.952% Params, 100.66 MMac, 8.470% MACs, 2048, 512, kernel_size=(1,), stride=(1,), bias=False)
        (decomp1): series_decomp(
          0, 0.000% Params, 61.44 KMac, 0.005% MACs, 
          (moving_avg): moving_avg(
            0, 0.000% Params, 61.44 KMac, 0.005% MACs, 
            (avg): AvgPool1d(0, 0.000% Params, 61.44 KMac, 0.005% MACs, kernel_size=(25,), stride=(1,), padding=(0,))
          )
        )
        (decomp2): series_decomp(
          0, 0.000% Params, 61.44 KMac, 0.005% MACs, 
          (moving_avg): moving_avg(
            0, 0.000% Params, 61.44 KMac, 0.005% MACs, 
            (avg): AvgPool1d(0, 0.000% Params, 61.44 KMac, 0.005% MACs, kernel_size=(25,), stride=(1,), padding=(0,))
          )
        )
        (dropout): Dropout(0, 0.000% Params, 0.0 Mac, 0.000% MACs, p=0.05, inplace=False)
      )
    )
    (norm): my_Layernorm(
      0, 0.000% Params, 0.0 Mac, 0.000% MACs, 
      (layernorm): LayerNorm(0, 0.000% Params, 0.0 Mac, 0.000% MACs, (512,), eps=1e-05, elementwise_affine=True)
    )
  )
  (decoder): Decoder(
    4.21 M, 39.984% Params, 581.14 MMac, 48.899% MACs, 
    (layers): ModuleList(
      4.21 M, 39.950% Params, 580.62 MMac, 48.856% MACs, 
      (0): DecoderLayer(
        4.21 M, 39.950% Params, 580.62 MMac, 48.856% MACs, 
        (self_attention): AutoCorrelationLayer(
          1.05 M, 9.972% Params, 151.0 MMac, 12.705% MACs, 
          (inner_correlation): AutoCorrelation(
            0, 0.000% Params, 0.0 Mac, 0.000% MACs, 
            (dropout): Dropout(0, 0.000% Params, 0.0 Mac, 0.000% MACs, p=0.05, inplace=False)
          )
          (query_projection): Linear(262.66 k, 2.493% Params, 37.75 MMac, 3.176% MACs, in_features=512, out_features=512, bias=True)
          (key_projection): Linear(262.66 k, 2.493% Params, 37.75 MMac, 3.176% MACs, in_features=512, out_features=512, bias=True)
          (value_projection): Linear(262.66 k, 2.493% Params, 37.75 MMac, 3.176% MACs, in_features=512, out_features=512, bias=True)
          (out_projection): Linear(262.66 k, 2.493% Params, 37.75 MMac, 3.176% MACs, in_features=512, out_features=512, bias=True)
        )
        (cross_attention): AutoCorrelationLayer(
          1.05 M, 9.972% Params, 125.83 MMac, 10.588% MACs, 
          (inner_correlation): AutoCorrelation(
            0, 0.000% Params, 0.0 Mac, 0.000% MACs, 
            (dropout): Dropout(0, 0.000% Params, 0.0 Mac, 0.000% MACs, p=0.05, inplace=False)
          )
          (query_projection): Linear(262.66 k, 2.493% Params, 37.75 MMac, 3.176% MACs, in_features=512, out_features=512, bias=True)
          (key_projection): Linear(262.66 k, 2.493% Params, 25.17 MMac, 2.118% MACs, in_features=512, out_features=512, bias=True)
          (value_projection): Linear(262.66 k, 2.493% Params, 25.17 MMac, 2.118% MACs, in_features=512, out_features=512, bias=True)
          (out_projection): Linear(262.66 k, 2.493% Params, 37.75 MMac, 3.176% MACs, in_features=512, out_features=512, bias=True)
        )
        (conv1): Conv1d(1.05 M, 9.952% Params, 150.99 MMac, 12.705% MACs, 512, 2048, kernel_size=(1,), stride=(1,), bias=False)
        (conv2): Conv1d(1.05 M, 9.952% Params, 150.99 MMac, 12.705% MACs, 2048, 512, kernel_size=(1,), stride=(1,), bias=False)
        (decomp1): series_decomp(
          0, 0.000% Params, 86.02 KMac, 0.007% MACs, 
          (moving_avg): moving_avg(
            0, 0.000% Params, 86.02 KMac, 0.007% MACs, 
            (avg): AvgPool1d(0, 0.000% Params, 86.02 KMac, 0.007% MACs, kernel_size=(25,), stride=(1,), padding=(0,))
          )
        )
        (decomp2): series_decomp(
          0, 0.000% Params, 86.02 KMac, 0.007% MACs, 
          (moving_avg): moving_avg(
            0, 0.000% Params, 86.02 KMac, 0.007% MACs, 
            (avg): AvgPool1d(0, 0.000% Params, 86.02 KMac, 0.007% MACs, kernel_size=(25,), stride=(1,), padding=(0,))
          )
        )
        (decomp3): series_decomp(
          0, 0.000% Params, 86.02 KMac, 0.007% MACs, 
          (moving_avg): moving_avg(
            0, 0.000% Params, 86.02 KMac, 0.007% MACs, 
            (avg): AvgPool1d(0, 0.000% Params, 86.02 KMac, 0.007% MACs, kernel_size=(25,), stride=(1,), padding=(0,))
          )
        )
        (dropout): Dropout(0, 0.000% Params, 0.0 Mac, 0.000% MACs, p=0.05, inplace=False)
        (projection): Conv1d(10.75 k, 0.102% Params, 1.55 MMac, 0.130% MACs, 512, 7, kernel_size=(3,), stride=(1,), padding=(1,), bias=False, padding_mode=circular)
      )
    )
    (norm): my_Layernorm(
      0, 0.000% Params, 0.0 Mac, 0.000% MACs, 
      (layernorm): LayerNorm(0, 0.000% Params, 0.0 Mac, 0.000% MACs, (512,), eps=1e-05, elementwise_affine=True)
    )
    (projection): Linear(3.59 k, 0.034% Params, 516.1 KMac, 0.043% MACs, in_features=512, out_features=7, bias=True)
  )
)
Computational complexity:       1.19 GMac
Number of parameters:           10.54 M 
