Args in experiment:
Namespace(is_training=1, model_id='traffic_96_720', model='Autoformer', data='custom', root_path='./dataset/', data_path='traffic.csv', features='M', target='OT', freq='h', checkpoints='./checkpoints/', seq_len=96, label_len=48, pred_len=720, individual=False, embed_type=0, enc_in=862, dec_in=862, c_out=862, d_model=512, n_heads=8, e_layers=2, d_layers=1, d_ff=2048, moving_avg=25, factor=3, distil=True, dropout=0.05, embed='timeF', activation='gelu', output_attention=False, do_predict=False, num_workers=10, itr=1, train_epochs=3, batch_size=32, patience=3, learning_rate=0.0001, des='Exp', loss='mse', lradj='type1', use_amp=False, use_gpu=True, gpu=8, use_multi_gpu=False, devices='0,1,2,3', test_flop=True)
Use GPU: cuda:8
>>>>>>>start training : traffic_96_720_Autoformer_custom_ftM_sl96_ll48_pl720_dm512_nh8_el2_dl1_df2048_fc3_ebtimeF_dtTrue_Exp_0>>>>>>>>>>>>>>>>>>>>>>>>>>
train 11465
val 1037
test 2789
	iters: 100, epoch: 1 | loss: 0.4639135
	speed: 0.2857s/iter; left time: 278.5912s
	iters: 200, epoch: 1 | loss: 0.3650061
	speed: 0.2521s/iter; left time: 220.5680s
	iters: 300, epoch: 1 | loss: 0.3333517
	speed: 0.2514s/iter; left time: 194.8708s
Epoch: 1 cost time: 93.31648993492126
Epoch: 1, Steps: 358 | Train Loss: 0.4337129 Vali Loss: 0.5187272 Test Loss: 0.6834823
Validation loss decreased (inf --> 0.518727).  Saving model ...
Updating learning rate to 0.0001
	iters: 100, epoch: 2 | loss: 0.2984899
	speed: 0.8114s/iter; left time: 500.6641s
	iters: 200, epoch: 2 | loss: 0.2962858
	speed: 0.2485s/iter; left time: 128.4969s
	iters: 300, epoch: 2 | loss: 0.2963926
	speed: 0.2502s/iter; left time: 104.3432s
Epoch: 2 cost time: 90.44298124313354
Epoch: 2, Steps: 358 | Train Loss: 0.2957165 Vali Loss: 0.5050372 Test Loss: 0.6697130
Validation loss decreased (0.518727 --> 0.505037).  Saving model ...
Updating learning rate to 5e-05
	iters: 100, epoch: 3 | loss: 0.2826158
	speed: 0.8132s/iter; left time: 210.6132s
	iters: 200, epoch: 3 | loss: 0.2720405
	speed: 0.2490s/iter; left time: 39.5854s
	iters: 300, epoch: 3 | loss: 0.2699602
	speed: 0.2473s/iter; left time: 14.5916s
Epoch: 3 cost time: 90.45531749725342
Epoch: 3, Steps: 358 | Train Loss: 0.2764309 Vali Loss: 0.4990947 Test Loss: 0.6956630
Validation loss decreased (0.505037 --> 0.499095).  Saving model ...
Updating learning rate to 2.5e-05
>>>>>>>testing : traffic_96_720_Autoformer_custom_ftM_sl96_ll48_pl720_dm512_nh8_el2_dl1_df2048_fc3_ebtimeF_dtTrue_Exp_0<<<<<<<<<<<<<<<<<<<<<<<<<<<<<<<<<
test 2789
mse:0.6956579685211182, mae:0.4300718903541565
INFO: Trainable parameter count: 1.32M
INFO: Trainable parameter count: 1.33M
INFO: Trainable parameter count: 2.65M
INFO: Trainable parameter count: 2.65M
INFO: Trainable parameter count: 2.91M
INFO: Trainable parameter count: 2.91M
INFO: Trainable parameter count: 3.18M
INFO: Trainable parameter count: 3.18M
INFO: Trainable parameter count: 3.44M
INFO: Trainable parameter count: 3.44M
INFO: Trainable parameter count: 3.70M
INFO: Trainable parameter count: 3.70M
INFO: Trainable parameter count: 4.75M
INFO: Trainable parameter count: 5.80M
INFO: Trainable parameter count: 6.06M
INFO: Trainable parameter count: 6.06M
INFO: Trainable parameter count: 6.32M
INFO: Trainable parameter count: 6.33M
INFO: Trainable parameter count: 6.59M
INFO: Trainable parameter count: 6.59M
INFO: Trainable parameter count: 6.85M
INFO: Trainable parameter count: 6.85M
INFO: Trainable parameter count: 7.90M
INFO: Trainable parameter count: 8.95M
INFO: Trainable parameter count: 8.95M
INFO: Trainable parameter count: 8.95M
INFO: Trainable parameter count: 9.21M
INFO: Trainable parameter count: 9.21M
INFO: Trainable parameter count: 9.47M
INFO: Trainable parameter count: 9.47M
INFO: Trainable parameter count: 9.74M
INFO: Trainable parameter count: 9.74M
INFO: Trainable parameter count: 10.00M
INFO: Trainable parameter count: 10.00M
INFO: Trainable parameter count: 10.26M
INFO: Trainable parameter count: 10.26M
INFO: Trainable parameter count: 10.52M
INFO: Trainable parameter count: 10.52M
INFO: Trainable parameter count: 10.79M
INFO: Trainable parameter count: 10.79M
INFO: Trainable parameter count: 11.05M
INFO: Trainable parameter count: 11.05M
INFO: Trainable parameter count: 12.10M
INFO: Trainable parameter count: 13.15M
INFO: Trainable parameter count: 14.47M
INFO: Trainable parameter count: 14.47M
INFO: Trainable parameter count: 14.47M
INFO: Trainable parameter count: 14.91M
INFO: Trainable parameter count: 14.91M
Model(
  14.91 M, 99.986% Params, 5.98 GMac, 100.000% MACs, 
  (decomp): series_decomp(
    0, 0.000% Params, 103.44 KMac, 0.002% MACs, 
    (moving_avg): moving_avg(
      0, 0.000% Params, 103.44 KMac, 0.002% MACs, 
      (avg): AvgPool1d(0, 0.000% Params, 103.44 KMac, 0.002% MACs, kernel_size=(25,), stride=(1,), padding=(0,))
    )
  )
  (enc_embedding): DataEmbedding_wo_pos(
    1.33 M, 8.891% Params, 127.3 MMac, 2.130% MACs, 
    (value_embedding): TokenEmbedding(
      1.32 M, 8.878% Params, 127.11 MMac, 2.127% MACs, 
      (tokenConv): Conv1d(1.32 M, 8.878% Params, 127.11 MMac, 2.127% MACs, 862, 512, kernel_size=(3,), stride=(1,), padding=(1,), bias=False, padding_mode=circular)
    )
    (position_embedding): PositionalEmbedding(0, 0.000% Params, 0.0 Mac, 0.000% MACs, )
    (temporal_embedding): TimeFeatureEmbedding(
      2.05 k, 0.014% Params, 196.61 KMac, 0.003% MACs, 
      (embed): Linear(2.05 k, 0.014% Params, 196.61 KMac, 0.003% MACs, in_features=4, out_features=512, bias=False)
    )
    (dropout): Dropout(0, 0.000% Params, 0.0 Mac, 0.000% MACs, p=0.05, inplace=False)
  )
  (dec_embedding): DataEmbedding_wo_pos(
    1.33 M, 8.891% Params, 1.02 GMac, 17.042% MACs, 
    (value_embedding): TokenEmbedding(
      1.32 M, 8.878% Params, 1.02 GMac, 17.016% MACs, 
      (tokenConv): Conv1d(1.32 M, 8.878% Params, 1.02 GMac, 17.016% MACs, 862, 512, kernel_size=(3,), stride=(1,), padding=(1,), bias=False, padding_mode=circular)
    )
    (position_embedding): PositionalEmbedding(0, 0.000% Params, 0.0 Mac, 0.000% MACs, )
    (temporal_embedding): TimeFeatureEmbedding(
      2.05 k, 0.014% Params, 1.57 MMac, 0.026% MACs, 
      (embed): Linear(2.05 k, 0.014% Params, 1.57 MMac, 0.026% MACs, in_features=4, out_features=512, bias=False)
    )
    (dropout): Dropout(0, 0.000% Params, 0.0 Mac, 0.000% MACs, p=0.05, inplace=False)
  )
  (encoder): Encoder(
    6.3 M, 42.211% Params, 604.23 MMac, 10.111% MACs, 
    (attn_layers): ModuleList(
      6.3 M, 42.211% Params, 604.23 MMac, 10.111% MACs, 
      (0): EncoderLayer(
        3.15 M, 21.106% Params, 302.11 MMac, 5.055% MACs, 
        (attention): AutoCorrelationLayer(
          1.05 M, 7.044% Params, 100.67 MMac, 1.684% MACs, 
          (inner_correlation): AutoCorrelation(
            0, 0.000% Params, 0.0 Mac, 0.000% MACs, 
            (dropout): Dropout(0, 0.000% Params, 0.0 Mac, 0.000% MACs, p=0.05, inplace=False)
          )
          (query_projection): Linear(262.66 k, 1.761% Params, 25.17 MMac, 0.421% MACs, in_features=512, out_features=512, bias=True)
          (key_projection): Linear(262.66 k, 1.761% Params, 25.17 MMac, 0.421% MACs, in_features=512, out_features=512, bias=True)
          (value_projection): Linear(262.66 k, 1.761% Params, 25.17 MMac, 0.421% MACs, in_features=512, out_features=512, bias=True)
          (out_projection): Linear(262.66 k, 1.761% Params, 25.17 MMac, 0.421% MACs, in_features=512, out_features=512, bias=True)
        )
        (conv1): Conv1d(1.05 M, 7.031% Params, 100.66 MMac, 1.684% MACs, 512, 2048, kernel_size=(1,), stride=(1,), bias=False)
        (conv2): Conv1d(1.05 M, 7.031% Params, 100.66 MMac, 1.684% MACs, 2048, 512, kernel_size=(1,), stride=(1,), bias=False)
        (decomp1): series_decomp(
          0, 0.000% Params, 61.44 KMac, 0.001% MACs, 
          (moving_avg): moving_avg(
            0, 0.000% Params, 61.44 KMac, 0.001% MACs, 
            (avg): AvgPool1d(0, 0.000% Params, 61.44 KMac, 0.001% MACs, kernel_size=(25,), stride=(1,), padding=(0,))
          )
        )
        (decomp2): series_decomp(
          0, 0.000% Params, 61.44 KMac, 0.001% MACs, 
          (moving_avg): moving_avg(
            0, 0.000% Params, 61.44 KMac, 0.001% MACs, 
            (avg): AvgPool1d(0, 0.000% Params, 61.44 KMac, 0.001% MACs, kernel_size=(25,), stride=(1,), padding=(0,))
          )
        )
        (dropout): Dropout(0, 0.000% Params, 0.0 Mac, 0.000% MACs, p=0.05, inplace=False)
      )
      (1): EncoderLayer(
        3.15 M, 21.106% Params, 302.11 MMac, 5.055% MACs, 
        (attention): AutoCorrelationLayer(
          1.05 M, 7.044% Params, 100.67 MMac, 1.684% MACs, 
          (inner_correlation): AutoCorrelation(
            0, 0.000% Params, 0.0 Mac, 0.000% MACs, 
            (dropout): Dropout(0, 0.000% Params, 0.0 Mac, 0.000% MACs, p=0.05, inplace=False)
          )
          (query_projection): Linear(262.66 k, 1.761% Params, 25.17 MMac, 0.421% MACs, in_features=512, out_features=512, bias=True)
          (key_projection): Linear(262.66 k, 1.761% Params, 25.17 MMac, 0.421% MACs, in_features=512, out_features=512, bias=True)
          (value_projection): Linear(262.66 k, 1.761% Params, 25.17 MMac, 0.421% MACs, in_features=512, out_features=512, bias=True)
          (out_projection): Linear(262.66 k, 1.761% Params, 25.17 MMac, 0.421% MACs, in_features=512, out_features=512, bias=True)
        )
        (conv1): Conv1d(1.05 M, 7.031% Params, 100.66 MMac, 1.684% MACs, 512, 2048, kernel_size=(1,), stride=(1,), bias=False)
        (conv2): Conv1d(1.05 M, 7.031% Params, 100.66 MMac, 1.684% MACs, 2048, 512, kernel_size=(1,), stride=(1,), bias=False)
        (decomp1): series_decomp(
          0, 0.000% Params, 61.44 KMac, 0.001% MACs, 
          (moving_avg): moving_avg(
            0, 0.000% Params, 61.44 KMac, 0.001% MACs, 
            (avg): AvgPool1d(0, 0.000% Params, 61.44 KMac, 0.001% MACs, kernel_size=(25,), stride=(1,), padding=(0,))
          )
        )
        (decomp2): series_decomp(
          0, 0.000% Params, 61.44 KMac, 0.001% MACs, 
          (moving_avg): moving_avg(
            0, 0.000% Params, 61.44 KMac, 0.001% MACs, 
            (avg): AvgPool1d(0, 0.000% Params, 61.44 KMac, 0.001% MACs, kernel_size=(25,), stride=(1,), padding=(0,))
          )
        )
        (dropout): Dropout(0, 0.000% Params, 0.0 Mac, 0.000% MACs, p=0.05, inplace=False)
      )
    )
    (norm): my_Layernorm(
      0, 0.000% Params, 0.0 Mac, 0.000% MACs, 
      (layernorm): LayerNorm(0, 0.000% Params, 0.0 Mac, 0.000% MACs, (512,), eps=1e-05, elementwise_affine=True)
    )
  )
  (decoder): Decoder(
    5.96 M, 39.992% Params, 4.23 GMac, 70.715% MACs, 
    (layers): ModuleList(
      5.52 M, 37.028% Params, 3.89 GMac, 65.043% MACs, 
      (0): DecoderLayer(
        5.52 M, 37.028% Params, 3.89 GMac, 65.043% MACs, 
        (self_attention): AutoCorrelationLayer(
          1.05 M, 7.044% Params, 805.31 MMac, 13.476% MACs, 
          (inner_correlation): AutoCorrelation(
            0, 0.000% Params, 0.0 Mac, 0.000% MACs, 
            (dropout): Dropout(0, 0.000% Params, 0.0 Mac, 0.000% MACs, p=0.05, inplace=False)
          )
          (query_projection): Linear(262.66 k, 1.761% Params, 201.33 MMac, 3.369% MACs, in_features=512, out_features=512, bias=True)
          (key_projection): Linear(262.66 k, 1.761% Params, 201.33 MMac, 3.369% MACs, in_features=512, out_features=512, bias=True)
          (value_projection): Linear(262.66 k, 1.761% Params, 201.33 MMac, 3.369% MACs, in_features=512, out_features=512, bias=True)
          (out_projection): Linear(262.66 k, 1.761% Params, 201.33 MMac, 3.369% MACs, in_features=512, out_features=512, bias=True)
        )
        (cross_attention): AutoCorrelationLayer(
          1.05 M, 7.044% Params, 452.99 MMac, 7.580% MACs, 
          (inner_correlation): AutoCorrelation(
            0, 0.000% Params, 0.0 Mac, 0.000% MACs, 
            (dropout): Dropout(0, 0.000% Params, 0.0 Mac, 0.000% MACs, p=0.05, inplace=False)
          )
          (query_projection): Linear(262.66 k, 1.761% Params, 201.33 MMac, 3.369% MACs, in_features=512, out_features=512, bias=True)
          (key_projection): Linear(262.66 k, 1.761% Params, 25.17 MMac, 0.421% MACs, in_features=512, out_features=512, bias=True)
          (value_projection): Linear(262.66 k, 1.761% Params, 25.17 MMac, 0.421% MACs, in_features=512, out_features=512, bias=True)
          (out_projection): Linear(262.66 k, 1.761% Params, 201.33 MMac, 3.369% MACs, in_features=512, out_features=512, bias=True)
        )
        (conv1): Conv1d(1.05 M, 7.031% Params, 805.31 MMac, 13.476% MACs, 512, 2048, kernel_size=(1,), stride=(1,), bias=False)
        (conv2): Conv1d(1.05 M, 7.031% Params, 805.31 MMac, 13.476% MACs, 2048, 512, kernel_size=(1,), stride=(1,), bias=False)
        (decomp1): series_decomp(
          0, 0.000% Params, 405.5 KMac, 0.007% MACs, 
          (moving_avg): moving_avg(
            0, 0.000% Params, 405.5 KMac, 0.007% MACs, 
            (avg): AvgPool1d(0, 0.000% Params, 405.5 KMac, 0.007% MACs, kernel_size=(25,), stride=(1,), padding=(0,))
          )
        )
        (decomp2): series_decomp(
          0, 0.000% Params, 405.5 KMac, 0.007% MACs, 
          (moving_avg): moving_avg(
            0, 0.000% Params, 405.5 KMac, 0.007% MACs, 
            (avg): AvgPool1d(0, 0.000% Params, 405.5 KMac, 0.007% MACs, kernel_size=(25,), stride=(1,), padding=(0,))
          )
        )
        (decomp3): series_decomp(
          0, 0.000% Params, 405.5 KMac, 0.007% MACs, 
          (moving_avg): moving_avg(
            0, 0.000% Params, 405.5 KMac, 0.007% MACs, 
            (avg): AvgPool1d(0, 0.000% Params, 405.5 KMac, 0.007% MACs, kernel_size=(25,), stride=(1,), padding=(0,))
          )
        )
        (dropout): Dropout(0, 0.000% Params, 0.0 Mac, 0.000% MACs, p=0.05, inplace=False)
        (projection): Conv1d(1.32 M, 8.878% Params, 1.02 GMac, 17.016% MACs, 512, 862, kernel_size=(3,), stride=(1,), padding=(1,), bias=False, padding_mode=circular)
      )
    )
    (norm): my_Layernorm(
      0, 0.000% Params, 0.0 Mac, 0.000% MACs, 
      (layernorm): LayerNorm(0, 0.000% Params, 0.0 Mac, 0.000% MACs, (512,), eps=1e-05, elementwise_affine=True)
    )
    (projection): Linear(442.21 k, 2.965% Params, 338.95 MMac, 5.672% MACs, in_features=512, out_features=862, bias=True)
  )
)
Computational complexity:       5.98 GMac
Number of parameters:           14.91 M 
