Args in experiment:
Namespace(is_training=1, model_id='weather_96_336', model='Autoformer', data='custom', root_path='./dataset/', data_path='weather.csv', features='M', target='OT', freq='h', checkpoints='./checkpoints/', seq_len=96, label_len=48, pred_len=336, individual=False, embed_type=0, enc_in=21, dec_in=21, c_out=21, d_model=512, n_heads=8, e_layers=2, d_layers=1, d_ff=2048, moving_avg=25, factor=3, distil=True, dropout=0.05, embed='timeF', activation='gelu', output_attention=False, do_predict=False, num_workers=10, itr=1, train_epochs=2, batch_size=32, patience=3, learning_rate=0.0001, des='Exp', loss='mse', lradj='type1', use_amp=False, use_gpu=True, gpu=9, use_multi_gpu=False, devices='0,1,2,3', test_flop=True)
Use GPU: cuda:9
>>>>>>>start training : weather_96_336_Autoformer_custom_ftM_sl96_ll48_pl336_dm512_nh8_el2_dl1_df2048_fc3_ebtimeF_dtTrue_Exp_0>>>>>>>>>>>>>>>>>>>>>>>>>>
train 36456
val 4935
test 10204
	iters: 100, epoch: 1 | loss: 0.7433818
	speed: 0.1297s/iter; left time: 282.6908s
	iters: 200, epoch: 1 | loss: 0.6023009
	speed: 0.0961s/iter; left time: 199.7497s
	iters: 300, epoch: 1 | loss: 0.5028607
	speed: 0.0967s/iter; left time: 191.3243s
	iters: 400, epoch: 1 | loss: 0.4876586
	speed: 0.0956s/iter; left time: 179.6298s
	iters: 500, epoch: 1 | loss: 0.4902489
	speed: 0.0947s/iter; left time: 168.3934s
	iters: 600, epoch: 1 | loss: 0.5097911
	speed: 0.0954s/iter; left time: 160.2038s
	iters: 700, epoch: 1 | loss: 0.7236362
	speed: 0.0953s/iter; left time: 150.4842s
	iters: 800, epoch: 1 | loss: 0.4942138
	speed: 0.0950s/iter; left time: 140.5244s
	iters: 900, epoch: 1 | loss: 0.4653207
	speed: 0.0962s/iter; left time: 132.6577s
	iters: 1000, epoch: 1 | loss: 0.4589944
	speed: 0.0962s/iter; left time: 123.0480s
	iters: 1100, epoch: 1 | loss: 0.8189324
	speed: 0.0952s/iter; left time: 112.2591s
Epoch: 1 cost time: 112.4125611782074
Epoch: 1, Steps: 1139 | Train Loss: 0.6591625 Vali Loss: 0.6790727 Test Loss: 0.3637176
Validation loss decreased (inf --> 0.679073).  Saving model ...
Updating learning rate to 0.0001
	iters: 100, epoch: 2 | loss: 0.4917959
	speed: 0.4981s/iter; left time: 517.9926s
	iters: 200, epoch: 2 | loss: 0.8089358
	speed: 0.0962s/iter; left time: 90.4485s
	iters: 300, epoch: 2 | loss: 0.7478073
	speed: 0.0954s/iter; left time: 80.1540s
	iters: 400, epoch: 2 | loss: 0.8187701
	speed: 0.0952s/iter; left time: 70.4318s
	iters: 500, epoch: 2 | loss: 0.7185132
	speed: 0.0953s/iter; left time: 61.0007s
	iters: 600, epoch: 2 | loss: 0.5469643
	speed: 0.0954s/iter; left time: 51.5099s
	iters: 700, epoch: 2 | loss: 1.0395123
	speed: 0.0961s/iter; left time: 42.2707s
	iters: 800, epoch: 2 | loss: 0.7704587
	speed: 0.0953s/iter; left time: 32.4042s
	iters: 900, epoch: 2 | loss: 0.5246274
	speed: 0.0956s/iter; left time: 22.9458s
	iters: 1000, epoch: 2 | loss: 0.4734097
	speed: 0.0960s/iter; left time: 13.4437s
	iters: 1100, epoch: 2 | loss: 0.6974998
	speed: 0.0969s/iter; left time: 3.8743s
Epoch: 2 cost time: 110.69328808784485
Epoch: 2, Steps: 1139 | Train Loss: 0.5916729 Vali Loss: 0.6821907 Test Loss: 0.3896285
EarlyStopping counter: 1 out of 3
Updating learning rate to 5e-05
>>>>>>>testing : weather_96_336_Autoformer_custom_ftM_sl96_ll48_pl336_dm512_nh8_el2_dl1_df2048_fc3_ebtimeF_dtTrue_Exp_0<<<<<<<<<<<<<<<<<<<<<<<<<<<<<<<<<
test 10204
mse:0.3637174069881439, mae:0.4004443883895874
INFO: Trainable parameter count: 0.03M
INFO: Trainable parameter count: 0.03M
INFO: Trainable parameter count: 0.07M
INFO: Trainable parameter count: 0.07M
INFO: Trainable parameter count: 0.33M
INFO: Trainable parameter count: 0.33M
INFO: Trainable parameter count: 0.59M
INFO: Trainable parameter count: 0.59M
INFO: Trainable parameter count: 0.86M
INFO: Trainable parameter count: 0.86M
INFO: Trainable parameter count: 1.12M
INFO: Trainable parameter count: 1.12M
INFO: Trainable parameter count: 2.17M
INFO: Trainable parameter count: 3.22M
INFO: Trainable parameter count: 3.48M
INFO: Trainable parameter count: 3.48M
INFO: Trainable parameter count: 3.74M
INFO: Trainable parameter count: 3.74M
INFO: Trainable parameter count: 4.00M
INFO: Trainable parameter count: 4.00M
INFO: Trainable parameter count: 4.27M
INFO: Trainable parameter count: 4.27M
INFO: Trainable parameter count: 5.32M
INFO: Trainable parameter count: 6.36M
INFO: Trainable parameter count: 6.36M
INFO: Trainable parameter count: 6.37M
INFO: Trainable parameter count: 6.63M
INFO: Trainable parameter count: 6.63M
INFO: Trainable parameter count: 6.89M
INFO: Trainable parameter count: 6.89M
INFO: Trainable parameter count: 7.15M
INFO: Trainable parameter count: 7.15M
INFO: Trainable parameter count: 7.42M
INFO: Trainable parameter count: 7.42M
INFO: Trainable parameter count: 7.68M
INFO: Trainable parameter count: 7.68M
INFO: Trainable parameter count: 7.94M
INFO: Trainable parameter count: 7.94M
INFO: Trainable parameter count: 8.20M
INFO: Trainable parameter count: 8.20M
INFO: Trainable parameter count: 8.47M
INFO: Trainable parameter count: 8.47M
INFO: Trainable parameter count: 9.52M
INFO: Trainable parameter count: 10.56M
INFO: Trainable parameter count: 10.60M
INFO: Trainable parameter count: 10.60M
INFO: Trainable parameter count: 10.60M
INFO: Trainable parameter count: 10.61M
INFO: Trainable parameter count: 10.61M
Model(
  10.61 M, 99.981% Params, 2.1 GMac, 100.000% MACs, 
  (decomp): series_decomp(
    0, 0.000% Params, 2.52 KMac, 0.000% MACs, 
    (moving_avg): moving_avg(
      0, 0.000% Params, 2.52 KMac, 0.000% MACs, 
      (avg): AvgPool1d(0, 0.000% Params, 2.52 KMac, 0.000% MACs, kernel_size=(25,), stride=(1,), padding=(0,))
    )
  )
  (enc_embedding): DataEmbedding_wo_pos(
    34.3 k, 0.323% Params, 3.29 MMac, 0.157% MACs, 
    (value_embedding): TokenEmbedding(
      32.26 k, 0.304% Params, 3.1 MMac, 0.148% MACs, 
      (tokenConv): Conv1d(32.26 k, 0.304% Params, 3.1 MMac, 0.148% MACs, 21, 512, kernel_size=(3,), stride=(1,), padding=(1,), bias=False, padding_mode=circular)
    )
    (position_embedding): PositionalEmbedding(0, 0.000% Params, 0.0 Mac, 0.000% MACs, )
    (temporal_embedding): TimeFeatureEmbedding(
      2.05 k, 0.019% Params, 196.61 KMac, 0.009% MACs, 
      (embed): Linear(2.05 k, 0.019% Params, 196.61 KMac, 0.009% MACs, in_features=4, out_features=512, bias=False)
    )
    (dropout): Dropout(0, 0.000% Params, 0.0 Mac, 0.000% MACs, p=0.05, inplace=False)
  )
  (dec_embedding): DataEmbedding_wo_pos(
    34.3 k, 0.323% Params, 13.17 MMac, 0.628% MACs, 
    (value_embedding): TokenEmbedding(
      32.26 k, 0.304% Params, 12.39 MMac, 0.591% MACs, 
      (tokenConv): Conv1d(32.26 k, 0.304% Params, 12.39 MMac, 0.591% MACs, 21, 512, kernel_size=(3,), stride=(1,), padding=(1,), bias=False, padding_mode=circular)
    )
    (position_embedding): PositionalEmbedding(0, 0.000% Params, 0.0 Mac, 0.000% MACs, )
    (temporal_embedding): TimeFeatureEmbedding(
      2.05 k, 0.019% Params, 786.43 KMac, 0.037% MACs, 
      (embed): Linear(2.05 k, 0.019% Params, 786.43 KMac, 0.037% MACs, in_features=4, out_features=512, bias=False)
    )
    (dropout): Dropout(0, 0.000% Params, 0.0 Mac, 0.000% MACs, p=0.05, inplace=False)
  )
  (encoder): Encoder(
    6.3 M, 59.349% Params, 604.23 MMac, 28.808% MACs, 
    (attn_layers): ModuleList(
      6.3 M, 59.349% Params, 604.23 MMac, 28.808% MACs, 
      (0): EncoderLayer(
        3.15 M, 29.675% Params, 302.11 MMac, 14.404% MACs, 
        (attention): AutoCorrelationLayer(
          1.05 M, 9.904% Params, 100.67 MMac, 4.799% MACs, 
          (inner_correlation): AutoCorrelation(
            0, 0.000% Params, 0.0 Mac, 0.000% MACs, 
            (dropout): Dropout(0, 0.000% Params, 0.0 Mac, 0.000% MACs, p=0.05, inplace=False)
          )
          (query_projection): Linear(262.66 k, 2.476% Params, 25.17 MMac, 1.200% MACs, in_features=512, out_features=512, bias=True)
          (key_projection): Linear(262.66 k, 2.476% Params, 25.17 MMac, 1.200% MACs, in_features=512, out_features=512, bias=True)
          (value_projection): Linear(262.66 k, 2.476% Params, 25.17 MMac, 1.200% MACs, in_features=512, out_features=512, bias=True)
          (out_projection): Linear(262.66 k, 2.476% Params, 25.17 MMac, 1.200% MACs, in_features=512, out_features=512, bias=True)
        )
        (conv1): Conv1d(1.05 M, 9.885% Params, 100.66 MMac, 4.799% MACs, 512, 2048, kernel_size=(1,), stride=(1,), bias=False)
        (conv2): Conv1d(1.05 M, 9.885% Params, 100.66 MMac, 4.799% MACs, 2048, 512, kernel_size=(1,), stride=(1,), bias=False)
        (decomp1): series_decomp(
          0, 0.000% Params, 61.44 KMac, 0.003% MACs, 
          (moving_avg): moving_avg(
            0, 0.000% Params, 61.44 KMac, 0.003% MACs, 
            (avg): AvgPool1d(0, 0.000% Params, 61.44 KMac, 0.003% MACs, kernel_size=(25,), stride=(1,), padding=(0,))
          )
        )
        (decomp2): series_decomp(
          0, 0.000% Params, 61.44 KMac, 0.003% MACs, 
          (moving_avg): moving_avg(
            0, 0.000% Params, 61.44 KMac, 0.003% MACs, 
            (avg): AvgPool1d(0, 0.000% Params, 61.44 KMac, 0.003% MACs, kernel_size=(25,), stride=(1,), padding=(0,))
          )
        )
        (dropout): Dropout(0, 0.000% Params, 0.0 Mac, 0.000% MACs, p=0.05, inplace=False)
      )
      (1): EncoderLayer(
        3.15 M, 29.675% Params, 302.11 MMac, 14.404% MACs, 
        (attention): AutoCorrelationLayer(
          1.05 M, 9.904% Params, 100.67 MMac, 4.799% MACs, 
          (inner_correlation): AutoCorrelation(
            0, 0.000% Params, 0.0 Mac, 0.000% MACs, 
            (dropout): Dropout(0, 0.000% Params, 0.0 Mac, 0.000% MACs, p=0.05, inplace=False)
          )
          (query_projection): Linear(262.66 k, 2.476% Params, 25.17 MMac, 1.200% MACs, in_features=512, out_features=512, bias=True)
          (key_projection): Linear(262.66 k, 2.476% Params, 25.17 MMac, 1.200% MACs, in_features=512, out_features=512, bias=True)
          (value_projection): Linear(262.66 k, 2.476% Params, 25.17 MMac, 1.200% MACs, in_features=512, out_features=512, bias=True)
          (out_projection): Linear(262.66 k, 2.476% Params, 25.17 MMac, 1.200% MACs, in_features=512, out_features=512, bias=True)
        )
        (conv1): Conv1d(1.05 M, 9.885% Params, 100.66 MMac, 4.799% MACs, 512, 2048, kernel_size=(1,), stride=(1,), bias=False)
        (conv2): Conv1d(1.05 M, 9.885% Params, 100.66 MMac, 4.799% MACs, 2048, 512, kernel_size=(1,), stride=(1,), bias=False)
        (decomp1): series_decomp(
          0, 0.000% Params, 61.44 KMac, 0.003% MACs, 
          (moving_avg): moving_avg(
            0, 0.000% Params, 61.44 KMac, 0.003% MACs, 
            (avg): AvgPool1d(0, 0.000% Params, 61.44 KMac, 0.003% MACs, kernel_size=(25,), stride=(1,), padding=(0,))
          )
        )
        (decomp2): series_decomp(
          0, 0.000% Params, 61.44 KMac, 0.003% MACs, 
          (moving_avg): moving_avg(
            0, 0.000% Params, 61.44 KMac, 0.003% MACs, 
            (avg): AvgPool1d(0, 0.000% Params, 61.44 KMac, 0.003% MACs, kernel_size=(25,), stride=(1,), padding=(0,))
          )
        )
        (dropout): Dropout(0, 0.000% Params, 0.0 Mac, 0.000% MACs, p=0.05, inplace=False)
      )
    )
    (norm): my_Layernorm(
      0, 0.000% Params, 0.0 Mac, 0.000% MACs, 
      (layernorm): LayerNorm(0, 0.000% Params, 0.0 Mac, 0.000% MACs, (512,), eps=1e-05, elementwise_affine=True)
    )
  )
  (decoder): Decoder(
    4.24 M, 39.985% Params, 1.48 GMac, 70.407% MACs, 
    (layers): ModuleList(
      4.23 M, 39.883% Params, 1.47 GMac, 70.210% MACs, 
      (0): DecoderLayer(
        4.23 M, 39.883% Params, 1.47 GMac, 70.210% MACs, 
        (self_attention): AutoCorrelationLayer(
          1.05 M, 9.904% Params, 402.66 MMac, 19.197% MACs, 
          (inner_correlation): AutoCorrelation(
            0, 0.000% Params, 0.0 Mac, 0.000% MACs, 
            (dropout): Dropout(0, 0.000% Params, 0.0 Mac, 0.000% MACs, p=0.05, inplace=False)
          )
          (query_projection): Linear(262.66 k, 2.476% Params, 100.66 MMac, 4.799% MACs, in_features=512, out_features=512, bias=True)
          (key_projection): Linear(262.66 k, 2.476% Params, 100.66 MMac, 4.799% MACs, in_features=512, out_features=512, bias=True)
          (value_projection): Linear(262.66 k, 2.476% Params, 100.66 MMac, 4.799% MACs, in_features=512, out_features=512, bias=True)
          (out_projection): Linear(262.66 k, 2.476% Params, 100.66 MMac, 4.799% MACs, in_features=512, out_features=512, bias=True)
        )
        (cross_attention): AutoCorrelationLayer(
          1.05 M, 9.904% Params, 251.66 MMac, 11.998% MACs, 
          (inner_correlation): AutoCorrelation(
            0, 0.000% Params, 0.0 Mac, 0.000% MACs, 
            (dropout): Dropout(0, 0.000% Params, 0.0 Mac, 0.000% MACs, p=0.05, inplace=False)
          )
          (query_projection): Linear(262.66 k, 2.476% Params, 100.66 MMac, 4.799% MACs, in_features=512, out_features=512, bias=True)
          (key_projection): Linear(262.66 k, 2.476% Params, 25.17 MMac, 1.200% MACs, in_features=512, out_features=512, bias=True)
          (value_projection): Linear(262.66 k, 2.476% Params, 25.17 MMac, 1.200% MACs, in_features=512, out_features=512, bias=True)
          (out_projection): Linear(262.66 k, 2.476% Params, 100.66 MMac, 4.799% MACs, in_features=512, out_features=512, bias=True)
        )
        (conv1): Conv1d(1.05 M, 9.885% Params, 402.65 MMac, 19.197% MACs, 512, 2048, kernel_size=(1,), stride=(1,), bias=False)
        (conv2): Conv1d(1.05 M, 9.885% Params, 402.65 MMac, 19.197% MACs, 2048, 512, kernel_size=(1,), stride=(1,), bias=False)
        (decomp1): series_decomp(
          0, 0.000% Params, 208.9 KMac, 0.010% MACs, 
          (moving_avg): moving_avg(
            0, 0.000% Params, 208.9 KMac, 0.010% MACs, 
            (avg): AvgPool1d(0, 0.000% Params, 208.9 KMac, 0.010% MACs, kernel_size=(25,), stride=(1,), padding=(0,))
          )
        )
        (decomp2): series_decomp(
          0, 0.000% Params, 208.9 KMac, 0.010% MACs, 
          (moving_avg): moving_avg(
            0, 0.000% Params, 208.9 KMac, 0.010% MACs, 
            (avg): AvgPool1d(0, 0.000% Params, 208.9 KMac, 0.010% MACs, kernel_size=(25,), stride=(1,), padding=(0,))
          )
        )
        (decomp3): series_decomp(
          0, 0.000% Params, 208.9 KMac, 0.010% MACs, 
          (moving_avg): moving_avg(
            0, 0.000% Params, 208.9 KMac, 0.010% MACs, 
            (avg): AvgPool1d(0, 0.000% Params, 208.9 KMac, 0.010% MACs, kernel_size=(25,), stride=(1,), padding=(0,))
          )
        )
        (dropout): Dropout(0, 0.000% Params, 0.0 Mac, 0.000% MACs, p=0.05, inplace=False)
        (projection): Conv1d(32.26 k, 0.304% Params, 12.39 MMac, 0.591% MACs, 512, 21, kernel_size=(3,), stride=(1,), padding=(1,), bias=False, padding_mode=circular)
      )
    )
    (norm): my_Layernorm(
      0, 0.000% Params, 0.0 Mac, 0.000% MACs, 
      (layernorm): LayerNorm(0, 0.000% Params, 0.0 Mac, 0.000% MACs, (512,), eps=1e-05, elementwise_affine=True)
    )
    (projection): Linear(10.77 k, 0.102% Params, 4.13 MMac, 0.197% MACs, in_features=512, out_features=21, bias=True)
  )
)
Computational complexity:       2.1 GMac
Number of parameters:           10.61 M 
