Args in experiment:
Namespace(is_training=1, model_id='ETTm1_96_96', model='Autoformer', data='ETTm1', root_path='./dataset/', data_path='ETTm1.csv', features='M', target='OT', freq='h', checkpoints='./checkpoints/', seq_len=96, label_len=48, pred_len=96, individual=False, embed_type=0, enc_in=7, dec_in=7, c_out=7, d_model=512, n_heads=8, e_layers=2, d_layers=1, d_ff=2048, moving_avg=25, factor=3, distil=True, dropout=0.05, embed='timeF', activation='gelu', output_attention=False, do_predict=False, num_workers=10, itr=1, train_epochs=10, batch_size=32, patience=3, learning_rate=0.0001, des='Exp', loss='mse', lradj='type1', use_amp=False, use_gpu=True, gpu=4, use_multi_gpu=False, devices='0,1,2,3', test_flop=True)
Use GPU: cuda:4
>>>>>>>start training : ETTm1_96_96_Autoformer_ETTm1_ftM_sl96_ll48_pl96_dm512_nh8_el2_dl1_df2048_fc3_ebtimeF_dtTrue_Exp_0>>>>>>>>>>>>>>>>>>>>>>>>>>
train 34369
val 11425
test 11425
	iters: 100, epoch: 1 | loss: 0.4056187
	speed: 0.0901s/iter; left time: 958.4970s
	iters: 200, epoch: 1 | loss: 0.3762670
	speed: 0.0532s/iter; left time: 561.1369s
	iters: 300, epoch: 1 | loss: 0.3267454
	speed: 0.0541s/iter; left time: 564.6406s
	iters: 400, epoch: 1 | loss: 0.3502983
	speed: 0.0543s/iter; left time: 561.3441s
	iters: 500, epoch: 1 | loss: 0.2787343
	speed: 0.0541s/iter; left time: 553.7741s
	iters: 600, epoch: 1 | loss: 0.2887386
	speed: 0.0529s/iter; left time: 536.8674s
	iters: 700, epoch: 1 | loss: 0.2594416
	speed: 0.0531s/iter; left time: 533.3137s
	iters: 800, epoch: 1 | loss: 0.3462880
	speed: 0.0536s/iter; left time: 532.3575s
	iters: 900, epoch: 1 | loss: 0.2608852
	speed: 0.0540s/iter; left time: 531.4482s
	iters: 1000, epoch: 1 | loss: 0.3305035
	speed: 0.0544s/iter; left time: 529.5431s
Epoch: 1 cost time: 61.44274282455444
Epoch: 1, Steps: 1074 | Train Loss: 0.3319478 Vali Loss: 0.6273394 Test Loss: 0.5651758
Validation loss decreased (inf --> 0.627339).  Saving model ...
Updating learning rate to 0.0001
	iters: 100, epoch: 2 | loss: 0.2646060
	speed: 0.3841s/iter; left time: 3674.9399s
	iters: 200, epoch: 2 | loss: 0.2810979
	speed: 0.0540s/iter; left time: 511.5117s
	iters: 300, epoch: 2 | loss: 0.3028718
	speed: 0.0537s/iter; left time: 502.5803s
	iters: 400, epoch: 2 | loss: 0.2652355
	speed: 0.0536s/iter; left time: 497.0949s
	iters: 500, epoch: 2 | loss: 0.1988432
	speed: 0.0536s/iter; left time: 490.9303s
	iters: 600, epoch: 2 | loss: 0.2356202
	speed: 0.0535s/iter; left time: 485.3377s
	iters: 700, epoch: 2 | loss: 0.2322357
	speed: 0.0533s/iter; left time: 477.9463s
	iters: 800, epoch: 2 | loss: 0.2549856
	speed: 0.0535s/iter; left time: 474.5548s
	iters: 900, epoch: 2 | loss: 0.2659045
	speed: 0.0539s/iter; left time: 472.4022s
	iters: 1000, epoch: 2 | loss: 0.2194636
	speed: 0.0539s/iter; left time: 467.1940s
Epoch: 2 cost time: 59.1843318939209
Epoch: 2, Steps: 1074 | Train Loss: 0.2483176 Vali Loss: 0.6622372 Test Loss: 0.5784402
EarlyStopping counter: 1 out of 3
Updating learning rate to 5e-05
	iters: 100, epoch: 3 | loss: 0.2019127
	speed: 0.3839s/iter; left time: 3260.7733s
	iters: 200, epoch: 3 | loss: 0.2331176
	speed: 0.0547s/iter; left time: 459.2365s
	iters: 300, epoch: 3 | loss: 0.2031518
	speed: 0.0544s/iter; left time: 450.7588s
	iters: 400, epoch: 3 | loss: 0.2221496
	speed: 0.0549s/iter; left time: 449.5977s
	iters: 500, epoch: 3 | loss: 0.2027833
	speed: 0.0547s/iter; left time: 442.9502s
	iters: 600, epoch: 3 | loss: 0.2167042
	speed: 0.0540s/iter; left time: 431.5448s
	iters: 700, epoch: 3 | loss: 0.2628005
	speed: 0.0542s/iter; left time: 427.7754s
	iters: 800, epoch: 3 | loss: 0.1979185
	speed: 0.0545s/iter; left time: 424.9605s
	iters: 900, epoch: 3 | loss: 0.1919901
	speed: 0.0543s/iter; left time: 417.8738s
	iters: 1000, epoch: 3 | loss: 0.1928324
	speed: 0.0543s/iter; left time: 412.4880s
Epoch: 3 cost time: 59.68649935722351
Epoch: 3, Steps: 1074 | Train Loss: 0.2035635 Vali Loss: 0.6555749 Test Loss: 0.5787869
EarlyStopping counter: 2 out of 3
Updating learning rate to 2.5e-05
	iters: 100, epoch: 4 | loss: 0.1798208
	speed: 0.3715s/iter; left time: 2756.3175s
	iters: 200, epoch: 4 | loss: 0.1876946
	speed: 0.0533s/iter; left time: 390.4416s
	iters: 300, epoch: 4 | loss: 0.1992413
	speed: 0.0544s/iter; left time: 392.9140s
	iters: 400, epoch: 4 | loss: 0.1685928
	speed: 0.0535s/iter; left time: 381.0939s
	iters: 500, epoch: 4 | loss: 0.1780465
	speed: 0.0537s/iter; left time: 377.2555s
	iters: 600, epoch: 4 | loss: 0.1357145
	speed: 0.0534s/iter; left time: 369.8088s
	iters: 700, epoch: 4 | loss: 0.1585465
	speed: 0.0539s/iter; left time: 367.6022s
	iters: 800, epoch: 4 | loss: 0.1790449
	speed: 0.0545s/iter; left time: 366.4139s
	iters: 900, epoch: 4 | loss: 0.1811745
	speed: 0.0548s/iter; left time: 362.8335s
	iters: 1000, epoch: 4 | loss: 0.1588563
	speed: 0.0549s/iter; left time: 357.8765s
Epoch: 4 cost time: 59.49048471450806
Epoch: 4, Steps: 1074 | Train Loss: 0.1812626 Vali Loss: 0.6697827 Test Loss: 0.5852308
EarlyStopping counter: 3 out of 3
Early stopping
>>>>>>>testing : ETTm1_96_96_Autoformer_ETTm1_ftM_sl96_ll48_pl96_dm512_nh8_el2_dl1_df2048_fc3_ebtimeF_dtTrue_Exp_0<<<<<<<<<<<<<<<<<<<<<<<<<<<<<<<<<
test 11425
mse:0.5651758909225464, mae:0.5019664168357849
INFO: Trainable parameter count: 0.01M
INFO: Trainable parameter count: 0.01M
INFO: Trainable parameter count: 0.02M
INFO: Trainable parameter count: 0.03M
INFO: Trainable parameter count: 0.29M
INFO: Trainable parameter count: 0.29M
INFO: Trainable parameter count: 0.55M
INFO: Trainable parameter count: 0.55M
INFO: Trainable parameter count: 0.81M
INFO: Trainable parameter count: 0.81M
INFO: Trainable parameter count: 1.08M
INFO: Trainable parameter count: 1.08M
INFO: Trainable parameter count: 2.12M
INFO: Trainable parameter count: 3.17M
INFO: Trainable parameter count: 3.44M
INFO: Trainable parameter count: 3.44M
INFO: Trainable parameter count: 3.70M
INFO: Trainable parameter count: 3.70M
INFO: Trainable parameter count: 3.96M
INFO: Trainable parameter count: 3.96M
INFO: Trainable parameter count: 4.22M
INFO: Trainable parameter count: 4.22M
INFO: Trainable parameter count: 5.27M
INFO: Trainable parameter count: 6.32M
INFO: Trainable parameter count: 6.32M
INFO: Trainable parameter count: 6.32M
INFO: Trainable parameter count: 6.58M
INFO: Trainable parameter count: 6.58M
INFO: Trainable parameter count: 6.85M
INFO: Trainable parameter count: 6.85M
INFO: Trainable parameter count: 7.11M
INFO: Trainable parameter count: 7.11M
INFO: Trainable parameter count: 7.37M
INFO: Trainable parameter count: 7.37M
INFO: Trainable parameter count: 7.63M
INFO: Trainable parameter count: 7.64M
INFO: Trainable parameter count: 7.90M
INFO: Trainable parameter count: 7.90M
INFO: Trainable parameter count: 8.16M
INFO: Trainable parameter count: 8.16M
INFO: Trainable parameter count: 8.42M
INFO: Trainable parameter count: 8.42M
INFO: Trainable parameter count: 9.47M
INFO: Trainable parameter count: 10.52M
INFO: Trainable parameter count: 10.53M
INFO: Trainable parameter count: 10.53M
INFO: Trainable parameter count: 10.53M
INFO: Trainable parameter count: 10.54M
INFO: Trainable parameter count: 10.54M
Model(
  10.53 M, 99.981% Params, 1.19 GMac, 100.000% MACs, 
  (decomp): series_decomp(
    0, 0.000% Params, 840.0 Mac, 0.000% MACs, 
    (moving_avg): moving_avg(
      0, 0.000% Params, 840.0 Mac, 0.000% MACs, 
      (avg): AvgPool1d(0, 0.000% Params, 840.0 Mac, 0.000% MACs, kernel_size=(25,), stride=(1,), padding=(0,))
    )
  )
  (enc_embedding): DataEmbedding_wo_pos(
    12.8 k, 0.121% Params, 1.23 MMac, 0.103% MACs, 
    (value_embedding): TokenEmbedding(
      10.75 k, 0.102% Params, 1.03 MMac, 0.087% MACs, 
      (tokenConv): Conv1d(10.75 k, 0.102% Params, 1.03 MMac, 0.087% MACs, 7, 512, kernel_size=(3,), stride=(1,), padding=(1,), bias=False, padding_mode=circular)
    )
    (position_embedding): PositionalEmbedding(0, 0.000% Params, 0.0 Mac, 0.000% MACs, )
    (temporal_embedding): TimeFeatureEmbedding(
      2.05 k, 0.019% Params, 196.61 KMac, 0.017% MACs, 
      (embed): Linear(2.05 k, 0.019% Params, 196.61 KMac, 0.017% MACs, in_features=4, out_features=512, bias=False)
    )
    (dropout): Dropout(0, 0.000% Params, 0.0 Mac, 0.000% MACs, p=0.05, inplace=False)
  )
  (dec_embedding): DataEmbedding_wo_pos(
    12.8 k, 0.121% Params, 1.84 MMac, 0.155% MACs, 
    (value_embedding): TokenEmbedding(
      10.75 k, 0.102% Params, 1.55 MMac, 0.130% MACs, 
      (tokenConv): Conv1d(10.75 k, 0.102% Params, 1.55 MMac, 0.130% MACs, 7, 512, kernel_size=(3,), stride=(1,), padding=(1,), bias=False, padding_mode=circular)
    )
    (position_embedding): PositionalEmbedding(0, 0.000% Params, 0.0 Mac, 0.000% MACs, )
    (temporal_embedding): TimeFeatureEmbedding(
      2.05 k, 0.019% Params, 294.91 KMac, 0.025% MACs, 
      (embed): Linear(2.05 k, 0.019% Params, 294.91 KMac, 0.025% MACs, in_features=4, out_features=512, bias=False)
    )
    (dropout): Dropout(0, 0.000% Params, 0.0 Mac, 0.000% MACs, p=0.05, inplace=False)
  )
  (encoder): Encoder(
    6.3 M, 59.753% Params, 604.23 MMac, 50.842% MACs, 
    (attn_layers): ModuleList(
      6.3 M, 59.753% Params, 604.23 MMac, 50.842% MACs, 
      (0): EncoderLayer(
        3.15 M, 29.877% Params, 302.11 MMac, 25.421% MACs, 
        (attention): AutoCorrelationLayer(
          1.05 M, 9.972% Params, 100.67 MMac, 8.470% MACs, 
          (inner_correlation): AutoCorrelation(
            0, 0.000% Params, 0.0 Mac, 0.000% MACs, 
            (dropout): Dropout(0, 0.000% Params, 0.0 Mac, 0.000% MACs, p=0.05, inplace=False)
          )
          (query_projection): Linear(262.66 k, 2.493% Params, 25.17 MMac, 2.118% MACs, in_features=512, out_features=512, bias=True)
          (key_projection): Linear(262.66 k, 2.493% Params, 25.17 MMac, 2.118% MACs, in_features=512, out_features=512, bias=True)
          (value_projection): Linear(262.66 k, 2.493% Params, 25.17 MMac, 2.118% MACs, in_features=512, out_features=512, bias=True)
          (out_projection): Linear(262.66 k, 2.493% Params, 25.17 MMac, 2.118% MACs, in_features=512, out_features=512, bias=True)
        )
        (conv1): Conv1d(1.05 M, 9.952% Params, 100.66 MMac, 8.470% MACs, 512, 2048, kernel_size=(1,), stride=(1,), bias=False)
        (conv2): Conv1d(1.05 M, 9.952% Params, 100.66 MMac, 8.470% MACs, 2048, 512, kernel_size=(1,), stride=(1,), bias=False)
        (decomp1): series_decomp(
          0, 0.000% Params, 61.44 KMac, 0.005% MACs, 
          (moving_avg): moving_avg(
            0, 0.000% Params, 61.44 KMac, 0.005% MACs, 
            (avg): AvgPool1d(0, 0.000% Params, 61.44 KMac, 0.005% MACs, kernel_size=(25,), stride=(1,), padding=(0,))
          )
        )
        (decomp2): series_decomp(
          0, 0.000% Params, 61.44 KMac, 0.005% MACs, 
          (moving_avg): moving_avg(
            0, 0.000% Params, 61.44 KMac, 0.005% MACs, 
            (avg): AvgPool1d(0, 0.000% Params, 61.44 KMac, 0.005% MACs, kernel_size=(25,), stride=(1,), padding=(0,))
          )
        )
        (dropout): Dropout(0, 0.000% Params, 0.0 Mac, 0.000% MACs, p=0.05, inplace=False)
      )
      (1): EncoderLayer(
        3.15 M, 29.877% Params, 302.11 MMac, 25.421% MACs, 
        (attention): AutoCorrelationLayer(
          1.05 M, 9.972% Params, 100.67 MMac, 8.470% MACs, 
          (inner_correlation): AutoCorrelation(
            0, 0.000% Params, 0.0 Mac, 0.000% MACs, 
            (dropout): Dropout(0, 0.000% Params, 0.0 Mac, 0.000% MACs, p=0.05, inplace=False)
          )
          (query_projection): Linear(262.66 k, 2.493% Params, 25.17 MMac, 2.118% MACs, in_features=512, out_features=512, bias=True)
          (key_projection): Linear(262.66 k, 2.493% Params, 25.17 MMac, 2.118% MACs, in_features=512, out_features=512, bias=True)
          (value_projection): Linear(262.66 k, 2.493% Params, 25.17 MMac, 2.118% MACs, in_features=512, out_features=512, bias=True)
          (out_projection): Linear(262.66 k, 2.493% Params, 25.17 MMac, 2.118% MACs, in_features=512, out_features=512, bias=True)
        )
        (conv1): Conv1d(1.05 M, 9.952% Params, 100.66 MMac, 8.470% MACs, 512, 2048, kernel_size=(1,), stride=(1,), bias=False)
        (conv2): Conv1d(1.05 M, 9.952% Params, 100.66 MMac, 8.470% MACs, 2048, 512, kernel_size=(1,), stride=(1,), bias=False)
        (decomp1): series_decomp(
          0, 0.000% Params, 61.44 KMac, 0.005% MACs, 
          (moving_avg): moving_avg(
            0, 0.000% Params, 61.44 KMac, 0.005% MACs, 
            (avg): AvgPool1d(0, 0.000% Params, 61.44 KMac, 0.005% MACs, kernel_size=(25,), stride=(1,), padding=(0,))
          )
        )
        (decomp2): series_decomp(
          0, 0.000% Params, 61.44 KMac, 0.005% MACs, 
          (moving_avg): moving_avg(
            0, 0.000% Params, 61.44 KMac, 0.005% MACs, 
            (avg): AvgPool1d(0, 0.000% Params, 61.44 KMac, 0.005% MACs, kernel_size=(25,), stride=(1,), padding=(0,))
          )
        )
        (dropout): Dropout(0, 0.000% Params, 0.0 Mac, 0.000% MACs, p=0.05, inplace=False)
      )
    )
    (norm): my_Layernorm(
      0, 0.000% Params, 0.0 Mac, 0.000% MACs, 
      (layernorm): LayerNorm(0, 0.000% Params, 0.0 Mac, 0.000% MACs, (512,), eps=1e-05, elementwise_affine=True)
    )
  )
  (decoder): Decoder(
    4.21 M, 39.984% Params, 581.14 MMac, 48.899% MACs, 
    (layers): ModuleList(
      4.21 M, 39.950% Params, 580.62 MMac, 48.856% MACs, 
      (0): DecoderLayer(
        4.21 M, 39.950% Params, 580.62 MMac, 48.856% MACs, 
        (self_attention): AutoCorrelationLayer(
          1.05 M, 9.972% Params, 151.0 MMac, 12.705% MACs, 
          (inner_correlation): AutoCorrelation(
            0, 0.000% Params, 0.0 Mac, 0.000% MACs, 
            (dropout): Dropout(0, 0.000% Params, 0.0 Mac, 0.000% MACs, p=0.05, inplace=False)
          )
          (query_projection): Linear(262.66 k, 2.493% Params, 37.75 MMac, 3.176% MACs, in_features=512, out_features=512, bias=True)
          (key_projection): Linear(262.66 k, 2.493% Params, 37.75 MMac, 3.176% MACs, in_features=512, out_features=512, bias=True)
          (value_projection): Linear(262.66 k, 2.493% Params, 37.75 MMac, 3.176% MACs, in_features=512, out_features=512, bias=True)
          (out_projection): Linear(262.66 k, 2.493% Params, 37.75 MMac, 3.176% MACs, in_features=512, out_features=512, bias=True)
        )
        (cross_attention): AutoCorrelationLayer(
          1.05 M, 9.972% Params, 125.83 MMac, 10.588% MACs, 
          (inner_correlation): AutoCorrelation(
            0, 0.000% Params, 0.0 Mac, 0.000% MACs, 
            (dropout): Dropout(0, 0.000% Params, 0.0 Mac, 0.000% MACs, p=0.05, inplace=False)
          )
          (query_projection): Linear(262.66 k, 2.493% Params, 37.75 MMac, 3.176% MACs, in_features=512, out_features=512, bias=True)
          (key_projection): Linear(262.66 k, 2.493% Params, 25.17 MMac, 2.118% MACs, in_features=512, out_features=512, bias=True)
          (value_projection): Linear(262.66 k, 2.493% Params, 25.17 MMac, 2.118% MACs, in_features=512, out_features=512, bias=True)
          (out_projection): Linear(262.66 k, 2.493% Params, 37.75 MMac, 3.176% MACs, in_features=512, out_features=512, bias=True)
        )
        (conv1): Conv1d(1.05 M, 9.952% Params, 150.99 MMac, 12.705% MACs, 512, 2048, kernel_size=(1,), stride=(1,), bias=False)
        (conv2): Conv1d(1.05 M, 9.952% Params, 150.99 MMac, 12.705% MACs, 2048, 512, kernel_size=(1,), stride=(1,), bias=False)
        (decomp1): series_decomp(
          0, 0.000% Params, 86.02 KMac, 0.007% MACs, 
          (moving_avg): moving_avg(
            0, 0.000% Params, 86.02 KMac, 0.007% MACs, 
            (avg): AvgPool1d(0, 0.000% Params, 86.02 KMac, 0.007% MACs, kernel_size=(25,), stride=(1,), padding=(0,))
          )
        )
        (decomp2): series_decomp(
          0, 0.000% Params, 86.02 KMac, 0.007% MACs, 
          (moving_avg): moving_avg(
            0, 0.000% Params, 86.02 KMac, 0.007% MACs, 
            (avg): AvgPool1d(0, 0.000% Params, 86.02 KMac, 0.007% MACs, kernel_size=(25,), stride=(1,), padding=(0,))
          )
        )
        (decomp3): series_decomp(
          0, 0.000% Params, 86.02 KMac, 0.007% MACs, 
          (moving_avg): moving_avg(
            0, 0.000% Params, 86.02 KMac, 0.007% MACs, 
            (avg): AvgPool1d(0, 0.000% Params, 86.02 KMac, 0.007% MACs, kernel_size=(25,), stride=(1,), padding=(0,))
          )
        )
        (dropout): Dropout(0, 0.000% Params, 0.0 Mac, 0.000% MACs, p=0.05, inplace=False)
        (projection): Conv1d(10.75 k, 0.102% Params, 1.55 MMac, 0.130% MACs, 512, 7, kernel_size=(3,), stride=(1,), padding=(1,), bias=False, padding_mode=circular)
      )
    )
    (norm): my_Layernorm(
      0, 0.000% Params, 0.0 Mac, 0.000% MACs, 
      (layernorm): LayerNorm(0, 0.000% Params, 0.0 Mac, 0.000% MACs, (512,), eps=1e-05, elementwise_affine=True)
    )
    (projection): Linear(3.59 k, 0.034% Params, 516.1 KMac, 0.043% MACs, in_features=512, out_features=7, bias=True)
  )
)
Computational complexity:       1.19 GMac
Number of parameters:           10.54 M 
