Args in experiment:
Namespace(is_training=1, model_id='ETTh1_96_96', model='Autoformer', data='ETTh1', root_path='./dataset/', data_path='ETTh1.csv', features='M', target='OT', freq='h', checkpoints='./checkpoints/', seq_len=96, label_len=48, pred_len=96, individual=False, embed_type=0, enc_in=7, dec_in=7, c_out=7, d_model=512, n_heads=8, e_layers=1, d_layers=1, d_ff=2048, moving_avg=25, factor=3, distil=True, dropout=0.05, embed='timeF', activation='gelu', output_attention=False, do_predict=False, num_workers=10, itr=1, train_epochs=10, batch_size=32, patience=3, learning_rate=0.0001, des='Exp', loss='mse', lradj='type1', use_amp=False, use_gpu=True, gpu=2, use_multi_gpu=False, devices='0,1,2,3', test_flop=True)
Use GPU: cuda:2
>>>>>>>start training : ETTh1_96_96_Autoformer_ETTh1_ftM_sl96_ll48_pl96_dm512_nh8_el1_dl1_df2048_fc3_ebtimeF_dtTrue_Exp_0>>>>>>>>>>>>>>>>>>>>>>>>>>
train 8449
val 2785
test 2785
Epoch: 1 cost time: 17.12734079360962
Epoch: 1, Steps: 264 | Train Loss: 0.4008445 Vali Loss: 0.8226861 Test Loss: 0.4374356
Validation loss decreased (inf --> 0.822686).  Saving model ...
Updating learning rate to 0.0001
Epoch: 2 cost time: 13.137531757354736
Epoch: 2, Steps: 264 | Train Loss: 0.3538045 Vali Loss: 0.8086205 Test Loss: 0.4226857
Validation loss decreased (0.822686 --> 0.808621).  Saving model ...
Updating learning rate to 5e-05
Epoch: 3 cost time: 13.659750699996948
Epoch: 3, Steps: 264 | Train Loss: 0.3258137 Vali Loss: 0.8236728 Test Loss: 0.4577028
EarlyStopping counter: 1 out of 3
Updating learning rate to 2.5e-05
Epoch: 4 cost time: 13.476948499679565
Epoch: 4, Steps: 264 | Train Loss: 0.3058669 Vali Loss: 0.8370090 Test Loss: 0.4756988
EarlyStopping counter: 2 out of 3
Updating learning rate to 1.25e-05
Epoch: 5 cost time: 12.893035888671875
