Args in experiment:
Namespace(is_training=1, model_id='ETTm2_96_720', model='Autoformer', data='ETTm2', root_path='./dataset/', data_path='ETTm2.csv', features='M', target='OT', freq='h', checkpoints='./checkpoints/', seq_len=96, label_len=48, pred_len=720, individual=False, embed_type=0, enc_in=7, dec_in=7, c_out=7, d_model=512, n_heads=8, e_layers=2, d_layers=1, d_ff=2048, moving_avg=25, factor=3, distil=True, dropout=0.05, embed='timeF', activation='gelu', output_attention=False, do_predict=False, num_workers=10, itr=1, train_epochs=10, batch_size=32, patience=3, learning_rate=0.0001, des='Exp', loss='mse', lradj='type1', use_amp=False, use_gpu=True, gpu=5, use_multi_gpu=False, devices='0,1,2,3', test_flop=True)
Use GPU: cuda:5
>>>>>>>start training : ETTm2_96_720_Autoformer_ETTm2_ftM_sl96_ll48_pl720_dm512_nh8_el2_dl1_df2048_fc3_ebtimeF_dtTrue_Exp_0>>>>>>>>>>>>>>>>>>>>>>>>>>
train 33745
val 10801
test 10801
	iters: 100, epoch: 1 | loss: 0.2828370
	speed: 0.1975s/iter; left time: 2061.9792s
	iters: 200, epoch: 1 | loss: 0.6628669
	speed: 0.1657s/iter; left time: 1713.8725s
	iters: 300, epoch: 1 | loss: 0.3768997
	speed: 0.1656s/iter; left time: 1696.3988s
	iters: 400, epoch: 1 | loss: 0.5606065
	speed: 0.1658s/iter; left time: 1681.8510s
	iters: 500, epoch: 1 | loss: 0.9676425
	speed: 0.1660s/iter; left time: 1667.2907s
	iters: 600, epoch: 1 | loss: 0.8119596
	speed: 0.1662s/iter; left time: 1652.0627s
	iters: 700, epoch: 1 | loss: 1.0198833
	speed: 0.1660s/iter; left time: 1633.9168s
	iters: 800, epoch: 1 | loss: 0.3454558
	speed: 0.1662s/iter; left time: 1618.9997s
	iters: 900, epoch: 1 | loss: 0.4190715
	speed: 0.1660s/iter; left time: 1600.6500s
	iters: 1000, epoch: 1 | loss: 0.2660728
	speed: 0.1660s/iter; left time: 1583.6831s
Epoch: 1 cost time: 178.22486329078674
Epoch: 1, Steps: 1054 | Train Loss: 0.5885249 Vali Loss: 0.3172013 Test Loss: 0.4490278
Validation loss decreased (inf --> 0.317201).  Saving model ...
Updating learning rate to 0.0001
	iters: 100, epoch: 2 | loss: 0.6892345
	speed: 1.0998s/iter; left time: 10323.8113s
	iters: 200, epoch: 2 | loss: 0.6092613
	speed: 0.1673s/iter; left time: 1554.0107s
	iters: 300, epoch: 2 | loss: 0.5822019
	speed: 0.1676s/iter; left time: 1539.4851s
	iters: 400, epoch: 2 | loss: 0.3191750
	speed: 0.1679s/iter; left time: 1525.7217s
	iters: 500, epoch: 2 | loss: 0.6862687
	speed: 0.1679s/iter; left time: 1508.7811s
	iters: 600, epoch: 2 | loss: 0.4807817
	speed: 0.1669s/iter; left time: 1483.4043s
	iters: 700, epoch: 2 | loss: 0.3457594
	speed: 0.1673s/iter; left time: 1470.3463s
	iters: 800, epoch: 2 | loss: 0.3827001
	speed: 0.1674s/iter; left time: 1454.2844s
	iters: 900, epoch: 2 | loss: 0.3741885
	speed: 0.1676s/iter; left time: 1439.5026s
	iters: 1000, epoch: 2 | loss: 0.4390563
	speed: 0.1677s/iter; left time: 1423.5779s
Epoch: 2 cost time: 178.01265597343445
Epoch: 2, Steps: 1054 | Train Loss: 0.5472466 Vali Loss: 0.4185292 Test Loss: 0.6053413
EarlyStopping counter: 1 out of 3
Updating learning rate to 5e-05
	iters: 100, epoch: 3 | loss: 0.6823421
	speed: 1.0794s/iter; left time: 8994.5195s
	iters: 200, epoch: 3 | loss: 0.4109321
	speed: 0.1668s/iter; left time: 1373.1725s
	iters: 300, epoch: 3 | loss: 0.2698542
	speed: 0.1670s/iter; left time: 1358.2038s
	iters: 400, epoch: 3 | loss: 0.6675554
	speed: 0.1668s/iter; left time: 1340.2658s
	iters: 500, epoch: 3 | loss: 0.2759598
	speed: 0.1674s/iter; left time: 1328.1543s
	iters: 600, epoch: 3 | loss: 0.7948654
	speed: 0.1669s/iter; left time: 1307.4703s
	iters: 700, epoch: 3 | loss: 0.4829272
	speed: 0.1669s/iter; left time: 1290.8570s
	iters: 800, epoch: 3 | loss: 0.6273506
	speed: 0.1680s/iter; left time: 1282.1608s
	iters: 900, epoch: 3 | loss: 0.5565189
	speed: 0.1670s/iter; left time: 1258.2259s
	iters: 1000, epoch: 3 | loss: 0.3351934
	speed: 0.1668s/iter; left time: 1239.5255s
Epoch: 3 cost time: 177.49981546401978
Epoch: 3, Steps: 1054 | Train Loss: 0.4884132 Vali Loss: 0.3671726 Test Loss: 0.5445529
EarlyStopping counter: 2 out of 3
Updating learning rate to 2.5e-05
	iters: 100, epoch: 4 | loss: 0.4534860
	speed: 1.0764s/iter; left time: 7835.0126s
	iters: 200, epoch: 4 | loss: 0.4930971
	speed: 0.1671s/iter; left time: 1199.8081s
	iters: 300, epoch: 4 | loss: 0.3411901
	speed: 0.1671s/iter; left time: 1182.9857s
	iters: 400, epoch: 4 | loss: 0.4704587
	speed: 0.1669s/iter; left time: 1165.0422s
	iters: 500, epoch: 4 | loss: 0.3728079
	speed: 0.1673s/iter; left time: 1150.8983s
	iters: 600, epoch: 4 | loss: 0.4688132
	speed: 0.1669s/iter; left time: 1131.7379s
	iters: 700, epoch: 4 | loss: 0.3788269
	speed: 0.1678s/iter; left time: 1120.9862s
	iters: 800, epoch: 4 | loss: 0.5285015
	speed: 0.1670s/iter; left time: 1098.6823s
	iters: 900, epoch: 4 | loss: 0.5354075
	speed: 0.1670s/iter; left time: 1082.1153s
	iters: 1000, epoch: 4 | loss: 0.2927319
	speed: 0.1670s/iter; left time: 1065.1113s
Epoch: 4 cost time: 177.55724263191223
Epoch: 4, Steps: 1054 | Train Loss: 0.4665421 Vali Loss: 0.3613324 Test Loss: 0.5279074
EarlyStopping counter: 3 out of 3
Early stopping
>>>>>>>testing : ETTm2_96_720_Autoformer_ETTm2_ftM_sl96_ll48_pl720_dm512_nh8_el2_dl1_df2048_fc3_ebtimeF_dtTrue_Exp_0<<<<<<<<<<<<<<<<<<<<<<<<<<<<<<<<<
test 10801
mse:0.4490276873111725, mae:0.4370129704475403
INFO: Trainable parameter count: 0.01M
INFO: Trainable parameter count: 0.01M
INFO: Trainable parameter count: 0.02M
INFO: Trainable parameter count: 0.03M
INFO: Trainable parameter count: 0.29M
INFO: Trainable parameter count: 0.29M
INFO: Trainable parameter count: 0.55M
INFO: Trainable parameter count: 0.55M
INFO: Trainable parameter count: 0.81M
INFO: Trainable parameter count: 0.81M
INFO: Trainable parameter count: 1.08M
INFO: Trainable parameter count: 1.08M
INFO: Trainable parameter count: 2.12M
INFO: Trainable parameter count: 3.17M
INFO: Trainable parameter count: 3.44M
INFO: Trainable parameter count: 3.44M
INFO: Trainable parameter count: 3.70M
INFO: Trainable parameter count: 3.70M
INFO: Trainable parameter count: 3.96M
INFO: Trainable parameter count: 3.96M
INFO: Trainable parameter count: 4.22M
INFO: Trainable parameter count: 4.22M
INFO: Trainable parameter count: 5.27M
INFO: Trainable parameter count: 6.32M
INFO: Trainable parameter count: 6.32M
INFO: Trainable parameter count: 6.32M
INFO: Trainable parameter count: 6.58M
INFO: Trainable parameter count: 6.58M
INFO: Trainable parameter count: 6.85M
INFO: Trainable parameter count: 6.85M
INFO: Trainable parameter count: 7.11M
INFO: Trainable parameter count: 7.11M
INFO: Trainable parameter count: 7.37M
INFO: Trainable parameter count: 7.37M
INFO: Trainable parameter count: 7.63M
INFO: Trainable parameter count: 7.64M
INFO: Trainable parameter count: 7.90M
INFO: Trainable parameter count: 7.90M
INFO: Trainable parameter count: 8.16M
INFO: Trainable parameter count: 8.16M
INFO: Trainable parameter count: 8.42M
INFO: Trainable parameter count: 8.42M
INFO: Trainable parameter count: 9.47M
INFO: Trainable parameter count: 10.52M
INFO: Trainable parameter count: 10.53M
INFO: Trainable parameter count: 10.53M
INFO: Trainable parameter count: 10.53M
INFO: Trainable parameter count: 10.54M
INFO: Trainable parameter count: 10.54M
Model(
  10.53 M, 99.981% Params, 3.5 GMac, 100.000% MACs, 
  (decomp): series_decomp(
    0, 0.000% Params, 840.0 Mac, 0.000% MACs, 
    (moving_avg): moving_avg(
      0, 0.000% Params, 840.0 Mac, 0.000% MACs, 
      (avg): AvgPool1d(0, 0.000% Params, 840.0 Mac, 0.000% MACs, kernel_size=(25,), stride=(1,), padding=(0,))
    )
  )
  (enc_embedding): DataEmbedding_wo_pos(
    12.8 k, 0.121% Params, 1.23 MMac, 0.035% MACs, 
    (value_embedding): TokenEmbedding(
      10.75 k, 0.102% Params, 1.03 MMac, 0.030% MACs, 
      (tokenConv): Conv1d(10.75 k, 0.102% Params, 1.03 MMac, 0.030% MACs, 7, 512, kernel_size=(3,), stride=(1,), padding=(1,), bias=False, padding_mode=circular)
    )
    (position_embedding): PositionalEmbedding(0, 0.000% Params, 0.0 Mac, 0.000% MACs, )
    (temporal_embedding): TimeFeatureEmbedding(
      2.05 k, 0.019% Params, 196.61 KMac, 0.006% MACs, 
      (embed): Linear(2.05 k, 0.019% Params, 196.61 KMac, 0.006% MACs, in_features=4, out_features=512, bias=False)
    )
    (dropout): Dropout(0, 0.000% Params, 0.0 Mac, 0.000% MACs, p=0.05, inplace=False)
  )
  (dec_embedding): DataEmbedding_wo_pos(
    12.8 k, 0.121% Params, 9.83 MMac, 0.281% MACs, 
    (value_embedding): TokenEmbedding(
      10.75 k, 0.102% Params, 8.26 MMac, 0.236% MACs, 
      (tokenConv): Conv1d(10.75 k, 0.102% Params, 8.26 MMac, 0.236% MACs, 7, 512, kernel_size=(3,), stride=(1,), padding=(1,), bias=False, padding_mode=circular)
    )
    (position_embedding): PositionalEmbedding(0, 0.000% Params, 0.0 Mac, 0.000% MACs, )
    (temporal_embedding): TimeFeatureEmbedding(
      2.05 k, 0.019% Params, 1.57 MMac, 0.045% MACs, 
      (embed): Linear(2.05 k, 0.019% Params, 1.57 MMac, 0.045% MACs, in_features=4, out_features=512, bias=False)
    )
    (dropout): Dropout(0, 0.000% Params, 0.0 Mac, 0.000% MACs, p=0.05, inplace=False)
  )
  (encoder): Encoder(
    6.3 M, 59.753% Params, 604.23 MMac, 17.281% MACs, 
    (attn_layers): ModuleList(
      6.3 M, 59.753% Params, 604.23 MMac, 17.281% MACs, 
      (0): EncoderLayer(
        3.15 M, 29.877% Params, 302.11 MMac, 8.641% MACs, 
        (attention): AutoCorrelationLayer(
          1.05 M, 9.972% Params, 100.67 MMac, 2.879% MACs, 
          (inner_correlation): AutoCorrelation(
            0, 0.000% Params, 0.0 Mac, 0.000% MACs, 
            (dropout): Dropout(0, 0.000% Params, 0.0 Mac, 0.000% MACs, p=0.05, inplace=False)
          )
          (query_projection): Linear(262.66 k, 2.493% Params, 25.17 MMac, 0.720% MACs, in_features=512, out_features=512, bias=True)
          (key_projection): Linear(262.66 k, 2.493% Params, 25.17 MMac, 0.720% MACs, in_features=512, out_features=512, bias=True)
          (value_projection): Linear(262.66 k, 2.493% Params, 25.17 MMac, 0.720% MACs, in_features=512, out_features=512, bias=True)
          (out_projection): Linear(262.66 k, 2.493% Params, 25.17 MMac, 0.720% MACs, in_features=512, out_features=512, bias=True)
        )
        (conv1): Conv1d(1.05 M, 9.952% Params, 100.66 MMac, 2.879% MACs, 512, 2048, kernel_size=(1,), stride=(1,), bias=False)
        (conv2): Conv1d(1.05 M, 9.952% Params, 100.66 MMac, 2.879% MACs, 2048, 512, kernel_size=(1,), stride=(1,), bias=False)
        (decomp1): series_decomp(
          0, 0.000% Params, 61.44 KMac, 0.002% MACs, 
          (moving_avg): moving_avg(
            0, 0.000% Params, 61.44 KMac, 0.002% MACs, 
            (avg): AvgPool1d(0, 0.000% Params, 61.44 KMac, 0.002% MACs, kernel_size=(25,), stride=(1,), padding=(0,))
          )
        )
        (decomp2): series_decomp(
          0, 0.000% Params, 61.44 KMac, 0.002% MACs, 
          (moving_avg): moving_avg(
            0, 0.000% Params, 61.44 KMac, 0.002% MACs, 
            (avg): AvgPool1d(0, 0.000% Params, 61.44 KMac, 0.002% MACs, kernel_size=(25,), stride=(1,), padding=(0,))
          )
        )
        (dropout): Dropout(0, 0.000% Params, 0.0 Mac, 0.000% MACs, p=0.05, inplace=False)
      )
      (1): EncoderLayer(
        3.15 M, 29.877% Params, 302.11 MMac, 8.641% MACs, 
        (attention): AutoCorrelationLayer(
          1.05 M, 9.972% Params, 100.67 MMac, 2.879% MACs, 
          (inner_correlation): AutoCorrelation(
            0, 0.000% Params, 0.0 Mac, 0.000% MACs, 
            (dropout): Dropout(0, 0.000% Params, 0.0 Mac, 0.000% MACs, p=0.05, inplace=False)
          )
          (query_projection): Linear(262.66 k, 2.493% Params, 25.17 MMac, 0.720% MACs, in_features=512, out_features=512, bias=True)
          (key_projection): Linear(262.66 k, 2.493% Params, 25.17 MMac, 0.720% MACs, in_features=512, out_features=512, bias=True)
          (value_projection): Linear(262.66 k, 2.493% Params, 25.17 MMac, 0.720% MACs, in_features=512, out_features=512, bias=True)
          (out_projection): Linear(262.66 k, 2.493% Params, 25.17 MMac, 0.720% MACs, in_features=512, out_features=512, bias=True)
        )
        (conv1): Conv1d(1.05 M, 9.952% Params, 100.66 MMac, 2.879% MACs, 512, 2048, kernel_size=(1,), stride=(1,), bias=False)
        (conv2): Conv1d(1.05 M, 9.952% Params, 100.66 MMac, 2.879% MACs, 2048, 512, kernel_size=(1,), stride=(1,), bias=False)
        (decomp1): series_decomp(
          0, 0.000% Params, 61.44 KMac, 0.002% MACs, 
          (moving_avg): moving_avg(
            0, 0.000% Params, 61.44 KMac, 0.002% MACs, 
            (avg): AvgPool1d(0, 0.000% Params, 61.44 KMac, 0.002% MACs, kernel_size=(25,), stride=(1,), padding=(0,))
          )
        )
        (decomp2): series_decomp(
          0, 0.000% Params, 61.44 KMac, 0.002% MACs, 
          (moving_avg): moving_avg(
            0, 0.000% Params, 61.44 KMac, 0.002% MACs, 
            (avg): AvgPool1d(0, 0.000% Params, 61.44 KMac, 0.002% MACs, kernel_size=(25,), stride=(1,), padding=(0,))
          )
        )
        (dropout): Dropout(0, 0.000% Params, 0.0 Mac, 0.000% MACs, p=0.05, inplace=False)
      )
    )
    (norm): my_Layernorm(
      0, 0.000% Params, 0.0 Mac, 0.000% MACs, 
      (layernorm): LayerNorm(0, 0.000% Params, 0.0 Mac, 0.000% MACs, (512,), eps=1e-05, elementwise_affine=True)
    )
  )
  (decoder): Decoder(
    4.21 M, 39.984% Params, 2.88 GMac, 82.402% MACs, 
    (layers): ModuleList(
      4.21 M, 39.950% Params, 2.88 GMac, 82.324% MACs, 
      (0): DecoderLayer(
        4.21 M, 39.950% Params, 2.88 GMac, 82.324% MACs, 
        (self_attention): AutoCorrelationLayer(
          1.05 M, 9.972% Params, 805.31 MMac, 23.032% MACs, 
          (inner_correlation): AutoCorrelation(
            0, 0.000% Params, 0.0 Mac, 0.000% MACs, 
            (dropout): Dropout(0, 0.000% Params, 0.0 Mac, 0.000% MACs, p=0.05, inplace=False)
          )
          (query_projection): Linear(262.66 k, 2.493% Params, 201.33 MMac, 5.758% MACs, in_features=512, out_features=512, bias=True)
          (key_projection): Linear(262.66 k, 2.493% Params, 201.33 MMac, 5.758% MACs, in_features=512, out_features=512, bias=True)
          (value_projection): Linear(262.66 k, 2.493% Params, 201.33 MMac, 5.758% MACs, in_features=512, out_features=512, bias=True)
          (out_projection): Linear(262.66 k, 2.493% Params, 201.33 MMac, 5.758% MACs, in_features=512, out_features=512, bias=True)
        )
        (cross_attention): AutoCorrelationLayer(
          1.05 M, 9.972% Params, 452.99 MMac, 12.956% MACs, 
          (inner_correlation): AutoCorrelation(
            0, 0.000% Params, 0.0 Mac, 0.000% MACs, 
            (dropout): Dropout(0, 0.000% Params, 0.0 Mac, 0.000% MACs, p=0.05, inplace=False)
          )
          (query_projection): Linear(262.66 k, 2.493% Params, 201.33 MMac, 5.758% MACs, in_features=512, out_features=512, bias=True)
          (key_projection): Linear(262.66 k, 2.493% Params, 25.17 MMac, 0.720% MACs, in_features=512, out_features=512, bias=True)
          (value_projection): Linear(262.66 k, 2.493% Params, 25.17 MMac, 0.720% MACs, in_features=512, out_features=512, bias=True)
          (out_projection): Linear(262.66 k, 2.493% Params, 201.33 MMac, 5.758% MACs, in_features=512, out_features=512, bias=True)
        )
        (conv1): Conv1d(1.05 M, 9.952% Params, 805.31 MMac, 23.032% MACs, 512, 2048, kernel_size=(1,), stride=(1,), bias=False)
        (conv2): Conv1d(1.05 M, 9.952% Params, 805.31 MMac, 23.032% MACs, 2048, 512, kernel_size=(1,), stride=(1,), bias=False)
        (decomp1): series_decomp(
          0, 0.000% Params, 405.5 KMac, 0.012% MACs, 
          (moving_avg): moving_avg(
            0, 0.000% Params, 405.5 KMac, 0.012% MACs, 
            (avg): AvgPool1d(0, 0.000% Params, 405.5 KMac, 0.012% MACs, kernel_size=(25,), stride=(1,), padding=(0,))
          )
        )
        (decomp2): series_decomp(
          0, 0.000% Params, 405.5 KMac, 0.012% MACs, 
          (moving_avg): moving_avg(
            0, 0.000% Params, 405.5 KMac, 0.012% MACs, 
            (avg): AvgPool1d(0, 0.000% Params, 405.5 KMac, 0.012% MACs, kernel_size=(25,), stride=(1,), padding=(0,))
          )
        )
        (decomp3): series_decomp(
          0, 0.000% Params, 405.5 KMac, 0.012% MACs, 
          (moving_avg): moving_avg(
            0, 0.000% Params, 405.5 KMac, 0.012% MACs, 
            (avg): AvgPool1d(0, 0.000% Params, 405.5 KMac, 0.012% MACs, kernel_size=(25,), stride=(1,), padding=(0,))
          )
        )
        (dropout): Dropout(0, 0.000% Params, 0.0 Mac, 0.000% MACs, p=0.05, inplace=False)
        (projection): Conv1d(10.75 k, 0.102% Params, 8.26 MMac, 0.236% MACs, 512, 7, kernel_size=(3,), stride=(1,), padding=(1,), bias=False, padding_mode=circular)
      )
    )
    (norm): my_Layernorm(
      0, 0.000% Params, 0.0 Mac, 0.000% MACs, 
      (layernorm): LayerNorm(0, 0.000% Params, 0.0 Mac, 0.000% MACs, (512,), eps=1e-05, elementwise_affine=True)
    )
    (projection): Linear(3.59 k, 0.034% Params, 2.75 MMac, 0.079% MACs, in_features=512, out_features=7, bias=True)
  )
)
Computational complexity:       3.5 GMac
Number of parameters:           10.54 M 
