Args in experiment:
Namespace(is_training=1, model_id='ETTh1_96_192', model='Autoformer', data='ETTh1', root_path='./dataset/', data_path='ETTh1.csv', features='M', target='OT', freq='h', checkpoints='./checkpoints/', seq_len=96, label_len=48, pred_len=192, individual=False, embed_type=0, enc_in=7, dec_in=7, c_out=7, d_model=512, n_heads=8, e_layers=2, d_layers=1, d_ff=2048, moving_avg=25, factor=3, distil=True, dropout=0.05, embed='timeF', activation='gelu', output_attention=False, do_predict=False, num_workers=10, itr=1, train_epochs=10, batch_size=32, patience=3, learning_rate=0.0001, des='Exp', loss='mse', lradj='type1', use_amp=False, use_gpu=True, gpu=2, use_multi_gpu=False, devices='0,1,2,3', test_flop=True)
Use GPU: cuda:2
>>>>>>>start training : ETTh1_96_192_Autoformer_ETTh1_ftM_sl96_ll48_pl192_dm512_nh8_el2_dl1_df2048_fc3_ebtimeF_dtTrue_Exp_0>>>>>>>>>>>>>>>>>>>>>>>>>>
train 8353
val 2689
test 2689
	iters: 100, epoch: 1 | loss: 0.4598721
	speed: 0.1085s/iter; left time: 272.3977s
	iters: 200, epoch: 1 | loss: 0.5024105
	speed: 0.0711s/iter; left time: 171.4790s
Epoch: 1 cost time: 22.401073217391968
Epoch: 1, Steps: 261 | Train Loss: 0.4589790 Vali Loss: 1.0715799 Test Loss: 0.4442788
Validation loss decreased (inf --> 1.071580).  Saving model ...
Updating learning rate to 0.0001
	iters: 100, epoch: 2 | loss: 0.4444175
	speed: 0.2501s/iter; left time: 562.7463s
	iters: 200, epoch: 2 | loss: 0.4457047
	speed: 0.0724s/iter; left time: 155.6258s
Epoch: 2 cost time: 20.84823226928711
Epoch: 2, Steps: 261 | Train Loss: 0.4094237 Vali Loss: 1.1049680 Test Loss: 0.4597080
EarlyStopping counter: 1 out of 3
Updating learning rate to 5e-05
	iters: 100, epoch: 3 | loss: 0.3953613
	speed: 0.2378s/iter; left time: 472.9601s
	iters: 200, epoch: 3 | loss: 0.3676559
	speed: 0.0711s/iter; left time: 134.3415s
Epoch: 3 cost time: 20.184170722961426
Epoch: 3, Steps: 261 | Train Loss: 0.3786521 Vali Loss: 1.1380517 Test Loss: 0.5192507
EarlyStopping counter: 2 out of 3
Updating learning rate to 2.5e-05
	iters: 100, epoch: 4 | loss: 0.3146428
	speed: 0.2431s/iter; left time: 420.0945s
	iters: 200, epoch: 4 | loss: 0.3890882
	speed: 0.0714s/iter; left time: 116.2755s
Epoch: 4 cost time: 20.514928102493286
Epoch: 4, Steps: 261 | Train Loss: 0.3507622 Vali Loss: 1.1552681 Test Loss: 0.5532695
EarlyStopping counter: 3 out of 3
Early stopping
