Args in experiment:
Namespace(is_training=1, model_id='Exchange_96_720', model='DLinear', data='custom', root_path='./dataset/', data_path='exchange_rate.csv', features='M', target='OT', freq='h', checkpoints='./checkpoints/', seq_len=96, label_len=48, pred_len=720, individual=False, embed_type=0, enc_in=8, dec_in=7, c_out=7, d_model=512, n_heads=8, e_layers=2, d_layers=1, d_ff=2048, moving_avg=25, factor=1, distil=True, dropout=0.05, embed='timeF', activation='gelu', output_attention=False, do_predict=False, num_workers=10, itr=1, train_epochs=10, batch_size=8, patience=3, learning_rate=0.0005, des='Exp', loss='mse', lradj='type1', use_amp=False, use_gpu=True, gpu=0, use_multi_gpu=False, devices='0,1,2,3', test_flop=True)
Use GPU: cuda:0
>>>>>>>start training : Exchange_96_720_DLinear_custom_ftM_sl96_ll48_pl720_dm512_nh8_el2_dl1_df2048_fc1_ebtimeF_dtTrue_Exp_0>>>>>>>>>>>>>>>>>>>>>>>>>>
train 4496
val 41
test 798
	iters: 100, epoch: 1 | loss: 0.5659358
	speed: 0.0246s/iter; left time: 135.6166s
	iters: 200, epoch: 1 | loss: 0.5736872
	speed: 0.0035s/iter; left time: 19.1397s
	iters: 300, epoch: 1 | loss: 0.5046691
	speed: 0.0039s/iter; left time: 20.5073s
	iters: 400, epoch: 1 | loss: 0.6528562
	speed: 0.0040s/iter; left time: 20.8433s
	iters: 500, epoch: 1 | loss: 0.5727617
	speed: 0.0034s/iter; left time: 17.3400s
Epoch: 1 cost time: 4.160282611846924
Epoch: 1, Steps: 562 | Train Loss: 0.5991857 Vali Loss: 3.7949963 Test Loss: 0.9690552
Validation loss decreased (inf --> 3.794996).  Saving model ...
Updating learning rate to 0.0005
	iters: 100, epoch: 2 | loss: 0.4123949
	speed: 0.0454s/iter; left time: 225.1184s
	iters: 200, epoch: 2 | loss: 0.5739974
	speed: 0.0030s/iter; left time: 14.5147s
	iters: 300, epoch: 2 | loss: 0.6281682
	speed: 0.0029s/iter; left time: 13.9919s
	iters: 400, epoch: 2 | loss: 0.6476538
	speed: 0.0029s/iter; left time: 13.5711s
	iters: 500, epoch: 2 | loss: 0.4406829
	speed: 0.0029s/iter; left time: 13.4232s
Epoch: 2 cost time: 2.990344762802124
Epoch: 2, Steps: 562 | Train Loss: 0.5725734 Vali Loss: 3.7905815 Test Loss: 0.9934229
Validation loss decreased (3.794996 --> 3.790581).  Saving model ...
Updating learning rate to 0.00025
	iters: 100, epoch: 3 | loss: 0.4256673
	speed: 0.0440s/iter; left time: 193.2724s
	iters: 200, epoch: 3 | loss: 0.5905400
	speed: 0.0029s/iter; left time: 12.2594s
	iters: 300, epoch: 3 | loss: 0.5806584
	speed: 0.0029s/iter; left time: 11.9681s
	iters: 400, epoch: 3 | loss: 0.5128078
	speed: 0.0028s/iter; left time: 11.6173s
	iters: 500, epoch: 3 | loss: 0.4385001
	speed: 0.0028s/iter; left time: 11.2900s
Epoch: 3 cost time: 2.8472354412078857
Epoch: 3, Steps: 562 | Train Loss: 0.5681589 Vali Loss: 3.6478157 Test Loss: 0.9398428
Validation loss decreased (3.790581 --> 3.647816).  Saving model ...
Updating learning rate to 0.000125
	iters: 100, epoch: 4 | loss: 0.5594048
	speed: 0.0469s/iter; left time: 179.7693s
	iters: 200, epoch: 4 | loss: 0.6648428
	speed: 0.0029s/iter; left time: 11.0021s
	iters: 300, epoch: 4 | loss: 0.4882246
	speed: 0.0029s/iter; left time: 10.6899s
	iters: 400, epoch: 4 | loss: 0.6691951
	speed: 0.0030s/iter; left time: 10.7048s
	iters: 500, epoch: 4 | loss: 0.5244224
	speed: 0.0030s/iter; left time: 10.2113s
Epoch: 4 cost time: 3.0160112380981445
Epoch: 4, Steps: 562 | Train Loss: 0.5669233 Vali Loss: 3.3790474 Test Loss: 0.7948771
Validation loss decreased (3.647816 --> 3.379047).  Saving model ...
Updating learning rate to 6.25e-05
	iters: 100, epoch: 5 | loss: 0.5697296
	speed: 0.0433s/iter; left time: 141.5952s
	iters: 200, epoch: 5 | loss: 0.5235891
	speed: 0.0029s/iter; left time: 9.3530s
	iters: 300, epoch: 5 | loss: 0.6334967
	speed: 0.0029s/iter; left time: 8.8580s
	iters: 400, epoch: 5 | loss: 0.5910875
	speed: 0.0029s/iter; left time: 8.6658s
	iters: 500, epoch: 5 | loss: 0.6483686
	speed: 0.0029s/iter; left time: 8.4203s
Epoch: 5 cost time: 2.7649388313293457
Epoch: 5, Steps: 562 | Train Loss: 0.5661607 Vali Loss: 3.4354568 Test Loss: 0.8333833
EarlyStopping counter: 1 out of 3
Updating learning rate to 3.125e-05
	iters: 100, epoch: 6 | loss: 0.4119916
	speed: 0.0471s/iter; left time: 127.8067s
	iters: 200, epoch: 6 | loss: 0.6207333
	speed: 0.0030s/iter; left time: 7.8406s
	iters: 300, epoch: 6 | loss: 0.5053825
	speed: 0.0031s/iter; left time: 7.7190s
	iters: 400, epoch: 6 | loss: 0.6660338
	speed: 0.0030s/iter; left time: 7.2436s
	iters: 500, epoch: 6 | loss: 0.5585663
	speed: 0.0030s/iter; left time: 6.9698s
Epoch: 6 cost time: 2.9252729415893555
Epoch: 6, Steps: 562 | Train Loss: 0.5657582 Vali Loss: 3.3885665 Test Loss: 0.8079868
EarlyStopping counter: 2 out of 3
Updating learning rate to 1.5625e-05
	iters: 100, epoch: 7 | loss: 0.5492350
	speed: 0.0424s/iter; left time: 91.2025s
	iters: 200, epoch: 7 | loss: 0.6488600
	speed: 0.0029s/iter; left time: 5.9098s
	iters: 300, epoch: 7 | loss: 0.6309668
	speed: 0.0029s/iter; left time: 5.6808s
	iters: 400, epoch: 7 | loss: 0.5355164
	speed: 0.0029s/iter; left time: 5.4245s
	iters: 500, epoch: 7 | loss: 0.5200515
	speed: 0.0029s/iter; left time: 5.1150s
Epoch: 7 cost time: 2.840247392654419
Epoch: 7, Steps: 562 | Train Loss: 0.5656822 Vali Loss: 3.3812191 Test Loss: 0.8137239
EarlyStopping counter: 3 out of 3
Early stopping
>>>>>>>testing : Exchange_96_720_DLinear_custom_ftM_sl96_ll48_pl720_dm512_nh8_el2_dl1_df2048_fc1_ebtimeF_dtTrue_Exp_0<<<<<<<<<<<<<<<<<<<<<<<<<<<<<<<<<
test 798
mse:0.794877290725708, mae:0.6728643774986267
INFO: Trainable parameter count: 0.07M
INFO: Trainable parameter count: 0.07M
INFO: Trainable parameter count: 0.14M
INFO: Trainable parameter count: 0.14M
Model(
  139.68 k, 100.000% Params, 1.11 MMac, 100.000% MACs, 
  (decompsition): series_decomp(
    0, 0.000% Params, 960.0 Mac, 0.087% MACs, 
    (moving_avg): moving_avg(
      0, 0.000% Params, 960.0 Mac, 0.087% MACs, 
      (avg): AvgPool1d(0, 0.000% Params, 960.0 Mac, 0.087% MACs, kernel_size=(25,), stride=(1,), padding=(0,))
    )
  )
  (Linear_Seasonal): Linear(69.84 k, 50.000% Params, 553.68 KMac, 49.957% MACs, in_features=96, out_features=720, bias=True)
  (Linear_Trend): Linear(69.84 k, 50.000% Params, 553.68 KMac, 49.957% MACs, in_features=96, out_features=720, bias=True)
)
Computational complexity:       1.11 MMac
Number of parameters:           139.68 k
