Args in experiment:
Namespace(is_training=1, model_id='Exchange_96_336', model='DLinear', data='custom', root_path='./dataset/', data_path='ETTm1.csv', features='M', target='OT', freq='h', checkpoints='./checkpoints/', seq_len=96, label_len=48, pred_len=336, individual=False, embed_type=0, enc_in=8, dec_in=7, c_out=7, d_model=512, n_heads=8, e_layers=2, d_layers=1, d_ff=2048, moving_avg=25, factor=1, distil=True, dropout=0.05, embed='timeF', activation='gelu', output_attention=False, do_predict=False, num_workers=10, itr=1, train_epochs=10, batch_size=8, patience=3, learning_rate=0.0005, des='Exp', loss='mse', lradj='type1', use_amp=False, use_gpu=True, gpu=0, use_multi_gpu=False, devices='0,1,2,3', test_flop=True)
Use GPU: cuda:0
>>>>>>>start training : Exchange_96_336_DLinear_custom_ftM_sl96_ll48_pl336_dm512_nh8_el2_dl1_df2048_fc1_ebtimeF_dtTrue_Exp_0>>>>>>>>>>>>>>>>>>>>>>>>>>
train 48345
val 6633
test 13601
	iters: 100, epoch: 1 | loss: 0.4216859
	speed: 0.0256s/iter; left time: 1542.7167s
	iters: 200, epoch: 1 | loss: 0.3378746
	speed: 0.0034s/iter; left time: 207.3784s
	iters: 300, epoch: 1 | loss: 0.3100004
	speed: 0.0032s/iter; left time: 192.4940s
	iters: 400, epoch: 1 | loss: 0.3447627
	speed: 0.0034s/iter; left time: 202.8968s
	iters: 500, epoch: 1 | loss: 0.2882177
	speed: 0.0036s/iter; left time: 214.5250s
	iters: 600, epoch: 1 | loss: 0.5220708
	speed: 0.0038s/iter; left time: 224.9196s
	iters: 700, epoch: 1 | loss: 0.4504270
	speed: 0.0039s/iter; left time: 235.1755s
	iters: 800, epoch: 1 | loss: 0.2953162
	speed: 0.0038s/iter; left time: 229.0604s
	iters: 900, epoch: 1 | loss: 0.6402304
	speed: 0.0036s/iter; left time: 217.1127s
	iters: 1000, epoch: 1 | loss: 0.4618378
	speed: 0.0036s/iter; left time: 212.5747s
	iters: 1100, epoch: 1 | loss: 0.3336623
	speed: 0.0035s/iter; left time: 208.4895s
	iters: 1200, epoch: 1 | loss: 0.4923444
	speed: 0.0030s/iter; left time: 178.0584s
	iters: 1300, epoch: 1 | loss: 0.2757097
	speed: 0.0030s/iter; left time: 176.1246s
	iters: 1400, epoch: 1 | loss: 0.3564356
	speed: 0.0029s/iter; left time: 172.5454s
	iters: 1500, epoch: 1 | loss: 0.4969094
	speed: 0.0032s/iter; left time: 185.9792s
	iters: 1600, epoch: 1 | loss: 0.3260866
	speed: 0.0031s/iter; left time: 184.2658s
	iters: 1700, epoch: 1 | loss: 0.3867635
	speed: 0.0031s/iter; left time: 181.5882s
	iters: 1800, epoch: 1 | loss: 0.3156283
	speed: 0.0030s/iter; left time: 177.9976s
	iters: 1900, epoch: 1 | loss: 0.5586727
	speed: 0.0031s/iter; left time: 178.9227s
	iters: 2000, epoch: 1 | loss: 0.3104513
	speed: 0.0031s/iter; left time: 182.1246s
	iters: 2100, epoch: 1 | loss: 0.5825745
	speed: 0.0031s/iter; left time: 181.3601s
	iters: 2200, epoch: 1 | loss: 0.3796004
	speed: 0.0036s/iter; left time: 211.5383s
	iters: 2300, epoch: 1 | loss: 0.3728369
	speed: 0.0035s/iter; left time: 200.8092s
	iters: 2400, epoch: 1 | loss: 0.2853058
	speed: 0.0032s/iter; left time: 184.7071s
	iters: 2500, epoch: 1 | loss: 0.2524963
	speed: 0.0032s/iter; left time: 185.2075s
	iters: 2600, epoch: 1 | loss: 0.2887517
	speed: 0.0035s/iter; left time: 201.2599s
	iters: 2700, epoch: 1 | loss: 0.3740663
	speed: 0.0037s/iter; left time: 214.2905s
	iters: 2800, epoch: 1 | loss: 0.3987575
	speed: 0.0034s/iter; left time: 198.0247s
	iters: 2900, epoch: 1 | loss: 0.3537276
	speed: 0.0033s/iter; left time: 190.4796s
	iters: 3000, epoch: 1 | loss: 0.3662275
	speed: 0.0034s/iter; left time: 193.2838s
	iters: 3100, epoch: 1 | loss: 0.4599891
	speed: 0.0037s/iter; left time: 210.5601s
	iters: 3200, epoch: 1 | loss: 0.4330766
	speed: 0.0033s/iter; left time: 189.7848s
	iters: 3300, epoch: 1 | loss: 0.4298047
	speed: 0.0035s/iter; left time: 197.5467s
	iters: 3400, epoch: 1 | loss: 0.3846205
	speed: 0.0035s/iter; left time: 199.2152s
	iters: 3500, epoch: 1 | loss: 0.4610040
	speed: 0.0033s/iter; left time: 189.4959s
	iters: 3600, epoch: 1 | loss: 0.2979540
	speed: 0.0034s/iter; left time: 194.9689s
	iters: 3700, epoch: 1 | loss: 0.2877854
	speed: 0.0035s/iter; left time: 195.8492s
	iters: 3800, epoch: 1 | loss: 0.5598407
	speed: 0.0034s/iter; left time: 191.6973s
	iters: 3900, epoch: 1 | loss: 0.3109828
	speed: 0.0032s/iter; left time: 181.0399s
	iters: 4000, epoch: 1 | loss: 0.4572217
	speed: 0.0033s/iter; left time: 183.6439s
	iters: 4100, epoch: 1 | loss: 0.3559719
	speed: 0.0036s/iter; left time: 205.0967s
	iters: 4200, epoch: 1 | loss: 0.7258679
	speed: 0.0035s/iter; left time: 194.4151s
	iters: 4300, epoch: 1 | loss: 0.3987868
	speed: 0.0034s/iter; left time: 189.3729s
	iters: 4400, epoch: 1 | loss: 0.3233107
	speed: 0.0037s/iter; left time: 205.3584s
	iters: 4500, epoch: 1 | loss: 0.4462993
	speed: 0.0036s/iter; left time: 201.0095s
	iters: 4600, epoch: 1 | loss: 0.5483465
	speed: 0.0038s/iter; left time: 210.7865s
	iters: 4700, epoch: 1 | loss: 0.3132344
	speed: 0.0038s/iter; left time: 212.3246s
	iters: 4800, epoch: 1 | loss: 0.4054702
	speed: 0.0038s/iter; left time: 214.1288s
	iters: 4900, epoch: 1 | loss: 0.4525212
	speed: 0.0037s/iter; left time: 206.1833s
	iters: 5000, epoch: 1 | loss: 0.6205166
	speed: 0.0035s/iter; left time: 191.9963s
	iters: 5100, epoch: 1 | loss: 0.3324414
	speed: 0.0037s/iter; left time: 204.3185s
	iters: 5200, epoch: 1 | loss: 0.4234306
	speed: 0.0037s/iter; left time: 205.9704s
	iters: 5300, epoch: 1 | loss: 0.4250101
	speed: 0.0040s/iter; left time: 218.7222s
	iters: 5400, epoch: 1 | loss: 0.3712424
	speed: 0.0042s/iter; left time: 228.4285s
	iters: 5500, epoch: 1 | loss: 0.4489749
	speed: 0.0042s/iter; left time: 230.5822s
	iters: 5600, epoch: 1 | loss: 0.4513732
	speed: 0.0042s/iter; left time: 227.9876s
	iters: 5700, epoch: 1 | loss: 0.3696349
	speed: 0.0040s/iter; left time: 219.3346s
	iters: 5800, epoch: 1 | loss: 0.4001364
	speed: 0.0040s/iter; left time: 218.5663s
	iters: 5900, epoch: 1 | loss: 0.3571911
	speed: 0.0041s/iter; left time: 224.9173s
	iters: 6000, epoch: 1 | loss: 0.3956465
	speed: 0.0040s/iter; left time: 215.4066s
Epoch: 1 cost time: 23.531612396240234
Epoch: 1, Steps: 6043 | Train Loss: 0.4024707 Vali Loss: 0.3642301 Test Loss: 0.4871960
Validation loss decreased (inf --> 0.364230).  Saving model ...
Updating learning rate to 0.0005
	iters: 100, epoch: 2 | loss: 0.3591508
	speed: 0.1008s/iter; left time: 5469.9919s
	iters: 200, epoch: 2 | loss: 0.3894539
	speed: 0.0033s/iter; left time: 177.3216s
	iters: 300, epoch: 2 | loss: 0.3565871
	speed: 0.0033s/iter; left time: 178.9108s
	iters: 400, epoch: 2 | loss: 0.4217370
	speed: 0.0033s/iter; left time: 176.2627s
	iters: 500, epoch: 2 | loss: 0.4267140
	speed: 0.0037s/iter; left time: 199.0532s
	iters: 600, epoch: 2 | loss: 0.3279348
	speed: 0.0033s/iter; left time: 174.8730s
	iters: 700, epoch: 2 | loss: 0.4217513
	speed: 0.0036s/iter; left time: 191.5120s
	iters: 800, epoch: 2 | loss: 0.2919067
	speed: 0.0034s/iter; left time: 181.3033s
	iters: 900, epoch: 2 | loss: 0.4174787
	speed: 0.0034s/iter; left time: 183.5204s
	iters: 1000, epoch: 2 | loss: 0.3469616
	speed: 0.0034s/iter; left time: 184.0420s
	iters: 1100, epoch: 2 | loss: 0.5313217
	speed: 0.0032s/iter; left time: 172.4077s
	iters: 1200, epoch: 2 | loss: 0.3325818
	speed: 0.0032s/iter; left time: 170.1169s
	iters: 1300, epoch: 2 | loss: 0.3743496
	speed: 0.0036s/iter; left time: 192.7196s
	iters: 1400, epoch: 2 | loss: 0.3942228
	speed: 0.0033s/iter; left time: 176.1584s
	iters: 1500, epoch: 2 | loss: 0.2472102
	speed: 0.0030s/iter; left time: 157.3498s
	iters: 1600, epoch: 2 | loss: 0.4242006
	speed: 0.0031s/iter; left time: 161.0094s
	iters: 1700, epoch: 2 | loss: 0.5942312
	speed: 0.0032s/iter; left time: 167.1904s
	iters: 1800, epoch: 2 | loss: 0.4012747
	speed: 0.0030s/iter; left time: 155.6933s
	iters: 1900, epoch: 2 | loss: 0.5670218
	speed: 0.0039s/iter; left time: 206.0712s
	iters: 2000, epoch: 2 | loss: 0.2954752
	speed: 0.0040s/iter; left time: 210.2582s
	iters: 2100, epoch: 2 | loss: 0.4337868
	speed: 0.0036s/iter; left time: 190.5065s
	iters: 2200, epoch: 2 | loss: 0.2853490
	speed: 0.0037s/iter; left time: 192.5782s
	iters: 2300, epoch: 2 | loss: 0.4768653
	speed: 0.0037s/iter; left time: 193.3254s
	iters: 2400, epoch: 2 | loss: 0.4648807
	speed: 0.0046s/iter; left time: 241.5474s
	iters: 2500, epoch: 2 | loss: 0.6156340
	speed: 0.0037s/iter; left time: 192.7519s
	iters: 2600, epoch: 2 | loss: 0.3509159
	speed: 0.0030s/iter; left time: 154.7975s
	iters: 2700, epoch: 2 | loss: 0.4222525
	speed: 0.0030s/iter; left time: 152.9691s
	iters: 2800, epoch: 2 | loss: 0.6313932
	speed: 0.0031s/iter; left time: 161.7711s
	iters: 2900, epoch: 2 | loss: 0.3529101
	speed: 0.0030s/iter; left time: 153.2052s
	iters: 3000, epoch: 2 | loss: 0.4004569
	speed: 0.0029s/iter; left time: 149.9993s
	iters: 3100, epoch: 2 | loss: 0.3354173
	speed: 0.0030s/iter; left time: 156.0392s
	iters: 3200, epoch: 2 | loss: 0.3638521
	speed: 0.0031s/iter; left time: 156.8476s
	iters: 3300, epoch: 2 | loss: 0.3676128
	speed: 0.0030s/iter; left time: 151.7732s
	iters: 3400, epoch: 2 | loss: 0.3230425
	speed: 0.0030s/iter; left time: 153.3912s
	iters: 3500, epoch: 2 | loss: 0.4262987
	speed: 0.0031s/iter; left time: 160.1691s
	iters: 3600, epoch: 2 | loss: 0.3725578
	speed: 0.0030s/iter; left time: 152.2156s
	iters: 3700, epoch: 2 | loss: 0.3601011
	speed: 0.0030s/iter; left time: 153.8680s
	iters: 3800, epoch: 2 | loss: 0.5361164
	speed: 0.0034s/iter; left time: 172.3686s
	iters: 3900, epoch: 2 | loss: 0.5889258
	speed: 0.0031s/iter; left time: 157.9329s
	iters: 4000, epoch: 2 | loss: 0.4725273
	speed: 0.0031s/iter; left time: 154.0733s
	iters: 4100, epoch: 2 | loss: 0.2857013
	speed: 0.0032s/iter; left time: 159.7570s
	iters: 4200, epoch: 2 | loss: 0.4078836
	speed: 0.0033s/iter; left time: 167.2167s
	iters: 4300, epoch: 2 | loss: 0.2829587
	speed: 0.0035s/iter; left time: 172.9203s
	iters: 4400, epoch: 2 | loss: 0.3662814
	speed: 0.0030s/iter; left time: 147.8156s
	iters: 4500, epoch: 2 | loss: 0.2368053
	speed: 0.0030s/iter; left time: 152.1377s
	iters: 4600, epoch: 2 | loss: 0.3936687
	speed: 0.0032s/iter; left time: 159.0434s
	iters: 4700, epoch: 2 | loss: 0.2567985
	speed: 0.0031s/iter; left time: 155.0434s
	iters: 4800, epoch: 2 | loss: 0.5933782
	speed: 0.0033s/iter; left time: 161.7220s
	iters: 4900, epoch: 2 | loss: 0.5357761
	speed: 0.0032s/iter; left time: 158.0031s
	iters: 5000, epoch: 2 | loss: 0.4979402
	speed: 0.0031s/iter; left time: 152.8992s
	iters: 5100, epoch: 2 | loss: 0.4313595
	speed: 0.0031s/iter; left time: 154.8250s
	iters: 5200, epoch: 2 | loss: 0.6234762
	speed: 0.0031s/iter; left time: 152.6711s
	iters: 5300, epoch: 2 | loss: 0.5160264
	speed: 0.0032s/iter; left time: 156.0521s
	iters: 5400, epoch: 2 | loss: 0.3323143
	speed: 0.0032s/iter; left time: 157.4886s
	iters: 5500, epoch: 2 | loss: 0.4173048
	speed: 0.0034s/iter; left time: 164.8363s
	iters: 5600, epoch: 2 | loss: 0.4836375
	speed: 0.0033s/iter; left time: 162.2871s
	iters: 5700, epoch: 2 | loss: 0.5069085
	speed: 0.0036s/iter; left time: 175.0994s
	iters: 5800, epoch: 2 | loss: 0.2932507
	speed: 0.0036s/iter; left time: 175.7735s
	iters: 5900, epoch: 2 | loss: 0.3722396
	speed: 0.0032s/iter; left time: 153.9563s
	iters: 6000, epoch: 2 | loss: 0.3334011
	speed: 0.0033s/iter; left time: 161.4631s
Epoch: 2 cost time: 21.211650609970093
Epoch: 2, Steps: 6043 | Train Loss: 0.3964758 Vali Loss: 0.3669155 Test Loss: 0.4888076
EarlyStopping counter: 1 out of 3
Updating learning rate to 0.00025
	iters: 100, epoch: 3 | loss: 0.4060381
	speed: 0.1077s/iter; left time: 5198.1187s
	iters: 200, epoch: 3 | loss: 0.4632133
	speed: 0.0046s/iter; left time: 223.6669s
	iters: 300, epoch: 3 | loss: 0.3964166
	speed: 0.0046s/iter; left time: 220.6127s
	iters: 400, epoch: 3 | loss: 0.4870083
	speed: 0.0046s/iter; left time: 221.2933s
	iters: 500, epoch: 3 | loss: 0.4930597
	speed: 0.0049s/iter; left time: 233.6094s
	iters: 600, epoch: 3 | loss: 0.2707227
	speed: 0.0047s/iter; left time: 224.2643s
	iters: 700, epoch: 3 | loss: 0.3790926
	speed: 0.0048s/iter; left time: 229.7661s
	iters: 800, epoch: 3 | loss: 0.3234737
	speed: 0.0047s/iter; left time: 221.1642s
	iters: 900, epoch: 3 | loss: 0.2551453
	speed: 0.0045s/iter; left time: 211.2158s
	iters: 1000, epoch: 3 | loss: 0.3949467
	speed: 0.0046s/iter; left time: 218.5242s
	iters: 1100, epoch: 3 | loss: 0.3252049
	speed: 0.0044s/iter; left time: 207.1216s
	iters: 1200, epoch: 3 | loss: 0.5524883
	speed: 0.0045s/iter; left time: 211.2760s
	iters: 1300, epoch: 3 | loss: 0.3730580
	speed: 0.0043s/iter; left time: 202.1680s
	iters: 1400, epoch: 3 | loss: 0.4406008
	speed: 0.0046s/iter; left time: 217.5444s
	iters: 1500, epoch: 3 | loss: 0.2570700
	speed: 0.0049s/iter; left time: 231.6256s
	iters: 1600, epoch: 3 | loss: 0.2756063
	speed: 0.0047s/iter; left time: 219.7467s
	iters: 1700, epoch: 3 | loss: 0.2817508
	speed: 0.0049s/iter; left time: 229.5603s
	iters: 1800, epoch: 3 | loss: 0.2500097
	speed: 0.0048s/iter; left time: 223.6555s
	iters: 1900, epoch: 3 | loss: 0.3380289
	speed: 0.0049s/iter; left time: 226.5224s
	iters: 2000, epoch: 3 | loss: 0.2445117
	speed: 0.0046s/iter; left time: 214.2437s
	iters: 2100, epoch: 3 | loss: 0.3619060
	speed: 0.0046s/iter; left time: 214.9345s
	iters: 2200, epoch: 3 | loss: 0.4047321
	speed: 0.0045s/iter; left time: 207.2646s
	iters: 2300, epoch: 3 | loss: 0.3281803
	speed: 0.0044s/iter; left time: 202.3622s
	iters: 2400, epoch: 3 | loss: 0.3049154
	speed: 0.0048s/iter; left time: 222.1659s
	iters: 2500, epoch: 3 | loss: 0.8532692
	speed: 0.0047s/iter; left time: 214.3696s
	iters: 2600, epoch: 3 | loss: 0.3881984
	speed: 0.0045s/iter; left time: 204.7669s
	iters: 2700, epoch: 3 | loss: 0.2739036
	speed: 0.0047s/iter; left time: 213.5544s
	iters: 2800, epoch: 3 | loss: 0.3650296
	speed: 0.0046s/iter; left time: 209.3430s
	iters: 2900, epoch: 3 | loss: 0.4729181
	speed: 0.0047s/iter; left time: 211.7059s
	iters: 3000, epoch: 3 | loss: 0.4394356
	speed: 0.0048s/iter; left time: 217.9789s
	iters: 3100, epoch: 3 | loss: 0.3279052
	speed: 0.0047s/iter; left time: 210.8554s
	iters: 3200, epoch: 3 | loss: 0.7508785
	speed: 0.0052s/iter; left time: 235.2036s
	iters: 3300, epoch: 3 | loss: 0.2999707
	speed: 0.0047s/iter; left time: 212.2948s
	iters: 3400, epoch: 3 | loss: 0.3442145
	speed: 0.0048s/iter; left time: 213.8398s
	iters: 3500, epoch: 3 | loss: 0.3075405
	speed: 0.0047s/iter; left time: 211.3126s
	iters: 3600, epoch: 3 | loss: 0.4206261
	speed: 0.0047s/iter; left time: 212.5065s
	iters: 3700, epoch: 3 | loss: 0.4786169
	speed: 0.0048s/iter; left time: 213.1952s
	iters: 3800, epoch: 3 | loss: 0.2858980
	speed: 0.0047s/iter; left time: 210.1409s
	iters: 3900, epoch: 3 | loss: 0.2748574
	speed: 0.0049s/iter; left time: 218.3230s
	iters: 4000, epoch: 3 | loss: 0.4858077
	speed: 0.0049s/iter; left time: 219.0808s
	iters: 4100, epoch: 3 | loss: 0.3655069
	speed: 0.0048s/iter; left time: 213.7598s
	iters: 4200, epoch: 3 | loss: 0.4351873
	speed: 0.0048s/iter; left time: 211.2532s
	iters: 4300, epoch: 3 | loss: 0.3302147
	speed: 0.0047s/iter; left time: 205.5212s
	iters: 4400, epoch: 3 | loss: 0.2506299
	speed: 0.0047s/iter; left time: 207.4655s
	iters: 4500, epoch: 3 | loss: 0.4123039
	speed: 0.0046s/iter; left time: 200.3913s
	iters: 4600, epoch: 3 | loss: 0.4455083
	speed: 0.0045s/iter; left time: 197.3376s
	iters: 4700, epoch: 3 | loss: 0.5828487
	speed: 0.0045s/iter; left time: 197.9623s
	iters: 4800, epoch: 3 | loss: 0.2942851
	speed: 0.0047s/iter; left time: 206.2236s
	iters: 4900, epoch: 3 | loss: 0.3761624
	speed: 0.0046s/iter; left time: 198.1216s
	iters: 5000, epoch: 3 | loss: 0.3023130
	speed: 0.0046s/iter; left time: 200.8300s
	iters: 5100, epoch: 3 | loss: 0.3414635
	speed: 0.0043s/iter; left time: 187.2831s
	iters: 5200, epoch: 3 | loss: 0.4152241
	speed: 0.0042s/iter; left time: 182.5500s
	iters: 5300, epoch: 3 | loss: 0.2784100
	speed: 0.0041s/iter; left time: 175.7314s
	iters: 5400, epoch: 3 | loss: 0.5800933
	speed: 0.0041s/iter; left time: 177.0680s
	iters: 5500, epoch: 3 | loss: 0.3429507
	speed: 0.0041s/iter; left time: 176.8161s
	iters: 5600, epoch: 3 | loss: 0.4204322
	speed: 0.0043s/iter; left time: 184.9630s
	iters: 5700, epoch: 3 | loss: 0.2882707
	speed: 0.0040s/iter; left time: 171.2393s
	iters: 5800, epoch: 3 | loss: 0.3880899
	speed: 0.0042s/iter; left time: 179.1942s
	iters: 5900, epoch: 3 | loss: 0.5105804
	speed: 0.0041s/iter; left time: 174.3568s
	iters: 6000, epoch: 3 | loss: 0.3394718
	speed: 0.0042s/iter; left time: 176.9414s
Epoch: 3 cost time: 29.31041169166565
Epoch: 3, Steps: 6043 | Train Loss: 0.3946149 Vali Loss: 0.3649953 Test Loss: 0.4868270
EarlyStopping counter: 2 out of 3
Updating learning rate to 0.000125
	iters: 100, epoch: 4 | loss: 0.3108977
	speed: 0.1152s/iter; left time: 4863.4816s
	iters: 200, epoch: 4 | loss: 0.2756605
	speed: 0.0032s/iter; left time: 135.7496s
	iters: 300, epoch: 4 | loss: 0.2881403
	speed: 0.0035s/iter; left time: 148.8008s
	iters: 400, epoch: 4 | loss: 0.1954126
	speed: 0.0036s/iter; left time: 149.0344s
	iters: 500, epoch: 4 | loss: 0.3219875
	speed: 0.0036s/iter; left time: 150.6049s
	iters: 600, epoch: 4 | loss: 0.2491374
	speed: 0.0035s/iter; left time: 144.5369s
	iters: 700, epoch: 4 | loss: 0.3821037
	speed: 0.0033s/iter; left time: 135.3328s
	iters: 800, epoch: 4 | loss: 0.7888533
	speed: 0.0032s/iter; left time: 132.4572s
	iters: 900, epoch: 4 | loss: 0.5393504
	speed: 0.0037s/iter; left time: 155.0168s
	iters: 1000, epoch: 4 | loss: 0.2803781
	speed: 0.0033s/iter; left time: 137.5326s
	iters: 1100, epoch: 4 | loss: 0.2537023
	speed: 0.0031s/iter; left time: 128.5909s
	iters: 1200, epoch: 4 | loss: 0.4044826
	speed: 0.0033s/iter; left time: 137.2180s
	iters: 1300, epoch: 4 | loss: 0.4960528
	speed: 0.0044s/iter; left time: 178.4178s
	iters: 1400, epoch: 4 | loss: 0.4895145
	speed: 0.0037s/iter; left time: 150.2203s
	iters: 1500, epoch: 4 | loss: 0.5996665
	speed: 0.0036s/iter; left time: 145.2516s
	iters: 1600, epoch: 4 | loss: 0.4362476
	speed: 0.0034s/iter; left time: 139.1319s
	iters: 1700, epoch: 4 | loss: 0.2721372
	speed: 0.0035s/iter; left time: 143.4927s
	iters: 1800, epoch: 4 | loss: 0.4192457
	speed: 0.0032s/iter; left time: 131.4564s
	iters: 1900, epoch: 4 | loss: 0.5850792
	speed: 0.0034s/iter; left time: 139.2447s
	iters: 2000, epoch: 4 | loss: 0.5406535
	speed: 0.0036s/iter; left time: 143.5759s
	iters: 2100, epoch: 4 | loss: 0.3853527
	speed: 0.0034s/iter; left time: 138.1054s
	iters: 2200, epoch: 4 | loss: 0.4001140
	speed: 0.0039s/iter; left time: 158.0221s
	iters: 2300, epoch: 4 | loss: 0.3181793
	speed: 0.0032s/iter; left time: 128.3201s
	iters: 2400, epoch: 4 | loss: 0.3961918
	speed: 0.0036s/iter; left time: 144.9058s
	iters: 2500, epoch: 4 | loss: 0.3071221
	speed: 0.0034s/iter; left time: 135.1854s
	iters: 2600, epoch: 4 | loss: 0.4003252
	speed: 0.0033s/iter; left time: 131.0922s
	iters: 2700, epoch: 4 | loss: 0.5232833
	speed: 0.0035s/iter; left time: 138.8698s
	iters: 2800, epoch: 4 | loss: 0.3492520
	speed: 0.0037s/iter; left time: 145.2836s
	iters: 2900, epoch: 4 | loss: 0.4038007
	speed: 0.0038s/iter; left time: 149.1848s
	iters: 3000, epoch: 4 | loss: 0.3870500
	speed: 0.0037s/iter; left time: 146.5744s
	iters: 3100, epoch: 4 | loss: 0.3161477
	speed: 0.0032s/iter; left time: 123.5256s
	iters: 3200, epoch: 4 | loss: 0.3452078
	speed: 0.0037s/iter; left time: 143.3407s
	iters: 3300, epoch: 4 | loss: 0.3557986
	speed: 0.0040s/iter; left time: 156.4690s
	iters: 3400, epoch: 4 | loss: 0.4359452
	speed: 0.0037s/iter; left time: 143.4956s
	iters: 3500, epoch: 4 | loss: 0.3021213
	speed: 0.0037s/iter; left time: 144.9762s
	iters: 3600, epoch: 4 | loss: 0.6083900
	speed: 0.0038s/iter; left time: 147.4546s
	iters: 3700, epoch: 4 | loss: 0.4433674
	speed: 0.0039s/iter; left time: 150.4262s
	iters: 3800, epoch: 4 | loss: 0.3598548
	speed: 0.0042s/iter; left time: 160.6030s
	iters: 3900, epoch: 4 | loss: 0.3359832
	speed: 0.0040s/iter; left time: 153.0634s
	iters: 4000, epoch: 4 | loss: 0.4944677
	speed: 0.0041s/iter; left time: 157.0187s
	iters: 4100, epoch: 4 | loss: 0.8568244
	speed: 0.0036s/iter; left time: 136.9716s
	iters: 4200, epoch: 4 | loss: 0.3480165
	speed: 0.0034s/iter; left time: 131.4277s
	iters: 4300, epoch: 4 | loss: 0.4047580
	speed: 0.0037s/iter; left time: 140.5271s
	iters: 4400, epoch: 4 | loss: 0.3937967
	speed: 0.0039s/iter; left time: 146.8500s
	iters: 4500, epoch: 4 | loss: 0.3235279
	speed: 0.0037s/iter; left time: 139.2328s
	iters: 4600, epoch: 4 | loss: 0.4727253
	speed: 0.0038s/iter; left time: 142.0521s
	iters: 4700, epoch: 4 | loss: 0.4621598
	speed: 0.0038s/iter; left time: 144.4851s
	iters: 4800, epoch: 4 | loss: 0.3748828
	speed: 0.0042s/iter; left time: 156.2796s
	iters: 4900, epoch: 4 | loss: 0.4406580
	speed: 0.0046s/iter; left time: 172.5548s
	iters: 5000, epoch: 4 | loss: 0.2630971
	speed: 0.0050s/iter; left time: 184.8417s
	iters: 5100, epoch: 4 | loss: 0.3086188
	speed: 0.0046s/iter; left time: 172.1047s
	iters: 5200, epoch: 4 | loss: 0.3676779
	speed: 0.0045s/iter; left time: 168.8043s
	iters: 5300, epoch: 4 | loss: 0.3420559
	speed: 0.0046s/iter; left time: 171.5964s
	iters: 5400, epoch: 4 | loss: 0.2873003
	speed: 0.0042s/iter; left time: 155.6610s
	iters: 5500, epoch: 4 | loss: 0.3576631
	speed: 0.0031s/iter; left time: 115.6330s
	iters: 5600, epoch: 4 | loss: 0.2903455
	speed: 0.0030s/iter; left time: 109.7271s
	iters: 5700, epoch: 4 | loss: 0.4006432
	speed: 0.0031s/iter; left time: 111.9172s
	iters: 5800, epoch: 4 | loss: 0.3224820
	speed: 0.0031s/iter; left time: 113.7728s
	iters: 5900, epoch: 4 | loss: 0.4656171
	speed: 0.0032s/iter; left time: 115.3182s
	iters: 6000, epoch: 4 | loss: 0.3041097
	speed: 0.0031s/iter; left time: 112.9184s
Epoch: 4 cost time: 23.406078338623047
Epoch: 4, Steps: 6043 | Train Loss: 0.3936343 Vali Loss: 0.3661685 Test Loss: 0.4838095
EarlyStopping counter: 3 out of 3
Early stopping
>>>>>>>testing : Exchange_96_336_DLinear_custom_ftM_sl96_ll48_pl336_dm512_nh8_el2_dl1_df2048_fc1_ebtimeF_dtTrue_Exp_0<<<<<<<<<<<<<<<<<<<<<<<<<<<<<<<<<
test 13601
mse:0.4871959686279297, mae:0.45680293440818787
INFO: Trainable parameter count: 0.03M
INFO: Trainable parameter count: 0.03M
INFO: Trainable parameter count: 0.06M
INFO: Trainable parameter count: 0.07M
Model(
  65.18 k, 100.000% Params, 453.1 KMac, 100.000% MACs, 
  (decompsition): series_decomp(
    0, 0.000% Params, 840.0 Mac, 0.185% MACs, 
    (moving_avg): moving_avg(
      0, 0.000% Params, 840.0 Mac, 0.185% MACs, 
      (avg): AvgPool1d(0, 0.000% Params, 840.0 Mac, 0.185% MACs, kernel_size=(25,), stride=(1,), padding=(0,))
    )
  )
  (Linear_Seasonal): Linear(32.59 k, 50.000% Params, 226.13 KMac, 49.907% MACs, in_features=96, out_features=336, bias=True)
  (Linear_Trend): Linear(32.59 k, 50.000% Params, 226.13 KMac, 49.907% MACs, in_features=96, out_features=336, bias=True)
)
Computational complexity:       453.1 KMac
Number of parameters:           65.18 k 
