Args in experiment:
Namespace(is_training=1, model_id='Exchange_96_720', model='DLinear', data='custom', root_path='./dataset/', data_path='ETTh2.csv', features='M', target='OT', freq='h', checkpoints='./checkpoints/', seq_len=96, label_len=48, pred_len=720, individual=False, embed_type=0, enc_in=8, dec_in=7, c_out=7, d_model=512, n_heads=8, e_layers=2, d_layers=1, d_ff=2048, moving_avg=25, factor=1, distil=True, dropout=0.05, embed='timeF', activation='gelu', output_attention=False, do_predict=False, num_workers=10, itr=1, train_epochs=10, batch_size=8, patience=3, learning_rate=0.0005, des='Exp', loss='mse', lradj='type1', use_amp=False, use_gpu=True, gpu=0, use_multi_gpu=False, devices='0,1,2,3', test_flop=True)
Use GPU: cuda:0
>>>>>>>start training : Exchange_96_720_DLinear_custom_ftM_sl96_ll48_pl720_dm512_nh8_el2_dl1_df2048_fc1_ebtimeF_dtTrue_Exp_0>>>>>>>>>>>>>>>>>>>>>>>>>>
train 11379
val 1023
test 2765
	iters: 100, epoch: 1 | loss: 0.3512251
	speed: 0.0241s/iter; left time: 339.6810s
	iters: 200, epoch: 1 | loss: 0.6451320
	speed: 0.0034s/iter; left time: 48.3535s
	iters: 300, epoch: 1 | loss: 0.4310825
	speed: 0.0035s/iter; left time: 48.1509s
	iters: 400, epoch: 1 | loss: 1.2516772
	speed: 0.0035s/iter; left time: 48.2473s
	iters: 500, epoch: 1 | loss: 0.3964811
	speed: 0.0034s/iter; left time: 47.2576s
	iters: 600, epoch: 1 | loss: 0.2357410
	speed: 0.0032s/iter; left time: 44.2312s
	iters: 700, epoch: 1 | loss: 1.2724688
	speed: 0.0031s/iter; left time: 42.2727s
	iters: 800, epoch: 1 | loss: 0.7830940
	speed: 0.0032s/iter; left time: 43.5317s
	iters: 900, epoch: 1 | loss: 0.7546404
	speed: 0.0033s/iter; left time: 43.3396s
	iters: 1000, epoch: 1 | loss: 0.4451732
	speed: 0.0033s/iter; left time: 43.9485s
	iters: 1100, epoch: 1 | loss: 0.3454790
	speed: 0.0031s/iter; left time: 41.2970s
	iters: 1200, epoch: 1 | loss: 0.5522033
	speed: 0.0032s/iter; left time: 41.8094s
	iters: 1300, epoch: 1 | loss: 0.2848000
	speed: 0.0031s/iter; left time: 40.4688s
	iters: 1400, epoch: 1 | loss: 0.9740465
	speed: 0.0031s/iter; left time: 39.4649s
Epoch: 1 cost time: 6.769829273223877
Epoch: 1, Steps: 1422 | Train Loss: 0.6168505 Vali Loss: 0.4206993 Test Loss: 0.2921591
Validation loss decreased (inf --> 0.420699).  Saving model ...
Updating learning rate to 0.0005
	iters: 100, epoch: 2 | loss: 0.3926499
	speed: 0.0556s/iter; left time: 706.4040s
	iters: 200, epoch: 2 | loss: 0.6593970
	speed: 0.0031s/iter; left time: 39.0802s
	iters: 300, epoch: 2 | loss: 0.6146190
	speed: 0.0031s/iter; left time: 39.2336s
	iters: 400, epoch: 2 | loss: 0.4826992
	speed: 0.0031s/iter; left time: 38.2413s
	iters: 500, epoch: 2 | loss: 0.2461709
	speed: 0.0031s/iter; left time: 38.0770s
	iters: 600, epoch: 2 | loss: 0.6249084
	speed: 0.0031s/iter; left time: 38.2480s
	iters: 700, epoch: 2 | loss: 0.9138942
	speed: 0.0031s/iter; left time: 37.3484s
	iters: 800, epoch: 2 | loss: 0.3713235
	speed: 0.0031s/iter; left time: 37.0527s
	iters: 900, epoch: 2 | loss: 0.7348361
	speed: 0.0032s/iter; left time: 37.5331s
	iters: 1000, epoch: 2 | loss: 0.5030000
	speed: 0.0031s/iter; left time: 36.4939s
	iters: 1100, epoch: 2 | loss: 0.8924993
	speed: 0.0031s/iter; left time: 35.9076s
	iters: 1200, epoch: 2 | loss: 0.3484995
	speed: 0.0032s/iter; left time: 36.6580s
	iters: 1300, epoch: 2 | loss: 0.3507323
	speed: 0.0031s/iter; left time: 36.0048s
	iters: 1400, epoch: 2 | loss: 0.8008125
	speed: 0.0031s/iter; left time: 35.2873s
Epoch: 2 cost time: 5.896753549575806
Epoch: 2, Steps: 1422 | Train Loss: 0.6006459 Vali Loss: 0.4293409 Test Loss: 0.2942739
EarlyStopping counter: 1 out of 3
Updating learning rate to 0.00025
	iters: 100, epoch: 3 | loss: 0.3294533
	speed: 0.0581s/iter; left time: 654.8827s
	iters: 200, epoch: 3 | loss: 0.3991837
	speed: 0.0032s/iter; left time: 35.5278s
	iters: 300, epoch: 3 | loss: 0.3972245
	speed: 0.0032s/iter; left time: 35.5096s
	iters: 400, epoch: 3 | loss: 0.7393821
	speed: 0.0031s/iter; left time: 34.2063s
	iters: 500, epoch: 3 | loss: 0.4644567
	speed: 0.0031s/iter; left time: 33.8482s
	iters: 600, epoch: 3 | loss: 0.3388350
	speed: 0.0032s/iter; left time: 34.2682s
	iters: 700, epoch: 3 | loss: 0.4193589
	speed: 0.0031s/iter; left time: 33.3080s
	iters: 800, epoch: 3 | loss: 0.2428644
	speed: 0.0032s/iter; left time: 34.3083s
	iters: 900, epoch: 3 | loss: 0.2507998
	speed: 0.0032s/iter; left time: 33.7622s
	iters: 1000, epoch: 3 | loss: 0.3558118
	speed: 0.0031s/iter; left time: 32.4005s
	iters: 1100, epoch: 3 | loss: 0.6303108
	speed: 0.0031s/iter; left time: 32.0960s
	iters: 1200, epoch: 3 | loss: 0.7325476
	speed: 0.0032s/iter; left time: 32.5242s
	iters: 1300, epoch: 3 | loss: 0.3069774
	speed: 0.0031s/iter; left time: 31.4848s
	iters: 1400, epoch: 3 | loss: 0.4139712
	speed: 0.0031s/iter; left time: 31.3641s
Epoch: 3 cost time: 5.87856912612915
Epoch: 3, Steps: 1422 | Train Loss: 0.5971264 Vali Loss: 0.4294333 Test Loss: 0.2928116
EarlyStopping counter: 2 out of 3
Updating learning rate to 0.000125
	iters: 100, epoch: 4 | loss: 0.7452723
	speed: 0.0568s/iter; left time: 559.5248s
	iters: 200, epoch: 4 | loss: 0.3484666
	speed: 0.0030s/iter; left time: 29.6915s
	iters: 300, epoch: 4 | loss: 0.7168835
	speed: 0.0030s/iter; left time: 29.3368s
	iters: 400, epoch: 4 | loss: 0.4326685
	speed: 0.0031s/iter; left time: 29.3988s
	iters: 500, epoch: 4 | loss: 0.3165187
	speed: 0.0031s/iter; left time: 28.8864s
	iters: 600, epoch: 4 | loss: 0.8527880
	speed: 0.0030s/iter; left time: 28.2899s
	iters: 700, epoch: 4 | loss: 0.7396544
	speed: 0.0031s/iter; left time: 28.6335s
	iters: 800, epoch: 4 | loss: 1.2632835
	speed: 0.0031s/iter; left time: 28.0639s
	iters: 900, epoch: 4 | loss: 0.3379873
	speed: 0.0031s/iter; left time: 27.9320s
	iters: 1000, epoch: 4 | loss: 0.8475925
	speed: 0.0030s/iter; left time: 27.1011s
	iters: 1100, epoch: 4 | loss: 0.6031795
	speed: 0.0029s/iter; left time: 25.8049s
	iters: 1200, epoch: 4 | loss: 0.2940902
	speed: 0.0029s/iter; left time: 25.7224s
	iters: 1300, epoch: 4 | loss: 0.4772880
	speed: 0.0030s/iter; left time: 25.8005s
	iters: 1400, epoch: 4 | loss: 1.1390634
	speed: 0.0030s/iter; left time: 25.9546s
Epoch: 4 cost time: 5.628598928451538
Epoch: 4, Steps: 1422 | Train Loss: 0.5951987 Vali Loss: 0.4733412 Test Loss: 0.3135598
EarlyStopping counter: 3 out of 3
Early stopping
>>>>>>>testing : Exchange_96_720_DLinear_custom_ftM_sl96_ll48_pl720_dm512_nh8_el2_dl1_df2048_fc1_ebtimeF_dtTrue_Exp_0<<<<<<<<<<<<<<<<<<<<<<<<<<<<<<<<<
test 2765
mse:0.2921590805053711, mae:0.39140117168426514
INFO: Trainable parameter count: 0.07M
INFO: Trainable parameter count: 0.07M
INFO: Trainable parameter count: 0.14M
INFO: Trainable parameter count: 0.14M
Model(
  139.68 k, 100.000% Params, 969.96 KMac, 100.000% MACs, 
  (decompsition): series_decomp(
    0, 0.000% Params, 840.0 Mac, 0.087% MACs, 
    (moving_avg): moving_avg(
      0, 0.000% Params, 840.0 Mac, 0.087% MACs, 
      (avg): AvgPool1d(0, 0.000% Params, 840.0 Mac, 0.087% MACs, kernel_size=(25,), stride=(1,), padding=(0,))
    )
  )
  (Linear_Seasonal): Linear(69.84 k, 50.000% Params, 484.56 KMac, 49.957% MACs, in_features=96, out_features=720, bias=True)
  (Linear_Trend): Linear(69.84 k, 50.000% Params, 484.56 KMac, 49.957% MACs, in_features=96, out_features=720, bias=True)
)
Computational complexity:       969.96 KMac
Number of parameters:           139.68 k
