Args in experiment:
Namespace(is_training=1, model_id='Exchange_96_192', model='DLinear', data='custom', root_path='./dataset/', data_path='ETTh1.csv', features='M', target='OT', freq='h', checkpoints='./checkpoints/', seq_len=96, label_len=48, pred_len=192, individual=False, embed_type=0, enc_in=8, dec_in=7, c_out=7, d_model=512, n_heads=8, e_layers=2, d_layers=1, d_ff=2048, moving_avg=25, factor=1, distil=True, dropout=0.05, embed='timeF', activation='gelu', output_attention=False, do_predict=False, num_workers=10, itr=1, train_epochs=10, batch_size=8, patience=3, learning_rate=0.0005, des='Exp', loss='mse', lradj='type1', use_amp=False, use_gpu=True, gpu=0, use_multi_gpu=False, devices='0,1,2,3', test_flop=True)
Use GPU: cuda:0
>>>>>>>start training : Exchange_96_192_DLinear_custom_ftM_sl96_ll48_pl192_dm512_nh8_el2_dl1_df2048_fc1_ebtimeF_dtTrue_Exp_0>>>>>>>>>>>>>>>>>>>>>>>>>>
train 11907
val 1551
test 3293
	iters: 100, epoch: 1 | loss: 0.4169955
	speed: 0.0246s/iter; left time: 363.5735s
	iters: 200, epoch: 1 | loss: 0.5671591
	speed: 0.0036s/iter; left time: 52.4546s
	iters: 300, epoch: 1 | loss: 0.6327077
	speed: 0.0034s/iter; left time: 48.9150s
	iters: 400, epoch: 1 | loss: 0.5094881
	speed: 0.0033s/iter; left time: 47.5719s
	iters: 500, epoch: 1 | loss: 0.6098823
	speed: 0.0034s/iter; left time: 49.5187s
	iters: 600, epoch: 1 | loss: 0.5574852
	speed: 0.0030s/iter; left time: 43.1679s
	iters: 700, epoch: 1 | loss: 0.4702858
	speed: 0.0033s/iter; left time: 46.1090s
	iters: 800, epoch: 1 | loss: 0.2969279
	speed: 0.0035s/iter; left time: 48.8304s
	iters: 900, epoch: 1 | loss: 0.3496035
	speed: 0.0035s/iter; left time: 48.9147s
	iters: 1000, epoch: 1 | loss: 0.3919243
	speed: 0.0034s/iter; left time: 46.9995s
	iters: 1100, epoch: 1 | loss: 0.3878435
	speed: 0.0034s/iter; left time: 47.1707s
	iters: 1200, epoch: 1 | loss: 0.4808948
	speed: 0.0033s/iter; left time: 45.3815s
	iters: 1300, epoch: 1 | loss: 0.6428047
	speed: 0.0034s/iter; left time: 45.5090s
	iters: 1400, epoch: 1 | loss: 0.4974585
	speed: 0.0035s/iter; left time: 47.8566s
Epoch: 1 cost time: 7.182125091552734
Epoch: 1, Steps: 1488 | Train Loss: 0.4789838 Vali Loss: 0.4199605 Test Loss: 0.4963443
Validation loss decreased (inf --> 0.419960).  Saving model ...
Updating learning rate to 0.0005
	iters: 100, epoch: 2 | loss: 0.2983304
	speed: 0.0596s/iter; left time: 792.7314s
	iters: 200, epoch: 2 | loss: 0.4210705
	speed: 0.0031s/iter; left time: 40.7626s
	iters: 300, epoch: 2 | loss: 0.6545038
	speed: 0.0031s/iter; left time: 40.5368s
	iters: 400, epoch: 2 | loss: 0.3902181
	speed: 0.0034s/iter; left time: 44.3037s
	iters: 500, epoch: 2 | loss: 0.3150392
	speed: 0.0033s/iter; left time: 42.0182s
	iters: 600, epoch: 2 | loss: 0.4149521
	speed: 0.0030s/iter; left time: 38.6703s
	iters: 700, epoch: 2 | loss: 0.5471567
	speed: 0.0036s/iter; left time: 45.5038s
	iters: 800, epoch: 2 | loss: 0.3997526
	speed: 0.0032s/iter; left time: 40.6739s
	iters: 900, epoch: 2 | loss: 0.4186354
	speed: 0.0035s/iter; left time: 43.3999s
	iters: 1000, epoch: 2 | loss: 0.6029214
	speed: 0.0031s/iter; left time: 39.0119s
	iters: 1100, epoch: 2 | loss: 0.4399020
	speed: 0.0033s/iter; left time: 40.4324s
	iters: 1200, epoch: 2 | loss: 0.5836080
	speed: 0.0033s/iter; left time: 40.4213s
	iters: 1300, epoch: 2 | loss: 0.3358760
	speed: 0.0032s/iter; left time: 39.0065s
	iters: 1400, epoch: 2 | loss: 0.3502661
	speed: 0.0033s/iter; left time: 39.5181s
Epoch: 2 cost time: 6.181550025939941
Epoch: 2, Steps: 1488 | Train Loss: 0.4516966 Vali Loss: 0.4177798 Test Loss: 0.4941451
Validation loss decreased (0.419960 --> 0.417780).  Saving model ...
Updating learning rate to 0.00025
	iters: 100, epoch: 3 | loss: 0.3909602
	speed: 0.0583s/iter; left time: 688.2367s
	iters: 200, epoch: 3 | loss: 0.4539731
	speed: 0.0031s/iter; left time: 36.7717s
	iters: 300, epoch: 3 | loss: 0.3444329
	speed: 0.0030s/iter; left time: 34.8753s
	iters: 400, epoch: 3 | loss: 0.5056782
	speed: 0.0031s/iter; left time: 35.3728s
	iters: 500, epoch: 3 | loss: 0.3355148
	speed: 0.0031s/iter; left time: 34.8216s
	iters: 600, epoch: 3 | loss: 0.5493870
	speed: 0.0034s/iter; left time: 38.6164s
	iters: 700, epoch: 3 | loss: 0.2856031
	speed: 0.0037s/iter; left time: 40.9651s
	iters: 800, epoch: 3 | loss: 0.3580866
	speed: 0.0033s/iter; left time: 36.8211s
	iters: 900, epoch: 3 | loss: 0.4629973
	speed: 0.0033s/iter; left time: 36.6491s
	iters: 1000, epoch: 3 | loss: 0.3280036
	speed: 0.0032s/iter; left time: 35.3793s
	iters: 1100, epoch: 3 | loss: 0.7252269
	speed: 0.0035s/iter; left time: 38.2872s
	iters: 1200, epoch: 3 | loss: 0.3388868
	speed: 0.0034s/iter; left time: 36.4545s
	iters: 1300, epoch: 3 | loss: 0.4368920
	speed: 0.0034s/iter; left time: 35.9717s
	iters: 1400, epoch: 3 | loss: 0.3408709
	speed: 0.0035s/iter; left time: 36.7270s
Epoch: 3 cost time: 6.245967864990234
Epoch: 3, Steps: 1488 | Train Loss: 0.4476002 Vali Loss: 0.4030362 Test Loss: 0.4865687
Validation loss decreased (0.417780 --> 0.403036).  Saving model ...
Updating learning rate to 0.000125
	iters: 100, epoch: 4 | loss: 0.3018294
	speed: 0.0646s/iter; left time: 666.9277s
	iters: 200, epoch: 4 | loss: 0.3427353
	speed: 0.0041s/iter; left time: 41.9051s
	iters: 300, epoch: 4 | loss: 0.6188370
	speed: 0.0039s/iter; left time: 39.8519s
	iters: 400, epoch: 4 | loss: 0.5877165
	speed: 0.0038s/iter; left time: 38.0965s
	iters: 500, epoch: 4 | loss: 0.5416948
	speed: 0.0037s/iter; left time: 36.5520s
	iters: 600, epoch: 4 | loss: 0.2875438
	speed: 0.0037s/iter; left time: 36.7297s
	iters: 700, epoch: 4 | loss: 0.3507811
	speed: 0.0034s/iter; left time: 32.9836s
	iters: 800, epoch: 4 | loss: 0.3666490
	speed: 0.0036s/iter; left time: 34.5519s
	iters: 900, epoch: 4 | loss: 0.4927635
	speed: 0.0035s/iter; left time: 33.5813s
	iters: 1000, epoch: 4 | loss: 0.6007017
	speed: 0.0033s/iter; left time: 31.5254s
	iters: 1100, epoch: 4 | loss: 0.3989415
	speed: 0.0033s/iter; left time: 30.3689s
	iters: 1200, epoch: 4 | loss: 0.3855639
	speed: 0.0034s/iter; left time: 31.4628s
	iters: 1300, epoch: 4 | loss: 0.4728599
	speed: 0.0034s/iter; left time: 30.7928s
	iters: 1400, epoch: 4 | loss: 0.3262557
	speed: 0.0031s/iter; left time: 28.3550s
Epoch: 4 cost time: 6.794968366622925
Epoch: 4, Steps: 1488 | Train Loss: 0.4457756 Vali Loss: 0.4092679 Test Loss: 0.4856334
EarlyStopping counter: 1 out of 3
Updating learning rate to 6.25e-05
	iters: 100, epoch: 5 | loss: 0.4757815
	speed: 0.0629s/iter; left time: 555.3150s
	iters: 200, epoch: 5 | loss: 0.5675073
	speed: 0.0031s/iter; left time: 27.0334s
	iters: 300, epoch: 5 | loss: 0.2763556
	speed: 0.0033s/iter; left time: 28.8691s
	iters: 400, epoch: 5 | loss: 0.3330201
	speed: 0.0034s/iter; left time: 29.0018s
	iters: 500, epoch: 5 | loss: 0.6193960
	speed: 0.0031s/iter; left time: 25.9329s
	iters: 600, epoch: 5 | loss: 0.3958218
	speed: 0.0032s/iter; left time: 26.3924s
	iters: 700, epoch: 5 | loss: 0.4807632
	speed: 0.0032s/iter; left time: 26.2834s
	iters: 800, epoch: 5 | loss: 0.3733007
	speed: 0.0032s/iter; left time: 26.2623s
	iters: 900, epoch: 5 | loss: 0.6648139
	speed: 0.0036s/iter; left time: 29.2844s
	iters: 1000, epoch: 5 | loss: 0.4322266
	speed: 0.0041s/iter; left time: 32.4525s
	iters: 1100, epoch: 5 | loss: 0.4449821
	speed: 0.0045s/iter; left time: 34.9944s
	iters: 1200, epoch: 5 | loss: 0.5413166
	speed: 0.0044s/iter; left time: 33.8942s
	iters: 1300, epoch: 5 | loss: 0.4615240
	speed: 0.0036s/iter; left time: 27.4790s
	iters: 1400, epoch: 5 | loss: 0.3802618
	speed: 0.0034s/iter; left time: 25.4927s
Epoch: 5 cost time: 6.829946756362915
Epoch: 5, Steps: 1488 | Train Loss: 0.4447349 Vali Loss: 0.4060189 Test Loss: 0.4852203
EarlyStopping counter: 2 out of 3
Updating learning rate to 3.125e-05
	iters: 100, epoch: 6 | loss: 0.2991748
	speed: 0.0682s/iter; left time: 500.3657s
	iters: 200, epoch: 6 | loss: 0.5042639
	speed: 0.0036s/iter; left time: 26.3591s
	iters: 300, epoch: 6 | loss: 0.4961404
	speed: 0.0034s/iter; left time: 24.4412s
	iters: 400, epoch: 6 | loss: 0.5241676
	speed: 0.0033s/iter; left time: 23.4531s
	iters: 500, epoch: 6 | loss: 0.4756593
	speed: 0.0033s/iter; left time: 23.0559s
	iters: 600, epoch: 6 | loss: 0.8872467
	speed: 0.0033s/iter; left time: 22.2364s
	iters: 700, epoch: 6 | loss: 0.4213611
	speed: 0.0032s/iter; left time: 21.8064s
	iters: 800, epoch: 6 | loss: 0.5888661
	speed: 0.0033s/iter; left time: 22.2061s
	iters: 900, epoch: 6 | loss: 0.4673927
	speed: 0.0034s/iter; left time: 21.9459s
	iters: 1000, epoch: 6 | loss: 0.6811247
	speed: 0.0033s/iter; left time: 21.0887s
	iters: 1100, epoch: 6 | loss: 0.4249797
	speed: 0.0034s/iter; left time: 21.5121s
	iters: 1200, epoch: 6 | loss: 0.4535729
	speed: 0.0031s/iter; left time: 19.4002s
	iters: 1300, epoch: 6 | loss: 0.3359612
	speed: 0.0032s/iter; left time: 19.4886s
	iters: 1400, epoch: 6 | loss: 0.2938353
	speed: 0.0030s/iter; left time: 18.2810s
Epoch: 6 cost time: 6.387328147888184
Epoch: 6, Steps: 1488 | Train Loss: 0.4442887 Vali Loss: 0.4054101 Test Loss: 0.4847690
EarlyStopping counter: 3 out of 3
Early stopping
>>>>>>>testing : Exchange_96_192_DLinear_custom_ftM_sl96_ll48_pl192_dm512_nh8_el2_dl1_df2048_fc1_ebtimeF_dtTrue_Exp_0<<<<<<<<<<<<<<<<<<<<<<<<<<<<<<<<<
test 3293
mse:0.4865688383579254, mae:0.48083817958831787
INFO: Trainable parameter count: 0.02M
INFO: Trainable parameter count: 0.02M
INFO: Trainable parameter count: 0.04M
INFO: Trainable parameter count: 0.04M
Model(
  37.25 k, 100.000% Params, 259.27 KMac, 100.000% MACs, 
  (decompsition): series_decomp(
    0, 0.000% Params, 840.0 Mac, 0.324% MACs, 
    (moving_avg): moving_avg(
      0, 0.000% Params, 840.0 Mac, 0.324% MACs, 
      (avg): AvgPool1d(0, 0.000% Params, 840.0 Mac, 0.324% MACs, kernel_size=(25,), stride=(1,), padding=(0,))
    )
  )
  (Linear_Seasonal): Linear(18.62 k, 50.000% Params, 129.22 KMac, 49.838% MACs, in_features=96, out_features=192, bias=True)
  (Linear_Trend): Linear(18.62 k, 50.000% Params, 129.22 KMac, 49.838% MACs, in_features=96, out_features=192, bias=True)
)
Computational complexity:       259.27 KMac
Number of parameters:           37.25 k 
