Args in experiment:
Namespace(is_training=1, model_id='ETTh2_96_336', model='Informer', data='ETTh2', root_path='./dataset/', data_path='ETTh2.csv', features='M', target='OT', freq='h', checkpoints='./checkpoints/', seq_len=96, label_len=48, pred_len=336, individual=False, embed_type=0, enc_in=7, dec_in=7, c_out=7, d_model=512, n_heads=8, e_layers=2, d_layers=1, d_ff=2048, moving_avg=25, factor=3, distil=True, dropout=0.05, embed='timeF', activation='gelu', output_attention=False, do_predict=False, num_workers=10, itr=1, train_epochs=10, batch_size=32, patience=3, learning_rate=0.0001, des='Exp', loss='mse', lradj='type1', use_amp=False, use_gpu=True, gpu=3, use_multi_gpu=False, devices='0,1,2,3', test_flop=True)
Use GPU: cuda:3
>>>>>>>start training : ETTh2_96_336_Informer_ETTh2_ftM_sl96_ll48_pl336_dm512_nh8_el2_dl1_df2048_fc3_ebtimeF_dtTrue_Exp_0>>>>>>>>>>>>>>>>>>>>>>>>>>
train 8209
val 2545
test 2545
	iters: 100, epoch: 1 | loss: 0.5914364
	speed: 0.0957s/iter; left time: 235.5901s
	iters: 200, epoch: 1 | loss: 0.4317929
	speed: 0.0552s/iter; left time: 130.2596s
Epoch: 1 cost time: 18.147391080856323
Epoch: 1, Steps: 256 | Train Loss: 0.4321599 Vali Loss: 1.4160116 Test Loss: 5.3856730
Validation loss decreased (inf --> 1.416012).  Saving model ...
Updating learning rate to 0.0001
	iters: 100, epoch: 2 | loss: 0.3184421
	speed: 0.1615s/iter; left time: 356.0569s
	iters: 200, epoch: 2 | loss: 0.2277438
	speed: 0.0542s/iter; left time: 114.1282s
Epoch: 2 cost time: 15.342421293258667
Epoch: 2, Steps: 256 | Train Loss: 0.3085256 Vali Loss: 1.1323664 Test Loss: 5.2522116
Validation loss decreased (1.416012 --> 1.132366).  Saving model ...
Updating learning rate to 5e-05
	iters: 100, epoch: 3 | loss: 0.2690433
	speed: 0.1632s/iter; left time: 318.0840s
	iters: 200, epoch: 3 | loss: 0.2825474
	speed: 0.0558s/iter; left time: 103.1553s
Epoch: 3 cost time: 15.465519189834595
Epoch: 3, Steps: 256 | Train Loss: 0.2545428 Vali Loss: 1.1900311 Test Loss: 5.5686574
EarlyStopping counter: 1 out of 3
Updating learning rate to 2.5e-05
	iters: 100, epoch: 4 | loss: 0.2048869
	speed: 0.1558s/iter; left time: 263.7139s
	iters: 200, epoch: 4 | loss: 0.2877169
	speed: 0.0552s/iter; left time: 87.9495s
Epoch: 4 cost time: 15.252965927124023
Epoch: 4, Steps: 256 | Train Loss: 0.2342559 Vali Loss: 1.2343304 Test Loss: 5.6860442
EarlyStopping counter: 2 out of 3
Updating learning rate to 1.25e-05
	iters: 100, epoch: 5 | loss: 0.2292156
	speed: 0.1644s/iter; left time: 236.2873s
	iters: 200, epoch: 5 | loss: 0.2307035
	speed: 0.0558s/iter; left time: 74.5483s
Epoch: 5 cost time: 15.752065896987915
Epoch: 5, Steps: 256 | Train Loss: 0.2259801 Vali Loss: 1.2108293 Test Loss: 5.6168761
EarlyStopping counter: 3 out of 3
Early stopping
>>>>>>>testing : ETTh2_96_336_Informer_ETTh2_ftM_sl96_ll48_pl336_dm512_nh8_el2_dl1_df2048_fc3_ebtimeF_dtTrue_Exp_0<<<<<<<<<<<<<<<<<<<<<<<<<<<<<<<<<
test 2545
mse:5.25226354598999, mae:1.9536110162734985
INFO: Trainable parameter count: 0.01M
INFO: Trainable parameter count: 0.01M
INFO: Trainable parameter count: 0.02M
INFO: Trainable parameter count: 0.03M
INFO: Trainable parameter count: 0.29M
INFO: Trainable parameter count: 0.29M
INFO: Trainable parameter count: 0.55M
INFO: Trainable parameter count: 0.55M
INFO: Trainable parameter count: 0.81M
INFO: Trainable parameter count: 0.81M
INFO: Trainable parameter count: 1.08M
INFO: Trainable parameter count: 1.08M
INFO: Trainable parameter count: 2.12M
INFO: Trainable parameter count: 2.13M
INFO: Trainable parameter count: 3.18M
INFO: Trainable parameter count: 3.18M
INFO: Trainable parameter count: 3.18M
INFO: Trainable parameter count: 3.18M
INFO: Trainable parameter count: 3.18M
INFO: Trainable parameter count: 3.18M
INFO: Trainable parameter count: 3.44M
INFO: Trainable parameter count: 3.44M
INFO: Trainable parameter count: 3.70M
INFO: Trainable parameter count: 3.70M
INFO: Trainable parameter count: 3.97M
INFO: Trainable parameter count: 3.97M
INFO: Trainable parameter count: 4.23M
INFO: Trainable parameter count: 4.23M
INFO: Trainable parameter count: 5.28M
INFO: Trainable parameter count: 5.28M
INFO: Trainable parameter count: 6.33M
INFO: Trainable parameter count: 6.33M
INFO: Trainable parameter count: 6.33M
INFO: Trainable parameter count: 6.33M
INFO: Trainable parameter count: 6.33M
INFO: Trainable parameter count: 6.33M
INFO: Trainable parameter count: 7.12M
INFO: Trainable parameter count: 7.12M
INFO: Trainable parameter count: 7.12M
INFO: Trainable parameter count: 7.12M
INFO: Trainable parameter count: 7.12M
INFO: Trainable parameter count: 7.12M
INFO: Trainable parameter count: 7.38M
INFO: Trainable parameter count: 7.38M
INFO: Trainable parameter count: 7.64M
INFO: Trainable parameter count: 7.64M
INFO: Trainable parameter count: 7.91M
INFO: Trainable parameter count: 7.91M
INFO: Trainable parameter count: 8.17M
INFO: Trainable parameter count: 8.17M
INFO: Trainable parameter count: 8.43M
INFO: Trainable parameter count: 8.43M
INFO: Trainable parameter count: 8.69M
INFO: Trainable parameter count: 8.70M
INFO: Trainable parameter count: 8.96M
INFO: Trainable parameter count: 8.96M
INFO: Trainable parameter count: 9.22M
INFO: Trainable parameter count: 9.22M
INFO: Trainable parameter count: 10.27M
INFO: Trainable parameter count: 10.27M
INFO: Trainable parameter count: 11.32M
INFO: Trainable parameter count: 11.32M
INFO: Trainable parameter count: 11.32M
INFO: Trainable parameter count: 11.32M
INFO: Trainable parameter count: 11.32M
INFO: Trainable parameter count: 11.32M
INFO: Trainable parameter count: 11.32M
INFO: Trainable parameter count: 11.32M
INFO: Trainable parameter count: 11.32M
INFO: Trainable parameter count: 11.32M
INFO: Trainable parameter count: 11.33M
INFO: Trainable parameter count: 11.33M
Model(
  11.32 M, 99.919% Params, 1.98 GMac, 100.000% MACs, 
  (enc_embedding): DataEmbedding(
    12.8 k, 0.113% Params, 1.23 MMac, 0.062% MACs, 
    (value_embedding): TokenEmbedding(
      10.75 k, 0.095% Params, 1.03 MMac, 0.052% MACs, 
      (tokenConv): Conv1d(10.75 k, 0.095% Params, 1.03 MMac, 0.052% MACs, 7, 512, kernel_size=(3,), stride=(1,), padding=(1,), bias=False, padding_mode=circular)
    )
    (position_embedding): PositionalEmbedding(0, 0.000% Params, 0.0 Mac, 0.000% MACs, )
    (temporal_embedding): TimeFeatureEmbedding(
      2.05 k, 0.018% Params, 196.61 KMac, 0.010% MACs, 
      (embed): Linear(2.05 k, 0.018% Params, 196.61 KMac, 0.010% MACs, in_features=4, out_features=512, bias=False)
    )
    (dropout): Dropout(0, 0.000% Params, 0.0 Mac, 0.000% MACs, p=0.05, inplace=False)
  )
  (dec_embedding): DataEmbedding(
    12.8 k, 0.113% Params, 4.92 MMac, 0.249% MACs, 
    (value_embedding): TokenEmbedding(
      10.75 k, 0.095% Params, 4.13 MMac, 0.209% MACs, 
      (tokenConv): Conv1d(10.75 k, 0.095% Params, 4.13 MMac, 0.209% MACs, 7, 512, kernel_size=(3,), stride=(1,), padding=(1,), bias=False, padding_mode=circular)
    )
    (position_embedding): PositionalEmbedding(0, 0.000% Params, 0.0 Mac, 0.000% MACs, )
    (temporal_embedding): TimeFeatureEmbedding(
      2.05 k, 0.018% Params, 786.43 KMac, 0.040% MACs, 
      (embed): Linear(2.05 k, 0.018% Params, 786.43 KMac, 0.040% MACs, in_features=4, out_features=512, bias=False)
    )
    (dropout): Dropout(0, 0.000% Params, 0.0 Mac, 0.000% MACs, p=0.05, inplace=False)
  )
  (encoder): Encoder(
    7.09 M, 62.576% Params, 533.83 MMac, 26.998% MACs, 
    (attn_layers): ModuleList(
      6.3 M, 55.620% Params, 456.51 MMac, 23.087% MACs, 
      (0): EncoderLayer(
        3.15 M, 27.810% Params, 302.24 MMac, 15.285% MACs, 
        (attention): AttentionLayer(
          1.05 M, 9.275% Params, 100.67 MMac, 5.091% MACs, 
          (inner_attention): ProbAttention(
            0, 0.000% Params, 0.0 Mac, 0.000% MACs, 
            (dropout): Dropout(0, 0.000% Params, 0.0 Mac, 0.000% MACs, p=0.05, inplace=False)
          )
          (query_projection): Linear(262.66 k, 2.319% Params, 25.17 MMac, 1.273% MACs, in_features=512, out_features=512, bias=True)
          (key_projection): Linear(262.66 k, 2.319% Params, 25.17 MMac, 1.273% MACs, in_features=512, out_features=512, bias=True)
          (value_projection): Linear(262.66 k, 2.319% Params, 25.17 MMac, 1.273% MACs, in_features=512, out_features=512, bias=True)
          (out_projection): Linear(262.66 k, 2.319% Params, 25.17 MMac, 1.273% MACs, in_features=512, out_features=512, bias=True)
        )
        (conv1): Conv1d(1.05 M, 9.275% Params, 100.86 MMac, 5.101% MACs, 512, 2048, kernel_size=(1,), stride=(1,))
        (conv2): Conv1d(1.05 M, 9.261% Params, 100.71 MMac, 5.093% MACs, 2048, 512, kernel_size=(1,), stride=(1,))
        (norm1): LayerNorm(0, 0.000% Params, 0.0 Mac, 0.000% MACs, (512,), eps=1e-05, elementwise_affine=True)
        (norm2): LayerNorm(0, 0.000% Params, 0.0 Mac, 0.000% MACs, (512,), eps=1e-05, elementwise_affine=True)
        (dropout): Dropout(0, 0.000% Params, 0.0 Mac, 0.000% MACs, p=0.05, inplace=False)
      )
      (1): EncoderLayer(
        3.15 M, 27.810% Params, 154.27 MMac, 7.802% MACs, 
        (attention): AttentionLayer(
          1.05 M, 9.275% Params, 51.38 MMac, 2.599% MACs, 
          (inner_attention): ProbAttention(
            0, 0.000% Params, 0.0 Mac, 0.000% MACs, 
            (dropout): Dropout(0, 0.000% Params, 0.0 Mac, 0.000% MACs, p=0.05, inplace=False)
          )
          (query_projection): Linear(262.66 k, 2.319% Params, 12.85 MMac, 0.650% MACs, in_features=512, out_features=512, bias=True)
          (key_projection): Linear(262.66 k, 2.319% Params, 12.85 MMac, 0.650% MACs, in_features=512, out_features=512, bias=True)
          (value_projection): Linear(262.66 k, 2.319% Params, 12.85 MMac, 0.650% MACs, in_features=512, out_features=512, bias=True)
          (out_projection): Linear(262.66 k, 2.319% Params, 12.85 MMac, 0.650% MACs, in_features=512, out_features=512, bias=True)
        )
        (conv1): Conv1d(1.05 M, 9.275% Params, 51.48 MMac, 2.604% MACs, 512, 2048, kernel_size=(1,), stride=(1,))
        (conv2): Conv1d(1.05 M, 9.261% Params, 51.41 MMac, 2.600% MACs, 2048, 512, kernel_size=(1,), stride=(1,))
        (norm1): LayerNorm(0, 0.000% Params, 0.0 Mac, 0.000% MACs, (512,), eps=1e-05, elementwise_affine=True)
        (norm2): LayerNorm(0, 0.000% Params, 0.0 Mac, 0.000% MACs, (512,), eps=1e-05, elementwise_affine=True)
        (dropout): Dropout(0, 0.000% Params, 0.0 Mac, 0.000% MACs, p=0.05, inplace=False)
      )
    )
    (conv_layers): ModuleList(
      787.97 k, 6.956% Params, 77.32 MMac, 3.910% MACs, 
      (0): ConvLayer(
        787.97 k, 6.956% Params, 77.32 MMac, 3.910% MACs, 
        (downConv): Conv1d(786.94 k, 6.947% Params, 77.12 MMac, 3.900% MACs, 512, 512, kernel_size=(3,), stride=(1,), padding=(2,), padding_mode=circular)
        (norm): BatchNorm1d(1.02 k, 0.009% Params, 100.35 KMac, 0.005% MACs, 512, eps=1e-05, momentum=0.1, affine=True, track_running_stats=True)
        (activation): ELU(0, 0.000% Params, 50.18 KMac, 0.003% MACs, alpha=1.0)
        (maxPool): MaxPool1d(0, 0.000% Params, 50.18 KMac, 0.003% MACs, kernel_size=3, stride=2, padding=1, dilation=1, ceil_mode=False)
      )
    )
    (norm): LayerNorm(0, 0.000% Params, 0.0 Mac, 0.000% MACs, (512,), eps=1e-05, elementwise_affine=True)
  )
  (decoder): Decoder(
    4.2 M, 37.116% Params, 1.44 GMac, 72.692% MACs, 
    (layers): ModuleList(
      4.2 M, 37.085% Params, 1.44 GMac, 72.622% MACs, 
      (0): DecoderLayer(
        4.2 M, 37.085% Params, 1.44 GMac, 72.622% MACs, 
        (self_attention): AttentionLayer(
          1.05 M, 9.275% Params, 402.66 MMac, 20.364% MACs, 
          (inner_attention): ProbAttention(
            0, 0.000% Params, 0.0 Mac, 0.000% MACs, 
            (dropout): Dropout(0, 0.000% Params, 0.0 Mac, 0.000% MACs, p=0.05, inplace=False)
          )
          (query_projection): Linear(262.66 k, 2.319% Params, 100.66 MMac, 5.091% MACs, in_features=512, out_features=512, bias=True)
          (key_projection): Linear(262.66 k, 2.319% Params, 100.66 MMac, 5.091% MACs, in_features=512, out_features=512, bias=True)
          (value_projection): Linear(262.66 k, 2.319% Params, 100.66 MMac, 5.091% MACs, in_features=512, out_features=512, bias=True)
          (out_projection): Linear(262.66 k, 2.319% Params, 100.66 MMac, 5.091% MACs, in_features=512, out_features=512, bias=True)
        )
        (cross_attention): AttentionLayer(
          1.05 M, 9.275% Params, 227.02 MMac, 11.481% MACs, 
          (inner_attention): ProbAttention(
            0, 0.000% Params, 0.0 Mac, 0.000% MACs, 
            (dropout): Dropout(0, 0.000% Params, 0.0 Mac, 0.000% MACs, p=0.05, inplace=False)
          )
          (query_projection): Linear(262.66 k, 2.319% Params, 100.66 MMac, 5.091% MACs, in_features=512, out_features=512, bias=True)
          (key_projection): Linear(262.66 k, 2.319% Params, 12.85 MMac, 0.650% MACs, in_features=512, out_features=512, bias=True)
          (value_projection): Linear(262.66 k, 2.319% Params, 12.85 MMac, 0.650% MACs, in_features=512, out_features=512, bias=True)
          (out_projection): Linear(262.66 k, 2.319% Params, 100.66 MMac, 5.091% MACs, in_features=512, out_features=512, bias=True)
        )
        (conv1): Conv1d(1.05 M, 9.275% Params, 403.44 MMac, 20.403% MACs, 512, 2048, kernel_size=(1,), stride=(1,))
        (conv2): Conv1d(1.05 M, 9.261% Params, 402.85 MMac, 20.374% MACs, 2048, 512, kernel_size=(1,), stride=(1,))
        (norm1): LayerNorm(0, 0.000% Params, 0.0 Mac, 0.000% MACs, (512,), eps=1e-05, elementwise_affine=True)
        (norm2): LayerNorm(0, 0.000% Params, 0.0 Mac, 0.000% MACs, (512,), eps=1e-05, elementwise_affine=True)
        (norm3): LayerNorm(0, 0.000% Params, 0.0 Mac, 0.000% MACs, (512,), eps=1e-05, elementwise_affine=True)
        (dropout): Dropout(0, 0.000% Params, 0.0 Mac, 0.000% MACs, p=0.05, inplace=False)
      )
    )
    (norm): LayerNorm(0, 0.000% Params, 0.0 Mac, 0.000% MACs, (512,), eps=1e-05, elementwise_affine=True)
    (projection): Linear(3.59 k, 0.032% Params, 1.38 MMac, 0.070% MACs, in_features=512, out_features=7, bias=True)
  )
)
Computational complexity:       1.98 GMac
Number of parameters:           11.33 M 
