Args in experiment:
Namespace(is_training=1, model_id='traffic_96_192', model='Informer', data='custom', root_path='./dataset/', data_path='traffic.csv', features='M', target='OT', freq='h', checkpoints='./checkpoints/', seq_len=96, label_len=48, pred_len=192, individual=False, embed_type=0, enc_in=862, dec_in=862, c_out=862, d_model=512, n_heads=8, e_layers=2, d_layers=1, d_ff=2048, moving_avg=25, factor=3, distil=True, dropout=0.05, embed='timeF', activation='gelu', output_attention=False, do_predict=False, num_workers=10, itr=1, train_epochs=3, batch_size=32, patience=3, learning_rate=0.0001, des='Exp', loss='mse', lradj='type1', use_amp=False, use_gpu=True, gpu=8, use_multi_gpu=False, devices='0,1,2,3', test_flop=True)
Use GPU: cuda:8
>>>>>>>start training : traffic_96_192_Informer_custom_ftM_sl96_ll48_pl192_dm512_nh8_el2_dl1_df2048_fc3_ebtimeF_dtTrue_Exp_0>>>>>>>>>>>>>>>>>>>>>>>>>>
train 11993
val 1565
test 3317
	iters: 100, epoch: 1 | loss: 0.8692067
	speed: 0.1150s/iter; left time: 117.6160s
	iters: 200, epoch: 1 | loss: 0.8122876
	speed: 0.0795s/iter; left time: 73.4224s
	iters: 300, epoch: 1 | loss: 0.7645879
	speed: 0.0790s/iter; left time: 64.9877s
Epoch: 1 cost time: 32.939027309417725
Epoch: 1, Steps: 374 | Train Loss: 0.8403563 Vali Loss: 1.0725168 Test Loss: 1.2456572
Validation loss decreased (inf --> 1.072517).  Saving model ...
Updating learning rate to 0.0001
	iters: 100, epoch: 2 | loss: 0.5400776
	speed: 0.2762s/iter; left time: 179.2278s
	iters: 200, epoch: 2 | loss: 0.4644896
	speed: 0.0812s/iter; left time: 44.5679s
	iters: 300, epoch: 2 | loss: 0.3987121
	speed: 0.0817s/iter; left time: 36.7010s
Epoch: 2 cost time: 32.277734994888306
Epoch: 2, Steps: 374 | Train Loss: 0.4934175 Vali Loss: 0.7131062 Test Loss: 0.8613485
Validation loss decreased (1.072517 --> 0.713106).  Saving model ...
Updating learning rate to 5e-05
	iters: 100, epoch: 3 | loss: 0.3314500
	speed: 0.2998s/iter; left time: 82.4344s
	iters: 200, epoch: 3 | loss: 0.3097886
	speed: 0.0821s/iter; left time: 14.3741s
	iters: 300, epoch: 3 | loss: 0.3094463
	speed: 0.0817s/iter; left time: 6.1306s
Epoch: 3 cost time: 32.45881772041321
Epoch: 3, Steps: 374 | Train Loss: 0.3162862 Vali Loss: 0.6610075 Test Loss: 0.7962402
Validation loss decreased (0.713106 --> 0.661007).  Saving model ...
Updating learning rate to 2.5e-05
>>>>>>>testing : traffic_96_192_Informer_custom_ftM_sl96_ll48_pl192_dm512_nh8_el2_dl1_df2048_fc3_ebtimeF_dtTrue_Exp_0<<<<<<<<<<<<<<<<<<<<<<<<<<<<<<<<<
test 3317
mse:0.7961834669113159, mae:0.4439007043838501
INFO: Trainable parameter count: 1.32M
INFO: Trainable parameter count: 1.33M
INFO: Trainable parameter count: 2.65M
INFO: Trainable parameter count: 2.65M
INFO: Trainable parameter count: 2.91M
INFO: Trainable parameter count: 2.91M
INFO: Trainable parameter count: 3.18M
INFO: Trainable parameter count: 3.18M
INFO: Trainable parameter count: 3.44M
INFO: Trainable parameter count: 3.44M
INFO: Trainable parameter count: 3.70M
INFO: Trainable parameter count: 3.70M
INFO: Trainable parameter count: 4.75M
INFO: Trainable parameter count: 4.75M
INFO: Trainable parameter count: 5.80M
INFO: Trainable parameter count: 5.80M
INFO: Trainable parameter count: 5.80M
INFO: Trainable parameter count: 5.80M
INFO: Trainable parameter count: 5.80M
INFO: Trainable parameter count: 5.80M
INFO: Trainable parameter count: 6.07M
INFO: Trainable parameter count: 6.07M
INFO: Trainable parameter count: 6.33M
INFO: Trainable parameter count: 6.33M
INFO: Trainable parameter count: 6.59M
INFO: Trainable parameter count: 6.59M
INFO: Trainable parameter count: 6.85M
INFO: Trainable parameter count: 6.86M
INFO: Trainable parameter count: 7.90M
INFO: Trainable parameter count: 7.91M
INFO: Trainable parameter count: 8.95M
INFO: Trainable parameter count: 8.95M
INFO: Trainable parameter count: 8.96M
INFO: Trainable parameter count: 8.96M
INFO: Trainable parameter count: 8.96M
INFO: Trainable parameter count: 8.96M
INFO: Trainable parameter count: 9.74M
INFO: Trainable parameter count: 9.74M
INFO: Trainable parameter count: 9.74M
INFO: Trainable parameter count: 9.74M
INFO: Trainable parameter count: 9.75M
INFO: Trainable parameter count: 9.75M
INFO: Trainable parameter count: 10.01M
INFO: Trainable parameter count: 10.01M
INFO: Trainable parameter count: 10.27M
INFO: Trainable parameter count: 10.27M
INFO: Trainable parameter count: 10.53M
INFO: Trainable parameter count: 10.53M
INFO: Trainable parameter count: 10.80M
INFO: Trainable parameter count: 10.80M
INFO: Trainable parameter count: 11.06M
INFO: Trainable parameter count: 11.06M
INFO: Trainable parameter count: 11.32M
INFO: Trainable parameter count: 11.32M
INFO: Trainable parameter count: 11.58M
INFO: Trainable parameter count: 11.58M
INFO: Trainable parameter count: 11.85M
INFO: Trainable parameter count: 11.85M
INFO: Trainable parameter count: 12.90M
INFO: Trainable parameter count: 12.90M
INFO: Trainable parameter count: 13.95M
INFO: Trainable parameter count: 13.95M
INFO: Trainable parameter count: 13.95M
INFO: Trainable parameter count: 13.95M
INFO: Trainable parameter count: 13.95M
INFO: Trainable parameter count: 13.95M
INFO: Trainable parameter count: 13.95M
INFO: Trainable parameter count: 13.95M
INFO: Trainable parameter count: 13.95M
INFO: Trainable parameter count: 13.95M
INFO: Trainable parameter count: 14.39M
INFO: Trainable parameter count: 14.39M
Model(
  14.38 M, 99.936% Params, 1.99 GMac, 100.000% MACs, 
  (enc_embedding): DataEmbedding(
    1.33 M, 9.213% Params, 127.3 MMac, 6.389% MACs, 
    (value_embedding): TokenEmbedding(
      1.32 M, 9.199% Params, 127.11 MMac, 6.380% MACs, 
      (tokenConv): Conv1d(1.32 M, 9.199% Params, 127.11 MMac, 6.380% MACs, 862, 512, kernel_size=(3,), stride=(1,), padding=(1,), bias=False, padding_mode=circular)
    )
    (position_embedding): PositionalEmbedding(0, 0.000% Params, 0.0 Mac, 0.000% MACs, )
    (temporal_embedding): TimeFeatureEmbedding(
      2.05 k, 0.014% Params, 196.61 KMac, 0.010% MACs, 
      (embed): Linear(2.05 k, 0.014% Params, 196.61 KMac, 0.010% MACs, in_features=4, out_features=512, bias=False)
    )
    (dropout): Dropout(0, 0.000% Params, 0.0 Mac, 0.000% MACs, p=0.05, inplace=False)
  )
  (dec_embedding): DataEmbedding(
    1.33 M, 9.213% Params, 318.26 MMac, 15.973% MACs, 
    (value_embedding): TokenEmbedding(
      1.32 M, 9.199% Params, 317.77 MMac, 15.949% MACs, 
      (tokenConv): Conv1d(1.32 M, 9.199% Params, 317.77 MMac, 15.949% MACs, 862, 512, kernel_size=(3,), stride=(1,), padding=(1,), bias=False, padding_mode=circular)
    )
    (position_embedding): PositionalEmbedding(0, 0.000% Params, 0.0 Mac, 0.000% MACs, )
    (temporal_embedding): TimeFeatureEmbedding(
      2.05 k, 0.014% Params, 491.52 KMac, 0.025% MACs, 
      (embed): Linear(2.05 k, 0.014% Params, 491.52 KMac, 0.025% MACs, in_features=4, out_features=512, bias=False)
    )
    (dropout): Dropout(0, 0.000% Params, 0.0 Mac, 0.000% MACs, p=0.05, inplace=False)
  )
  (encoder): Encoder(
    7.09 M, 49.250% Params, 533.83 MMac, 26.793% MACs, 
    (attn_layers): ModuleList(
      6.3 M, 43.775% Params, 456.51 MMac, 22.912% MACs, 
      (0): EncoderLayer(
        3.15 M, 21.888% Params, 302.24 MMac, 15.169% MACs, 
        (attention): AttentionLayer(
          1.05 M, 7.299% Params, 100.67 MMac, 5.052% MACs, 
          (inner_attention): ProbAttention(
            0, 0.000% Params, 0.0 Mac, 0.000% MACs, 
            (dropout): Dropout(0, 0.000% Params, 0.0 Mac, 0.000% MACs, p=0.05, inplace=False)
          )
          (query_projection): Linear(262.66 k, 1.825% Params, 25.17 MMac, 1.263% MACs, in_features=512, out_features=512, bias=True)
          (key_projection): Linear(262.66 k, 1.825% Params, 25.17 MMac, 1.263% MACs, in_features=512, out_features=512, bias=True)
          (value_projection): Linear(262.66 k, 1.825% Params, 25.17 MMac, 1.263% MACs, in_features=512, out_features=512, bias=True)
          (out_projection): Linear(262.66 k, 1.825% Params, 25.17 MMac, 1.263% MACs, in_features=512, out_features=512, bias=True)
        )
        (conv1): Conv1d(1.05 M, 7.299% Params, 100.86 MMac, 5.062% MACs, 512, 2048, kernel_size=(1,), stride=(1,))
        (conv2): Conv1d(1.05 M, 7.289% Params, 100.71 MMac, 5.055% MACs, 2048, 512, kernel_size=(1,), stride=(1,))
        (norm1): LayerNorm(0, 0.000% Params, 0.0 Mac, 0.000% MACs, (512,), eps=1e-05, elementwise_affine=True)
        (norm2): LayerNorm(0, 0.000% Params, 0.0 Mac, 0.000% MACs, (512,), eps=1e-05, elementwise_affine=True)
        (dropout): Dropout(0, 0.000% Params, 0.0 Mac, 0.000% MACs, p=0.05, inplace=False)
      )
      (1): EncoderLayer(
        3.15 M, 21.888% Params, 154.27 MMac, 7.743% MACs, 
        (attention): AttentionLayer(
          1.05 M, 7.299% Params, 51.38 MMac, 2.579% MACs, 
          (inner_attention): ProbAttention(
            0, 0.000% Params, 0.0 Mac, 0.000% MACs, 
            (dropout): Dropout(0, 0.000% Params, 0.0 Mac, 0.000% MACs, p=0.05, inplace=False)
          )
          (query_projection): Linear(262.66 k, 1.825% Params, 12.85 MMac, 0.645% MACs, in_features=512, out_features=512, bias=True)
          (key_projection): Linear(262.66 k, 1.825% Params, 12.85 MMac, 0.645% MACs, in_features=512, out_features=512, bias=True)
          (value_projection): Linear(262.66 k, 1.825% Params, 12.85 MMac, 0.645% MACs, in_features=512, out_features=512, bias=True)
          (out_projection): Linear(262.66 k, 1.825% Params, 12.85 MMac, 0.645% MACs, in_features=512, out_features=512, bias=True)
        )
        (conv1): Conv1d(1.05 M, 7.299% Params, 51.48 MMac, 2.584% MACs, 512, 2048, kernel_size=(1,), stride=(1,))
        (conv2): Conv1d(1.05 M, 7.289% Params, 51.41 MMac, 2.580% MACs, 2048, 512, kernel_size=(1,), stride=(1,))
        (norm1): LayerNorm(0, 0.000% Params, 0.0 Mac, 0.000% MACs, (512,), eps=1e-05, elementwise_affine=True)
        (norm2): LayerNorm(0, 0.000% Params, 0.0 Mac, 0.000% MACs, (512,), eps=1e-05, elementwise_affine=True)
        (dropout): Dropout(0, 0.000% Params, 0.0 Mac, 0.000% MACs, p=0.05, inplace=False)
      )
    )
    (conv_layers): ModuleList(
      787.97 k, 5.475% Params, 77.32 MMac, 3.881% MACs, 
      (0): ConvLayer(
        787.97 k, 5.475% Params, 77.32 MMac, 3.881% MACs, 
        (downConv): Conv1d(786.94 k, 5.467% Params, 77.12 MMac, 3.871% MACs, 512, 512, kernel_size=(3,), stride=(1,), padding=(2,), padding_mode=circular)
        (norm): BatchNorm1d(1.02 k, 0.007% Params, 100.35 KMac, 0.005% MACs, 512, eps=1e-05, momentum=0.1, affine=True, track_running_stats=True)
        (activation): ELU(0, 0.000% Params, 50.18 KMac, 0.003% MACs, alpha=1.0)
        (maxPool): MaxPool1d(0, 0.000% Params, 50.18 KMac, 0.003% MACs, kernel_size=3, stride=2, padding=1, dilation=1, ceil_mode=False)
      )
    )
    (norm): LayerNorm(0, 0.000% Params, 0.0 Mac, 0.000% MACs, (512,), eps=1e-05, elementwise_affine=True)
  )
  (decoder): Decoder(
    4.64 M, 32.259% Params, 1.01 GMac, 50.844% MACs, 
    (layers): ModuleList(
      4.2 M, 29.187% Params, 907.11 MMac, 45.528% MACs, 
      (0): DecoderLayer(
        4.2 M, 29.187% Params, 907.11 MMac, 45.528% MACs, 
        (self_attention): AttentionLayer(
          1.05 M, 7.299% Params, 251.66 MMac, 12.631% MACs, 
          (inner_attention): ProbAttention(
            0, 0.000% Params, 0.0 Mac, 0.000% MACs, 
            (dropout): Dropout(0, 0.000% Params, 0.0 Mac, 0.000% MACs, p=0.05, inplace=False)
          )
          (query_projection): Linear(262.66 k, 1.825% Params, 62.92 MMac, 3.158% MACs, in_features=512, out_features=512, bias=True)
          (key_projection): Linear(262.66 k, 1.825% Params, 62.92 MMac, 3.158% MACs, in_features=512, out_features=512, bias=True)
          (value_projection): Linear(262.66 k, 1.825% Params, 62.92 MMac, 3.158% MACs, in_features=512, out_features=512, bias=True)
          (out_projection): Linear(262.66 k, 1.825% Params, 62.92 MMac, 3.158% MACs, in_features=512, out_features=512, bias=True)
        )
        (cross_attention): AttentionLayer(
          1.05 M, 7.299% Params, 151.52 MMac, 7.605% MACs, 
          (inner_attention): ProbAttention(
            0, 0.000% Params, 0.0 Mac, 0.000% MACs, 
            (dropout): Dropout(0, 0.000% Params, 0.0 Mac, 0.000% MACs, p=0.05, inplace=False)
          )
          (query_projection): Linear(262.66 k, 1.825% Params, 62.92 MMac, 3.158% MACs, in_features=512, out_features=512, bias=True)
          (key_projection): Linear(262.66 k, 1.825% Params, 12.85 MMac, 0.645% MACs, in_features=512, out_features=512, bias=True)
          (value_projection): Linear(262.66 k, 1.825% Params, 12.85 MMac, 0.645% MACs, in_features=512, out_features=512, bias=True)
          (out_projection): Linear(262.66 k, 1.825% Params, 62.92 MMac, 3.158% MACs, in_features=512, out_features=512, bias=True)
        )
        (conv1): Conv1d(1.05 M, 7.299% Params, 252.15 MMac, 12.655% MACs, 512, 2048, kernel_size=(1,), stride=(1,))
        (conv2): Conv1d(1.05 M, 7.289% Params, 251.78 MMac, 12.637% MACs, 2048, 512, kernel_size=(1,), stride=(1,))
        (norm1): LayerNorm(0, 0.000% Params, 0.0 Mac, 0.000% MACs, (512,), eps=1e-05, elementwise_affine=True)
        (norm2): LayerNorm(0, 0.000% Params, 0.0 Mac, 0.000% MACs, (512,), eps=1e-05, elementwise_affine=True)
        (norm3): LayerNorm(0, 0.000% Params, 0.0 Mac, 0.000% MACs, (512,), eps=1e-05, elementwise_affine=True)
        (dropout): Dropout(0, 0.000% Params, 0.0 Mac, 0.000% MACs, p=0.05, inplace=False)
      )
    )
    (norm): LayerNorm(0, 0.000% Params, 0.0 Mac, 0.000% MACs, (512,), eps=1e-05, elementwise_affine=True)
    (projection): Linear(442.21 k, 3.072% Params, 105.92 MMac, 5.316% MACs, in_features=512, out_features=862, bias=True)
  )
)
Computational complexity:       1.99 GMac
Number of parameters:           14.39 M 
