Args in experiment:
Namespace(is_training=1, model_id='electricity_96_96', model='Informer', data='custom', root_path='./dataset/', data_path='electricity.csv', features='M', target='OT', freq='h', checkpoints='./checkpoints/', seq_len=96, label_len=48, pred_len=96, individual=False, embed_type=0, enc_in=321, dec_in=321, c_out=321, d_model=512, n_heads=8, e_layers=2, d_layers=1, d_ff=2048, moving_avg=25, factor=3, distil=True, dropout=0.05, embed='timeF', activation='gelu', output_attention=False, do_predict=False, num_workers=10, itr=1, train_epochs=10, batch_size=32, patience=3, learning_rate=0.0001, des='Exp', loss='mse', lradj='type1', use_amp=False, use_gpu=True, gpu=1, use_multi_gpu=False, devices='0,1,2,3', test_flop=True)
Use GPU: cuda:1
>>>>>>>start training : electricity_96_96_Informer_custom_ftM_sl96_ll48_pl96_dm512_nh8_el2_dl1_df2048_fc3_ebtimeF_dtTrue_Exp_0>>>>>>>>>>>>>>>>>>>>>>>>>>
train 18221
val 2537
test 5165
	iters: 100, epoch: 1 | loss: 0.6510122
	speed: 0.0915s/iter; left time: 511.8053s
	iters: 200, epoch: 1 | loss: 0.5587428
	speed: 0.0563s/iter; left time: 308.9672s
	iters: 300, epoch: 1 | loss: 0.3457518
	speed: 0.0569s/iter; left time: 306.9326s
	iters: 400, epoch: 1 | loss: 0.3090802
	speed: 0.0578s/iter; left time: 306.0364s
	iters: 500, epoch: 1 | loss: 0.2617930
	speed: 0.0571s/iter; left time: 296.3400s
Epoch: 1 cost time: 35.773125886917114
Epoch: 1, Steps: 569 | Train Loss: 0.4590975 Vali Loss: 0.2925267 Test Loss: 0.3754088
Validation loss decreased (inf --> 0.292527).  Saving model ...
Updating learning rate to 0.0001
	iters: 100, epoch: 2 | loss: 0.2068691
	speed: 0.2178s/iter; left time: 1093.6645s
	iters: 200, epoch: 2 | loss: 0.2082069
	speed: 0.0584s/iter; left time: 287.3786s
	iters: 300, epoch: 2 | loss: 0.1979921
	speed: 0.0581s/iter; left time: 280.1742s
	iters: 400, epoch: 2 | loss: 0.1994595
	speed: 0.0576s/iter; left time: 271.9915s
	iters: 500, epoch: 2 | loss: 0.1914466
	speed: 0.0573s/iter; left time: 264.6865s
Epoch: 2 cost time: 34.26850867271423
Epoch: 2, Steps: 569 | Train Loss: 0.2042543 Vali Loss: 0.2385439 Test Loss: 0.3300645
Validation loss decreased (0.292527 --> 0.238544).  Saving model ...
Updating learning rate to 5e-05
	iters: 100, epoch: 3 | loss: 0.1737297
	speed: 0.2279s/iter; left time: 1014.6942s
	iters: 200, epoch: 3 | loss: 0.1845710
	speed: 0.0600s/iter; left time: 261.1372s
	iters: 300, epoch: 3 | loss: 0.1653114
	speed: 0.0589s/iter; left time: 250.4677s
	iters: 400, epoch: 3 | loss: 0.1589342
	speed: 0.0582s/iter; left time: 241.7605s
	iters: 500, epoch: 3 | loss: 0.1655544
	speed: 0.0588s/iter; left time: 238.2138s
Epoch: 3 cost time: 34.989145278930664
Epoch: 3, Steps: 569 | Train Loss: 0.1729177 Vali Loss: 0.2284987 Test Loss: 0.3228953
Validation loss decreased (0.238544 --> 0.228499).  Saving model ...
Updating learning rate to 2.5e-05
	iters: 100, epoch: 4 | loss: 0.1541520
	speed: 0.2265s/iter; left time: 879.5564s
	iters: 200, epoch: 4 | loss: 0.1698351
	speed: 0.0586s/iter; left time: 221.8915s
	iters: 300, epoch: 4 | loss: 0.1612910
	speed: 0.0581s/iter; left time: 214.1988s
	iters: 400, epoch: 4 | loss: 0.1588064
	speed: 0.0592s/iter; left time: 212.2383s
	iters: 500, epoch: 4 | loss: 0.1617146
	speed: 0.0597s/iter; left time: 207.9650s
Epoch: 4 cost time: 34.75792455673218
Epoch: 4, Steps: 569 | Train Loss: 0.1625151 Vali Loss: 0.2289274 Test Loss: 0.3234860
EarlyStopping counter: 1 out of 3
Updating learning rate to 1.25e-05
	iters: 100, epoch: 5 | loss: 0.1549793
	speed: 0.2262s/iter; left time: 749.7083s
	iters: 200, epoch: 5 | loss: 0.1525030
	speed: 0.0582s/iter; left time: 187.0405s
	iters: 300, epoch: 5 | loss: 0.1520310
	speed: 0.0590s/iter; left time: 183.7811s
	iters: 400, epoch: 5 | loss: 0.1527586
	speed: 0.0587s/iter; left time: 176.9617s
	iters: 500, epoch: 5 | loss: 0.1534287
	speed: 0.0583s/iter; left time: 170.0574s
Epoch: 5 cost time: 34.733452558517456
Epoch: 5, Steps: 569 | Train Loss: 0.1573502 Vali Loss: 0.2286610 Test Loss: 0.3241761
EarlyStopping counter: 2 out of 3
Updating learning rate to 6.25e-06
	iters: 100, epoch: 6 | loss: 0.1465151
	speed: 0.2264s/iter; left time: 621.6664s
	iters: 200, epoch: 6 | loss: 0.1640299
	speed: 0.0587s/iter; left time: 155.3688s
	iters: 300, epoch: 6 | loss: 0.1556319
	speed: 0.0595s/iter; left time: 151.3604s
	iters: 400, epoch: 6 | loss: 0.1493836
	speed: 0.0603s/iter; left time: 147.4075s
	iters: 500, epoch: 6 | loss: 0.1510260
	speed: 0.0587s/iter; left time: 137.6949s
Epoch: 6 cost time: 34.96407699584961
Epoch: 6, Steps: 569 | Train Loss: 0.1548283 Vali Loss: 0.2311887 Test Loss: 0.3254801
EarlyStopping counter: 3 out of 3
Early stopping
>>>>>>>testing : electricity_96_96_Informer_custom_ftM_sl96_ll48_pl96_dm512_nh8_el2_dl1_df2048_fc3_ebtimeF_dtTrue_Exp_0<<<<<<<<<<<<<<<<<<<<<<<<<<<<<<<<<
test 5165
mse:0.32293644547462463, mae:0.4095129668712616
INFO: Trainable parameter count: 0.49M
INFO: Trainable parameter count: 0.50M
INFO: Trainable parameter count: 0.99M
INFO: Trainable parameter count: 0.99M
INFO: Trainable parameter count: 1.25M
INFO: Trainable parameter count: 1.25M
INFO: Trainable parameter count: 1.52M
INFO: Trainable parameter count: 1.52M
INFO: Trainable parameter count: 1.78M
INFO: Trainable parameter count: 1.78M
INFO: Trainable parameter count: 2.04M
INFO: Trainable parameter count: 2.04M
INFO: Trainable parameter count: 3.09M
INFO: Trainable parameter count: 3.09M
INFO: Trainable parameter count: 4.14M
INFO: Trainable parameter count: 4.14M
INFO: Trainable parameter count: 4.14M
INFO: Trainable parameter count: 4.14M
INFO: Trainable parameter count: 4.14M
INFO: Trainable parameter count: 4.14M
INFO: Trainable parameter count: 4.40M
INFO: Trainable parameter count: 4.41M
INFO: Trainable parameter count: 4.67M
INFO: Trainable parameter count: 4.67M
INFO: Trainable parameter count: 4.93M
INFO: Trainable parameter count: 4.93M
INFO: Trainable parameter count: 5.19M
INFO: Trainable parameter count: 5.19M
INFO: Trainable parameter count: 6.24M
INFO: Trainable parameter count: 6.24M
INFO: Trainable parameter count: 7.29M
INFO: Trainable parameter count: 7.29M
INFO: Trainable parameter count: 7.29M
INFO: Trainable parameter count: 7.29M
INFO: Trainable parameter count: 7.29M
INFO: Trainable parameter count: 7.29M
INFO: Trainable parameter count: 8.08M
INFO: Trainable parameter count: 8.08M
INFO: Trainable parameter count: 8.08M
INFO: Trainable parameter count: 8.08M
INFO: Trainable parameter count: 8.08M
INFO: Trainable parameter count: 8.08M
INFO: Trainable parameter count: 8.35M
INFO: Trainable parameter count: 8.35M
INFO: Trainable parameter count: 8.61M
INFO: Trainable parameter count: 8.61M
INFO: Trainable parameter count: 8.87M
INFO: Trainable parameter count: 8.87M
INFO: Trainable parameter count: 9.13M
INFO: Trainable parameter count: 9.13M
INFO: Trainable parameter count: 9.40M
INFO: Trainable parameter count: 9.40M
INFO: Trainable parameter count: 9.66M
INFO: Trainable parameter count: 9.66M
INFO: Trainable parameter count: 9.92M
INFO: Trainable parameter count: 9.92M
INFO: Trainable parameter count: 10.18M
INFO: Trainable parameter count: 10.19M
INFO: Trainable parameter count: 11.23M
INFO: Trainable parameter count: 11.24M
INFO: Trainable parameter count: 12.28M
INFO: Trainable parameter count: 12.28M
INFO: Trainable parameter count: 12.29M
INFO: Trainable parameter count: 12.29M
INFO: Trainable parameter count: 12.29M
INFO: Trainable parameter count: 12.29M
INFO: Trainable parameter count: 12.29M
INFO: Trainable parameter count: 12.29M
INFO: Trainable parameter count: 12.29M
INFO: Trainable parameter count: 12.29M
INFO: Trainable parameter count: 12.45M
INFO: Trainable parameter count: 12.45M
Model(
  12.44 M, 99.926% Params, 1.23 GMac, 100.000% MACs, 
  (enc_embedding): DataEmbedding(
    495.1 k, 3.976% Params, 47.53 MMac, 3.862% MACs, 
    (value_embedding): TokenEmbedding(
      493.06 k, 3.959% Params, 47.33 MMac, 3.846% MACs, 
      (tokenConv): Conv1d(493.06 k, 3.959% Params, 47.33 MMac, 3.846% MACs, 321, 512, kernel_size=(3,), stride=(1,), padding=(1,), bias=False, padding_mode=circular)
    )
    (position_embedding): PositionalEmbedding(0, 0.000% Params, 0.0 Mac, 0.000% MACs, )
    (temporal_embedding): TimeFeatureEmbedding(
      2.05 k, 0.016% Params, 196.61 KMac, 0.016% MACs, 
      (embed): Linear(2.05 k, 0.016% Params, 196.61 KMac, 0.016% MACs, in_features=4, out_features=512, bias=False)
    )
    (dropout): Dropout(0, 0.000% Params, 0.0 Mac, 0.000% MACs, p=0.05, inplace=False)
  )
  (dec_embedding): DataEmbedding(
    495.1 k, 3.976% Params, 71.29 MMac, 5.792% MACs, 
    (value_embedding): TokenEmbedding(
      493.06 k, 3.959% Params, 71.0 MMac, 5.768% MACs, 
      (tokenConv): Conv1d(493.06 k, 3.959% Params, 71.0 MMac, 5.768% MACs, 321, 512, kernel_size=(3,), stride=(1,), padding=(1,), bias=False, padding_mode=circular)
    )
    (position_embedding): PositionalEmbedding(0, 0.000% Params, 0.0 Mac, 0.000% MACs, )
    (temporal_embedding): TimeFeatureEmbedding(
      2.05 k, 0.016% Params, 294.91 KMac, 0.024% MACs, 
      (embed): Linear(2.05 k, 0.016% Params, 294.91 KMac, 0.024% MACs, in_features=4, out_features=512, bias=False)
    )
    (dropout): Dropout(0, 0.000% Params, 0.0 Mac, 0.000% MACs, p=0.05, inplace=False)
  )
  (encoder): Encoder(
    7.09 M, 56.920% Params, 533.83 MMac, 43.370% MACs, 
    (attn_layers): ModuleList(
      6.3 M, 50.593% Params, 456.51 MMac, 37.088% MACs, 
      (0): EncoderLayer(
        3.15 M, 25.296% Params, 302.24 MMac, 24.555% MACs, 
        (attention): AttentionLayer(
          1.05 M, 8.436% Params, 100.67 MMac, 8.178% MACs, 
          (inner_attention): ProbAttention(
            0, 0.000% Params, 0.0 Mac, 0.000% MACs, 
            (dropout): Dropout(0, 0.000% Params, 0.0 Mac, 0.000% MACs, p=0.05, inplace=False)
          )
          (query_projection): Linear(262.66 k, 2.109% Params, 25.17 MMac, 2.045% MACs, in_features=512, out_features=512, bias=True)
          (key_projection): Linear(262.66 k, 2.109% Params, 25.17 MMac, 2.045% MACs, in_features=512, out_features=512, bias=True)
          (value_projection): Linear(262.66 k, 2.109% Params, 25.17 MMac, 2.045% MACs, in_features=512, out_features=512, bias=True)
          (out_projection): Linear(262.66 k, 2.109% Params, 25.17 MMac, 2.045% MACs, in_features=512, out_features=512, bias=True)
        )
        (conv1): Conv1d(1.05 M, 8.436% Params, 100.86 MMac, 8.194% MACs, 512, 2048, kernel_size=(1,), stride=(1,))
        (conv2): Conv1d(1.05 M, 8.424% Params, 100.71 MMac, 8.182% MACs, 2048, 512, kernel_size=(1,), stride=(1,))
        (norm1): LayerNorm(0, 0.000% Params, 0.0 Mac, 0.000% MACs, (512,), eps=1e-05, elementwise_affine=True)
        (norm2): LayerNorm(0, 0.000% Params, 0.0 Mac, 0.000% MACs, (512,), eps=1e-05, elementwise_affine=True)
        (dropout): Dropout(0, 0.000% Params, 0.0 Mac, 0.000% MACs, p=0.05, inplace=False)
      )
      (1): EncoderLayer(
        3.15 M, 25.296% Params, 154.27 MMac, 12.533% MACs, 
        (attention): AttentionLayer(
          1.05 M, 8.436% Params, 51.38 MMac, 4.174% MACs, 
          (inner_attention): ProbAttention(
            0, 0.000% Params, 0.0 Mac, 0.000% MACs, 
            (dropout): Dropout(0, 0.000% Params, 0.0 Mac, 0.000% MACs, p=0.05, inplace=False)
          )
          (query_projection): Linear(262.66 k, 2.109% Params, 12.85 MMac, 1.044% MACs, in_features=512, out_features=512, bias=True)
          (key_projection): Linear(262.66 k, 2.109% Params, 12.85 MMac, 1.044% MACs, in_features=512, out_features=512, bias=True)
          (value_projection): Linear(262.66 k, 2.109% Params, 12.85 MMac, 1.044% MACs, in_features=512, out_features=512, bias=True)
          (out_projection): Linear(262.66 k, 2.109% Params, 12.85 MMac, 1.044% MACs, in_features=512, out_features=512, bias=True)
        )
        (conv1): Conv1d(1.05 M, 8.436% Params, 51.48 MMac, 4.182% MACs, 512, 2048, kernel_size=(1,), stride=(1,))
        (conv2): Conv1d(1.05 M, 8.424% Params, 51.41 MMac, 4.176% MACs, 2048, 512, kernel_size=(1,), stride=(1,))
        (norm1): LayerNorm(0, 0.000% Params, 0.0 Mac, 0.000% MACs, (512,), eps=1e-05, elementwise_affine=True)
        (norm2): LayerNorm(0, 0.000% Params, 0.0 Mac, 0.000% MACs, (512,), eps=1e-05, elementwise_affine=True)
        (dropout): Dropout(0, 0.000% Params, 0.0 Mac, 0.000% MACs, p=0.05, inplace=False)
      )
    )
    (conv_layers): ModuleList(
      787.97 k, 6.327% Params, 77.32 MMac, 6.282% MACs, 
      (0): ConvLayer(
        787.97 k, 6.327% Params, 77.32 MMac, 6.282% MACs, 
        (downConv): Conv1d(786.94 k, 6.319% Params, 77.12 MMac, 6.266% MACs, 512, 512, kernel_size=(3,), stride=(1,), padding=(2,), padding_mode=circular)
        (norm): BatchNorm1d(1.02 k, 0.008% Params, 100.35 KMac, 0.008% MACs, 512, eps=1e-05, momentum=0.1, affine=True, track_running_stats=True)
        (activation): ELU(0, 0.000% Params, 50.18 KMac, 0.004% MACs, alpha=1.0)
        (maxPool): MaxPool1d(0, 0.000% Params, 50.18 KMac, 0.004% MACs, kernel_size=3, stride=2, padding=1, dilation=1, ceil_mode=False)
      )
    )
    (norm): LayerNorm(0, 0.000% Params, 0.0 Mac, 0.000% MACs, (512,), eps=1e-05, elementwise_affine=True)
  )
  (decoder): Decoder(
    4.37 M, 35.055% Params, 578.21 MMac, 46.976% MACs, 
    (layers): ModuleList(
      4.2 M, 33.733% Params, 554.55 MMac, 45.053% MACs, 
      (0): DecoderLayer(
        4.2 M, 33.733% Params, 554.55 MMac, 45.053% MACs, 
        (self_attention): AttentionLayer(
          1.05 M, 8.436% Params, 151.0 MMac, 12.268% MACs, 
          (inner_attention): ProbAttention(
            0, 0.000% Params, 0.0 Mac, 0.000% MACs, 
            (dropout): Dropout(0, 0.000% Params, 0.0 Mac, 0.000% MACs, p=0.05, inplace=False)
          )
          (query_projection): Linear(262.66 k, 2.109% Params, 37.75 MMac, 3.067% MACs, in_features=512, out_features=512, bias=True)
          (key_projection): Linear(262.66 k, 2.109% Params, 37.75 MMac, 3.067% MACs, in_features=512, out_features=512, bias=True)
          (value_projection): Linear(262.66 k, 2.109% Params, 37.75 MMac, 3.067% MACs, in_features=512, out_features=512, bias=True)
          (out_projection): Linear(262.66 k, 2.109% Params, 37.75 MMac, 3.067% MACs, in_features=512, out_features=512, bias=True)
        )
        (cross_attention): AttentionLayer(
          1.05 M, 8.436% Params, 101.19 MMac, 8.221% MACs, 
          (inner_attention): ProbAttention(
            0, 0.000% Params, 0.0 Mac, 0.000% MACs, 
            (dropout): Dropout(0, 0.000% Params, 0.0 Mac, 0.000% MACs, p=0.05, inplace=False)
          )
          (query_projection): Linear(262.66 k, 2.109% Params, 37.75 MMac, 3.067% MACs, in_features=512, out_features=512, bias=True)
          (key_projection): Linear(262.66 k, 2.109% Params, 12.85 MMac, 1.044% MACs, in_features=512, out_features=512, bias=True)
          (value_projection): Linear(262.66 k, 2.109% Params, 12.85 MMac, 1.044% MACs, in_features=512, out_features=512, bias=True)
          (out_projection): Linear(262.66 k, 2.109% Params, 37.75 MMac, 3.067% MACs, in_features=512, out_features=512, bias=True)
        )
        (conv1): Conv1d(1.05 M, 8.436% Params, 151.29 MMac, 12.291% MACs, 512, 2048, kernel_size=(1,), stride=(1,))
        (conv2): Conv1d(1.05 M, 8.424% Params, 151.07 MMac, 12.273% MACs, 2048, 512, kernel_size=(1,), stride=(1,))
        (norm1): LayerNorm(0, 0.000% Params, 0.0 Mac, 0.000% MACs, (512,), eps=1e-05, elementwise_affine=True)
        (norm2): LayerNorm(0, 0.000% Params, 0.0 Mac, 0.000% MACs, (512,), eps=1e-05, elementwise_affine=True)
        (norm3): LayerNorm(0, 0.000% Params, 0.0 Mac, 0.000% MACs, (512,), eps=1e-05, elementwise_affine=True)
        (dropout): Dropout(0, 0.000% Params, 0.0 Mac, 0.000% MACs, p=0.05, inplace=False)
      )
    )
    (norm): LayerNorm(0, 0.000% Params, 0.0 Mac, 0.000% MACs, (512,), eps=1e-05, elementwise_affine=True)
    (projection): Linear(164.67 k, 1.322% Params, 23.67 MMac, 1.923% MACs, in_features=512, out_features=321, bias=True)
  )
)
Computational complexity:       1.23 GMac
Number of parameters:           12.45 M 
