Args in experiment:
Namespace(is_training=1, model_id='traffic_96_336', model='Informer', data='custom', root_path='./dataset/', data_path='traffic.csv', features='M', target='OT', freq='h', checkpoints='./checkpoints/', seq_len=96, label_len=48, pred_len=336, individual=False, embed_type=0, enc_in=862, dec_in=862, c_out=862, d_model=512, n_heads=8, e_layers=2, d_layers=1, d_ff=2048, moving_avg=25, factor=3, distil=True, dropout=0.05, embed='timeF', activation='gelu', output_attention=False, do_predict=False, num_workers=10, itr=1, train_epochs=3, batch_size=32, patience=3, learning_rate=0.0001, des='Exp', loss='mse', lradj='type1', use_amp=False, use_gpu=True, gpu=8, use_multi_gpu=False, devices='0,1,2,3', test_flop=True)
Use GPU: cuda:8
>>>>>>>start training : traffic_96_336_Informer_custom_ftM_sl96_ll48_pl336_dm512_nh8_el2_dl1_df2048_fc3_ebtimeF_dtTrue_Exp_0>>>>>>>>>>>>>>>>>>>>>>>>>>
train 11849
val 1421
test 3173
	iters: 100, epoch: 1 | loss: 0.8960090
	speed: 0.1409s/iter; left time: 142.4233s
	iters: 200, epoch: 1 | loss: 0.9081870
	speed: 0.1061s/iter; left time: 96.6170s
	iters: 300, epoch: 1 | loss: 0.8521612
	speed: 0.1084s/iter; left time: 87.9313s
Epoch: 1 cost time: 43.1393826007843
Epoch: 1, Steps: 370 | Train Loss: 0.9074572 Vali Loss: 1.1353245 Test Loss: 1.3557001
Validation loss decreased (inf --> 1.135324).  Saving model ...
Updating learning rate to 0.0001
	iters: 100, epoch: 2 | loss: 0.7861484
	speed: 0.4072s/iter; left time: 261.0338s
	iters: 200, epoch: 2 | loss: 0.6684631
	speed: 0.1113s/iter; left time: 60.2080s
	iters: 300, epoch: 2 | loss: 0.4798673
	speed: 0.1108s/iter; left time: 48.8446s
Epoch: 2 cost time: 42.39970326423645
Epoch: 2, Steps: 370 | Train Loss: 0.6652032 Vali Loss: 0.7472084 Test Loss: 0.9543152
Validation loss decreased (1.135324 --> 0.747208).  Saving model ...
Updating learning rate to 5e-05
	iters: 100, epoch: 3 | loss: 0.4131582
	speed: 0.4037s/iter; left time: 109.3914s
	iters: 200, epoch: 3 | loss: 0.3746304
	speed: 0.1109s/iter; left time: 18.9610s
	iters: 300, epoch: 3 | loss: 0.3717811
	speed: 0.1101s/iter; left time: 7.8161s
Epoch: 3 cost time: 42.382542848587036
Epoch: 3, Steps: 370 | Train Loss: 0.3907122 Vali Loss: 0.6732576 Test Loss: 0.8566828
Validation loss decreased (0.747208 --> 0.673258).  Saving model ...
Updating learning rate to 2.5e-05
>>>>>>>testing : traffic_96_336_Informer_custom_ftM_sl96_ll48_pl336_dm512_nh8_el2_dl1_df2048_fc3_ebtimeF_dtTrue_Exp_0<<<<<<<<<<<<<<<<<<<<<<<<<<<<<<<<<
test 3173
mse:0.8566428422927856, mae:0.4829710125923157
INFO: Trainable parameter count: 1.32M
INFO: Trainable parameter count: 1.33M
INFO: Trainable parameter count: 2.65M
INFO: Trainable parameter count: 2.65M
INFO: Trainable parameter count: 2.91M
INFO: Trainable parameter count: 2.91M
INFO: Trainable parameter count: 3.18M
INFO: Trainable parameter count: 3.18M
INFO: Trainable parameter count: 3.44M
INFO: Trainable parameter count: 3.44M
INFO: Trainable parameter count: 3.70M
INFO: Trainable parameter count: 3.70M
INFO: Trainable parameter count: 4.75M
INFO: Trainable parameter count: 4.75M
INFO: Trainable parameter count: 5.80M
INFO: Trainable parameter count: 5.80M
INFO: Trainable parameter count: 5.80M
INFO: Trainable parameter count: 5.80M
INFO: Trainable parameter count: 5.80M
INFO: Trainable parameter count: 5.80M
INFO: Trainable parameter count: 6.07M
INFO: Trainable parameter count: 6.07M
INFO: Trainable parameter count: 6.33M
INFO: Trainable parameter count: 6.33M
INFO: Trainable parameter count: 6.59M
INFO: Trainable parameter count: 6.59M
INFO: Trainable parameter count: 6.85M
INFO: Trainable parameter count: 6.86M
INFO: Trainable parameter count: 7.90M
INFO: Trainable parameter count: 7.91M
INFO: Trainable parameter count: 8.95M
INFO: Trainable parameter count: 8.95M
INFO: Trainable parameter count: 8.96M
INFO: Trainable parameter count: 8.96M
INFO: Trainable parameter count: 8.96M
INFO: Trainable parameter count: 8.96M
INFO: Trainable parameter count: 9.74M
INFO: Trainable parameter count: 9.74M
INFO: Trainable parameter count: 9.74M
INFO: Trainable parameter count: 9.74M
INFO: Trainable parameter count: 9.75M
INFO: Trainable parameter count: 9.75M
INFO: Trainable parameter count: 10.01M
INFO: Trainable parameter count: 10.01M
INFO: Trainable parameter count: 10.27M
INFO: Trainable parameter count: 10.27M
INFO: Trainable parameter count: 10.53M
INFO: Trainable parameter count: 10.53M
INFO: Trainable parameter count: 10.80M
INFO: Trainable parameter count: 10.80M
INFO: Trainable parameter count: 11.06M
INFO: Trainable parameter count: 11.06M
INFO: Trainable parameter count: 11.32M
INFO: Trainable parameter count: 11.32M
INFO: Trainable parameter count: 11.58M
INFO: Trainable parameter count: 11.58M
INFO: Trainable parameter count: 11.85M
INFO: Trainable parameter count: 11.85M
INFO: Trainable parameter count: 12.90M
INFO: Trainable parameter count: 12.90M
INFO: Trainable parameter count: 13.95M
INFO: Trainable parameter count: 13.95M
INFO: Trainable parameter count: 13.95M
INFO: Trainable parameter count: 13.95M
INFO: Trainable parameter count: 13.95M
INFO: Trainable parameter count: 13.95M
INFO: Trainable parameter count: 13.95M
INFO: Trainable parameter count: 13.95M
INFO: Trainable parameter count: 13.95M
INFO: Trainable parameter count: 13.95M
INFO: Trainable parameter count: 14.39M
INFO: Trainable parameter count: 14.39M
Model(
  14.38 M, 99.936% Params, 2.78 GMac, 100.000% MACs, 
  (enc_embedding): DataEmbedding(
    1.33 M, 9.213% Params, 127.3 MMac, 4.586% MACs, 
    (value_embedding): TokenEmbedding(
      1.32 M, 9.199% Params, 127.11 MMac, 4.579% MACs, 
      (tokenConv): Conv1d(1.32 M, 9.199% Params, 127.11 MMac, 4.579% MACs, 862, 512, kernel_size=(3,), stride=(1,), padding=(1,), bias=False, padding_mode=circular)
    )
    (position_embedding): PositionalEmbedding(0, 0.000% Params, 0.0 Mac, 0.000% MACs, )
    (temporal_embedding): TimeFeatureEmbedding(
      2.05 k, 0.014% Params, 196.61 KMac, 0.007% MACs, 
      (embed): Linear(2.05 k, 0.014% Params, 196.61 KMac, 0.007% MACs, in_features=4, out_features=512, bias=False)
    )
    (dropout): Dropout(0, 0.000% Params, 0.0 Mac, 0.000% MACs, p=0.05, inplace=False)
  )
  (dec_embedding): DataEmbedding(
    1.33 M, 9.213% Params, 509.21 MMac, 18.345% MACs, 
    (value_embedding): TokenEmbedding(
      1.32 M, 9.199% Params, 508.43 MMac, 18.317% MACs, 
      (tokenConv): Conv1d(1.32 M, 9.199% Params, 508.43 MMac, 18.317% MACs, 862, 512, kernel_size=(3,), stride=(1,), padding=(1,), bias=False, padding_mode=circular)
    )
    (position_embedding): PositionalEmbedding(0, 0.000% Params, 0.0 Mac, 0.000% MACs, )
    (temporal_embedding): TimeFeatureEmbedding(
      2.05 k, 0.014% Params, 786.43 KMac, 0.028% MACs, 
      (embed): Linear(2.05 k, 0.014% Params, 786.43 KMac, 0.028% MACs, in_features=4, out_features=512, bias=False)
    )
    (dropout): Dropout(0, 0.000% Params, 0.0 Mac, 0.000% MACs, p=0.05, inplace=False)
  )
  (encoder): Encoder(
    7.09 M, 49.250% Params, 533.83 MMac, 19.232% MACs, 
    (attn_layers): ModuleList(
      6.3 M, 43.775% Params, 456.51 MMac, 16.446% MACs, 
      (0): EncoderLayer(
        3.15 M, 21.888% Params, 302.24 MMac, 10.888% MACs, 
        (attention): AttentionLayer(
          1.05 M, 7.299% Params, 100.67 MMac, 3.627% MACs, 
          (inner_attention): ProbAttention(
            0, 0.000% Params, 0.0 Mac, 0.000% MACs, 
            (dropout): Dropout(0, 0.000% Params, 0.0 Mac, 0.000% MACs, p=0.05, inplace=False)
          )
          (query_projection): Linear(262.66 k, 1.825% Params, 25.17 MMac, 0.907% MACs, in_features=512, out_features=512, bias=True)
          (key_projection): Linear(262.66 k, 1.825% Params, 25.17 MMac, 0.907% MACs, in_features=512, out_features=512, bias=True)
          (value_projection): Linear(262.66 k, 1.825% Params, 25.17 MMac, 0.907% MACs, in_features=512, out_features=512, bias=True)
          (out_projection): Linear(262.66 k, 1.825% Params, 25.17 MMac, 0.907% MACs, in_features=512, out_features=512, bias=True)
        )
        (conv1): Conv1d(1.05 M, 7.299% Params, 100.86 MMac, 3.634% MACs, 512, 2048, kernel_size=(1,), stride=(1,))
        (conv2): Conv1d(1.05 M, 7.289% Params, 100.71 MMac, 3.628% MACs, 2048, 512, kernel_size=(1,), stride=(1,))
        (norm1): LayerNorm(0, 0.000% Params, 0.0 Mac, 0.000% MACs, (512,), eps=1e-05, elementwise_affine=True)
        (norm2): LayerNorm(0, 0.000% Params, 0.0 Mac, 0.000% MACs, (512,), eps=1e-05, elementwise_affine=True)
        (dropout): Dropout(0, 0.000% Params, 0.0 Mac, 0.000% MACs, p=0.05, inplace=False)
      )
      (1): EncoderLayer(
        3.15 M, 21.888% Params, 154.27 MMac, 5.558% MACs, 
        (attention): AttentionLayer(
          1.05 M, 7.299% Params, 51.38 MMac, 1.851% MACs, 
          (inner_attention): ProbAttention(
            0, 0.000% Params, 0.0 Mac, 0.000% MACs, 
            (dropout): Dropout(0, 0.000% Params, 0.0 Mac, 0.000% MACs, p=0.05, inplace=False)
          )
          (query_projection): Linear(262.66 k, 1.825% Params, 12.85 MMac, 0.463% MACs, in_features=512, out_features=512, bias=True)
          (key_projection): Linear(262.66 k, 1.825% Params, 12.85 MMac, 0.463% MACs, in_features=512, out_features=512, bias=True)
          (value_projection): Linear(262.66 k, 1.825% Params, 12.85 MMac, 0.463% MACs, in_features=512, out_features=512, bias=True)
          (out_projection): Linear(262.66 k, 1.825% Params, 12.85 MMac, 0.463% MACs, in_features=512, out_features=512, bias=True)
        )
        (conv1): Conv1d(1.05 M, 7.299% Params, 51.48 MMac, 1.855% MACs, 512, 2048, kernel_size=(1,), stride=(1,))
        (conv2): Conv1d(1.05 M, 7.289% Params, 51.41 MMac, 1.852% MACs, 2048, 512, kernel_size=(1,), stride=(1,))
        (norm1): LayerNorm(0, 0.000% Params, 0.0 Mac, 0.000% MACs, (512,), eps=1e-05, elementwise_affine=True)
        (norm2): LayerNorm(0, 0.000% Params, 0.0 Mac, 0.000% MACs, (512,), eps=1e-05, elementwise_affine=True)
        (dropout): Dropout(0, 0.000% Params, 0.0 Mac, 0.000% MACs, p=0.05, inplace=False)
      )
    )
    (conv_layers): ModuleList(
      787.97 k, 5.475% Params, 77.32 MMac, 2.786% MACs, 
      (0): ConvLayer(
        787.97 k, 5.475% Params, 77.32 MMac, 2.786% MACs, 
        (downConv): Conv1d(786.94 k, 5.467% Params, 77.12 MMac, 2.778% MACs, 512, 512, kernel_size=(3,), stride=(1,), padding=(2,), padding_mode=circular)
        (norm): BatchNorm1d(1.02 k, 0.007% Params, 100.35 KMac, 0.004% MACs, 512, eps=1e-05, momentum=0.1, affine=True, track_running_stats=True)
        (activation): ELU(0, 0.000% Params, 50.18 KMac, 0.002% MACs, alpha=1.0)
        (maxPool): MaxPool1d(0, 0.000% Params, 50.18 KMac, 0.002% MACs, kernel_size=3, stride=2, padding=1, dilation=1, ceil_mode=False)
      )
    )
    (norm): LayerNorm(0, 0.000% Params, 0.0 Mac, 0.000% MACs, (512,), eps=1e-05, elementwise_affine=True)
  )
  (decoder): Decoder(
    4.64 M, 32.259% Params, 1.61 GMac, 57.837% MACs, 
    (layers): ModuleList(
      4.2 M, 29.187% Params, 1.44 GMac, 51.732% MACs, 
      (0): DecoderLayer(
        4.2 M, 29.187% Params, 1.44 GMac, 51.732% MACs, 
        (self_attention): AttentionLayer(
          1.05 M, 7.299% Params, 402.66 MMac, 14.506% MACs, 
          (inner_attention): ProbAttention(
            0, 0.000% Params, 0.0 Mac, 0.000% MACs, 
            (dropout): Dropout(0, 0.000% Params, 0.0 Mac, 0.000% MACs, p=0.05, inplace=False)
          )
          (query_projection): Linear(262.66 k, 1.825% Params, 100.66 MMac, 3.626% MACs, in_features=512, out_features=512, bias=True)
          (key_projection): Linear(262.66 k, 1.825% Params, 100.66 MMac, 3.626% MACs, in_features=512, out_features=512, bias=True)
          (value_projection): Linear(262.66 k, 1.825% Params, 100.66 MMac, 3.626% MACs, in_features=512, out_features=512, bias=True)
          (out_projection): Linear(262.66 k, 1.825% Params, 100.66 MMac, 3.626% MACs, in_features=512, out_features=512, bias=True)
        )
        (cross_attention): AttentionLayer(
          1.05 M, 7.299% Params, 227.02 MMac, 8.179% MACs, 
          (inner_attention): ProbAttention(
            0, 0.000% Params, 0.0 Mac, 0.000% MACs, 
            (dropout): Dropout(0, 0.000% Params, 0.0 Mac, 0.000% MACs, p=0.05, inplace=False)
          )
          (query_projection): Linear(262.66 k, 1.825% Params, 100.66 MMac, 3.626% MACs, in_features=512, out_features=512, bias=True)
          (key_projection): Linear(262.66 k, 1.825% Params, 12.85 MMac, 0.463% MACs, in_features=512, out_features=512, bias=True)
          (value_projection): Linear(262.66 k, 1.825% Params, 12.85 MMac, 0.463% MACs, in_features=512, out_features=512, bias=True)
          (out_projection): Linear(262.66 k, 1.825% Params, 100.66 MMac, 3.626% MACs, in_features=512, out_features=512, bias=True)
        )
        (conv1): Conv1d(1.05 M, 7.299% Params, 403.44 MMac, 14.534% MACs, 512, 2048, kernel_size=(1,), stride=(1,))
        (conv2): Conv1d(1.05 M, 7.289% Params, 402.85 MMac, 14.513% MACs, 2048, 512, kernel_size=(1,), stride=(1,))
        (norm1): LayerNorm(0, 0.000% Params, 0.0 Mac, 0.000% MACs, (512,), eps=1e-05, elementwise_affine=True)
        (norm2): LayerNorm(0, 0.000% Params, 0.0 Mac, 0.000% MACs, (512,), eps=1e-05, elementwise_affine=True)
        (norm3): LayerNorm(0, 0.000% Params, 0.0 Mac, 0.000% MACs, (512,), eps=1e-05, elementwise_affine=True)
        (dropout): Dropout(0, 0.000% Params, 0.0 Mac, 0.000% MACs, p=0.05, inplace=False)
      )
    )
    (norm): LayerNorm(0, 0.000% Params, 0.0 Mac, 0.000% MACs, (512,), eps=1e-05, elementwise_affine=True)
    (projection): Linear(442.21 k, 3.072% Params, 169.48 MMac, 6.106% MACs, in_features=512, out_features=862, bias=True)
  )
)
Computational complexity:       2.78 GMac
Number of parameters:           14.39 M 
