Args in experiment:
Namespace(is_training=1, model_id='ETTm2_96_96', model='Informer', data='ETTm2', root_path='./dataset/', data_path='ETTm2.csv', features='M', target='OT', freq='h', checkpoints='./checkpoints/', seq_len=96, label_len=48, pred_len=96, individual=False, embed_type=0, enc_in=7, dec_in=7, c_out=7, d_model=512, n_heads=8, e_layers=2, d_layers=1, d_ff=2048, moving_avg=25, factor=3, distil=True, dropout=0.05, embed='timeF', activation='gelu', output_attention=False, do_predict=False, num_workers=10, itr=1, train_epochs=10, batch_size=32, patience=3, learning_rate=0.0001, des='Exp', loss='mse', lradj='type1', use_amp=False, use_gpu=True, gpu=5, use_multi_gpu=False, devices='0,1,2,3', test_flop=True)
Use GPU: cuda:5
>>>>>>>start training : ETTm2_96_96_Informer_ETTm2_ftM_sl96_ll48_pl96_dm512_nh8_el2_dl1_df2048_fc3_ebtimeF_dtTrue_Exp_0>>>>>>>>>>>>>>>>>>>>>>>>>>
train 34369
val 11425
test 11425
	iters: 100, epoch: 1 | loss: 0.2109298
	speed: 0.0743s/iter; left time: 791.0018s
	iters: 200, epoch: 1 | loss: 0.1816885
	speed: 0.0420s/iter; left time: 442.2599s
	iters: 300, epoch: 1 | loss: 0.2488056
	speed: 0.0416s/iter; left time: 434.1176s
	iters: 400, epoch: 1 | loss: 0.2891032
	speed: 0.0420s/iter; left time: 434.0628s
	iters: 500, epoch: 1 | loss: 0.2660940
	speed: 0.0417s/iter; left time: 427.3680s
	iters: 600, epoch: 1 | loss: 0.1617531
	speed: 0.0412s/iter; left time: 417.4381s
	iters: 700, epoch: 1 | loss: 0.3382534
	speed: 0.0417s/iter; left time: 418.3934s
	iters: 800, epoch: 1 | loss: 0.2485027
	speed: 0.0419s/iter; left time: 416.6763s
	iters: 900, epoch: 1 | loss: 0.1906598
	speed: 0.0419s/iter; left time: 412.2278s
	iters: 1000, epoch: 1 | loss: 0.1569064
	speed: 0.0432s/iter; left time: 420.3274s
Epoch: 1 cost time: 48.39823293685913
Epoch: 1, Steps: 1074 | Train Loss: 0.2324518 Vali Loss: 0.2791828 Test Loss: 0.4037746
Validation loss decreased (inf --> 0.279183).  Saving model ...
Updating learning rate to 0.0001
	iters: 100, epoch: 2 | loss: 0.1448000
	speed: 0.2125s/iter; left time: 2033.2811s
	iters: 200, epoch: 2 | loss: 0.2578070
	speed: 0.0411s/iter; left time: 389.5471s
	iters: 300, epoch: 2 | loss: 0.1503495
	speed: 0.0412s/iter; left time: 385.6145s
	iters: 400, epoch: 2 | loss: 0.1225707
	speed: 0.0419s/iter; left time: 387.9423s
	iters: 500, epoch: 2 | loss: 0.1258430
	speed: 0.0409s/iter; left time: 375.3470s
	iters: 600, epoch: 2 | loss: 0.1123731
	speed: 0.0412s/iter; left time: 373.3262s
	iters: 700, epoch: 2 | loss: 0.1107189
	speed: 0.0412s/iter; left time: 369.8381s
	iters: 800, epoch: 2 | loss: 0.1758713
	speed: 0.0422s/iter; left time: 373.9107s
	iters: 900, epoch: 2 | loss: 0.1983264
	speed: 0.0422s/iter; left time: 369.5733s
	iters: 1000, epoch: 2 | loss: 0.2227883
	speed: 0.0421s/iter; left time: 364.7688s
Epoch: 2 cost time: 46.12985420227051
Epoch: 2, Steps: 1074 | Train Loss: 0.1655094 Vali Loss: 0.2602491 Test Loss: 0.4162607
Validation loss decreased (0.279183 --> 0.260249).  Saving model ...
Updating learning rate to 5e-05
	iters: 100, epoch: 3 | loss: 0.1262766
	speed: 0.2116s/iter; left time: 1796.7718s
	iters: 200, epoch: 3 | loss: 0.2400196
	speed: 0.0406s/iter; left time: 340.4408s
	iters: 300, epoch: 3 | loss: 0.1691440
	speed: 0.0404s/iter; left time: 335.1621s
	iters: 400, epoch: 3 | loss: 0.1312740
	speed: 0.0409s/iter; left time: 335.1422s
	iters: 500, epoch: 3 | loss: 0.1104910
	speed: 0.0405s/iter; left time: 328.0209s
	iters: 600, epoch: 3 | loss: 0.1444208
	speed: 0.0408s/iter; left time: 325.9157s
	iters: 700, epoch: 3 | loss: 0.1079290
	speed: 0.0410s/iter; left time: 323.7647s
	iters: 800, epoch: 3 | loss: 0.2076777
	speed: 0.0416s/iter; left time: 324.4544s
	iters: 900, epoch: 3 | loss: 0.1243657
	speed: 0.0418s/iter; left time: 321.3065s
	iters: 1000, epoch: 3 | loss: 0.1062114
	speed: 0.0413s/iter; left time: 313.2832s
Epoch: 3 cost time: 45.53246068954468
Epoch: 3, Steps: 1074 | Train Loss: 0.1329956 Vali Loss: 0.4260269 Test Loss: 0.7228191
EarlyStopping counter: 1 out of 3
Updating learning rate to 2.5e-05
	iters: 100, epoch: 4 | loss: 0.1463688
	speed: 0.2074s/iter; left time: 1538.7487s
	iters: 200, epoch: 4 | loss: 0.1203512
	speed: 0.0408s/iter; left time: 298.9215s
	iters: 300, epoch: 4 | loss: 0.1364594
	speed: 0.0407s/iter; left time: 293.7144s
	iters: 400, epoch: 4 | loss: 0.1123505
	speed: 0.0405s/iter; left time: 288.5011s
	iters: 500, epoch: 4 | loss: 0.0931192
	speed: 0.0401s/iter; left time: 281.5235s
	iters: 600, epoch: 4 | loss: 0.0980986
	speed: 0.0406s/iter; left time: 280.9550s
	iters: 700, epoch: 4 | loss: 0.0870718
	speed: 0.0413s/iter; left time: 281.3228s
	iters: 800, epoch: 4 | loss: 0.1016335
	speed: 0.0401s/iter; left time: 269.3927s
	iters: 900, epoch: 4 | loss: 0.1272912
	speed: 0.0407s/iter; left time: 269.7141s
	iters: 1000, epoch: 4 | loss: 0.0914429
	speed: 0.0407s/iter; left time: 265.2881s
Epoch: 4 cost time: 44.98552703857422
Epoch: 4, Steps: 1074 | Train Loss: 0.1145302 Vali Loss: 0.4688581 Test Loss: 0.8499167
EarlyStopping counter: 2 out of 3
Updating learning rate to 1.25e-05
	iters: 100, epoch: 5 | loss: 0.1093055
	speed: 0.2079s/iter; left time: 1319.2267s
	iters: 200, epoch: 5 | loss: 0.1233911
	speed: 0.0423s/iter; left time: 263.9177s
	iters: 300, epoch: 5 | loss: 0.1118110
	speed: 0.0411s/iter; left time: 252.3023s
	iters: 400, epoch: 5 | loss: 0.1357376
	speed: 0.0406s/iter; left time: 245.4887s
	iters: 500, epoch: 5 | loss: 0.0985555
	speed: 0.0408s/iter; left time: 242.7620s
	iters: 600, epoch: 5 | loss: 0.1099520
	speed: 0.0411s/iter; left time: 239.9624s
	iters: 700, epoch: 5 | loss: 0.1025812
	speed: 0.0419s/iter; left time: 240.6064s
	iters: 800, epoch: 5 | loss: 0.0940372
	speed: 0.0435s/iter; left time: 245.7805s
	iters: 900, epoch: 5 | loss: 0.0865800
	speed: 0.0443s/iter; left time: 245.3850s
	iters: 1000, epoch: 5 | loss: 0.0944089
	speed: 0.0443s/iter; left time: 241.1055s
Epoch: 5 cost time: 47.014492988586426
Epoch: 5, Steps: 1074 | Train Loss: 0.1039177 Vali Loss: 0.5001791 Test Loss: 0.8871267
EarlyStopping counter: 3 out of 3
Early stopping
>>>>>>>testing : ETTm2_96_96_Informer_ETTm2_ftM_sl96_ll48_pl96_dm512_nh8_el2_dl1_df2048_fc3_ebtimeF_dtTrue_Exp_0<<<<<<<<<<<<<<<<<<<<<<<<<<<<<<<<<
test 11425
mse:0.41611921787261963, mae:0.4958331286907196
INFO: Trainable parameter count: 0.01M
INFO: Trainable parameter count: 0.01M
INFO: Trainable parameter count: 0.02M
INFO: Trainable parameter count: 0.03M
INFO: Trainable parameter count: 0.29M
INFO: Trainable parameter count: 0.29M
INFO: Trainable parameter count: 0.55M
INFO: Trainable parameter count: 0.55M
INFO: Trainable parameter count: 0.81M
INFO: Trainable parameter count: 0.81M
INFO: Trainable parameter count: 1.08M
INFO: Trainable parameter count: 1.08M
INFO: Trainable parameter count: 2.12M
INFO: Trainable parameter count: 2.13M
INFO: Trainable parameter count: 3.18M
INFO: Trainable parameter count: 3.18M
INFO: Trainable parameter count: 3.18M
INFO: Trainable parameter count: 3.18M
INFO: Trainable parameter count: 3.18M
INFO: Trainable parameter count: 3.18M
INFO: Trainable parameter count: 3.44M
INFO: Trainable parameter count: 3.44M
INFO: Trainable parameter count: 3.70M
INFO: Trainable parameter count: 3.70M
INFO: Trainable parameter count: 3.97M
INFO: Trainable parameter count: 3.97M
INFO: Trainable parameter count: 4.23M
INFO: Trainable parameter count: 4.23M
INFO: Trainable parameter count: 5.28M
INFO: Trainable parameter count: 5.28M
INFO: Trainable parameter count: 6.33M
INFO: Trainable parameter count: 6.33M
INFO: Trainable parameter count: 6.33M
INFO: Trainable parameter count: 6.33M
INFO: Trainable parameter count: 6.33M
INFO: Trainable parameter count: 6.33M
INFO: Trainable parameter count: 7.12M
INFO: Trainable parameter count: 7.12M
INFO: Trainable parameter count: 7.12M
INFO: Trainable parameter count: 7.12M
INFO: Trainable parameter count: 7.12M
INFO: Trainable parameter count: 7.12M
INFO: Trainable parameter count: 7.38M
INFO: Trainable parameter count: 7.38M
INFO: Trainable parameter count: 7.64M
INFO: Trainable parameter count: 7.64M
INFO: Trainable parameter count: 7.91M
INFO: Trainable parameter count: 7.91M
INFO: Trainable parameter count: 8.17M
INFO: Trainable parameter count: 8.17M
INFO: Trainable parameter count: 8.43M
INFO: Trainable parameter count: 8.43M
INFO: Trainable parameter count: 8.69M
INFO: Trainable parameter count: 8.70M
INFO: Trainable parameter count: 8.96M
INFO: Trainable parameter count: 8.96M
INFO: Trainable parameter count: 9.22M
INFO: Trainable parameter count: 9.22M
INFO: Trainable parameter count: 10.27M
INFO: Trainable parameter count: 10.27M
INFO: Trainable parameter count: 11.32M
INFO: Trainable parameter count: 11.32M
INFO: Trainable parameter count: 11.32M
INFO: Trainable parameter count: 11.32M
INFO: Trainable parameter count: 11.32M
INFO: Trainable parameter count: 11.32M
INFO: Trainable parameter count: 11.32M
INFO: Trainable parameter count: 11.32M
INFO: Trainable parameter count: 11.32M
INFO: Trainable parameter count: 11.32M
INFO: Trainable parameter count: 11.33M
INFO: Trainable parameter count: 11.33M
Model(
  11.32 M, 99.919% Params, 1.09 GMac, 100.000% MACs, 
  (enc_embedding): DataEmbedding(
    12.8 k, 0.113% Params, 1.23 MMac, 0.113% MACs, 
    (value_embedding): TokenEmbedding(
      10.75 k, 0.095% Params, 1.03 MMac, 0.095% MACs, 
      (tokenConv): Conv1d(10.75 k, 0.095% Params, 1.03 MMac, 0.095% MACs, 7, 512, kernel_size=(3,), stride=(1,), padding=(1,), bias=False, padding_mode=circular)
    )
    (position_embedding): PositionalEmbedding(0, 0.000% Params, 0.0 Mac, 0.000% MACs, )
    (temporal_embedding): TimeFeatureEmbedding(
      2.05 k, 0.018% Params, 196.61 KMac, 0.018% MACs, 
      (embed): Linear(2.05 k, 0.018% Params, 196.61 KMac, 0.018% MACs, in_features=4, out_features=512, bias=False)
    )
    (dropout): Dropout(0, 0.000% Params, 0.0 Mac, 0.000% MACs, p=0.05, inplace=False)
  )
  (dec_embedding): DataEmbedding(
    12.8 k, 0.113% Params, 1.84 MMac, 0.169% MACs, 
    (value_embedding): TokenEmbedding(
      10.75 k, 0.095% Params, 1.55 MMac, 0.142% MACs, 
      (tokenConv): Conv1d(10.75 k, 0.095% Params, 1.55 MMac, 0.142% MACs, 7, 512, kernel_size=(3,), stride=(1,), padding=(1,), bias=False, padding_mode=circular)
    )
    (position_embedding): PositionalEmbedding(0, 0.000% Params, 0.0 Mac, 0.000% MACs, )
    (temporal_embedding): TimeFeatureEmbedding(
      2.05 k, 0.018% Params, 294.91 KMac, 0.027% MACs, 
      (embed): Linear(2.05 k, 0.018% Params, 294.91 KMac, 0.027% MACs, in_features=4, out_features=512, bias=False)
    )
    (dropout): Dropout(0, 0.000% Params, 0.0 Mac, 0.000% MACs, p=0.05, inplace=False)
  )
  (encoder): Encoder(
    7.09 M, 62.576% Params, 533.83 MMac, 48.887% MACs, 
    (attn_layers): ModuleList(
      6.3 M, 55.620% Params, 456.51 MMac, 41.806% MACs, 
      (0): EncoderLayer(
        3.15 M, 27.810% Params, 302.24 MMac, 27.678% MACs, 
        (attention): AttentionLayer(
          1.05 M, 9.275% Params, 100.67 MMac, 9.219% MACs, 
          (inner_attention): ProbAttention(
            0, 0.000% Params, 0.0 Mac, 0.000% MACs, 
            (dropout): Dropout(0, 0.000% Params, 0.0 Mac, 0.000% MACs, p=0.05, inplace=False)
          )
          (query_projection): Linear(262.66 k, 2.319% Params, 25.17 MMac, 2.305% MACs, in_features=512, out_features=512, bias=True)
          (key_projection): Linear(262.66 k, 2.319% Params, 25.17 MMac, 2.305% MACs, in_features=512, out_features=512, bias=True)
          (value_projection): Linear(262.66 k, 2.319% Params, 25.17 MMac, 2.305% MACs, in_features=512, out_features=512, bias=True)
          (out_projection): Linear(262.66 k, 2.319% Params, 25.17 MMac, 2.305% MACs, in_features=512, out_features=512, bias=True)
        )
        (conv1): Conv1d(1.05 M, 9.275% Params, 100.86 MMac, 9.237% MACs, 512, 2048, kernel_size=(1,), stride=(1,))
        (conv2): Conv1d(1.05 M, 9.261% Params, 100.71 MMac, 9.223% MACs, 2048, 512, kernel_size=(1,), stride=(1,))
        (norm1): LayerNorm(0, 0.000% Params, 0.0 Mac, 0.000% MACs, (512,), eps=1e-05, elementwise_affine=True)
        (norm2): LayerNorm(0, 0.000% Params, 0.0 Mac, 0.000% MACs, (512,), eps=1e-05, elementwise_affine=True)
        (dropout): Dropout(0, 0.000% Params, 0.0 Mac, 0.000% MACs, p=0.05, inplace=False)
      )
      (1): EncoderLayer(
        3.15 M, 27.810% Params, 154.27 MMac, 14.128% MACs, 
        (attention): AttentionLayer(
          1.05 M, 9.275% Params, 51.38 MMac, 4.706% MACs, 
          (inner_attention): ProbAttention(
            0, 0.000% Params, 0.0 Mac, 0.000% MACs, 
            (dropout): Dropout(0, 0.000% Params, 0.0 Mac, 0.000% MACs, p=0.05, inplace=False)
          )
          (query_projection): Linear(262.66 k, 2.319% Params, 12.85 MMac, 1.176% MACs, in_features=512, out_features=512, bias=True)
          (key_projection): Linear(262.66 k, 2.319% Params, 12.85 MMac, 1.176% MACs, in_features=512, out_features=512, bias=True)
          (value_projection): Linear(262.66 k, 2.319% Params, 12.85 MMac, 1.176% MACs, in_features=512, out_features=512, bias=True)
          (out_projection): Linear(262.66 k, 2.319% Params, 12.85 MMac, 1.176% MACs, in_features=512, out_features=512, bias=True)
        )
        (conv1): Conv1d(1.05 M, 9.275% Params, 51.48 MMac, 4.715% MACs, 512, 2048, kernel_size=(1,), stride=(1,))
        (conv2): Conv1d(1.05 M, 9.261% Params, 51.41 MMac, 4.708% MACs, 2048, 512, kernel_size=(1,), stride=(1,))
        (norm1): LayerNorm(0, 0.000% Params, 0.0 Mac, 0.000% MACs, (512,), eps=1e-05, elementwise_affine=True)
        (norm2): LayerNorm(0, 0.000% Params, 0.0 Mac, 0.000% MACs, (512,), eps=1e-05, elementwise_affine=True)
        (dropout): Dropout(0, 0.000% Params, 0.0 Mac, 0.000% MACs, p=0.05, inplace=False)
      )
    )
    (conv_layers): ModuleList(
      787.97 k, 6.956% Params, 77.32 MMac, 7.081% MACs, 
      (0): ConvLayer(
        787.97 k, 6.956% Params, 77.32 MMac, 7.081% MACs, 
        (downConv): Conv1d(786.94 k, 6.947% Params, 77.12 MMac, 7.063% MACs, 512, 512, kernel_size=(3,), stride=(1,), padding=(2,), padding_mode=circular)
        (norm): BatchNorm1d(1.02 k, 0.009% Params, 100.35 KMac, 0.009% MACs, 512, eps=1e-05, momentum=0.1, affine=True, track_running_stats=True)
        (activation): ELU(0, 0.000% Params, 50.18 KMac, 0.005% MACs, alpha=1.0)
        (maxPool): MaxPool1d(0, 0.000% Params, 50.18 KMac, 0.005% MACs, kernel_size=3, stride=2, padding=1, dilation=1, ceil_mode=False)
      )
    )
    (norm): LayerNorm(0, 0.000% Params, 0.0 Mac, 0.000% MACs, (512,), eps=1e-05, elementwise_affine=True)
  )
  (decoder): Decoder(
    4.2 M, 37.116% Params, 555.06 MMac, 50.832% MACs, 
    (layers): ModuleList(
      4.2 M, 37.085% Params, 554.55 MMac, 50.784% MACs, 
      (0): DecoderLayer(
        4.2 M, 37.085% Params, 554.55 MMac, 50.784% MACs, 
        (self_attention): AttentionLayer(
          1.05 M, 9.275% Params, 151.0 MMac, 13.828% MACs, 
          (inner_attention): ProbAttention(
            0, 0.000% Params, 0.0 Mac, 0.000% MACs, 
            (dropout): Dropout(0, 0.000% Params, 0.0 Mac, 0.000% MACs, p=0.05, inplace=False)
          )
          (query_projection): Linear(262.66 k, 2.319% Params, 37.75 MMac, 3.457% MACs, in_features=512, out_features=512, bias=True)
          (key_projection): Linear(262.66 k, 2.319% Params, 37.75 MMac, 3.457% MACs, in_features=512, out_features=512, bias=True)
          (value_projection): Linear(262.66 k, 2.319% Params, 37.75 MMac, 3.457% MACs, in_features=512, out_features=512, bias=True)
          (out_projection): Linear(262.66 k, 2.319% Params, 37.75 MMac, 3.457% MACs, in_features=512, out_features=512, bias=True)
        )
        (cross_attention): AttentionLayer(
          1.05 M, 9.275% Params, 101.19 MMac, 9.267% MACs, 
          (inner_attention): ProbAttention(
            0, 0.000% Params, 0.0 Mac, 0.000% MACs, 
            (dropout): Dropout(0, 0.000% Params, 0.0 Mac, 0.000% MACs, p=0.05, inplace=False)
          )
          (query_projection): Linear(262.66 k, 2.319% Params, 37.75 MMac, 3.457% MACs, in_features=512, out_features=512, bias=True)
          (key_projection): Linear(262.66 k, 2.319% Params, 12.85 MMac, 1.176% MACs, in_features=512, out_features=512, bias=True)
          (value_projection): Linear(262.66 k, 2.319% Params, 12.85 MMac, 1.176% MACs, in_features=512, out_features=512, bias=True)
          (out_projection): Linear(262.66 k, 2.319% Params, 37.75 MMac, 3.457% MACs, in_features=512, out_features=512, bias=True)
        )
        (conv1): Conv1d(1.05 M, 9.275% Params, 151.29 MMac, 13.855% MACs, 512, 2048, kernel_size=(1,), stride=(1,))
        (conv2): Conv1d(1.05 M, 9.261% Params, 151.07 MMac, 13.835% MACs, 2048, 512, kernel_size=(1,), stride=(1,))
        (norm1): LayerNorm(0, 0.000% Params, 0.0 Mac, 0.000% MACs, (512,), eps=1e-05, elementwise_affine=True)
        (norm2): LayerNorm(0, 0.000% Params, 0.0 Mac, 0.000% MACs, (512,), eps=1e-05, elementwise_affine=True)
        (norm3): LayerNorm(0, 0.000% Params, 0.0 Mac, 0.000% MACs, (512,), eps=1e-05, elementwise_affine=True)
        (dropout): Dropout(0, 0.000% Params, 0.0 Mac, 0.000% MACs, p=0.05, inplace=False)
      )
    )
    (norm): LayerNorm(0, 0.000% Params, 0.0 Mac, 0.000% MACs, (512,), eps=1e-05, elementwise_affine=True)
    (projection): Linear(3.59 k, 0.032% Params, 516.1 KMac, 0.047% MACs, in_features=512, out_features=7, bias=True)
  )
)
Computational complexity:       1.09 GMac
Number of parameters:           11.33 M 
