Args in experiment:
Namespace(is_training=1, model_id='electricity_96_192', model='Informer', data='custom', root_path='./dataset/', data_path='electricity.csv', features='M', target='OT', freq='h', checkpoints='./checkpoints/', seq_len=96, label_len=48, pred_len=192, individual=False, embed_type=0, enc_in=321, dec_in=321, c_out=321, d_model=512, n_heads=8, e_layers=2, d_layers=1, d_ff=2048, moving_avg=25, factor=3, distil=True, dropout=0.05, embed='timeF', activation='gelu', output_attention=False, do_predict=False, num_workers=10, itr=1, train_epochs=10, batch_size=32, patience=3, learning_rate=0.0001, des='Exp', loss='mse', lradj='type1', use_amp=False, use_gpu=True, gpu=1, use_multi_gpu=False, devices='0,1,2,3', test_flop=True)
Use GPU: cuda:1
>>>>>>>start training : electricity_96_192_Informer_custom_ftM_sl96_ll48_pl192_dm512_nh8_el2_dl1_df2048_fc3_ebtimeF_dtTrue_Exp_0>>>>>>>>>>>>>>>>>>>>>>>>>>
train 18125
val 2441
test 5069
	iters: 100, epoch: 1 | loss: 0.7519765
	speed: 0.1025s/iter; left time: 569.9125s
	iters: 200, epoch: 1 | loss: 0.7354999
	speed: 0.0696s/iter; left time: 379.8374s
	iters: 300, epoch: 1 | loss: 0.5894947
	speed: 0.0735s/iter; left time: 393.9192s
	iters: 400, epoch: 1 | loss: 0.4778830
	speed: 0.0737s/iter; left time: 387.6355s
	iters: 500, epoch: 1 | loss: 0.3554239
	speed: 0.0744s/iter; left time: 383.8480s
Epoch: 1 cost time: 44.12771248817444
Epoch: 1, Steps: 566 | Train Loss: 0.6127352 Vali Loss: 0.3532664 Test Loss: 0.4169190
Validation loss decreased (inf --> 0.353266).  Saving model ...
Updating learning rate to 0.0001
	iters: 100, epoch: 2 | loss: 0.2579169
	speed: 0.2645s/iter; left time: 1321.2200s
	iters: 200, epoch: 2 | loss: 0.2253174
	speed: 0.0709s/iter; left time: 346.9400s
	iters: 300, epoch: 2 | loss: 0.2306039
	speed: 0.0699s/iter; left time: 335.1737s
	iters: 400, epoch: 2 | loss: 0.2204279
	speed: 0.0686s/iter; left time: 322.0142s
	iters: 500, epoch: 2 | loss: 0.2084628
	speed: 0.0689s/iter; left time: 316.3872s
Epoch: 2 cost time: 40.72520208358765
Epoch: 2, Steps: 566 | Train Loss: 0.2318679 Vali Loss: 0.2521685 Test Loss: 0.3445603
Validation loss decreased (0.353266 --> 0.252169).  Saving model ...
Updating learning rate to 5e-05
	iters: 100, epoch: 3 | loss: 0.1903720
	speed: 0.2609s/iter; left time: 1155.6035s
	iters: 200, epoch: 3 | loss: 0.2097235
	speed: 0.0660s/iter; left time: 285.5038s
	iters: 300, epoch: 3 | loss: 0.1951294
	speed: 0.0674s/iter; left time: 285.0713s
	iters: 400, epoch: 3 | loss: 0.1832035
	speed: 0.0677s/iter; left time: 279.5114s
	iters: 500, epoch: 3 | loss: 0.1880382
	speed: 0.0673s/iter; left time: 270.9574s
Epoch: 3 cost time: 39.42954611778259
Epoch: 3, Steps: 566 | Train Loss: 0.1902195 Vali Loss: 0.2480040 Test Loss: 0.3504254
Validation loss decreased (0.252169 --> 0.248004).  Saving model ...
Updating learning rate to 2.5e-05
	iters: 100, epoch: 4 | loss: 0.1742691
	speed: 0.2516s/iter; left time: 971.8310s
	iters: 200, epoch: 4 | loss: 0.1760791
	speed: 0.0660s/iter; left time: 248.4198s
	iters: 300, epoch: 4 | loss: 0.1737450
	speed: 0.0648s/iter; left time: 237.2685s
	iters: 400, epoch: 4 | loss: 0.1716305
	speed: 0.0650s/iter; left time: 231.5210s
	iters: 500, epoch: 4 | loss: 0.1765904
	speed: 0.0651s/iter; left time: 225.3317s
Epoch: 4 cost time: 38.586939573287964
Epoch: 4, Steps: 566 | Train Loss: 0.1789984 Vali Loss: 0.2456450 Test Loss: 0.3533959
Validation loss decreased (0.248004 --> 0.245645).  Saving model ...
Updating learning rate to 1.25e-05
	iters: 100, epoch: 5 | loss: 0.1831464
	speed: 0.2463s/iter; left time: 812.2042s
	iters: 200, epoch: 5 | loss: 0.1708888
	speed: 0.0654s/iter; left time: 209.0007s
	iters: 300, epoch: 5 | loss: 0.1637762
	speed: 0.0647s/iter; left time: 200.3940s
	iters: 400, epoch: 5 | loss: 0.1777833
	speed: 0.0654s/iter; left time: 196.1403s
	iters: 500, epoch: 5 | loss: 0.1723110
	speed: 0.0660s/iter; left time: 191.0941s
Epoch: 5 cost time: 38.28395938873291
Epoch: 5, Steps: 566 | Train Loss: 0.1735643 Vali Loss: 0.2436255 Test Loss: 0.3558334
Validation loss decreased (0.245645 --> 0.243626).  Saving model ...
Updating learning rate to 6.25e-06
	iters: 100, epoch: 6 | loss: 0.1694417
	speed: 0.2433s/iter; left time: 664.3275s
	iters: 200, epoch: 6 | loss: 0.1629307
	speed: 0.0649s/iter; left time: 170.8498s
	iters: 300, epoch: 6 | loss: 0.1721779
	speed: 0.0663s/iter; left time: 167.8568s
	iters: 400, epoch: 6 | loss: 0.1693632
	speed: 0.0656s/iter; left time: 159.5476s
	iters: 500, epoch: 6 | loss: 0.1797532
	speed: 0.0647s/iter; left time: 150.7290s
Epoch: 6 cost time: 38.18310737609863
Epoch: 6, Steps: 566 | Train Loss: 0.1708084 Vali Loss: 0.2411889 Test Loss: 0.3551589
Validation loss decreased (0.243626 --> 0.241189).  Saving model ...
Updating learning rate to 3.125e-06
	iters: 100, epoch: 7 | loss: 0.1722020
	speed: 0.2463s/iter; left time: 533.2791s
	iters: 200, epoch: 7 | loss: 0.1650610
	speed: 0.0659s/iter; left time: 136.0622s
	iters: 300, epoch: 7 | loss: 0.1731358
	speed: 0.0664s/iter; left time: 130.5608s
	iters: 400, epoch: 7 | loss: 0.1649694
	speed: 0.0713s/iter; left time: 133.0193s
	iters: 500, epoch: 7 | loss: 0.1666357
	speed: 0.0723s/iter; left time: 127.5250s
Epoch: 7 cost time: 39.90517997741699
Epoch: 7, Steps: 566 | Train Loss: 0.1692506 Vali Loss: 0.2414370 Test Loss: 0.3535017
EarlyStopping counter: 1 out of 3
Updating learning rate to 1.5625e-06
	iters: 100, epoch: 8 | loss: 0.1668132
	speed: 0.2722s/iter; left time: 435.1814s
	iters: 200, epoch: 8 | loss: 0.1685468
	speed: 0.0699s/iter; left time: 104.8117s
	iters: 300, epoch: 8 | loss: 0.1694907
	speed: 0.0725s/iter; left time: 101.4331s
	iters: 400, epoch: 8 | loss: 0.1667204
	speed: 0.0727s/iter; left time: 94.4228s
	iters: 500, epoch: 8 | loss: 0.1652439
	speed: 0.0736s/iter; left time: 88.2607s
Epoch: 8 cost time: 42.21317648887634
Epoch: 8, Steps: 566 | Train Loss: 0.1684627 Vali Loss: 0.2408686 Test Loss: 0.3547710
Validation loss decreased (0.241189 --> 0.240869).  Saving model ...
Updating learning rate to 7.8125e-07
	iters: 100, epoch: 9 | loss: 0.1691575
	speed: 0.2797s/iter; left time: 288.9455s
	iters: 200, epoch: 9 | loss: 0.1693100
	speed: 0.0699s/iter; left time: 65.2257s
	iters: 300, epoch: 9 | loss: 0.1660944
	speed: 0.0699s/iter; left time: 58.2627s
	iters: 400, epoch: 9 | loss: 0.1651847
	speed: 0.0682s/iter; left time: 49.9728s
	iters: 500, epoch: 9 | loss: 0.1597712
	speed: 0.0694s/iter; left time: 43.9076s
Epoch: 9 cost time: 40.88639283180237
Epoch: 9, Steps: 566 | Train Loss: 0.1680747 Vali Loss: 0.2410929 Test Loss: 0.3549176
EarlyStopping counter: 1 out of 3
Updating learning rate to 3.90625e-07
	iters: 100, epoch: 10 | loss: 0.1710895
	speed: 0.2809s/iter; left time: 131.1895s
	iters: 200, epoch: 10 | loss: 0.1653423
	speed: 0.0728s/iter; left time: 26.7046s
	iters: 300, epoch: 10 | loss: 0.1661498
	speed: 0.0726s/iter; left time: 19.3937s
	iters: 400, epoch: 10 | loss: 0.1689954
	speed: 0.0726s/iter; left time: 12.1186s
	iters: 500, epoch: 10 | loss: 0.1703282
	speed: 0.0709s/iter; left time: 4.7536s
Epoch: 10 cost time: 42.19667863845825
Epoch: 10, Steps: 566 | Train Loss: 0.1678028 Vali Loss: 0.2413273 Test Loss: 0.3567649
EarlyStopping counter: 2 out of 3
Updating learning rate to 1.953125e-07
>>>>>>>testing : electricity_96_192_Informer_custom_ftM_sl96_ll48_pl192_dm512_nh8_el2_dl1_df2048_fc3_ebtimeF_dtTrue_Exp_0<<<<<<<<<<<<<<<<<<<<<<<<<<<<<<<<<
test 5069
mse:0.35485202074050903, mae:0.4367593228816986
INFO: Trainable parameter count: 0.49M
INFO: Trainable parameter count: 0.50M
INFO: Trainable parameter count: 0.99M
INFO: Trainable parameter count: 0.99M
INFO: Trainable parameter count: 1.25M
INFO: Trainable parameter count: 1.25M
INFO: Trainable parameter count: 1.52M
INFO: Trainable parameter count: 1.52M
INFO: Trainable parameter count: 1.78M
INFO: Trainable parameter count: 1.78M
INFO: Trainable parameter count: 2.04M
INFO: Trainable parameter count: 2.04M
INFO: Trainable parameter count: 3.09M
INFO: Trainable parameter count: 3.09M
INFO: Trainable parameter count: 4.14M
INFO: Trainable parameter count: 4.14M
INFO: Trainable parameter count: 4.14M
INFO: Trainable parameter count: 4.14M
INFO: Trainable parameter count: 4.14M
INFO: Trainable parameter count: 4.14M
INFO: Trainable parameter count: 4.40M
INFO: Trainable parameter count: 4.41M
INFO: Trainable parameter count: 4.67M
INFO: Trainable parameter count: 4.67M
INFO: Trainable parameter count: 4.93M
INFO: Trainable parameter count: 4.93M
INFO: Trainable parameter count: 5.19M
INFO: Trainable parameter count: 5.19M
INFO: Trainable parameter count: 6.24M
INFO: Trainable parameter count: 6.24M
INFO: Trainable parameter count: 7.29M
INFO: Trainable parameter count: 7.29M
INFO: Trainable parameter count: 7.29M
INFO: Trainable parameter count: 7.29M
INFO: Trainable parameter count: 7.29M
INFO: Trainable parameter count: 7.29M
INFO: Trainable parameter count: 8.08M
INFO: Trainable parameter count: 8.08M
INFO: Trainable parameter count: 8.08M
INFO: Trainable parameter count: 8.08M
INFO: Trainable parameter count: 8.08M
INFO: Trainable parameter count: 8.08M
INFO: Trainable parameter count: 8.35M
INFO: Trainable parameter count: 8.35M
INFO: Trainable parameter count: 8.61M
INFO: Trainable parameter count: 8.61M
INFO: Trainable parameter count: 8.87M
INFO: Trainable parameter count: 8.87M
INFO: Trainable parameter count: 9.13M
INFO: Trainable parameter count: 9.13M
INFO: Trainable parameter count: 9.40M
INFO: Trainable parameter count: 9.40M
INFO: Trainable parameter count: 9.66M
INFO: Trainable parameter count: 9.66M
INFO: Trainable parameter count: 9.92M
INFO: Trainable parameter count: 9.92M
INFO: Trainable parameter count: 10.18M
INFO: Trainable parameter count: 10.19M
INFO: Trainable parameter count: 11.23M
INFO: Trainable parameter count: 11.24M
INFO: Trainable parameter count: 12.28M
INFO: Trainable parameter count: 12.28M
INFO: Trainable parameter count: 12.29M
INFO: Trainable parameter count: 12.29M
INFO: Trainable parameter count: 12.29M
INFO: Trainable parameter count: 12.29M
INFO: Trainable parameter count: 12.29M
INFO: Trainable parameter count: 12.29M
INFO: Trainable parameter count: 12.29M
INFO: Trainable parameter count: 12.29M
INFO: Trainable parameter count: 12.45M
INFO: Trainable parameter count: 12.45M
Model(
  12.44 M, 99.926% Params, 1.65 GMac, 100.000% MACs, 
  (enc_embedding): DataEmbedding(
    495.1 k, 3.976% Params, 47.53 MMac, 2.886% MACs, 
    (value_embedding): TokenEmbedding(
      493.06 k, 3.959% Params, 47.33 MMac, 2.874% MACs, 
      (tokenConv): Conv1d(493.06 k, 3.959% Params, 47.33 MMac, 2.874% MACs, 321, 512, kernel_size=(3,), stride=(1,), padding=(1,), bias=False, padding_mode=circular)
    )
    (position_embedding): PositionalEmbedding(0, 0.000% Params, 0.0 Mac, 0.000% MACs, )
    (temporal_embedding): TimeFeatureEmbedding(
      2.05 k, 0.016% Params, 196.61 KMac, 0.012% MACs, 
      (embed): Linear(2.05 k, 0.016% Params, 196.61 KMac, 0.012% MACs, in_features=4, out_features=512, bias=False)
    )
    (dropout): Dropout(0, 0.000% Params, 0.0 Mac, 0.000% MACs, p=0.05, inplace=False)
  )
  (dec_embedding): DataEmbedding(
    495.1 k, 3.976% Params, 118.82 MMac, 7.216% MACs, 
    (value_embedding): TokenEmbedding(
      493.06 k, 3.959% Params, 118.33 MMac, 7.186% MACs, 
      (tokenConv): Conv1d(493.06 k, 3.959% Params, 118.33 MMac, 7.186% MACs, 321, 512, kernel_size=(3,), stride=(1,), padding=(1,), bias=False, padding_mode=circular)
    )
    (position_embedding): PositionalEmbedding(0, 0.000% Params, 0.0 Mac, 0.000% MACs, )
    (temporal_embedding): TimeFeatureEmbedding(
      2.05 k, 0.016% Params, 491.52 KMac, 0.030% MACs, 
      (embed): Linear(2.05 k, 0.016% Params, 491.52 KMac, 0.030% MACs, in_features=4, out_features=512, bias=False)
    )
    (dropout): Dropout(0, 0.000% Params, 0.0 Mac, 0.000% MACs, p=0.05, inplace=False)
  )
  (encoder): Encoder(
    7.09 M, 56.920% Params, 533.83 MMac, 32.417% MACs, 
    (attn_layers): ModuleList(
      6.3 M, 50.593% Params, 456.51 MMac, 27.722% MACs, 
      (0): EncoderLayer(
        3.15 M, 25.296% Params, 302.24 MMac, 18.354% MACs, 
        (attention): AttentionLayer(
          1.05 M, 8.436% Params, 100.67 MMac, 6.113% MACs, 
          (inner_attention): ProbAttention(
            0, 0.000% Params, 0.0 Mac, 0.000% MACs, 
            (dropout): Dropout(0, 0.000% Params, 0.0 Mac, 0.000% MACs, p=0.05, inplace=False)
          )
          (query_projection): Linear(262.66 k, 2.109% Params, 25.17 MMac, 1.528% MACs, in_features=512, out_features=512, bias=True)
          (key_projection): Linear(262.66 k, 2.109% Params, 25.17 MMac, 1.528% MACs, in_features=512, out_features=512, bias=True)
          (value_projection): Linear(262.66 k, 2.109% Params, 25.17 MMac, 1.528% MACs, in_features=512, out_features=512, bias=True)
          (out_projection): Linear(262.66 k, 2.109% Params, 25.17 MMac, 1.528% MACs, in_features=512, out_features=512, bias=True)
        )
        (conv1): Conv1d(1.05 M, 8.436% Params, 100.86 MMac, 6.125% MACs, 512, 2048, kernel_size=(1,), stride=(1,))
        (conv2): Conv1d(1.05 M, 8.424% Params, 100.71 MMac, 6.116% MACs, 2048, 512, kernel_size=(1,), stride=(1,))
        (norm1): LayerNorm(0, 0.000% Params, 0.0 Mac, 0.000% MACs, (512,), eps=1e-05, elementwise_affine=True)
        (norm2): LayerNorm(0, 0.000% Params, 0.0 Mac, 0.000% MACs, (512,), eps=1e-05, elementwise_affine=True)
        (dropout): Dropout(0, 0.000% Params, 0.0 Mac, 0.000% MACs, p=0.05, inplace=False)
      )
      (1): EncoderLayer(
        3.15 M, 25.296% Params, 154.27 MMac, 9.368% MACs, 
        (attention): AttentionLayer(
          1.05 M, 8.436% Params, 51.38 MMac, 3.120% MACs, 
          (inner_attention): ProbAttention(
            0, 0.000% Params, 0.0 Mac, 0.000% MACs, 
            (dropout): Dropout(0, 0.000% Params, 0.0 Mac, 0.000% MACs, p=0.05, inplace=False)
          )
          (query_projection): Linear(262.66 k, 2.109% Params, 12.85 MMac, 0.780% MACs, in_features=512, out_features=512, bias=True)
          (key_projection): Linear(262.66 k, 2.109% Params, 12.85 MMac, 0.780% MACs, in_features=512, out_features=512, bias=True)
          (value_projection): Linear(262.66 k, 2.109% Params, 12.85 MMac, 0.780% MACs, in_features=512, out_features=512, bias=True)
          (out_projection): Linear(262.66 k, 2.109% Params, 12.85 MMac, 0.780% MACs, in_features=512, out_features=512, bias=True)
        )
        (conv1): Conv1d(1.05 M, 8.436% Params, 51.48 MMac, 3.126% MACs, 512, 2048, kernel_size=(1,), stride=(1,))
        (conv2): Conv1d(1.05 M, 8.424% Params, 51.41 MMac, 3.122% MACs, 2048, 512, kernel_size=(1,), stride=(1,))
        (norm1): LayerNorm(0, 0.000% Params, 0.0 Mac, 0.000% MACs, (512,), eps=1e-05, elementwise_affine=True)
        (norm2): LayerNorm(0, 0.000% Params, 0.0 Mac, 0.000% MACs, (512,), eps=1e-05, elementwise_affine=True)
        (dropout): Dropout(0, 0.000% Params, 0.0 Mac, 0.000% MACs, p=0.05, inplace=False)
      )
    )
    (conv_layers): ModuleList(
      787.97 k, 6.327% Params, 77.32 MMac, 4.695% MACs, 
      (0): ConvLayer(
        787.97 k, 6.327% Params, 77.32 MMac, 4.695% MACs, 
        (downConv): Conv1d(786.94 k, 6.319% Params, 77.12 MMac, 4.683% MACs, 512, 512, kernel_size=(3,), stride=(1,), padding=(2,), padding_mode=circular)
        (norm): BatchNorm1d(1.02 k, 0.008% Params, 100.35 KMac, 0.006% MACs, 512, eps=1e-05, momentum=0.1, affine=True, track_running_stats=True)
        (activation): ELU(0, 0.000% Params, 50.18 KMac, 0.003% MACs, alpha=1.0)
        (maxPool): MaxPool1d(0, 0.000% Params, 50.18 KMac, 0.003% MACs, kernel_size=3, stride=2, padding=1, dilation=1, ceil_mode=False)
      )
    )
    (norm): LayerNorm(0, 0.000% Params, 0.0 Mac, 0.000% MACs, (512,), eps=1e-05, elementwise_affine=True)
  )
  (decoder): Decoder(
    4.37 M, 35.055% Params, 946.56 MMac, 57.481% MACs, 
    (layers): ModuleList(
      4.2 M, 33.733% Params, 907.11 MMac, 55.085% MACs, 
      (0): DecoderLayer(
        4.2 M, 33.733% Params, 907.11 MMac, 55.085% MACs, 
        (self_attention): AttentionLayer(
          1.05 M, 8.436% Params, 251.66 MMac, 15.282% MACs, 
          (inner_attention): ProbAttention(
            0, 0.000% Params, 0.0 Mac, 0.000% MACs, 
            (dropout): Dropout(0, 0.000% Params, 0.0 Mac, 0.000% MACs, p=0.05, inplace=False)
          )
          (query_projection): Linear(262.66 k, 2.109% Params, 62.92 MMac, 3.821% MACs, in_features=512, out_features=512, bias=True)
          (key_projection): Linear(262.66 k, 2.109% Params, 62.92 MMac, 3.821% MACs, in_features=512, out_features=512, bias=True)
          (value_projection): Linear(262.66 k, 2.109% Params, 62.92 MMac, 3.821% MACs, in_features=512, out_features=512, bias=True)
          (out_projection): Linear(262.66 k, 2.109% Params, 62.92 MMac, 3.821% MACs, in_features=512, out_features=512, bias=True)
        )
        (cross_attention): AttentionLayer(
          1.05 M, 8.436% Params, 151.52 MMac, 9.201% MACs, 
          (inner_attention): ProbAttention(
            0, 0.000% Params, 0.0 Mac, 0.000% MACs, 
            (dropout): Dropout(0, 0.000% Params, 0.0 Mac, 0.000% MACs, p=0.05, inplace=False)
          )
          (query_projection): Linear(262.66 k, 2.109% Params, 62.92 MMac, 3.821% MACs, in_features=512, out_features=512, bias=True)
          (key_projection): Linear(262.66 k, 2.109% Params, 12.85 MMac, 0.780% MACs, in_features=512, out_features=512, bias=True)
          (value_projection): Linear(262.66 k, 2.109% Params, 12.85 MMac, 0.780% MACs, in_features=512, out_features=512, bias=True)
          (out_projection): Linear(262.66 k, 2.109% Params, 62.92 MMac, 3.821% MACs, in_features=512, out_features=512, bias=True)
        )
        (conv1): Conv1d(1.05 M, 8.436% Params, 252.15 MMac, 15.312% MACs, 512, 2048, kernel_size=(1,), stride=(1,))
        (conv2): Conv1d(1.05 M, 8.424% Params, 251.78 MMac, 15.290% MACs, 2048, 512, kernel_size=(1,), stride=(1,))
        (norm1): LayerNorm(0, 0.000% Params, 0.0 Mac, 0.000% MACs, (512,), eps=1e-05, elementwise_affine=True)
        (norm2): LayerNorm(0, 0.000% Params, 0.0 Mac, 0.000% MACs, (512,), eps=1e-05, elementwise_affine=True)
        (norm3): LayerNorm(0, 0.000% Params, 0.0 Mac, 0.000% MACs, (512,), eps=1e-05, elementwise_affine=True)
        (dropout): Dropout(0, 0.000% Params, 0.0 Mac, 0.000% MACs, p=0.05, inplace=False)
      )
    )
    (norm): LayerNorm(0, 0.000% Params, 0.0 Mac, 0.000% MACs, (512,), eps=1e-05, elementwise_affine=True)
    (projection): Linear(164.67 k, 1.322% Params, 39.44 MMac, 2.395% MACs, in_features=512, out_features=321, bias=True)
  )
)
Computational complexity:       1.65 GMac
Number of parameters:           12.45 M 
