Args in experiment:
Namespace(is_training=1, model_id='ili_36_36', model='Informer', data='custom', root_path='./dataset/', data_path='national_illness.csv', features='M', target='OT', freq='h', checkpoints='./checkpoints/', seq_len=36, label_len=18, pred_len=36, individual=False, embed_type=0, enc_in=7, dec_in=7, c_out=7, d_model=512, n_heads=8, e_layers=2, d_layers=1, d_ff=2048, moving_avg=25, factor=3, distil=True, dropout=0.05, embed='timeF', activation='gelu', output_attention=False, do_predict=False, num_workers=10, itr=1, train_epochs=10, batch_size=32, patience=3, learning_rate=0.0001, des='Exp', loss='mse', lradj='type1', use_amp=False, use_gpu=True, gpu=7, use_multi_gpu=False, devices='0,1,2,3', test_flop=True)
Use GPU: cuda:7
>>>>>>>start training : ili_36_36_Informer_custom_ftM_sl36_ll18_pl36_dm512_nh8_el2_dl1_df2048_fc3_ebtimeF_dtTrue_Exp_0>>>>>>>>>>>>>>>>>>>>>>>>>>
train 605
val 62
test 158
Epoch: 1 cost time: 4.473822116851807
Epoch: 1, Steps: 18 | Train Loss: 0.7991541 Vali Loss: 0.3981533 Test Loss: 4.4960074
Validation loss decreased (inf --> 0.398153).  Saving model ...
Updating learning rate to 0.0001
Epoch: 2 cost time: 2.119499921798706
Epoch: 2, Steps: 18 | Train Loss: 0.5165839 Vali Loss: 0.3638989 Test Loss: 5.4212875
Validation loss decreased (0.398153 --> 0.363899).  Saving model ...
Updating learning rate to 5e-05
Epoch: 3 cost time: 2.2340195178985596
Epoch: 3, Steps: 18 | Train Loss: 0.4026950 Vali Loss: 0.2378994 Test Loss: 5.3952198
Validation loss decreased (0.363899 --> 0.237899).  Saving model ...
Updating learning rate to 2.5e-05
Epoch: 4 cost time: 1.8543357849121094
Epoch: 4, Steps: 18 | Train Loss: 0.3684213 Vali Loss: 0.2297024 Test Loss: 5.4519243
Validation loss decreased (0.237899 --> 0.229702).  Saving model ...
Updating learning rate to 1.25e-05
Epoch: 5 cost time: 2.2924485206604004
Epoch: 5, Steps: 18 | Train Loss: 0.3445646 Vali Loss: 0.2356294 Test Loss: 5.1353483
EarlyStopping counter: 1 out of 3
Updating learning rate to 6.25e-06
Epoch: 6 cost time: 2.3386940956115723
Epoch: 6, Steps: 18 | Train Loss: 0.3382099 Vali Loss: 0.2342354 Test Loss: 5.1289301
EarlyStopping counter: 2 out of 3
Updating learning rate to 3.125e-06
Epoch: 7 cost time: 2.2598092555999756
Epoch: 7, Steps: 18 | Train Loss: 0.3369497 Vali Loss: 0.2386359 Test Loss: 5.1351042
EarlyStopping counter: 3 out of 3
Early stopping
>>>>>>>testing : ili_36_36_Informer_custom_ftM_sl36_ll18_pl36_dm512_nh8_el2_dl1_df2048_fc3_ebtimeF_dtTrue_Exp_0<<<<<<<<<<<<<<<<<<<<<<<<<<<<<<<<<
test 158
mse:5.453953266143799, mae:1.6297372579574585
INFO: Trainable parameter count: 0.01M
INFO: Trainable parameter count: 0.01M
INFO: Trainable parameter count: 0.02M
INFO: Trainable parameter count: 0.03M
INFO: Trainable parameter count: 0.29M
INFO: Trainable parameter count: 0.29M
INFO: Trainable parameter count: 0.55M
INFO: Trainable parameter count: 0.55M
INFO: Trainable parameter count: 0.81M
INFO: Trainable parameter count: 0.81M
INFO: Trainable parameter count: 1.08M
INFO: Trainable parameter count: 1.08M
INFO: Trainable parameter count: 2.12M
INFO: Trainable parameter count: 2.13M
INFO: Trainable parameter count: 3.18M
INFO: Trainable parameter count: 3.18M
INFO: Trainable parameter count: 3.18M
INFO: Trainable parameter count: 3.18M
INFO: Trainable parameter count: 3.18M
INFO: Trainable parameter count: 3.18M
INFO: Trainable parameter count: 3.44M
INFO: Trainable parameter count: 3.44M
INFO: Trainable parameter count: 3.70M
INFO: Trainable parameter count: 3.70M
INFO: Trainable parameter count: 3.97M
INFO: Trainable parameter count: 3.97M
INFO: Trainable parameter count: 4.23M
INFO: Trainable parameter count: 4.23M
INFO: Trainable parameter count: 5.28M
INFO: Trainable parameter count: 5.28M
INFO: Trainable parameter count: 6.33M
INFO: Trainable parameter count: 6.33M
INFO: Trainable parameter count: 6.33M
INFO: Trainable parameter count: 6.33M
INFO: Trainable parameter count: 6.33M
INFO: Trainable parameter count: 6.33M
INFO: Trainable parameter count: 7.12M
INFO: Trainable parameter count: 7.12M
INFO: Trainable parameter count: 7.12M
INFO: Trainable parameter count: 7.12M
INFO: Trainable parameter count: 7.12M
INFO: Trainable parameter count: 7.12M
INFO: Trainable parameter count: 7.38M
INFO: Trainable parameter count: 7.38M
INFO: Trainable parameter count: 7.64M
INFO: Trainable parameter count: 7.64M
INFO: Trainable parameter count: 7.91M
INFO: Trainable parameter count: 7.91M
INFO: Trainable parameter count: 8.17M
INFO: Trainable parameter count: 8.17M
INFO: Trainable parameter count: 8.43M
INFO: Trainable parameter count: 8.43M
INFO: Trainable parameter count: 8.69M
INFO: Trainable parameter count: 8.70M
INFO: Trainable parameter count: 8.96M
INFO: Trainable parameter count: 8.96M
INFO: Trainable parameter count: 9.22M
INFO: Trainable parameter count: 9.22M
INFO: Trainable parameter count: 10.27M
INFO: Trainable parameter count: 10.27M
INFO: Trainable parameter count: 11.32M
INFO: Trainable parameter count: 11.32M
INFO: Trainable parameter count: 11.32M
INFO: Trainable parameter count: 11.32M
INFO: Trainable parameter count: 11.32M
INFO: Trainable parameter count: 11.32M
INFO: Trainable parameter count: 11.32M
INFO: Trainable parameter count: 11.32M
INFO: Trainable parameter count: 11.32M
INFO: Trainable parameter count: 11.32M
INFO: Trainable parameter count: 11.33M
INFO: Trainable parameter count: 11.33M
Model(
  11.32 M, 99.919% Params, 412.77 MMac, 100.000% MACs, 
  (enc_embedding): DataEmbedding(
    12.8 k, 0.113% Params, 460.8 KMac, 0.112% MACs, 
    (value_embedding): TokenEmbedding(
      10.75 k, 0.095% Params, 387.07 KMac, 0.094% MACs, 
      (tokenConv): Conv1d(10.75 k, 0.095% Params, 387.07 KMac, 0.094% MACs, 7, 512, kernel_size=(3,), stride=(1,), padding=(1,), bias=False, padding_mode=circular)
    )
    (position_embedding): PositionalEmbedding(0, 0.000% Params, 0.0 Mac, 0.000% MACs, )
    (temporal_embedding): TimeFeatureEmbedding(
      2.05 k, 0.018% Params, 73.73 KMac, 0.018% MACs, 
      (embed): Linear(2.05 k, 0.018% Params, 73.73 KMac, 0.018% MACs, in_features=4, out_features=512, bias=False)
    )
    (dropout): Dropout(0, 0.000% Params, 0.0 Mac, 0.000% MACs, p=0.05, inplace=False)
  )
  (dec_embedding): DataEmbedding(
    12.8 k, 0.113% Params, 691.2 KMac, 0.167% MACs, 
    (value_embedding): TokenEmbedding(
      10.75 k, 0.095% Params, 580.61 KMac, 0.141% MACs, 
      (tokenConv): Conv1d(10.75 k, 0.095% Params, 580.61 KMac, 0.141% MACs, 7, 512, kernel_size=(3,), stride=(1,), padding=(1,), bias=False, padding_mode=circular)
    )
    (position_embedding): PositionalEmbedding(0, 0.000% Params, 0.0 Mac, 0.000% MACs, )
    (temporal_embedding): TimeFeatureEmbedding(
      2.05 k, 0.018% Params, 110.59 KMac, 0.027% MACs, 
      (embed): Linear(2.05 k, 0.018% Params, 110.59 KMac, 0.027% MACs, in_features=4, out_features=512, bias=False)
    )
    (dropout): Dropout(0, 0.000% Params, 0.0 Mac, 0.000% MACs, p=0.05, inplace=False)
  )
  (encoder): Encoder(
    7.09 M, 62.576% Params, 203.14 MMac, 49.214% MACs, 
    (attn_layers): ModuleList(
      6.3 M, 55.620% Params, 173.16 MMac, 41.951% MACs, 
      (0): EncoderLayer(
        3.15 M, 27.810% Params, 113.34 MMac, 27.458% MACs, 
        (attention): AttentionLayer(
          1.05 M, 9.275% Params, 37.75 MMac, 9.146% MACs, 
          (inner_attention): ProbAttention(
            0, 0.000% Params, 0.0 Mac, 0.000% MACs, 
            (dropout): Dropout(0, 0.000% Params, 0.0 Mac, 0.000% MACs, p=0.05, inplace=False)
          )
          (query_projection): Linear(262.66 k, 2.319% Params, 9.44 MMac, 2.286% MACs, in_features=512, out_features=512, bias=True)
          (key_projection): Linear(262.66 k, 2.319% Params, 9.44 MMac, 2.286% MACs, in_features=512, out_features=512, bias=True)
          (value_projection): Linear(262.66 k, 2.319% Params, 9.44 MMac, 2.286% MACs, in_features=512, out_features=512, bias=True)
          (out_projection): Linear(262.66 k, 2.319% Params, 9.44 MMac, 2.286% MACs, in_features=512, out_features=512, bias=True)
        )
        (conv1): Conv1d(1.05 M, 9.275% Params, 37.82 MMac, 9.163% MACs, 512, 2048, kernel_size=(1,), stride=(1,))
        (conv2): Conv1d(1.05 M, 9.261% Params, 37.77 MMac, 9.150% MACs, 2048, 512, kernel_size=(1,), stride=(1,))
        (norm1): LayerNorm(0, 0.000% Params, 0.0 Mac, 0.000% MACs, (512,), eps=1e-05, elementwise_affine=True)
        (norm2): LayerNorm(0, 0.000% Params, 0.0 Mac, 0.000% MACs, (512,), eps=1e-05, elementwise_affine=True)
        (dropout): Dropout(0, 0.000% Params, 0.0 Mac, 0.000% MACs, p=0.05, inplace=False)
      )
      (1): EncoderLayer(
        3.15 M, 27.810% Params, 59.82 MMac, 14.492% MACs, 
        (attention): AttentionLayer(
          1.05 M, 9.275% Params, 19.92 MMac, 4.827% MACs, 
          (inner_attention): ProbAttention(
            0, 0.000% Params, 0.0 Mac, 0.000% MACs, 
            (dropout): Dropout(0, 0.000% Params, 0.0 Mac, 0.000% MACs, p=0.05, inplace=False)
          )
          (query_projection): Linear(262.66 k, 2.319% Params, 4.98 MMac, 1.207% MACs, in_features=512, out_features=512, bias=True)
          (key_projection): Linear(262.66 k, 2.319% Params, 4.98 MMac, 1.207% MACs, in_features=512, out_features=512, bias=True)
          (value_projection): Linear(262.66 k, 2.319% Params, 4.98 MMac, 1.207% MACs, in_features=512, out_features=512, bias=True)
          (out_projection): Linear(262.66 k, 2.319% Params, 4.98 MMac, 1.207% MACs, in_features=512, out_features=512, bias=True)
        )
        (conv1): Conv1d(1.05 M, 9.275% Params, 19.96 MMac, 4.836% MACs, 512, 2048, kernel_size=(1,), stride=(1,))
        (conv2): Conv1d(1.05 M, 9.261% Params, 19.93 MMac, 4.829% MACs, 2048, 512, kernel_size=(1,), stride=(1,))
        (norm1): LayerNorm(0, 0.000% Params, 0.0 Mac, 0.000% MACs, (512,), eps=1e-05, elementwise_affine=True)
        (norm2): LayerNorm(0, 0.000% Params, 0.0 Mac, 0.000% MACs, (512,), eps=1e-05, elementwise_affine=True)
        (dropout): Dropout(0, 0.000% Params, 0.0 Mac, 0.000% MACs, p=0.05, inplace=False)
      )
    )
    (conv_layers): ModuleList(
      787.97 k, 6.956% Params, 29.98 MMac, 7.264% MACs, 
      (0): ConvLayer(
        787.97 k, 6.956% Params, 29.98 MMac, 7.264% MACs, 
        (downConv): Conv1d(786.94 k, 6.947% Params, 29.9 MMac, 7.245% MACs, 512, 512, kernel_size=(3,), stride=(1,), padding=(2,), padding_mode=circular)
        (norm): BatchNorm1d(1.02 k, 0.009% Params, 38.91 KMac, 0.009% MACs, 512, eps=1e-05, momentum=0.1, affine=True, track_running_stats=True)
        (activation): ELU(0, 0.000% Params, 19.46 KMac, 0.005% MACs, alpha=1.0)
        (maxPool): MaxPool1d(0, 0.000% Params, 19.46 KMac, 0.005% MACs, kernel_size=3, stride=2, padding=1, dilation=1, ceil_mode=False)
      )
    )
    (norm): LayerNorm(0, 0.000% Params, 0.0 Mac, 0.000% MACs, (512,), eps=1e-05, elementwise_affine=True)
  )
  (decoder): Decoder(
    4.2 M, 37.116% Params, 208.48 MMac, 50.507% MACs, 
    (layers): ModuleList(
      4.2 M, 37.085% Params, 208.28 MMac, 50.460% MACs, 
      (0): DecoderLayer(
        4.2 M, 37.085% Params, 208.28 MMac, 50.460% MACs, 
        (self_attention): AttentionLayer(
          1.05 M, 9.275% Params, 56.63 MMac, 13.718% MACs, 
          (inner_attention): ProbAttention(
            0, 0.000% Params, 0.0 Mac, 0.000% MACs, 
            (dropout): Dropout(0, 0.000% Params, 0.0 Mac, 0.000% MACs, p=0.05, inplace=False)
          )
          (query_projection): Linear(262.66 k, 2.319% Params, 14.16 MMac, 3.430% MACs, in_features=512, out_features=512, bias=True)
          (key_projection): Linear(262.66 k, 2.319% Params, 14.16 MMac, 3.430% MACs, in_features=512, out_features=512, bias=True)
          (value_projection): Linear(262.66 k, 2.319% Params, 14.16 MMac, 3.430% MACs, in_features=512, out_features=512, bias=True)
          (out_projection): Linear(262.66 k, 2.319% Params, 14.16 MMac, 3.430% MACs, in_features=512, out_features=512, bias=True)
        )
        (cross_attention): AttentionLayer(
          1.05 M, 9.275% Params, 38.28 MMac, 9.273% MACs, 
          (inner_attention): ProbAttention(
            0, 0.000% Params, 0.0 Mac, 0.000% MACs, 
            (dropout): Dropout(0, 0.000% Params, 0.0 Mac, 0.000% MACs, p=0.05, inplace=False)
          )
          (query_projection): Linear(262.66 k, 2.319% Params, 14.16 MMac, 3.430% MACs, in_features=512, out_features=512, bias=True)
          (key_projection): Linear(262.66 k, 2.319% Params, 4.98 MMac, 1.207% MACs, in_features=512, out_features=512, bias=True)
          (value_projection): Linear(262.66 k, 2.319% Params, 4.98 MMac, 1.207% MACs, in_features=512, out_features=512, bias=True)
          (out_projection): Linear(262.66 k, 2.319% Params, 14.16 MMac, 3.430% MACs, in_features=512, out_features=512, bias=True)
        )
        (conv1): Conv1d(1.05 M, 9.275% Params, 56.73 MMac, 13.745% MACs, 512, 2048, kernel_size=(1,), stride=(1,))
        (conv2): Conv1d(1.05 M, 9.261% Params, 56.65 MMac, 13.724% MACs, 2048, 512, kernel_size=(1,), stride=(1,))
        (norm1): LayerNorm(0, 0.000% Params, 0.0 Mac, 0.000% MACs, (512,), eps=1e-05, elementwise_affine=True)
        (norm2): LayerNorm(0, 0.000% Params, 0.0 Mac, 0.000% MACs, (512,), eps=1e-05, elementwise_affine=True)
        (norm3): LayerNorm(0, 0.000% Params, 0.0 Mac, 0.000% MACs, (512,), eps=1e-05, elementwise_affine=True)
        (dropout): Dropout(0, 0.000% Params, 0.0 Mac, 0.000% MACs, p=0.05, inplace=False)
      )
    )
    (norm): LayerNorm(0, 0.000% Params, 0.0 Mac, 0.000% MACs, (512,), eps=1e-05, elementwise_affine=True)
    (projection): Linear(3.59 k, 0.032% Params, 193.54 KMac, 0.047% MACs, in_features=512, out_features=7, bias=True)
  )
)
Computational complexity:       412.77 MMac
Number of parameters:           11.33 M 
