Args in experiment:
Namespace(is_training=1, model_id='ETTm2_96_336', model='Informer', data='ETTm2', root_path='./dataset/', data_path='ETTm2.csv', features='M', target='OT', freq='h', checkpoints='./checkpoints/', seq_len=96, label_len=48, pred_len=336, individual=False, embed_type=0, enc_in=7, dec_in=7, c_out=7, d_model=512, n_heads=8, e_layers=2, d_layers=1, d_ff=2048, moving_avg=25, factor=3, distil=True, dropout=0.05, embed='timeF', activation='gelu', output_attention=False, do_predict=False, num_workers=10, itr=1, train_epochs=10, batch_size=32, patience=3, learning_rate=0.0001, des='Exp', loss='mse', lradj='type1', use_amp=False, use_gpu=True, gpu=5, use_multi_gpu=False, devices='0,1,2,3', test_flop=True)
Use GPU: cuda:5
>>>>>>>start training : ETTm2_96_336_Informer_ETTm2_ftM_sl96_ll48_pl336_dm512_nh8_el2_dl1_df2048_fc3_ebtimeF_dtTrue_Exp_0>>>>>>>>>>>>>>>>>>>>>>>>>>
train 34129
val 11185
test 11185
	iters: 100, epoch: 1 | loss: 0.3942738
	speed: 0.0978s/iter; left time: 1033.2038s
	iters: 200, epoch: 1 | loss: 0.3266911
	speed: 0.0615s/iter; left time: 643.7963s
	iters: 300, epoch: 1 | loss: 0.1984039
	speed: 0.0624s/iter; left time: 646.2949s
	iters: 400, epoch: 1 | loss: 0.3553725
	speed: 0.0595s/iter; left time: 611.0259s
	iters: 500, epoch: 1 | loss: 0.2857646
	speed: 0.0624s/iter; left time: 633.9742s
	iters: 600, epoch: 1 | loss: 0.3330316
	speed: 0.0631s/iter; left time: 634.4721s
	iters: 700, epoch: 1 | loss: 0.2667550
	speed: 0.0617s/iter; left time: 614.3058s
	iters: 800, epoch: 1 | loss: 0.2148749
	speed: 0.0620s/iter; left time: 611.0506s
	iters: 900, epoch: 1 | loss: 0.2347273
	speed: 0.0626s/iter; left time: 610.6257s
	iters: 1000, epoch: 1 | loss: 0.2088895
	speed: 0.0615s/iter; left time: 594.4345s
Epoch: 1 cost time: 69.65396642684937
Epoch: 1, Steps: 1066 | Train Loss: 0.2864294 Vali Loss: 0.6022112 Test Loss: 1.4531730
Validation loss decreased (inf --> 0.602211).  Saving model ...
Updating learning rate to 0.0001
	iters: 100, epoch: 2 | loss: 0.2285927
	speed: 0.2955s/iter; left time: 2805.4437s
	iters: 200, epoch: 2 | loss: 0.2187563
	speed: 0.0584s/iter; left time: 549.0547s
	iters: 300, epoch: 2 | loss: 0.1693902
	speed: 0.0613s/iter; left time: 570.1443s
	iters: 400, epoch: 2 | loss: 0.1812722
	speed: 0.0612s/iter; left time: 562.3032s
	iters: 500, epoch: 2 | loss: 0.1749210
	speed: 0.0619s/iter; left time: 563.1897s
	iters: 600, epoch: 2 | loss: 0.1762510
	speed: 0.0627s/iter; left time: 563.8154s
	iters: 700, epoch: 2 | loss: 0.1935422
	speed: 0.0613s/iter; left time: 545.5035s
	iters: 800, epoch: 2 | loss: 0.1808928
	speed: 0.0621s/iter; left time: 545.9387s
	iters: 900, epoch: 2 | loss: 0.1636136
	speed: 0.0623s/iter; left time: 541.7582s
	iters: 1000, epoch: 2 | loss: 0.1706521
	speed: 0.0628s/iter; left time: 540.0519s
Epoch: 2 cost time: 67.10307765007019
Epoch: 2, Steps: 1066 | Train Loss: 0.1987317 Vali Loss: 0.6530595 Test Loss: 1.4206508
EarlyStopping counter: 1 out of 3
Updating learning rate to 5e-05
	iters: 100, epoch: 3 | loss: 0.1631976
	speed: 0.2977s/iter; left time: 2509.0176s
	iters: 200, epoch: 3 | loss: 0.1674606
	speed: 0.0625s/iter; left time: 520.3545s
	iters: 300, epoch: 3 | loss: 0.1360583
	speed: 0.0616s/iter; left time: 507.0328s
	iters: 400, epoch: 3 | loss: 0.1509776
	speed: 0.0608s/iter; left time: 494.5073s
	iters: 500, epoch: 3 | loss: 0.1484550
	speed: 0.0591s/iter; left time: 474.8125s
	iters: 600, epoch: 3 | loss: 0.1271276
	speed: 0.0599s/iter; left time: 475.3339s
	iters: 700, epoch: 3 | loss: 0.1256465
	speed: 0.0593s/iter; left time: 464.4278s
	iters: 800, epoch: 3 | loss: 0.1175416
	speed: 0.0589s/iter; left time: 455.1319s
	iters: 900, epoch: 3 | loss: 0.1509345
	speed: 0.0598s/iter; left time: 456.1044s
	iters: 1000, epoch: 3 | loss: 0.1662004
	speed: 0.0595s/iter; left time: 447.7377s
Epoch: 3 cost time: 65.41925692558289
Epoch: 3, Steps: 1066 | Train Loss: 0.1506788 Vali Loss: 0.7506908 Test Loss: 1.8188735
EarlyStopping counter: 2 out of 3
Updating learning rate to 2.5e-05
	iters: 100, epoch: 4 | loss: 0.1262193
	speed: 0.2859s/iter; left time: 2105.2851s
	iters: 200, epoch: 4 | loss: 0.1639535
	speed: 0.0622s/iter; left time: 451.4441s
	iters: 300, epoch: 4 | loss: 0.1060688
	speed: 0.0581s/iter; left time: 416.1160s
	iters: 400, epoch: 4 | loss: 0.1366079
	speed: 0.0583s/iter; left time: 412.0612s
	iters: 500, epoch: 4 | loss: 0.1175701
	speed: 0.0599s/iter; left time: 417.0688s
	iters: 600, epoch: 4 | loss: 0.1064451
	speed: 0.0619s/iter; left time: 424.8529s
	iters: 700, epoch: 4 | loss: 0.1338405
	speed: 0.0624s/iter; left time: 421.8350s
	iters: 800, epoch: 4 | loss: 0.1038960
	speed: 0.0620s/iter; left time: 413.0479s
	iters: 900, epoch: 4 | loss: 0.1501990
	speed: 0.0618s/iter; left time: 405.5654s
	iters: 1000, epoch: 4 | loss: 0.1103882
	speed: 0.0616s/iter; left time: 397.8098s
Epoch: 4 cost time: 66.46580171585083
Epoch: 4, Steps: 1066 | Train Loss: 0.1268046 Vali Loss: 0.7955658 Test Loss: 1.9163766
EarlyStopping counter: 3 out of 3
Early stopping
>>>>>>>testing : ETTm2_96_336_Informer_ETTm2_ftM_sl96_ll48_pl336_dm512_nh8_el2_dl1_df2048_fc3_ebtimeF_dtTrue_Exp_0<<<<<<<<<<<<<<<<<<<<<<<<<<<<<<<<<
test 11185
mse:1.453178882598877, mae:0.9261612892150879
INFO: Trainable parameter count: 0.01M
INFO: Trainable parameter count: 0.01M
INFO: Trainable parameter count: 0.02M
INFO: Trainable parameter count: 0.03M
INFO: Trainable parameter count: 0.29M
INFO: Trainable parameter count: 0.29M
INFO: Trainable parameter count: 0.55M
INFO: Trainable parameter count: 0.55M
INFO: Trainable parameter count: 0.81M
INFO: Trainable parameter count: 0.81M
INFO: Trainable parameter count: 1.08M
INFO: Trainable parameter count: 1.08M
INFO: Trainable parameter count: 2.12M
INFO: Trainable parameter count: 2.13M
INFO: Trainable parameter count: 3.18M
INFO: Trainable parameter count: 3.18M
INFO: Trainable parameter count: 3.18M
INFO: Trainable parameter count: 3.18M
INFO: Trainable parameter count: 3.18M
INFO: Trainable parameter count: 3.18M
INFO: Trainable parameter count: 3.44M
INFO: Trainable parameter count: 3.44M
INFO: Trainable parameter count: 3.70M
INFO: Trainable parameter count: 3.70M
INFO: Trainable parameter count: 3.97M
INFO: Trainable parameter count: 3.97M
INFO: Trainable parameter count: 4.23M
INFO: Trainable parameter count: 4.23M
INFO: Trainable parameter count: 5.28M
INFO: Trainable parameter count: 5.28M
INFO: Trainable parameter count: 6.33M
INFO: Trainable parameter count: 6.33M
INFO: Trainable parameter count: 6.33M
INFO: Trainable parameter count: 6.33M
INFO: Trainable parameter count: 6.33M
INFO: Trainable parameter count: 6.33M
INFO: Trainable parameter count: 7.12M
INFO: Trainable parameter count: 7.12M
INFO: Trainable parameter count: 7.12M
INFO: Trainable parameter count: 7.12M
INFO: Trainable parameter count: 7.12M
INFO: Trainable parameter count: 7.12M
INFO: Trainable parameter count: 7.38M
INFO: Trainable parameter count: 7.38M
INFO: Trainable parameter count: 7.64M
INFO: Trainable parameter count: 7.64M
INFO: Trainable parameter count: 7.91M
INFO: Trainable parameter count: 7.91M
INFO: Trainable parameter count: 8.17M
INFO: Trainable parameter count: 8.17M
INFO: Trainable parameter count: 8.43M
INFO: Trainable parameter count: 8.43M
INFO: Trainable parameter count: 8.69M
INFO: Trainable parameter count: 8.70M
INFO: Trainable parameter count: 8.96M
INFO: Trainable parameter count: 8.96M
INFO: Trainable parameter count: 9.22M
INFO: Trainable parameter count: 9.22M
INFO: Trainable parameter count: 10.27M
INFO: Trainable parameter count: 10.27M
INFO: Trainable parameter count: 11.32M
INFO: Trainable parameter count: 11.32M
INFO: Trainable parameter count: 11.32M
INFO: Trainable parameter count: 11.32M
INFO: Trainable parameter count: 11.32M
INFO: Trainable parameter count: 11.32M
INFO: Trainable parameter count: 11.32M
INFO: Trainable parameter count: 11.32M
INFO: Trainable parameter count: 11.32M
INFO: Trainable parameter count: 11.32M
INFO: Trainable parameter count: 11.33M
INFO: Trainable parameter count: 11.33M
Model(
  11.32 M, 99.919% Params, 1.98 GMac, 100.000% MACs, 
  (enc_embedding): DataEmbedding(
    12.8 k, 0.113% Params, 1.23 MMac, 0.062% MACs, 
    (value_embedding): TokenEmbedding(
      10.75 k, 0.095% Params, 1.03 MMac, 0.052% MACs, 
      (tokenConv): Conv1d(10.75 k, 0.095% Params, 1.03 MMac, 0.052% MACs, 7, 512, kernel_size=(3,), stride=(1,), padding=(1,), bias=False, padding_mode=circular)
    )
    (position_embedding): PositionalEmbedding(0, 0.000% Params, 0.0 Mac, 0.000% MACs, )
    (temporal_embedding): TimeFeatureEmbedding(
      2.05 k, 0.018% Params, 196.61 KMac, 0.010% MACs, 
      (embed): Linear(2.05 k, 0.018% Params, 196.61 KMac, 0.010% MACs, in_features=4, out_features=512, bias=False)
    )
    (dropout): Dropout(0, 0.000% Params, 0.0 Mac, 0.000% MACs, p=0.05, inplace=False)
  )
  (dec_embedding): DataEmbedding(
    12.8 k, 0.113% Params, 4.92 MMac, 0.249% MACs, 
    (value_embedding): TokenEmbedding(
      10.75 k, 0.095% Params, 4.13 MMac, 0.209% MACs, 
      (tokenConv): Conv1d(10.75 k, 0.095% Params, 4.13 MMac, 0.209% MACs, 7, 512, kernel_size=(3,), stride=(1,), padding=(1,), bias=False, padding_mode=circular)
    )
    (position_embedding): PositionalEmbedding(0, 0.000% Params, 0.0 Mac, 0.000% MACs, )
    (temporal_embedding): TimeFeatureEmbedding(
      2.05 k, 0.018% Params, 786.43 KMac, 0.040% MACs, 
      (embed): Linear(2.05 k, 0.018% Params, 786.43 KMac, 0.040% MACs, in_features=4, out_features=512, bias=False)
    )
    (dropout): Dropout(0, 0.000% Params, 0.0 Mac, 0.000% MACs, p=0.05, inplace=False)
  )
  (encoder): Encoder(
    7.09 M, 62.576% Params, 533.83 MMac, 26.998% MACs, 
    (attn_layers): ModuleList(
      6.3 M, 55.620% Params, 456.51 MMac, 23.087% MACs, 
      (0): EncoderLayer(
        3.15 M, 27.810% Params, 302.24 MMac, 15.285% MACs, 
        (attention): AttentionLayer(
          1.05 M, 9.275% Params, 100.67 MMac, 5.091% MACs, 
          (inner_attention): ProbAttention(
            0, 0.000% Params, 0.0 Mac, 0.000% MACs, 
            (dropout): Dropout(0, 0.000% Params, 0.0 Mac, 0.000% MACs, p=0.05, inplace=False)
          )
          (query_projection): Linear(262.66 k, 2.319% Params, 25.17 MMac, 1.273% MACs, in_features=512, out_features=512, bias=True)
          (key_projection): Linear(262.66 k, 2.319% Params, 25.17 MMac, 1.273% MACs, in_features=512, out_features=512, bias=True)
          (value_projection): Linear(262.66 k, 2.319% Params, 25.17 MMac, 1.273% MACs, in_features=512, out_features=512, bias=True)
          (out_projection): Linear(262.66 k, 2.319% Params, 25.17 MMac, 1.273% MACs, in_features=512, out_features=512, bias=True)
        )
        (conv1): Conv1d(1.05 M, 9.275% Params, 100.86 MMac, 5.101% MACs, 512, 2048, kernel_size=(1,), stride=(1,))
        (conv2): Conv1d(1.05 M, 9.261% Params, 100.71 MMac, 5.093% MACs, 2048, 512, kernel_size=(1,), stride=(1,))
        (norm1): LayerNorm(0, 0.000% Params, 0.0 Mac, 0.000% MACs, (512,), eps=1e-05, elementwise_affine=True)
        (norm2): LayerNorm(0, 0.000% Params, 0.0 Mac, 0.000% MACs, (512,), eps=1e-05, elementwise_affine=True)
        (dropout): Dropout(0, 0.000% Params, 0.0 Mac, 0.000% MACs, p=0.05, inplace=False)
      )
      (1): EncoderLayer(
        3.15 M, 27.810% Params, 154.27 MMac, 7.802% MACs, 
        (attention): AttentionLayer(
          1.05 M, 9.275% Params, 51.38 MMac, 2.599% MACs, 
          (inner_attention): ProbAttention(
            0, 0.000% Params, 0.0 Mac, 0.000% MACs, 
            (dropout): Dropout(0, 0.000% Params, 0.0 Mac, 0.000% MACs, p=0.05, inplace=False)
          )
          (query_projection): Linear(262.66 k, 2.319% Params, 12.85 MMac, 0.650% MACs, in_features=512, out_features=512, bias=True)
          (key_projection): Linear(262.66 k, 2.319% Params, 12.85 MMac, 0.650% MACs, in_features=512, out_features=512, bias=True)
          (value_projection): Linear(262.66 k, 2.319% Params, 12.85 MMac, 0.650% MACs, in_features=512, out_features=512, bias=True)
          (out_projection): Linear(262.66 k, 2.319% Params, 12.85 MMac, 0.650% MACs, in_features=512, out_features=512, bias=True)
        )
        (conv1): Conv1d(1.05 M, 9.275% Params, 51.48 MMac, 2.604% MACs, 512, 2048, kernel_size=(1,), stride=(1,))
        (conv2): Conv1d(1.05 M, 9.261% Params, 51.41 MMac, 2.600% MACs, 2048, 512, kernel_size=(1,), stride=(1,))
        (norm1): LayerNorm(0, 0.000% Params, 0.0 Mac, 0.000% MACs, (512,), eps=1e-05, elementwise_affine=True)
        (norm2): LayerNorm(0, 0.000% Params, 0.0 Mac, 0.000% MACs, (512,), eps=1e-05, elementwise_affine=True)
        (dropout): Dropout(0, 0.000% Params, 0.0 Mac, 0.000% MACs, p=0.05, inplace=False)
      )
    )
    (conv_layers): ModuleList(
      787.97 k, 6.956% Params, 77.32 MMac, 3.910% MACs, 
      (0): ConvLayer(
        787.97 k, 6.956% Params, 77.32 MMac, 3.910% MACs, 
        (downConv): Conv1d(786.94 k, 6.947% Params, 77.12 MMac, 3.900% MACs, 512, 512, kernel_size=(3,), stride=(1,), padding=(2,), padding_mode=circular)
        (norm): BatchNorm1d(1.02 k, 0.009% Params, 100.35 KMac, 0.005% MACs, 512, eps=1e-05, momentum=0.1, affine=True, track_running_stats=True)
        (activation): ELU(0, 0.000% Params, 50.18 KMac, 0.003% MACs, alpha=1.0)
        (maxPool): MaxPool1d(0, 0.000% Params, 50.18 KMac, 0.003% MACs, kernel_size=3, stride=2, padding=1, dilation=1, ceil_mode=False)
      )
    )
    (norm): LayerNorm(0, 0.000% Params, 0.0 Mac, 0.000% MACs, (512,), eps=1e-05, elementwise_affine=True)
  )
  (decoder): Decoder(
    4.2 M, 37.116% Params, 1.44 GMac, 72.692% MACs, 
    (layers): ModuleList(
      4.2 M, 37.085% Params, 1.44 GMac, 72.622% MACs, 
      (0): DecoderLayer(
        4.2 M, 37.085% Params, 1.44 GMac, 72.622% MACs, 
        (self_attention): AttentionLayer(
          1.05 M, 9.275% Params, 402.66 MMac, 20.364% MACs, 
          (inner_attention): ProbAttention(
            0, 0.000% Params, 0.0 Mac, 0.000% MACs, 
            (dropout): Dropout(0, 0.000% Params, 0.0 Mac, 0.000% MACs, p=0.05, inplace=False)
          )
          (query_projection): Linear(262.66 k, 2.319% Params, 100.66 MMac, 5.091% MACs, in_features=512, out_features=512, bias=True)
          (key_projection): Linear(262.66 k, 2.319% Params, 100.66 MMac, 5.091% MACs, in_features=512, out_features=512, bias=True)
          (value_projection): Linear(262.66 k, 2.319% Params, 100.66 MMac, 5.091% MACs, in_features=512, out_features=512, bias=True)
          (out_projection): Linear(262.66 k, 2.319% Params, 100.66 MMac, 5.091% MACs, in_features=512, out_features=512, bias=True)
        )
        (cross_attention): AttentionLayer(
          1.05 M, 9.275% Params, 227.02 MMac, 11.481% MACs, 
          (inner_attention): ProbAttention(
            0, 0.000% Params, 0.0 Mac, 0.000% MACs, 
            (dropout): Dropout(0, 0.000% Params, 0.0 Mac, 0.000% MACs, p=0.05, inplace=False)
          )
          (query_projection): Linear(262.66 k, 2.319% Params, 100.66 MMac, 5.091% MACs, in_features=512, out_features=512, bias=True)
          (key_projection): Linear(262.66 k, 2.319% Params, 12.85 MMac, 0.650% MACs, in_features=512, out_features=512, bias=True)
          (value_projection): Linear(262.66 k, 2.319% Params, 12.85 MMac, 0.650% MACs, in_features=512, out_features=512, bias=True)
          (out_projection): Linear(262.66 k, 2.319% Params, 100.66 MMac, 5.091% MACs, in_features=512, out_features=512, bias=True)
        )
        (conv1): Conv1d(1.05 M, 9.275% Params, 403.44 MMac, 20.403% MACs, 512, 2048, kernel_size=(1,), stride=(1,))
        (conv2): Conv1d(1.05 M, 9.261% Params, 402.85 MMac, 20.374% MACs, 2048, 512, kernel_size=(1,), stride=(1,))
        (norm1): LayerNorm(0, 0.000% Params, 0.0 Mac, 0.000% MACs, (512,), eps=1e-05, elementwise_affine=True)
        (norm2): LayerNorm(0, 0.000% Params, 0.0 Mac, 0.000% MACs, (512,), eps=1e-05, elementwise_affine=True)
        (norm3): LayerNorm(0, 0.000% Params, 0.0 Mac, 0.000% MACs, (512,), eps=1e-05, elementwise_affine=True)
        (dropout): Dropout(0, 0.000% Params, 0.0 Mac, 0.000% MACs, p=0.05, inplace=False)
      )
    )
    (norm): LayerNorm(0, 0.000% Params, 0.0 Mac, 0.000% MACs, (512,), eps=1e-05, elementwise_affine=True)
    (projection): Linear(3.59 k, 0.032% Params, 1.38 MMac, 0.070% MACs, in_features=512, out_features=7, bias=True)
  )
)
Computational complexity:       1.98 GMac
Number of parameters:           11.33 M 
