Args in experiment:
Namespace(is_training=1, model_id='traffic_96_720', model='Informer', data='custom', root_path='./dataset/', data_path='traffic.csv', features='M', target='OT', freq='h', checkpoints='./checkpoints/', seq_len=96, label_len=48, pred_len=720, individual=False, embed_type=0, enc_in=862, dec_in=862, c_out=862, d_model=512, n_heads=8, e_layers=2, d_layers=1, d_ff=2048, moving_avg=25, factor=3, distil=True, dropout=0.05, embed='timeF', activation='gelu', output_attention=False, do_predict=False, num_workers=10, itr=1, train_epochs=3, batch_size=32, patience=3, learning_rate=0.0001, des='Exp', loss='mse', lradj='type1', use_amp=False, use_gpu=True, gpu=8, use_multi_gpu=False, devices='0,1,2,3', test_flop=True)
Use GPU: cuda:8
>>>>>>>start training : traffic_96_720_Informer_custom_ftM_sl96_ll48_pl720_dm512_nh8_el2_dl1_df2048_fc3_ebtimeF_dtTrue_Exp_0>>>>>>>>>>>>>>>>>>>>>>>>>>
train 11465
val 1037
test 2789
	iters: 100, epoch: 1 | loss: 0.9719166
	speed: 0.1951s/iter; left time: 190.2386s
	iters: 200, epoch: 1 | loss: 0.9463528
	speed: 0.1739s/iter; left time: 152.1639s
	iters: 300, epoch: 1 | loss: 0.9308927
	speed: 0.1744s/iter; left time: 135.1315s
Epoch: 1 cost time: 64.60911870002747
Epoch: 1, Steps: 358 | Train Loss: 0.9580016 Vali Loss: 1.1835706 Test Loss: 1.4504404
Validation loss decreased (inf --> 1.183571).  Saving model ...
Updating learning rate to 0.0001
	iters: 100, epoch: 2 | loss: 0.9011514
	speed: 0.6115s/iter; left time: 377.2825s
	iters: 200, epoch: 2 | loss: 0.8878374
	speed: 0.1754s/iter; left time: 90.6628s
	iters: 300, epoch: 2 | loss: 0.9030771
	speed: 0.1807s/iter; left time: 75.3608s
Epoch: 2 cost time: 64.17653727531433
Epoch: 2, Steps: 358 | Train Loss: 0.8949642 Vali Loss: 1.1922578 Test Loss: 1.4248639
EarlyStopping counter: 1 out of 3
Updating learning rate to 5e-05
	iters: 100, epoch: 3 | loss: 0.7080010
	speed: 0.5821s/iter; left time: 150.7571s
	iters: 200, epoch: 3 | loss: 0.5509670
	speed: 0.1654s/iter; left time: 26.2985s
	iters: 300, epoch: 3 | loss: 0.4850560
	speed: 0.1695s/iter; left time: 10.0017s
Epoch: 3 cost time: 61.29366588592529
Epoch: 3, Steps: 358 | Train Loss: 0.6176234 Vali Loss: 0.8092483 Test Loss: 1.0238186
Validation loss decreased (1.183571 --> 0.809248).  Saving model ...
Updating learning rate to 2.5e-05
>>>>>>>testing : traffic_96_720_Informer_custom_ftM_sl96_ll48_pl720_dm512_nh8_el2_dl1_df2048_fc3_ebtimeF_dtTrue_Exp_0<<<<<<<<<<<<<<<<<<<<<<<<<<<<<<<<<
test 2789
mse:1.0238370895385742, mae:0.5803954601287842
INFO: Trainable parameter count: 1.32M
INFO: Trainable parameter count: 1.33M
INFO: Trainable parameter count: 2.65M
INFO: Trainable parameter count: 2.65M
INFO: Trainable parameter count: 2.91M
INFO: Trainable parameter count: 2.91M
INFO: Trainable parameter count: 3.18M
INFO: Trainable parameter count: 3.18M
INFO: Trainable parameter count: 3.44M
INFO: Trainable parameter count: 3.44M
INFO: Trainable parameter count: 3.70M
INFO: Trainable parameter count: 3.70M
INFO: Trainable parameter count: 4.75M
INFO: Trainable parameter count: 4.75M
INFO: Trainable parameter count: 5.80M
INFO: Trainable parameter count: 5.80M
INFO: Trainable parameter count: 5.80M
INFO: Trainable parameter count: 5.80M
INFO: Trainable parameter count: 5.80M
INFO: Trainable parameter count: 5.80M
INFO: Trainable parameter count: 6.07M
INFO: Trainable parameter count: 6.07M
INFO: Trainable parameter count: 6.33M
INFO: Trainable parameter count: 6.33M
INFO: Trainable parameter count: 6.59M
INFO: Trainable parameter count: 6.59M
INFO: Trainable parameter count: 6.85M
INFO: Trainable parameter count: 6.86M
INFO: Trainable parameter count: 7.90M
INFO: Trainable parameter count: 7.91M
INFO: Trainable parameter count: 8.95M
INFO: Trainable parameter count: 8.95M
INFO: Trainable parameter count: 8.96M
INFO: Trainable parameter count: 8.96M
INFO: Trainable parameter count: 8.96M
INFO: Trainable parameter count: 8.96M
INFO: Trainable parameter count: 9.74M
INFO: Trainable parameter count: 9.74M
INFO: Trainable parameter count: 9.74M
INFO: Trainable parameter count: 9.74M
INFO: Trainable parameter count: 9.75M
INFO: Trainable parameter count: 9.75M
INFO: Trainable parameter count: 10.01M
INFO: Trainable parameter count: 10.01M
INFO: Trainable parameter count: 10.27M
INFO: Trainable parameter count: 10.27M
INFO: Trainable parameter count: 10.53M
INFO: Trainable parameter count: 10.53M
INFO: Trainable parameter count: 10.80M
INFO: Trainable parameter count: 10.80M
INFO: Trainable parameter count: 11.06M
INFO: Trainable parameter count: 11.06M
INFO: Trainable parameter count: 11.32M
INFO: Trainable parameter count: 11.32M
INFO: Trainable parameter count: 11.58M
INFO: Trainable parameter count: 11.58M
INFO: Trainable parameter count: 11.85M
INFO: Trainable parameter count: 11.85M
INFO: Trainable parameter count: 12.90M
INFO: Trainable parameter count: 12.90M
INFO: Trainable parameter count: 13.95M
INFO: Trainable parameter count: 13.95M
INFO: Trainable parameter count: 13.95M
INFO: Trainable parameter count: 13.95M
INFO: Trainable parameter count: 13.95M
INFO: Trainable parameter count: 13.95M
INFO: Trainable parameter count: 13.95M
INFO: Trainable parameter count: 13.95M
INFO: Trainable parameter count: 13.95M
INFO: Trainable parameter count: 13.95M
INFO: Trainable parameter count: 14.39M
INFO: Trainable parameter count: 14.39M
Model(
  14.38 M, 99.936% Params, 4.86 GMac, 100.000% MACs, 
  (enc_embedding): DataEmbedding(
    1.33 M, 9.213% Params, 127.3 MMac, 2.617% MACs, 
    (value_embedding): TokenEmbedding(
      1.32 M, 9.199% Params, 127.11 MMac, 2.613% MACs, 
      (tokenConv): Conv1d(1.32 M, 9.199% Params, 127.11 MMac, 2.613% MACs, 862, 512, kernel_size=(3,), stride=(1,), padding=(1,), bias=False, padding_mode=circular)
    )
    (position_embedding): PositionalEmbedding(0, 0.000% Params, 0.0 Mac, 0.000% MACs, )
    (temporal_embedding): TimeFeatureEmbedding(
      2.05 k, 0.014% Params, 196.61 KMac, 0.004% MACs, 
      (embed): Linear(2.05 k, 0.014% Params, 196.61 KMac, 0.004% MACs, in_features=4, out_features=512, bias=False)
    )
    (dropout): Dropout(0, 0.000% Params, 0.0 Mac, 0.000% MACs, p=0.05, inplace=False)
  )
  (dec_embedding): DataEmbedding(
    1.33 M, 9.213% Params, 1.02 GMac, 20.935% MACs, 
    (value_embedding): TokenEmbedding(
      1.32 M, 9.199% Params, 1.02 GMac, 20.903% MACs, 
      (tokenConv): Conv1d(1.32 M, 9.199% Params, 1.02 GMac, 20.903% MACs, 862, 512, kernel_size=(3,), stride=(1,), padding=(1,), bias=False, padding_mode=circular)
    )
    (position_embedding): PositionalEmbedding(0, 0.000% Params, 0.0 Mac, 0.000% MACs, )
    (temporal_embedding): TimeFeatureEmbedding(
      2.05 k, 0.014% Params, 1.57 MMac, 0.032% MACs, 
      (embed): Linear(2.05 k, 0.014% Params, 1.57 MMac, 0.032% MACs, in_features=4, out_features=512, bias=False)
    )
    (dropout): Dropout(0, 0.000% Params, 0.0 Mac, 0.000% MACs, p=0.05, inplace=False)
  )
  (encoder): Encoder(
    7.09 M, 49.250% Params, 533.83 MMac, 10.973% MACs, 
    (attn_layers): ModuleList(
      6.3 M, 43.775% Params, 456.51 MMac, 9.384% MACs, 
      (0): EncoderLayer(
        3.15 M, 21.888% Params, 302.24 MMac, 6.213% MACs, 
        (attention): AttentionLayer(
          1.05 M, 7.299% Params, 100.67 MMac, 2.069% MACs, 
          (inner_attention): ProbAttention(
            0, 0.000% Params, 0.0 Mac, 0.000% MACs, 
            (dropout): Dropout(0, 0.000% Params, 0.0 Mac, 0.000% MACs, p=0.05, inplace=False)
          )
          (query_projection): Linear(262.66 k, 1.825% Params, 25.17 MMac, 0.517% MACs, in_features=512, out_features=512, bias=True)
          (key_projection): Linear(262.66 k, 1.825% Params, 25.17 MMac, 0.517% MACs, in_features=512, out_features=512, bias=True)
          (value_projection): Linear(262.66 k, 1.825% Params, 25.17 MMac, 0.517% MACs, in_features=512, out_features=512, bias=True)
          (out_projection): Linear(262.66 k, 1.825% Params, 25.17 MMac, 0.517% MACs, in_features=512, out_features=512, bias=True)
        )
        (conv1): Conv1d(1.05 M, 7.299% Params, 100.86 MMac, 2.073% MACs, 512, 2048, kernel_size=(1,), stride=(1,))
        (conv2): Conv1d(1.05 M, 7.289% Params, 100.71 MMac, 2.070% MACs, 2048, 512, kernel_size=(1,), stride=(1,))
        (norm1): LayerNorm(0, 0.000% Params, 0.0 Mac, 0.000% MACs, (512,), eps=1e-05, elementwise_affine=True)
        (norm2): LayerNorm(0, 0.000% Params, 0.0 Mac, 0.000% MACs, (512,), eps=1e-05, elementwise_affine=True)
        (dropout): Dropout(0, 0.000% Params, 0.0 Mac, 0.000% MACs, p=0.05, inplace=False)
      )
      (1): EncoderLayer(
        3.15 M, 21.888% Params, 154.27 MMac, 3.171% MACs, 
        (attention): AttentionLayer(
          1.05 M, 7.299% Params, 51.38 MMac, 1.056% MACs, 
          (inner_attention): ProbAttention(
            0, 0.000% Params, 0.0 Mac, 0.000% MACs, 
            (dropout): Dropout(0, 0.000% Params, 0.0 Mac, 0.000% MACs, p=0.05, inplace=False)
          )
          (query_projection): Linear(262.66 k, 1.825% Params, 12.85 MMac, 0.264% MACs, in_features=512, out_features=512, bias=True)
          (key_projection): Linear(262.66 k, 1.825% Params, 12.85 MMac, 0.264% MACs, in_features=512, out_features=512, bias=True)
          (value_projection): Linear(262.66 k, 1.825% Params, 12.85 MMac, 0.264% MACs, in_features=512, out_features=512, bias=True)
          (out_projection): Linear(262.66 k, 1.825% Params, 12.85 MMac, 0.264% MACs, in_features=512, out_features=512, bias=True)
        )
        (conv1): Conv1d(1.05 M, 7.299% Params, 51.48 MMac, 1.058% MACs, 512, 2048, kernel_size=(1,), stride=(1,))
        (conv2): Conv1d(1.05 M, 7.289% Params, 51.41 MMac, 1.057% MACs, 2048, 512, kernel_size=(1,), stride=(1,))
        (norm1): LayerNorm(0, 0.000% Params, 0.0 Mac, 0.000% MACs, (512,), eps=1e-05, elementwise_affine=True)
        (norm2): LayerNorm(0, 0.000% Params, 0.0 Mac, 0.000% MACs, (512,), eps=1e-05, elementwise_affine=True)
        (dropout): Dropout(0, 0.000% Params, 0.0 Mac, 0.000% MACs, p=0.05, inplace=False)
      )
    )
    (conv_layers): ModuleList(
      787.97 k, 5.475% Params, 77.32 MMac, 1.589% MACs, 
      (0): ConvLayer(
        787.97 k, 5.475% Params, 77.32 MMac, 1.589% MACs, 
        (downConv): Conv1d(786.94 k, 5.467% Params, 77.12 MMac, 1.585% MACs, 512, 512, kernel_size=(3,), stride=(1,), padding=(2,), padding_mode=circular)
        (norm): BatchNorm1d(1.02 k, 0.007% Params, 100.35 KMac, 0.002% MACs, 512, eps=1e-05, momentum=0.1, affine=True, track_running_stats=True)
        (activation): ELU(0, 0.000% Params, 50.18 KMac, 0.001% MACs, alpha=1.0)
        (maxPool): MaxPool1d(0, 0.000% Params, 50.18 KMac, 0.001% MACs, kernel_size=3, stride=2, padding=1, dilation=1, ceil_mode=False)
      )
    )
    (norm): LayerNorm(0, 0.000% Params, 0.0 Mac, 0.000% MACs, (512,), eps=1e-05, elementwise_affine=True)
  )
  (decoder): Decoder(
    4.64 M, 32.259% Params, 3.19 GMac, 65.475% MACs, 
    (layers): ModuleList(
      4.2 M, 29.187% Params, 2.85 GMac, 58.507% MACs, 
      (0): DecoderLayer(
        4.2 M, 29.187% Params, 2.85 GMac, 58.507% MACs, 
        (self_attention): AttentionLayer(
          1.05 M, 7.299% Params, 805.31 MMac, 16.554% MACs, 
          (inner_attention): ProbAttention(
            0, 0.000% Params, 0.0 Mac, 0.000% MACs, 
            (dropout): Dropout(0, 0.000% Params, 0.0 Mac, 0.000% MACs, p=0.05, inplace=False)
          )
          (query_projection): Linear(262.66 k, 1.825% Params, 201.33 MMac, 4.138% MACs, in_features=512, out_features=512, bias=True)
          (key_projection): Linear(262.66 k, 1.825% Params, 201.33 MMac, 4.138% MACs, in_features=512, out_features=512, bias=True)
          (value_projection): Linear(262.66 k, 1.825% Params, 201.33 MMac, 4.138% MACs, in_features=512, out_features=512, bias=True)
          (out_projection): Linear(262.66 k, 1.825% Params, 201.33 MMac, 4.138% MACs, in_features=512, out_features=512, bias=True)
        )
        (cross_attention): AttentionLayer(
          1.05 M, 7.299% Params, 428.35 MMac, 8.805% MACs, 
          (inner_attention): ProbAttention(
            0, 0.000% Params, 0.0 Mac, 0.000% MACs, 
            (dropout): Dropout(0, 0.000% Params, 0.0 Mac, 0.000% MACs, p=0.05, inplace=False)
          )
          (query_projection): Linear(262.66 k, 1.825% Params, 201.33 MMac, 4.138% MACs, in_features=512, out_features=512, bias=True)
          (key_projection): Linear(262.66 k, 1.825% Params, 12.85 MMac, 0.264% MACs, in_features=512, out_features=512, bias=True)
          (value_projection): Linear(262.66 k, 1.825% Params, 12.85 MMac, 0.264% MACs, in_features=512, out_features=512, bias=True)
          (out_projection): Linear(262.66 k, 1.825% Params, 201.33 MMac, 4.138% MACs, in_features=512, out_features=512, bias=True)
        )
        (conv1): Conv1d(1.05 M, 7.299% Params, 806.88 MMac, 16.586% MACs, 512, 2048, kernel_size=(1,), stride=(1,))
        (conv2): Conv1d(1.05 M, 7.289% Params, 805.7 MMac, 16.562% MACs, 2048, 512, kernel_size=(1,), stride=(1,))
        (norm1): LayerNorm(0, 0.000% Params, 0.0 Mac, 0.000% MACs, (512,), eps=1e-05, elementwise_affine=True)
        (norm2): LayerNorm(0, 0.000% Params, 0.0 Mac, 0.000% MACs, (512,), eps=1e-05, elementwise_affine=True)
        (norm3): LayerNorm(0, 0.000% Params, 0.0 Mac, 0.000% MACs, (512,), eps=1e-05, elementwise_affine=True)
        (dropout): Dropout(0, 0.000% Params, 0.0 Mac, 0.000% MACs, p=0.05, inplace=False)
      )
    )
    (norm): LayerNorm(0, 0.000% Params, 0.0 Mac, 0.000% MACs, (512,), eps=1e-05, elementwise_affine=True)
    (projection): Linear(442.21 k, 3.072% Params, 338.95 MMac, 6.968% MACs, in_features=512, out_features=862, bias=True)
  )
)
Computational complexity:       4.86 GMac
Number of parameters:           14.39 M 
