Args in experiment:
Namespace(is_training=1, model_id='electricity_96_192', model='Transformer', data='custom', root_path='./dataset/', data_path='electricity.csv', features='M', target='OT', freq='h', checkpoints='./checkpoints/', seq_len=96, label_len=48, pred_len=192, individual=False, embed_type=0, enc_in=321, dec_in=321, c_out=321, d_model=512, n_heads=8, e_layers=2, d_layers=1, d_ff=2048, moving_avg=25, factor=3, distil=True, dropout=0.05, embed='timeF', activation='gelu', output_attention=False, do_predict=False, num_workers=10, itr=1, train_epochs=10, batch_size=32, patience=3, learning_rate=0.0001, des='Exp', loss='mse', lradj='type1', use_amp=False, use_gpu=True, gpu=1, use_multi_gpu=False, devices='0,1,2,3', test_flop=True)
Use GPU: cuda:1
>>>>>>>start training : electricity_96_192_Transformer_custom_ftM_sl96_ll48_pl192_dm512_nh8_el2_dl1_df2048_fc3_ebtimeF_dtTrue_Exp_0>>>>>>>>>>>>>>>>>>>>>>>>>>
train 18125
val 2441
test 5069
	iters: 100, epoch: 1 | loss: 0.3514367
	speed: 0.0859s/iter; left time: 477.8478s
	iters: 200, epoch: 1 | loss: 0.2746910
	speed: 0.0494s/iter; left time: 269.6116s
	iters: 300, epoch: 1 | loss: 0.2462682
	speed: 0.0501s/iter; left time: 268.5373s
	iters: 400, epoch: 1 | loss: 0.2231143
	speed: 0.0504s/iter; left time: 265.3396s
	iters: 500, epoch: 1 | loss: 0.2256582
	speed: 0.0503s/iter; left time: 259.3952s
Epoch: 1 cost time: 31.737100839614868
Epoch: 1, Steps: 566 | Train Loss: 0.2989243 Vali Loss: 0.2515275 Test Loss: 0.3119982
Validation loss decreased (inf --> 0.251528).  Saving model ...
Updating learning rate to 0.0001
	iters: 100, epoch: 2 | loss: 0.1876461
	speed: 0.2067s/iter; left time: 1032.3775s
	iters: 200, epoch: 2 | loss: 0.1586892
	speed: 0.0506s/iter; left time: 247.5030s
	iters: 300, epoch: 2 | loss: 0.1623137
	speed: 0.0502s/iter; left time: 240.9348s
	iters: 400, epoch: 2 | loss: 0.1432332
	speed: 0.0506s/iter; left time: 237.7266s
	iters: 500, epoch: 2 | loss: 0.1351017
	speed: 0.0512s/iter; left time: 235.3406s
Epoch: 2 cost time: 30.163999319076538
Epoch: 2, Steps: 566 | Train Loss: 0.1648198 Vali Loss: 0.2046647 Test Loss: 0.2768421
Validation loss decreased (0.251528 --> 0.204665).  Saving model ...
Updating learning rate to 5e-05
	iters: 100, epoch: 3 | loss: 0.1296185
	speed: 0.2176s/iter; left time: 963.7971s
	iters: 200, epoch: 3 | loss: 0.1419820
	speed: 0.0501s/iter; left time: 217.0617s
	iters: 300, epoch: 3 | loss: 0.1343824
	speed: 0.0511s/iter; left time: 216.2171s
	iters: 400, epoch: 3 | loss: 0.1308865
	speed: 0.0510s/iter; left time: 210.4150s
	iters: 500, epoch: 3 | loss: 0.1365951
	speed: 0.0509s/iter; left time: 204.8836s
Epoch: 3 cost time: 30.02676224708557
Epoch: 3, Steps: 566 | Train Loss: 0.1371990 Vali Loss: 0.2045696 Test Loss: 0.2740842
Validation loss decreased (0.204665 --> 0.204570).  Saving model ...
Updating learning rate to 2.5e-05
	iters: 100, epoch: 4 | loss: 0.1354457
	speed: 0.2316s/iter; left time: 894.8236s
	iters: 200, epoch: 4 | loss: 0.1305382
	speed: 0.0628s/iter; left time: 236.2602s
	iters: 300, epoch: 4 | loss: 0.1292176
	speed: 0.0620s/iter; left time: 226.9854s
	iters: 400, epoch: 4 | loss: 0.1331588
	speed: 0.0563s/iter; left time: 200.4714s
	iters: 500, epoch: 4 | loss: 0.1233035
	speed: 0.0520s/iter; left time: 180.0097s
Epoch: 4 cost time: 34.68399930000305
Epoch: 4, Steps: 566 | Train Loss: 0.1277945 Vali Loss: 0.2057220 Test Loss: 0.2782293
EarlyStopping counter: 1 out of 3
Updating learning rate to 1.25e-05
	iters: 100, epoch: 5 | loss: 0.1267952
	speed: 0.2155s/iter; left time: 710.6161s
	iters: 200, epoch: 5 | loss: 0.1307735
	speed: 0.0525s/iter; left time: 167.8987s
	iters: 300, epoch: 5 | loss: 0.1201984
	speed: 0.0515s/iter; left time: 159.4686s
	iters: 400, epoch: 5 | loss: 0.1158585
	speed: 0.0531s/iter; left time: 159.0507s
	iters: 500, epoch: 5 | loss: 0.1155922
	speed: 0.0518s/iter; left time: 149.9444s
Epoch: 5 cost time: 30.948307275772095
Epoch: 5, Steps: 566 | Train Loss: 0.1227565 Vali Loss: 0.2072121 Test Loss: 0.2776417
EarlyStopping counter: 2 out of 3
Updating learning rate to 6.25e-06
	iters: 100, epoch: 6 | loss: 0.1157918
	speed: 0.2293s/iter; left time: 626.3249s
	iters: 200, epoch: 6 | loss: 0.1237438
	speed: 0.0526s/iter; left time: 138.4901s
	iters: 300, epoch: 6 | loss: 0.1131425
	speed: 0.0614s/iter; left time: 155.4045s
	iters: 400, epoch: 6 | loss: 0.1208689
	speed: 0.0587s/iter; left time: 142.7762s
	iters: 500, epoch: 6 | loss: 0.1155711
	speed: 0.0613s/iter; left time: 142.8668s
Epoch: 6 cost time: 34.36502552032471
Epoch: 6, Steps: 566 | Train Loss: 0.1201458 Vali Loss: 0.2063438 Test Loss: 0.2793737
EarlyStopping counter: 3 out of 3
Early stopping
>>>>>>>testing : electricity_96_192_Transformer_custom_ftM_sl96_ll48_pl192_dm512_nh8_el2_dl1_df2048_fc3_ebtimeF_dtTrue_Exp_0<<<<<<<<<<<<<<<<<<<<<<<<<<<<<<<<<
test 5069
mse:0.274085134267807, mae:0.3754796087741852
INFO: Trainable parameter count: 0.49M
INFO: Trainable parameter count: 0.50M
INFO: Trainable parameter count: 0.99M
INFO: Trainable parameter count: 0.99M
INFO: Trainable parameter count: 1.25M
INFO: Trainable parameter count: 1.25M
INFO: Trainable parameter count: 1.52M
INFO: Trainable parameter count: 1.52M
INFO: Trainable parameter count: 1.78M
INFO: Trainable parameter count: 1.78M
INFO: Trainable parameter count: 2.04M
INFO: Trainable parameter count: 2.04M
INFO: Trainable parameter count: 3.09M
INFO: Trainable parameter count: 3.09M
INFO: Trainable parameter count: 4.14M
INFO: Trainable parameter count: 4.14M
INFO: Trainable parameter count: 4.14M
INFO: Trainable parameter count: 4.14M
INFO: Trainable parameter count: 4.14M
INFO: Trainable parameter count: 4.14M
INFO: Trainable parameter count: 4.40M
INFO: Trainable parameter count: 4.41M
INFO: Trainable parameter count: 4.67M
INFO: Trainable parameter count: 4.67M
INFO: Trainable parameter count: 4.93M
INFO: Trainable parameter count: 4.93M
INFO: Trainable parameter count: 5.19M
INFO: Trainable parameter count: 5.19M
INFO: Trainable parameter count: 6.24M
INFO: Trainable parameter count: 6.24M
INFO: Trainable parameter count: 7.29M
INFO: Trainable parameter count: 7.29M
INFO: Trainable parameter count: 7.29M
INFO: Trainable parameter count: 7.29M
INFO: Trainable parameter count: 7.29M
INFO: Trainable parameter count: 7.29M
INFO: Trainable parameter count: 7.30M
INFO: Trainable parameter count: 7.30M
INFO: Trainable parameter count: 7.56M
INFO: Trainable parameter count: 7.56M
INFO: Trainable parameter count: 7.82M
INFO: Trainable parameter count: 7.82M
INFO: Trainable parameter count: 8.08M
INFO: Trainable parameter count: 8.08M
INFO: Trainable parameter count: 8.35M
INFO: Trainable parameter count: 8.35M
INFO: Trainable parameter count: 8.61M
INFO: Trainable parameter count: 8.61M
INFO: Trainable parameter count: 8.87M
INFO: Trainable parameter count: 8.87M
INFO: Trainable parameter count: 9.13M
INFO: Trainable parameter count: 9.13M
INFO: Trainable parameter count: 9.40M
INFO: Trainable parameter count: 9.40M
INFO: Trainable parameter count: 10.45M
INFO: Trainable parameter count: 10.45M
INFO: Trainable parameter count: 11.50M
INFO: Trainable parameter count: 11.50M
INFO: Trainable parameter count: 11.50M
INFO: Trainable parameter count: 11.50M
INFO: Trainable parameter count: 11.50M
INFO: Trainable parameter count: 11.50M
INFO: Trainable parameter count: 11.50M
INFO: Trainable parameter count: 11.50M
INFO: Trainable parameter count: 11.50M
INFO: Trainable parameter count: 11.50M
INFO: Trainable parameter count: 11.67M
INFO: Trainable parameter count: 11.67M
Model(
  11.66 M, 99.921% Params, 1.74 GMac, 100.000% MACs, 
  (enc_embedding): DataEmbedding(
    495.1 k, 4.244% Params, 47.53 MMac, 2.728% MACs, 
    (value_embedding): TokenEmbedding(
      493.06 k, 4.227% Params, 47.33 MMac, 2.717% MACs, 
      (tokenConv): Conv1d(493.06 k, 4.227% Params, 47.33 MMac, 2.717% MACs, 321, 512, kernel_size=(3,), stride=(1,), padding=(1,), bias=False, padding_mode=circular)
    )
    (position_embedding): PositionalEmbedding(0, 0.000% Params, 0.0 Mac, 0.000% MACs, )
    (temporal_embedding): TimeFeatureEmbedding(
      2.05 k, 0.018% Params, 196.61 KMac, 0.011% MACs, 
      (embed): Linear(2.05 k, 0.018% Params, 196.61 KMac, 0.011% MACs, in_features=4, out_features=512, bias=False)
    )
    (dropout): Dropout(0, 0.000% Params, 0.0 Mac, 0.000% MACs, p=0.05, inplace=False)
  )
  (dec_embedding): DataEmbedding(
    495.1 k, 4.244% Params, 118.82 MMac, 6.821% MACs, 
    (value_embedding): TokenEmbedding(
      493.06 k, 4.227% Params, 118.33 MMac, 6.793% MACs, 
      (tokenConv): Conv1d(493.06 k, 4.227% Params, 118.33 MMac, 6.793% MACs, 321, 512, kernel_size=(3,), stride=(1,), padding=(1,), bias=False, padding_mode=circular)
    )
    (position_embedding): PositionalEmbedding(0, 0.000% Params, 0.0 Mac, 0.000% MACs, )
    (temporal_embedding): TimeFeatureEmbedding(
      2.05 k, 0.018% Params, 491.52 KMac, 0.028% MACs, 
      (embed): Linear(2.05 k, 0.018% Params, 491.52 KMac, 0.028% MACs, in_features=4, out_features=512, bias=False)
    )
    (dropout): Dropout(0, 0.000% Params, 0.0 Mac, 0.000% MACs, p=0.05, inplace=False)
  )
  (encoder): Encoder(
    6.3 M, 54.010% Params, 604.48 MMac, 34.699% MACs, 
    (attn_layers): ModuleList(
      6.3 M, 54.010% Params, 604.48 MMac, 34.699% MACs, 
      (0): EncoderLayer(
        3.15 M, 27.005% Params, 302.24 MMac, 17.350% MACs, 
        (attention): AttentionLayer(
          1.05 M, 9.006% Params, 100.67 MMac, 5.779% MACs, 
          (inner_attention): FullAttention(
            0, 0.000% Params, 0.0 Mac, 0.000% MACs, 
            (dropout): Dropout(0, 0.000% Params, 0.0 Mac, 0.000% MACs, p=0.05, inplace=False)
          )
          (query_projection): Linear(262.66 k, 2.252% Params, 25.17 MMac, 1.445% MACs, in_features=512, out_features=512, bias=True)
          (key_projection): Linear(262.66 k, 2.252% Params, 25.17 MMac, 1.445% MACs, in_features=512, out_features=512, bias=True)
          (value_projection): Linear(262.66 k, 2.252% Params, 25.17 MMac, 1.445% MACs, in_features=512, out_features=512, bias=True)
          (out_projection): Linear(262.66 k, 2.252% Params, 25.17 MMac, 1.445% MACs, in_features=512, out_features=512, bias=True)
        )
        (conv1): Conv1d(1.05 M, 9.006% Params, 100.86 MMac, 5.790% MACs, 512, 2048, kernel_size=(1,), stride=(1,))
        (conv2): Conv1d(1.05 M, 8.993% Params, 100.71 MMac, 5.781% MACs, 2048, 512, kernel_size=(1,), stride=(1,))
        (norm1): LayerNorm(0, 0.000% Params, 0.0 Mac, 0.000% MACs, (512,), eps=1e-05, elementwise_affine=True)
        (norm2): LayerNorm(0, 0.000% Params, 0.0 Mac, 0.000% MACs, (512,), eps=1e-05, elementwise_affine=True)
        (dropout): Dropout(0, 0.000% Params, 0.0 Mac, 0.000% MACs, p=0.05, inplace=False)
      )
      (1): EncoderLayer(
        3.15 M, 27.005% Params, 302.24 MMac, 17.350% MACs, 
        (attention): AttentionLayer(
          1.05 M, 9.006% Params, 100.67 MMac, 5.779% MACs, 
          (inner_attention): FullAttention(
            0, 0.000% Params, 0.0 Mac, 0.000% MACs, 
            (dropout): Dropout(0, 0.000% Params, 0.0 Mac, 0.000% MACs, p=0.05, inplace=False)
          )
          (query_projection): Linear(262.66 k, 2.252% Params, 25.17 MMac, 1.445% MACs, in_features=512, out_features=512, bias=True)
          (key_projection): Linear(262.66 k, 2.252% Params, 25.17 MMac, 1.445% MACs, in_features=512, out_features=512, bias=True)
          (value_projection): Linear(262.66 k, 2.252% Params, 25.17 MMac, 1.445% MACs, in_features=512, out_features=512, bias=True)
          (out_projection): Linear(262.66 k, 2.252% Params, 25.17 MMac, 1.445% MACs, in_features=512, out_features=512, bias=True)
        )
        (conv1): Conv1d(1.05 M, 9.006% Params, 100.86 MMac, 5.790% MACs, 512, 2048, kernel_size=(1,), stride=(1,))
        (conv2): Conv1d(1.05 M, 8.993% Params, 100.71 MMac, 5.781% MACs, 2048, 512, kernel_size=(1,), stride=(1,))
        (norm1): LayerNorm(0, 0.000% Params, 0.0 Mac, 0.000% MACs, (512,), eps=1e-05, elementwise_affine=True)
        (norm2): LayerNorm(0, 0.000% Params, 0.0 Mac, 0.000% MACs, (512,), eps=1e-05, elementwise_affine=True)
        (dropout): Dropout(0, 0.000% Params, 0.0 Mac, 0.000% MACs, p=0.05, inplace=False)
      )
    )
    (norm): LayerNorm(0, 0.000% Params, 0.0 Mac, 0.000% MACs, (512,), eps=1e-05, elementwise_affine=True)
  )
  (decoder): Decoder(
    4.37 M, 37.423% Params, 971.2 MMac, 55.751% MACs, 
    (layers): ModuleList(
      4.2 M, 36.011% Params, 931.75 MMac, 53.487% MACs, 
      (0): DecoderLayer(
        4.2 M, 36.011% Params, 931.75 MMac, 53.487% MACs, 
        (self_attention): AttentionLayer(
          1.05 M, 9.006% Params, 251.66 MMac, 14.446% MACs, 
          (inner_attention): FullAttention(
            0, 0.000% Params, 0.0 Mac, 0.000% MACs, 
            (dropout): Dropout(0, 0.000% Params, 0.0 Mac, 0.000% MACs, p=0.05, inplace=False)
          )
          (query_projection): Linear(262.66 k, 2.252% Params, 62.92 MMac, 3.612% MACs, in_features=512, out_features=512, bias=True)
          (key_projection): Linear(262.66 k, 2.252% Params, 62.92 MMac, 3.612% MACs, in_features=512, out_features=512, bias=True)
          (value_projection): Linear(262.66 k, 2.252% Params, 62.92 MMac, 3.612% MACs, in_features=512, out_features=512, bias=True)
          (out_projection): Linear(262.66 k, 2.252% Params, 62.92 MMac, 3.612% MACs, in_features=512, out_features=512, bias=True)
        )
        (cross_attention): AttentionLayer(
          1.05 M, 9.006% Params, 176.16 MMac, 10.113% MACs, 
          (inner_attention): FullAttention(
            0, 0.000% Params, 0.0 Mac, 0.000% MACs, 
            (dropout): Dropout(0, 0.000% Params, 0.0 Mac, 0.000% MACs, p=0.05, inplace=False)
          )
          (query_projection): Linear(262.66 k, 2.252% Params, 62.92 MMac, 3.612% MACs, in_features=512, out_features=512, bias=True)
          (key_projection): Linear(262.66 k, 2.252% Params, 25.17 MMac, 1.445% MACs, in_features=512, out_features=512, bias=True)
          (value_projection): Linear(262.66 k, 2.252% Params, 25.17 MMac, 1.445% MACs, in_features=512, out_features=512, bias=True)
          (out_projection): Linear(262.66 k, 2.252% Params, 62.92 MMac, 3.612% MACs, in_features=512, out_features=512, bias=True)
        )
        (conv1): Conv1d(1.05 M, 9.006% Params, 252.15 MMac, 14.474% MACs, 512, 2048, kernel_size=(1,), stride=(1,))
        (conv2): Conv1d(1.05 M, 8.993% Params, 251.78 MMac, 14.453% MACs, 2048, 512, kernel_size=(1,), stride=(1,))
        (norm1): LayerNorm(0, 0.000% Params, 0.0 Mac, 0.000% MACs, (512,), eps=1e-05, elementwise_affine=True)
        (norm2): LayerNorm(0, 0.000% Params, 0.0 Mac, 0.000% MACs, (512,), eps=1e-05, elementwise_affine=True)
        (norm3): LayerNorm(0, 0.000% Params, 0.0 Mac, 0.000% MACs, (512,), eps=1e-05, elementwise_affine=True)
        (dropout): Dropout(0, 0.000% Params, 0.0 Mac, 0.000% MACs, p=0.05, inplace=False)
      )
    )
    (norm): LayerNorm(0, 0.000% Params, 0.0 Mac, 0.000% MACs, (512,), eps=1e-05, elementwise_affine=True)
    (projection): Linear(164.67 k, 1.412% Params, 39.44 MMac, 2.264% MACs, in_features=512, out_features=321, bias=True)
  )
)
Computational complexity:       1.74 GMac
Number of parameters:           11.67 M 
