Args in experiment:
Namespace(is_training=1, model_id='traffic_96_720', model='Transformer', data='custom', root_path='./dataset/', data_path='traffic.csv', features='M', target='OT', freq='h', checkpoints='./checkpoints/', seq_len=96, label_len=48, pred_len=720, individual=False, embed_type=0, enc_in=862, dec_in=862, c_out=862, d_model=512, n_heads=8, e_layers=2, d_layers=1, d_ff=2048, moving_avg=25, factor=3, distil=True, dropout=0.05, embed='timeF', activation='gelu', output_attention=False, do_predict=False, num_workers=10, itr=1, train_epochs=3, batch_size=32, patience=3, learning_rate=0.0001, des='Exp', loss='mse', lradj='type1', use_amp=False, use_gpu=True, gpu=8, use_multi_gpu=False, devices='0,1,2,3', test_flop=True)
Use GPU: cuda:8
>>>>>>>start training : traffic_96_720_Transformer_custom_ftM_sl96_ll48_pl720_dm512_nh8_el2_dl1_df2048_fc3_ebtimeF_dtTrue_Exp_0>>>>>>>>>>>>>>>>>>>>>>>>>>
train 11465
val 1037
test 2789
	iters: 100, epoch: 1 | loss: 0.5280644
	speed: 0.2167s/iter; left time: 211.3099s
	iters: 200, epoch: 1 | loss: 0.4348595
	speed: 0.1622s/iter; left time: 141.9338s
	iters: 300, epoch: 1 | loss: 0.3274068
	speed: 0.1619s/iter; left time: 125.5066s
Epoch: 1 cost time: 63.20325207710266
Epoch: 1, Steps: 358 | Train Loss: 0.4943884 Vali Loss: 0.5366070 Test Loss: 0.7151287
Validation loss decreased (inf --> 0.536607).  Saving model ...
Updating learning rate to 0.0001
	iters: 100, epoch: 2 | loss: 0.2857670
	speed: 0.5585s/iter; left time: 344.5960s
	iters: 200, epoch: 2 | loss: 0.2815946
	speed: 0.1615s/iter; left time: 83.4887s
	iters: 300, epoch: 2 | loss: 0.2647150
	speed: 0.1619s/iter; left time: 67.5326s
Epoch: 2 cost time: 59.2571280002594
Epoch: 2, Steps: 358 | Train Loss: 0.2837600 Vali Loss: 0.5052532 Test Loss: 0.7216313
Validation loss decreased (0.536607 --> 0.505253).  Saving model ...
Updating learning rate to 5e-05
	iters: 100, epoch: 3 | loss: 0.2554114
	speed: 0.5681s/iter; left time: 147.1459s
	iters: 200, epoch: 3 | loss: 0.2504738
	speed: 0.1670s/iter; left time: 26.5527s
	iters: 300, epoch: 3 | loss: 0.2532687
	speed: 0.1782s/iter; left time: 10.5138s
Epoch: 3 cost time: 62.47651028633118
Epoch: 3, Steps: 358 | Train Loss: 0.2554049 Vali Loss: 0.4994494 Test Loss: 0.7037749
Validation loss decreased (0.505253 --> 0.499449).  Saving model ...
Updating learning rate to 2.5e-05
>>>>>>>testing : traffic_96_720_Transformer_custom_ftM_sl96_ll48_pl720_dm512_nh8_el2_dl1_df2048_fc3_ebtimeF_dtTrue_Exp_0<<<<<<<<<<<<<<<<<<<<<<<<<<<<<<<<<
test 2789
mse:0.7037729024887085, mae:0.38159820437431335
INFO: Trainable parameter count: 1.32M
INFO: Trainable parameter count: 1.33M
INFO: Trainable parameter count: 2.65M
INFO: Trainable parameter count: 2.65M
INFO: Trainable parameter count: 2.91M
INFO: Trainable parameter count: 2.91M
INFO: Trainable parameter count: 3.18M
INFO: Trainable parameter count: 3.18M
INFO: Trainable parameter count: 3.44M
INFO: Trainable parameter count: 3.44M
INFO: Trainable parameter count: 3.70M
INFO: Trainable parameter count: 3.70M
INFO: Trainable parameter count: 4.75M
INFO: Trainable parameter count: 4.75M
INFO: Trainable parameter count: 5.80M
INFO: Trainable parameter count: 5.80M
INFO: Trainable parameter count: 5.80M
INFO: Trainable parameter count: 5.80M
INFO: Trainable parameter count: 5.80M
INFO: Trainable parameter count: 5.80M
INFO: Trainable parameter count: 6.07M
INFO: Trainable parameter count: 6.07M
INFO: Trainable parameter count: 6.33M
INFO: Trainable parameter count: 6.33M
INFO: Trainable parameter count: 6.59M
INFO: Trainable parameter count: 6.59M
INFO: Trainable parameter count: 6.85M
INFO: Trainable parameter count: 6.86M
INFO: Trainable parameter count: 7.90M
INFO: Trainable parameter count: 7.91M
INFO: Trainable parameter count: 8.95M
INFO: Trainable parameter count: 8.95M
INFO: Trainable parameter count: 8.96M
INFO: Trainable parameter count: 8.96M
INFO: Trainable parameter count: 8.96M
INFO: Trainable parameter count: 8.96M
INFO: Trainable parameter count: 8.96M
INFO: Trainable parameter count: 8.96M
INFO: Trainable parameter count: 9.22M
INFO: Trainable parameter count: 9.22M
INFO: Trainable parameter count: 9.48M
INFO: Trainable parameter count: 9.48M
INFO: Trainable parameter count: 9.75M
INFO: Trainable parameter count: 9.75M
INFO: Trainable parameter count: 10.01M
INFO: Trainable parameter count: 10.01M
INFO: Trainable parameter count: 10.27M
INFO: Trainable parameter count: 10.27M
INFO: Trainable parameter count: 10.53M
INFO: Trainable parameter count: 10.53M
INFO: Trainable parameter count: 10.80M
INFO: Trainable parameter count: 10.80M
INFO: Trainable parameter count: 11.06M
INFO: Trainable parameter count: 11.06M
INFO: Trainable parameter count: 12.11M
INFO: Trainable parameter count: 12.11M
INFO: Trainable parameter count: 13.16M
INFO: Trainable parameter count: 13.16M
INFO: Trainable parameter count: 13.16M
INFO: Trainable parameter count: 13.16M
INFO: Trainable parameter count: 13.16M
INFO: Trainable parameter count: 13.16M
INFO: Trainable parameter count: 13.16M
INFO: Trainable parameter count: 13.16M
INFO: Trainable parameter count: 13.16M
INFO: Trainable parameter count: 13.16M
INFO: Trainable parameter count: 13.60M
INFO: Trainable parameter count: 13.61M
Model(
  13.6 M, 99.932% Params, 4.96 GMac, 100.000% MACs, 
  (enc_embedding): DataEmbedding(
    1.33 M, 9.747% Params, 127.3 MMac, 2.567% MACs, 
    (value_embedding): TokenEmbedding(
      1.32 M, 9.732% Params, 127.11 MMac, 2.563% MACs, 
      (tokenConv): Conv1d(1.32 M, 9.732% Params, 127.11 MMac, 2.563% MACs, 862, 512, kernel_size=(3,), stride=(1,), padding=(1,), bias=False, padding_mode=circular)
    )
    (position_embedding): PositionalEmbedding(0, 0.000% Params, 0.0 Mac, 0.000% MACs, )
    (temporal_embedding): TimeFeatureEmbedding(
      2.05 k, 0.015% Params, 196.61 KMac, 0.004% MACs, 
      (embed): Linear(2.05 k, 0.015% Params, 196.61 KMac, 0.004% MACs, in_features=4, out_features=512, bias=False)
    )
    (dropout): Dropout(0, 0.000% Params, 0.0 Mac, 0.000% MACs, p=0.05, inplace=False)
  )
  (dec_embedding): DataEmbedding(
    1.33 M, 9.747% Params, 1.02 GMac, 20.533% MACs, 
    (value_embedding): TokenEmbedding(
      1.32 M, 9.732% Params, 1.02 GMac, 20.501% MACs, 
      (tokenConv): Conv1d(1.32 M, 9.732% Params, 1.02 GMac, 20.501% MACs, 862, 512, kernel_size=(3,), stride=(1,), padding=(1,), bias=False, padding_mode=circular)
    )
    (position_embedding): PositionalEmbedding(0, 0.000% Params, 0.0 Mac, 0.000% MACs, )
    (temporal_embedding): TimeFeatureEmbedding(
      2.05 k, 0.015% Params, 1.57 MMac, 0.032% MACs, 
      (embed): Linear(2.05 k, 0.015% Params, 1.57 MMac, 0.032% MACs, in_features=4, out_features=512, bias=False)
    )
    (dropout): Dropout(0, 0.000% Params, 0.0 Mac, 0.000% MACs, p=0.05, inplace=False)
  )
  (encoder): Encoder(
    6.3 M, 46.311% Params, 604.48 MMac, 12.187% MACs, 
    (attn_layers): ModuleList(
      6.3 M, 46.311% Params, 604.48 MMac, 12.187% MACs, 
      (0): EncoderLayer(
        3.15 M, 23.155% Params, 302.24 MMac, 6.093% MACs, 
        (attention): AttentionLayer(
          1.05 M, 7.722% Params, 100.67 MMac, 2.030% MACs, 
          (inner_attention): FullAttention(
            0, 0.000% Params, 0.0 Mac, 0.000% MACs, 
            (dropout): Dropout(0, 0.000% Params, 0.0 Mac, 0.000% MACs, p=0.05, inplace=False)
          )
          (query_projection): Linear(262.66 k, 1.931% Params, 25.17 MMac, 0.507% MACs, in_features=512, out_features=512, bias=True)
          (key_projection): Linear(262.66 k, 1.931% Params, 25.17 MMac, 0.507% MACs, in_features=512, out_features=512, bias=True)
          (value_projection): Linear(262.66 k, 1.931% Params, 25.17 MMac, 0.507% MACs, in_features=512, out_features=512, bias=True)
          (out_projection): Linear(262.66 k, 1.931% Params, 25.17 MMac, 0.507% MACs, in_features=512, out_features=512, bias=True)
        )
        (conv1): Conv1d(1.05 M, 7.722% Params, 100.86 MMac, 2.033% MACs, 512, 2048, kernel_size=(1,), stride=(1,))
        (conv2): Conv1d(1.05 M, 7.711% Params, 100.71 MMac, 2.030% MACs, 2048, 512, kernel_size=(1,), stride=(1,))
        (norm1): LayerNorm(0, 0.000% Params, 0.0 Mac, 0.000% MACs, (512,), eps=1e-05, elementwise_affine=True)
        (norm2): LayerNorm(0, 0.000% Params, 0.0 Mac, 0.000% MACs, (512,), eps=1e-05, elementwise_affine=True)
        (dropout): Dropout(0, 0.000% Params, 0.0 Mac, 0.000% MACs, p=0.05, inplace=False)
      )
      (1): EncoderLayer(
        3.15 M, 23.155% Params, 302.24 MMac, 6.093% MACs, 
        (attention): AttentionLayer(
          1.05 M, 7.722% Params, 100.67 MMac, 2.030% MACs, 
          (inner_attention): FullAttention(
            0, 0.000% Params, 0.0 Mac, 0.000% MACs, 
            (dropout): Dropout(0, 0.000% Params, 0.0 Mac, 0.000% MACs, p=0.05, inplace=False)
          )
          (query_projection): Linear(262.66 k, 1.931% Params, 25.17 MMac, 0.507% MACs, in_features=512, out_features=512, bias=True)
          (key_projection): Linear(262.66 k, 1.931% Params, 25.17 MMac, 0.507% MACs, in_features=512, out_features=512, bias=True)
          (value_projection): Linear(262.66 k, 1.931% Params, 25.17 MMac, 0.507% MACs, in_features=512, out_features=512, bias=True)
          (out_projection): Linear(262.66 k, 1.931% Params, 25.17 MMac, 0.507% MACs, in_features=512, out_features=512, bias=True)
        )
        (conv1): Conv1d(1.05 M, 7.722% Params, 100.86 MMac, 2.033% MACs, 512, 2048, kernel_size=(1,), stride=(1,))
        (conv2): Conv1d(1.05 M, 7.711% Params, 100.71 MMac, 2.030% MACs, 2048, 512, kernel_size=(1,), stride=(1,))
        (norm1): LayerNorm(0, 0.000% Params, 0.0 Mac, 0.000% MACs, (512,), eps=1e-05, elementwise_affine=True)
        (norm2): LayerNorm(0, 0.000% Params, 0.0 Mac, 0.000% MACs, (512,), eps=1e-05, elementwise_affine=True)
        (dropout): Dropout(0, 0.000% Params, 0.0 Mac, 0.000% MACs, p=0.05, inplace=False)
      )
    )
    (norm): LayerNorm(0, 0.000% Params, 0.0 Mac, 0.000% MACs, (512,), eps=1e-05, elementwise_affine=True)
  )
  (decoder): Decoder(
    4.64 M, 34.128% Params, 3.21 GMac, 64.714% MACs, 
    (layers): ModuleList(
      4.2 M, 30.878% Params, 2.87 GMac, 57.880% MACs, 
      (0): DecoderLayer(
        4.2 M, 30.878% Params, 2.87 GMac, 57.880% MACs, 
        (self_attention): AttentionLayer(
          1.05 M, 7.722% Params, 805.31 MMac, 16.236% MACs, 
          (inner_attention): FullAttention(
            0, 0.000% Params, 0.0 Mac, 0.000% MACs, 
            (dropout): Dropout(0, 0.000% Params, 0.0 Mac, 0.000% MACs, p=0.05, inplace=False)
          )
          (query_projection): Linear(262.66 k, 1.931% Params, 201.33 MMac, 4.059% MACs, in_features=512, out_features=512, bias=True)
          (key_projection): Linear(262.66 k, 1.931% Params, 201.33 MMac, 4.059% MACs, in_features=512, out_features=512, bias=True)
          (value_projection): Linear(262.66 k, 1.931% Params, 201.33 MMac, 4.059% MACs, in_features=512, out_features=512, bias=True)
          (out_projection): Linear(262.66 k, 1.931% Params, 201.33 MMac, 4.059% MACs, in_features=512, out_features=512, bias=True)
        )
        (cross_attention): AttentionLayer(
          1.05 M, 7.722% Params, 452.99 MMac, 9.133% MACs, 
          (inner_attention): FullAttention(
            0, 0.000% Params, 0.0 Mac, 0.000% MACs, 
            (dropout): Dropout(0, 0.000% Params, 0.0 Mac, 0.000% MACs, p=0.05, inplace=False)
          )
          (query_projection): Linear(262.66 k, 1.931% Params, 201.33 MMac, 4.059% MACs, in_features=512, out_features=512, bias=True)
          (key_projection): Linear(262.66 k, 1.931% Params, 25.17 MMac, 0.507% MACs, in_features=512, out_features=512, bias=True)
          (value_projection): Linear(262.66 k, 1.931% Params, 25.17 MMac, 0.507% MACs, in_features=512, out_features=512, bias=True)
          (out_projection): Linear(262.66 k, 1.931% Params, 201.33 MMac, 4.059% MACs, in_features=512, out_features=512, bias=True)
        )
        (conv1): Conv1d(1.05 M, 7.722% Params, 806.88 MMac, 16.268% MACs, 512, 2048, kernel_size=(1,), stride=(1,))
        (conv2): Conv1d(1.05 M, 7.711% Params, 805.7 MMac, 16.244% MACs, 2048, 512, kernel_size=(1,), stride=(1,))
        (norm1): LayerNorm(0, 0.000% Params, 0.0 Mac, 0.000% MACs, (512,), eps=1e-05, elementwise_affine=True)
        (norm2): LayerNorm(0, 0.000% Params, 0.0 Mac, 0.000% MACs, (512,), eps=1e-05, elementwise_affine=True)
        (norm3): LayerNorm(0, 0.000% Params, 0.0 Mac, 0.000% MACs, (512,), eps=1e-05, elementwise_affine=True)
        (dropout): Dropout(0, 0.000% Params, 0.0 Mac, 0.000% MACs, p=0.05, inplace=False)
      )
    )
    (norm): LayerNorm(0, 0.000% Params, 0.0 Mac, 0.000% MACs, (512,), eps=1e-05, elementwise_affine=True)
    (projection): Linear(442.21 k, 3.250% Params, 338.95 MMac, 6.834% MACs, in_features=512, out_features=862, bias=True)
  )
)
Computational complexity:       4.96 GMac
Number of parameters:           13.61 M 
