Args in experiment:
Namespace(is_training=1, model_id='ETTm2_96_192', model='Transformer', data='ETTm2', root_path='./dataset/', data_path='ETTm2.csv', features='M', target='OT', freq='h', checkpoints='./checkpoints/', seq_len=96, label_len=48, pred_len=192, individual=False, embed_type=0, enc_in=7, dec_in=7, c_out=7, d_model=512, n_heads=8, e_layers=2, d_layers=1, d_ff=2048, moving_avg=25, factor=3, distil=True, dropout=0.05, embed='timeF', activation='gelu', output_attention=False, do_predict=False, num_workers=10, itr=1, train_epochs=10, batch_size=32, patience=3, learning_rate=0.0001, des='Exp', loss='mse', lradj='type1', use_amp=False, use_gpu=True, gpu=5, use_multi_gpu=False, devices='0,1,2,3', test_flop=True)
Use GPU: cuda:5
>>>>>>>start training : ETTm2_96_192_Transformer_ETTm2_ftM_sl96_ll48_pl192_dm512_nh8_el2_dl1_df2048_fc3_ebtimeF_dtTrue_Exp_0>>>>>>>>>>>>>>>>>>>>>>>>>>
train 34273
val 11329
test 11329
	iters: 100, epoch: 1 | loss: 0.3060615
	speed: 0.0672s/iter; left time: 713.3603s
	iters: 200, epoch: 1 | loss: 0.2471078
	speed: 0.0353s/iter; left time: 370.8774s
	iters: 300, epoch: 1 | loss: 0.2776872
	speed: 0.0352s/iter; left time: 366.7971s
	iters: 400, epoch: 1 | loss: 0.1937654
	speed: 0.0355s/iter; left time: 365.9412s
	iters: 500, epoch: 1 | loss: 0.2337157
	speed: 0.0353s/iter; left time: 360.1590s
	iters: 600, epoch: 1 | loss: 0.2363204
	speed: 0.0354s/iter; left time: 357.4271s
	iters: 700, epoch: 1 | loss: 0.1347028
	speed: 0.0355s/iter; left time: 355.8447s
	iters: 800, epoch: 1 | loss: 0.1566916
	speed: 0.0358s/iter; left time: 355.1388s
	iters: 900, epoch: 1 | loss: 0.1821404
	speed: 0.0358s/iter; left time: 351.3818s
	iters: 1000, epoch: 1 | loss: 0.1272258
	speed: 0.0359s/iter; left time: 349.1079s
Epoch: 1 cost time: 41.32605814933777
Epoch: 1, Steps: 1071 | Train Loss: 0.2059857 Vali Loss: 0.4693062 Test Loss: 1.1942197
Validation loss decreased (inf --> 0.469306).  Saving model ...
Updating learning rate to 0.0001
	iters: 100, epoch: 2 | loss: 0.1224924
	speed: 0.2077s/iter; left time: 1981.0154s
	iters: 200, epoch: 2 | loss: 0.1404844
	speed: 0.0359s/iter; left time: 338.9399s
	iters: 300, epoch: 2 | loss: 0.1419930
	speed: 0.0358s/iter; left time: 333.9734s
	iters: 400, epoch: 2 | loss: 0.0969565
	speed: 0.0355s/iter; left time: 327.6719s
	iters: 500, epoch: 2 | loss: 0.1158260
	speed: 0.0358s/iter; left time: 327.5174s
	iters: 600, epoch: 2 | loss: 0.1071158
	speed: 0.0360s/iter; left time: 325.2722s
	iters: 700, epoch: 2 | loss: 0.1070537
	speed: 0.0361s/iter; left time: 322.5165s
	iters: 800, epoch: 2 | loss: 0.0862268
	speed: 0.0360s/iter; left time: 318.1065s
	iters: 900, epoch: 2 | loss: 0.1137029
	speed: 0.0360s/iter; left time: 314.2427s
	iters: 1000, epoch: 2 | loss: 0.1201760
	speed: 0.0361s/iter; left time: 311.6278s
Epoch: 2 cost time: 39.84057378768921
Epoch: 2, Steps: 1071 | Train Loss: 0.1177380 Vali Loss: 0.5946931 Test Loss: 1.1150306
EarlyStopping counter: 1 out of 3
Updating learning rate to 5e-05
	iters: 100, epoch: 3 | loss: 0.1018673
	speed: 0.2094s/iter; left time: 1773.1891s
	iters: 200, epoch: 3 | loss: 0.0867905
	speed: 0.0360s/iter; left time: 301.1603s
	iters: 300, epoch: 3 | loss: 0.0898029
	speed: 0.0360s/iter; left time: 297.9105s
	iters: 400, epoch: 3 | loss: 0.0669412
	speed: 0.0360s/iter; left time: 294.3052s
	iters: 500, epoch: 3 | loss: 0.0856872
	speed: 0.0359s/iter; left time: 289.7747s
	iters: 600, epoch: 3 | loss: 0.0772631
	speed: 0.0361s/iter; left time: 287.7166s
	iters: 700, epoch: 3 | loss: 0.0852086
	speed: 0.0372s/iter; left time: 292.6028s
	iters: 800, epoch: 3 | loss: 0.0851660
	speed: 0.0361s/iter; left time: 280.5315s
	iters: 900, epoch: 3 | loss: 0.0772777
	speed: 0.0360s/iter; left time: 276.3638s
	iters: 1000, epoch: 3 | loss: 0.0810336
	speed: 0.0360s/iter; left time: 272.4400s
Epoch: 3 cost time: 40.28782868385315
Epoch: 3, Steps: 1071 | Train Loss: 0.0825807 Vali Loss: 0.6521218 Test Loss: 1.2019123
EarlyStopping counter: 2 out of 3
Updating learning rate to 2.5e-05
	iters: 100, epoch: 4 | loss: 0.0690033
	speed: 0.2044s/iter; left time: 1512.4593s
	iters: 200, epoch: 4 | loss: 0.0664199
	speed: 0.0359s/iter; left time: 262.1956s
	iters: 300, epoch: 4 | loss: 0.0794227
	speed: 0.0356s/iter; left time: 256.2997s
	iters: 400, epoch: 4 | loss: 0.0773566
	speed: 0.0355s/iter; left time: 251.7640s
	iters: 500, epoch: 4 | loss: 0.0704431
	speed: 0.0355s/iter; left time: 248.1287s
	iters: 600, epoch: 4 | loss: 0.0665280
	speed: 0.0356s/iter; left time: 245.5864s
	iters: 700, epoch: 4 | loss: 0.0715476
	speed: 0.0355s/iter; left time: 241.2445s
	iters: 800, epoch: 4 | loss: 0.0658523
	speed: 0.0355s/iter; left time: 237.5781s
	iters: 900, epoch: 4 | loss: 0.0772231
	speed: 0.0355s/iter; left time: 234.3418s
	iters: 1000, epoch: 4 | loss: 0.0720934
	speed: 0.0355s/iter; left time: 230.9201s
Epoch: 4 cost time: 39.4893901348114
Epoch: 4, Steps: 1071 | Train Loss: 0.0697122 Vali Loss: 0.6285790 Test Loss: 1.0829152
EarlyStopping counter: 3 out of 3
Early stopping
>>>>>>>testing : ETTm2_96_192_Transformer_ETTm2_ftM_sl96_ll48_pl192_dm512_nh8_el2_dl1_df2048_fc3_ebtimeF_dtTrue_Exp_0<<<<<<<<<<<<<<<<<<<<<<<<<<<<<<<<<
test 11329
mse:1.1942176818847656, mae:0.8011105060577393
INFO: Trainable parameter count: 0.01M
INFO: Trainable parameter count: 0.01M
INFO: Trainable parameter count: 0.02M
INFO: Trainable parameter count: 0.03M
INFO: Trainable parameter count: 0.29M
INFO: Trainable parameter count: 0.29M
INFO: Trainable parameter count: 0.55M
INFO: Trainable parameter count: 0.55M
INFO: Trainable parameter count: 0.81M
INFO: Trainable parameter count: 0.81M
INFO: Trainable parameter count: 1.08M
INFO: Trainable parameter count: 1.08M
INFO: Trainable parameter count: 2.12M
INFO: Trainable parameter count: 2.13M
INFO: Trainable parameter count: 3.18M
INFO: Trainable parameter count: 3.18M
INFO: Trainable parameter count: 3.18M
INFO: Trainable parameter count: 3.18M
INFO: Trainable parameter count: 3.18M
INFO: Trainable parameter count: 3.18M
INFO: Trainable parameter count: 3.44M
INFO: Trainable parameter count: 3.44M
INFO: Trainable parameter count: 3.70M
INFO: Trainable parameter count: 3.70M
INFO: Trainable parameter count: 3.97M
INFO: Trainable parameter count: 3.97M
INFO: Trainable parameter count: 4.23M
INFO: Trainable parameter count: 4.23M
INFO: Trainable parameter count: 5.28M
INFO: Trainable parameter count: 5.28M
INFO: Trainable parameter count: 6.33M
INFO: Trainable parameter count: 6.33M
INFO: Trainable parameter count: 6.33M
INFO: Trainable parameter count: 6.33M
INFO: Trainable parameter count: 6.33M
INFO: Trainable parameter count: 6.33M
INFO: Trainable parameter count: 6.33M
INFO: Trainable parameter count: 6.33M
INFO: Trainable parameter count: 6.59M
INFO: Trainable parameter count: 6.59M
INFO: Trainable parameter count: 6.86M
INFO: Trainable parameter count: 6.86M
INFO: Trainable parameter count: 7.12M
INFO: Trainable parameter count: 7.12M
INFO: Trainable parameter count: 7.38M
INFO: Trainable parameter count: 7.38M
INFO: Trainable parameter count: 7.64M
INFO: Trainable parameter count: 7.64M
INFO: Trainable parameter count: 7.91M
INFO: Trainable parameter count: 7.91M
INFO: Trainable parameter count: 8.17M
INFO: Trainable parameter count: 8.17M
INFO: Trainable parameter count: 8.43M
INFO: Trainable parameter count: 8.43M
INFO: Trainable parameter count: 9.48M
INFO: Trainable parameter count: 9.48M
INFO: Trainable parameter count: 10.53M
INFO: Trainable parameter count: 10.53M
INFO: Trainable parameter count: 10.53M
INFO: Trainable parameter count: 10.53M
INFO: Trainable parameter count: 10.53M
INFO: Trainable parameter count: 10.53M
INFO: Trainable parameter count: 10.53M
INFO: Trainable parameter count: 10.54M
INFO: Trainable parameter count: 10.54M
INFO: Trainable parameter count: 10.54M
INFO: Trainable parameter count: 10.54M
INFO: Trainable parameter count: 10.54M
Model(
  10.53 M, 99.913% Params, 1.54 GMac, 100.000% MACs, 
  (enc_embedding): DataEmbedding(
    12.8 k, 0.121% Params, 1.23 MMac, 0.080% MACs, 
    (value_embedding): TokenEmbedding(
      10.75 k, 0.102% Params, 1.03 MMac, 0.067% MACs, 
      (tokenConv): Conv1d(10.75 k, 0.102% Params, 1.03 MMac, 0.067% MACs, 7, 512, kernel_size=(3,), stride=(1,), padding=(1,), bias=False, padding_mode=circular)
    )
    (position_embedding): PositionalEmbedding(0, 0.000% Params, 0.0 Mac, 0.000% MACs, )
    (temporal_embedding): TimeFeatureEmbedding(
      2.05 k, 0.019% Params, 196.61 KMac, 0.013% MACs, 
      (embed): Linear(2.05 k, 0.019% Params, 196.61 KMac, 0.013% MACs, in_features=4, out_features=512, bias=False)
    )
    (dropout): Dropout(0, 0.000% Params, 0.0 Mac, 0.000% MACs, p=0.05, inplace=False)
  )
  (dec_embedding): DataEmbedding(
    12.8 k, 0.121% Params, 3.07 MMac, 0.199% MACs, 
    (value_embedding): TokenEmbedding(
      10.75 k, 0.102% Params, 2.58 MMac, 0.167% MACs, 
      (tokenConv): Conv1d(10.75 k, 0.102% Params, 2.58 MMac, 0.167% MACs, 7, 512, kernel_size=(3,), stride=(1,), padding=(1,), bias=False, padding_mode=circular)
    )
    (position_embedding): PositionalEmbedding(0, 0.000% Params, 0.0 Mac, 0.000% MACs, )
    (temporal_embedding): TimeFeatureEmbedding(
      2.05 k, 0.019% Params, 491.52 KMac, 0.032% MACs, 
      (embed): Linear(2.05 k, 0.019% Params, 491.52 KMac, 0.032% MACs, in_features=4, out_features=512, bias=False)
    )
    (dropout): Dropout(0, 0.000% Params, 0.0 Mac, 0.000% MACs, p=0.05, inplace=False)
  )
  (encoder): Encoder(
    6.3 M, 59.778% Params, 604.48 MMac, 39.216% MACs, 
    (attn_layers): ModuleList(
      6.3 M, 59.778% Params, 604.48 MMac, 39.216% MACs, 
      (0): EncoderLayer(
        3.15 M, 29.889% Params, 302.24 MMac, 19.608% MACs, 
        (attention): AttentionLayer(
          1.05 M, 9.968% Params, 100.67 MMac, 6.531% MACs, 
          (inner_attention): FullAttention(
            0, 0.000% Params, 0.0 Mac, 0.000% MACs, 
            (dropout): Dropout(0, 0.000% Params, 0.0 Mac, 0.000% MACs, p=0.05, inplace=False)
          )
          (query_projection): Linear(262.66 k, 2.492% Params, 25.17 MMac, 1.633% MACs, in_features=512, out_features=512, bias=True)
          (key_projection): Linear(262.66 k, 2.492% Params, 25.17 MMac, 1.633% MACs, in_features=512, out_features=512, bias=True)
          (value_projection): Linear(262.66 k, 2.492% Params, 25.17 MMac, 1.633% MACs, in_features=512, out_features=512, bias=True)
          (out_projection): Linear(262.66 k, 2.492% Params, 25.17 MMac, 1.633% MACs, in_features=512, out_features=512, bias=True)
        )
        (conv1): Conv1d(1.05 M, 9.968% Params, 100.86 MMac, 6.543% MACs, 512, 2048, kernel_size=(1,), stride=(1,))
        (conv2): Conv1d(1.05 M, 9.953% Params, 100.71 MMac, 6.534% MACs, 2048, 512, kernel_size=(1,), stride=(1,))
        (norm1): LayerNorm(0, 0.000% Params, 0.0 Mac, 0.000% MACs, (512,), eps=1e-05, elementwise_affine=True)
        (norm2): LayerNorm(0, 0.000% Params, 0.0 Mac, 0.000% MACs, (512,), eps=1e-05, elementwise_affine=True)
        (dropout): Dropout(0, 0.000% Params, 0.0 Mac, 0.000% MACs, p=0.05, inplace=False)
      )
      (1): EncoderLayer(
        3.15 M, 29.889% Params, 302.24 MMac, 19.608% MACs, 
        (attention): AttentionLayer(
          1.05 M, 9.968% Params, 100.67 MMac, 6.531% MACs, 
          (inner_attention): FullAttention(
            0, 0.000% Params, 0.0 Mac, 0.000% MACs, 
            (dropout): Dropout(0, 0.000% Params, 0.0 Mac, 0.000% MACs, p=0.05, inplace=False)
          )
          (query_projection): Linear(262.66 k, 2.492% Params, 25.17 MMac, 1.633% MACs, in_features=512, out_features=512, bias=True)
          (key_projection): Linear(262.66 k, 2.492% Params, 25.17 MMac, 1.633% MACs, in_features=512, out_features=512, bias=True)
          (value_projection): Linear(262.66 k, 2.492% Params, 25.17 MMac, 1.633% MACs, in_features=512, out_features=512, bias=True)
          (out_projection): Linear(262.66 k, 2.492% Params, 25.17 MMac, 1.633% MACs, in_features=512, out_features=512, bias=True)
        )
        (conv1): Conv1d(1.05 M, 9.968% Params, 100.86 MMac, 6.543% MACs, 512, 2048, kernel_size=(1,), stride=(1,))
        (conv2): Conv1d(1.05 M, 9.953% Params, 100.71 MMac, 6.534% MACs, 2048, 512, kernel_size=(1,), stride=(1,))
        (norm1): LayerNorm(0, 0.000% Params, 0.0 Mac, 0.000% MACs, (512,), eps=1e-05, elementwise_affine=True)
        (norm2): LayerNorm(0, 0.000% Params, 0.0 Mac, 0.000% MACs, (512,), eps=1e-05, elementwise_affine=True)
        (dropout): Dropout(0, 0.000% Params, 0.0 Mac, 0.000% MACs, p=0.05, inplace=False)
      )
    )
    (norm): LayerNorm(0, 0.000% Params, 0.0 Mac, 0.000% MACs, (512,), eps=1e-05, elementwise_affine=True)
  )
  (decoder): Decoder(
    4.2 M, 39.891% Params, 932.61 MMac, 60.505% MACs, 
    (layers): ModuleList(
      4.2 M, 39.857% Params, 931.75 MMac, 60.449% MACs, 
      (0): DecoderLayer(
        4.2 M, 39.857% Params, 931.75 MMac, 60.449% MACs, 
        (self_attention): AttentionLayer(
          1.05 M, 9.968% Params, 251.66 MMac, 16.327% MACs, 
          (inner_attention): FullAttention(
            0, 0.000% Params, 0.0 Mac, 0.000% MACs, 
            (dropout): Dropout(0, 0.000% Params, 0.0 Mac, 0.000% MACs, p=0.05, inplace=False)
          )
          (query_projection): Linear(262.66 k, 2.492% Params, 62.92 MMac, 4.082% MACs, in_features=512, out_features=512, bias=True)
          (key_projection): Linear(262.66 k, 2.492% Params, 62.92 MMac, 4.082% MACs, in_features=512, out_features=512, bias=True)
          (value_projection): Linear(262.66 k, 2.492% Params, 62.92 MMac, 4.082% MACs, in_features=512, out_features=512, bias=True)
          (out_projection): Linear(262.66 k, 2.492% Params, 62.92 MMac, 4.082% MACs, in_features=512, out_features=512, bias=True)
        )
        (cross_attention): AttentionLayer(
          1.05 M, 9.968% Params, 176.16 MMac, 11.429% MACs, 
          (inner_attention): FullAttention(
            0, 0.000% Params, 0.0 Mac, 0.000% MACs, 
            (dropout): Dropout(0, 0.000% Params, 0.0 Mac, 0.000% MACs, p=0.05, inplace=False)
          )
          (query_projection): Linear(262.66 k, 2.492% Params, 62.92 MMac, 4.082% MACs, in_features=512, out_features=512, bias=True)
          (key_projection): Linear(262.66 k, 2.492% Params, 25.17 MMac, 1.633% MACs, in_features=512, out_features=512, bias=True)
          (value_projection): Linear(262.66 k, 2.492% Params, 25.17 MMac, 1.633% MACs, in_features=512, out_features=512, bias=True)
          (out_projection): Linear(262.66 k, 2.492% Params, 62.92 MMac, 4.082% MACs, in_features=512, out_features=512, bias=True)
        )
        (conv1): Conv1d(1.05 M, 9.968% Params, 252.15 MMac, 16.359% MACs, 512, 2048, kernel_size=(1,), stride=(1,))
        (conv2): Conv1d(1.05 M, 9.953% Params, 251.78 MMac, 16.335% MACs, 2048, 512, kernel_size=(1,), stride=(1,))
        (norm1): LayerNorm(0, 0.000% Params, 0.0 Mac, 0.000% MACs, (512,), eps=1e-05, elementwise_affine=True)
        (norm2): LayerNorm(0, 0.000% Params, 0.0 Mac, 0.000% MACs, (512,), eps=1e-05, elementwise_affine=True)
        (norm3): LayerNorm(0, 0.000% Params, 0.0 Mac, 0.000% MACs, (512,), eps=1e-05, elementwise_affine=True)
        (dropout): Dropout(0, 0.000% Params, 0.0 Mac, 0.000% MACs, p=0.05, inplace=False)
      )
    )
    (norm): LayerNorm(0, 0.000% Params, 0.0 Mac, 0.000% MACs, (512,), eps=1e-05, elementwise_affine=True)
    (projection): Linear(3.59 k, 0.034% Params, 860.17 KMac, 0.056% MACs, in_features=512, out_features=7, bias=True)
  )
)
Computational complexity:       1.54 GMac
Number of parameters:           10.54 M 
