Args in experiment:
Namespace(is_training=1, model_id='ETTh2_96_720', model='Transformer', data='ETTh2', root_path='./dataset/', data_path='ETTh2.csv', features='M', target='OT', freq='h', checkpoints='./checkpoints/', seq_len=96, label_len=48, pred_len=720, individual=False, embed_type=0, enc_in=7, dec_in=7, c_out=7, d_model=512, n_heads=8, e_layers=2, d_layers=1, d_ff=2048, moving_avg=25, factor=3, distil=True, dropout=0.05, embed='timeF', activation='gelu', output_attention=False, do_predict=False, num_workers=10, itr=1, train_epochs=10, batch_size=32, patience=3, learning_rate=0.0001, des='Exp', loss='mse', lradj='type1', use_amp=False, use_gpu=True, gpu=3, use_multi_gpu=False, devices='0,1,2,3', test_flop=True)
Use GPU: cuda:3
>>>>>>>start training : ETTh2_96_720_Transformer_ETTh2_ftM_sl96_ll48_pl720_dm512_nh8_el2_dl1_df2048_fc3_ebtimeF_dtTrue_Exp_0>>>>>>>>>>>>>>>>>>>>>>>>>>
train 7825
val 2161
test 2161
	iters: 100, epoch: 1 | loss: 0.3958013
	speed: 0.1377s/iter; left time: 322.4564s
	iters: 200, epoch: 1 | loss: 0.3650494
	speed: 0.1000s/iter; left time: 224.0363s
Epoch: 1 cost time: 28.236223697662354
Epoch: 1, Steps: 244 | Train Loss: 0.4325796 Vali Loss: 1.1101114 Test Loss: 3.0925939
Validation loss decreased (inf --> 1.110111).  Saving model ...
Updating learning rate to 0.0001
	iters: 100, epoch: 2 | loss: 0.2546638
	speed: 0.2351s/iter; left time: 493.0720s
	iters: 200, epoch: 2 | loss: 0.2562464
	speed: 0.1000s/iter; left time: 199.7133s
Epoch: 2 cost time: 25.955663204193115
Epoch: 2, Steps: 244 | Train Loss: 0.2710749 Vali Loss: 1.0846817 Test Loss: 3.3046782
Validation loss decreased (1.110111 --> 1.084682).  Saving model ...
Updating learning rate to 5e-05
	iters: 100, epoch: 3 | loss: 0.2077261
	speed: 0.2368s/iter; left time: 438.7520s
	iters: 200, epoch: 3 | loss: 0.2109721
	speed: 0.1005s/iter; left time: 176.2091s
Epoch: 3 cost time: 26.131544828414917
Epoch: 3, Steps: 244 | Train Loss: 0.2240950 Vali Loss: 1.1263309 Test Loss: 3.2012041
EarlyStopping counter: 1 out of 3
Updating learning rate to 2.5e-05
	iters: 100, epoch: 4 | loss: 0.2078562
	speed: 0.2417s/iter; left time: 388.8917s
	iters: 200, epoch: 4 | loss: 0.1915044
	speed: 0.1000s/iter; left time: 150.8775s
Epoch: 4 cost time: 26.15049386024475
Epoch: 4, Steps: 244 | Train Loss: 0.2051070 Vali Loss: 1.1495662 Test Loss: 3.2060306
EarlyStopping counter: 2 out of 3
Updating learning rate to 1.25e-05
	iters: 100, epoch: 5 | loss: 0.2091203
	speed: 0.2392s/iter; left time: 326.4534s
	iters: 200, epoch: 5 | loss: 0.1830472
	speed: 0.1003s/iter; left time: 126.9398s
Epoch: 5 cost time: 26.22673201560974
Epoch: 5, Steps: 244 | Train Loss: 0.1965201 Vali Loss: 1.1546288 Test Loss: 3.2644353
EarlyStopping counter: 3 out of 3
Early stopping
>>>>>>>testing : ETTh2_96_720_Transformer_ETTh2_ftM_sl96_ll48_pl720_dm512_nh8_el2_dl1_df2048_fc3_ebtimeF_dtTrue_Exp_0<<<<<<<<<<<<<<<<<<<<<<<<<<<<<<<<<
test 2161
mse:3.3046786785125732, mae:1.5058776140213013
INFO: Trainable parameter count: 0.01M
INFO: Trainable parameter count: 0.01M
INFO: Trainable parameter count: 0.02M
INFO: Trainable parameter count: 0.03M
INFO: Trainable parameter count: 0.29M
INFO: Trainable parameter count: 0.29M
INFO: Trainable parameter count: 0.55M
INFO: Trainable parameter count: 0.55M
INFO: Trainable parameter count: 0.81M
INFO: Trainable parameter count: 0.81M
INFO: Trainable parameter count: 1.08M
INFO: Trainable parameter count: 1.08M
INFO: Trainable parameter count: 2.12M
INFO: Trainable parameter count: 2.13M
INFO: Trainable parameter count: 3.18M
INFO: Trainable parameter count: 3.18M
INFO: Trainable parameter count: 3.18M
INFO: Trainable parameter count: 3.18M
INFO: Trainable parameter count: 3.18M
INFO: Trainable parameter count: 3.18M
INFO: Trainable parameter count: 3.44M
INFO: Trainable parameter count: 3.44M
INFO: Trainable parameter count: 3.70M
INFO: Trainable parameter count: 3.70M
INFO: Trainable parameter count: 3.97M
INFO: Trainable parameter count: 3.97M
INFO: Trainable parameter count: 4.23M
INFO: Trainable parameter count: 4.23M
INFO: Trainable parameter count: 5.28M
INFO: Trainable parameter count: 5.28M
INFO: Trainable parameter count: 6.33M
INFO: Trainable parameter count: 6.33M
INFO: Trainable parameter count: 6.33M
INFO: Trainable parameter count: 6.33M
INFO: Trainable parameter count: 6.33M
INFO: Trainable parameter count: 6.33M
INFO: Trainable parameter count: 6.33M
INFO: Trainable parameter count: 6.33M
INFO: Trainable parameter count: 6.59M
INFO: Trainable parameter count: 6.59M
INFO: Trainable parameter count: 6.86M
INFO: Trainable parameter count: 6.86M
INFO: Trainable parameter count: 7.12M
INFO: Trainable parameter count: 7.12M
INFO: Trainable parameter count: 7.38M
INFO: Trainable parameter count: 7.38M
INFO: Trainable parameter count: 7.64M
INFO: Trainable parameter count: 7.64M
INFO: Trainable parameter count: 7.91M
INFO: Trainable parameter count: 7.91M
INFO: Trainable parameter count: 8.17M
INFO: Trainable parameter count: 8.17M
INFO: Trainable parameter count: 8.43M
INFO: Trainable parameter count: 8.43M
INFO: Trainable parameter count: 9.48M
INFO: Trainable parameter count: 9.48M
INFO: Trainable parameter count: 10.53M
INFO: Trainable parameter count: 10.53M
INFO: Trainable parameter count: 10.53M
INFO: Trainable parameter count: 10.53M
INFO: Trainable parameter count: 10.53M
INFO: Trainable parameter count: 10.53M
INFO: Trainable parameter count: 10.53M
INFO: Trainable parameter count: 10.54M
INFO: Trainable parameter count: 10.54M
INFO: Trainable parameter count: 10.54M
INFO: Trainable parameter count: 10.54M
INFO: Trainable parameter count: 10.54M
Model(
  10.53 M, 99.913% Params, 3.49 GMac, 100.000% MACs, 
  (enc_embedding): DataEmbedding(
    12.8 k, 0.121% Params, 1.23 MMac, 0.035% MACs, 
    (value_embedding): TokenEmbedding(
      10.75 k, 0.102% Params, 1.03 MMac, 0.030% MACs, 
      (tokenConv): Conv1d(10.75 k, 0.102% Params, 1.03 MMac, 0.030% MACs, 7, 512, kernel_size=(3,), stride=(1,), padding=(1,), bias=False, padding_mode=circular)
    )
    (position_embedding): PositionalEmbedding(0, 0.000% Params, 0.0 Mac, 0.000% MACs, )
    (temporal_embedding): TimeFeatureEmbedding(
      2.05 k, 0.019% Params, 196.61 KMac, 0.006% MACs, 
      (embed): Linear(2.05 k, 0.019% Params, 196.61 KMac, 0.006% MACs, in_features=4, out_features=512, bias=False)
    )
    (dropout): Dropout(0, 0.000% Params, 0.0 Mac, 0.000% MACs, p=0.05, inplace=False)
  )
  (dec_embedding): DataEmbedding(
    12.8 k, 0.121% Params, 9.83 MMac, 0.282% MACs, 
    (value_embedding): TokenEmbedding(
      10.75 k, 0.102% Params, 8.26 MMac, 0.237% MACs, 
      (tokenConv): Conv1d(10.75 k, 0.102% Params, 8.26 MMac, 0.237% MACs, 7, 512, kernel_size=(3,), stride=(1,), padding=(1,), bias=False, padding_mode=circular)
    )
    (position_embedding): PositionalEmbedding(0, 0.000% Params, 0.0 Mac, 0.000% MACs, )
    (temporal_embedding): TimeFeatureEmbedding(
      2.05 k, 0.019% Params, 1.57 MMac, 0.045% MACs, 
      (embed): Linear(2.05 k, 0.019% Params, 1.57 MMac, 0.045% MACs, in_features=4, out_features=512, bias=False)
    )
    (dropout): Dropout(0, 0.000% Params, 0.0 Mac, 0.000% MACs, p=0.05, inplace=False)
  )
  (encoder): Encoder(
    6.3 M, 59.778% Params, 604.48 MMac, 17.324% MACs, 
    (attn_layers): ModuleList(
      6.3 M, 59.778% Params, 604.48 MMac, 17.324% MACs, 
      (0): EncoderLayer(
        3.15 M, 29.889% Params, 302.24 MMac, 8.662% MACs, 
        (attention): AttentionLayer(
          1.05 M, 9.968% Params, 100.67 MMac, 2.885% MACs, 
          (inner_attention): FullAttention(
            0, 0.000% Params, 0.0 Mac, 0.000% MACs, 
            (dropout): Dropout(0, 0.000% Params, 0.0 Mac, 0.000% MACs, p=0.05, inplace=False)
          )
          (query_projection): Linear(262.66 k, 2.492% Params, 25.17 MMac, 0.721% MACs, in_features=512, out_features=512, bias=True)
          (key_projection): Linear(262.66 k, 2.492% Params, 25.17 MMac, 0.721% MACs, in_features=512, out_features=512, bias=True)
          (value_projection): Linear(262.66 k, 2.492% Params, 25.17 MMac, 0.721% MACs, in_features=512, out_features=512, bias=True)
          (out_projection): Linear(262.66 k, 2.492% Params, 25.17 MMac, 0.721% MACs, in_features=512, out_features=512, bias=True)
        )
        (conv1): Conv1d(1.05 M, 9.968% Params, 100.86 MMac, 2.891% MACs, 512, 2048, kernel_size=(1,), stride=(1,))
        (conv2): Conv1d(1.05 M, 9.953% Params, 100.71 MMac, 2.886% MACs, 2048, 512, kernel_size=(1,), stride=(1,))
        (norm1): LayerNorm(0, 0.000% Params, 0.0 Mac, 0.000% MACs, (512,), eps=1e-05, elementwise_affine=True)
        (norm2): LayerNorm(0, 0.000% Params, 0.0 Mac, 0.000% MACs, (512,), eps=1e-05, elementwise_affine=True)
        (dropout): Dropout(0, 0.000% Params, 0.0 Mac, 0.000% MACs, p=0.05, inplace=False)
      )
      (1): EncoderLayer(
        3.15 M, 29.889% Params, 302.24 MMac, 8.662% MACs, 
        (attention): AttentionLayer(
          1.05 M, 9.968% Params, 100.67 MMac, 2.885% MACs, 
          (inner_attention): FullAttention(
            0, 0.000% Params, 0.0 Mac, 0.000% MACs, 
            (dropout): Dropout(0, 0.000% Params, 0.0 Mac, 0.000% MACs, p=0.05, inplace=False)
          )
          (query_projection): Linear(262.66 k, 2.492% Params, 25.17 MMac, 0.721% MACs, in_features=512, out_features=512, bias=True)
          (key_projection): Linear(262.66 k, 2.492% Params, 25.17 MMac, 0.721% MACs, in_features=512, out_features=512, bias=True)
          (value_projection): Linear(262.66 k, 2.492% Params, 25.17 MMac, 0.721% MACs, in_features=512, out_features=512, bias=True)
          (out_projection): Linear(262.66 k, 2.492% Params, 25.17 MMac, 0.721% MACs, in_features=512, out_features=512, bias=True)
        )
        (conv1): Conv1d(1.05 M, 9.968% Params, 100.86 MMac, 2.891% MACs, 512, 2048, kernel_size=(1,), stride=(1,))
        (conv2): Conv1d(1.05 M, 9.953% Params, 100.71 MMac, 2.886% MACs, 2048, 512, kernel_size=(1,), stride=(1,))
        (norm1): LayerNorm(0, 0.000% Params, 0.0 Mac, 0.000% MACs, (512,), eps=1e-05, elementwise_affine=True)
        (norm2): LayerNorm(0, 0.000% Params, 0.0 Mac, 0.000% MACs, (512,), eps=1e-05, elementwise_affine=True)
        (dropout): Dropout(0, 0.000% Params, 0.0 Mac, 0.000% MACs, p=0.05, inplace=False)
      )
    )
    (norm): LayerNorm(0, 0.000% Params, 0.0 Mac, 0.000% MACs, (512,), eps=1e-05, elementwise_affine=True)
  )
  (decoder): Decoder(
    4.2 M, 39.891% Params, 2.87 GMac, 82.359% MACs, 
    (layers): ModuleList(
      4.2 M, 39.857% Params, 2.87 GMac, 82.280% MACs, 
      (0): DecoderLayer(
        4.2 M, 39.857% Params, 2.87 GMac, 82.280% MACs, 
        (self_attention): AttentionLayer(
          1.05 M, 9.968% Params, 805.31 MMac, 23.080% MACs, 
          (inner_attention): FullAttention(
            0, 0.000% Params, 0.0 Mac, 0.000% MACs, 
            (dropout): Dropout(0, 0.000% Params, 0.0 Mac, 0.000% MACs, p=0.05, inplace=False)
          )
          (query_projection): Linear(262.66 k, 2.492% Params, 201.33 MMac, 5.770% MACs, in_features=512, out_features=512, bias=True)
          (key_projection): Linear(262.66 k, 2.492% Params, 201.33 MMac, 5.770% MACs, in_features=512, out_features=512, bias=True)
          (value_projection): Linear(262.66 k, 2.492% Params, 201.33 MMac, 5.770% MACs, in_features=512, out_features=512, bias=True)
          (out_projection): Linear(262.66 k, 2.492% Params, 201.33 MMac, 5.770% MACs, in_features=512, out_features=512, bias=True)
        )
        (cross_attention): AttentionLayer(
          1.05 M, 9.968% Params, 452.99 MMac, 12.983% MACs, 
          (inner_attention): FullAttention(
            0, 0.000% Params, 0.0 Mac, 0.000% MACs, 
            (dropout): Dropout(0, 0.000% Params, 0.0 Mac, 0.000% MACs, p=0.05, inplace=False)
          )
          (query_projection): Linear(262.66 k, 2.492% Params, 201.33 MMac, 5.770% MACs, in_features=512, out_features=512, bias=True)
          (key_projection): Linear(262.66 k, 2.492% Params, 25.17 MMac, 0.721% MACs, in_features=512, out_features=512, bias=True)
          (value_projection): Linear(262.66 k, 2.492% Params, 25.17 MMac, 0.721% MACs, in_features=512, out_features=512, bias=True)
          (out_projection): Linear(262.66 k, 2.492% Params, 201.33 MMac, 5.770% MACs, in_features=512, out_features=512, bias=True)
        )
        (conv1): Conv1d(1.05 M, 9.968% Params, 806.88 MMac, 23.125% MACs, 512, 2048, kernel_size=(1,), stride=(1,))
        (conv2): Conv1d(1.05 M, 9.953% Params, 805.7 MMac, 23.091% MACs, 2048, 512, kernel_size=(1,), stride=(1,))
        (norm1): LayerNorm(0, 0.000% Params, 0.0 Mac, 0.000% MACs, (512,), eps=1e-05, elementwise_affine=True)
        (norm2): LayerNorm(0, 0.000% Params, 0.0 Mac, 0.000% MACs, (512,), eps=1e-05, elementwise_affine=True)
        (norm3): LayerNorm(0, 0.000% Params, 0.0 Mac, 0.000% MACs, (512,), eps=1e-05, elementwise_affine=True)
        (dropout): Dropout(0, 0.000% Params, 0.0 Mac, 0.000% MACs, p=0.05, inplace=False)
      )
    )
    (norm): LayerNorm(0, 0.000% Params, 0.0 Mac, 0.000% MACs, (512,), eps=1e-05, elementwise_affine=True)
    (projection): Linear(3.59 k, 0.034% Params, 2.75 MMac, 0.079% MACs, in_features=512, out_features=7, bias=True)
  )
)
Computational complexity:       3.49 GMac
Number of parameters:           10.54 M 
