Args in experiment:
Namespace(is_training=1, model_id='ETTm2_96_96', model='Transformer', data='ETTm2', root_path='./dataset/', data_path='ETTm2.csv', features='M', target='OT', freq='h', checkpoints='./checkpoints/', seq_len=96, label_len=48, pred_len=96, individual=False, embed_type=0, enc_in=7, dec_in=7, c_out=7, d_model=512, n_heads=8, e_layers=2, d_layers=1, d_ff=2048, moving_avg=25, factor=3, distil=True, dropout=0.05, embed='timeF', activation='gelu', output_attention=False, do_predict=False, num_workers=10, itr=1, train_epochs=10, batch_size=32, patience=3, learning_rate=0.0001, des='Exp', loss='mse', lradj='type1', use_amp=False, use_gpu=True, gpu=5, use_multi_gpu=False, devices='0,1,2,3', test_flop=True)
Use GPU: cuda:5
>>>>>>>start training : ETTm2_96_96_Transformer_ETTm2_ftM_sl96_ll48_pl96_dm512_nh8_el2_dl1_df2048_fc3_ebtimeF_dtTrue_Exp_0>>>>>>>>>>>>>>>>>>>>>>>>>>
train 34369
val 11425
test 11425
	iters: 100, epoch: 1 | loss: 0.2033676
	speed: 0.0598s/iter; left time: 636.3858s
	iters: 200, epoch: 1 | loss: 0.3699989
	speed: 0.0282s/iter; left time: 297.0640s
	iters: 300, epoch: 1 | loss: 0.1381581
	speed: 0.0280s/iter; left time: 292.7811s
	iters: 400, epoch: 1 | loss: 0.1568252
	speed: 0.0281s/iter; left time: 290.5070s
	iters: 500, epoch: 1 | loss: 0.1632989
	speed: 0.0280s/iter; left time: 286.9853s
	iters: 600, epoch: 1 | loss: 0.1541982
	speed: 0.0281s/iter; left time: 285.1304s
	iters: 700, epoch: 1 | loss: 0.2470820
	speed: 0.0282s/iter; left time: 283.2140s
	iters: 800, epoch: 1 | loss: 0.1669247
	speed: 0.0282s/iter; left time: 279.9912s
	iters: 900, epoch: 1 | loss: 0.1393865
	speed: 0.0282s/iter; left time: 277.1488s
	iters: 1000, epoch: 1 | loss: 0.1453334
	speed: 0.0281s/iter; left time: 273.8713s
Epoch: 1 cost time: 33.427128076553345
Epoch: 1, Steps: 1074 | Train Loss: 0.1803392 Vali Loss: 0.3284891 Test Loss: 0.6124826
Validation loss decreased (inf --> 0.328489).  Saving model ...
Updating learning rate to 0.0001
	iters: 100, epoch: 2 | loss: 0.1111254
	speed: 0.1631s/iter; left time: 1560.3482s
	iters: 200, epoch: 2 | loss: 0.1126650
	speed: 0.0283s/iter; left time: 267.7216s
	iters: 300, epoch: 2 | loss: 0.1270190
	speed: 0.0282s/iter; left time: 264.0418s
	iters: 400, epoch: 2 | loss: 0.1177158
	speed: 0.0282s/iter; left time: 261.0423s
	iters: 500, epoch: 2 | loss: 0.0832895
	speed: 0.0281s/iter; left time: 257.7609s
	iters: 600, epoch: 2 | loss: 0.1098195
	speed: 0.0282s/iter; left time: 256.1039s
	iters: 700, epoch: 2 | loss: 0.1115897
	speed: 0.0282s/iter; left time: 252.6782s
	iters: 800, epoch: 2 | loss: 0.0908480
	speed: 0.0284s/iter; left time: 251.9573s
	iters: 900, epoch: 2 | loss: 0.0855535
	speed: 0.0281s/iter; left time: 246.5031s
	iters: 1000, epoch: 2 | loss: 0.0965410
	speed: 0.0281s/iter; left time: 243.7538s
Epoch: 2 cost time: 31.814923524856567
Epoch: 2, Steps: 1074 | Train Loss: 0.1084934 Vali Loss: 0.3889191 Test Loss: 0.6076981
EarlyStopping counter: 1 out of 3
Updating learning rate to 5e-05
	iters: 100, epoch: 3 | loss: 0.1208391
	speed: 0.1621s/iter; left time: 1377.0995s
	iters: 200, epoch: 3 | loss: 0.0768122
	speed: 0.0284s/iter; left time: 238.4373s
	iters: 300, epoch: 3 | loss: 0.0711200
	speed: 0.0282s/iter; left time: 233.4843s
	iters: 400, epoch: 3 | loss: 0.0776276
	speed: 0.0281s/iter; left time: 230.5106s
	iters: 500, epoch: 3 | loss: 0.0836942
	speed: 0.0283s/iter; left time: 228.9274s
	iters: 600, epoch: 3 | loss: 0.0657155
	speed: 0.0282s/iter; left time: 225.3526s
	iters: 700, epoch: 3 | loss: 0.0994005
	speed: 0.0284s/iter; left time: 223.7958s
	iters: 800, epoch: 3 | loss: 0.0746673
	speed: 0.0283s/iter; left time: 220.6618s
	iters: 900, epoch: 3 | loss: 0.0678138
	speed: 0.0283s/iter; left time: 217.5759s
	iters: 1000, epoch: 3 | loss: 0.0693077
	speed: 0.0285s/iter; left time: 216.5731s
Epoch: 3 cost time: 31.759801864624023
Epoch: 3, Steps: 1074 | Train Loss: 0.0737909 Vali Loss: 0.4110832 Test Loss: 0.6784397
EarlyStopping counter: 2 out of 3
Updating learning rate to 2.5e-05
	iters: 100, epoch: 4 | loss: 0.0631647
	speed: 0.1628s/iter; left time: 1207.9759s
	iters: 200, epoch: 4 | loss: 0.0647755
	speed: 0.0280s/iter; left time: 205.2208s
	iters: 300, epoch: 4 | loss: 0.0688368
	speed: 0.0283s/iter; left time: 204.1003s
	iters: 400, epoch: 4 | loss: 0.0618244
	speed: 0.0283s/iter; left time: 201.6313s
	iters: 500, epoch: 4 | loss: 0.0693590
	speed: 0.0282s/iter; left time: 197.9793s
	iters: 600, epoch: 4 | loss: 0.0636877
	speed: 0.0283s/iter; left time: 195.4727s
	iters: 700, epoch: 4 | loss: 0.0621676
	speed: 0.0281s/iter; left time: 191.4194s
	iters: 800, epoch: 4 | loss: 0.0692986
	speed: 0.0280s/iter; left time: 188.2939s
	iters: 900, epoch: 4 | loss: 0.0681856
	speed: 0.0283s/iter; left time: 187.3353s
	iters: 1000, epoch: 4 | loss: 0.0576411
	speed: 0.0283s/iter; left time: 184.3621s
Epoch: 4 cost time: 31.80311393737793
Epoch: 4, Steps: 1074 | Train Loss: 0.0618245 Vali Loss: 0.3910843 Test Loss: 0.6563578
EarlyStopping counter: 3 out of 3
Early stopping
>>>>>>>testing : ETTm2_96_96_Transformer_ETTm2_ftM_sl96_ll48_pl96_dm512_nh8_el2_dl1_df2048_fc3_ebtimeF_dtTrue_Exp_0<<<<<<<<<<<<<<<<<<<<<<<<<<<<<<<<<
test 11425
mse:0.612482488155365, mae:0.5814454555511475
INFO: Trainable parameter count: 0.01M
INFO: Trainable parameter count: 0.01M
INFO: Trainable parameter count: 0.02M
INFO: Trainable parameter count: 0.03M
INFO: Trainable parameter count: 0.29M
INFO: Trainable parameter count: 0.29M
INFO: Trainable parameter count: 0.55M
INFO: Trainable parameter count: 0.55M
INFO: Trainable parameter count: 0.81M
INFO: Trainable parameter count: 0.81M
INFO: Trainable parameter count: 1.08M
INFO: Trainable parameter count: 1.08M
INFO: Trainable parameter count: 2.12M
INFO: Trainable parameter count: 2.13M
INFO: Trainable parameter count: 3.18M
INFO: Trainable parameter count: 3.18M
INFO: Trainable parameter count: 3.18M
INFO: Trainable parameter count: 3.18M
INFO: Trainable parameter count: 3.18M
INFO: Trainable parameter count: 3.18M
INFO: Trainable parameter count: 3.44M
INFO: Trainable parameter count: 3.44M
INFO: Trainable parameter count: 3.70M
INFO: Trainable parameter count: 3.70M
INFO: Trainable parameter count: 3.97M
INFO: Trainable parameter count: 3.97M
INFO: Trainable parameter count: 4.23M
INFO: Trainable parameter count: 4.23M
INFO: Trainable parameter count: 5.28M
INFO: Trainable parameter count: 5.28M
INFO: Trainable parameter count: 6.33M
INFO: Trainable parameter count: 6.33M
INFO: Trainable parameter count: 6.33M
INFO: Trainable parameter count: 6.33M
INFO: Trainable parameter count: 6.33M
INFO: Trainable parameter count: 6.33M
INFO: Trainable parameter count: 6.33M
INFO: Trainable parameter count: 6.33M
INFO: Trainable parameter count: 6.59M
INFO: Trainable parameter count: 6.59M
INFO: Trainable parameter count: 6.86M
INFO: Trainable parameter count: 6.86M
INFO: Trainable parameter count: 7.12M
INFO: Trainable parameter count: 7.12M
INFO: Trainable parameter count: 7.38M
INFO: Trainable parameter count: 7.38M
INFO: Trainable parameter count: 7.64M
INFO: Trainable parameter count: 7.64M
INFO: Trainable parameter count: 7.91M
INFO: Trainable parameter count: 7.91M
INFO: Trainable parameter count: 8.17M
INFO: Trainable parameter count: 8.17M
INFO: Trainable parameter count: 8.43M
INFO: Trainable parameter count: 8.43M
INFO: Trainable parameter count: 9.48M
INFO: Trainable parameter count: 9.48M
INFO: Trainable parameter count: 10.53M
INFO: Trainable parameter count: 10.53M
INFO: Trainable parameter count: 10.53M
INFO: Trainable parameter count: 10.53M
INFO: Trainable parameter count: 10.53M
INFO: Trainable parameter count: 10.53M
INFO: Trainable parameter count: 10.53M
INFO: Trainable parameter count: 10.54M
INFO: Trainable parameter count: 10.54M
INFO: Trainable parameter count: 10.54M
INFO: Trainable parameter count: 10.54M
INFO: Trainable parameter count: 10.54M
Model(
  10.53 M, 99.913% Params, 1.19 GMac, 100.000% MACs, 
  (enc_embedding): DataEmbedding(
    12.8 k, 0.121% Params, 1.23 MMac, 0.103% MACs, 
    (value_embedding): TokenEmbedding(
      10.75 k, 0.102% Params, 1.03 MMac, 0.087% MACs, 
      (tokenConv): Conv1d(10.75 k, 0.102% Params, 1.03 MMac, 0.087% MACs, 7, 512, kernel_size=(3,), stride=(1,), padding=(1,), bias=False, padding_mode=circular)
    )
    (position_embedding): PositionalEmbedding(0, 0.000% Params, 0.0 Mac, 0.000% MACs, )
    (temporal_embedding): TimeFeatureEmbedding(
      2.05 k, 0.019% Params, 196.61 KMac, 0.017% MACs, 
      (embed): Linear(2.05 k, 0.019% Params, 196.61 KMac, 0.017% MACs, in_features=4, out_features=512, bias=False)
    )
    (dropout): Dropout(0, 0.000% Params, 0.0 Mac, 0.000% MACs, p=0.05, inplace=False)
  )
  (dec_embedding): DataEmbedding(
    12.8 k, 0.121% Params, 1.84 MMac, 0.155% MACs, 
    (value_embedding): TokenEmbedding(
      10.75 k, 0.102% Params, 1.55 MMac, 0.130% MACs, 
      (tokenConv): Conv1d(10.75 k, 0.102% Params, 1.55 MMac, 0.130% MACs, 7, 512, kernel_size=(3,), stride=(1,), padding=(1,), bias=False, padding_mode=circular)
    )
    (position_embedding): PositionalEmbedding(0, 0.000% Params, 0.0 Mac, 0.000% MACs, )
    (temporal_embedding): TimeFeatureEmbedding(
      2.05 k, 0.019% Params, 294.91 KMac, 0.025% MACs, 
      (embed): Linear(2.05 k, 0.019% Params, 294.91 KMac, 0.025% MACs, in_features=4, out_features=512, bias=False)
    )
    (dropout): Dropout(0, 0.000% Params, 0.0 Mac, 0.000% MACs, p=0.05, inplace=False)
  )
  (encoder): Encoder(
    6.3 M, 59.778% Params, 604.48 MMac, 50.914% MACs, 
    (attn_layers): ModuleList(
      6.3 M, 59.778% Params, 604.48 MMac, 50.914% MACs, 
      (0): EncoderLayer(
        3.15 M, 29.889% Params, 302.24 MMac, 25.457% MACs, 
        (attention): AttentionLayer(
          1.05 M, 9.968% Params, 100.67 MMac, 8.479% MACs, 
          (inner_attention): FullAttention(
            0, 0.000% Params, 0.0 Mac, 0.000% MACs, 
            (dropout): Dropout(0, 0.000% Params, 0.0 Mac, 0.000% MACs, p=0.05, inplace=False)
          )
          (query_projection): Linear(262.66 k, 2.492% Params, 25.17 MMac, 2.120% MACs, in_features=512, out_features=512, bias=True)
          (key_projection): Linear(262.66 k, 2.492% Params, 25.17 MMac, 2.120% MACs, in_features=512, out_features=512, bias=True)
          (value_projection): Linear(262.66 k, 2.492% Params, 25.17 MMac, 2.120% MACs, in_features=512, out_features=512, bias=True)
          (out_projection): Linear(262.66 k, 2.492% Params, 25.17 MMac, 2.120% MACs, in_features=512, out_features=512, bias=True)
        )
        (conv1): Conv1d(1.05 M, 9.968% Params, 100.86 MMac, 8.495% MACs, 512, 2048, kernel_size=(1,), stride=(1,))
        (conv2): Conv1d(1.05 M, 9.953% Params, 100.71 MMac, 8.483% MACs, 2048, 512, kernel_size=(1,), stride=(1,))
        (norm1): LayerNorm(0, 0.000% Params, 0.0 Mac, 0.000% MACs, (512,), eps=1e-05, elementwise_affine=True)
        (norm2): LayerNorm(0, 0.000% Params, 0.0 Mac, 0.000% MACs, (512,), eps=1e-05, elementwise_affine=True)
        (dropout): Dropout(0, 0.000% Params, 0.0 Mac, 0.000% MACs, p=0.05, inplace=False)
      )
      (1): EncoderLayer(
        3.15 M, 29.889% Params, 302.24 MMac, 25.457% MACs, 
        (attention): AttentionLayer(
          1.05 M, 9.968% Params, 100.67 MMac, 8.479% MACs, 
          (inner_attention): FullAttention(
            0, 0.000% Params, 0.0 Mac, 0.000% MACs, 
            (dropout): Dropout(0, 0.000% Params, 0.0 Mac, 0.000% MACs, p=0.05, inplace=False)
          )
          (query_projection): Linear(262.66 k, 2.492% Params, 25.17 MMac, 2.120% MACs, in_features=512, out_features=512, bias=True)
          (key_projection): Linear(262.66 k, 2.492% Params, 25.17 MMac, 2.120% MACs, in_features=512, out_features=512, bias=True)
          (value_projection): Linear(262.66 k, 2.492% Params, 25.17 MMac, 2.120% MACs, in_features=512, out_features=512, bias=True)
          (out_projection): Linear(262.66 k, 2.492% Params, 25.17 MMac, 2.120% MACs, in_features=512, out_features=512, bias=True)
        )
        (conv1): Conv1d(1.05 M, 9.968% Params, 100.86 MMac, 8.495% MACs, 512, 2048, kernel_size=(1,), stride=(1,))
        (conv2): Conv1d(1.05 M, 9.953% Params, 100.71 MMac, 8.483% MACs, 2048, 512, kernel_size=(1,), stride=(1,))
        (norm1): LayerNorm(0, 0.000% Params, 0.0 Mac, 0.000% MACs, (512,), eps=1e-05, elementwise_affine=True)
        (norm2): LayerNorm(0, 0.000% Params, 0.0 Mac, 0.000% MACs, (512,), eps=1e-05, elementwise_affine=True)
        (dropout): Dropout(0, 0.000% Params, 0.0 Mac, 0.000% MACs, p=0.05, inplace=False)
      )
    )
    (norm): LayerNorm(0, 0.000% Params, 0.0 Mac, 0.000% MACs, (512,), eps=1e-05, elementwise_affine=True)
  )
  (decoder): Decoder(
    4.2 M, 39.891% Params, 579.7 MMac, 48.827% MACs, 
    (layers): ModuleList(
      4.2 M, 39.857% Params, 579.19 MMac, 48.784% MACs, 
      (0): DecoderLayer(
        4.2 M, 39.857% Params, 579.19 MMac, 48.784% MACs, 
        (self_attention): AttentionLayer(
          1.05 M, 9.968% Params, 151.0 MMac, 12.718% MACs, 
          (inner_attention): FullAttention(
            0, 0.000% Params, 0.0 Mac, 0.000% MACs, 
            (dropout): Dropout(0, 0.000% Params, 0.0 Mac, 0.000% MACs, p=0.05, inplace=False)
          )
          (query_projection): Linear(262.66 k, 2.492% Params, 37.75 MMac, 3.180% MACs, in_features=512, out_features=512, bias=True)
          (key_projection): Linear(262.66 k, 2.492% Params, 37.75 MMac, 3.180% MACs, in_features=512, out_features=512, bias=True)
          (value_projection): Linear(262.66 k, 2.492% Params, 37.75 MMac, 3.180% MACs, in_features=512, out_features=512, bias=True)
          (out_projection): Linear(262.66 k, 2.492% Params, 37.75 MMac, 3.180% MACs, in_features=512, out_features=512, bias=True)
        )
        (cross_attention): AttentionLayer(
          1.05 M, 9.968% Params, 125.83 MMac, 10.599% MACs, 
          (inner_attention): FullAttention(
            0, 0.000% Params, 0.0 Mac, 0.000% MACs, 
            (dropout): Dropout(0, 0.000% Params, 0.0 Mac, 0.000% MACs, p=0.05, inplace=False)
          )
          (query_projection): Linear(262.66 k, 2.492% Params, 37.75 MMac, 3.180% MACs, in_features=512, out_features=512, bias=True)
          (key_projection): Linear(262.66 k, 2.492% Params, 25.17 MMac, 2.120% MACs, in_features=512, out_features=512, bias=True)
          (value_projection): Linear(262.66 k, 2.492% Params, 25.17 MMac, 2.120% MACs, in_features=512, out_features=512, bias=True)
          (out_projection): Linear(262.66 k, 2.492% Params, 37.75 MMac, 3.180% MACs, in_features=512, out_features=512, bias=True)
        )
        (conv1): Conv1d(1.05 M, 9.968% Params, 151.29 MMac, 12.743% MACs, 512, 2048, kernel_size=(1,), stride=(1,))
        (conv2): Conv1d(1.05 M, 9.953% Params, 151.07 MMac, 12.724% MACs, 2048, 512, kernel_size=(1,), stride=(1,))
        (norm1): LayerNorm(0, 0.000% Params, 0.0 Mac, 0.000% MACs, (512,), eps=1e-05, elementwise_affine=True)
        (norm2): LayerNorm(0, 0.000% Params, 0.0 Mac, 0.000% MACs, (512,), eps=1e-05, elementwise_affine=True)
        (norm3): LayerNorm(0, 0.000% Params, 0.0 Mac, 0.000% MACs, (512,), eps=1e-05, elementwise_affine=True)
        (dropout): Dropout(0, 0.000% Params, 0.0 Mac, 0.000% MACs, p=0.05, inplace=False)
      )
    )
    (norm): LayerNorm(0, 0.000% Params, 0.0 Mac, 0.000% MACs, (512,), eps=1e-05, elementwise_affine=True)
    (projection): Linear(3.59 k, 0.034% Params, 516.1 KMac, 0.043% MACs, in_features=512, out_features=7, bias=True)
  )
)
Computational complexity:       1.19 GMac
Number of parameters:           10.54 M 
