Args in experiment:
Namespace(is_training=1, model_id='weather_96_96', model='Transformer', data='custom', root_path='./dataset/', data_path='weather.csv', features='M', target='OT', freq='h', checkpoints='./checkpoints/', seq_len=96, label_len=48, pred_len=96, individual=False, embed_type=0, enc_in=21, dec_in=21, c_out=21, d_model=512, n_heads=8, e_layers=2, d_layers=1, d_ff=2048, moving_avg=25, factor=3, distil=True, dropout=0.05, embed='timeF', activation='gelu', output_attention=False, do_predict=False, num_workers=10, itr=1, train_epochs=2, batch_size=32, patience=3, learning_rate=0.0001, des='Exp', loss='mse', lradj='type1', use_amp=False, use_gpu=True, gpu=9, use_multi_gpu=False, devices='0,1,2,3', test_flop=True)
Use GPU: cuda:9
>>>>>>>start training : weather_96_96_Transformer_custom_ftM_sl96_ll48_pl96_dm512_nh8_el2_dl1_df2048_fc3_ebtimeF_dtTrue_Exp_0>>>>>>>>>>>>>>>>>>>>>>>>>>
train 36696
val 5175
test 10444
	iters: 100, epoch: 1 | loss: 0.4803030
	speed: 0.0645s/iter; left time: 141.3639s
	iters: 200, epoch: 1 | loss: 0.2575145
	speed: 0.0289s/iter; left time: 60.5199s
	iters: 300, epoch: 1 | loss: 0.3911292
	speed: 0.0297s/iter; left time: 59.2725s
	iters: 400, epoch: 1 | loss: 0.1731974
	speed: 0.0305s/iter; left time: 57.7784s
	iters: 500, epoch: 1 | loss: 0.2057005
	speed: 0.0295s/iter; left time: 52.9017s
	iters: 600, epoch: 1 | loss: 0.2014361
	speed: 0.0290s/iter; left time: 49.1594s
	iters: 700, epoch: 1 | loss: 0.2019006
	speed: 0.0305s/iter; left time: 48.6481s
	iters: 800, epoch: 1 | loss: 1.1125460
	speed: 0.0291s/iter; left time: 43.5007s
	iters: 900, epoch: 1 | loss: 0.3402290
	speed: 0.0292s/iter; left time: 40.7356s
	iters: 1000, epoch: 1 | loss: 0.1767531
	speed: 0.0297s/iter; left time: 38.4090s
	iters: 1100, epoch: 1 | loss: 0.1422935
	speed: 0.0297s/iter; left time: 35.3793s
Epoch: 1 cost time: 37.43822431564331
Epoch: 1, Steps: 1146 | Train Loss: 0.3563541 Vali Loss: 0.5127528 Test Loss: 0.3434784
Validation loss decreased (inf --> 0.512753).  Saving model ...
Updating learning rate to 0.0001
	iters: 100, epoch: 2 | loss: 0.1578185
	speed: 0.1431s/iter; left time: 149.8117s
	iters: 200, epoch: 2 | loss: 0.1453361
	speed: 0.0301s/iter; left time: 28.5276s
	iters: 300, epoch: 2 | loss: 0.3140780
	speed: 0.0289s/iter; left time: 24.4474s
	iters: 400, epoch: 2 | loss: 0.1601846
	speed: 0.0287s/iter; left time: 21.4067s
	iters: 500, epoch: 2 | loss: 0.7571701
	speed: 0.0291s/iter; left time: 18.8064s
	iters: 600, epoch: 2 | loss: 0.1257410
	speed: 0.0295s/iter; left time: 16.1232s
	iters: 700, epoch: 2 | loss: 0.1938528
	speed: 0.0300s/iter; left time: 13.4121s
	iters: 800, epoch: 2 | loss: 0.1046732
	speed: 0.0297s/iter; left time: 10.3064s
	iters: 900, epoch: 2 | loss: 0.1400807
	speed: 0.0289s/iter; left time: 7.1441s
	iters: 1000, epoch: 2 | loss: 0.1644038
	speed: 0.0287s/iter; left time: 4.2142s
	iters: 1100, epoch: 2 | loss: 0.1416863
	speed: 0.0286s/iter; left time: 1.3459s
Epoch: 2 cost time: 34.78342127799988
Epoch: 2, Steps: 1146 | Train Loss: 0.2558231 Vali Loss: 0.5198633 Test Loss: 0.4248484
EarlyStopping counter: 1 out of 3
Updating learning rate to 5e-05
>>>>>>>testing : weather_96_96_Transformer_custom_ftM_sl96_ll48_pl96_dm512_nh8_el2_dl1_df2048_fc3_ebtimeF_dtTrue_Exp_0<<<<<<<<<<<<<<<<<<<<<<<<<<<<<<<<<
test 10444
mse:0.34347856044769287, mae:0.4056040048599243
INFO: Trainable parameter count: 0.03M
INFO: Trainable parameter count: 0.03M
INFO: Trainable parameter count: 0.07M
INFO: Trainable parameter count: 0.07M
INFO: Trainable parameter count: 0.33M
INFO: Trainable parameter count: 0.33M
INFO: Trainable parameter count: 0.59M
INFO: Trainable parameter count: 0.59M
INFO: Trainable parameter count: 0.86M
INFO: Trainable parameter count: 0.86M
INFO: Trainable parameter count: 1.12M
INFO: Trainable parameter count: 1.12M
INFO: Trainable parameter count: 2.17M
INFO: Trainable parameter count: 2.17M
INFO: Trainable parameter count: 3.22M
INFO: Trainable parameter count: 3.22M
INFO: Trainable parameter count: 3.22M
INFO: Trainable parameter count: 3.22M
INFO: Trainable parameter count: 3.22M
INFO: Trainable parameter count: 3.22M
INFO: Trainable parameter count: 3.48M
INFO: Trainable parameter count: 3.48M
INFO: Trainable parameter count: 3.75M
INFO: Trainable parameter count: 3.75M
INFO: Trainable parameter count: 4.01M
INFO: Trainable parameter count: 4.01M
INFO: Trainable parameter count: 4.27M
INFO: Trainable parameter count: 4.27M
INFO: Trainable parameter count: 5.32M
INFO: Trainable parameter count: 5.32M
INFO: Trainable parameter count: 6.37M
INFO: Trainable parameter count: 6.37M
INFO: Trainable parameter count: 6.37M
INFO: Trainable parameter count: 6.37M
INFO: Trainable parameter count: 6.37M
INFO: Trainable parameter count: 6.37M
INFO: Trainable parameter count: 6.37M
INFO: Trainable parameter count: 6.37M
INFO: Trainable parameter count: 6.64M
INFO: Trainable parameter count: 6.64M
INFO: Trainable parameter count: 6.90M
INFO: Trainable parameter count: 6.90M
INFO: Trainable parameter count: 7.16M
INFO: Trainable parameter count: 7.16M
INFO: Trainable parameter count: 7.42M
INFO: Trainable parameter count: 7.43M
INFO: Trainable parameter count: 7.69M
INFO: Trainable parameter count: 7.69M
INFO: Trainable parameter count: 7.95M
INFO: Trainable parameter count: 7.95M
INFO: Trainable parameter count: 8.21M
INFO: Trainable parameter count: 8.21M
INFO: Trainable parameter count: 8.48M
INFO: Trainable parameter count: 8.48M
INFO: Trainable parameter count: 9.52M
INFO: Trainable parameter count: 9.53M
INFO: Trainable parameter count: 10.57M
INFO: Trainable parameter count: 10.58M
INFO: Trainable parameter count: 10.58M
INFO: Trainable parameter count: 10.58M
INFO: Trainable parameter count: 10.58M
INFO: Trainable parameter count: 10.58M
INFO: Trainable parameter count: 10.58M
INFO: Trainable parameter count: 10.58M
INFO: Trainable parameter count: 10.58M
INFO: Trainable parameter count: 10.58M
INFO: Trainable parameter count: 10.59M
INFO: Trainable parameter count: 10.59M
Model(
  10.58 M, 99.913% Params, 1.19 GMac, 100.000% MACs, 
  (enc_embedding): DataEmbedding(
    34.3 k, 0.324% Params, 3.29 MMac, 0.276% MACs, 
    (value_embedding): TokenEmbedding(
      32.26 k, 0.305% Params, 3.1 MMac, 0.259% MACs, 
      (tokenConv): Conv1d(32.26 k, 0.305% Params, 3.1 MMac, 0.259% MACs, 21, 512, kernel_size=(3,), stride=(1,), padding=(1,), bias=False, padding_mode=circular)
    )
    (position_embedding): PositionalEmbedding(0, 0.000% Params, 0.0 Mac, 0.000% MACs, )
    (temporal_embedding): TimeFeatureEmbedding(
      2.05 k, 0.019% Params, 196.61 KMac, 0.016% MACs, 
      (embed): Linear(2.05 k, 0.019% Params, 196.61 KMac, 0.016% MACs, in_features=4, out_features=512, bias=False)
    )
    (dropout): Dropout(0, 0.000% Params, 0.0 Mac, 0.000% MACs, p=0.05, inplace=False)
  )
  (dec_embedding): DataEmbedding(
    34.3 k, 0.324% Params, 4.94 MMac, 0.414% MACs, 
    (value_embedding): TokenEmbedding(
      32.26 k, 0.305% Params, 4.64 MMac, 0.389% MACs, 
      (tokenConv): Conv1d(32.26 k, 0.305% Params, 4.64 MMac, 0.389% MACs, 21, 512, kernel_size=(3,), stride=(1,), padding=(1,), bias=False, padding_mode=circular)
    )
    (position_embedding): PositionalEmbedding(0, 0.000% Params, 0.0 Mac, 0.000% MACs, )
    (temporal_embedding): TimeFeatureEmbedding(
      2.05 k, 0.019% Params, 294.91 KMac, 0.025% MACs, 
      (embed): Linear(2.05 k, 0.019% Params, 294.91 KMac, 0.025% MACs, in_features=4, out_features=512, bias=False)
    )
    (dropout): Dropout(0, 0.000% Params, 0.0 Mac, 0.000% MACs, p=0.05, inplace=False)
  )
  (encoder): Encoder(
    6.3 M, 59.495% Params, 604.48 MMac, 50.650% MACs, 
    (attn_layers): ModuleList(
      6.3 M, 59.495% Params, 604.48 MMac, 50.650% MACs, 
      (0): EncoderLayer(
        3.15 M, 29.748% Params, 302.24 MMac, 25.325% MACs, 
        (attention): AttentionLayer(
          1.05 M, 9.921% Params, 100.67 MMac, 8.435% MACs, 
          (inner_attention): FullAttention(
            0, 0.000% Params, 0.0 Mac, 0.000% MACs, 
            (dropout): Dropout(0, 0.000% Params, 0.0 Mac, 0.000% MACs, p=0.05, inplace=False)
          )
          (query_projection): Linear(262.66 k, 2.480% Params, 25.17 MMac, 2.109% MACs, in_features=512, out_features=512, bias=True)
          (key_projection): Linear(262.66 k, 2.480% Params, 25.17 MMac, 2.109% MACs, in_features=512, out_features=512, bias=True)
          (value_projection): Linear(262.66 k, 2.480% Params, 25.17 MMac, 2.109% MACs, in_features=512, out_features=512, bias=True)
          (out_projection): Linear(262.66 k, 2.480% Params, 25.17 MMac, 2.109% MACs, in_features=512, out_features=512, bias=True)
        )
        (conv1): Conv1d(1.05 M, 9.921% Params, 100.86 MMac, 8.451% MACs, 512, 2048, kernel_size=(1,), stride=(1,))
        (conv2): Conv1d(1.05 M, 9.906% Params, 100.71 MMac, 8.439% MACs, 2048, 512, kernel_size=(1,), stride=(1,))
        (norm1): LayerNorm(0, 0.000% Params, 0.0 Mac, 0.000% MACs, (512,), eps=1e-05, elementwise_affine=True)
        (norm2): LayerNorm(0, 0.000% Params, 0.0 Mac, 0.000% MACs, (512,), eps=1e-05, elementwise_affine=True)
        (dropout): Dropout(0, 0.000% Params, 0.0 Mac, 0.000% MACs, p=0.05, inplace=False)
      )
      (1): EncoderLayer(
        3.15 M, 29.748% Params, 302.24 MMac, 25.325% MACs, 
        (attention): AttentionLayer(
          1.05 M, 9.921% Params, 100.67 MMac, 8.435% MACs, 
          (inner_attention): FullAttention(
            0, 0.000% Params, 0.0 Mac, 0.000% MACs, 
            (dropout): Dropout(0, 0.000% Params, 0.0 Mac, 0.000% MACs, p=0.05, inplace=False)
          )
          (query_projection): Linear(262.66 k, 2.480% Params, 25.17 MMac, 2.109% MACs, in_features=512, out_features=512, bias=True)
          (key_projection): Linear(262.66 k, 2.480% Params, 25.17 MMac, 2.109% MACs, in_features=512, out_features=512, bias=True)
          (value_projection): Linear(262.66 k, 2.480% Params, 25.17 MMac, 2.109% MACs, in_features=512, out_features=512, bias=True)
          (out_projection): Linear(262.66 k, 2.480% Params, 25.17 MMac, 2.109% MACs, in_features=512, out_features=512, bias=True)
        )
        (conv1): Conv1d(1.05 M, 9.921% Params, 100.86 MMac, 8.451% MACs, 512, 2048, kernel_size=(1,), stride=(1,))
        (conv2): Conv1d(1.05 M, 9.906% Params, 100.71 MMac, 8.439% MACs, 2048, 512, kernel_size=(1,), stride=(1,))
        (norm1): LayerNorm(0, 0.000% Params, 0.0 Mac, 0.000% MACs, (512,), eps=1e-05, elementwise_affine=True)
        (norm2): LayerNorm(0, 0.000% Params, 0.0 Mac, 0.000% MACs, (512,), eps=1e-05, elementwise_affine=True)
        (dropout): Dropout(0, 0.000% Params, 0.0 Mac, 0.000% MACs, p=0.05, inplace=False)
      )
    )
    (norm): LayerNorm(0, 0.000% Params, 0.0 Mac, 0.000% MACs, (512,), eps=1e-05, elementwise_affine=True)
  )
  (decoder): Decoder(
    4.21 M, 39.770% Params, 580.73 MMac, 48.660% MACs, 
    (layers): ModuleList(
      4.2 M, 39.668% Params, 579.19 MMac, 48.531% MACs, 
      (0): DecoderLayer(
        4.2 M, 39.668% Params, 579.19 MMac, 48.531% MACs, 
        (self_attention): AttentionLayer(
          1.05 M, 9.921% Params, 151.0 MMac, 12.652% MACs, 
          (inner_attention): FullAttention(
            0, 0.000% Params, 0.0 Mac, 0.000% MACs, 
            (dropout): Dropout(0, 0.000% Params, 0.0 Mac, 0.000% MACs, p=0.05, inplace=False)
          )
          (query_projection): Linear(262.66 k, 2.480% Params, 37.75 MMac, 3.163% MACs, in_features=512, out_features=512, bias=True)
          (key_projection): Linear(262.66 k, 2.480% Params, 37.75 MMac, 3.163% MACs, in_features=512, out_features=512, bias=True)
          (value_projection): Linear(262.66 k, 2.480% Params, 37.75 MMac, 3.163% MACs, in_features=512, out_features=512, bias=True)
          (out_projection): Linear(262.66 k, 2.480% Params, 37.75 MMac, 3.163% MACs, in_features=512, out_features=512, bias=True)
        )
        (cross_attention): AttentionLayer(
          1.05 M, 9.921% Params, 125.83 MMac, 10.544% MACs, 
          (inner_attention): FullAttention(
            0, 0.000% Params, 0.0 Mac, 0.000% MACs, 
            (dropout): Dropout(0, 0.000% Params, 0.0 Mac, 0.000% MACs, p=0.05, inplace=False)
          )
          (query_projection): Linear(262.66 k, 2.480% Params, 37.75 MMac, 3.163% MACs, in_features=512, out_features=512, bias=True)
          (key_projection): Linear(262.66 k, 2.480% Params, 25.17 MMac, 2.109% MACs, in_features=512, out_features=512, bias=True)
          (value_projection): Linear(262.66 k, 2.480% Params, 25.17 MMac, 2.109% MACs, in_features=512, out_features=512, bias=True)
          (out_projection): Linear(262.66 k, 2.480% Params, 37.75 MMac, 3.163% MACs, in_features=512, out_features=512, bias=True)
        )
        (conv1): Conv1d(1.05 M, 9.921% Params, 151.29 MMac, 12.677% MACs, 512, 2048, kernel_size=(1,), stride=(1,))
        (conv2): Conv1d(1.05 M, 9.906% Params, 151.07 MMac, 12.658% MACs, 2048, 512, kernel_size=(1,), stride=(1,))
        (norm1): LayerNorm(0, 0.000% Params, 0.0 Mac, 0.000% MACs, (512,), eps=1e-05, elementwise_affine=True)
        (norm2): LayerNorm(0, 0.000% Params, 0.0 Mac, 0.000% MACs, (512,), eps=1e-05, elementwise_affine=True)
        (norm3): LayerNorm(0, 0.000% Params, 0.0 Mac, 0.000% MACs, (512,), eps=1e-05, elementwise_affine=True)
        (dropout): Dropout(0, 0.000% Params, 0.0 Mac, 0.000% MACs, p=0.05, inplace=False)
      )
    )
    (norm): LayerNorm(0, 0.000% Params, 0.0 Mac, 0.000% MACs, (512,), eps=1e-05, elementwise_affine=True)
    (projection): Linear(10.77 k, 0.102% Params, 1.55 MMac, 0.130% MACs, in_features=512, out_features=21, bias=True)
  )
)
Computational complexity:       1.19 GMac
Number of parameters:           10.59 M 
