Args in experiment:
Namespace(is_training=1, model_id='ETTm1_96_192', model='Transformer', data='ETTm1', root_path='./dataset/', data_path='ETTm1.csv', features='M', target='OT', freq='h', checkpoints='./checkpoints/', seq_len=96, label_len=48, pred_len=192, individual=False, embed_type=0, enc_in=7, dec_in=7, c_out=7, d_model=512, n_heads=8, e_layers=2, d_layers=1, d_ff=2048, moving_avg=25, factor=3, distil=True, dropout=0.05, embed='timeF', activation='gelu', output_attention=False, do_predict=False, num_workers=10, itr=1, train_epochs=10, batch_size=32, patience=3, learning_rate=0.0001, des='Exp', loss='mse', lradj='type1', use_amp=False, use_gpu=True, gpu=4, use_multi_gpu=False, devices='0,1,2,3', test_flop=True)
Use GPU: cuda:4
>>>>>>>start training : ETTm1_96_192_Transformer_ETTm1_ftM_sl96_ll48_pl192_dm512_nh8_el2_dl1_df2048_fc3_ebtimeF_dtTrue_Exp_0>>>>>>>>>>>>>>>>>>>>>>>>>>
train 34273
val 11329
test 11329
	iters: 100, epoch: 1 | loss: 0.3819610
	speed: 0.0683s/iter; left time: 725.0856s
	iters: 200, epoch: 1 | loss: 0.2812552
	speed: 0.0350s/iter; left time: 368.2283s
	iters: 300, epoch: 1 | loss: 0.2717856
	speed: 0.0351s/iter; left time: 365.0819s
	iters: 400, epoch: 1 | loss: 0.3104455
	speed: 0.0349s/iter; left time: 359.7668s
	iters: 500, epoch: 1 | loss: 0.2801711
	speed: 0.0349s/iter; left time: 356.5652s
	iters: 600, epoch: 1 | loss: 0.2551904
	speed: 0.0349s/iter; left time: 353.3697s
	iters: 700, epoch: 1 | loss: 0.2111140
	speed: 0.0350s/iter; left time: 350.3689s
	iters: 800, epoch: 1 | loss: 0.1899993
	speed: 0.0350s/iter; left time: 346.9720s
	iters: 900, epoch: 1 | loss: 0.2084194
	speed: 0.0351s/iter; left time: 344.2715s
	iters: 1000, epoch: 1 | loss: 0.1928505
	speed: 0.0350s/iter; left time: 339.7995s
Epoch: 1 cost time: 40.877171754837036
Epoch: 1, Steps: 1071 | Train Loss: 0.2789076 Vali Loss: 0.8498232 Test Loss: 0.8591542
Validation loss decreased (inf --> 0.849823).  Saving model ...
Updating learning rate to 0.0001
	iters: 100, epoch: 2 | loss: 0.1728900
	speed: 0.2018s/iter; left time: 1925.2924s
	iters: 200, epoch: 2 | loss: 0.1650856
	speed: 0.0352s/iter; left time: 332.3369s
	iters: 300, epoch: 2 | loss: 0.1919035
	speed: 0.0352s/iter; left time: 328.3910s
	iters: 400, epoch: 2 | loss: 0.1740869
	speed: 0.0352s/iter; left time: 325.3070s
	iters: 500, epoch: 2 | loss: 0.1531042
	speed: 0.0352s/iter; left time: 321.7755s
	iters: 600, epoch: 2 | loss: 0.1585416
	speed: 0.0352s/iter; left time: 318.2069s
	iters: 700, epoch: 2 | loss: 0.1523621
	speed: 0.0352s/iter; left time: 314.7158s
	iters: 800, epoch: 2 | loss: 0.1410992
	speed: 0.0352s/iter; left time: 311.2944s
	iters: 900, epoch: 2 | loss: 0.1384585
	speed: 0.0353s/iter; left time: 308.3757s
	iters: 1000, epoch: 2 | loss: 0.1310376
	speed: 0.0352s/iter; left time: 304.2939s
Epoch: 2 cost time: 39.25202560424805
Epoch: 2, Steps: 1071 | Train Loss: 0.1551649 Vali Loss: 0.8954338 Test Loss: 0.8718167
EarlyStopping counter: 1 out of 3
Updating learning rate to 5e-05
	iters: 100, epoch: 3 | loss: 0.1086166
	speed: 0.1993s/iter; left time: 1687.7976s
	iters: 200, epoch: 3 | loss: 0.1165674
	speed: 0.0353s/iter; left time: 295.2763s
	iters: 300, epoch: 3 | loss: 0.1084424
	speed: 0.0353s/iter; left time: 291.5967s
	iters: 400, epoch: 3 | loss: 0.1083628
	speed: 0.0352s/iter; left time: 287.8955s
	iters: 500, epoch: 3 | loss: 0.1279891
	speed: 0.0353s/iter; left time: 284.4989s
	iters: 600, epoch: 3 | loss: 0.1052651
	speed: 0.0353s/iter; left time: 281.0261s
	iters: 700, epoch: 3 | loss: 0.0962057
	speed: 0.0354s/iter; left time: 278.3845s
	iters: 800, epoch: 3 | loss: 0.0948170
	speed: 0.0353s/iter; left time: 274.4378s
	iters: 900, epoch: 3 | loss: 0.0903200
	speed: 0.0354s/iter; left time: 271.3303s
	iters: 1000, epoch: 3 | loss: 0.0868134
	speed: 0.0353s/iter; left time: 266.9124s
Epoch: 3 cost time: 39.082186698913574
Epoch: 3, Steps: 1071 | Train Loss: 0.0992070 Vali Loss: 0.8748090 Test Loss: 0.7722423
EarlyStopping counter: 2 out of 3
Updating learning rate to 2.5e-05
	iters: 100, epoch: 4 | loss: 0.0810200
	speed: 0.2010s/iter; left time: 1487.1678s
	iters: 200, epoch: 4 | loss: 0.0861342
	speed: 0.0356s/iter; left time: 260.0087s
	iters: 300, epoch: 4 | loss: 0.0858243
	speed: 0.0354s/iter; left time: 254.5179s
	iters: 400, epoch: 4 | loss: 0.0841126
	speed: 0.0356s/iter; left time: 252.7618s
	iters: 500, epoch: 4 | loss: 0.0862976
	speed: 0.0353s/iter; left time: 246.8536s
	iters: 600, epoch: 4 | loss: 0.0762648
	speed: 0.0356s/iter; left time: 245.4911s
	iters: 700, epoch: 4 | loss: 0.0816387
	speed: 0.0352s/iter; left time: 239.6130s
	iters: 800, epoch: 4 | loss: 0.0728279
	speed: 0.0352s/iter; left time: 236.0590s
	iters: 900, epoch: 4 | loss: 0.0823607
	speed: 0.0355s/iter; left time: 234.3733s
	iters: 1000, epoch: 4 | loss: 0.0858040
	speed: 0.0360s/iter; left time: 233.6457s
Epoch: 4 cost time: 39.39345335960388
Epoch: 4, Steps: 1071 | Train Loss: 0.0819319 Vali Loss: 0.8822379 Test Loss: 0.7987823
EarlyStopping counter: 3 out of 3
Early stopping
>>>>>>>testing : ETTm1_96_192_Transformer_ETTm1_ftM_sl96_ll48_pl192_dm512_nh8_el2_dl1_df2048_fc3_ebtimeF_dtTrue_Exp_0<<<<<<<<<<<<<<<<<<<<<<<<<<<<<<<<<
test 11329
mse:0.8591536283493042, mae:0.7058923840522766
INFO: Trainable parameter count: 0.01M
INFO: Trainable parameter count: 0.01M
INFO: Trainable parameter count: 0.02M
INFO: Trainable parameter count: 0.03M
INFO: Trainable parameter count: 0.29M
INFO: Trainable parameter count: 0.29M
INFO: Trainable parameter count: 0.55M
INFO: Trainable parameter count: 0.55M
INFO: Trainable parameter count: 0.81M
INFO: Trainable parameter count: 0.81M
INFO: Trainable parameter count: 1.08M
INFO: Trainable parameter count: 1.08M
INFO: Trainable parameter count: 2.12M
INFO: Trainable parameter count: 2.13M
INFO: Trainable parameter count: 3.18M
INFO: Trainable parameter count: 3.18M
INFO: Trainable parameter count: 3.18M
INFO: Trainable parameter count: 3.18M
INFO: Trainable parameter count: 3.18M
INFO: Trainable parameter count: 3.18M
INFO: Trainable parameter count: 3.44M
INFO: Trainable parameter count: 3.44M
INFO: Trainable parameter count: 3.70M
INFO: Trainable parameter count: 3.70M
INFO: Trainable parameter count: 3.97M
INFO: Trainable parameter count: 3.97M
INFO: Trainable parameter count: 4.23M
INFO: Trainable parameter count: 4.23M
INFO: Trainable parameter count: 5.28M
INFO: Trainable parameter count: 5.28M
INFO: Trainable parameter count: 6.33M
INFO: Trainable parameter count: 6.33M
INFO: Trainable parameter count: 6.33M
INFO: Trainable parameter count: 6.33M
INFO: Trainable parameter count: 6.33M
INFO: Trainable parameter count: 6.33M
INFO: Trainable parameter count: 6.33M
INFO: Trainable parameter count: 6.33M
INFO: Trainable parameter count: 6.59M
INFO: Trainable parameter count: 6.59M
INFO: Trainable parameter count: 6.86M
INFO: Trainable parameter count: 6.86M
INFO: Trainable parameter count: 7.12M
INFO: Trainable parameter count: 7.12M
INFO: Trainable parameter count: 7.38M
INFO: Trainable parameter count: 7.38M
INFO: Trainable parameter count: 7.64M
INFO: Trainable parameter count: 7.64M
INFO: Trainable parameter count: 7.91M
INFO: Trainable parameter count: 7.91M
INFO: Trainable parameter count: 8.17M
INFO: Trainable parameter count: 8.17M
INFO: Trainable parameter count: 8.43M
INFO: Trainable parameter count: 8.43M
INFO: Trainable parameter count: 9.48M
INFO: Trainable parameter count: 9.48M
INFO: Trainable parameter count: 10.53M
INFO: Trainable parameter count: 10.53M
INFO: Trainable parameter count: 10.53M
INFO: Trainable parameter count: 10.53M
INFO: Trainable parameter count: 10.53M
INFO: Trainable parameter count: 10.53M
INFO: Trainable parameter count: 10.53M
INFO: Trainable parameter count: 10.54M
INFO: Trainable parameter count: 10.54M
INFO: Trainable parameter count: 10.54M
INFO: Trainable parameter count: 10.54M
INFO: Trainable parameter count: 10.54M
Model(
  10.53 M, 99.913% Params, 1.54 GMac, 100.000% MACs, 
  (enc_embedding): DataEmbedding(
    12.8 k, 0.121% Params, 1.23 MMac, 0.080% MACs, 
    (value_embedding): TokenEmbedding(
      10.75 k, 0.102% Params, 1.03 MMac, 0.067% MACs, 
      (tokenConv): Conv1d(10.75 k, 0.102% Params, 1.03 MMac, 0.067% MACs, 7, 512, kernel_size=(3,), stride=(1,), padding=(1,), bias=False, padding_mode=circular)
    )
    (position_embedding): PositionalEmbedding(0, 0.000% Params, 0.0 Mac, 0.000% MACs, )
    (temporal_embedding): TimeFeatureEmbedding(
      2.05 k, 0.019% Params, 196.61 KMac, 0.013% MACs, 
      (embed): Linear(2.05 k, 0.019% Params, 196.61 KMac, 0.013% MACs, in_features=4, out_features=512, bias=False)
    )
    (dropout): Dropout(0, 0.000% Params, 0.0 Mac, 0.000% MACs, p=0.05, inplace=False)
  )
  (dec_embedding): DataEmbedding(
    12.8 k, 0.121% Params, 3.07 MMac, 0.199% MACs, 
    (value_embedding): TokenEmbedding(
      10.75 k, 0.102% Params, 2.58 MMac, 0.167% MACs, 
      (tokenConv): Conv1d(10.75 k, 0.102% Params, 2.58 MMac, 0.167% MACs, 7, 512, kernel_size=(3,), stride=(1,), padding=(1,), bias=False, padding_mode=circular)
    )
    (position_embedding): PositionalEmbedding(0, 0.000% Params, 0.0 Mac, 0.000% MACs, )
    (temporal_embedding): TimeFeatureEmbedding(
      2.05 k, 0.019% Params, 491.52 KMac, 0.032% MACs, 
      (embed): Linear(2.05 k, 0.019% Params, 491.52 KMac, 0.032% MACs, in_features=4, out_features=512, bias=False)
    )
    (dropout): Dropout(0, 0.000% Params, 0.0 Mac, 0.000% MACs, p=0.05, inplace=False)
  )
  (encoder): Encoder(
    6.3 M, 59.778% Params, 604.48 MMac, 39.216% MACs, 
    (attn_layers): ModuleList(
      6.3 M, 59.778% Params, 604.48 MMac, 39.216% MACs, 
      (0): EncoderLayer(
        3.15 M, 29.889% Params, 302.24 MMac, 19.608% MACs, 
        (attention): AttentionLayer(
          1.05 M, 9.968% Params, 100.67 MMac, 6.531% MACs, 
          (inner_attention): FullAttention(
            0, 0.000% Params, 0.0 Mac, 0.000% MACs, 
            (dropout): Dropout(0, 0.000% Params, 0.0 Mac, 0.000% MACs, p=0.05, inplace=False)
          )
          (query_projection): Linear(262.66 k, 2.492% Params, 25.17 MMac, 1.633% MACs, in_features=512, out_features=512, bias=True)
          (key_projection): Linear(262.66 k, 2.492% Params, 25.17 MMac, 1.633% MACs, in_features=512, out_features=512, bias=True)
          (value_projection): Linear(262.66 k, 2.492% Params, 25.17 MMac, 1.633% MACs, in_features=512, out_features=512, bias=True)
          (out_projection): Linear(262.66 k, 2.492% Params, 25.17 MMac, 1.633% MACs, in_features=512, out_features=512, bias=True)
        )
        (conv1): Conv1d(1.05 M, 9.968% Params, 100.86 MMac, 6.543% MACs, 512, 2048, kernel_size=(1,), stride=(1,))
        (conv2): Conv1d(1.05 M, 9.953% Params, 100.71 MMac, 6.534% MACs, 2048, 512, kernel_size=(1,), stride=(1,))
        (norm1): LayerNorm(0, 0.000% Params, 0.0 Mac, 0.000% MACs, (512,), eps=1e-05, elementwise_affine=True)
        (norm2): LayerNorm(0, 0.000% Params, 0.0 Mac, 0.000% MACs, (512,), eps=1e-05, elementwise_affine=True)
        (dropout): Dropout(0, 0.000% Params, 0.0 Mac, 0.000% MACs, p=0.05, inplace=False)
      )
      (1): EncoderLayer(
        3.15 M, 29.889% Params, 302.24 MMac, 19.608% MACs, 
        (attention): AttentionLayer(
          1.05 M, 9.968% Params, 100.67 MMac, 6.531% MACs, 
          (inner_attention): FullAttention(
            0, 0.000% Params, 0.0 Mac, 0.000% MACs, 
            (dropout): Dropout(0, 0.000% Params, 0.0 Mac, 0.000% MACs, p=0.05, inplace=False)
          )
          (query_projection): Linear(262.66 k, 2.492% Params, 25.17 MMac, 1.633% MACs, in_features=512, out_features=512, bias=True)
          (key_projection): Linear(262.66 k, 2.492% Params, 25.17 MMac, 1.633% MACs, in_features=512, out_features=512, bias=True)
          (value_projection): Linear(262.66 k, 2.492% Params, 25.17 MMac, 1.633% MACs, in_features=512, out_features=512, bias=True)
          (out_projection): Linear(262.66 k, 2.492% Params, 25.17 MMac, 1.633% MACs, in_features=512, out_features=512, bias=True)
        )
        (conv1): Conv1d(1.05 M, 9.968% Params, 100.86 MMac, 6.543% MACs, 512, 2048, kernel_size=(1,), stride=(1,))
        (conv2): Conv1d(1.05 M, 9.953% Params, 100.71 MMac, 6.534% MACs, 2048, 512, kernel_size=(1,), stride=(1,))
        (norm1): LayerNorm(0, 0.000% Params, 0.0 Mac, 0.000% MACs, (512,), eps=1e-05, elementwise_affine=True)
        (norm2): LayerNorm(0, 0.000% Params, 0.0 Mac, 0.000% MACs, (512,), eps=1e-05, elementwise_affine=True)
        (dropout): Dropout(0, 0.000% Params, 0.0 Mac, 0.000% MACs, p=0.05, inplace=False)
      )
    )
    (norm): LayerNorm(0, 0.000% Params, 0.0 Mac, 0.000% MACs, (512,), eps=1e-05, elementwise_affine=True)
  )
  (decoder): Decoder(
    4.2 M, 39.891% Params, 932.61 MMac, 60.505% MACs, 
    (layers): ModuleList(
      4.2 M, 39.857% Params, 931.75 MMac, 60.449% MACs, 
      (0): DecoderLayer(
        4.2 M, 39.857% Params, 931.75 MMac, 60.449% MACs, 
        (self_attention): AttentionLayer(
          1.05 M, 9.968% Params, 251.66 MMac, 16.327% MACs, 
          (inner_attention): FullAttention(
            0, 0.000% Params, 0.0 Mac, 0.000% MACs, 
            (dropout): Dropout(0, 0.000% Params, 0.0 Mac, 0.000% MACs, p=0.05, inplace=False)
          )
          (query_projection): Linear(262.66 k, 2.492% Params, 62.92 MMac, 4.082% MACs, in_features=512, out_features=512, bias=True)
          (key_projection): Linear(262.66 k, 2.492% Params, 62.92 MMac, 4.082% MACs, in_features=512, out_features=512, bias=True)
          (value_projection): Linear(262.66 k, 2.492% Params, 62.92 MMac, 4.082% MACs, in_features=512, out_features=512, bias=True)
          (out_projection): Linear(262.66 k, 2.492% Params, 62.92 MMac, 4.082% MACs, in_features=512, out_features=512, bias=True)
        )
        (cross_attention): AttentionLayer(
          1.05 M, 9.968% Params, 176.16 MMac, 11.429% MACs, 
          (inner_attention): FullAttention(
            0, 0.000% Params, 0.0 Mac, 0.000% MACs, 
            (dropout): Dropout(0, 0.000% Params, 0.0 Mac, 0.000% MACs, p=0.05, inplace=False)
          )
          (query_projection): Linear(262.66 k, 2.492% Params, 62.92 MMac, 4.082% MACs, in_features=512, out_features=512, bias=True)
          (key_projection): Linear(262.66 k, 2.492% Params, 25.17 MMac, 1.633% MACs, in_features=512, out_features=512, bias=True)
          (value_projection): Linear(262.66 k, 2.492% Params, 25.17 MMac, 1.633% MACs, in_features=512, out_features=512, bias=True)
          (out_projection): Linear(262.66 k, 2.492% Params, 62.92 MMac, 4.082% MACs, in_features=512, out_features=512, bias=True)
        )
        (conv1): Conv1d(1.05 M, 9.968% Params, 252.15 MMac, 16.359% MACs, 512, 2048, kernel_size=(1,), stride=(1,))
        (conv2): Conv1d(1.05 M, 9.953% Params, 251.78 MMac, 16.335% MACs, 2048, 512, kernel_size=(1,), stride=(1,))
        (norm1): LayerNorm(0, 0.000% Params, 0.0 Mac, 0.000% MACs, (512,), eps=1e-05, elementwise_affine=True)
        (norm2): LayerNorm(0, 0.000% Params, 0.0 Mac, 0.000% MACs, (512,), eps=1e-05, elementwise_affine=True)
        (norm3): LayerNorm(0, 0.000% Params, 0.0 Mac, 0.000% MACs, (512,), eps=1e-05, elementwise_affine=True)
        (dropout): Dropout(0, 0.000% Params, 0.0 Mac, 0.000% MACs, p=0.05, inplace=False)
      )
    )
    (norm): LayerNorm(0, 0.000% Params, 0.0 Mac, 0.000% MACs, (512,), eps=1e-05, elementwise_affine=True)
    (projection): Linear(3.59 k, 0.034% Params, 860.17 KMac, 0.056% MACs, in_features=512, out_features=7, bias=True)
  )
)
Computational complexity:       1.54 GMac
Number of parameters:           10.54 M 
