Args in experiment:
Namespace(is_training=1, model_id='ETTm1_96_96', model='Transformer', data='ETTm1', root_path='./dataset/', data_path='ETTm1.csv', features='M', target='OT', freq='h', checkpoints='./checkpoints/', seq_len=96, label_len=48, pred_len=96, individual=False, embed_type=0, enc_in=7, dec_in=7, c_out=7, d_model=512, n_heads=8, e_layers=2, d_layers=1, d_ff=2048, moving_avg=25, factor=3, distil=True, dropout=0.05, embed='timeF', activation='gelu', output_attention=False, do_predict=False, num_workers=10, itr=1, train_epochs=10, batch_size=32, patience=3, learning_rate=0.0001, des='Exp', loss='mse', lradj='type1', use_amp=False, use_gpu=True, gpu=4, use_multi_gpu=False, devices='0,1,2,3', test_flop=True)
Use GPU: cuda:4
>>>>>>>start training : ETTm1_96_96_Transformer_ETTm1_ftM_sl96_ll48_pl96_dm512_nh8_el2_dl1_df2048_fc3_ebtimeF_dtTrue_Exp_0>>>>>>>>>>>>>>>>>>>>>>>>>>
train 34369
val 11425
test 11425
	iters: 100, epoch: 1 | loss: 0.3330261
	speed: 0.0597s/iter; left time: 634.7487s
	iters: 200, epoch: 1 | loss: 0.2643603
	speed: 0.0281s/iter; left time: 296.5370s
	iters: 300, epoch: 1 | loss: 0.2484214
	speed: 0.0282s/iter; left time: 294.7202s
	iters: 400, epoch: 1 | loss: 0.2147213
	speed: 0.0286s/iter; left time: 296.0939s
	iters: 500, epoch: 1 | loss: 0.1963358
	speed: 0.0284s/iter; left time: 290.8096s
	iters: 600, epoch: 1 | loss: 0.2068067
	speed: 0.0288s/iter; left time: 291.7451s
	iters: 700, epoch: 1 | loss: 0.2349393
	speed: 0.0281s/iter; left time: 281.9958s
	iters: 800, epoch: 1 | loss: 0.1909194
	speed: 0.0281s/iter; left time: 279.3129s
	iters: 900, epoch: 1 | loss: 0.1571012
	speed: 0.0281s/iter; left time: 276.1317s
	iters: 1000, epoch: 1 | loss: 0.1511627
	speed: 0.0281s/iter; left time: 273.2532s
Epoch: 1 cost time: 33.56437349319458
Epoch: 1, Steps: 1074 | Train Loss: 0.2399551 Vali Loss: 0.6827512 Test Loss: 0.6288667
Validation loss decreased (inf --> 0.682751).  Saving model ...
Updating learning rate to 0.0001
	iters: 100, epoch: 2 | loss: 0.1934563
	speed: 0.1633s/iter; left time: 1562.0498s
	iters: 200, epoch: 2 | loss: 0.1335377
	speed: 0.0282s/iter; left time: 267.3534s
	iters: 300, epoch: 2 | loss: 0.1335431
	speed: 0.0282s/iter; left time: 263.9755s
	iters: 400, epoch: 2 | loss: 0.1411918
	speed: 0.0282s/iter; left time: 261.1522s
	iters: 500, epoch: 2 | loss: 0.1175277
	speed: 0.0282s/iter; left time: 258.1225s
	iters: 600, epoch: 2 | loss: 0.1183169
	speed: 0.0282s/iter; left time: 255.4926s
	iters: 700, epoch: 2 | loss: 0.1234732
	speed: 0.0281s/iter; left time: 252.1693s
	iters: 800, epoch: 2 | loss: 0.0960125
	speed: 0.0282s/iter; left time: 249.9801s
	iters: 900, epoch: 2 | loss: 0.1024363
	speed: 0.0281s/iter; left time: 246.4847s
	iters: 1000, epoch: 2 | loss: 0.1128835
	speed: 0.0282s/iter; left time: 243.9935s
Epoch: 2 cost time: 31.66601300239563
Epoch: 2, Steps: 1074 | Train Loss: 0.1242870 Vali Loss: 0.6864672 Test Loss: 0.5811301
EarlyStopping counter: 1 out of 3
Updating learning rate to 5e-05
	iters: 100, epoch: 3 | loss: 0.0816238
	speed: 0.1659s/iter; left time: 1409.0537s
	iters: 200, epoch: 3 | loss: 0.0786209
	speed: 0.0284s/iter; left time: 238.7293s
	iters: 300, epoch: 3 | loss: 0.0815515
	speed: 0.0282s/iter; left time: 233.8042s
	iters: 400, epoch: 3 | loss: 0.0758633
	speed: 0.0283s/iter; left time: 231.7502s
	iters: 500, epoch: 3 | loss: 0.0904946
	speed: 0.0282s/iter; left time: 228.2514s
	iters: 600, epoch: 3 | loss: 0.0760306
	speed: 0.0282s/iter; left time: 225.7209s
	iters: 700, epoch: 3 | loss: 0.0714193
	speed: 0.0283s/iter; left time: 223.5712s
	iters: 800, epoch: 3 | loss: 0.0741980
	speed: 0.0282s/iter; left time: 219.4078s
	iters: 900, epoch: 3 | loss: 0.0730394
	speed: 0.0282s/iter; left time: 217.2524s
	iters: 1000, epoch: 3 | loss: 0.0794912
	speed: 0.0282s/iter; left time: 214.2240s
Epoch: 3 cost time: 31.837823390960693
Epoch: 3, Steps: 1074 | Train Loss: 0.0803956 Vali Loss: 0.7016296 Test Loss: 0.5313891
EarlyStopping counter: 2 out of 3
Updating learning rate to 2.5e-05
	iters: 100, epoch: 4 | loss: 0.0729733
	speed: 0.1632s/iter; left time: 1210.5252s
	iters: 200, epoch: 4 | loss: 0.0673662
	speed: 0.0282s/iter; left time: 206.5888s
	iters: 300, epoch: 4 | loss: 0.0671282
	speed: 0.0281s/iter; left time: 202.9389s
	iters: 400, epoch: 4 | loss: 0.0717195
	speed: 0.0283s/iter; left time: 201.1921s
	iters: 500, epoch: 4 | loss: 0.0712343
	speed: 0.0283s/iter; left time: 198.3106s
	iters: 600, epoch: 4 | loss: 0.0592991
	speed: 0.0285s/iter; left time: 197.2852s
	iters: 700, epoch: 4 | loss: 0.0639596
	speed: 0.0283s/iter; left time: 192.8008s
	iters: 800, epoch: 4 | loss: 0.0614848
	speed: 0.0280s/iter; left time: 187.8556s
	iters: 900, epoch: 4 | loss: 0.0710626
	speed: 0.0282s/iter; left time: 186.3340s
	iters: 1000, epoch: 4 | loss: 0.0631747
	speed: 0.0283s/iter; left time: 184.1682s
Epoch: 4 cost time: 31.66300368309021
Epoch: 4, Steps: 1074 | Train Loss: 0.0666804 Vali Loss: 0.7161174 Test Loss: 0.5411140
EarlyStopping counter: 3 out of 3
Early stopping
>>>>>>>testing : ETTm1_96_96_Transformer_ETTm1_ftM_sl96_ll48_pl96_dm512_nh8_el2_dl1_df2048_fc3_ebtimeF_dtTrue_Exp_0<<<<<<<<<<<<<<<<<<<<<<<<<<<<<<<<<
test 11425
mse:0.6288670897483826, mae:0.5755300521850586
INFO: Trainable parameter count: 0.01M
INFO: Trainable parameter count: 0.01M
INFO: Trainable parameter count: 0.02M
INFO: Trainable parameter count: 0.03M
INFO: Trainable parameter count: 0.29M
INFO: Trainable parameter count: 0.29M
INFO: Trainable parameter count: 0.55M
INFO: Trainable parameter count: 0.55M
INFO: Trainable parameter count: 0.81M
INFO: Trainable parameter count: 0.81M
INFO: Trainable parameter count: 1.08M
INFO: Trainable parameter count: 1.08M
INFO: Trainable parameter count: 2.12M
INFO: Trainable parameter count: 2.13M
INFO: Trainable parameter count: 3.18M
INFO: Trainable parameter count: 3.18M
INFO: Trainable parameter count: 3.18M
INFO: Trainable parameter count: 3.18M
INFO: Trainable parameter count: 3.18M
INFO: Trainable parameter count: 3.18M
INFO: Trainable parameter count: 3.44M
INFO: Trainable parameter count: 3.44M
INFO: Trainable parameter count: 3.70M
INFO: Trainable parameter count: 3.70M
INFO: Trainable parameter count: 3.97M
INFO: Trainable parameter count: 3.97M
INFO: Trainable parameter count: 4.23M
INFO: Trainable parameter count: 4.23M
INFO: Trainable parameter count: 5.28M
INFO: Trainable parameter count: 5.28M
INFO: Trainable parameter count: 6.33M
INFO: Trainable parameter count: 6.33M
INFO: Trainable parameter count: 6.33M
INFO: Trainable parameter count: 6.33M
INFO: Trainable parameter count: 6.33M
INFO: Trainable parameter count: 6.33M
INFO: Trainable parameter count: 6.33M
INFO: Trainable parameter count: 6.33M
INFO: Trainable parameter count: 6.59M
INFO: Trainable parameter count: 6.59M
INFO: Trainable parameter count: 6.86M
INFO: Trainable parameter count: 6.86M
INFO: Trainable parameter count: 7.12M
INFO: Trainable parameter count: 7.12M
INFO: Trainable parameter count: 7.38M
INFO: Trainable parameter count: 7.38M
INFO: Trainable parameter count: 7.64M
INFO: Trainable parameter count: 7.64M
INFO: Trainable parameter count: 7.91M
INFO: Trainable parameter count: 7.91M
INFO: Trainable parameter count: 8.17M
INFO: Trainable parameter count: 8.17M
INFO: Trainable parameter count: 8.43M
INFO: Trainable parameter count: 8.43M
INFO: Trainable parameter count: 9.48M
INFO: Trainable parameter count: 9.48M
INFO: Trainable parameter count: 10.53M
INFO: Trainable parameter count: 10.53M
INFO: Trainable parameter count: 10.53M
INFO: Trainable parameter count: 10.53M
INFO: Trainable parameter count: 10.53M
INFO: Trainable parameter count: 10.53M
INFO: Trainable parameter count: 10.53M
INFO: Trainable parameter count: 10.54M
INFO: Trainable parameter count: 10.54M
INFO: Trainable parameter count: 10.54M
INFO: Trainable parameter count: 10.54M
INFO: Trainable parameter count: 10.54M
Model(
  10.53 M, 99.913% Params, 1.19 GMac, 100.000% MACs, 
  (enc_embedding): DataEmbedding(
    12.8 k, 0.121% Params, 1.23 MMac, 0.103% MACs, 
    (value_embedding): TokenEmbedding(
      10.75 k, 0.102% Params, 1.03 MMac, 0.087% MACs, 
      (tokenConv): Conv1d(10.75 k, 0.102% Params, 1.03 MMac, 0.087% MACs, 7, 512, kernel_size=(3,), stride=(1,), padding=(1,), bias=False, padding_mode=circular)
    )
    (position_embedding): PositionalEmbedding(0, 0.000% Params, 0.0 Mac, 0.000% MACs, )
    (temporal_embedding): TimeFeatureEmbedding(
      2.05 k, 0.019% Params, 196.61 KMac, 0.017% MACs, 
      (embed): Linear(2.05 k, 0.019% Params, 196.61 KMac, 0.017% MACs, in_features=4, out_features=512, bias=False)
    )
    (dropout): Dropout(0, 0.000% Params, 0.0 Mac, 0.000% MACs, p=0.05, inplace=False)
  )
  (dec_embedding): DataEmbedding(
    12.8 k, 0.121% Params, 1.84 MMac, 0.155% MACs, 
    (value_embedding): TokenEmbedding(
      10.75 k, 0.102% Params, 1.55 MMac, 0.130% MACs, 
      (tokenConv): Conv1d(10.75 k, 0.102% Params, 1.55 MMac, 0.130% MACs, 7, 512, kernel_size=(3,), stride=(1,), padding=(1,), bias=False, padding_mode=circular)
    )
    (position_embedding): PositionalEmbedding(0, 0.000% Params, 0.0 Mac, 0.000% MACs, )
    (temporal_embedding): TimeFeatureEmbedding(
      2.05 k, 0.019% Params, 294.91 KMac, 0.025% MACs, 
      (embed): Linear(2.05 k, 0.019% Params, 294.91 KMac, 0.025% MACs, in_features=4, out_features=512, bias=False)
    )
    (dropout): Dropout(0, 0.000% Params, 0.0 Mac, 0.000% MACs, p=0.05, inplace=False)
  )
  (encoder): Encoder(
    6.3 M, 59.778% Params, 604.48 MMac, 50.914% MACs, 
    (attn_layers): ModuleList(
      6.3 M, 59.778% Params, 604.48 MMac, 50.914% MACs, 
      (0): EncoderLayer(
        3.15 M, 29.889% Params, 302.24 MMac, 25.457% MACs, 
        (attention): AttentionLayer(
          1.05 M, 9.968% Params, 100.67 MMac, 8.479% MACs, 
          (inner_attention): FullAttention(
            0, 0.000% Params, 0.0 Mac, 0.000% MACs, 
            (dropout): Dropout(0, 0.000% Params, 0.0 Mac, 0.000% MACs, p=0.05, inplace=False)
          )
          (query_projection): Linear(262.66 k, 2.492% Params, 25.17 MMac, 2.120% MACs, in_features=512, out_features=512, bias=True)
          (key_projection): Linear(262.66 k, 2.492% Params, 25.17 MMac, 2.120% MACs, in_features=512, out_features=512, bias=True)
          (value_projection): Linear(262.66 k, 2.492% Params, 25.17 MMac, 2.120% MACs, in_features=512, out_features=512, bias=True)
          (out_projection): Linear(262.66 k, 2.492% Params, 25.17 MMac, 2.120% MACs, in_features=512, out_features=512, bias=True)
        )
        (conv1): Conv1d(1.05 M, 9.968% Params, 100.86 MMac, 8.495% MACs, 512, 2048, kernel_size=(1,), stride=(1,))
        (conv2): Conv1d(1.05 M, 9.953% Params, 100.71 MMac, 8.483% MACs, 2048, 512, kernel_size=(1,), stride=(1,))
        (norm1): LayerNorm(0, 0.000% Params, 0.0 Mac, 0.000% MACs, (512,), eps=1e-05, elementwise_affine=True)
        (norm2): LayerNorm(0, 0.000% Params, 0.0 Mac, 0.000% MACs, (512,), eps=1e-05, elementwise_affine=True)
        (dropout): Dropout(0, 0.000% Params, 0.0 Mac, 0.000% MACs, p=0.05, inplace=False)
      )
      (1): EncoderLayer(
        3.15 M, 29.889% Params, 302.24 MMac, 25.457% MACs, 
        (attention): AttentionLayer(
          1.05 M, 9.968% Params, 100.67 MMac, 8.479% MACs, 
          (inner_attention): FullAttention(
            0, 0.000% Params, 0.0 Mac, 0.000% MACs, 
            (dropout): Dropout(0, 0.000% Params, 0.0 Mac, 0.000% MACs, p=0.05, inplace=False)
          )
          (query_projection): Linear(262.66 k, 2.492% Params, 25.17 MMac, 2.120% MACs, in_features=512, out_features=512, bias=True)
          (key_projection): Linear(262.66 k, 2.492% Params, 25.17 MMac, 2.120% MACs, in_features=512, out_features=512, bias=True)
          (value_projection): Linear(262.66 k, 2.492% Params, 25.17 MMac, 2.120% MACs, in_features=512, out_features=512, bias=True)
          (out_projection): Linear(262.66 k, 2.492% Params, 25.17 MMac, 2.120% MACs, in_features=512, out_features=512, bias=True)
        )
        (conv1): Conv1d(1.05 M, 9.968% Params, 100.86 MMac, 8.495% MACs, 512, 2048, kernel_size=(1,), stride=(1,))
        (conv2): Conv1d(1.05 M, 9.953% Params, 100.71 MMac, 8.483% MACs, 2048, 512, kernel_size=(1,), stride=(1,))
        (norm1): LayerNorm(0, 0.000% Params, 0.0 Mac, 0.000% MACs, (512,), eps=1e-05, elementwise_affine=True)
        (norm2): LayerNorm(0, 0.000% Params, 0.0 Mac, 0.000% MACs, (512,), eps=1e-05, elementwise_affine=True)
        (dropout): Dropout(0, 0.000% Params, 0.0 Mac, 0.000% MACs, p=0.05, inplace=False)
      )
    )
    (norm): LayerNorm(0, 0.000% Params, 0.0 Mac, 0.000% MACs, (512,), eps=1e-05, elementwise_affine=True)
  )
  (decoder): Decoder(
    4.2 M, 39.891% Params, 579.7 MMac, 48.827% MACs, 
    (layers): ModuleList(
      4.2 M, 39.857% Params, 579.19 MMac, 48.784% MACs, 
      (0): DecoderLayer(
        4.2 M, 39.857% Params, 579.19 MMac, 48.784% MACs, 
        (self_attention): AttentionLayer(
          1.05 M, 9.968% Params, 151.0 MMac, 12.718% MACs, 
          (inner_attention): FullAttention(
            0, 0.000% Params, 0.0 Mac, 0.000% MACs, 
            (dropout): Dropout(0, 0.000% Params, 0.0 Mac, 0.000% MACs, p=0.05, inplace=False)
          )
          (query_projection): Linear(262.66 k, 2.492% Params, 37.75 MMac, 3.180% MACs, in_features=512, out_features=512, bias=True)
          (key_projection): Linear(262.66 k, 2.492% Params, 37.75 MMac, 3.180% MACs, in_features=512, out_features=512, bias=True)
          (value_projection): Linear(262.66 k, 2.492% Params, 37.75 MMac, 3.180% MACs, in_features=512, out_features=512, bias=True)
          (out_projection): Linear(262.66 k, 2.492% Params, 37.75 MMac, 3.180% MACs, in_features=512, out_features=512, bias=True)
        )
        (cross_attention): AttentionLayer(
          1.05 M, 9.968% Params, 125.83 MMac, 10.599% MACs, 
          (inner_attention): FullAttention(
            0, 0.000% Params, 0.0 Mac, 0.000% MACs, 
            (dropout): Dropout(0, 0.000% Params, 0.0 Mac, 0.000% MACs, p=0.05, inplace=False)
          )
          (query_projection): Linear(262.66 k, 2.492% Params, 37.75 MMac, 3.180% MACs, in_features=512, out_features=512, bias=True)
          (key_projection): Linear(262.66 k, 2.492% Params, 25.17 MMac, 2.120% MACs, in_features=512, out_features=512, bias=True)
          (value_projection): Linear(262.66 k, 2.492% Params, 25.17 MMac, 2.120% MACs, in_features=512, out_features=512, bias=True)
          (out_projection): Linear(262.66 k, 2.492% Params, 37.75 MMac, 3.180% MACs, in_features=512, out_features=512, bias=True)
        )
        (conv1): Conv1d(1.05 M, 9.968% Params, 151.29 MMac, 12.743% MACs, 512, 2048, kernel_size=(1,), stride=(1,))
        (conv2): Conv1d(1.05 M, 9.953% Params, 151.07 MMac, 12.724% MACs, 2048, 512, kernel_size=(1,), stride=(1,))
        (norm1): LayerNorm(0, 0.000% Params, 0.0 Mac, 0.000% MACs, (512,), eps=1e-05, elementwise_affine=True)
        (norm2): LayerNorm(0, 0.000% Params, 0.0 Mac, 0.000% MACs, (512,), eps=1e-05, elementwise_affine=True)
        (norm3): LayerNorm(0, 0.000% Params, 0.0 Mac, 0.000% MACs, (512,), eps=1e-05, elementwise_affine=True)
        (dropout): Dropout(0, 0.000% Params, 0.0 Mac, 0.000% MACs, p=0.05, inplace=False)
      )
    )
    (norm): LayerNorm(0, 0.000% Params, 0.0 Mac, 0.000% MACs, (512,), eps=1e-05, elementwise_affine=True)
    (projection): Linear(3.59 k, 0.034% Params, 516.1 KMac, 0.043% MACs, in_features=512, out_features=7, bias=True)
  )
)
Computational complexity:       1.19 GMac
Number of parameters:           10.54 M 
