Args in experiment:
Namespace(is_training=1, model_id='ETTm2_96_720', model='Autoformer', data='ETTm2', root_path='./dataset/', data_path='ETTm2.csv', features='M', target='OT', freq='h', checkpoints='./checkpoints/', seq_len=96, label_len=48, pred_len=720, individual=False, embed_type=0, enc_in=7, dec_in=7, c_out=7, d_model=512, n_heads=8, e_layers=2, d_layers=1, d_ff=2048, moving_avg=25, factor=3, distil=True, dropout=0.05, embed='timeF', activation='gelu', output_attention=False, do_predict=False, num_workers=10, itr=1, train_epochs=10, batch_size=32, patience=3, learning_rate=0.0001, des='Exp', loss='mse', lradj='type1', use_amp=False, use_gpu=True, gpu=5, use_multi_gpu=False, devices='0,1,2,3', test_flop=True)
Use GPU: cuda:5
>>>>>>>start training : ETTm2_96_720_Autoformer_ETTm2_ftM_sl96_ll48_pl720_dm512_nh8_el2_dl1_df2048_fc3_ebtimeF_dtTrue_Exp_0>>>>>>>>>>>>>>>>>>>>>>>>>>
train 33745
val 10801
test 10801
	iters: 100, epoch: 1 | loss: 0.2828371
	speed: 0.3516s/iter; left time: 3671.0424s
	iters: 200, epoch: 1 | loss: 0.6628668
	speed: 0.1966s/iter; left time: 2033.0139s
	iters: 300, epoch: 1 | loss: 0.3769000
	speed: 0.1993s/iter; left time: 2041.0661s
	iters: 400, epoch: 1 | loss: 0.5606062
	speed: 0.1957s/iter; left time: 1984.3790s
	iters: 500, epoch: 1 | loss: 0.9634085
	speed: 0.1974s/iter; left time: 1982.4102s
	iters: 600, epoch: 1 | loss: 0.8079014
	speed: 0.1980s/iter; left time: 1968.0695s
	iters: 700, epoch: 1 | loss: 1.0193723
	speed: 0.1975s/iter; left time: 1943.8488s
	iters: 800, epoch: 1 | loss: 0.3424856
	speed: 0.1959s/iter; left time: 1908.3422s
	iters: 900, epoch: 1 | loss: 0.4167978
	speed: 0.1979s/iter; left time: 1908.2663s
	iters: 1000, epoch: 1 | loss: 0.2641799
	speed: 0.1976s/iter; left time: 1884.8929s
Epoch: 1 cost time: 223.54391527175903
Epoch: 1, Steps: 1054 | Train Loss: 0.5887799 Vali Loss: 0.3299957 Test Loss: 0.4574108
Validation loss decreased (inf --> 0.329996).  Saving model ...
Updating learning rate to 0.0001
	iters: 100, epoch: 2 | loss: 0.6703387
	speed: 1.6115s/iter; left time: 15126.9306s
	iters: 200, epoch: 2 | loss: 0.6046917
	speed: 0.1971s/iter; left time: 1830.1850s
	iters: 300, epoch: 2 | loss: 0.5996997
	speed: 0.1995s/iter; left time: 1832.5624s
	iters: 400, epoch: 2 | loss: 0.3342421
	speed: 0.1991s/iter; left time: 1809.1904s
	iters: 500, epoch: 2 | loss: 0.7040861
	speed: 0.1972s/iter; left time: 1772.4474s
	iters: 600, epoch: 2 | loss: 0.4952732
	speed: 0.2022s/iter; left time: 1796.5245s
	iters: 700, epoch: 2 | loss: 0.3399550
	speed: 0.2006s/iter; left time: 1762.5845s
	iters: 800, epoch: 2 | loss: 0.3990084
	speed: 0.1914s/iter; left time: 1662.7922s
	iters: 900, epoch: 2 | loss: 0.3841311
	speed: 0.1944s/iter; left time: 1669.4764s
	iters: 1000, epoch: 2 | loss: 0.4365227
	speed: 0.1943s/iter; left time: 1648.8011s
Epoch: 2 cost time: 210.01923871040344
Epoch: 2, Steps: 1054 | Train Loss: 0.5506384 Vali Loss: 0.3583690 Test Loss: 0.5176731
EarlyStopping counter: 1 out of 3
Updating learning rate to 5e-05
	iters: 100, epoch: 3 | loss: 0.7268235
	speed: 1.6079s/iter; left time: 13399.0028s
	iters: 200, epoch: 3 | loss: 0.4348065
	speed: 0.1969s/iter; left time: 1621.0066s
	iters: 300, epoch: 3 | loss: 0.2791577
	speed: 0.1954s/iter; left time: 1589.4731s
	iters: 400, epoch: 3 | loss: 0.6847820
	speed: 0.2000s/iter; left time: 1606.7119s
	iters: 500, epoch: 3 | loss: 0.2822257
	speed: 0.1978s/iter; left time: 1568.9348s
	iters: 600, epoch: 3 | loss: 0.7901391
	speed: 0.1967s/iter; left time: 1540.9052s
	iters: 700, epoch: 3 | loss: 0.5103344
	speed: 0.1963s/iter; left time: 1517.6378s
	iters: 800, epoch: 3 | loss: 0.6347538
	speed: 0.1929s/iter; left time: 1472.7769s
	iters: 900, epoch: 3 | loss: 0.5659077
	speed: 0.1963s/iter; left time: 1478.7011s
	iters: 1000, epoch: 3 | loss: 0.3288278
	speed: 0.1976s/iter; left time: 1468.6176s
Epoch: 3 cost time: 209.70467162132263
Epoch: 3, Steps: 1054 | Train Loss: 0.5092374 Vali Loss: 0.3512598 Test Loss: 0.5283594
EarlyStopping counter: 2 out of 3
Updating learning rate to 2.5e-05
	iters: 100, epoch: 4 | loss: 0.4554218
	speed: 1.5623s/iter; left time: 11372.0916s
	iters: 200, epoch: 4 | loss: 0.4990853
	speed: 0.1944s/iter; left time: 1395.6383s
	iters: 300, epoch: 4 | loss: 0.3614001
	speed: 0.1952s/iter; left time: 1381.7926s
	iters: 400, epoch: 4 | loss: 0.4833148
	speed: 0.1948s/iter; left time: 1359.3937s
	iters: 500, epoch: 4 | loss: 0.3951426
	speed: 0.1957s/iter; left time: 1345.9192s
	iters: 600, epoch: 4 | loss: 0.4635113
	speed: 0.2018s/iter; left time: 1367.9217s
	iters: 700, epoch: 4 | loss: 0.3941207
	speed: 0.1947s/iter; left time: 1300.5008s
	iters: 800, epoch: 4 | loss: 0.5094407
	speed: 0.1932s/iter; left time: 1270.9178s
	iters: 900, epoch: 4 | loss: 0.5299715
	speed: 0.1963s/iter; left time: 1272.0229s
	iters: 1000, epoch: 4 | loss: 0.3098615
	speed: 0.1993s/iter; left time: 1271.1480s
Epoch: 4 cost time: 208.37099051475525
Epoch: 4, Steps: 1054 | Train Loss: 0.4794489 Vali Loss: 0.3480784 Test Loss: 0.5349171
EarlyStopping counter: 3 out of 3
Early stopping
>>>>>>>testing : ETTm2_96_720_Autoformer_ETTm2_ftM_sl96_ll48_pl720_dm512_nh8_el2_dl1_df2048_fc3_ebtimeF_dtTrue_Exp_0<<<<<<<<<<<<<<<<<<<<<<<<<<<<<<<<<
test 10801
mse:0.4574119448661804, mae:0.4415542483329773
INFO: Trainable parameter count: 0.01M
INFO: Trainable parameter count: 0.01M
INFO: Trainable parameter count: 0.02M
INFO: Trainable parameter count: 0.03M
INFO: Trainable parameter count: 0.29M
INFO: Trainable parameter count: 0.29M
INFO: Trainable parameter count: 0.55M
INFO: Trainable parameter count: 0.55M
INFO: Trainable parameter count: 0.81M
INFO: Trainable parameter count: 0.81M
INFO: Trainable parameter count: 1.08M
INFO: Trainable parameter count: 1.08M
INFO: Trainable parameter count: 2.12M
INFO: Trainable parameter count: 3.17M
INFO: Trainable parameter count: 3.44M
INFO: Trainable parameter count: 3.44M
INFO: Trainable parameter count: 3.70M
INFO: Trainable parameter count: 3.70M
INFO: Trainable parameter count: 3.96M
INFO: Trainable parameter count: 3.96M
INFO: Trainable parameter count: 4.22M
INFO: Trainable parameter count: 4.22M
INFO: Trainable parameter count: 5.27M
INFO: Trainable parameter count: 6.32M
INFO: Trainable parameter count: 6.32M
INFO: Trainable parameter count: 6.32M
INFO: Trainable parameter count: 6.58M
INFO: Trainable parameter count: 6.58M
INFO: Trainable parameter count: 6.85M
INFO: Trainable parameter count: 6.85M
INFO: Trainable parameter count: 7.11M
INFO: Trainable parameter count: 7.11M
INFO: Trainable parameter count: 7.37M
INFO: Trainable parameter count: 7.37M
INFO: Trainable parameter count: 7.63M
INFO: Trainable parameter count: 7.64M
INFO: Trainable parameter count: 7.90M
INFO: Trainable parameter count: 7.90M
INFO: Trainable parameter count: 8.16M
INFO: Trainable parameter count: 8.16M
INFO: Trainable parameter count: 8.42M
INFO: Trainable parameter count: 8.42M
INFO: Trainable parameter count: 9.47M
INFO: Trainable parameter count: 10.52M
INFO: Trainable parameter count: 10.53M
INFO: Trainable parameter count: 10.53M
INFO: Trainable parameter count: 10.53M
INFO: Trainable parameter count: 10.54M
INFO: Trainable parameter count: 10.54M
Model(
  10.53 M, 99.981% Params, 3.5 GMac, 100.000% MACs, 
  (decomp): series_decomp(
    0, 0.000% Params, 840.0 Mac, 0.000% MACs, 
    (moving_avg): moving_avg(
      0, 0.000% Params, 840.0 Mac, 0.000% MACs, 
      (avg): AvgPool1d(0, 0.000% Params, 840.0 Mac, 0.000% MACs, kernel_size=(25,), stride=(1,), padding=(0,))
    )
  )
  (enc_embedding): DataEmbedding_wo_pos(
    12.8 k, 0.121% Params, 1.23 MMac, 0.035% MACs, 
    (value_embedding): TokenEmbedding(
      10.75 k, 0.102% Params, 1.03 MMac, 0.030% MACs, 
      (tokenConv): Conv1d(10.75 k, 0.102% Params, 1.03 MMac, 0.030% MACs, 7, 512, kernel_size=(3,), stride=(1,), padding=(1,), bias=False, padding_mode=circular)
    )
    (position_embedding): PositionalEmbedding(0, 0.000% Params, 0.0 Mac, 0.000% MACs, )
    (temporal_embedding): TimeFeatureEmbedding(
      2.05 k, 0.019% Params, 196.61 KMac, 0.006% MACs, 
      (embed): Linear(2.05 k, 0.019% Params, 196.61 KMac, 0.006% MACs, in_features=4, out_features=512, bias=False)
    )
    (dropout): Dropout(0, 0.000% Params, 0.0 Mac, 0.000% MACs, p=0.05, inplace=False)
  )
  (dec_embedding): DataEmbedding_wo_pos(
    12.8 k, 0.121% Params, 9.83 MMac, 0.281% MACs, 
    (value_embedding): TokenEmbedding(
      10.75 k, 0.102% Params, 8.26 MMac, 0.236% MACs, 
      (tokenConv): Conv1d(10.75 k, 0.102% Params, 8.26 MMac, 0.236% MACs, 7, 512, kernel_size=(3,), stride=(1,), padding=(1,), bias=False, padding_mode=circular)
    )
    (position_embedding): PositionalEmbedding(0, 0.000% Params, 0.0 Mac, 0.000% MACs, )
    (temporal_embedding): TimeFeatureEmbedding(
      2.05 k, 0.019% Params, 1.57 MMac, 0.045% MACs, 
      (embed): Linear(2.05 k, 0.019% Params, 1.57 MMac, 0.045% MACs, in_features=4, out_features=512, bias=False)
    )
    (dropout): Dropout(0, 0.000% Params, 0.0 Mac, 0.000% MACs, p=0.05, inplace=False)
  )
  (encoder): Encoder(
    6.3 M, 59.753% Params, 604.23 MMac, 17.281% MACs, 
    (attn_layers): ModuleList(
      6.3 M, 59.753% Params, 604.23 MMac, 17.281% MACs, 
      (0): EncoderLayer(
        3.15 M, 29.877% Params, 302.11 MMac, 8.641% MACs, 
        (attention): AutoCorrelationLayer(
          1.05 M, 9.972% Params, 100.67 MMac, 2.879% MACs, 
          (inner_correlation): AutoCorrelation(
            0, 0.000% Params, 0.0 Mac, 0.000% MACs, 
            (dropout): Dropout(0, 0.000% Params, 0.0 Mac, 0.000% MACs, p=0.05, inplace=False)
          )
          (query_projection): Linear(262.66 k, 2.493% Params, 25.17 MMac, 0.720% MACs, in_features=512, out_features=512, bias=True)
          (key_projection): Linear(262.66 k, 2.493% Params, 25.17 MMac, 0.720% MACs, in_features=512, out_features=512, bias=True)
          (value_projection): Linear(262.66 k, 2.493% Params, 25.17 MMac, 0.720% MACs, in_features=512, out_features=512, bias=True)
          (out_projection): Linear(262.66 k, 2.493% Params, 25.17 MMac, 0.720% MACs, in_features=512, out_features=512, bias=True)
        )
        (conv1): Conv1d(1.05 M, 9.952% Params, 100.66 MMac, 2.879% MACs, 512, 2048, kernel_size=(1,), stride=(1,), bias=False)
        (conv2): Conv1d(1.05 M, 9.952% Params, 100.66 MMac, 2.879% MACs, 2048, 512, kernel_size=(1,), stride=(1,), bias=False)
        (decomp1): series_decomp(
          0, 0.000% Params, 61.44 KMac, 0.002% MACs, 
          (moving_avg): moving_avg(
            0, 0.000% Params, 61.44 KMac, 0.002% MACs, 
            (avg): AvgPool1d(0, 0.000% Params, 61.44 KMac, 0.002% MACs, kernel_size=(25,), stride=(1,), padding=(0,))
          )
        )
        (decomp2): series_decomp(
          0, 0.000% Params, 61.44 KMac, 0.002% MACs, 
          (moving_avg): moving_avg(
            0, 0.000% Params, 61.44 KMac, 0.002% MACs, 
            (avg): AvgPool1d(0, 0.000% Params, 61.44 KMac, 0.002% MACs, kernel_size=(25,), stride=(1,), padding=(0,))
          )
        )
        (dropout): Dropout(0, 0.000% Params, 0.0 Mac, 0.000% MACs, p=0.05, inplace=False)
      )
      (1): EncoderLayer(
        3.15 M, 29.877% Params, 302.11 MMac, 8.641% MACs, 
        (attention): AutoCorrelationLayer(
          1.05 M, 9.972% Params, 100.67 MMac, 2.879% MACs, 
          (inner_correlation): AutoCorrelation(
            0, 0.000% Params, 0.0 Mac, 0.000% MACs, 
            (dropout): Dropout(0, 0.000% Params, 0.0 Mac, 0.000% MACs, p=0.05, inplace=False)
          )
          (query_projection): Linear(262.66 k, 2.493% Params, 25.17 MMac, 0.720% MACs, in_features=512, out_features=512, bias=True)
          (key_projection): Linear(262.66 k, 2.493% Params, 25.17 MMac, 0.720% MACs, in_features=512, out_features=512, bias=True)
          (value_projection): Linear(262.66 k, 2.493% Params, 25.17 MMac, 0.720% MACs, in_features=512, out_features=512, bias=True)
          (out_projection): Linear(262.66 k, 2.493% Params, 25.17 MMac, 0.720% MACs, in_features=512, out_features=512, bias=True)
        )
        (conv1): Conv1d(1.05 M, 9.952% Params, 100.66 MMac, 2.879% MACs, 512, 2048, kernel_size=(1,), stride=(1,), bias=False)
        (conv2): Conv1d(1.05 M, 9.952% Params, 100.66 MMac, 2.879% MACs, 2048, 512, kernel_size=(1,), stride=(1,), bias=False)
        (decomp1): series_decomp(
          0, 0.000% Params, 61.44 KMac, 0.002% MACs, 
          (moving_avg): moving_avg(
            0, 0.000% Params, 61.44 KMac, 0.002% MACs, 
            (avg): AvgPool1d(0, 0.000% Params, 61.44 KMac, 0.002% MACs, kernel_size=(25,), stride=(1,), padding=(0,))
          )
        )
        (decomp2): series_decomp(
          0, 0.000% Params, 61.44 KMac, 0.002% MACs, 
          (moving_avg): moving_avg(
            0, 0.000% Params, 61.44 KMac, 0.002% MACs, 
            (avg): AvgPool1d(0, 0.000% Params, 61.44 KMac, 0.002% MACs, kernel_size=(25,), stride=(1,), padding=(0,))
          )
        )
        (dropout): Dropout(0, 0.000% Params, 0.0 Mac, 0.000% MACs, p=0.05, inplace=False)
      )
    )
    (norm): my_Layernorm(
      0, 0.000% Params, 0.0 Mac, 0.000% MACs, 
      (layernorm): LayerNorm(0, 0.000% Params, 0.0 Mac, 0.000% MACs, (512,), eps=1e-05, elementwise_affine=True)
    )
  )
  (decoder): Decoder(
    4.21 M, 39.984% Params, 2.88 GMac, 82.402% MACs, 
    (layers): ModuleList(
      4.21 M, 39.950% Params, 2.88 GMac, 82.324% MACs, 
      (0): DecoderLayer(
        4.21 M, 39.950% Params, 2.88 GMac, 82.324% MACs, 
        (self_attention): AutoCorrelationLayer(
          1.05 M, 9.972% Params, 805.31 MMac, 23.032% MACs, 
          (inner_correlation): AutoCorrelation(
            0, 0.000% Params, 0.0 Mac, 0.000% MACs, 
            (dropout): Dropout(0, 0.000% Params, 0.0 Mac, 0.000% MACs, p=0.05, inplace=False)
          )
          (query_projection): Linear(262.66 k, 2.493% Params, 201.33 MMac, 5.758% MACs, in_features=512, out_features=512, bias=True)
          (key_projection): Linear(262.66 k, 2.493% Params, 201.33 MMac, 5.758% MACs, in_features=512, out_features=512, bias=True)
          (value_projection): Linear(262.66 k, 2.493% Params, 201.33 MMac, 5.758% MACs, in_features=512, out_features=512, bias=True)
          (out_projection): Linear(262.66 k, 2.493% Params, 201.33 MMac, 5.758% MACs, in_features=512, out_features=512, bias=True)
        )
        (cross_attention): AutoCorrelationLayer(
          1.05 M, 9.972% Params, 452.99 MMac, 12.956% MACs, 
          (inner_correlation): AutoCorrelation(
            0, 0.000% Params, 0.0 Mac, 0.000% MACs, 
            (dropout): Dropout(0, 0.000% Params, 0.0 Mac, 0.000% MACs, p=0.05, inplace=False)
          )
          (query_projection): Linear(262.66 k, 2.493% Params, 201.33 MMac, 5.758% MACs, in_features=512, out_features=512, bias=True)
          (key_projection): Linear(262.66 k, 2.493% Params, 25.17 MMac, 0.720% MACs, in_features=512, out_features=512, bias=True)
          (value_projection): Linear(262.66 k, 2.493% Params, 25.17 MMac, 0.720% MACs, in_features=512, out_features=512, bias=True)
          (out_projection): Linear(262.66 k, 2.493% Params, 201.33 MMac, 5.758% MACs, in_features=512, out_features=512, bias=True)
        )
        (conv1): Conv1d(1.05 M, 9.952% Params, 805.31 MMac, 23.032% MACs, 512, 2048, kernel_size=(1,), stride=(1,), bias=False)
        (conv2): Conv1d(1.05 M, 9.952% Params, 805.31 MMac, 23.032% MACs, 2048, 512, kernel_size=(1,), stride=(1,), bias=False)
        (decomp1): series_decomp(
          0, 0.000% Params, 405.5 KMac, 0.012% MACs, 
          (moving_avg): moving_avg(
            0, 0.000% Params, 405.5 KMac, 0.012% MACs, 
            (avg): AvgPool1d(0, 0.000% Params, 405.5 KMac, 0.012% MACs, kernel_size=(25,), stride=(1,), padding=(0,))
          )
        )
        (decomp2): series_decomp(
          0, 0.000% Params, 405.5 KMac, 0.012% MACs, 
          (moving_avg): moving_avg(
            0, 0.000% Params, 405.5 KMac, 0.012% MACs, 
            (avg): AvgPool1d(0, 0.000% Params, 405.5 KMac, 0.012% MACs, kernel_size=(25,), stride=(1,), padding=(0,))
          )
        )
        (decomp3): series_decomp(
          0, 0.000% Params, 405.5 KMac, 0.012% MACs, 
          (moving_avg): moving_avg(
            0, 0.000% Params, 405.5 KMac, 0.012% MACs, 
            (avg): AvgPool1d(0, 0.000% Params, 405.5 KMac, 0.012% MACs, kernel_size=(25,), stride=(1,), padding=(0,))
          )
        )
        (dropout): Dropout(0, 0.000% Params, 0.0 Mac, 0.000% MACs, p=0.05, inplace=False)
        (projection): Conv1d(10.75 k, 0.102% Params, 8.26 MMac, 0.236% MACs, 512, 7, kernel_size=(3,), stride=(1,), padding=(1,), bias=False, padding_mode=circular)
      )
    )
    (norm): my_Layernorm(
      0, 0.000% Params, 0.0 Mac, 0.000% MACs, 
      (layernorm): LayerNorm(0, 0.000% Params, 0.0 Mac, 0.000% MACs, (512,), eps=1e-05, elementwise_affine=True)
    )
    (projection): Linear(3.59 k, 0.034% Params, 2.75 MMac, 0.079% MACs, in_features=512, out_features=7, bias=True)
  )
)
Computational complexity:       3.5 GMac
Number of parameters:           10.54 M 
