Args in experiment:
Namespace(is_training=1, model_id='ETTh1_96_192', model='Autoformer', data='ETTh1', root_path='./dataset/', data_path='ETTh1.csv', features='M', target='OT', freq='h', checkpoints='./checkpoints/', seq_len=96, label_len=48, pred_len=192, individual=False, embed_type=0, enc_in=7, dec_in=7, c_out=7, d_model=512, n_heads=8, e_layers=2, d_layers=1, d_ff=2048, moving_avg=25, factor=3, distil=True, dropout=0.05, embed='timeF', activation='gelu', output_attention=False, do_predict=False, num_workers=10, itr=1, train_epochs=10, batch_size=32, patience=3, learning_rate=0.0001, des='Exp', loss='mse', lradj='type1', use_amp=False, use_gpu=True, gpu=2, use_multi_gpu=False, devices='0,1,2,3', test_flop=True)
Use GPU: cuda:2
>>>>>>>start training : ETTh1_96_192_Autoformer_ETTh1_ftM_sl96_ll48_pl192_dm512_nh8_el2_dl1_df2048_fc3_ebtimeF_dtTrue_Exp_0>>>>>>>>>>>>>>>>>>>>>>>>>>
train 8353
val 2689
test 2689
	iters: 100, epoch: 1 | loss: 0.4598724
	speed: 0.2204s/iter; left time: 553.3343s
	iters: 200, epoch: 1 | loss: 0.5024107
	speed: 0.0827s/iter; left time: 199.4833s
Epoch: 1 cost time: 35.39007639884949
Epoch: 1, Steps: 261 | Train Loss: 0.4589790 Vali Loss: 1.0715789 Test Loss: 0.4442793
Validation loss decreased (inf --> 1.071579).  Saving model ...
Updating learning rate to 0.0001
	iters: 100, epoch: 2 | loss: 0.4444177
	speed: 0.3136s/iter; left time: 705.5338s
	iters: 200, epoch: 2 | loss: 0.4457045
	speed: 0.0796s/iter; left time: 171.0694s
Epoch: 2 cost time: 23.292812824249268
Epoch: 2, Steps: 261 | Train Loss: 0.4094238 Vali Loss: 1.1049738 Test Loss: 0.4597089
EarlyStopping counter: 1 out of 3
Updating learning rate to 5e-05
	iters: 100, epoch: 3 | loss: 0.3953613
	speed: 0.3139s/iter; left time: 624.2808s
	iters: 200, epoch: 3 | loss: 0.3676562
	speed: 0.0798s/iter; left time: 150.8237s
Epoch: 3 cost time: 22.711695194244385
Epoch: 3, Steps: 261 | Train Loss: 0.3786523 Vali Loss: 1.1380585 Test Loss: 0.5192626
EarlyStopping counter: 2 out of 3
Updating learning rate to 2.5e-05
	iters: 100, epoch: 4 | loss: 0.3146434
	speed: 0.2982s/iter; left time: 515.2627s
	iters: 200, epoch: 4 | loss: 0.3890869
	speed: 0.0834s/iter; left time: 135.8095s
Epoch: 4 cost time: 23.15437650680542
Epoch: 4, Steps: 261 | Train Loss: 0.3507624 Vali Loss: 1.1552699 Test Loss: 0.5532765
EarlyStopping counter: 3 out of 3
Early stopping
>>>>>>>testing : ETTh1_96_192_Autoformer_ETTh1_ftM_sl96_ll48_pl192_dm512_nh8_el2_dl1_df2048_fc3_ebtimeF_dtTrue_Exp_0<<<<<<<<<<<<<<<<<<<<<<<<<<<<<<<<<
test 2689
mse:0.4442794620990753, mae:0.45177754759788513
INFO: Trainable parameter count: 0.01M
INFO: Trainable parameter count: 0.01M
INFO: Trainable parameter count: 0.02M
INFO: Trainable parameter count: 0.03M
INFO: Trainable parameter count: 0.29M
INFO: Trainable parameter count: 0.29M
INFO: Trainable parameter count: 0.55M
INFO: Trainable parameter count: 0.55M
INFO: Trainable parameter count: 0.81M
INFO: Trainable parameter count: 0.81M
INFO: Trainable parameter count: 1.08M
INFO: Trainable parameter count: 1.08M
INFO: Trainable parameter count: 2.12M
INFO: Trainable parameter count: 3.17M
INFO: Trainable parameter count: 3.44M
INFO: Trainable parameter count: 3.44M
INFO: Trainable parameter count: 3.70M
INFO: Trainable parameter count: 3.70M
INFO: Trainable parameter count: 3.96M
INFO: Trainable parameter count: 3.96M
INFO: Trainable parameter count: 4.22M
INFO: Trainable parameter count: 4.22M
INFO: Trainable parameter count: 5.27M
INFO: Trainable parameter count: 6.32M
INFO: Trainable parameter count: 6.32M
INFO: Trainable parameter count: 6.32M
INFO: Trainable parameter count: 6.58M
INFO: Trainable parameter count: 6.58M
INFO: Trainable parameter count: 6.85M
INFO: Trainable parameter count: 6.85M
INFO: Trainable parameter count: 7.11M
INFO: Trainable parameter count: 7.11M
INFO: Trainable parameter count: 7.37M
INFO: Trainable parameter count: 7.37M
INFO: Trainable parameter count: 7.63M
INFO: Trainable parameter count: 7.64M
INFO: Trainable parameter count: 7.90M
INFO: Trainable parameter count: 7.90M
INFO: Trainable parameter count: 8.16M
INFO: Trainable parameter count: 8.16M
INFO: Trainable parameter count: 8.42M
INFO: Trainable parameter count: 8.42M
INFO: Trainable parameter count: 9.47M
INFO: Trainable parameter count: 10.52M
INFO: Trainable parameter count: 10.53M
INFO: Trainable parameter count: 10.53M
INFO: Trainable parameter count: 10.53M
INFO: Trainable parameter count: 10.54M
INFO: Trainable parameter count: 10.54M
Model(
  10.53 M, 99.981% Params, 1.54 GMac, 100.000% MACs, 
  (decomp): series_decomp(
    0, 0.000% Params, 840.0 Mac, 0.000% MACs, 
    (moving_avg): moving_avg(
      0, 0.000% Params, 840.0 Mac, 0.000% MACs, 
      (avg): AvgPool1d(0, 0.000% Params, 840.0 Mac, 0.000% MACs, kernel_size=(25,), stride=(1,), padding=(0,))
    )
  )
  (enc_embedding): DataEmbedding_wo_pos(
    12.8 k, 0.121% Params, 1.23 MMac, 0.080% MACs, 
    (value_embedding): TokenEmbedding(
      10.75 k, 0.102% Params, 1.03 MMac, 0.067% MACs, 
      (tokenConv): Conv1d(10.75 k, 0.102% Params, 1.03 MMac, 0.067% MACs, 7, 512, kernel_size=(3,), stride=(1,), padding=(1,), bias=False, padding_mode=circular)
    )
    (position_embedding): PositionalEmbedding(0, 0.000% Params, 0.0 Mac, 0.000% MACs, )
    (temporal_embedding): TimeFeatureEmbedding(
      2.05 k, 0.019% Params, 196.61 KMac, 0.013% MACs, 
      (embed): Linear(2.05 k, 0.019% Params, 196.61 KMac, 0.013% MACs, in_features=4, out_features=512, bias=False)
    )
    (dropout): Dropout(0, 0.000% Params, 0.0 Mac, 0.000% MACs, p=0.05, inplace=False)
  )
  (dec_embedding): DataEmbedding_wo_pos(
    12.8 k, 0.121% Params, 3.07 MMac, 0.199% MACs, 
    (value_embedding): TokenEmbedding(
      10.75 k, 0.102% Params, 2.58 MMac, 0.167% MACs, 
      (tokenConv): Conv1d(10.75 k, 0.102% Params, 2.58 MMac, 0.167% MACs, 7, 512, kernel_size=(3,), stride=(1,), padding=(1,), bias=False, padding_mode=circular)
    )
    (position_embedding): PositionalEmbedding(0, 0.000% Params, 0.0 Mac, 0.000% MACs, )
    (temporal_embedding): TimeFeatureEmbedding(
      2.05 k, 0.019% Params, 491.52 KMac, 0.032% MACs, 
      (embed): Linear(2.05 k, 0.019% Params, 491.52 KMac, 0.032% MACs, in_features=4, out_features=512, bias=False)
    )
    (dropout): Dropout(0, 0.000% Params, 0.0 Mac, 0.000% MACs, p=0.05, inplace=False)
  )
  (encoder): Encoder(
    6.3 M, 59.753% Params, 604.23 MMac, 39.146% MACs, 
    (attn_layers): ModuleList(
      6.3 M, 59.753% Params, 604.23 MMac, 39.146% MACs, 
      (0): EncoderLayer(
        3.15 M, 29.877% Params, 302.11 MMac, 19.573% MACs, 
        (attention): AutoCorrelationLayer(
          1.05 M, 9.972% Params, 100.67 MMac, 6.522% MACs, 
          (inner_correlation): AutoCorrelation(
            0, 0.000% Params, 0.0 Mac, 0.000% MACs, 
            (dropout): Dropout(0, 0.000% Params, 0.0 Mac, 0.000% MACs, p=0.05, inplace=False)
          )
          (query_projection): Linear(262.66 k, 2.493% Params, 25.17 MMac, 1.630% MACs, in_features=512, out_features=512, bias=True)
          (key_projection): Linear(262.66 k, 2.493% Params, 25.17 MMac, 1.630% MACs, in_features=512, out_features=512, bias=True)
          (value_projection): Linear(262.66 k, 2.493% Params, 25.17 MMac, 1.630% MACs, in_features=512, out_features=512, bias=True)
          (out_projection): Linear(262.66 k, 2.493% Params, 25.17 MMac, 1.630% MACs, in_features=512, out_features=512, bias=True)
        )
        (conv1): Conv1d(1.05 M, 9.952% Params, 100.66 MMac, 6.522% MACs, 512, 2048, kernel_size=(1,), stride=(1,), bias=False)
        (conv2): Conv1d(1.05 M, 9.952% Params, 100.66 MMac, 6.522% MACs, 2048, 512, kernel_size=(1,), stride=(1,), bias=False)
        (decomp1): series_decomp(
          0, 0.000% Params, 61.44 KMac, 0.004% MACs, 
          (moving_avg): moving_avg(
            0, 0.000% Params, 61.44 KMac, 0.004% MACs, 
            (avg): AvgPool1d(0, 0.000% Params, 61.44 KMac, 0.004% MACs, kernel_size=(25,), stride=(1,), padding=(0,))
          )
        )
        (decomp2): series_decomp(
          0, 0.000% Params, 61.44 KMac, 0.004% MACs, 
          (moving_avg): moving_avg(
            0, 0.000% Params, 61.44 KMac, 0.004% MACs, 
            (avg): AvgPool1d(0, 0.000% Params, 61.44 KMac, 0.004% MACs, kernel_size=(25,), stride=(1,), padding=(0,))
          )
        )
        (dropout): Dropout(0, 0.000% Params, 0.0 Mac, 0.000% MACs, p=0.05, inplace=False)
      )
      (1): EncoderLayer(
        3.15 M, 29.877% Params, 302.11 MMac, 19.573% MACs, 
        (attention): AutoCorrelationLayer(
          1.05 M, 9.972% Params, 100.67 MMac, 6.522% MACs, 
          (inner_correlation): AutoCorrelation(
            0, 0.000% Params, 0.0 Mac, 0.000% MACs, 
            (dropout): Dropout(0, 0.000% Params, 0.0 Mac, 0.000% MACs, p=0.05, inplace=False)
          )
          (query_projection): Linear(262.66 k, 2.493% Params, 25.17 MMac, 1.630% MACs, in_features=512, out_features=512, bias=True)
          (key_projection): Linear(262.66 k, 2.493% Params, 25.17 MMac, 1.630% MACs, in_features=512, out_features=512, bias=True)
          (value_projection): Linear(262.66 k, 2.493% Params, 25.17 MMac, 1.630% MACs, in_features=512, out_features=512, bias=True)
          (out_projection): Linear(262.66 k, 2.493% Params, 25.17 MMac, 1.630% MACs, in_features=512, out_features=512, bias=True)
        )
        (conv1): Conv1d(1.05 M, 9.952% Params, 100.66 MMac, 6.522% MACs, 512, 2048, kernel_size=(1,), stride=(1,), bias=False)
        (conv2): Conv1d(1.05 M, 9.952% Params, 100.66 MMac, 6.522% MACs, 2048, 512, kernel_size=(1,), stride=(1,), bias=False)
        (decomp1): series_decomp(
          0, 0.000% Params, 61.44 KMac, 0.004% MACs, 
          (moving_avg): moving_avg(
            0, 0.000% Params, 61.44 KMac, 0.004% MACs, 
            (avg): AvgPool1d(0, 0.000% Params, 61.44 KMac, 0.004% MACs, kernel_size=(25,), stride=(1,), padding=(0,))
          )
        )
        (decomp2): series_decomp(
          0, 0.000% Params, 61.44 KMac, 0.004% MACs, 
          (moving_avg): moving_avg(
            0, 0.000% Params, 61.44 KMac, 0.004% MACs, 
            (avg): AvgPool1d(0, 0.000% Params, 61.44 KMac, 0.004% MACs, kernel_size=(25,), stride=(1,), padding=(0,))
          )
        )
        (dropout): Dropout(0, 0.000% Params, 0.0 Mac, 0.000% MACs, p=0.05, inplace=False)
      )
    )
    (norm): my_Layernorm(
      0, 0.000% Params, 0.0 Mac, 0.000% MACs, 
      (layernorm): LayerNorm(0, 0.000% Params, 0.0 Mac, 0.000% MACs, (512,), eps=1e-05, elementwise_affine=True)
    )
  )
  (decoder): Decoder(
    4.21 M, 39.984% Params, 934.99 MMac, 60.575% MACs, 
    (layers): ModuleList(
      4.21 M, 39.950% Params, 934.13 MMac, 60.519% MACs, 
      (0): DecoderLayer(
        4.21 M, 39.950% Params, 934.13 MMac, 60.519% MACs, 
        (self_attention): AutoCorrelationLayer(
          1.05 M, 9.972% Params, 251.66 MMac, 16.304% MACs, 
          (inner_correlation): AutoCorrelation(
            0, 0.000% Params, 0.0 Mac, 0.000% MACs, 
            (dropout): Dropout(0, 0.000% Params, 0.0 Mac, 0.000% MACs, p=0.05, inplace=False)
          )
          (query_projection): Linear(262.66 k, 2.493% Params, 62.92 MMac, 4.076% MACs, in_features=512, out_features=512, bias=True)
          (key_projection): Linear(262.66 k, 2.493% Params, 62.92 MMac, 4.076% MACs, in_features=512, out_features=512, bias=True)
          (value_projection): Linear(262.66 k, 2.493% Params, 62.92 MMac, 4.076% MACs, in_features=512, out_features=512, bias=True)
          (out_projection): Linear(262.66 k, 2.493% Params, 62.92 MMac, 4.076% MACs, in_features=512, out_features=512, bias=True)
        )
        (cross_attention): AutoCorrelationLayer(
          1.05 M, 9.972% Params, 176.16 MMac, 11.413% MACs, 
          (inner_correlation): AutoCorrelation(
            0, 0.000% Params, 0.0 Mac, 0.000% MACs, 
            (dropout): Dropout(0, 0.000% Params, 0.0 Mac, 0.000% MACs, p=0.05, inplace=False)
          )
          (query_projection): Linear(262.66 k, 2.493% Params, 62.92 MMac, 4.076% MACs, in_features=512, out_features=512, bias=True)
          (key_projection): Linear(262.66 k, 2.493% Params, 25.17 MMac, 1.630% MACs, in_features=512, out_features=512, bias=True)
          (value_projection): Linear(262.66 k, 2.493% Params, 25.17 MMac, 1.630% MACs, in_features=512, out_features=512, bias=True)
          (out_projection): Linear(262.66 k, 2.493% Params, 62.92 MMac, 4.076% MACs, in_features=512, out_features=512, bias=True)
        )
        (conv1): Conv1d(1.05 M, 9.952% Params, 251.66 MMac, 16.304% MACs, 512, 2048, kernel_size=(1,), stride=(1,), bias=False)
        (conv2): Conv1d(1.05 M, 9.952% Params, 251.66 MMac, 16.304% MACs, 2048, 512, kernel_size=(1,), stride=(1,), bias=False)
        (decomp1): series_decomp(
          0, 0.000% Params, 135.17 KMac, 0.009% MACs, 
          (moving_avg): moving_avg(
            0, 0.000% Params, 135.17 KMac, 0.009% MACs, 
            (avg): AvgPool1d(0, 0.000% Params, 135.17 KMac, 0.009% MACs, kernel_size=(25,), stride=(1,), padding=(0,))
          )
        )
        (decomp2): series_decomp(
          0, 0.000% Params, 135.17 KMac, 0.009% MACs, 
          (moving_avg): moving_avg(
            0, 0.000% Params, 135.17 KMac, 0.009% MACs, 
            (avg): AvgPool1d(0, 0.000% Params, 135.17 KMac, 0.009% MACs, kernel_size=(25,), stride=(1,), padding=(0,))
          )
        )
        (decomp3): series_decomp(
          0, 0.000% Params, 135.17 KMac, 0.009% MACs, 
          (moving_avg): moving_avg(
            0, 0.000% Params, 135.17 KMac, 0.009% MACs, 
            (avg): AvgPool1d(0, 0.000% Params, 135.17 KMac, 0.009% MACs, kernel_size=(25,), stride=(1,), padding=(0,))
          )
        )
        (dropout): Dropout(0, 0.000% Params, 0.0 Mac, 0.000% MACs, p=0.05, inplace=False)
        (projection): Conv1d(10.75 k, 0.102% Params, 2.58 MMac, 0.167% MACs, 512, 7, kernel_size=(3,), stride=(1,), padding=(1,), bias=False, padding_mode=circular)
      )
    )
    (norm): my_Layernorm(
      0, 0.000% Params, 0.0 Mac, 0.000% MACs, 
      (layernorm): LayerNorm(0, 0.000% Params, 0.0 Mac, 0.000% MACs, (512,), eps=1e-05, elementwise_affine=True)
    )
    (projection): Linear(3.59 k, 0.034% Params, 860.17 KMac, 0.056% MACs, in_features=512, out_features=7, bias=True)
  )
)
Computational complexity:       1.54 GMac
Number of parameters:           10.54 M 
