Args in experiment:
Namespace(is_training=1, model_id='weather_96_336', model='Autoformer', data='custom', root_path='./dataset/', data_path='weather.csv', features='M', target='OT', freq='h', checkpoints='./checkpoints/', seq_len=96, label_len=48, pred_len=336, individual=False, embed_type=0, enc_in=21, dec_in=21, c_out=21, d_model=512, n_heads=8, e_layers=2, d_layers=1, d_ff=2048, moving_avg=25, factor=3, distil=True, dropout=0.05, embed='timeF', activation='gelu', output_attention=False, do_predict=False, num_workers=10, itr=1, train_epochs=2, batch_size=32, patience=3, learning_rate=0.0001, des='Exp', loss='mse', lradj='type1', use_amp=False, use_gpu=True, gpu=9, use_multi_gpu=False, devices='0,1,2,3', test_flop=True)
Use GPU: cuda:9
>>>>>>>start training : weather_96_336_Autoformer_custom_ftM_sl96_ll48_pl336_dm512_nh8_el2_dl1_df2048_fc3_ebtimeF_dtTrue_Exp_0>>>>>>>>>>>>>>>>>>>>>>>>>>
train 36456
val 4935
test 10204
	iters: 100, epoch: 1 | loss: 0.7433817
	speed: 0.2343s/iter; left time: 510.5774s
	iters: 200, epoch: 1 | loss: 0.6023009
	speed: 0.1093s/iter; left time: 227.2383s
	iters: 300, epoch: 1 | loss: 0.5028607
	speed: 0.1113s/iter; left time: 220.2208s
	iters: 400, epoch: 1 | loss: 0.4879501
	speed: 0.1128s/iter; left time: 211.9291s
	iters: 500, epoch: 1 | loss: 0.4905307
	speed: 0.1123s/iter; left time: 199.8616s
	iters: 600, epoch: 1 | loss: 0.5089022
	speed: 0.1135s/iter; left time: 190.6363s
	iters: 700, epoch: 1 | loss: 0.7263159
	speed: 0.1134s/iter; left time: 179.0967s
	iters: 800, epoch: 1 | loss: 0.4972744
	speed: 0.1125s/iter; left time: 166.4612s
	iters: 900, epoch: 1 | loss: 0.4687193
	speed: 0.1116s/iter; left time: 153.9167s
	iters: 1000, epoch: 1 | loss: 0.4549833
	speed: 0.1149s/iter; left time: 146.9238s
	iters: 1100, epoch: 1 | loss: 0.8168592
	speed: 0.1121s/iter; left time: 132.2012s
Epoch: 1 cost time: 140.42116403579712
Epoch: 1, Steps: 1139 | Train Loss: 0.6584348 Vali Loss: 0.6813115 Test Loss: 0.3727020
Validation loss decreased (inf --> 0.681311).  Saving model ...
Updating learning rate to 0.0001
	iters: 100, epoch: 2 | loss: 0.4868682
	speed: 0.7784s/iter; left time: 809.5276s
	iters: 200, epoch: 2 | loss: 0.8041080
	speed: 0.1078s/iter; left time: 101.3673s
	iters: 300, epoch: 2 | loss: 0.7414967
	speed: 0.1144s/iter; left time: 96.0811s
	iters: 400, epoch: 2 | loss: 0.8104029
	speed: 0.1166s/iter; left time: 86.2968s
	iters: 500, epoch: 2 | loss: 0.7137958
	speed: 0.1149s/iter; left time: 73.5099s
	iters: 600, epoch: 2 | loss: 0.5580472
	speed: 0.1168s/iter; left time: 63.0907s
	iters: 700, epoch: 2 | loss: 1.0426906
	speed: 0.1161s/iter; left time: 51.0886s
	iters: 800, epoch: 2 | loss: 0.7636246
	speed: 0.1185s/iter; left time: 40.2734s
	iters: 900, epoch: 2 | loss: 0.5337000
	speed: 0.1180s/iter; left time: 28.3302s
	iters: 1000, epoch: 2 | loss: 0.4769716
	speed: 0.1172s/iter; left time: 16.4023s
	iters: 1100, epoch: 2 | loss: 0.6939022
	speed: 0.1146s/iter; left time: 4.5847s
Epoch: 2 cost time: 132.89323902130127
Epoch: 2, Steps: 1139 | Train Loss: 0.5881749 Vali Loss: 0.6807725 Test Loss: 0.3867591
Validation loss decreased (0.681311 --> 0.680772).  Saving model ...
Updating learning rate to 5e-05
>>>>>>>testing : weather_96_336_Autoformer_custom_ftM_sl96_ll48_pl336_dm512_nh8_el2_dl1_df2048_fc3_ebtimeF_dtTrue_Exp_0<<<<<<<<<<<<<<<<<<<<<<<<<<<<<<<<<
test 10204
mse:0.38675960898399353, mae:0.4175238311290741
INFO: Trainable parameter count: 0.03M
INFO: Trainable parameter count: 0.03M
INFO: Trainable parameter count: 0.07M
INFO: Trainable parameter count: 0.07M
INFO: Trainable parameter count: 0.33M
INFO: Trainable parameter count: 0.33M
INFO: Trainable parameter count: 0.59M
INFO: Trainable parameter count: 0.59M
INFO: Trainable parameter count: 0.86M
INFO: Trainable parameter count: 0.86M
INFO: Trainable parameter count: 1.12M
INFO: Trainable parameter count: 1.12M
INFO: Trainable parameter count: 2.17M
INFO: Trainable parameter count: 3.22M
INFO: Trainable parameter count: 3.48M
INFO: Trainable parameter count: 3.48M
INFO: Trainable parameter count: 3.74M
INFO: Trainable parameter count: 3.74M
INFO: Trainable parameter count: 4.00M
INFO: Trainable parameter count: 4.00M
INFO: Trainable parameter count: 4.27M
INFO: Trainable parameter count: 4.27M
INFO: Trainable parameter count: 5.32M
INFO: Trainable parameter count: 6.36M
INFO: Trainable parameter count: 6.36M
INFO: Trainable parameter count: 6.37M
INFO: Trainable parameter count: 6.63M
INFO: Trainable parameter count: 6.63M
INFO: Trainable parameter count: 6.89M
INFO: Trainable parameter count: 6.89M
INFO: Trainable parameter count: 7.15M
INFO: Trainable parameter count: 7.15M
INFO: Trainable parameter count: 7.42M
INFO: Trainable parameter count: 7.42M
INFO: Trainable parameter count: 7.68M
INFO: Trainable parameter count: 7.68M
INFO: Trainable parameter count: 7.94M
INFO: Trainable parameter count: 7.94M
INFO: Trainable parameter count: 8.20M
INFO: Trainable parameter count: 8.20M
INFO: Trainable parameter count: 8.47M
INFO: Trainable parameter count: 8.47M
INFO: Trainable parameter count: 9.52M
INFO: Trainable parameter count: 10.56M
INFO: Trainable parameter count: 10.60M
INFO: Trainable parameter count: 10.60M
INFO: Trainable parameter count: 10.60M
INFO: Trainable parameter count: 10.61M
INFO: Trainable parameter count: 10.61M
Model(
  10.61 M, 99.981% Params, 2.1 GMac, 100.000% MACs, 
  (decomp): series_decomp(
    0, 0.000% Params, 2.52 KMac, 0.000% MACs, 
    (moving_avg): moving_avg(
      0, 0.000% Params, 2.52 KMac, 0.000% MACs, 
      (avg): AvgPool1d(0, 0.000% Params, 2.52 KMac, 0.000% MACs, kernel_size=(25,), stride=(1,), padding=(0,))
    )
  )
  (enc_embedding): DataEmbedding_wo_pos(
    34.3 k, 0.323% Params, 3.29 MMac, 0.157% MACs, 
    (value_embedding): TokenEmbedding(
      32.26 k, 0.304% Params, 3.1 MMac, 0.148% MACs, 
      (tokenConv): Conv1d(32.26 k, 0.304% Params, 3.1 MMac, 0.148% MACs, 21, 512, kernel_size=(3,), stride=(1,), padding=(1,), bias=False, padding_mode=circular)
    )
    (position_embedding): PositionalEmbedding(0, 0.000% Params, 0.0 Mac, 0.000% MACs, )
    (temporal_embedding): TimeFeatureEmbedding(
      2.05 k, 0.019% Params, 196.61 KMac, 0.009% MACs, 
      (embed): Linear(2.05 k, 0.019% Params, 196.61 KMac, 0.009% MACs, in_features=4, out_features=512, bias=False)
    )
    (dropout): Dropout(0, 0.000% Params, 0.0 Mac, 0.000% MACs, p=0.05, inplace=False)
  )
  (dec_embedding): DataEmbedding_wo_pos(
    34.3 k, 0.323% Params, 13.17 MMac, 0.628% MACs, 
    (value_embedding): TokenEmbedding(
      32.26 k, 0.304% Params, 12.39 MMac, 0.591% MACs, 
      (tokenConv): Conv1d(32.26 k, 0.304% Params, 12.39 MMac, 0.591% MACs, 21, 512, kernel_size=(3,), stride=(1,), padding=(1,), bias=False, padding_mode=circular)
    )
    (position_embedding): PositionalEmbedding(0, 0.000% Params, 0.0 Mac, 0.000% MACs, )
    (temporal_embedding): TimeFeatureEmbedding(
      2.05 k, 0.019% Params, 786.43 KMac, 0.037% MACs, 
      (embed): Linear(2.05 k, 0.019% Params, 786.43 KMac, 0.037% MACs, in_features=4, out_features=512, bias=False)
    )
    (dropout): Dropout(0, 0.000% Params, 0.0 Mac, 0.000% MACs, p=0.05, inplace=False)
  )
  (encoder): Encoder(
    6.3 M, 59.349% Params, 604.23 MMac, 28.808% MACs, 
    (attn_layers): ModuleList(
      6.3 M, 59.349% Params, 604.23 MMac, 28.808% MACs, 
      (0): EncoderLayer(
        3.15 M, 29.675% Params, 302.11 MMac, 14.404% MACs, 
        (attention): AutoCorrelationLayer(
          1.05 M, 9.904% Params, 100.67 MMac, 4.799% MACs, 
          (inner_correlation): AutoCorrelation(
            0, 0.000% Params, 0.0 Mac, 0.000% MACs, 
            (dropout): Dropout(0, 0.000% Params, 0.0 Mac, 0.000% MACs, p=0.05, inplace=False)
          )
          (query_projection): Linear(262.66 k, 2.476% Params, 25.17 MMac, 1.200% MACs, in_features=512, out_features=512, bias=True)
          (key_projection): Linear(262.66 k, 2.476% Params, 25.17 MMac, 1.200% MACs, in_features=512, out_features=512, bias=True)
          (value_projection): Linear(262.66 k, 2.476% Params, 25.17 MMac, 1.200% MACs, in_features=512, out_features=512, bias=True)
          (out_projection): Linear(262.66 k, 2.476% Params, 25.17 MMac, 1.200% MACs, in_features=512, out_features=512, bias=True)
        )
        (conv1): Conv1d(1.05 M, 9.885% Params, 100.66 MMac, 4.799% MACs, 512, 2048, kernel_size=(1,), stride=(1,), bias=False)
        (conv2): Conv1d(1.05 M, 9.885% Params, 100.66 MMac, 4.799% MACs, 2048, 512, kernel_size=(1,), stride=(1,), bias=False)
        (decomp1): series_decomp(
          0, 0.000% Params, 61.44 KMac, 0.003% MACs, 
          (moving_avg): moving_avg(
            0, 0.000% Params, 61.44 KMac, 0.003% MACs, 
            (avg): AvgPool1d(0, 0.000% Params, 61.44 KMac, 0.003% MACs, kernel_size=(25,), stride=(1,), padding=(0,))
          )
        )
        (decomp2): series_decomp(
          0, 0.000% Params, 61.44 KMac, 0.003% MACs, 
          (moving_avg): moving_avg(
            0, 0.000% Params, 61.44 KMac, 0.003% MACs, 
            (avg): AvgPool1d(0, 0.000% Params, 61.44 KMac, 0.003% MACs, kernel_size=(25,), stride=(1,), padding=(0,))
          )
        )
        (dropout): Dropout(0, 0.000% Params, 0.0 Mac, 0.000% MACs, p=0.05, inplace=False)
      )
      (1): EncoderLayer(
        3.15 M, 29.675% Params, 302.11 MMac, 14.404% MACs, 
        (attention): AutoCorrelationLayer(
          1.05 M, 9.904% Params, 100.67 MMac, 4.799% MACs, 
          (inner_correlation): AutoCorrelation(
            0, 0.000% Params, 0.0 Mac, 0.000% MACs, 
            (dropout): Dropout(0, 0.000% Params, 0.0 Mac, 0.000% MACs, p=0.05, inplace=False)
          )
          (query_projection): Linear(262.66 k, 2.476% Params, 25.17 MMac, 1.200% MACs, in_features=512, out_features=512, bias=True)
          (key_projection): Linear(262.66 k, 2.476% Params, 25.17 MMac, 1.200% MACs, in_features=512, out_features=512, bias=True)
          (value_projection): Linear(262.66 k, 2.476% Params, 25.17 MMac, 1.200% MACs, in_features=512, out_features=512, bias=True)
          (out_projection): Linear(262.66 k, 2.476% Params, 25.17 MMac, 1.200% MACs, in_features=512, out_features=512, bias=True)
        )
        (conv1): Conv1d(1.05 M, 9.885% Params, 100.66 MMac, 4.799% MACs, 512, 2048, kernel_size=(1,), stride=(1,), bias=False)
        (conv2): Conv1d(1.05 M, 9.885% Params, 100.66 MMac, 4.799% MACs, 2048, 512, kernel_size=(1,), stride=(1,), bias=False)
        (decomp1): series_decomp(
          0, 0.000% Params, 61.44 KMac, 0.003% MACs, 
          (moving_avg): moving_avg(
            0, 0.000% Params, 61.44 KMac, 0.003% MACs, 
            (avg): AvgPool1d(0, 0.000% Params, 61.44 KMac, 0.003% MACs, kernel_size=(25,), stride=(1,), padding=(0,))
          )
        )
        (decomp2): series_decomp(
          0, 0.000% Params, 61.44 KMac, 0.003% MACs, 
          (moving_avg): moving_avg(
            0, 0.000% Params, 61.44 KMac, 0.003% MACs, 
            (avg): AvgPool1d(0, 0.000% Params, 61.44 KMac, 0.003% MACs, kernel_size=(25,), stride=(1,), padding=(0,))
          )
        )
        (dropout): Dropout(0, 0.000% Params, 0.0 Mac, 0.000% MACs, p=0.05, inplace=False)
      )
    )
    (norm): my_Layernorm(
      0, 0.000% Params, 0.0 Mac, 0.000% MACs, 
      (layernorm): LayerNorm(0, 0.000% Params, 0.0 Mac, 0.000% MACs, (512,), eps=1e-05, elementwise_affine=True)
    )
  )
  (decoder): Decoder(
    4.24 M, 39.985% Params, 1.48 GMac, 70.407% MACs, 
    (layers): ModuleList(
      4.23 M, 39.883% Params, 1.47 GMac, 70.210% MACs, 
      (0): DecoderLayer(
        4.23 M, 39.883% Params, 1.47 GMac, 70.210% MACs, 
        (self_attention): AutoCorrelationLayer(
          1.05 M, 9.904% Params, 402.66 MMac, 19.197% MACs, 
          (inner_correlation): AutoCorrelation(
            0, 0.000% Params, 0.0 Mac, 0.000% MACs, 
            (dropout): Dropout(0, 0.000% Params, 0.0 Mac, 0.000% MACs, p=0.05, inplace=False)
          )
          (query_projection): Linear(262.66 k, 2.476% Params, 100.66 MMac, 4.799% MACs, in_features=512, out_features=512, bias=True)
          (key_projection): Linear(262.66 k, 2.476% Params, 100.66 MMac, 4.799% MACs, in_features=512, out_features=512, bias=True)
          (value_projection): Linear(262.66 k, 2.476% Params, 100.66 MMac, 4.799% MACs, in_features=512, out_features=512, bias=True)
          (out_projection): Linear(262.66 k, 2.476% Params, 100.66 MMac, 4.799% MACs, in_features=512, out_features=512, bias=True)
        )
        (cross_attention): AutoCorrelationLayer(
          1.05 M, 9.904% Params, 251.66 MMac, 11.998% MACs, 
          (inner_correlation): AutoCorrelation(
            0, 0.000% Params, 0.0 Mac, 0.000% MACs, 
            (dropout): Dropout(0, 0.000% Params, 0.0 Mac, 0.000% MACs, p=0.05, inplace=False)
          )
          (query_projection): Linear(262.66 k, 2.476% Params, 100.66 MMac, 4.799% MACs, in_features=512, out_features=512, bias=True)
          (key_projection): Linear(262.66 k, 2.476% Params, 25.17 MMac, 1.200% MACs, in_features=512, out_features=512, bias=True)
          (value_projection): Linear(262.66 k, 2.476% Params, 25.17 MMac, 1.200% MACs, in_features=512, out_features=512, bias=True)
          (out_projection): Linear(262.66 k, 2.476% Params, 100.66 MMac, 4.799% MACs, in_features=512, out_features=512, bias=True)
        )
        (conv1): Conv1d(1.05 M, 9.885% Params, 402.65 MMac, 19.197% MACs, 512, 2048, kernel_size=(1,), stride=(1,), bias=False)
        (conv2): Conv1d(1.05 M, 9.885% Params, 402.65 MMac, 19.197% MACs, 2048, 512, kernel_size=(1,), stride=(1,), bias=False)
        (decomp1): series_decomp(
          0, 0.000% Params, 208.9 KMac, 0.010% MACs, 
          (moving_avg): moving_avg(
            0, 0.000% Params, 208.9 KMac, 0.010% MACs, 
            (avg): AvgPool1d(0, 0.000% Params, 208.9 KMac, 0.010% MACs, kernel_size=(25,), stride=(1,), padding=(0,))
          )
        )
        (decomp2): series_decomp(
          0, 0.000% Params, 208.9 KMac, 0.010% MACs, 
          (moving_avg): moving_avg(
            0, 0.000% Params, 208.9 KMac, 0.010% MACs, 
            (avg): AvgPool1d(0, 0.000% Params, 208.9 KMac, 0.010% MACs, kernel_size=(25,), stride=(1,), padding=(0,))
          )
        )
        (decomp3): series_decomp(
          0, 0.000% Params, 208.9 KMac, 0.010% MACs, 
          (moving_avg): moving_avg(
            0, 0.000% Params, 208.9 KMac, 0.010% MACs, 
            (avg): AvgPool1d(0, 0.000% Params, 208.9 KMac, 0.010% MACs, kernel_size=(25,), stride=(1,), padding=(0,))
          )
        )
        (dropout): Dropout(0, 0.000% Params, 0.0 Mac, 0.000% MACs, p=0.05, inplace=False)
        (projection): Conv1d(32.26 k, 0.304% Params, 12.39 MMac, 0.591% MACs, 512, 21, kernel_size=(3,), stride=(1,), padding=(1,), bias=False, padding_mode=circular)
      )
    )
    (norm): my_Layernorm(
      0, 0.000% Params, 0.0 Mac, 0.000% MACs, 
      (layernorm): LayerNorm(0, 0.000% Params, 0.0 Mac, 0.000% MACs, (512,), eps=1e-05, elementwise_affine=True)
    )
    (projection): Linear(10.77 k, 0.102% Params, 4.13 MMac, 0.197% MACs, in_features=512, out_features=21, bias=True)
  )
)
Computational complexity:       2.1 GMac
Number of parameters:           10.61 M 
