Args in experiment:
Namespace(is_training=1, model_id='ETTh1_96_720', model='Autoformer', data='ETTh1', root_path='./dataset/', data_path='ETTh1.csv', features='M', target='OT', freq='h', checkpoints='./checkpoints/', seq_len=96, label_len=48, pred_len=720, individual=False, embed_type=0, enc_in=7, dec_in=7, c_out=7, d_model=512, n_heads=8, e_layers=2, d_layers=1, d_ff=2048, moving_avg=25, factor=3, distil=True, dropout=0.05, embed='timeF', activation='gelu', output_attention=False, do_predict=False, num_workers=10, itr=1, train_epochs=10, batch_size=32, patience=3, learning_rate=0.0001, des='Exp', loss='mse', lradj='type1', use_amp=False, use_gpu=True, gpu=2, use_multi_gpu=False, devices='0,1,2,3', test_flop=True)
Use GPU: cuda:2
>>>>>>>start training : ETTh1_96_720_Autoformer_ETTh1_ftM_sl96_ll48_pl720_dm512_nh8_el2_dl1_df2048_fc3_ebtimeF_dtTrue_Exp_0>>>>>>>>>>>>>>>>>>>>>>>>>>
train 7825
val 2161
test 2161
	iters: 100, epoch: 1 | loss: 0.7010691
	speed: 0.3105s/iter; left time: 726.8088s
	iters: 200, epoch: 1 | loss: 0.5526255
	speed: 0.1843s/iter; left time: 413.1100s
Epoch: 1 cost time: 57.726089000701904
Epoch: 1, Steps: 244 | Train Loss: 0.6454456 Vali Loss: 1.6433935 Test Loss: 0.5232013
Validation loss decreased (inf --> 1.643394).  Saving model ...
Updating learning rate to 0.0001
	iters: 100, epoch: 2 | loss: 0.6054417
	speed: 0.5692s/iter; left time: 1193.5212s
	iters: 200, epoch: 2 | loss: 0.5628378
	speed: 0.1900s/iter; left time: 379.4124s
Epoch: 2 cost time: 48.04030251502991
Epoch: 2, Steps: 244 | Train Loss: 0.5794336 Vali Loss: 1.6544300 Test Loss: 0.5260454
EarlyStopping counter: 1 out of 3
Updating learning rate to 5e-05
	iters: 100, epoch: 3 | loss: 0.5346555
	speed: 0.5845s/iter; left time: 1083.0851s
	iters: 200, epoch: 3 | loss: 0.5315356
	speed: 0.1827s/iter; left time: 320.2779s
Epoch: 3 cost time: 47.33112549781799
Epoch: 3, Steps: 244 | Train Loss: 0.5288211 Vali Loss: 1.6770481 Test Loss: 0.5651601
EarlyStopping counter: 2 out of 3
Updating learning rate to 2.5e-05
	iters: 100, epoch: 4 | loss: 0.4634047
	speed: 0.5747s/iter; left time: 924.6946s
	iters: 200, epoch: 4 | loss: 0.4344945
	speed: 0.1871s/iter; left time: 282.3848s
Epoch: 4 cost time: 48.157567739486694
Epoch: 4, Steps: 244 | Train Loss: 0.4791421 Vali Loss: 1.6891503 Test Loss: 0.5789107
EarlyStopping counter: 3 out of 3
Early stopping
>>>>>>>testing : ETTh1_96_720_Autoformer_ETTh1_ftM_sl96_ll48_pl720_dm512_nh8_el2_dl1_df2048_fc3_ebtimeF_dtTrue_Exp_0<<<<<<<<<<<<<<<<<<<<<<<<<<<<<<<<<
test 2161
mse:0.5232012867927551, mae:0.512846827507019
INFO: Trainable parameter count: 0.01M
INFO: Trainable parameter count: 0.01M
INFO: Trainable parameter count: 0.02M
INFO: Trainable parameter count: 0.03M
INFO: Trainable parameter count: 0.29M
INFO: Trainable parameter count: 0.29M
INFO: Trainable parameter count: 0.55M
INFO: Trainable parameter count: 0.55M
INFO: Trainable parameter count: 0.81M
INFO: Trainable parameter count: 0.81M
INFO: Trainable parameter count: 1.08M
INFO: Trainable parameter count: 1.08M
INFO: Trainable parameter count: 2.12M
INFO: Trainable parameter count: 3.17M
INFO: Trainable parameter count: 3.44M
INFO: Trainable parameter count: 3.44M
INFO: Trainable parameter count: 3.70M
INFO: Trainable parameter count: 3.70M
INFO: Trainable parameter count: 3.96M
INFO: Trainable parameter count: 3.96M
INFO: Trainable parameter count: 4.22M
INFO: Trainable parameter count: 4.22M
INFO: Trainable parameter count: 5.27M
INFO: Trainable parameter count: 6.32M
INFO: Trainable parameter count: 6.32M
INFO: Trainable parameter count: 6.32M
INFO: Trainable parameter count: 6.58M
INFO: Trainable parameter count: 6.58M
INFO: Trainable parameter count: 6.85M
INFO: Trainable parameter count: 6.85M
INFO: Trainable parameter count: 7.11M
INFO: Trainable parameter count: 7.11M
INFO: Trainable parameter count: 7.37M
INFO: Trainable parameter count: 7.37M
INFO: Trainable parameter count: 7.63M
INFO: Trainable parameter count: 7.64M
INFO: Trainable parameter count: 7.90M
INFO: Trainable parameter count: 7.90M
INFO: Trainable parameter count: 8.16M
INFO: Trainable parameter count: 8.16M
INFO: Trainable parameter count: 8.42M
INFO: Trainable parameter count: 8.42M
INFO: Trainable parameter count: 9.47M
INFO: Trainable parameter count: 10.52M
INFO: Trainable parameter count: 10.53M
INFO: Trainable parameter count: 10.53M
INFO: Trainable parameter count: 10.53M
INFO: Trainable parameter count: 10.54M
INFO: Trainable parameter count: 10.54M
Model(
  10.53 M, 99.981% Params, 3.5 GMac, 100.000% MACs, 
  (decomp): series_decomp(
    0, 0.000% Params, 840.0 Mac, 0.000% MACs, 
    (moving_avg): moving_avg(
      0, 0.000% Params, 840.0 Mac, 0.000% MACs, 
      (avg): AvgPool1d(0, 0.000% Params, 840.0 Mac, 0.000% MACs, kernel_size=(25,), stride=(1,), padding=(0,))
    )
  )
  (enc_embedding): DataEmbedding_wo_pos(
    12.8 k, 0.121% Params, 1.23 MMac, 0.035% MACs, 
    (value_embedding): TokenEmbedding(
      10.75 k, 0.102% Params, 1.03 MMac, 0.030% MACs, 
      (tokenConv): Conv1d(10.75 k, 0.102% Params, 1.03 MMac, 0.030% MACs, 7, 512, kernel_size=(3,), stride=(1,), padding=(1,), bias=False, padding_mode=circular)
    )
    (position_embedding): PositionalEmbedding(0, 0.000% Params, 0.0 Mac, 0.000% MACs, )
    (temporal_embedding): TimeFeatureEmbedding(
      2.05 k, 0.019% Params, 196.61 KMac, 0.006% MACs, 
      (embed): Linear(2.05 k, 0.019% Params, 196.61 KMac, 0.006% MACs, in_features=4, out_features=512, bias=False)
    )
    (dropout): Dropout(0, 0.000% Params, 0.0 Mac, 0.000% MACs, p=0.05, inplace=False)
  )
  (dec_embedding): DataEmbedding_wo_pos(
    12.8 k, 0.121% Params, 9.83 MMac, 0.281% MACs, 
    (value_embedding): TokenEmbedding(
      10.75 k, 0.102% Params, 8.26 MMac, 0.236% MACs, 
      (tokenConv): Conv1d(10.75 k, 0.102% Params, 8.26 MMac, 0.236% MACs, 7, 512, kernel_size=(3,), stride=(1,), padding=(1,), bias=False, padding_mode=circular)
    )
    (position_embedding): PositionalEmbedding(0, 0.000% Params, 0.0 Mac, 0.000% MACs, )
    (temporal_embedding): TimeFeatureEmbedding(
      2.05 k, 0.019% Params, 1.57 MMac, 0.045% MACs, 
      (embed): Linear(2.05 k, 0.019% Params, 1.57 MMac, 0.045% MACs, in_features=4, out_features=512, bias=False)
    )
    (dropout): Dropout(0, 0.000% Params, 0.0 Mac, 0.000% MACs, p=0.05, inplace=False)
  )
  (encoder): Encoder(
    6.3 M, 59.753% Params, 604.23 MMac, 17.281% MACs, 
    (attn_layers): ModuleList(
      6.3 M, 59.753% Params, 604.23 MMac, 17.281% MACs, 
      (0): EncoderLayer(
        3.15 M, 29.877% Params, 302.11 MMac, 8.641% MACs, 
        (attention): AutoCorrelationLayer(
          1.05 M, 9.972% Params, 100.67 MMac, 2.879% MACs, 
          (inner_correlation): AutoCorrelation(
            0, 0.000% Params, 0.0 Mac, 0.000% MACs, 
            (dropout): Dropout(0, 0.000% Params, 0.0 Mac, 0.000% MACs, p=0.05, inplace=False)
          )
          (query_projection): Linear(262.66 k, 2.493% Params, 25.17 MMac, 0.720% MACs, in_features=512, out_features=512, bias=True)
          (key_projection): Linear(262.66 k, 2.493% Params, 25.17 MMac, 0.720% MACs, in_features=512, out_features=512, bias=True)
          (value_projection): Linear(262.66 k, 2.493% Params, 25.17 MMac, 0.720% MACs, in_features=512, out_features=512, bias=True)
          (out_projection): Linear(262.66 k, 2.493% Params, 25.17 MMac, 0.720% MACs, in_features=512, out_features=512, bias=True)
        )
        (conv1): Conv1d(1.05 M, 9.952% Params, 100.66 MMac, 2.879% MACs, 512, 2048, kernel_size=(1,), stride=(1,), bias=False)
        (conv2): Conv1d(1.05 M, 9.952% Params, 100.66 MMac, 2.879% MACs, 2048, 512, kernel_size=(1,), stride=(1,), bias=False)
        (decomp1): series_decomp(
          0, 0.000% Params, 61.44 KMac, 0.002% MACs, 
          (moving_avg): moving_avg(
            0, 0.000% Params, 61.44 KMac, 0.002% MACs, 
            (avg): AvgPool1d(0, 0.000% Params, 61.44 KMac, 0.002% MACs, kernel_size=(25,), stride=(1,), padding=(0,))
          )
        )
        (decomp2): series_decomp(
          0, 0.000% Params, 61.44 KMac, 0.002% MACs, 
          (moving_avg): moving_avg(
            0, 0.000% Params, 61.44 KMac, 0.002% MACs, 
            (avg): AvgPool1d(0, 0.000% Params, 61.44 KMac, 0.002% MACs, kernel_size=(25,), stride=(1,), padding=(0,))
          )
        )
        (dropout): Dropout(0, 0.000% Params, 0.0 Mac, 0.000% MACs, p=0.05, inplace=False)
      )
      (1): EncoderLayer(
        3.15 M, 29.877% Params, 302.11 MMac, 8.641% MACs, 
        (attention): AutoCorrelationLayer(
          1.05 M, 9.972% Params, 100.67 MMac, 2.879% MACs, 
          (inner_correlation): AutoCorrelation(
            0, 0.000% Params, 0.0 Mac, 0.000% MACs, 
            (dropout): Dropout(0, 0.000% Params, 0.0 Mac, 0.000% MACs, p=0.05, inplace=False)
          )
          (query_projection): Linear(262.66 k, 2.493% Params, 25.17 MMac, 0.720% MACs, in_features=512, out_features=512, bias=True)
          (key_projection): Linear(262.66 k, 2.493% Params, 25.17 MMac, 0.720% MACs, in_features=512, out_features=512, bias=True)
          (value_projection): Linear(262.66 k, 2.493% Params, 25.17 MMac, 0.720% MACs, in_features=512, out_features=512, bias=True)
          (out_projection): Linear(262.66 k, 2.493% Params, 25.17 MMac, 0.720% MACs, in_features=512, out_features=512, bias=True)
        )
        (conv1): Conv1d(1.05 M, 9.952% Params, 100.66 MMac, 2.879% MACs, 512, 2048, kernel_size=(1,), stride=(1,), bias=False)
        (conv2): Conv1d(1.05 M, 9.952% Params, 100.66 MMac, 2.879% MACs, 2048, 512, kernel_size=(1,), stride=(1,), bias=False)
        (decomp1): series_decomp(
          0, 0.000% Params, 61.44 KMac, 0.002% MACs, 
          (moving_avg): moving_avg(
            0, 0.000% Params, 61.44 KMac, 0.002% MACs, 
            (avg): AvgPool1d(0, 0.000% Params, 61.44 KMac, 0.002% MACs, kernel_size=(25,), stride=(1,), padding=(0,))
          )
        )
        (decomp2): series_decomp(
          0, 0.000% Params, 61.44 KMac, 0.002% MACs, 
          (moving_avg): moving_avg(
            0, 0.000% Params, 61.44 KMac, 0.002% MACs, 
            (avg): AvgPool1d(0, 0.000% Params, 61.44 KMac, 0.002% MACs, kernel_size=(25,), stride=(1,), padding=(0,))
          )
        )
        (dropout): Dropout(0, 0.000% Params, 0.0 Mac, 0.000% MACs, p=0.05, inplace=False)
      )
    )
    (norm): my_Layernorm(
      0, 0.000% Params, 0.0 Mac, 0.000% MACs, 
      (layernorm): LayerNorm(0, 0.000% Params, 0.0 Mac, 0.000% MACs, (512,), eps=1e-05, elementwise_affine=True)
    )
  )
  (decoder): Decoder(
    4.21 M, 39.984% Params, 2.88 GMac, 82.402% MACs, 
    (layers): ModuleList(
      4.21 M, 39.950% Params, 2.88 GMac, 82.324% MACs, 
      (0): DecoderLayer(
        4.21 M, 39.950% Params, 2.88 GMac, 82.324% MACs, 
        (self_attention): AutoCorrelationLayer(
          1.05 M, 9.972% Params, 805.31 MMac, 23.032% MACs, 
          (inner_correlation): AutoCorrelation(
            0, 0.000% Params, 0.0 Mac, 0.000% MACs, 
            (dropout): Dropout(0, 0.000% Params, 0.0 Mac, 0.000% MACs, p=0.05, inplace=False)
          )
          (query_projection): Linear(262.66 k, 2.493% Params, 201.33 MMac, 5.758% MACs, in_features=512, out_features=512, bias=True)
          (key_projection): Linear(262.66 k, 2.493% Params, 201.33 MMac, 5.758% MACs, in_features=512, out_features=512, bias=True)
          (value_projection): Linear(262.66 k, 2.493% Params, 201.33 MMac, 5.758% MACs, in_features=512, out_features=512, bias=True)
          (out_projection): Linear(262.66 k, 2.493% Params, 201.33 MMac, 5.758% MACs, in_features=512, out_features=512, bias=True)
        )
        (cross_attention): AutoCorrelationLayer(
          1.05 M, 9.972% Params, 452.99 MMac, 12.956% MACs, 
          (inner_correlation): AutoCorrelation(
            0, 0.000% Params, 0.0 Mac, 0.000% MACs, 
            (dropout): Dropout(0, 0.000% Params, 0.0 Mac, 0.000% MACs, p=0.05, inplace=False)
          )
          (query_projection): Linear(262.66 k, 2.493% Params, 201.33 MMac, 5.758% MACs, in_features=512, out_features=512, bias=True)
          (key_projection): Linear(262.66 k, 2.493% Params, 25.17 MMac, 0.720% MACs, in_features=512, out_features=512, bias=True)
          (value_projection): Linear(262.66 k, 2.493% Params, 25.17 MMac, 0.720% MACs, in_features=512, out_features=512, bias=True)
          (out_projection): Linear(262.66 k, 2.493% Params, 201.33 MMac, 5.758% MACs, in_features=512, out_features=512, bias=True)
        )
        (conv1): Conv1d(1.05 M, 9.952% Params, 805.31 MMac, 23.032% MACs, 512, 2048, kernel_size=(1,), stride=(1,), bias=False)
        (conv2): Conv1d(1.05 M, 9.952% Params, 805.31 MMac, 23.032% MACs, 2048, 512, kernel_size=(1,), stride=(1,), bias=False)
        (decomp1): series_decomp(
          0, 0.000% Params, 405.5 KMac, 0.012% MACs, 
          (moving_avg): moving_avg(
            0, 0.000% Params, 405.5 KMac, 0.012% MACs, 
            (avg): AvgPool1d(0, 0.000% Params, 405.5 KMac, 0.012% MACs, kernel_size=(25,), stride=(1,), padding=(0,))
          )
        )
        (decomp2): series_decomp(
          0, 0.000% Params, 405.5 KMac, 0.012% MACs, 
          (moving_avg): moving_avg(
            0, 0.000% Params, 405.5 KMac, 0.012% MACs, 
            (avg): AvgPool1d(0, 0.000% Params, 405.5 KMac, 0.012% MACs, kernel_size=(25,), stride=(1,), padding=(0,))
          )
        )
        (decomp3): series_decomp(
          0, 0.000% Params, 405.5 KMac, 0.012% MACs, 
          (moving_avg): moving_avg(
            0, 0.000% Params, 405.5 KMac, 0.012% MACs, 
            (avg): AvgPool1d(0, 0.000% Params, 405.5 KMac, 0.012% MACs, kernel_size=(25,), stride=(1,), padding=(0,))
          )
        )
        (dropout): Dropout(0, 0.000% Params, 0.0 Mac, 0.000% MACs, p=0.05, inplace=False)
        (projection): Conv1d(10.75 k, 0.102% Params, 8.26 MMac, 0.236% MACs, 512, 7, kernel_size=(3,), stride=(1,), padding=(1,), bias=False, padding_mode=circular)
      )
    )
    (norm): my_Layernorm(
      0, 0.000% Params, 0.0 Mac, 0.000% MACs, 
      (layernorm): LayerNorm(0, 0.000% Params, 0.0 Mac, 0.000% MACs, (512,), eps=1e-05, elementwise_affine=True)
    )
    (projection): Linear(3.59 k, 0.034% Params, 2.75 MMac, 0.079% MACs, in_features=512, out_features=7, bias=True)
  )
)
Computational complexity:       3.5 GMac
Number of parameters:           10.54 M 
