Args in experiment:
Namespace(is_training=1, model_id='ETTm1_96_720', model='Autoformer', data='ETTm1', root_path='./dataset/', data_path='ETTm1.csv', features='M', target='OT', freq='h', checkpoints='./checkpoints/', seq_len=96, label_len=48, pred_len=720, individual=False, embed_type=0, enc_in=7, dec_in=7, c_out=7, d_model=512, n_heads=8, e_layers=2, d_layers=1, d_ff=2048, moving_avg=25, factor=3, distil=True, dropout=0.05, embed='timeF', activation='gelu', output_attention=False, do_predict=False, num_workers=10, itr=1, train_epochs=10, batch_size=32, patience=3, learning_rate=0.0001, des='Exp', loss='mse', lradj='type1', use_amp=False, use_gpu=True, gpu=4, use_multi_gpu=False, devices='0,1,2,3', test_flop=True)
Use GPU: cuda:4
>>>>>>>start training : ETTm1_96_720_Autoformer_ETTm1_ftM_sl96_ll48_pl720_dm512_nh8_el2_dl1_df2048_fc3_ebtimeF_dtTrue_Exp_0>>>>>>>>>>>>>>>>>>>>>>>>>>
train 33745
val 10801
test 10801
	iters: 100, epoch: 1 | loss: 0.4560542
	speed: 0.3344s/iter; left time: 3491.7104s
	iters: 200, epoch: 1 | loss: 0.4575939
	speed: 0.1853s/iter; left time: 1915.6918s
	iters: 300, epoch: 1 | loss: 0.4824814
	speed: 0.1841s/iter; left time: 1884.8625s
	iters: 400, epoch: 1 | loss: 0.5113508
	speed: 0.1850s/iter; left time: 1876.1999s
	iters: 500, epoch: 1 | loss: 0.4234472
	speed: 0.1841s/iter; left time: 1848.4574s
	iters: 600, epoch: 1 | loss: 0.5049270
	speed: 0.1845s/iter; left time: 1834.4997s
	iters: 700, epoch: 1 | loss: 0.4808617
	speed: 0.1854s/iter; left time: 1824.7185s
	iters: 800, epoch: 1 | loss: 0.5107893
	speed: 0.1854s/iter; left time: 1806.0540s
	iters: 900, epoch: 1 | loss: 0.4481234
	speed: 0.1875s/iter; left time: 1807.5396s
	iters: 1000, epoch: 1 | loss: 0.5114765
	speed: 0.1857s/iter; left time: 1772.0679s
Epoch: 1 cost time: 210.11917114257812
Epoch: 1, Steps: 1054 | Train Loss: 0.4925304 Vali Loss: 1.2532449 Test Loss: 0.7063777
Validation loss decreased (inf --> 1.253245).  Saving model ...
Updating learning rate to 0.0001
	iters: 100, epoch: 2 | loss: 0.4411054
	speed: 1.5297s/iter; left time: 14359.4403s
	iters: 200, epoch: 2 | loss: 0.4744988
	speed: 0.1877s/iter; left time: 1743.1897s
	iters: 300, epoch: 2 | loss: 0.3744084
	speed: 0.1892s/iter; left time: 1738.1712s
	iters: 400, epoch: 2 | loss: 0.5126569
	speed: 0.1855s/iter; left time: 1685.9100s
	iters: 500, epoch: 2 | loss: 0.4556858
	speed: 0.1927s/iter; left time: 1731.7881s
	iters: 600, epoch: 2 | loss: 0.4035623
	speed: 0.1828s/iter; left time: 1624.2763s
	iters: 700, epoch: 2 | loss: 0.4238356
	speed: 0.1809s/iter; left time: 1589.4372s
	iters: 800, epoch: 2 | loss: 0.3983680
	speed: 0.1844s/iter; left time: 1601.4879s
	iters: 900, epoch: 2 | loss: 0.4943812
	speed: 0.1841s/iter; left time: 1580.8408s
	iters: 1000, epoch: 2 | loss: 0.4569409
	speed: 0.1837s/iter; left time: 1558.6822s
Epoch: 2 cost time: 197.6949450969696
Epoch: 2, Steps: 1054 | Train Loss: 0.4354736 Vali Loss: 1.2660000 Test Loss: 0.7983167
EarlyStopping counter: 1 out of 3
Updating learning rate to 5e-05
	iters: 100, epoch: 3 | loss: 0.4096364
	speed: 1.5152s/iter; left time: 12626.4350s
	iters: 200, epoch: 3 | loss: 0.4759140
	speed: 0.1829s/iter; left time: 1505.9860s
	iters: 300, epoch: 3 | loss: 0.3809978
	speed: 0.1838s/iter; left time: 1494.4762s
	iters: 400, epoch: 3 | loss: 0.3972934
	speed: 0.1922s/iter; left time: 1544.2081s
	iters: 500, epoch: 3 | loss: 0.4207487
	speed: 0.1832s/iter; left time: 1453.1860s
	iters: 600, epoch: 3 | loss: 0.3685594
	speed: 0.1895s/iter; left time: 1483.9694s
	iters: 700, epoch: 3 | loss: 0.4094551
	speed: 0.1835s/iter; left time: 1419.0765s
	iters: 800, epoch: 3 | loss: 0.4166604
	speed: 0.1838s/iter; left time: 1403.2962s
	iters: 900, epoch: 3 | loss: 0.3942773
	speed: 0.1860s/iter; left time: 1400.7711s
	iters: 1000, epoch: 3 | loss: 0.4061305
	speed: 0.1859s/iter; left time: 1381.5990s
Epoch: 3 cost time: 197.99246668815613
Epoch: 3, Steps: 1054 | Train Loss: 0.3984710 Vali Loss: 1.3125150 Test Loss: 0.8598584
EarlyStopping counter: 2 out of 3
Updating learning rate to 2.5e-05
	iters: 100, epoch: 4 | loss: 0.3520883
	speed: 1.4956s/iter; left time: 10886.5749s
	iters: 200, epoch: 4 | loss: 0.4200848
	speed: 0.1827s/iter; left time: 1311.4576s
	iters: 300, epoch: 4 | loss: 0.3441046
	speed: 0.1837s/iter; left time: 1300.4925s
	iters: 400, epoch: 4 | loss: 0.3723435
	speed: 0.1852s/iter; left time: 1292.2357s
	iters: 500, epoch: 4 | loss: 0.3553925
	speed: 0.1834s/iter; left time: 1261.2882s
	iters: 600, epoch: 4 | loss: 0.3466822
	speed: 0.1873s/iter; left time: 1269.7667s
	iters: 700, epoch: 4 | loss: 0.3648153
	speed: 0.1863s/iter; left time: 1244.4037s
	iters: 800, epoch: 4 | loss: 0.4471188
	speed: 0.1789s/iter; left time: 1176.7243s
	iters: 900, epoch: 4 | loss: 0.3983116
	speed: 0.1840s/iter; left time: 1192.1752s
	iters: 1000, epoch: 4 | loss: 0.3975889
	speed: 0.1850s/iter; left time: 1180.4215s
Epoch: 4 cost time: 195.81362342834473
Epoch: 4, Steps: 1054 | Train Loss: 0.3783850 Vali Loss: 1.2878054 Test Loss: 0.8419833
EarlyStopping counter: 3 out of 3
Early stopping
>>>>>>>testing : ETTm1_96_720_Autoformer_ETTm1_ftM_sl96_ll48_pl720_dm512_nh8_el2_dl1_df2048_fc3_ebtimeF_dtTrue_Exp_0<<<<<<<<<<<<<<<<<<<<<<<<<<<<<<<<<
test 10801
mse:0.7063771486282349, mae:0.573216438293457
INFO: Trainable parameter count: 0.01M
INFO: Trainable parameter count: 0.01M
INFO: Trainable parameter count: 0.02M
INFO: Trainable parameter count: 0.03M
INFO: Trainable parameter count: 0.29M
INFO: Trainable parameter count: 0.29M
INFO: Trainable parameter count: 0.55M
INFO: Trainable parameter count: 0.55M
INFO: Trainable parameter count: 0.81M
INFO: Trainable parameter count: 0.81M
INFO: Trainable parameter count: 1.08M
INFO: Trainable parameter count: 1.08M
INFO: Trainable parameter count: 2.12M
INFO: Trainable parameter count: 3.17M
INFO: Trainable parameter count: 3.44M
INFO: Trainable parameter count: 3.44M
INFO: Trainable parameter count: 3.70M
INFO: Trainable parameter count: 3.70M
INFO: Trainable parameter count: 3.96M
INFO: Trainable parameter count: 3.96M
INFO: Trainable parameter count: 4.22M
INFO: Trainable parameter count: 4.22M
INFO: Trainable parameter count: 5.27M
INFO: Trainable parameter count: 6.32M
INFO: Trainable parameter count: 6.32M
INFO: Trainable parameter count: 6.32M
INFO: Trainable parameter count: 6.58M
INFO: Trainable parameter count: 6.58M
INFO: Trainable parameter count: 6.85M
INFO: Trainable parameter count: 6.85M
INFO: Trainable parameter count: 7.11M
INFO: Trainable parameter count: 7.11M
INFO: Trainable parameter count: 7.37M
INFO: Trainable parameter count: 7.37M
INFO: Trainable parameter count: 7.63M
INFO: Trainable parameter count: 7.64M
INFO: Trainable parameter count: 7.90M
INFO: Trainable parameter count: 7.90M
INFO: Trainable parameter count: 8.16M
INFO: Trainable parameter count: 8.16M
INFO: Trainable parameter count: 8.42M
INFO: Trainable parameter count: 8.42M
INFO: Trainable parameter count: 9.47M
INFO: Trainable parameter count: 10.52M
INFO: Trainable parameter count: 10.53M
INFO: Trainable parameter count: 10.53M
INFO: Trainable parameter count: 10.53M
INFO: Trainable parameter count: 10.54M
INFO: Trainable parameter count: 10.54M
Model(
  10.53 M, 99.981% Params, 3.5 GMac, 100.000% MACs, 
  (decomp): series_decomp(
    0, 0.000% Params, 840.0 Mac, 0.000% MACs, 
    (moving_avg): moving_avg(
      0, 0.000% Params, 840.0 Mac, 0.000% MACs, 
      (avg): AvgPool1d(0, 0.000% Params, 840.0 Mac, 0.000% MACs, kernel_size=(25,), stride=(1,), padding=(0,))
    )
  )
  (enc_embedding): DataEmbedding_wo_pos(
    12.8 k, 0.121% Params, 1.23 MMac, 0.035% MACs, 
    (value_embedding): TokenEmbedding(
      10.75 k, 0.102% Params, 1.03 MMac, 0.030% MACs, 
      (tokenConv): Conv1d(10.75 k, 0.102% Params, 1.03 MMac, 0.030% MACs, 7, 512, kernel_size=(3,), stride=(1,), padding=(1,), bias=False, padding_mode=circular)
    )
    (position_embedding): PositionalEmbedding(0, 0.000% Params, 0.0 Mac, 0.000% MACs, )
    (temporal_embedding): TimeFeatureEmbedding(
      2.05 k, 0.019% Params, 196.61 KMac, 0.006% MACs, 
      (embed): Linear(2.05 k, 0.019% Params, 196.61 KMac, 0.006% MACs, in_features=4, out_features=512, bias=False)
    )
    (dropout): Dropout(0, 0.000% Params, 0.0 Mac, 0.000% MACs, p=0.05, inplace=False)
  )
  (dec_embedding): DataEmbedding_wo_pos(
    12.8 k, 0.121% Params, 9.83 MMac, 0.281% MACs, 
    (value_embedding): TokenEmbedding(
      10.75 k, 0.102% Params, 8.26 MMac, 0.236% MACs, 
      (tokenConv): Conv1d(10.75 k, 0.102% Params, 8.26 MMac, 0.236% MACs, 7, 512, kernel_size=(3,), stride=(1,), padding=(1,), bias=False, padding_mode=circular)
    )
    (position_embedding): PositionalEmbedding(0, 0.000% Params, 0.0 Mac, 0.000% MACs, )
    (temporal_embedding): TimeFeatureEmbedding(
      2.05 k, 0.019% Params, 1.57 MMac, 0.045% MACs, 
      (embed): Linear(2.05 k, 0.019% Params, 1.57 MMac, 0.045% MACs, in_features=4, out_features=512, bias=False)
    )
    (dropout): Dropout(0, 0.000% Params, 0.0 Mac, 0.000% MACs, p=0.05, inplace=False)
  )
  (encoder): Encoder(
    6.3 M, 59.753% Params, 604.23 MMac, 17.281% MACs, 
    (attn_layers): ModuleList(
      6.3 M, 59.753% Params, 604.23 MMac, 17.281% MACs, 
      (0): EncoderLayer(
        3.15 M, 29.877% Params, 302.11 MMac, 8.641% MACs, 
        (attention): AutoCorrelationLayer(
          1.05 M, 9.972% Params, 100.67 MMac, 2.879% MACs, 
          (inner_correlation): AutoCorrelation(
            0, 0.000% Params, 0.0 Mac, 0.000% MACs, 
            (dropout): Dropout(0, 0.000% Params, 0.0 Mac, 0.000% MACs, p=0.05, inplace=False)
          )
          (query_projection): Linear(262.66 k, 2.493% Params, 25.17 MMac, 0.720% MACs, in_features=512, out_features=512, bias=True)
          (key_projection): Linear(262.66 k, 2.493% Params, 25.17 MMac, 0.720% MACs, in_features=512, out_features=512, bias=True)
          (value_projection): Linear(262.66 k, 2.493% Params, 25.17 MMac, 0.720% MACs, in_features=512, out_features=512, bias=True)
          (out_projection): Linear(262.66 k, 2.493% Params, 25.17 MMac, 0.720% MACs, in_features=512, out_features=512, bias=True)
        )
        (conv1): Conv1d(1.05 M, 9.952% Params, 100.66 MMac, 2.879% MACs, 512, 2048, kernel_size=(1,), stride=(1,), bias=False)
        (conv2): Conv1d(1.05 M, 9.952% Params, 100.66 MMac, 2.879% MACs, 2048, 512, kernel_size=(1,), stride=(1,), bias=False)
        (decomp1): series_decomp(
          0, 0.000% Params, 61.44 KMac, 0.002% MACs, 
          (moving_avg): moving_avg(
            0, 0.000% Params, 61.44 KMac, 0.002% MACs, 
            (avg): AvgPool1d(0, 0.000% Params, 61.44 KMac, 0.002% MACs, kernel_size=(25,), stride=(1,), padding=(0,))
          )
        )
        (decomp2): series_decomp(
          0, 0.000% Params, 61.44 KMac, 0.002% MACs, 
          (moving_avg): moving_avg(
            0, 0.000% Params, 61.44 KMac, 0.002% MACs, 
            (avg): AvgPool1d(0, 0.000% Params, 61.44 KMac, 0.002% MACs, kernel_size=(25,), stride=(1,), padding=(0,))
          )
        )
        (dropout): Dropout(0, 0.000% Params, 0.0 Mac, 0.000% MACs, p=0.05, inplace=False)
      )
      (1): EncoderLayer(
        3.15 M, 29.877% Params, 302.11 MMac, 8.641% MACs, 
        (attention): AutoCorrelationLayer(
          1.05 M, 9.972% Params, 100.67 MMac, 2.879% MACs, 
          (inner_correlation): AutoCorrelation(
            0, 0.000% Params, 0.0 Mac, 0.000% MACs, 
            (dropout): Dropout(0, 0.000% Params, 0.0 Mac, 0.000% MACs, p=0.05, inplace=False)
          )
          (query_projection): Linear(262.66 k, 2.493% Params, 25.17 MMac, 0.720% MACs, in_features=512, out_features=512, bias=True)
          (key_projection): Linear(262.66 k, 2.493% Params, 25.17 MMac, 0.720% MACs, in_features=512, out_features=512, bias=True)
          (value_projection): Linear(262.66 k, 2.493% Params, 25.17 MMac, 0.720% MACs, in_features=512, out_features=512, bias=True)
          (out_projection): Linear(262.66 k, 2.493% Params, 25.17 MMac, 0.720% MACs, in_features=512, out_features=512, bias=True)
        )
        (conv1): Conv1d(1.05 M, 9.952% Params, 100.66 MMac, 2.879% MACs, 512, 2048, kernel_size=(1,), stride=(1,), bias=False)
        (conv2): Conv1d(1.05 M, 9.952% Params, 100.66 MMac, 2.879% MACs, 2048, 512, kernel_size=(1,), stride=(1,), bias=False)
        (decomp1): series_decomp(
          0, 0.000% Params, 61.44 KMac, 0.002% MACs, 
          (moving_avg): moving_avg(
            0, 0.000% Params, 61.44 KMac, 0.002% MACs, 
            (avg): AvgPool1d(0, 0.000% Params, 61.44 KMac, 0.002% MACs, kernel_size=(25,), stride=(1,), padding=(0,))
          )
        )
        (decomp2): series_decomp(
          0, 0.000% Params, 61.44 KMac, 0.002% MACs, 
          (moving_avg): moving_avg(
            0, 0.000% Params, 61.44 KMac, 0.002% MACs, 
            (avg): AvgPool1d(0, 0.000% Params, 61.44 KMac, 0.002% MACs, kernel_size=(25,), stride=(1,), padding=(0,))
          )
        )
        (dropout): Dropout(0, 0.000% Params, 0.0 Mac, 0.000% MACs, p=0.05, inplace=False)
      )
    )
    (norm): my_Layernorm(
      0, 0.000% Params, 0.0 Mac, 0.000% MACs, 
      (layernorm): LayerNorm(0, 0.000% Params, 0.0 Mac, 0.000% MACs, (512,), eps=1e-05, elementwise_affine=True)
    )
  )
  (decoder): Decoder(
    4.21 M, 39.984% Params, 2.88 GMac, 82.402% MACs, 
    (layers): ModuleList(
      4.21 M, 39.950% Params, 2.88 GMac, 82.324% MACs, 
      (0): DecoderLayer(
        4.21 M, 39.950% Params, 2.88 GMac, 82.324% MACs, 
        (self_attention): AutoCorrelationLayer(
          1.05 M, 9.972% Params, 805.31 MMac, 23.032% MACs, 
          (inner_correlation): AutoCorrelation(
            0, 0.000% Params, 0.0 Mac, 0.000% MACs, 
            (dropout): Dropout(0, 0.000% Params, 0.0 Mac, 0.000% MACs, p=0.05, inplace=False)
          )
          (query_projection): Linear(262.66 k, 2.493% Params, 201.33 MMac, 5.758% MACs, in_features=512, out_features=512, bias=True)
          (key_projection): Linear(262.66 k, 2.493% Params, 201.33 MMac, 5.758% MACs, in_features=512, out_features=512, bias=True)
          (value_projection): Linear(262.66 k, 2.493% Params, 201.33 MMac, 5.758% MACs, in_features=512, out_features=512, bias=True)
          (out_projection): Linear(262.66 k, 2.493% Params, 201.33 MMac, 5.758% MACs, in_features=512, out_features=512, bias=True)
        )
        (cross_attention): AutoCorrelationLayer(
          1.05 M, 9.972% Params, 452.99 MMac, 12.956% MACs, 
          (inner_correlation): AutoCorrelation(
            0, 0.000% Params, 0.0 Mac, 0.000% MACs, 
            (dropout): Dropout(0, 0.000% Params, 0.0 Mac, 0.000% MACs, p=0.05, inplace=False)
          )
          (query_projection): Linear(262.66 k, 2.493% Params, 201.33 MMac, 5.758% MACs, in_features=512, out_features=512, bias=True)
          (key_projection): Linear(262.66 k, 2.493% Params, 25.17 MMac, 0.720% MACs, in_features=512, out_features=512, bias=True)
          (value_projection): Linear(262.66 k, 2.493% Params, 25.17 MMac, 0.720% MACs, in_features=512, out_features=512, bias=True)
          (out_projection): Linear(262.66 k, 2.493% Params, 201.33 MMac, 5.758% MACs, in_features=512, out_features=512, bias=True)
        )
        (conv1): Conv1d(1.05 M, 9.952% Params, 805.31 MMac, 23.032% MACs, 512, 2048, kernel_size=(1,), stride=(1,), bias=False)
        (conv2): Conv1d(1.05 M, 9.952% Params, 805.31 MMac, 23.032% MACs, 2048, 512, kernel_size=(1,), stride=(1,), bias=False)
        (decomp1): series_decomp(
          0, 0.000% Params, 405.5 KMac, 0.012% MACs, 
          (moving_avg): moving_avg(
            0, 0.000% Params, 405.5 KMac, 0.012% MACs, 
            (avg): AvgPool1d(0, 0.000% Params, 405.5 KMac, 0.012% MACs, kernel_size=(25,), stride=(1,), padding=(0,))
          )
        )
        (decomp2): series_decomp(
          0, 0.000% Params, 405.5 KMac, 0.012% MACs, 
          (moving_avg): moving_avg(
            0, 0.000% Params, 405.5 KMac, 0.012% MACs, 
            (avg): AvgPool1d(0, 0.000% Params, 405.5 KMac, 0.012% MACs, kernel_size=(25,), stride=(1,), padding=(0,))
          )
        )
        (decomp3): series_decomp(
          0, 0.000% Params, 405.5 KMac, 0.012% MACs, 
          (moving_avg): moving_avg(
            0, 0.000% Params, 405.5 KMac, 0.012% MACs, 
            (avg): AvgPool1d(0, 0.000% Params, 405.5 KMac, 0.012% MACs, kernel_size=(25,), stride=(1,), padding=(0,))
          )
        )
        (dropout): Dropout(0, 0.000% Params, 0.0 Mac, 0.000% MACs, p=0.05, inplace=False)
        (projection): Conv1d(10.75 k, 0.102% Params, 8.26 MMac, 0.236% MACs, 512, 7, kernel_size=(3,), stride=(1,), padding=(1,), bias=False, padding_mode=circular)
      )
    )
    (norm): my_Layernorm(
      0, 0.000% Params, 0.0 Mac, 0.000% MACs, 
      (layernorm): LayerNorm(0, 0.000% Params, 0.0 Mac, 0.000% MACs, (512,), eps=1e-05, elementwise_affine=True)
    )
    (projection): Linear(3.59 k, 0.034% Params, 2.75 MMac, 0.079% MACs, in_features=512, out_features=7, bias=True)
  )
)
Computational complexity:       3.5 GMac
Number of parameters:           10.54 M 
