Args in experiment:
Namespace(is_training=1, model_id='ETTm1_96_96', model='Autoformer', data='ETTm1', root_path='./dataset/', data_path='ETTm1.csv', features='M', target='OT', freq='h', checkpoints='./checkpoints/', seq_len=96, label_len=48, pred_len=96, individual=False, embed_type=0, enc_in=7, dec_in=7, c_out=7, d_model=512, n_heads=8, e_layers=2, d_layers=1, d_ff=2048, moving_avg=25, factor=3, distil=True, dropout=0.05, embed='timeF', activation='gelu', output_attention=False, do_predict=False, num_workers=10, itr=1, train_epochs=10, batch_size=32, patience=3, learning_rate=0.0001, des='Exp', loss='mse', lradj='type1', use_amp=False, use_gpu=True, gpu=4, use_multi_gpu=False, devices='0,1,2,3', test_flop=True)
Use GPU: cuda:4
>>>>>>>start training : ETTm1_96_96_Autoformer_ETTm1_ftM_sl96_ll48_pl96_dm512_nh8_el2_dl1_df2048_fc3_ebtimeF_dtTrue_Exp_0>>>>>>>>>>>>>>>>>>>>>>>>>>
train 34369
val 11425
test 11425
	iters: 100, epoch: 1 | loss: 0.4056184
	speed: 0.1739s/iter; left time: 1850.4821s
	iters: 200, epoch: 1 | loss: 0.3762679
	speed: 0.0570s/iter; left time: 601.1740s
	iters: 300, epoch: 1 | loss: 0.3267450
	speed: 0.0559s/iter; left time: 583.6052s
	iters: 400, epoch: 1 | loss: 0.3502975
	speed: 0.0559s/iter; left time: 578.2947s
	iters: 500, epoch: 1 | loss: 0.2787355
	speed: 0.0549s/iter; left time: 562.0905s
	iters: 600, epoch: 1 | loss: 0.2887380
	speed: 0.0535s/iter; left time: 542.8095s
	iters: 700, epoch: 1 | loss: 0.2594431
	speed: 0.0538s/iter; left time: 540.2002s
	iters: 800, epoch: 1 | loss: 0.3462870
	speed: 0.0539s/iter; left time: 535.6350s
	iters: 900, epoch: 1 | loss: 0.2608848
	speed: 0.0541s/iter; left time: 532.1984s
	iters: 1000, epoch: 1 | loss: 0.3305002
	speed: 0.0542s/iter; left time: 527.6224s
Epoch: 1 cost time: 70.8452000617981
Epoch: 1, Steps: 1074 | Train Loss: 0.3319478 Vali Loss: 0.6273487 Test Loss: 0.5651993
Validation loss decreased (inf --> 0.627349).  Saving model ...
Updating learning rate to 0.0001
	iters: 100, epoch: 2 | loss: 0.2646076
	speed: 0.5014s/iter; left time: 4796.4554s
	iters: 200, epoch: 2 | loss: 0.2810982
	speed: 0.0548s/iter; left time: 518.6597s
	iters: 300, epoch: 2 | loss: 0.3028724
	speed: 0.0543s/iter; left time: 508.7743s
	iters: 400, epoch: 2 | loss: 0.2652050
	speed: 0.0542s/iter; left time: 502.6029s
	iters: 500, epoch: 2 | loss: 0.1963623
	speed: 0.0538s/iter; left time: 493.5568s
	iters: 600, epoch: 2 | loss: 0.2349011
	speed: 0.0541s/iter; left time: 490.5843s
	iters: 700, epoch: 2 | loss: 0.2362165
	speed: 0.0556s/iter; left time: 498.5254s
	iters: 800, epoch: 2 | loss: 0.2565988
	speed: 0.0554s/iter; left time: 491.6249s
	iters: 900, epoch: 2 | loss: 0.2658116
	speed: 0.0575s/iter; left time: 503.9001s
	iters: 1000, epoch: 2 | loss: 0.2228158
	speed: 0.0562s/iter; left time: 487.1247s
Epoch: 2 cost time: 61.308958530426025
Epoch: 2, Steps: 1074 | Train Loss: 0.2483496 Vali Loss: 0.6602181 Test Loss: 0.5726801
EarlyStopping counter: 1 out of 3
Updating learning rate to 5e-05
	iters: 100, epoch: 3 | loss: 0.2010280
	speed: 0.4865s/iter; left time: 4132.0120s
	iters: 200, epoch: 3 | loss: 0.2340981
	speed: 0.0551s/iter; left time: 462.5282s
	iters: 300, epoch: 3 | loss: 0.2032051
	speed: 0.0550s/iter; left time: 456.4458s
	iters: 400, epoch: 3 | loss: 0.2217468
	speed: 0.0540s/iter; left time: 442.5307s
	iters: 500, epoch: 3 | loss: 0.2027804
	speed: 0.0544s/iter; left time: 440.5245s
	iters: 600, epoch: 3 | loss: 0.2166171
	speed: 0.0544s/iter; left time: 434.6197s
	iters: 700, epoch: 3 | loss: 0.2610615
	speed: 0.0555s/iter; left time: 437.8332s
	iters: 800, epoch: 3 | loss: 0.1984406
	speed: 0.0568s/iter; left time: 442.5839s
	iters: 900, epoch: 3 | loss: 0.1918491
	speed: 0.0580s/iter; left time: 445.8872s
	iters: 1000, epoch: 3 | loss: 0.1883518
	speed: 0.0574s/iter; left time: 435.7282s
Epoch: 3 cost time: 61.63747239112854
Epoch: 3, Steps: 1074 | Train Loss: 0.2035151 Vali Loss: 0.6547933 Test Loss: 0.5751136
EarlyStopping counter: 2 out of 3
Updating learning rate to 2.5e-05
	iters: 100, epoch: 4 | loss: 0.1789804
	speed: 0.5272s/iter; left time: 3911.2858s
	iters: 200, epoch: 4 | loss: 0.1875974
	speed: 0.0567s/iter; left time: 415.0602s
	iters: 300, epoch: 4 | loss: 0.2006425
	speed: 0.0563s/iter; left time: 406.7786s
	iters: 400, epoch: 4 | loss: 0.1691979
	speed: 0.0571s/iter; left time: 406.7710s
	iters: 500, epoch: 4 | loss: 0.1769412
	speed: 0.0574s/iter; left time: 403.1745s
	iters: 600, epoch: 4 | loss: 0.1357819
	speed: 0.0561s/iter; left time: 388.0500s
	iters: 700, epoch: 4 | loss: 0.1580594
	speed: 0.0564s/iter; left time: 384.9094s
	iters: 800, epoch: 4 | loss: 0.1788527
	speed: 0.0558s/iter; left time: 375.1932s
	iters: 900, epoch: 4 | loss: 0.1814824
	speed: 0.0557s/iter; left time: 368.5134s
	iters: 1000, epoch: 4 | loss: 0.1590355
	speed: 0.0568s/iter; left time: 370.2707s
Epoch: 4 cost time: 62.73673701286316
Epoch: 4, Steps: 1074 | Train Loss: 0.1811428 Vali Loss: 0.6697051 Test Loss: 0.5842937
EarlyStopping counter: 3 out of 3
Early stopping
>>>>>>>testing : ETTm1_96_96_Autoformer_ETTm1_ftM_sl96_ll48_pl96_dm512_nh8_el2_dl1_df2048_fc3_ebtimeF_dtTrue_Exp_0<<<<<<<<<<<<<<<<<<<<<<<<<<<<<<<<<
test 11425
mse:0.5651994347572327, mae:0.5019741654396057
INFO: Trainable parameter count: 0.01M
INFO: Trainable parameter count: 0.01M
INFO: Trainable parameter count: 0.02M
INFO: Trainable parameter count: 0.03M
INFO: Trainable parameter count: 0.29M
INFO: Trainable parameter count: 0.29M
INFO: Trainable parameter count: 0.55M
INFO: Trainable parameter count: 0.55M
INFO: Trainable parameter count: 0.81M
INFO: Trainable parameter count: 0.81M
INFO: Trainable parameter count: 1.08M
INFO: Trainable parameter count: 1.08M
INFO: Trainable parameter count: 2.12M
INFO: Trainable parameter count: 3.17M
INFO: Trainable parameter count: 3.44M
INFO: Trainable parameter count: 3.44M
INFO: Trainable parameter count: 3.70M
INFO: Trainable parameter count: 3.70M
INFO: Trainable parameter count: 3.96M
INFO: Trainable parameter count: 3.96M
INFO: Trainable parameter count: 4.22M
INFO: Trainable parameter count: 4.22M
INFO: Trainable parameter count: 5.27M
INFO: Trainable parameter count: 6.32M
INFO: Trainable parameter count: 6.32M
INFO: Trainable parameter count: 6.32M
INFO: Trainable parameter count: 6.58M
INFO: Trainable parameter count: 6.58M
INFO: Trainable parameter count: 6.85M
INFO: Trainable parameter count: 6.85M
INFO: Trainable parameter count: 7.11M
INFO: Trainable parameter count: 7.11M
INFO: Trainable parameter count: 7.37M
INFO: Trainable parameter count: 7.37M
INFO: Trainable parameter count: 7.63M
INFO: Trainable parameter count: 7.64M
INFO: Trainable parameter count: 7.90M
INFO: Trainable parameter count: 7.90M
INFO: Trainable parameter count: 8.16M
INFO: Trainable parameter count: 8.16M
INFO: Trainable parameter count: 8.42M
INFO: Trainable parameter count: 8.42M
INFO: Trainable parameter count: 9.47M
INFO: Trainable parameter count: 10.52M
INFO: Trainable parameter count: 10.53M
INFO: Trainable parameter count: 10.53M
INFO: Trainable parameter count: 10.53M
INFO: Trainable parameter count: 10.54M
INFO: Trainable parameter count: 10.54M
Model(
  10.53 M, 99.981% Params, 1.19 GMac, 100.000% MACs, 
  (decomp): series_decomp(
    0, 0.000% Params, 840.0 Mac, 0.000% MACs, 
    (moving_avg): moving_avg(
      0, 0.000% Params, 840.0 Mac, 0.000% MACs, 
      (avg): AvgPool1d(0, 0.000% Params, 840.0 Mac, 0.000% MACs, kernel_size=(25,), stride=(1,), padding=(0,))
    )
  )
  (enc_embedding): DataEmbedding_wo_pos(
    12.8 k, 0.121% Params, 1.23 MMac, 0.103% MACs, 
    (value_embedding): TokenEmbedding(
      10.75 k, 0.102% Params, 1.03 MMac, 0.087% MACs, 
      (tokenConv): Conv1d(10.75 k, 0.102% Params, 1.03 MMac, 0.087% MACs, 7, 512, kernel_size=(3,), stride=(1,), padding=(1,), bias=False, padding_mode=circular)
    )
    (position_embedding): PositionalEmbedding(0, 0.000% Params, 0.0 Mac, 0.000% MACs, )
    (temporal_embedding): TimeFeatureEmbedding(
      2.05 k, 0.019% Params, 196.61 KMac, 0.017% MACs, 
      (embed): Linear(2.05 k, 0.019% Params, 196.61 KMac, 0.017% MACs, in_features=4, out_features=512, bias=False)
    )
    (dropout): Dropout(0, 0.000% Params, 0.0 Mac, 0.000% MACs, p=0.05, inplace=False)
  )
  (dec_embedding): DataEmbedding_wo_pos(
    12.8 k, 0.121% Params, 1.84 MMac, 0.155% MACs, 
    (value_embedding): TokenEmbedding(
      10.75 k, 0.102% Params, 1.55 MMac, 0.130% MACs, 
      (tokenConv): Conv1d(10.75 k, 0.102% Params, 1.55 MMac, 0.130% MACs, 7, 512, kernel_size=(3,), stride=(1,), padding=(1,), bias=False, padding_mode=circular)
    )
    (position_embedding): PositionalEmbedding(0, 0.000% Params, 0.0 Mac, 0.000% MACs, )
    (temporal_embedding): TimeFeatureEmbedding(
      2.05 k, 0.019% Params, 294.91 KMac, 0.025% MACs, 
      (embed): Linear(2.05 k, 0.019% Params, 294.91 KMac, 0.025% MACs, in_features=4, out_features=512, bias=False)
    )
    (dropout): Dropout(0, 0.000% Params, 0.0 Mac, 0.000% MACs, p=0.05, inplace=False)
  )
  (encoder): Encoder(
    6.3 M, 59.753% Params, 604.23 MMac, 50.842% MACs, 
    (attn_layers): ModuleList(
      6.3 M, 59.753% Params, 604.23 MMac, 50.842% MACs, 
      (0): EncoderLayer(
        3.15 M, 29.877% Params, 302.11 MMac, 25.421% MACs, 
        (attention): AutoCorrelationLayer(
          1.05 M, 9.972% Params, 100.67 MMac, 8.470% MACs, 
          (inner_correlation): AutoCorrelation(
            0, 0.000% Params, 0.0 Mac, 0.000% MACs, 
            (dropout): Dropout(0, 0.000% Params, 0.0 Mac, 0.000% MACs, p=0.05, inplace=False)
          )
          (query_projection): Linear(262.66 k, 2.493% Params, 25.17 MMac, 2.118% MACs, in_features=512, out_features=512, bias=True)
          (key_projection): Linear(262.66 k, 2.493% Params, 25.17 MMac, 2.118% MACs, in_features=512, out_features=512, bias=True)
          (value_projection): Linear(262.66 k, 2.493% Params, 25.17 MMac, 2.118% MACs, in_features=512, out_features=512, bias=True)
          (out_projection): Linear(262.66 k, 2.493% Params, 25.17 MMac, 2.118% MACs, in_features=512, out_features=512, bias=True)
        )
        (conv1): Conv1d(1.05 M, 9.952% Params, 100.66 MMac, 8.470% MACs, 512, 2048, kernel_size=(1,), stride=(1,), bias=False)
        (conv2): Conv1d(1.05 M, 9.952% Params, 100.66 MMac, 8.470% MACs, 2048, 512, kernel_size=(1,), stride=(1,), bias=False)
        (decomp1): series_decomp(
          0, 0.000% Params, 61.44 KMac, 0.005% MACs, 
          (moving_avg): moving_avg(
            0, 0.000% Params, 61.44 KMac, 0.005% MACs, 
            (avg): AvgPool1d(0, 0.000% Params, 61.44 KMac, 0.005% MACs, kernel_size=(25,), stride=(1,), padding=(0,))
          )
        )
        (decomp2): series_decomp(
          0, 0.000% Params, 61.44 KMac, 0.005% MACs, 
          (moving_avg): moving_avg(
            0, 0.000% Params, 61.44 KMac, 0.005% MACs, 
            (avg): AvgPool1d(0, 0.000% Params, 61.44 KMac, 0.005% MACs, kernel_size=(25,), stride=(1,), padding=(0,))
          )
        )
        (dropout): Dropout(0, 0.000% Params, 0.0 Mac, 0.000% MACs, p=0.05, inplace=False)
      )
      (1): EncoderLayer(
        3.15 M, 29.877% Params, 302.11 MMac, 25.421% MACs, 
        (attention): AutoCorrelationLayer(
          1.05 M, 9.972% Params, 100.67 MMac, 8.470% MACs, 
          (inner_correlation): AutoCorrelation(
            0, 0.000% Params, 0.0 Mac, 0.000% MACs, 
            (dropout): Dropout(0, 0.000% Params, 0.0 Mac, 0.000% MACs, p=0.05, inplace=False)
          )
          (query_projection): Linear(262.66 k, 2.493% Params, 25.17 MMac, 2.118% MACs, in_features=512, out_features=512, bias=True)
          (key_projection): Linear(262.66 k, 2.493% Params, 25.17 MMac, 2.118% MACs, in_features=512, out_features=512, bias=True)
          (value_projection): Linear(262.66 k, 2.493% Params, 25.17 MMac, 2.118% MACs, in_features=512, out_features=512, bias=True)
          (out_projection): Linear(262.66 k, 2.493% Params, 25.17 MMac, 2.118% MACs, in_features=512, out_features=512, bias=True)
        )
        (conv1): Conv1d(1.05 M, 9.952% Params, 100.66 MMac, 8.470% MACs, 512, 2048, kernel_size=(1,), stride=(1,), bias=False)
        (conv2): Conv1d(1.05 M, 9.952% Params, 100.66 MMac, 8.470% MACs, 2048, 512, kernel_size=(1,), stride=(1,), bias=False)
        (decomp1): series_decomp(
          0, 0.000% Params, 61.44 KMac, 0.005% MACs, 
          (moving_avg): moving_avg(
            0, 0.000% Params, 61.44 KMac, 0.005% MACs, 
            (avg): AvgPool1d(0, 0.000% Params, 61.44 KMac, 0.005% MACs, kernel_size=(25,), stride=(1,), padding=(0,))
          )
        )
        (decomp2): series_decomp(
          0, 0.000% Params, 61.44 KMac, 0.005% MACs, 
          (moving_avg): moving_avg(
            0, 0.000% Params, 61.44 KMac, 0.005% MACs, 
            (avg): AvgPool1d(0, 0.000% Params, 61.44 KMac, 0.005% MACs, kernel_size=(25,), stride=(1,), padding=(0,))
          )
        )
        (dropout): Dropout(0, 0.000% Params, 0.0 Mac, 0.000% MACs, p=0.05, inplace=False)
      )
    )
    (norm): my_Layernorm(
      0, 0.000% Params, 0.0 Mac, 0.000% MACs, 
      (layernorm): LayerNorm(0, 0.000% Params, 0.0 Mac, 0.000% MACs, (512,), eps=1e-05, elementwise_affine=True)
    )
  )
  (decoder): Decoder(
    4.21 M, 39.984% Params, 581.14 MMac, 48.899% MACs, 
    (layers): ModuleList(
      4.21 M, 39.950% Params, 580.62 MMac, 48.856% MACs, 
      (0): DecoderLayer(
        4.21 M, 39.950% Params, 580.62 MMac, 48.856% MACs, 
        (self_attention): AutoCorrelationLayer(
          1.05 M, 9.972% Params, 151.0 MMac, 12.705% MACs, 
          (inner_correlation): AutoCorrelation(
            0, 0.000% Params, 0.0 Mac, 0.000% MACs, 
            (dropout): Dropout(0, 0.000% Params, 0.0 Mac, 0.000% MACs, p=0.05, inplace=False)
          )
          (query_projection): Linear(262.66 k, 2.493% Params, 37.75 MMac, 3.176% MACs, in_features=512, out_features=512, bias=True)
          (key_projection): Linear(262.66 k, 2.493% Params, 37.75 MMac, 3.176% MACs, in_features=512, out_features=512, bias=True)
          (value_projection): Linear(262.66 k, 2.493% Params, 37.75 MMac, 3.176% MACs, in_features=512, out_features=512, bias=True)
          (out_projection): Linear(262.66 k, 2.493% Params, 37.75 MMac, 3.176% MACs, in_features=512, out_features=512, bias=True)
        )
        (cross_attention): AutoCorrelationLayer(
          1.05 M, 9.972% Params, 125.83 MMac, 10.588% MACs, 
          (inner_correlation): AutoCorrelation(
            0, 0.000% Params, 0.0 Mac, 0.000% MACs, 
            (dropout): Dropout(0, 0.000% Params, 0.0 Mac, 0.000% MACs, p=0.05, inplace=False)
          )
          (query_projection): Linear(262.66 k, 2.493% Params, 37.75 MMac, 3.176% MACs, in_features=512, out_features=512, bias=True)
          (key_projection): Linear(262.66 k, 2.493% Params, 25.17 MMac, 2.118% MACs, in_features=512, out_features=512, bias=True)
          (value_projection): Linear(262.66 k, 2.493% Params, 25.17 MMac, 2.118% MACs, in_features=512, out_features=512, bias=True)
          (out_projection): Linear(262.66 k, 2.493% Params, 37.75 MMac, 3.176% MACs, in_features=512, out_features=512, bias=True)
        )
        (conv1): Conv1d(1.05 M, 9.952% Params, 150.99 MMac, 12.705% MACs, 512, 2048, kernel_size=(1,), stride=(1,), bias=False)
        (conv2): Conv1d(1.05 M, 9.952% Params, 150.99 MMac, 12.705% MACs, 2048, 512, kernel_size=(1,), stride=(1,), bias=False)
        (decomp1): series_decomp(
          0, 0.000% Params, 86.02 KMac, 0.007% MACs, 
          (moving_avg): moving_avg(
            0, 0.000% Params, 86.02 KMac, 0.007% MACs, 
            (avg): AvgPool1d(0, 0.000% Params, 86.02 KMac, 0.007% MACs, kernel_size=(25,), stride=(1,), padding=(0,))
          )
        )
        (decomp2): series_decomp(
          0, 0.000% Params, 86.02 KMac, 0.007% MACs, 
          (moving_avg): moving_avg(
            0, 0.000% Params, 86.02 KMac, 0.007% MACs, 
            (avg): AvgPool1d(0, 0.000% Params, 86.02 KMac, 0.007% MACs, kernel_size=(25,), stride=(1,), padding=(0,))
          )
        )
        (decomp3): series_decomp(
          0, 0.000% Params, 86.02 KMac, 0.007% MACs, 
          (moving_avg): moving_avg(
            0, 0.000% Params, 86.02 KMac, 0.007% MACs, 
            (avg): AvgPool1d(0, 0.000% Params, 86.02 KMac, 0.007% MACs, kernel_size=(25,), stride=(1,), padding=(0,))
          )
        )
        (dropout): Dropout(0, 0.000% Params, 0.0 Mac, 0.000% MACs, p=0.05, inplace=False)
        (projection): Conv1d(10.75 k, 0.102% Params, 1.55 MMac, 0.130% MACs, 512, 7, kernel_size=(3,), stride=(1,), padding=(1,), bias=False, padding_mode=circular)
      )
    )
    (norm): my_Layernorm(
      0, 0.000% Params, 0.0 Mac, 0.000% MACs, 
      (layernorm): LayerNorm(0, 0.000% Params, 0.0 Mac, 0.000% MACs, (512,), eps=1e-05, elementwise_affine=True)
    )
    (projection): Linear(3.59 k, 0.034% Params, 516.1 KMac, 0.043% MACs, in_features=512, out_features=7, bias=True)
  )
)
Computational complexity:       1.19 GMac
Number of parameters:           10.54 M 
