Args in experiment:
Namespace(is_training=1, model_id='electricity_96_720', model='Autoformer', data='custom', root_path='./dataset/', data_path='electricity.csv', features='M', target='OT', freq='h', checkpoints='./checkpoints/', seq_len=96, label_len=48, pred_len=720, individual=False, embed_type=0, enc_in=321, dec_in=321, c_out=321, d_model=512, n_heads=8, e_layers=2, d_layers=1, d_ff=2048, moving_avg=25, factor=3, distil=True, dropout=0.05, embed='timeF', activation='gelu', output_attention=False, do_predict=False, num_workers=10, itr=1, train_epochs=10, batch_size=32, patience=3, learning_rate=0.0001, des='Exp', loss='mse', lradj='type1', use_amp=False, use_gpu=True, gpu=1, use_multi_gpu=False, devices='0,1,2,3', test_flop=True)
Use GPU: cuda:1
>>>>>>>start training : electricity_96_720_Autoformer_custom_ftM_sl96_ll48_pl720_dm512_nh8_el2_dl1_df2048_fc3_ebtimeF_dtTrue_Exp_0>>>>>>>>>>>>>>>>>>>>>>>>>>
train 17597
val 1913
test 4541
	iters: 100, epoch: 1 | loss: 0.4146975
	speed: 0.3820s/iter; left time: 2059.5982s
	iters: 200, epoch: 1 | loss: 0.3013016
	speed: 0.2350s/iter; left time: 1243.2380s
	iters: 300, epoch: 1 | loss: 0.2924714
	speed: 0.2345s/iter; left time: 1217.3046s
	iters: 400, epoch: 1 | loss: 0.2742714
	speed: 0.2287s/iter; left time: 1164.2293s
	iters: 500, epoch: 1 | loss: 0.2679525
	speed: 0.2294s/iter; left time: 1145.1432s
Epoch: 1 cost time: 141.92450523376465
Epoch: 1, Steps: 549 | Train Loss: 0.3453684 Vali Loss: 0.2415176 Test Loss: 0.3261918
Validation loss decreased (inf --> 0.241518).  Saving model ...
Updating learning rate to 0.0001
	iters: 100, epoch: 2 | loss: 0.2484739
	speed: 0.9017s/iter; left time: 4366.0454s
	iters: 200, epoch: 2 | loss: 0.2360821
	speed: 0.2314s/iter; left time: 1097.4912s
	iters: 300, epoch: 2 | loss: 0.2431602
	speed: 0.2288s/iter; left time: 1062.2941s
	iters: 400, epoch: 2 | loss: 0.2240504
	speed: 0.2241s/iter; left time: 1017.8337s
	iters: 500, epoch: 2 | loss: 0.2157109
	speed: 0.2242s/iter; left time: 995.9507s
Epoch: 2 cost time: 127.68652772903442
Epoch: 2, Steps: 549 | Train Loss: 0.2332153 Vali Loss: 0.2408221 Test Loss: 0.3108519
Validation loss decreased (0.241518 --> 0.240822).  Saving model ...
Updating learning rate to 5e-05
	iters: 100, epoch: 3 | loss: 0.2040102
	speed: 0.9339s/iter; left time: 4009.3707s
	iters: 200, epoch: 3 | loss: 0.1959782
	speed: 0.2314s/iter; left time: 970.4142s
	iters: 300, epoch: 3 | loss: 0.1931237
	speed: 0.2244s/iter; left time: 918.5433s
	iters: 400, epoch: 3 | loss: 0.2069543
	speed: 0.2196s/iter; left time: 876.8081s
	iters: 500, epoch: 3 | loss: 0.2035940
	speed: 0.2213s/iter; left time: 861.5047s
Epoch: 3 cost time: 127.52421450614929
Epoch: 3, Steps: 549 | Train Loss: 0.2022618 Vali Loss: 0.2260799 Test Loss: 0.2676830
Validation loss decreased (0.240822 --> 0.226080).  Saving model ...
Updating learning rate to 2.5e-05
	iters: 100, epoch: 4 | loss: 0.1916066
	speed: 0.8969s/iter; left time: 3357.8829s
	iters: 200, epoch: 4 | loss: 0.2010678
	speed: 0.2189s/iter; left time: 797.8219s
	iters: 300, epoch: 4 | loss: 0.2009432
	speed: 0.2262s/iter; left time: 801.6849s
	iters: 400, epoch: 4 | loss: 0.1762456
	speed: 0.2287s/iter; left time: 787.5407s
	iters: 500, epoch: 4 | loss: 0.1896246
	speed: 0.2335s/iter; left time: 780.7429s
Epoch: 4 cost time: 127.78081274032593
Epoch: 4, Steps: 549 | Train Loss: 0.1920658 Vali Loss: 0.2518538 Test Loss: 0.2998947
EarlyStopping counter: 1 out of 3
Updating learning rate to 1.25e-05
	iters: 100, epoch: 5 | loss: 0.1970092
	speed: 0.9630s/iter; left time: 3076.7372s
	iters: 200, epoch: 5 | loss: 0.1847364
	speed: 0.2261s/iter; left time: 699.6758s
	iters: 300, epoch: 5 | loss: 0.1805538
	speed: 0.2293s/iter; left time: 686.7637s
	iters: 400, epoch: 5 | loss: 0.1804488
	speed: 0.2319s/iter; left time: 671.3285s
	iters: 500, epoch: 5 | loss: 0.1799795
	speed: 0.2298s/iter; left time: 642.3007s
Epoch: 5 cost time: 130.2619879245758
Epoch: 5, Steps: 549 | Train Loss: 0.1871324 Vali Loss: 0.2595903 Test Loss: 0.3198193
EarlyStopping counter: 2 out of 3
Updating learning rate to 6.25e-06
	iters: 100, epoch: 6 | loss: 0.1889759
	speed: 0.9378s/iter; left time: 2481.4542s
	iters: 200, epoch: 6 | loss: 0.1757019
	speed: 0.2237s/iter; left time: 569.6099s
	iters: 300, epoch: 6 | loss: 0.1838676
	speed: 0.2176s/iter; left time: 532.2544s
	iters: 400, epoch: 6 | loss: 0.1746384
	speed: 0.2236s/iter; left time: 524.4823s
	iters: 500, epoch: 6 | loss: 0.1751494
	speed: 0.2249s/iter; left time: 505.0277s
Epoch: 6 cost time: 125.85269689559937
Epoch: 6, Steps: 549 | Train Loss: 0.1843866 Vali Loss: 0.2515066 Test Loss: 0.3152308
EarlyStopping counter: 3 out of 3
Early stopping
>>>>>>>testing : electricity_96_720_Autoformer_custom_ftM_sl96_ll48_pl720_dm512_nh8_el2_dl1_df2048_fc3_ebtimeF_dtTrue_Exp_0<<<<<<<<<<<<<<<<<<<<<<<<<<<<<<<<<
test 4541
mse:0.2676834166049957, mae:0.3734791576862335
INFO: Trainable parameter count: 0.49M
INFO: Trainable parameter count: 0.50M
INFO: Trainable parameter count: 0.99M
INFO: Trainable parameter count: 0.99M
INFO: Trainable parameter count: 1.25M
INFO: Trainable parameter count: 1.25M
INFO: Trainable parameter count: 1.52M
INFO: Trainable parameter count: 1.52M
INFO: Trainable parameter count: 1.78M
INFO: Trainable parameter count: 1.78M
INFO: Trainable parameter count: 2.04M
INFO: Trainable parameter count: 2.04M
INFO: Trainable parameter count: 3.09M
INFO: Trainable parameter count: 4.14M
INFO: Trainable parameter count: 4.40M
INFO: Trainable parameter count: 4.40M
INFO: Trainable parameter count: 4.66M
INFO: Trainable parameter count: 4.66M
INFO: Trainable parameter count: 4.93M
INFO: Trainable parameter count: 4.93M
INFO: Trainable parameter count: 5.19M
INFO: Trainable parameter count: 5.19M
INFO: Trainable parameter count: 6.24M
INFO: Trainable parameter count: 7.29M
INFO: Trainable parameter count: 7.29M
INFO: Trainable parameter count: 7.29M
INFO: Trainable parameter count: 7.55M
INFO: Trainable parameter count: 7.55M
INFO: Trainable parameter count: 7.81M
INFO: Trainable parameter count: 7.81M
INFO: Trainable parameter count: 8.07M
INFO: Trainable parameter count: 8.07M
INFO: Trainable parameter count: 8.34M
INFO: Trainable parameter count: 8.34M
INFO: Trainable parameter count: 8.60M
INFO: Trainable parameter count: 8.60M
INFO: Trainable parameter count: 8.86M
INFO: Trainable parameter count: 8.86M
INFO: Trainable parameter count: 9.12M
INFO: Trainable parameter count: 9.13M
INFO: Trainable parameter count: 9.39M
INFO: Trainable parameter count: 9.39M
INFO: Trainable parameter count: 10.44M
INFO: Trainable parameter count: 11.49M
INFO: Trainable parameter count: 11.98M
INFO: Trainable parameter count: 11.98M
INFO: Trainable parameter count: 11.98M
INFO: Trainable parameter count: 12.14M
INFO: Trainable parameter count: 12.14M
Model(
  12.14 M, 99.983% Params, 4.41 GMac, 100.000% MACs, 
  (decomp): series_decomp(
    0, 0.000% Params, 38.52 KMac, 0.001% MACs, 
    (moving_avg): moving_avg(
      0, 0.000% Params, 38.52 KMac, 0.001% MACs, 
      (avg): AvgPool1d(0, 0.000% Params, 38.52 KMac, 0.001% MACs, kernel_size=(25,), stride=(1,), padding=(0,))
    )
  )
  (enc_embedding): DataEmbedding_wo_pos(
    495.1 k, 4.077% Params, 47.53 MMac, 1.078% MACs, 
    (value_embedding): TokenEmbedding(
      493.06 k, 4.060% Params, 47.33 MMac, 1.074% MACs, 
      (tokenConv): Conv1d(493.06 k, 4.060% Params, 47.33 MMac, 1.074% MACs, 321, 512, kernel_size=(3,), stride=(1,), padding=(1,), bias=False, padding_mode=circular)
    )
    (position_embedding): PositionalEmbedding(0, 0.000% Params, 0.0 Mac, 0.000% MACs, )
    (temporal_embedding): TimeFeatureEmbedding(
      2.05 k, 0.017% Params, 196.61 KMac, 0.004% MACs, 
      (embed): Linear(2.05 k, 0.017% Params, 196.61 KMac, 0.004% MACs, in_features=4, out_features=512, bias=False)
    )
    (dropout): Dropout(0, 0.000% Params, 0.0 Mac, 0.000% MACs, p=0.05, inplace=False)
  )
  (dec_embedding): DataEmbedding_wo_pos(
    495.1 k, 4.077% Params, 380.24 MMac, 8.628% MACs, 
    (value_embedding): TokenEmbedding(
      493.06 k, 4.060% Params, 378.67 MMac, 8.592% MACs, 
      (tokenConv): Conv1d(493.06 k, 4.060% Params, 378.67 MMac, 8.592% MACs, 321, 512, kernel_size=(3,), stride=(1,), padding=(1,), bias=False, padding_mode=circular)
    )
    (position_embedding): PositionalEmbedding(0, 0.000% Params, 0.0 Mac, 0.000% MACs, )
    (temporal_embedding): TimeFeatureEmbedding(
      2.05 k, 0.017% Params, 1.57 MMac, 0.036% MACs, 
      (embed): Linear(2.05 k, 0.017% Params, 1.57 MMac, 0.036% MACs, in_features=4, out_features=512, bias=False)
    )
    (dropout): Dropout(0, 0.000% Params, 0.0 Mac, 0.000% MACs, p=0.05, inplace=False)
  )
  (encoder): Encoder(
    6.3 M, 51.841% Params, 604.23 MMac, 13.711% MACs, 
    (attn_layers): ModuleList(
      6.3 M, 51.841% Params, 604.23 MMac, 13.711% MACs, 
      (0): EncoderLayer(
        3.15 M, 25.921% Params, 302.11 MMac, 6.855% MACs, 
        (attention): AutoCorrelationLayer(
          1.05 M, 8.651% Params, 100.67 MMac, 2.284% MACs, 
          (inner_correlation): AutoCorrelation(
            0, 0.000% Params, 0.0 Mac, 0.000% MACs, 
            (dropout): Dropout(0, 0.000% Params, 0.0 Mac, 0.000% MACs, p=0.05, inplace=False)
          )
          (query_projection): Linear(262.66 k, 2.163% Params, 25.17 MMac, 0.571% MACs, in_features=512, out_features=512, bias=True)
          (key_projection): Linear(262.66 k, 2.163% Params, 25.17 MMac, 0.571% MACs, in_features=512, out_features=512, bias=True)
          (value_projection): Linear(262.66 k, 2.163% Params, 25.17 MMac, 0.571% MACs, in_features=512, out_features=512, bias=True)
          (out_projection): Linear(262.66 k, 2.163% Params, 25.17 MMac, 0.571% MACs, in_features=512, out_features=512, bias=True)
        )
        (conv1): Conv1d(1.05 M, 8.635% Params, 100.66 MMac, 2.284% MACs, 512, 2048, kernel_size=(1,), stride=(1,), bias=False)
        (conv2): Conv1d(1.05 M, 8.635% Params, 100.66 MMac, 2.284% MACs, 2048, 512, kernel_size=(1,), stride=(1,), bias=False)
        (decomp1): series_decomp(
          0, 0.000% Params, 61.44 KMac, 0.001% MACs, 
          (moving_avg): moving_avg(
            0, 0.000% Params, 61.44 KMac, 0.001% MACs, 
            (avg): AvgPool1d(0, 0.000% Params, 61.44 KMac, 0.001% MACs, kernel_size=(25,), stride=(1,), padding=(0,))
          )
        )
        (decomp2): series_decomp(
          0, 0.000% Params, 61.44 KMac, 0.001% MACs, 
          (moving_avg): moving_avg(
            0, 0.000% Params, 61.44 KMac, 0.001% MACs, 
            (avg): AvgPool1d(0, 0.000% Params, 61.44 KMac, 0.001% MACs, kernel_size=(25,), stride=(1,), padding=(0,))
          )
        )
        (dropout): Dropout(0, 0.000% Params, 0.0 Mac, 0.000% MACs, p=0.05, inplace=False)
      )
      (1): EncoderLayer(
        3.15 M, 25.921% Params, 302.11 MMac, 6.855% MACs, 
        (attention): AutoCorrelationLayer(
          1.05 M, 8.651% Params, 100.67 MMac, 2.284% MACs, 
          (inner_correlation): AutoCorrelation(
            0, 0.000% Params, 0.0 Mac, 0.000% MACs, 
            (dropout): Dropout(0, 0.000% Params, 0.0 Mac, 0.000% MACs, p=0.05, inplace=False)
          )
          (query_projection): Linear(262.66 k, 2.163% Params, 25.17 MMac, 0.571% MACs, in_features=512, out_features=512, bias=True)
          (key_projection): Linear(262.66 k, 2.163% Params, 25.17 MMac, 0.571% MACs, in_features=512, out_features=512, bias=True)
          (value_projection): Linear(262.66 k, 2.163% Params, 25.17 MMac, 0.571% MACs, in_features=512, out_features=512, bias=True)
          (out_projection): Linear(262.66 k, 2.163% Params, 25.17 MMac, 0.571% MACs, in_features=512, out_features=512, bias=True)
        )
        (conv1): Conv1d(1.05 M, 8.635% Params, 100.66 MMac, 2.284% MACs, 512, 2048, kernel_size=(1,), stride=(1,), bias=False)
        (conv2): Conv1d(1.05 M, 8.635% Params, 100.66 MMac, 2.284% MACs, 2048, 512, kernel_size=(1,), stride=(1,), bias=False)
        (decomp1): series_decomp(
          0, 0.000% Params, 61.44 KMac, 0.001% MACs, 
          (moving_avg): moving_avg(
            0, 0.000% Params, 61.44 KMac, 0.001% MACs, 
            (avg): AvgPool1d(0, 0.000% Params, 61.44 KMac, 0.001% MACs, kernel_size=(25,), stride=(1,), padding=(0,))
          )
        )
        (decomp2): series_decomp(
          0, 0.000% Params, 61.44 KMac, 0.001% MACs, 
          (moving_avg): moving_avg(
            0, 0.000% Params, 61.44 KMac, 0.001% MACs, 
            (avg): AvgPool1d(0, 0.000% Params, 61.44 KMac, 0.001% MACs, kernel_size=(25,), stride=(1,), padding=(0,))
          )
        )
        (dropout): Dropout(0, 0.000% Params, 0.0 Mac, 0.000% MACs, p=0.05, inplace=False)
      )
    )
    (norm): my_Layernorm(
      0, 0.000% Params, 0.0 Mac, 0.000% MACs, 
      (layernorm): LayerNorm(0, 0.000% Params, 0.0 Mac, 0.000% MACs, (512,), eps=1e-05, elementwise_affine=True)
    )
  )
  (decoder): Decoder(
    4.86 M, 39.988% Params, 3.38 GMac, 76.582% MACs, 
    (layers): ModuleList(
      4.69 M, 38.632% Params, 3.25 GMac, 73.718% MACs, 
      (0): DecoderLayer(
        4.69 M, 38.632% Params, 3.25 GMac, 73.718% MACs, 
        (self_attention): AutoCorrelationLayer(
          1.05 M, 8.651% Params, 805.31 MMac, 18.273% MACs, 
          (inner_correlation): AutoCorrelation(
            0, 0.000% Params, 0.0 Mac, 0.000% MACs, 
            (dropout): Dropout(0, 0.000% Params, 0.0 Mac, 0.000% MACs, p=0.05, inplace=False)
          )
          (query_projection): Linear(262.66 k, 2.163% Params, 201.33 MMac, 4.568% MACs, in_features=512, out_features=512, bias=True)
          (key_projection): Linear(262.66 k, 2.163% Params, 201.33 MMac, 4.568% MACs, in_features=512, out_features=512, bias=True)
          (value_projection): Linear(262.66 k, 2.163% Params, 201.33 MMac, 4.568% MACs, in_features=512, out_features=512, bias=True)
          (out_projection): Linear(262.66 k, 2.163% Params, 201.33 MMac, 4.568% MACs, in_features=512, out_features=512, bias=True)
        )
        (cross_attention): AutoCorrelationLayer(
          1.05 M, 8.651% Params, 452.99 MMac, 10.279% MACs, 
          (inner_correlation): AutoCorrelation(
            0, 0.000% Params, 0.0 Mac, 0.000% MACs, 
            (dropout): Dropout(0, 0.000% Params, 0.0 Mac, 0.000% MACs, p=0.05, inplace=False)
          )
          (query_projection): Linear(262.66 k, 2.163% Params, 201.33 MMac, 4.568% MACs, in_features=512, out_features=512, bias=True)
          (key_projection): Linear(262.66 k, 2.163% Params, 25.17 MMac, 0.571% MACs, in_features=512, out_features=512, bias=True)
          (value_projection): Linear(262.66 k, 2.163% Params, 25.17 MMac, 0.571% MACs, in_features=512, out_features=512, bias=True)
          (out_projection): Linear(262.66 k, 2.163% Params, 201.33 MMac, 4.568% MACs, in_features=512, out_features=512, bias=True)
        )
        (conv1): Conv1d(1.05 M, 8.635% Params, 805.31 MMac, 18.273% MACs, 512, 2048, kernel_size=(1,), stride=(1,), bias=False)
        (conv2): Conv1d(1.05 M, 8.635% Params, 805.31 MMac, 18.273% MACs, 2048, 512, kernel_size=(1,), stride=(1,), bias=False)
        (decomp1): series_decomp(
          0, 0.000% Params, 405.5 KMac, 0.009% MACs, 
          (moving_avg): moving_avg(
            0, 0.000% Params, 405.5 KMac, 0.009% MACs, 
            (avg): AvgPool1d(0, 0.000% Params, 405.5 KMac, 0.009% MACs, kernel_size=(25,), stride=(1,), padding=(0,))
          )
        )
        (decomp2): series_decomp(
          0, 0.000% Params, 405.5 KMac, 0.009% MACs, 
          (moving_avg): moving_avg(
            0, 0.000% Params, 405.5 KMac, 0.009% MACs, 
            (avg): AvgPool1d(0, 0.000% Params, 405.5 KMac, 0.009% MACs, kernel_size=(25,), stride=(1,), padding=(0,))
          )
        )
        (decomp3): series_decomp(
          0, 0.000% Params, 405.5 KMac, 0.009% MACs, 
          (moving_avg): moving_avg(
            0, 0.000% Params, 405.5 KMac, 0.009% MACs, 
            (avg): AvgPool1d(0, 0.000% Params, 405.5 KMac, 0.009% MACs, kernel_size=(25,), stride=(1,), padding=(0,))
          )
        )
        (dropout): Dropout(0, 0.000% Params, 0.0 Mac, 0.000% MACs, p=0.05, inplace=False)
        (projection): Conv1d(493.06 k, 4.060% Params, 378.67 MMac, 8.592% MACs, 512, 321, kernel_size=(3,), stride=(1,), padding=(1,), bias=False, padding_mode=circular)
      )
    )
    (norm): my_Layernorm(
      0, 0.000% Params, 0.0 Mac, 0.000% MACs, 
      (layernorm): LayerNorm(0, 0.000% Params, 0.0 Mac, 0.000% MACs, (512,), eps=1e-05, elementwise_affine=True)
    )
    (projection): Linear(164.67 k, 1.356% Params, 126.22 MMac, 2.864% MACs, in_features=512, out_features=321, bias=True)
  )
)
Computational complexity:       4.41 GMac
Number of parameters:           12.14 M 
