Args in experiment:
Namespace(is_training=1, model_id='ETTh1_96_336', model='Autoformer', data='ETTh1', root_path='./dataset/', data_path='ETTh1.csv', features='M', target='OT', freq='h', checkpoints='./checkpoints/', seq_len=96, label_len=48, pred_len=336, individual=False, embed_type=0, enc_in=7, dec_in=7, c_out=7, d_model=512, n_heads=8, e_layers=2, d_layers=1, d_ff=2048, moving_avg=25, factor=3, distil=True, dropout=0.05, embed='timeF', activation='gelu', output_attention=False, do_predict=False, num_workers=10, itr=1, train_epochs=10, batch_size=32, patience=3, learning_rate=0.0001, des='Exp', loss='mse', lradj='type1', use_amp=False, use_gpu=True, gpu=2, use_multi_gpu=False, devices='0,1,2,3', test_flop=True)
Use GPU: cuda:2
>>>>>>>start training : ETTh1_96_336_Autoformer_ETTh1_ftM_sl96_ll48_pl336_dm512_nh8_el2_dl1_df2048_fc3_ebtimeF_dtTrue_Exp_0>>>>>>>>>>>>>>>>>>>>>>>>>>
train 8209
val 2545
test 2545
	iters: 100, epoch: 1 | loss: 0.5562797
	speed: 0.2491s/iter; left time: 613.0699s
	iters: 200, epoch: 1 | loss: 0.5273743
	speed: 0.1127s/iter; left time: 266.0748s
Epoch: 1 cost time: 42.60531830787659
Epoch: 1, Steps: 256 | Train Loss: 0.5376443 Vali Loss: 1.4150213 Test Loss: 0.5572400
Validation loss decreased (inf --> 1.415021).  Saving model ...
Updating learning rate to 0.0001
	iters: 100, epoch: 2 | loss: 0.4571861
	speed: 0.4085s/iter; left time: 900.7988s
	iters: 200, epoch: 2 | loss: 0.5478474
	speed: 0.1152s/iter; left time: 242.4799s
Epoch: 2 cost time: 31.62762141227722
Epoch: 2, Steps: 256 | Train Loss: 0.4708396 Vali Loss: 1.3812321 Test Loss: 0.5308278
Validation loss decreased (1.415021 --> 1.381232).  Saving model ...
Updating learning rate to 5e-05
	iters: 100, epoch: 3 | loss: 0.4354462
	speed: 0.4080s/iter; left time: 795.1119s
	iters: 200, epoch: 3 | loss: 0.3790517
	speed: 0.1147s/iter; left time: 212.0955s
Epoch: 3 cost time: 31.42895007133484
Epoch: 3, Steps: 256 | Train Loss: 0.4331623 Vali Loss: 1.6648501 Test Loss: 0.7174608
EarlyStopping counter: 1 out of 3
Updating learning rate to 2.5e-05
	iters: 100, epoch: 4 | loss: 0.4020703
	speed: 0.4235s/iter; left time: 717.0607s
	iters: 200, epoch: 4 | loss: 0.4102918
	speed: 0.1131s/iter; left time: 180.1845s
Epoch: 4 cost time: 31.621927738189697
Epoch: 4, Steps: 256 | Train Loss: 0.4050452 Vali Loss: 1.4878547 Test Loss: 0.5616810
EarlyStopping counter: 2 out of 3
Updating learning rate to 1.25e-05
	iters: 100, epoch: 5 | loss: 0.3768082
	speed: 0.4127s/iter; left time: 593.1128s
	iters: 200, epoch: 5 | loss: 0.3673716
	speed: 0.1151s/iter; left time: 153.8676s
Epoch: 5 cost time: 31.607138872146606
Epoch: 5, Steps: 256 | Train Loss: 0.3798891 Vali Loss: 1.6822332 Test Loss: 0.5900983
EarlyStopping counter: 3 out of 3
Early stopping
>>>>>>>testing : ETTh1_96_336_Autoformer_ETTh1_ftM_sl96_ll48_pl336_dm512_nh8_el2_dl1_df2048_fc3_ebtimeF_dtTrue_Exp_0<<<<<<<<<<<<<<<<<<<<<<<<<<<<<<<<<
test 2545
mse:0.5308281779289246, mae:0.5007759928703308
INFO: Trainable parameter count: 0.01M
INFO: Trainable parameter count: 0.01M
INFO: Trainable parameter count: 0.02M
INFO: Trainable parameter count: 0.03M
INFO: Trainable parameter count: 0.29M
INFO: Trainable parameter count: 0.29M
INFO: Trainable parameter count: 0.55M
INFO: Trainable parameter count: 0.55M
INFO: Trainable parameter count: 0.81M
INFO: Trainable parameter count: 0.81M
INFO: Trainable parameter count: 1.08M
INFO: Trainable parameter count: 1.08M
INFO: Trainable parameter count: 2.12M
INFO: Trainable parameter count: 3.17M
INFO: Trainable parameter count: 3.44M
INFO: Trainable parameter count: 3.44M
INFO: Trainable parameter count: 3.70M
INFO: Trainable parameter count: 3.70M
INFO: Trainable parameter count: 3.96M
INFO: Trainable parameter count: 3.96M
INFO: Trainable parameter count: 4.22M
INFO: Trainable parameter count: 4.22M
INFO: Trainable parameter count: 5.27M
INFO: Trainable parameter count: 6.32M
INFO: Trainable parameter count: 6.32M
INFO: Trainable parameter count: 6.32M
INFO: Trainable parameter count: 6.58M
INFO: Trainable parameter count: 6.58M
INFO: Trainable parameter count: 6.85M
INFO: Trainable parameter count: 6.85M
INFO: Trainable parameter count: 7.11M
INFO: Trainable parameter count: 7.11M
INFO: Trainable parameter count: 7.37M
INFO: Trainable parameter count: 7.37M
INFO: Trainable parameter count: 7.63M
INFO: Trainable parameter count: 7.64M
INFO: Trainable parameter count: 7.90M
INFO: Trainable parameter count: 7.90M
INFO: Trainable parameter count: 8.16M
INFO: Trainable parameter count: 8.16M
INFO: Trainable parameter count: 8.42M
INFO: Trainable parameter count: 8.42M
INFO: Trainable parameter count: 9.47M
INFO: Trainable parameter count: 10.52M
INFO: Trainable parameter count: 10.53M
INFO: Trainable parameter count: 10.53M
INFO: Trainable parameter count: 10.53M
INFO: Trainable parameter count: 10.54M
INFO: Trainable parameter count: 10.54M
Model(
  10.53 M, 99.981% Params, 2.08 GMac, 100.000% MACs, 
  (decomp): series_decomp(
    0, 0.000% Params, 840.0 Mac, 0.000% MACs, 
    (moving_avg): moving_avg(
      0, 0.000% Params, 840.0 Mac, 0.000% MACs, 
      (avg): AvgPool1d(0, 0.000% Params, 840.0 Mac, 0.000% MACs, kernel_size=(25,), stride=(1,), padding=(0,))
    )
  )
  (enc_embedding): DataEmbedding_wo_pos(
    12.8 k, 0.121% Params, 1.23 MMac, 0.059% MACs, 
    (value_embedding): TokenEmbedding(
      10.75 k, 0.102% Params, 1.03 MMac, 0.050% MACs, 
      (tokenConv): Conv1d(10.75 k, 0.102% Params, 1.03 MMac, 0.050% MACs, 7, 512, kernel_size=(3,), stride=(1,), padding=(1,), bias=False, padding_mode=circular)
    )
    (position_embedding): PositionalEmbedding(0, 0.000% Params, 0.0 Mac, 0.000% MACs, )
    (temporal_embedding): TimeFeatureEmbedding(
      2.05 k, 0.019% Params, 196.61 KMac, 0.009% MACs, 
      (embed): Linear(2.05 k, 0.019% Params, 196.61 KMac, 0.009% MACs, in_features=4, out_features=512, bias=False)
    )
    (dropout): Dropout(0, 0.000% Params, 0.0 Mac, 0.000% MACs, p=0.05, inplace=False)
  )
  (dec_embedding): DataEmbedding_wo_pos(
    12.8 k, 0.121% Params, 4.92 MMac, 0.237% MACs, 
    (value_embedding): TokenEmbedding(
      10.75 k, 0.102% Params, 4.13 MMac, 0.199% MACs, 
      (tokenConv): Conv1d(10.75 k, 0.102% Params, 4.13 MMac, 0.199% MACs, 7, 512, kernel_size=(3,), stride=(1,), padding=(1,), bias=False, padding_mode=circular)
    )
    (position_embedding): PositionalEmbedding(0, 0.000% Params, 0.0 Mac, 0.000% MACs, )
    (temporal_embedding): TimeFeatureEmbedding(
      2.05 k, 0.019% Params, 786.43 KMac, 0.038% MACs, 
      (embed): Linear(2.05 k, 0.019% Params, 786.43 KMac, 0.038% MACs, in_features=4, out_features=512, bias=False)
    )
    (dropout): Dropout(0, 0.000% Params, 0.0 Mac, 0.000% MACs, p=0.05, inplace=False)
  )
  (encoder): Encoder(
    6.3 M, 59.753% Params, 604.23 MMac, 29.104% MACs, 
    (attn_layers): ModuleList(
      6.3 M, 59.753% Params, 604.23 MMac, 29.104% MACs, 
      (0): EncoderLayer(
        3.15 M, 29.877% Params, 302.11 MMac, 14.552% MACs, 
        (attention): AutoCorrelationLayer(
          1.05 M, 9.972% Params, 100.67 MMac, 4.849% MACs, 
          (inner_correlation): AutoCorrelation(
            0, 0.000% Params, 0.0 Mac, 0.000% MACs, 
            (dropout): Dropout(0, 0.000% Params, 0.0 Mac, 0.000% MACs, p=0.05, inplace=False)
          )
          (query_projection): Linear(262.66 k, 2.493% Params, 25.17 MMac, 1.212% MACs, in_features=512, out_features=512, bias=True)
          (key_projection): Linear(262.66 k, 2.493% Params, 25.17 MMac, 1.212% MACs, in_features=512, out_features=512, bias=True)
          (value_projection): Linear(262.66 k, 2.493% Params, 25.17 MMac, 1.212% MACs, in_features=512, out_features=512, bias=True)
          (out_projection): Linear(262.66 k, 2.493% Params, 25.17 MMac, 1.212% MACs, in_features=512, out_features=512, bias=True)
        )
        (conv1): Conv1d(1.05 M, 9.952% Params, 100.66 MMac, 4.849% MACs, 512, 2048, kernel_size=(1,), stride=(1,), bias=False)
        (conv2): Conv1d(1.05 M, 9.952% Params, 100.66 MMac, 4.849% MACs, 2048, 512, kernel_size=(1,), stride=(1,), bias=False)
        (decomp1): series_decomp(
          0, 0.000% Params, 61.44 KMac, 0.003% MACs, 
          (moving_avg): moving_avg(
            0, 0.000% Params, 61.44 KMac, 0.003% MACs, 
            (avg): AvgPool1d(0, 0.000% Params, 61.44 KMac, 0.003% MACs, kernel_size=(25,), stride=(1,), padding=(0,))
          )
        )
        (decomp2): series_decomp(
          0, 0.000% Params, 61.44 KMac, 0.003% MACs, 
          (moving_avg): moving_avg(
            0, 0.000% Params, 61.44 KMac, 0.003% MACs, 
            (avg): AvgPool1d(0, 0.000% Params, 61.44 KMac, 0.003% MACs, kernel_size=(25,), stride=(1,), padding=(0,))
          )
        )
        (dropout): Dropout(0, 0.000% Params, 0.0 Mac, 0.000% MACs, p=0.05, inplace=False)
      )
      (1): EncoderLayer(
        3.15 M, 29.877% Params, 302.11 MMac, 14.552% MACs, 
        (attention): AutoCorrelationLayer(
          1.05 M, 9.972% Params, 100.67 MMac, 4.849% MACs, 
          (inner_correlation): AutoCorrelation(
            0, 0.000% Params, 0.0 Mac, 0.000% MACs, 
            (dropout): Dropout(0, 0.000% Params, 0.0 Mac, 0.000% MACs, p=0.05, inplace=False)
          )
          (query_projection): Linear(262.66 k, 2.493% Params, 25.17 MMac, 1.212% MACs, in_features=512, out_features=512, bias=True)
          (key_projection): Linear(262.66 k, 2.493% Params, 25.17 MMac, 1.212% MACs, in_features=512, out_features=512, bias=True)
          (value_projection): Linear(262.66 k, 2.493% Params, 25.17 MMac, 1.212% MACs, in_features=512, out_features=512, bias=True)
          (out_projection): Linear(262.66 k, 2.493% Params, 25.17 MMac, 1.212% MACs, in_features=512, out_features=512, bias=True)
        )
        (conv1): Conv1d(1.05 M, 9.952% Params, 100.66 MMac, 4.849% MACs, 512, 2048, kernel_size=(1,), stride=(1,), bias=False)
        (conv2): Conv1d(1.05 M, 9.952% Params, 100.66 MMac, 4.849% MACs, 2048, 512, kernel_size=(1,), stride=(1,), bias=False)
        (decomp1): series_decomp(
          0, 0.000% Params, 61.44 KMac, 0.003% MACs, 
          (moving_avg): moving_avg(
            0, 0.000% Params, 61.44 KMac, 0.003% MACs, 
            (avg): AvgPool1d(0, 0.000% Params, 61.44 KMac, 0.003% MACs, kernel_size=(25,), stride=(1,), padding=(0,))
          )
        )
        (decomp2): series_decomp(
          0, 0.000% Params, 61.44 KMac, 0.003% MACs, 
          (moving_avg): moving_avg(
            0, 0.000% Params, 61.44 KMac, 0.003% MACs, 
            (avg): AvgPool1d(0, 0.000% Params, 61.44 KMac, 0.003% MACs, kernel_size=(25,), stride=(1,), padding=(0,))
          )
        )
        (dropout): Dropout(0, 0.000% Params, 0.0 Mac, 0.000% MACs, p=0.05, inplace=False)
      )
    )
    (norm): my_Layernorm(
      0, 0.000% Params, 0.0 Mac, 0.000% MACs, 
      (layernorm): LayerNorm(0, 0.000% Params, 0.0 Mac, 0.000% MACs, (512,), eps=1e-05, elementwise_affine=True)
    )
  )
  (decoder): Decoder(
    4.21 M, 39.984% Params, 1.47 GMac, 70.600% MACs, 
    (layers): ModuleList(
      4.21 M, 39.950% Params, 1.46 GMac, 70.534% MACs, 
      (0): DecoderLayer(
        4.21 M, 39.950% Params, 1.46 GMac, 70.534% MACs, 
        (self_attention): AutoCorrelationLayer(
          1.05 M, 9.972% Params, 402.66 MMac, 19.395% MACs, 
          (inner_correlation): AutoCorrelation(
            0, 0.000% Params, 0.0 Mac, 0.000% MACs, 
            (dropout): Dropout(0, 0.000% Params, 0.0 Mac, 0.000% MACs, p=0.05, inplace=False)
          )
          (query_projection): Linear(262.66 k, 2.493% Params, 100.66 MMac, 4.849% MACs, in_features=512, out_features=512, bias=True)
          (key_projection): Linear(262.66 k, 2.493% Params, 100.66 MMac, 4.849% MACs, in_features=512, out_features=512, bias=True)
          (value_projection): Linear(262.66 k, 2.493% Params, 100.66 MMac, 4.849% MACs, in_features=512, out_features=512, bias=True)
          (out_projection): Linear(262.66 k, 2.493% Params, 100.66 MMac, 4.849% MACs, in_features=512, out_features=512, bias=True)
        )
        (cross_attention): AutoCorrelationLayer(
          1.05 M, 9.972% Params, 251.66 MMac, 12.122% MACs, 
          (inner_correlation): AutoCorrelation(
            0, 0.000% Params, 0.0 Mac, 0.000% MACs, 
            (dropout): Dropout(0, 0.000% Params, 0.0 Mac, 0.000% MACs, p=0.05, inplace=False)
          )
          (query_projection): Linear(262.66 k, 2.493% Params, 100.66 MMac, 4.849% MACs, in_features=512, out_features=512, bias=True)
          (key_projection): Linear(262.66 k, 2.493% Params, 25.17 MMac, 1.212% MACs, in_features=512, out_features=512, bias=True)
          (value_projection): Linear(262.66 k, 2.493% Params, 25.17 MMac, 1.212% MACs, in_features=512, out_features=512, bias=True)
          (out_projection): Linear(262.66 k, 2.493% Params, 100.66 MMac, 4.849% MACs, in_features=512, out_features=512, bias=True)
        )
        (conv1): Conv1d(1.05 M, 9.952% Params, 402.65 MMac, 19.394% MACs, 512, 2048, kernel_size=(1,), stride=(1,), bias=False)
        (conv2): Conv1d(1.05 M, 9.952% Params, 402.65 MMac, 19.394% MACs, 2048, 512, kernel_size=(1,), stride=(1,), bias=False)
        (decomp1): series_decomp(
          0, 0.000% Params, 208.9 KMac, 0.010% MACs, 
          (moving_avg): moving_avg(
            0, 0.000% Params, 208.9 KMac, 0.010% MACs, 
            (avg): AvgPool1d(0, 0.000% Params, 208.9 KMac, 0.010% MACs, kernel_size=(25,), stride=(1,), padding=(0,))
          )
        )
        (decomp2): series_decomp(
          0, 0.000% Params, 208.9 KMac, 0.010% MACs, 
          (moving_avg): moving_avg(
            0, 0.000% Params, 208.9 KMac, 0.010% MACs, 
            (avg): AvgPool1d(0, 0.000% Params, 208.9 KMac, 0.010% MACs, kernel_size=(25,), stride=(1,), padding=(0,))
          )
        )
        (decomp3): series_decomp(
          0, 0.000% Params, 208.9 KMac, 0.010% MACs, 
          (moving_avg): moving_avg(
            0, 0.000% Params, 208.9 KMac, 0.010% MACs, 
            (avg): AvgPool1d(0, 0.000% Params, 208.9 KMac, 0.010% MACs, kernel_size=(25,), stride=(1,), padding=(0,))
          )
        )
        (dropout): Dropout(0, 0.000% Params, 0.0 Mac, 0.000% MACs, p=0.05, inplace=False)
        (projection): Conv1d(10.75 k, 0.102% Params, 4.13 MMac, 0.199% MACs, 512, 7, kernel_size=(3,), stride=(1,), padding=(1,), bias=False, padding_mode=circular)
      )
    )
    (norm): my_Layernorm(
      0, 0.000% Params, 0.0 Mac, 0.000% MACs, 
      (layernorm): LayerNorm(0, 0.000% Params, 0.0 Mac, 0.000% MACs, (512,), eps=1e-05, elementwise_affine=True)
    )
    (projection): Linear(3.59 k, 0.034% Params, 1.38 MMac, 0.066% MACs, in_features=512, out_features=7, bias=True)
  )
)
Computational complexity:       2.08 GMac
Number of parameters:           10.54 M 
