Args in experiment:
Namespace(is_training=1, model_id='Exchange_96_96', model='DLinear', data='custom', root_path='./dataset/', data_path='exchange_rate.csv', features='M', target='OT', freq='h', checkpoints='./checkpoints/', seq_len=96, label_len=48, pred_len=96, individual=False, embed_type=0, enc_in=8, dec_in=7, c_out=7, d_model=512, n_heads=8, e_layers=2, d_layers=1, d_ff=2048, moving_avg=25, factor=1, distil=True, dropout=0.05, embed='timeF', activation='gelu', output_attention=False, do_predict=False, num_workers=10, itr=1, train_epochs=10, batch_size=8, patience=3, learning_rate=0.0005, des='Exp', loss='mse', lradj='type1', use_amp=False, use_gpu=True, gpu=0, use_multi_gpu=False, devices='0,1,2,3', test_flop=True)
Use GPU: cuda:0
>>>>>>>start training : Exchange_96_96_DLinear_custom_ftM_sl96_ll48_pl96_dm512_nh8_el2_dl1_df2048_fc1_ebtimeF_dtTrue_Exp_0>>>>>>>>>>>>>>>>>>>>>>>>>>
train 5120
val 665
test 1422
Epoch: 1 cost time: 5.888755798339844
Epoch: 1, Steps: 640 | Train Loss: 0.1675853 Vali Loss: 0.1969939 Test Loss: 0.0875904
Validation loss decreased (inf --> 0.196994).  Saving model ...
Updating learning rate to 0.0005
Epoch: 2 cost time: 3.7948758602142334
Epoch: 2, Steps: 640 | Train Loss: 0.1245733 Vali Loss: 0.1445756 Test Loss: 0.0779444
Validation loss decreased (0.196994 --> 0.144576).  Saving model ...
Updating learning rate to 0.00025
Epoch: 3 cost time: 3.548454761505127
Epoch: 3, Steps: 640 | Train Loss: 0.1201440 Vali Loss: 0.1774099 Test Loss: 0.0815336
EarlyStopping counter: 1 out of 3
Updating learning rate to 0.000125
Epoch: 4 cost time: 4.057291507720947
Epoch: 4, Steps: 640 | Train Loss: 0.1189104 Vali Loss: 0.1697852 Test Loss: 0.0799948
EarlyStopping counter: 2 out of 3
Updating learning rate to 6.25e-05
Epoch: 5 cost time: 4.08022928237915
Epoch: 5, Steps: 640 | Train Loss: 0.1184498 Vali Loss: 0.1564231 Test Loss: 0.0773191
EarlyStopping counter: 3 out of 3
Early stopping
>>>>>>>testing : Exchange_96_96_DLinear_custom_ftM_sl96_ll48_pl96_dm512_nh8_el2_dl1_df2048_fc1_ebtimeF_dtTrue_Exp_0<<<<<<<<<<<<<<<<<<<<<<<<<<<<<<<<<
test 1422
mse:0.07794438302516937, mae:0.1982612907886505
INFO: Trainable parameter count: 0.01M
INFO: Trainable parameter count: 0.01M
INFO: Trainable parameter count: 0.02M
INFO: Trainable parameter count: 0.02M
Model(
  18.62 k, 100.000% Params, 148.61 KMac, 100.000% MACs, 
  (decompsition): series_decomp(
    0, 0.000% Params, 960.0 Mac, 0.646% MACs, 
    (moving_avg): moving_avg(
      0, 0.000% Params, 960.0 Mac, 0.646% MACs, 
      (avg): AvgPool1d(0, 0.000% Params, 960.0 Mac, 0.646% MACs, kernel_size=(25,), stride=(1,), padding=(0,))
    )
  )
  (Linear_Seasonal): Linear(9.31 k, 50.000% Params, 73.82 KMac, 49.677% MACs, in_features=96, out_features=96, bias=True)
  (Linear_Trend): Linear(9.31 k, 50.000% Params, 73.82 KMac, 49.677% MACs, in_features=96, out_features=96, bias=True)
)
Computational complexity:       148.61 KMac
Number of parameters:           18.62 k 
