Args in experiment:
Namespace(is_training=1, model_id='Exchange_96_192', model='DLinear', data='custom', root_path='./dataset/', data_path='ETTm1.csv', features='M', target='OT', freq='h', checkpoints='./checkpoints/', seq_len=96, label_len=48, pred_len=192, individual=False, embed_type=0, enc_in=8, dec_in=7, c_out=7, d_model=512, n_heads=8, e_layers=2, d_layers=1, d_ff=2048, moving_avg=25, factor=1, distil=True, dropout=0.05, embed='timeF', activation='gelu', output_attention=False, do_predict=False, num_workers=10, itr=1, train_epochs=10, batch_size=8, patience=3, learning_rate=0.0005, des='Exp', loss='mse', lradj='type1', use_amp=False, use_gpu=True, gpu=0, use_multi_gpu=False, devices='0,1,2,3', test_flop=True)
Use GPU: cuda:0
>>>>>>>start training : Exchange_96_192_DLinear_custom_ftM_sl96_ll48_pl192_dm512_nh8_el2_dl1_df2048_fc1_ebtimeF_dtTrue_Exp_0>>>>>>>>>>>>>>>>>>>>>>>>>>
train 48489
val 6777
test 13745
Epoch: 1 cost time: 26.971266984939575
Epoch: 1, Steps: 6061 | Train Loss: 0.3483641 Vali Loss: 0.3284733 Test Loss: 0.4268607
Validation loss decreased (inf --> 0.328473).  Saving model ...
Updating learning rate to 0.0005
Epoch: 2 cost time: 26.103724718093872
Epoch: 2, Steps: 6061 | Train Loss: 0.3421198 Vali Loss: 0.3224324 Test Loss: 0.4227231
Validation loss decreased (0.328473 --> 0.322432).  Saving model ...
Updating learning rate to 0.00025
Epoch: 3 cost time: 25.395440816879272
Epoch: 3, Steps: 6061 | Train Loss: 0.3403937 Vali Loss: 0.3214913 Test Loss: 0.4236030
Validation loss decreased (0.322432 --> 0.321491).  Saving model ...
Updating learning rate to 0.000125
Epoch: 4 cost time: 26.34958505630493
Epoch: 4, Steps: 6061 | Train Loss: 0.3395049 Vali Loss: 0.3211800 Test Loss: 0.4227834
Validation loss decreased (0.321491 --> 0.321180).  Saving model ...
Updating learning rate to 6.25e-05
Epoch: 5 cost time: 26.626062631607056
Epoch: 5, Steps: 6061 | Train Loss: 0.3390756 Vali Loss: 0.3208452 Test Loss: 0.4193230
Validation loss decreased (0.321180 --> 0.320845).  Saving model ...
Updating learning rate to 3.125e-05
Epoch: 6 cost time: 26.564240217208862
Epoch: 6, Steps: 6061 | Train Loss: 0.3388376 Vali Loss: 0.3212312 Test Loss: 0.4197149
EarlyStopping counter: 1 out of 3
Updating learning rate to 1.5625e-05
Epoch: 7 cost time: 25.906571865081787
Epoch: 7, Steps: 6061 | Train Loss: 0.3387208 Vali Loss: 0.3207628 Test Loss: 0.4201685
Validation loss decreased (0.320845 --> 0.320763).  Saving model ...
Updating learning rate to 7.8125e-06
Epoch: 8 cost time: 25.58024787902832
Epoch: 8, Steps: 6061 | Train Loss: 0.3386489 Vali Loss: 0.3211202 Test Loss: 0.4197945
EarlyStopping counter: 1 out of 3
Updating learning rate to 3.90625e-06
Epoch: 9 cost time: 24.992443561553955
Epoch: 9, Steps: 6061 | Train Loss: 0.3386232 Vali Loss: 0.3211362 Test Loss: 0.4193802
EarlyStopping counter: 2 out of 3
Updating learning rate to 1.953125e-06
Epoch: 10 cost time: 24.24041247367859
Epoch: 10, Steps: 6061 | Train Loss: 0.3386054 Vali Loss: 0.3209746 Test Loss: 0.4196860
EarlyStopping counter: 3 out of 3
Early stopping
>>>>>>>testing : Exchange_96_192_DLinear_custom_ftM_sl96_ll48_pl192_dm512_nh8_el2_dl1_df2048_fc1_ebtimeF_dtTrue_Exp_0<<<<<<<<<<<<<<<<<<<<<<<<<<<<<<<<<
test 13745
mse:0.42016851902008057, mae:0.41977864503860474
INFO: Trainable parameter count: 0.02M
INFO: Trainable parameter count: 0.02M
INFO: Trainable parameter count: 0.04M
INFO: Trainable parameter count: 0.04M
Model(
  37.25 k, 100.000% Params, 259.27 KMac, 100.000% MACs, 
  (decompsition): series_decomp(
    0, 0.000% Params, 840.0 Mac, 0.324% MACs, 
    (moving_avg): moving_avg(
      0, 0.000% Params, 840.0 Mac, 0.324% MACs, 
      (avg): AvgPool1d(0, 0.000% Params, 840.0 Mac, 0.324% MACs, kernel_size=(25,), stride=(1,), padding=(0,))
    )
  )
  (Linear_Seasonal): Linear(18.62 k, 50.000% Params, 129.22 KMac, 49.838% MACs, in_features=96, out_features=192, bias=True)
  (Linear_Trend): Linear(18.62 k, 50.000% Params, 129.22 KMac, 49.838% MACs, in_features=96, out_features=192, bias=True)
)
Computational complexity:       259.27 KMac
Number of parameters:           37.25 k 
