Args in experiment:
Namespace(is_training=1, model_id='Exchange_96_192', model='DLinear', data='custom', root_path='./dataset/', data_path='ETTm2.csv', features='M', target='OT', freq='h', checkpoints='./checkpoints/', seq_len=96, label_len=48, pred_len=192, individual=False, embed_type=0, enc_in=8, dec_in=7, c_out=7, d_model=512, n_heads=8, e_layers=2, d_layers=1, d_ff=2048, moving_avg=25, factor=1, distil=True, dropout=0.05, embed='timeF', activation='gelu', output_attention=False, do_predict=False, num_workers=10, itr=1, train_epochs=10, batch_size=8, patience=3, learning_rate=0.0005, des='Exp', loss='mse', lradj='type1', use_amp=False, use_gpu=True, gpu=0, use_multi_gpu=False, devices='0,1,2,3', test_flop=True)
Use GPU: cuda:0
>>>>>>>start training : Exchange_96_192_DLinear_custom_ftM_sl96_ll48_pl192_dm512_nh8_el2_dl1_df2048_fc1_ebtimeF_dtTrue_Exp_0>>>>>>>>>>>>>>>>>>>>>>>>>>
train 48489
val 6777
test 13745
Epoch: 1 cost time: 27.92241930961609
Epoch: 1, Steps: 6061 | Train Loss: 0.2324242 Vali Loss: 0.2316416 Test Loss: 0.1504884
Validation loss decreased (inf --> 0.231642).  Saving model ...
Updating learning rate to 0.0005
Epoch: 2 cost time: 27.035656690597534
Epoch: 2, Steps: 6061 | Train Loss: 0.2265810 Vali Loss: 0.2314734 Test Loss: 0.1500654
Validation loss decreased (0.231642 --> 0.231473).  Saving model ...
Updating learning rate to 0.00025
Epoch: 3 cost time: 26.831207752227783
Epoch: 3, Steps: 6061 | Train Loss: 0.2245421 Vali Loss: 0.2321670 Test Loss: 0.1513414
EarlyStopping counter: 1 out of 3
Updating learning rate to 0.000125
Epoch: 4 cost time: 26.788748264312744
Epoch: 4, Steps: 6061 | Train Loss: 0.2232952 Vali Loss: 0.2293591 Test Loss: 0.1488305
Validation loss decreased (0.231473 --> 0.229359).  Saving model ...
Updating learning rate to 6.25e-05
Epoch: 5 cost time: 26.726338148117065
Epoch: 5, Steps: 6061 | Train Loss: 0.2228051 Vali Loss: 0.2328215 Test Loss: 0.1517766
EarlyStopping counter: 1 out of 3
Updating learning rate to 3.125e-05
Epoch: 6 cost time: 25.65707540512085
Epoch: 6, Steps: 6061 | Train Loss: 0.2225259 Vali Loss: 0.2316505 Test Loss: 0.1509163
EarlyStopping counter: 2 out of 3
Updating learning rate to 1.5625e-05
Epoch: 7 cost time: 25.812947988510132
Epoch: 7, Steps: 6061 | Train Loss: 0.2223234 Vali Loss: 0.2324159 Test Loss: 0.1514148
EarlyStopping counter: 3 out of 3
Early stopping
>>>>>>>testing : Exchange_96_192_DLinear_custom_ftM_sl96_ll48_pl192_dm512_nh8_el2_dl1_df2048_fc1_ebtimeF_dtTrue_Exp_0<<<<<<<<<<<<<<<<<<<<<<<<<<<<<<<<<
test 13745
mse:0.1488303542137146, mae:0.2634250521659851
INFO: Trainable parameter count: 0.02M
INFO: Trainable parameter count: 0.02M
INFO: Trainable parameter count: 0.04M
INFO: Trainable parameter count: 0.04M
Model(
  37.25 k, 100.000% Params, 259.27 KMac, 100.000% MACs, 
  (decompsition): series_decomp(
    0, 0.000% Params, 840.0 Mac, 0.324% MACs, 
    (moving_avg): moving_avg(
      0, 0.000% Params, 840.0 Mac, 0.324% MACs, 
      (avg): AvgPool1d(0, 0.000% Params, 840.0 Mac, 0.324% MACs, kernel_size=(25,), stride=(1,), padding=(0,))
    )
  )
  (Linear_Seasonal): Linear(18.62 k, 50.000% Params, 129.22 KMac, 49.838% MACs, in_features=96, out_features=192, bias=True)
  (Linear_Trend): Linear(18.62 k, 50.000% Params, 129.22 KMac, 49.838% MACs, in_features=96, out_features=192, bias=True)
)
Computational complexity:       259.27 KMac
Number of parameters:           37.25 k 
