Args in experiment:
Namespace(is_training=1, model_id='ETTm1_96_96', model='Informer', data='ETTm1', root_path='./dataset/', data_path='ETTm1.csv', features='M', target='OT', freq='h', checkpoints='./checkpoints/', seq_len=96, label_len=48, pred_len=96, individual=False, embed_type=0, enc_in=7, dec_in=7, c_out=7, d_model=512, n_heads=8, e_layers=2, d_layers=1, d_ff=2048, moving_avg=25, factor=3, distil=True, dropout=0.05, embed='timeF', activation='gelu', output_attention=False, do_predict=False, num_workers=10, itr=1, train_epochs=10, batch_size=32, patience=3, learning_rate=0.0001, des='Exp', loss='mse', lradj='type1', use_amp=False, use_gpu=True, gpu=4, use_multi_gpu=False, devices='0,1,2,3', test_flop=True)
Use GPU: cuda:4
>>>>>>>start training : ETTm1_96_96_Informer_ETTm1_ftM_sl96_ll48_pl96_dm512_nh8_el2_dl1_df2048_fc3_ebtimeF_dtTrue_Exp_0>>>>>>>>>>>>>>>>>>>>>>>>>>
train 34369
val 11425
test 11425
	iters: 100, epoch: 1 | loss: 0.4236613
	speed: 0.2197s/iter; left time: 2337.6447s
	iters: 200, epoch: 1 | loss: 0.3406199
	speed: 0.0447s/iter; left time: 471.2741s
	iters: 300, epoch: 1 | loss: 0.3534194
	speed: 0.0465s/iter; left time: 485.1819s
	iters: 400, epoch: 1 | loss: 0.2817049
	speed: 0.0462s/iter; left time: 477.4270s
	iters: 500, epoch: 1 | loss: 0.3690604
	speed: 0.0460s/iter; left time: 470.7915s
	iters: 600, epoch: 1 | loss: 0.2529627
	speed: 0.0396s/iter; left time: 401.8730s
	iters: 700, epoch: 1 | loss: 0.2990638
	speed: 0.0387s/iter; left time: 388.3238s
	iters: 800, epoch: 1 | loss: 0.2753470
	speed: 0.0388s/iter; left time: 385.7108s
	iters: 900, epoch: 1 | loss: 0.2242988
	speed: 0.0388s/iter; left time: 381.6758s
	iters: 1000, epoch: 1 | loss: 0.2992710
	speed: 0.0385s/iter; left time: 375.0707s
Epoch: 1 cost time: 62.65548872947693
Epoch: 1, Steps: 1074 | Train Loss: 0.3111885 Vali Loss: 0.6719266 Test Loss: 0.6259972
Validation loss decreased (inf --> 0.671927).  Saving model ...
Updating learning rate to 0.0001
	iters: 100, epoch: 2 | loss: 0.2631216
	speed: 0.2407s/iter; left time: 2302.7878s
	iters: 200, epoch: 2 | loss: 0.2336459
	speed: 0.0468s/iter; left time: 443.2630s
	iters: 300, epoch: 2 | loss: 0.2457274
	speed: 0.0480s/iter; left time: 449.4950s
	iters: 400, epoch: 2 | loss: 0.2217502
	speed: 0.0466s/iter; left time: 431.5942s
	iters: 500, epoch: 2 | loss: 0.2294545
	speed: 0.0478s/iter; left time: 437.8306s
	iters: 600, epoch: 2 | loss: 0.2290968
	speed: 0.0455s/iter; left time: 412.9436s
	iters: 700, epoch: 2 | loss: 0.2308145
	speed: 0.0450s/iter; left time: 403.2207s
	iters: 800, epoch: 2 | loss: 0.2147113
	speed: 0.0469s/iter; left time: 415.7497s
	iters: 900, epoch: 2 | loss: 0.1998962
	speed: 0.0468s/iter; left time: 410.1379s
	iters: 1000, epoch: 2 | loss: 0.2909366
	speed: 0.0468s/iter; left time: 405.7645s
Epoch: 2 cost time: 52.27559018135071
Epoch: 2, Steps: 1074 | Train Loss: 0.2284542 Vali Loss: 0.6938154 Test Loss: 0.6559163
EarlyStopping counter: 1 out of 3
Updating learning rate to 5e-05
	iters: 100, epoch: 3 | loss: 0.1845537
	speed: 0.2670s/iter; left time: 2268.0511s
	iters: 200, epoch: 3 | loss: 0.2131877
	speed: 0.0477s/iter; left time: 400.3978s
	iters: 300, epoch: 3 | loss: 0.1859668
	speed: 0.0470s/iter; left time: 389.8931s
	iters: 400, epoch: 3 | loss: 0.1950062
	speed: 0.0454s/iter; left time: 371.7556s
	iters: 500, epoch: 3 | loss: 0.1709052
	speed: 0.0441s/iter; left time: 356.7972s
	iters: 600, epoch: 3 | loss: 0.1560253
	speed: 0.0442s/iter; left time: 353.6624s
	iters: 700, epoch: 3 | loss: 0.1669496
	speed: 0.0439s/iter; left time: 346.7250s
	iters: 800, epoch: 3 | loss: 0.1818212
	speed: 0.0435s/iter; left time: 338.9526s
	iters: 900, epoch: 3 | loss: 0.1983465
	speed: 0.0479s/iter; left time: 368.1872s
	iters: 1000, epoch: 3 | loss: 0.1482097
	speed: 0.0478s/iter; left time: 362.5691s
Epoch: 3 cost time: 51.952101707458496
Epoch: 3, Steps: 1074 | Train Loss: 0.1834243 Vali Loss: 0.7564248 Test Loss: 0.7972290
EarlyStopping counter: 2 out of 3
Updating learning rate to 2.5e-05
	iters: 100, epoch: 4 | loss: 0.1360902
	speed: 0.2396s/iter; left time: 1777.7695s
	iters: 200, epoch: 4 | loss: 0.1691418
	speed: 0.0394s/iter; left time: 288.1084s
	iters: 300, epoch: 4 | loss: 0.1728782
	speed: 0.0443s/iter; left time: 319.5647s
	iters: 400, epoch: 4 | loss: 0.1387160
	speed: 0.0488s/iter; left time: 347.1610s
	iters: 500, epoch: 4 | loss: 0.1557771
	speed: 0.0484s/iter; left time: 339.8851s
	iters: 600, epoch: 4 | loss: 0.1565829
	speed: 0.0489s/iter; left time: 338.3568s
	iters: 700, epoch: 4 | loss: 0.1392500
	speed: 0.0420s/iter; left time: 286.1644s
	iters: 800, epoch: 4 | loss: 0.1318684
	speed: 0.0425s/iter; left time: 285.3907s
	iters: 900, epoch: 4 | loss: 0.1752723
	speed: 0.0478s/iter; left time: 316.3204s
	iters: 1000, epoch: 4 | loss: 0.1412908
	speed: 0.0495s/iter; left time: 322.5043s
Epoch: 4 cost time: 50.60756325721741
Epoch: 4, Steps: 1074 | Train Loss: 0.1576461 Vali Loss: 0.8127311 Test Loss: 0.7874178
EarlyStopping counter: 3 out of 3
Early stopping
>>>>>>>testing : ETTm1_96_96_Informer_ETTm1_ftM_sl96_ll48_pl96_dm512_nh8_el2_dl1_df2048_fc3_ebtimeF_dtTrue_Exp_0<<<<<<<<<<<<<<<<<<<<<<<<<<<<<<<<<
test 11425
mse:0.6258518099784851, mae:0.5603815317153931
INFO: Trainable parameter count: 0.01M
INFO: Trainable parameter count: 0.01M
INFO: Trainable parameter count: 0.02M
INFO: Trainable parameter count: 0.03M
INFO: Trainable parameter count: 0.29M
INFO: Trainable parameter count: 0.29M
INFO: Trainable parameter count: 0.55M
INFO: Trainable parameter count: 0.55M
INFO: Trainable parameter count: 0.81M
INFO: Trainable parameter count: 0.81M
INFO: Trainable parameter count: 1.08M
INFO: Trainable parameter count: 1.08M
INFO: Trainable parameter count: 2.12M
INFO: Trainable parameter count: 2.13M
INFO: Trainable parameter count: 3.18M
INFO: Trainable parameter count: 3.18M
INFO: Trainable parameter count: 3.18M
INFO: Trainable parameter count: 3.18M
INFO: Trainable parameter count: 3.18M
INFO: Trainable parameter count: 3.18M
INFO: Trainable parameter count: 3.44M
INFO: Trainable parameter count: 3.44M
INFO: Trainable parameter count: 3.70M
INFO: Trainable parameter count: 3.70M
INFO: Trainable parameter count: 3.97M
INFO: Trainable parameter count: 3.97M
INFO: Trainable parameter count: 4.23M
INFO: Trainable parameter count: 4.23M
INFO: Trainable parameter count: 5.28M
INFO: Trainable parameter count: 5.28M
INFO: Trainable parameter count: 6.33M
INFO: Trainable parameter count: 6.33M
INFO: Trainable parameter count: 6.33M
INFO: Trainable parameter count: 6.33M
INFO: Trainable parameter count: 6.33M
INFO: Trainable parameter count: 6.33M
INFO: Trainable parameter count: 7.12M
INFO: Trainable parameter count: 7.12M
INFO: Trainable parameter count: 7.12M
INFO: Trainable parameter count: 7.12M
INFO: Trainable parameter count: 7.12M
INFO: Trainable parameter count: 7.12M
INFO: Trainable parameter count: 7.38M
INFO: Trainable parameter count: 7.38M
INFO: Trainable parameter count: 7.64M
INFO: Trainable parameter count: 7.64M
INFO: Trainable parameter count: 7.91M
INFO: Trainable parameter count: 7.91M
INFO: Trainable parameter count: 8.17M
INFO: Trainable parameter count: 8.17M
INFO: Trainable parameter count: 8.43M
INFO: Trainable parameter count: 8.43M
INFO: Trainable parameter count: 8.69M
INFO: Trainable parameter count: 8.70M
INFO: Trainable parameter count: 8.96M
INFO: Trainable parameter count: 8.96M
INFO: Trainable parameter count: 9.22M
INFO: Trainable parameter count: 9.22M
INFO: Trainable parameter count: 10.27M
INFO: Trainable parameter count: 10.27M
INFO: Trainable parameter count: 11.32M
INFO: Trainable parameter count: 11.32M
INFO: Trainable parameter count: 11.32M
INFO: Trainable parameter count: 11.32M
INFO: Trainable parameter count: 11.32M
INFO: Trainable parameter count: 11.32M
INFO: Trainable parameter count: 11.32M
INFO: Trainable parameter count: 11.32M
INFO: Trainable parameter count: 11.32M
INFO: Trainable parameter count: 11.32M
INFO: Trainable parameter count: 11.33M
INFO: Trainable parameter count: 11.33M
Model(
  11.32 M, 99.919% Params, 1.09 GMac, 100.000% MACs, 
  (enc_embedding): DataEmbedding(
    12.8 k, 0.113% Params, 1.23 MMac, 0.113% MACs, 
    (value_embedding): TokenEmbedding(
      10.75 k, 0.095% Params, 1.03 MMac, 0.095% MACs, 
      (tokenConv): Conv1d(10.75 k, 0.095% Params, 1.03 MMac, 0.095% MACs, 7, 512, kernel_size=(3,), stride=(1,), padding=(1,), bias=False, padding_mode=circular)
    )
    (position_embedding): PositionalEmbedding(0, 0.000% Params, 0.0 Mac, 0.000% MACs, )
    (temporal_embedding): TimeFeatureEmbedding(
      2.05 k, 0.018% Params, 196.61 KMac, 0.018% MACs, 
      (embed): Linear(2.05 k, 0.018% Params, 196.61 KMac, 0.018% MACs, in_features=4, out_features=512, bias=False)
    )
    (dropout): Dropout(0, 0.000% Params, 0.0 Mac, 0.000% MACs, p=0.05, inplace=False)
  )
  (dec_embedding): DataEmbedding(
    12.8 k, 0.113% Params, 1.84 MMac, 0.169% MACs, 
    (value_embedding): TokenEmbedding(
      10.75 k, 0.095% Params, 1.55 MMac, 0.142% MACs, 
      (tokenConv): Conv1d(10.75 k, 0.095% Params, 1.55 MMac, 0.142% MACs, 7, 512, kernel_size=(3,), stride=(1,), padding=(1,), bias=False, padding_mode=circular)
    )
    (position_embedding): PositionalEmbedding(0, 0.000% Params, 0.0 Mac, 0.000% MACs, )
    (temporal_embedding): TimeFeatureEmbedding(
      2.05 k, 0.018% Params, 294.91 KMac, 0.027% MACs, 
      (embed): Linear(2.05 k, 0.018% Params, 294.91 KMac, 0.027% MACs, in_features=4, out_features=512, bias=False)
    )
    (dropout): Dropout(0, 0.000% Params, 0.0 Mac, 0.000% MACs, p=0.05, inplace=False)
  )
  (encoder): Encoder(
    7.09 M, 62.576% Params, 533.83 MMac, 48.887% MACs, 
    (attn_layers): ModuleList(
      6.3 M, 55.620% Params, 456.51 MMac, 41.806% MACs, 
      (0): EncoderLayer(
        3.15 M, 27.810% Params, 302.24 MMac, 27.678% MACs, 
        (attention): AttentionLayer(
          1.05 M, 9.275% Params, 100.67 MMac, 9.219% MACs, 
          (inner_attention): ProbAttention(
            0, 0.000% Params, 0.0 Mac, 0.000% MACs, 
            (dropout): Dropout(0, 0.000% Params, 0.0 Mac, 0.000% MACs, p=0.05, inplace=False)
          )
          (query_projection): Linear(262.66 k, 2.319% Params, 25.17 MMac, 2.305% MACs, in_features=512, out_features=512, bias=True)
          (key_projection): Linear(262.66 k, 2.319% Params, 25.17 MMac, 2.305% MACs, in_features=512, out_features=512, bias=True)
          (value_projection): Linear(262.66 k, 2.319% Params, 25.17 MMac, 2.305% MACs, in_features=512, out_features=512, bias=True)
          (out_projection): Linear(262.66 k, 2.319% Params, 25.17 MMac, 2.305% MACs, in_features=512, out_features=512, bias=True)
        )
        (conv1): Conv1d(1.05 M, 9.275% Params, 100.86 MMac, 9.237% MACs, 512, 2048, kernel_size=(1,), stride=(1,))
        (conv2): Conv1d(1.05 M, 9.261% Params, 100.71 MMac, 9.223% MACs, 2048, 512, kernel_size=(1,), stride=(1,))
        (norm1): LayerNorm(0, 0.000% Params, 0.0 Mac, 0.000% MACs, (512,), eps=1e-05, elementwise_affine=True)
        (norm2): LayerNorm(0, 0.000% Params, 0.0 Mac, 0.000% MACs, (512,), eps=1e-05, elementwise_affine=True)
        (dropout): Dropout(0, 0.000% Params, 0.0 Mac, 0.000% MACs, p=0.05, inplace=False)
      )
      (1): EncoderLayer(
        3.15 M, 27.810% Params, 154.27 MMac, 14.128% MACs, 
        (attention): AttentionLayer(
          1.05 M, 9.275% Params, 51.38 MMac, 4.706% MACs, 
          (inner_attention): ProbAttention(
            0, 0.000% Params, 0.0 Mac, 0.000% MACs, 
            (dropout): Dropout(0, 0.000% Params, 0.0 Mac, 0.000% MACs, p=0.05, inplace=False)
          )
          (query_projection): Linear(262.66 k, 2.319% Params, 12.85 MMac, 1.176% MACs, in_features=512, out_features=512, bias=True)
          (key_projection): Linear(262.66 k, 2.319% Params, 12.85 MMac, 1.176% MACs, in_features=512, out_features=512, bias=True)
          (value_projection): Linear(262.66 k, 2.319% Params, 12.85 MMac, 1.176% MACs, in_features=512, out_features=512, bias=True)
          (out_projection): Linear(262.66 k, 2.319% Params, 12.85 MMac, 1.176% MACs, in_features=512, out_features=512, bias=True)
        )
        (conv1): Conv1d(1.05 M, 9.275% Params, 51.48 MMac, 4.715% MACs, 512, 2048, kernel_size=(1,), stride=(1,))
        (conv2): Conv1d(1.05 M, 9.261% Params, 51.41 MMac, 4.708% MACs, 2048, 512, kernel_size=(1,), stride=(1,))
        (norm1): LayerNorm(0, 0.000% Params, 0.0 Mac, 0.000% MACs, (512,), eps=1e-05, elementwise_affine=True)
        (norm2): LayerNorm(0, 0.000% Params, 0.0 Mac, 0.000% MACs, (512,), eps=1e-05, elementwise_affine=True)
        (dropout): Dropout(0, 0.000% Params, 0.0 Mac, 0.000% MACs, p=0.05, inplace=False)
      )
    )
    (conv_layers): ModuleList(
      787.97 k, 6.956% Params, 77.32 MMac, 7.081% MACs, 
      (0): ConvLayer(
        787.97 k, 6.956% Params, 77.32 MMac, 7.081% MACs, 
        (downConv): Conv1d(786.94 k, 6.947% Params, 77.12 MMac, 7.063% MACs, 512, 512, kernel_size=(3,), stride=(1,), padding=(2,), padding_mode=circular)
        (norm): BatchNorm1d(1.02 k, 0.009% Params, 100.35 KMac, 0.009% MACs, 512, eps=1e-05, momentum=0.1, affine=True, track_running_stats=True)
        (activation): ELU(0, 0.000% Params, 50.18 KMac, 0.005% MACs, alpha=1.0)
        (maxPool): MaxPool1d(0, 0.000% Params, 50.18 KMac, 0.005% MACs, kernel_size=3, stride=2, padding=1, dilation=1, ceil_mode=False)
      )
    )
    (norm): LayerNorm(0, 0.000% Params, 0.0 Mac, 0.000% MACs, (512,), eps=1e-05, elementwise_affine=True)
  )
  (decoder): Decoder(
    4.2 M, 37.116% Params, 555.06 MMac, 50.832% MACs, 
    (layers): ModuleList(
      4.2 M, 37.085% Params, 554.55 MMac, 50.784% MACs, 
      (0): DecoderLayer(
        4.2 M, 37.085% Params, 554.55 MMac, 50.784% MACs, 
        (self_attention): AttentionLayer(
          1.05 M, 9.275% Params, 151.0 MMac, 13.828% MACs, 
          (inner_attention): ProbAttention(
            0, 0.000% Params, 0.0 Mac, 0.000% MACs, 
            (dropout): Dropout(0, 0.000% Params, 0.0 Mac, 0.000% MACs, p=0.05, inplace=False)
          )
          (query_projection): Linear(262.66 k, 2.319% Params, 37.75 MMac, 3.457% MACs, in_features=512, out_features=512, bias=True)
          (key_projection): Linear(262.66 k, 2.319% Params, 37.75 MMac, 3.457% MACs, in_features=512, out_features=512, bias=True)
          (value_projection): Linear(262.66 k, 2.319% Params, 37.75 MMac, 3.457% MACs, in_features=512, out_features=512, bias=True)
          (out_projection): Linear(262.66 k, 2.319% Params, 37.75 MMac, 3.457% MACs, in_features=512, out_features=512, bias=True)
        )
        (cross_attention): AttentionLayer(
          1.05 M, 9.275% Params, 101.19 MMac, 9.267% MACs, 
          (inner_attention): ProbAttention(
            0, 0.000% Params, 0.0 Mac, 0.000% MACs, 
            (dropout): Dropout(0, 0.000% Params, 0.0 Mac, 0.000% MACs, p=0.05, inplace=False)
          )
          (query_projection): Linear(262.66 k, 2.319% Params, 37.75 MMac, 3.457% MACs, in_features=512, out_features=512, bias=True)
          (key_projection): Linear(262.66 k, 2.319% Params, 12.85 MMac, 1.176% MACs, in_features=512, out_features=512, bias=True)
          (value_projection): Linear(262.66 k, 2.319% Params, 12.85 MMac, 1.176% MACs, in_features=512, out_features=512, bias=True)
          (out_projection): Linear(262.66 k, 2.319% Params, 37.75 MMac, 3.457% MACs, in_features=512, out_features=512, bias=True)
        )
        (conv1): Conv1d(1.05 M, 9.275% Params, 151.29 MMac, 13.855% MACs, 512, 2048, kernel_size=(1,), stride=(1,))
        (conv2): Conv1d(1.05 M, 9.261% Params, 151.07 MMac, 13.835% MACs, 2048, 512, kernel_size=(1,), stride=(1,))
        (norm1): LayerNorm(0, 0.000% Params, 0.0 Mac, 0.000% MACs, (512,), eps=1e-05, elementwise_affine=True)
        (norm2): LayerNorm(0, 0.000% Params, 0.0 Mac, 0.000% MACs, (512,), eps=1e-05, elementwise_affine=True)
        (norm3): LayerNorm(0, 0.000% Params, 0.0 Mac, 0.000% MACs, (512,), eps=1e-05, elementwise_affine=True)
        (dropout): Dropout(0, 0.000% Params, 0.0 Mac, 0.000% MACs, p=0.05, inplace=False)
      )
    )
    (norm): LayerNorm(0, 0.000% Params, 0.0 Mac, 0.000% MACs, (512,), eps=1e-05, elementwise_affine=True)
    (projection): Linear(3.59 k, 0.032% Params, 516.1 KMac, 0.047% MACs, in_features=512, out_features=7, bias=True)
  )
)
Computational complexity:       1.09 GMac
Number of parameters:           11.33 M 
