Args in experiment:
Namespace(is_training=1, model_id='ETTm2_96_192', model='Informer', data='ETTm2', root_path='./dataset/', data_path='ETTm2.csv', features='M', target='OT', freq='h', checkpoints='./checkpoints/', seq_len=96, label_len=48, pred_len=192, individual=False, embed_type=0, enc_in=7, dec_in=7, c_out=7, d_model=512, n_heads=8, e_layers=2, d_layers=1, d_ff=2048, moving_avg=25, factor=3, distil=True, dropout=0.05, embed='timeF', activation='gelu', output_attention=False, do_predict=False, num_workers=10, itr=1, train_epochs=10, batch_size=32, patience=3, learning_rate=0.0001, des='Exp', loss='mse', lradj='type1', use_amp=False, use_gpu=True, gpu=5, use_multi_gpu=False, devices='0,1,2,3', test_flop=True)
Use GPU: cuda:5
>>>>>>>start training : ETTm2_96_192_Informer_ETTm2_ftM_sl96_ll48_pl192_dm512_nh8_el2_dl1_df2048_fc3_ebtimeF_dtTrue_Exp_0>>>>>>>>>>>>>>>>>>>>>>>>>>
train 34273
val 11329
test 11329
	iters: 100, epoch: 1 | loss: 0.3479812
	speed: 0.2465s/iter; left time: 2615.8699s
	iters: 200, epoch: 1 | loss: 0.2255166
	speed: 0.0683s/iter; left time: 718.1236s
	iters: 300, epoch: 1 | loss: 0.2175034
	speed: 0.0643s/iter; left time: 669.4955s
	iters: 400, epoch: 1 | loss: 0.3097144
	speed: 0.0608s/iter; left time: 626.4468s
	iters: 500, epoch: 1 | loss: 0.2289218
	speed: 0.0666s/iter; left time: 679.8243s
	iters: 600, epoch: 1 | loss: 0.2160975
	speed: 0.0673s/iter; left time: 680.7883s
	iters: 700, epoch: 1 | loss: 0.2841961
	speed: 0.0695s/iter; left time: 695.6525s
	iters: 800, epoch: 1 | loss: 0.1890018
	speed: 0.0677s/iter; left time: 670.9197s
	iters: 900, epoch: 1 | loss: 0.2252643
	speed: 0.0675s/iter; left time: 662.2146s
	iters: 1000, epoch: 1 | loss: 0.1884572
	speed: 0.0637s/iter; left time: 618.6205s
Epoch: 1 cost time: 88.70080256462097
Epoch: 1, Steps: 1071 | Train Loss: 0.2602716 Vali Loss: 0.4108454 Test Loss: 0.8217187
Validation loss decreased (inf --> 0.410845).  Saving model ...
Updating learning rate to 0.0001
	iters: 100, epoch: 2 | loss: 0.1623482
	speed: 0.3781s/iter; left time: 3607.3239s
	iters: 200, epoch: 2 | loss: 0.1986265
	speed: 0.0606s/iter; left time: 572.1646s
	iters: 300, epoch: 2 | loss: 0.2239899
	speed: 0.0614s/iter; left time: 573.1215s
	iters: 400, epoch: 2 | loss: 0.1837790
	speed: 0.0606s/iter; left time: 559.8180s
	iters: 500, epoch: 2 | loss: 0.1623442
	speed: 0.0600s/iter; left time: 548.8185s
	iters: 600, epoch: 2 | loss: 0.2439783
	speed: 0.0640s/iter; left time: 578.2294s
	iters: 700, epoch: 2 | loss: 0.1983255
	speed: 0.0689s/iter; left time: 616.1496s
	iters: 800, epoch: 2 | loss: 0.2245231
	speed: 0.0657s/iter; left time: 580.5188s
	iters: 900, epoch: 2 | loss: 0.1559963
	speed: 0.0612s/iter; left time: 534.7864s
	iters: 1000, epoch: 2 | loss: 0.1874181
	speed: 0.0615s/iter; left time: 531.6407s
Epoch: 2 cost time: 68.54543876647949
Epoch: 2, Steps: 1071 | Train Loss: 0.1884922 Vali Loss: 0.5101064 Test Loss: 0.9698338
EarlyStopping counter: 1 out of 3
Updating learning rate to 5e-05
	iters: 100, epoch: 3 | loss: 0.1488421
	speed: 0.3791s/iter; left time: 3210.7205s
	iters: 200, epoch: 3 | loss: 0.1297686
	speed: 0.0584s/iter; left time: 488.7383s
	iters: 300, epoch: 3 | loss: 0.1389624
	speed: 0.0567s/iter; left time: 469.0754s
	iters: 400, epoch: 3 | loss: 0.1055321
	speed: 0.0617s/iter; left time: 504.2851s
	iters: 500, epoch: 3 | loss: 0.2427651
	speed: 0.0604s/iter; left time: 487.5071s
	iters: 600, epoch: 3 | loss: 0.1399130
	speed: 0.0620s/iter; left time: 494.2782s
	iters: 700, epoch: 3 | loss: 0.1484407
	speed: 0.0617s/iter; left time: 485.3398s
	iters: 800, epoch: 3 | loss: 0.1787106
	speed: 0.0616s/iter; left time: 478.9458s
	iters: 900, epoch: 3 | loss: 0.1181696
	speed: 0.0612s/iter; left time: 469.0448s
	iters: 1000, epoch: 3 | loss: 0.1286619
	speed: 0.0610s/iter; left time: 461.4879s
Epoch: 3 cost time: 66.49785566329956
Epoch: 3, Steps: 1071 | Train Loss: 0.1431978 Vali Loss: 0.6173059 Test Loss: 1.2586613
EarlyStopping counter: 2 out of 3
Updating learning rate to 2.5e-05
	iters: 100, epoch: 4 | loss: 0.1008753
	speed: 0.3728s/iter; left time: 2757.8682s
	iters: 200, epoch: 4 | loss: 0.1230113
	speed: 0.0630s/iter; left time: 459.4893s
	iters: 300, epoch: 4 | loss: 0.1387482
	speed: 0.0617s/iter; left time: 443.8444s
	iters: 400, epoch: 4 | loss: 0.1093290
	speed: 0.0708s/iter; left time: 502.6975s
	iters: 500, epoch: 4 | loss: 0.1202339
	speed: 0.0713s/iter; left time: 498.9077s
	iters: 600, epoch: 4 | loss: 0.1143881
	speed: 0.0647s/iter; left time: 446.3089s
	iters: 700, epoch: 4 | loss: 0.1212778
	speed: 0.0638s/iter; left time: 433.4904s
	iters: 800, epoch: 4 | loss: 0.1001127
	speed: 0.0601s/iter; left time: 402.6229s
	iters: 900, epoch: 4 | loss: 0.1143899
	speed: 0.0594s/iter; left time: 392.1938s
	iters: 1000, epoch: 4 | loss: 0.0993831
	speed: 0.0581s/iter; left time: 377.2875s
Epoch: 4 cost time: 69.210702419281
Epoch: 4, Steps: 1071 | Train Loss: 0.1201509 Vali Loss: 0.6730300 Test Loss: 1.3895253
EarlyStopping counter: 3 out of 3
Early stopping
>>>>>>>testing : ETTm2_96_192_Informer_ETTm2_ftM_sl96_ll48_pl192_dm512_nh8_el2_dl1_df2048_fc3_ebtimeF_dtTrue_Exp_0<<<<<<<<<<<<<<<<<<<<<<<<<<<<<<<<<
test 11329
mse:0.8219096064567566, mae:0.7095674276351929
INFO: Trainable parameter count: 0.01M
INFO: Trainable parameter count: 0.01M
INFO: Trainable parameter count: 0.02M
INFO: Trainable parameter count: 0.03M
INFO: Trainable parameter count: 0.29M
INFO: Trainable parameter count: 0.29M
INFO: Trainable parameter count: 0.55M
INFO: Trainable parameter count: 0.55M
INFO: Trainable parameter count: 0.81M
INFO: Trainable parameter count: 0.81M
INFO: Trainable parameter count: 1.08M
INFO: Trainable parameter count: 1.08M
INFO: Trainable parameter count: 2.12M
INFO: Trainable parameter count: 2.13M
INFO: Trainable parameter count: 3.18M
INFO: Trainable parameter count: 3.18M
INFO: Trainable parameter count: 3.18M
INFO: Trainable parameter count: 3.18M
INFO: Trainable parameter count: 3.18M
INFO: Trainable parameter count: 3.18M
INFO: Trainable parameter count: 3.44M
INFO: Trainable parameter count: 3.44M
INFO: Trainable parameter count: 3.70M
INFO: Trainable parameter count: 3.70M
INFO: Trainable parameter count: 3.97M
INFO: Trainable parameter count: 3.97M
INFO: Trainable parameter count: 4.23M
INFO: Trainable parameter count: 4.23M
INFO: Trainable parameter count: 5.28M
INFO: Trainable parameter count: 5.28M
INFO: Trainable parameter count: 6.33M
INFO: Trainable parameter count: 6.33M
INFO: Trainable parameter count: 6.33M
INFO: Trainable parameter count: 6.33M
INFO: Trainable parameter count: 6.33M
INFO: Trainable parameter count: 6.33M
INFO: Trainable parameter count: 7.12M
INFO: Trainable parameter count: 7.12M
INFO: Trainable parameter count: 7.12M
INFO: Trainable parameter count: 7.12M
INFO: Trainable parameter count: 7.12M
INFO: Trainable parameter count: 7.12M
INFO: Trainable parameter count: 7.38M
INFO: Trainable parameter count: 7.38M
INFO: Trainable parameter count: 7.64M
INFO: Trainable parameter count: 7.64M
INFO: Trainable parameter count: 7.91M
INFO: Trainable parameter count: 7.91M
INFO: Trainable parameter count: 8.17M
INFO: Trainable parameter count: 8.17M
INFO: Trainable parameter count: 8.43M
INFO: Trainable parameter count: 8.43M
INFO: Trainable parameter count: 8.69M
INFO: Trainable parameter count: 8.70M
INFO: Trainable parameter count: 8.96M
INFO: Trainable parameter count: 8.96M
INFO: Trainable parameter count: 9.22M
INFO: Trainable parameter count: 9.22M
INFO: Trainable parameter count: 10.27M
INFO: Trainable parameter count: 10.27M
INFO: Trainable parameter count: 11.32M
INFO: Trainable parameter count: 11.32M
INFO: Trainable parameter count: 11.32M
INFO: Trainable parameter count: 11.32M
INFO: Trainable parameter count: 11.32M
INFO: Trainable parameter count: 11.32M
INFO: Trainable parameter count: 11.32M
INFO: Trainable parameter count: 11.32M
INFO: Trainable parameter count: 11.32M
INFO: Trainable parameter count: 11.32M
INFO: Trainable parameter count: 11.33M
INFO: Trainable parameter count: 11.33M
Model(
  11.32 M, 99.919% Params, 1.45 GMac, 100.000% MACs, 
  (enc_embedding): DataEmbedding(
    12.8 k, 0.113% Params, 1.23 MMac, 0.085% MACs, 
    (value_embedding): TokenEmbedding(
      10.75 k, 0.095% Params, 1.03 MMac, 0.071% MACs, 
      (tokenConv): Conv1d(10.75 k, 0.095% Params, 1.03 MMac, 0.071% MACs, 7, 512, kernel_size=(3,), stride=(1,), padding=(1,), bias=False, padding_mode=circular)
    )
    (position_embedding): PositionalEmbedding(0, 0.000% Params, 0.0 Mac, 0.000% MACs, )
    (temporal_embedding): TimeFeatureEmbedding(
      2.05 k, 0.018% Params, 196.61 KMac, 0.014% MACs, 
      (embed): Linear(2.05 k, 0.018% Params, 196.61 KMac, 0.014% MACs, in_features=4, out_features=512, bias=False)
    )
    (dropout): Dropout(0, 0.000% Params, 0.0 Mac, 0.000% MACs, p=0.05, inplace=False)
  )
  (dec_embedding): DataEmbedding(
    12.8 k, 0.113% Params, 3.07 MMac, 0.212% MACs, 
    (value_embedding): TokenEmbedding(
      10.75 k, 0.095% Params, 2.58 MMac, 0.178% MACs, 
      (tokenConv): Conv1d(10.75 k, 0.095% Params, 2.58 MMac, 0.178% MACs, 7, 512, kernel_size=(3,), stride=(1,), padding=(1,), bias=False, padding_mode=circular)
    )
    (position_embedding): PositionalEmbedding(0, 0.000% Params, 0.0 Mac, 0.000% MACs, )
    (temporal_embedding): TimeFeatureEmbedding(
      2.05 k, 0.018% Params, 491.52 KMac, 0.034% MACs, 
      (embed): Linear(2.05 k, 0.018% Params, 491.52 KMac, 0.034% MACs, in_features=4, out_features=512, bias=False)
    )
    (dropout): Dropout(0, 0.000% Params, 0.0 Mac, 0.000% MACs, p=0.05, inplace=False)
  )
  (encoder): Encoder(
    7.09 M, 62.576% Params, 533.83 MMac, 36.915% MACs, 
    (attn_layers): ModuleList(
      6.3 M, 55.620% Params, 456.51 MMac, 31.568% MACs, 
      (0): EncoderLayer(
        3.15 M, 27.810% Params, 302.24 MMac, 20.900% MACs, 
        (attention): AttentionLayer(
          1.05 M, 9.275% Params, 100.67 MMac, 6.961% MACs, 
          (inner_attention): ProbAttention(
            0, 0.000% Params, 0.0 Mac, 0.000% MACs, 
            (dropout): Dropout(0, 0.000% Params, 0.0 Mac, 0.000% MACs, p=0.05, inplace=False)
          )
          (query_projection): Linear(262.66 k, 2.319% Params, 25.17 MMac, 1.740% MACs, in_features=512, out_features=512, bias=True)
          (key_projection): Linear(262.66 k, 2.319% Params, 25.17 MMac, 1.740% MACs, in_features=512, out_features=512, bias=True)
          (value_projection): Linear(262.66 k, 2.319% Params, 25.17 MMac, 1.740% MACs, in_features=512, out_features=512, bias=True)
          (out_projection): Linear(262.66 k, 2.319% Params, 25.17 MMac, 1.740% MACs, in_features=512, out_features=512, bias=True)
        )
        (conv1): Conv1d(1.05 M, 9.275% Params, 100.86 MMac, 6.975% MACs, 512, 2048, kernel_size=(1,), stride=(1,))
        (conv2): Conv1d(1.05 M, 9.261% Params, 100.71 MMac, 6.964% MACs, 2048, 512, kernel_size=(1,), stride=(1,))
        (norm1): LayerNorm(0, 0.000% Params, 0.0 Mac, 0.000% MACs, (512,), eps=1e-05, elementwise_affine=True)
        (norm2): LayerNorm(0, 0.000% Params, 0.0 Mac, 0.000% MACs, (512,), eps=1e-05, elementwise_affine=True)
        (dropout): Dropout(0, 0.000% Params, 0.0 Mac, 0.000% MACs, p=0.05, inplace=False)
      )
      (1): EncoderLayer(
        3.15 M, 27.810% Params, 154.27 MMac, 10.668% MACs, 
        (attention): AttentionLayer(
          1.05 M, 9.275% Params, 51.38 MMac, 3.553% MACs, 
          (inner_attention): ProbAttention(
            0, 0.000% Params, 0.0 Mac, 0.000% MACs, 
            (dropout): Dropout(0, 0.000% Params, 0.0 Mac, 0.000% MACs, p=0.05, inplace=False)
          )
          (query_projection): Linear(262.66 k, 2.319% Params, 12.85 MMac, 0.888% MACs, in_features=512, out_features=512, bias=True)
          (key_projection): Linear(262.66 k, 2.319% Params, 12.85 MMac, 0.888% MACs, in_features=512, out_features=512, bias=True)
          (value_projection): Linear(262.66 k, 2.319% Params, 12.85 MMac, 0.888% MACs, in_features=512, out_features=512, bias=True)
          (out_projection): Linear(262.66 k, 2.319% Params, 12.85 MMac, 0.888% MACs, in_features=512, out_features=512, bias=True)
        )
        (conv1): Conv1d(1.05 M, 9.275% Params, 51.48 MMac, 3.560% MACs, 512, 2048, kernel_size=(1,), stride=(1,))
        (conv2): Conv1d(1.05 M, 9.261% Params, 51.41 MMac, 3.555% MACs, 2048, 512, kernel_size=(1,), stride=(1,))
        (norm1): LayerNorm(0, 0.000% Params, 0.0 Mac, 0.000% MACs, (512,), eps=1e-05, elementwise_affine=True)
        (norm2): LayerNorm(0, 0.000% Params, 0.0 Mac, 0.000% MACs, (512,), eps=1e-05, elementwise_affine=True)
        (dropout): Dropout(0, 0.000% Params, 0.0 Mac, 0.000% MACs, p=0.05, inplace=False)
      )
    )
    (conv_layers): ModuleList(
      787.97 k, 6.956% Params, 77.32 MMac, 5.347% MACs, 
      (0): ConvLayer(
        787.97 k, 6.956% Params, 77.32 MMac, 5.347% MACs, 
        (downConv): Conv1d(786.94 k, 6.947% Params, 77.12 MMac, 5.333% MACs, 512, 512, kernel_size=(3,), stride=(1,), padding=(2,), padding_mode=circular)
        (norm): BatchNorm1d(1.02 k, 0.009% Params, 100.35 KMac, 0.007% MACs, 512, eps=1e-05, momentum=0.1, affine=True, track_running_stats=True)
        (activation): ELU(0, 0.000% Params, 50.18 KMac, 0.003% MACs, alpha=1.0)
        (maxPool): MaxPool1d(0, 0.000% Params, 50.18 KMac, 0.003% MACs, kernel_size=3, stride=2, padding=1, dilation=1, ceil_mode=False)
      )
    )
    (norm): LayerNorm(0, 0.000% Params, 0.0 Mac, 0.000% MACs, (512,), eps=1e-05, elementwise_affine=True)
  )
  (decoder): Decoder(
    4.2 M, 37.116% Params, 907.97 MMac, 62.788% MACs, 
    (layers): ModuleList(
      4.2 M, 37.085% Params, 907.11 MMac, 62.728% MACs, 
      (0): DecoderLayer(
        4.2 M, 37.085% Params, 907.11 MMac, 62.728% MACs, 
        (self_attention): AttentionLayer(
          1.05 M, 9.275% Params, 251.66 MMac, 17.403% MACs, 
          (inner_attention): ProbAttention(
            0, 0.000% Params, 0.0 Mac, 0.000% MACs, 
            (dropout): Dropout(0, 0.000% Params, 0.0 Mac, 0.000% MACs, p=0.05, inplace=False)
          )
          (query_projection): Linear(262.66 k, 2.319% Params, 62.92 MMac, 4.351% MACs, in_features=512, out_features=512, bias=True)
          (key_projection): Linear(262.66 k, 2.319% Params, 62.92 MMac, 4.351% MACs, in_features=512, out_features=512, bias=True)
          (value_projection): Linear(262.66 k, 2.319% Params, 62.92 MMac, 4.351% MACs, in_features=512, out_features=512, bias=True)
          (out_projection): Linear(262.66 k, 2.319% Params, 62.92 MMac, 4.351% MACs, in_features=512, out_features=512, bias=True)
        )
        (cross_attention): AttentionLayer(
          1.05 M, 9.275% Params, 151.52 MMac, 10.478% MACs, 
          (inner_attention): ProbAttention(
            0, 0.000% Params, 0.0 Mac, 0.000% MACs, 
            (dropout): Dropout(0, 0.000% Params, 0.0 Mac, 0.000% MACs, p=0.05, inplace=False)
          )
          (query_projection): Linear(262.66 k, 2.319% Params, 62.92 MMac, 4.351% MACs, in_features=512, out_features=512, bias=True)
          (key_projection): Linear(262.66 k, 2.319% Params, 12.85 MMac, 0.888% MACs, in_features=512, out_features=512, bias=True)
          (value_projection): Linear(262.66 k, 2.319% Params, 12.85 MMac, 0.888% MACs, in_features=512, out_features=512, bias=True)
          (out_projection): Linear(262.66 k, 2.319% Params, 62.92 MMac, 4.351% MACs, in_features=512, out_features=512, bias=True)
        )
        (conv1): Conv1d(1.05 M, 9.275% Params, 252.15 MMac, 17.437% MACs, 512, 2048, kernel_size=(1,), stride=(1,))
        (conv2): Conv1d(1.05 M, 9.261% Params, 251.78 MMac, 17.411% MACs, 2048, 512, kernel_size=(1,), stride=(1,))
        (norm1): LayerNorm(0, 0.000% Params, 0.0 Mac, 0.000% MACs, (512,), eps=1e-05, elementwise_affine=True)
        (norm2): LayerNorm(0, 0.000% Params, 0.0 Mac, 0.000% MACs, (512,), eps=1e-05, elementwise_affine=True)
        (norm3): LayerNorm(0, 0.000% Params, 0.0 Mac, 0.000% MACs, (512,), eps=1e-05, elementwise_affine=True)
        (dropout): Dropout(0, 0.000% Params, 0.0 Mac, 0.000% MACs, p=0.05, inplace=False)
      )
    )
    (norm): LayerNorm(0, 0.000% Params, 0.0 Mac, 0.000% MACs, (512,), eps=1e-05, elementwise_affine=True)
    (projection): Linear(3.59 k, 0.032% Params, 860.17 KMac, 0.059% MACs, in_features=512, out_features=7, bias=True)
  )
)
Computational complexity:       1.45 GMac
Number of parameters:           11.33 M 
