Args in experiment:
Namespace(is_training=1, model_id='ETTm1_96_336', model='Informer', data='ETTm1', root_path='./dataset/', data_path='ETTm1.csv', features='M', target='OT', freq='h', checkpoints='./checkpoints/', seq_len=96, label_len=48, pred_len=336, individual=False, embed_type=0, enc_in=7, dec_in=7, c_out=7, d_model=512, n_heads=8, e_layers=2, d_layers=1, d_ff=2048, moving_avg=25, factor=3, distil=True, dropout=0.05, embed='timeF', activation='gelu', output_attention=False, do_predict=False, num_workers=10, itr=1, train_epochs=10, batch_size=32, patience=3, learning_rate=0.0001, des='Exp', loss='mse', lradj='type1', use_amp=False, use_gpu=True, gpu=4, use_multi_gpu=False, devices='0,1,2,3', test_flop=True)
Use GPU: cuda:4
>>>>>>>start training : ETTm1_96_336_Informer_ETTm1_ftM_sl96_ll48_pl336_dm512_nh8_el2_dl1_df2048_fc3_ebtimeF_dtTrue_Exp_0>>>>>>>>>>>>>>>>>>>>>>>>>>
train 34129
val 11185
test 11185
	iters: 100, epoch: 1 | loss: 0.4478163
	speed: 0.2248s/iter; left time: 2374.4828s
	iters: 200, epoch: 1 | loss: 0.4854555
	speed: 0.0700s/iter; left time: 732.0045s
	iters: 300, epoch: 1 | loss: 0.5240284
	speed: 0.0705s/iter; left time: 730.7852s
	iters: 400, epoch: 1 | loss: 0.4042031
	speed: 0.0676s/iter; left time: 693.3484s
	iters: 500, epoch: 1 | loss: 0.3810557
	speed: 0.0751s/iter; left time: 763.2751s
	iters: 600, epoch: 1 | loss: 0.3772598
	speed: 0.0757s/iter; left time: 762.0440s
	iters: 700, epoch: 1 | loss: 0.3632953
	speed: 0.0747s/iter; left time: 744.1367s
	iters: 800, epoch: 1 | loss: 0.3551854
	speed: 0.0760s/iter; left time: 749.2238s
	iters: 900, epoch: 1 | loss: 0.3305024
	speed: 0.0759s/iter; left time: 741.2381s
	iters: 1000, epoch: 1 | loss: 0.3028332
	speed: 0.0758s/iter; left time: 731.8345s
Epoch: 1 cost time: 93.55718350410461
Epoch: 1, Steps: 1066 | Train Loss: 0.3939010 Vali Loss: 1.0746276 Test Loss: 1.2631332
Validation loss decreased (inf --> 1.074628).  Saving model ...
Updating learning rate to 0.0001
	iters: 100, epoch: 2 | loss: 0.2877073
	speed: 0.4492s/iter; left time: 4265.4161s
	iters: 200, epoch: 2 | loss: 0.3236768
	speed: 0.0724s/iter; left time: 679.8859s
	iters: 300, epoch: 2 | loss: 0.2734154
	speed: 0.0842s/iter; left time: 782.5970s
	iters: 400, epoch: 2 | loss: 0.2738762
	speed: 0.0817s/iter; left time: 750.9635s
	iters: 500, epoch: 2 | loss: 0.2578699
	speed: 0.0783s/iter; left time: 712.3799s
	iters: 600, epoch: 2 | loss: 0.2758866
	speed: 0.0730s/iter; left time: 656.8113s
	iters: 700, epoch: 2 | loss: 0.2638599
	speed: 0.0726s/iter; left time: 645.6303s
	iters: 800, epoch: 2 | loss: 0.2458202
	speed: 0.0680s/iter; left time: 597.7006s
	iters: 900, epoch: 2 | loss: 0.2295486
	speed: 0.0744s/iter; left time: 647.0660s
	iters: 1000, epoch: 2 | loss: 0.2603702
	speed: 0.0744s/iter; left time: 639.5216s
Epoch: 2 cost time: 82.68531060218811
Epoch: 2, Steps: 1066 | Train Loss: 0.2731151 Vali Loss: 1.0319079 Test Loss: 1.0480587
Validation loss decreased (1.074628 --> 1.031908).  Saving model ...
Updating learning rate to 5e-05
	iters: 100, epoch: 3 | loss: 0.2670460
	speed: 0.4457s/iter; left time: 3757.0706s
	iters: 200, epoch: 3 | loss: 0.2299066
	speed: 0.0775s/iter; left time: 645.5617s
	iters: 300, epoch: 3 | loss: 0.2204503
	speed: 0.0749s/iter; left time: 615.9877s
	iters: 400, epoch: 3 | loss: 0.2227865
	speed: 0.0743s/iter; left time: 604.3529s
	iters: 500, epoch: 3 | loss: 0.2258991
	speed: 0.0742s/iter; left time: 595.7010s
	iters: 600, epoch: 3 | loss: 0.2261493
	speed: 0.0862s/iter; left time: 683.5747s
	iters: 700, epoch: 3 | loss: 0.2061505
	speed: 0.0823s/iter; left time: 644.4087s
	iters: 800, epoch: 3 | loss: 0.2100211
	speed: 0.0744s/iter; left time: 575.0527s
	iters: 900, epoch: 3 | loss: 0.1978506
	speed: 0.0718s/iter; left time: 547.4328s
	iters: 1000, epoch: 3 | loss: 0.2101416
	speed: 0.0728s/iter; left time: 547.8493s
Epoch: 3 cost time: 82.53950381278992
Epoch: 3, Steps: 1066 | Train Loss: 0.2161086 Vali Loss: 1.1391501 Test Loss: 1.1584229
EarlyStopping counter: 1 out of 3
Updating learning rate to 2.5e-05
	iters: 100, epoch: 4 | loss: 0.1915576
	speed: 0.4487s/iter; left time: 3304.0033s
	iters: 200, epoch: 4 | loss: 0.1948564
	speed: 0.0798s/iter; left time: 579.8620s
	iters: 300, epoch: 4 | loss: 0.1906157
	speed: 0.0751s/iter; left time: 537.8973s
	iters: 400, epoch: 4 | loss: 0.1828826
	speed: 0.0775s/iter; left time: 547.3472s
	iters: 500, epoch: 4 | loss: 0.1797753
	speed: 0.0797s/iter; left time: 555.0075s
	iters: 600, epoch: 4 | loss: 0.2089123
	speed: 0.0819s/iter; left time: 561.8037s
	iters: 700, epoch: 4 | loss: 0.1891030
	speed: 0.0789s/iter; left time: 533.4042s
	iters: 800, epoch: 4 | loss: 0.1692563
	speed: 0.0815s/iter; left time: 542.8765s
	iters: 900, epoch: 4 | loss: 0.1931156
	speed: 0.0828s/iter; left time: 543.1299s
	iters: 1000, epoch: 4 | loss: 0.1868878
	speed: 0.0908s/iter; left time: 586.9688s
Epoch: 4 cost time: 89.01717710494995
Epoch: 4, Steps: 1066 | Train Loss: 0.1881899 Vali Loss: 1.1317277 Test Loss: 1.1452100
EarlyStopping counter: 2 out of 3
Updating learning rate to 1.25e-05
	iters: 100, epoch: 5 | loss: 0.1778421
	speed: 0.4215s/iter; left time: 2654.3345s
	iters: 200, epoch: 5 | loss: 0.1755778
	speed: 0.0739s/iter; left time: 458.0103s
	iters: 300, epoch: 5 | loss: 0.1713025
	speed: 0.0808s/iter; left time: 492.8313s
	iters: 400, epoch: 5 | loss: 0.1810284
	speed: 0.0803s/iter; left time: 481.5330s
	iters: 500, epoch: 5 | loss: 0.1743614
	speed: 0.0826s/iter; left time: 487.1888s
	iters: 600, epoch: 5 | loss: 0.1770318
	speed: 0.0811s/iter; left time: 470.0711s
	iters: 700, epoch: 5 | loss: 0.1635598
	speed: 0.0823s/iter; left time: 468.6166s
	iters: 800, epoch: 5 | loss: 0.1855892
	speed: 0.0823s/iter; left time: 460.5570s
	iters: 900, epoch: 5 | loss: 0.1680265
	speed: 0.0838s/iter; left time: 460.5285s
	iters: 1000, epoch: 5 | loss: 0.1789456
	speed: 0.0783s/iter; left time: 422.6819s
Epoch: 5 cost time: 87.11488032341003
Epoch: 5, Steps: 1066 | Train Loss: 0.1733421 Vali Loss: 1.1634547 Test Loss: 1.1649358
EarlyStopping counter: 3 out of 3
Early stopping
>>>>>>>testing : ETTm1_96_336_Informer_ETTm1_ftM_sl96_ll48_pl336_dm512_nh8_el2_dl1_df2048_fc3_ebtimeF_dtTrue_Exp_0<<<<<<<<<<<<<<<<<<<<<<<<<<<<<<<<<
test 11185
mse:1.0478774309158325, mae:0.757026195526123
INFO: Trainable parameter count: 0.01M
INFO: Trainable parameter count: 0.01M
INFO: Trainable parameter count: 0.02M
INFO: Trainable parameter count: 0.03M
INFO: Trainable parameter count: 0.29M
INFO: Trainable parameter count: 0.29M
INFO: Trainable parameter count: 0.55M
INFO: Trainable parameter count: 0.55M
INFO: Trainable parameter count: 0.81M
INFO: Trainable parameter count: 0.81M
INFO: Trainable parameter count: 1.08M
INFO: Trainable parameter count: 1.08M
INFO: Trainable parameter count: 2.12M
INFO: Trainable parameter count: 2.13M
INFO: Trainable parameter count: 3.18M
INFO: Trainable parameter count: 3.18M
INFO: Trainable parameter count: 3.18M
INFO: Trainable parameter count: 3.18M
INFO: Trainable parameter count: 3.18M
INFO: Trainable parameter count: 3.18M
INFO: Trainable parameter count: 3.44M
INFO: Trainable parameter count: 3.44M
INFO: Trainable parameter count: 3.70M
INFO: Trainable parameter count: 3.70M
INFO: Trainable parameter count: 3.97M
INFO: Trainable parameter count: 3.97M
INFO: Trainable parameter count: 4.23M
INFO: Trainable parameter count: 4.23M
INFO: Trainable parameter count: 5.28M
INFO: Trainable parameter count: 5.28M
INFO: Trainable parameter count: 6.33M
INFO: Trainable parameter count: 6.33M
INFO: Trainable parameter count: 6.33M
INFO: Trainable parameter count: 6.33M
INFO: Trainable parameter count: 6.33M
INFO: Trainable parameter count: 6.33M
INFO: Trainable parameter count: 7.12M
INFO: Trainable parameter count: 7.12M
INFO: Trainable parameter count: 7.12M
INFO: Trainable parameter count: 7.12M
INFO: Trainable parameter count: 7.12M
INFO: Trainable parameter count: 7.12M
INFO: Trainable parameter count: 7.38M
INFO: Trainable parameter count: 7.38M
INFO: Trainable parameter count: 7.64M
INFO: Trainable parameter count: 7.64M
INFO: Trainable parameter count: 7.91M
INFO: Trainable parameter count: 7.91M
INFO: Trainable parameter count: 8.17M
INFO: Trainable parameter count: 8.17M
INFO: Trainable parameter count: 8.43M
INFO: Trainable parameter count: 8.43M
INFO: Trainable parameter count: 8.69M
INFO: Trainable parameter count: 8.70M
INFO: Trainable parameter count: 8.96M
INFO: Trainable parameter count: 8.96M
INFO: Trainable parameter count: 9.22M
INFO: Trainable parameter count: 9.22M
INFO: Trainable parameter count: 10.27M
INFO: Trainable parameter count: 10.27M
INFO: Trainable parameter count: 11.32M
INFO: Trainable parameter count: 11.32M
INFO: Trainable parameter count: 11.32M
INFO: Trainable parameter count: 11.32M
INFO: Trainable parameter count: 11.32M
INFO: Trainable parameter count: 11.32M
INFO: Trainable parameter count: 11.32M
INFO: Trainable parameter count: 11.32M
INFO: Trainable parameter count: 11.32M
INFO: Trainable parameter count: 11.32M
INFO: Trainable parameter count: 11.33M
INFO: Trainable parameter count: 11.33M
Model(
  11.32 M, 99.919% Params, 1.98 GMac, 100.000% MACs, 
  (enc_embedding): DataEmbedding(
    12.8 k, 0.113% Params, 1.23 MMac, 0.062% MACs, 
    (value_embedding): TokenEmbedding(
      10.75 k, 0.095% Params, 1.03 MMac, 0.052% MACs, 
      (tokenConv): Conv1d(10.75 k, 0.095% Params, 1.03 MMac, 0.052% MACs, 7, 512, kernel_size=(3,), stride=(1,), padding=(1,), bias=False, padding_mode=circular)
    )
    (position_embedding): PositionalEmbedding(0, 0.000% Params, 0.0 Mac, 0.000% MACs, )
    (temporal_embedding): TimeFeatureEmbedding(
      2.05 k, 0.018% Params, 196.61 KMac, 0.010% MACs, 
      (embed): Linear(2.05 k, 0.018% Params, 196.61 KMac, 0.010% MACs, in_features=4, out_features=512, bias=False)
    )
    (dropout): Dropout(0, 0.000% Params, 0.0 Mac, 0.000% MACs, p=0.05, inplace=False)
  )
  (dec_embedding): DataEmbedding(
    12.8 k, 0.113% Params, 4.92 MMac, 0.249% MACs, 
    (value_embedding): TokenEmbedding(
      10.75 k, 0.095% Params, 4.13 MMac, 0.209% MACs, 
      (tokenConv): Conv1d(10.75 k, 0.095% Params, 4.13 MMac, 0.209% MACs, 7, 512, kernel_size=(3,), stride=(1,), padding=(1,), bias=False, padding_mode=circular)
    )
    (position_embedding): PositionalEmbedding(0, 0.000% Params, 0.0 Mac, 0.000% MACs, )
    (temporal_embedding): TimeFeatureEmbedding(
      2.05 k, 0.018% Params, 786.43 KMac, 0.040% MACs, 
      (embed): Linear(2.05 k, 0.018% Params, 786.43 KMac, 0.040% MACs, in_features=4, out_features=512, bias=False)
    )
    (dropout): Dropout(0, 0.000% Params, 0.0 Mac, 0.000% MACs, p=0.05, inplace=False)
  )
  (encoder): Encoder(
    7.09 M, 62.576% Params, 533.83 MMac, 26.998% MACs, 
    (attn_layers): ModuleList(
      6.3 M, 55.620% Params, 456.51 MMac, 23.087% MACs, 
      (0): EncoderLayer(
        3.15 M, 27.810% Params, 302.24 MMac, 15.285% MACs, 
        (attention): AttentionLayer(
          1.05 M, 9.275% Params, 100.67 MMac, 5.091% MACs, 
          (inner_attention): ProbAttention(
            0, 0.000% Params, 0.0 Mac, 0.000% MACs, 
            (dropout): Dropout(0, 0.000% Params, 0.0 Mac, 0.000% MACs, p=0.05, inplace=False)
          )
          (query_projection): Linear(262.66 k, 2.319% Params, 25.17 MMac, 1.273% MACs, in_features=512, out_features=512, bias=True)
          (key_projection): Linear(262.66 k, 2.319% Params, 25.17 MMac, 1.273% MACs, in_features=512, out_features=512, bias=True)
          (value_projection): Linear(262.66 k, 2.319% Params, 25.17 MMac, 1.273% MACs, in_features=512, out_features=512, bias=True)
          (out_projection): Linear(262.66 k, 2.319% Params, 25.17 MMac, 1.273% MACs, in_features=512, out_features=512, bias=True)
        )
        (conv1): Conv1d(1.05 M, 9.275% Params, 100.86 MMac, 5.101% MACs, 512, 2048, kernel_size=(1,), stride=(1,))
        (conv2): Conv1d(1.05 M, 9.261% Params, 100.71 MMac, 5.093% MACs, 2048, 512, kernel_size=(1,), stride=(1,))
        (norm1): LayerNorm(0, 0.000% Params, 0.0 Mac, 0.000% MACs, (512,), eps=1e-05, elementwise_affine=True)
        (norm2): LayerNorm(0, 0.000% Params, 0.0 Mac, 0.000% MACs, (512,), eps=1e-05, elementwise_affine=True)
        (dropout): Dropout(0, 0.000% Params, 0.0 Mac, 0.000% MACs, p=0.05, inplace=False)
      )
      (1): EncoderLayer(
        3.15 M, 27.810% Params, 154.27 MMac, 7.802% MACs, 
        (attention): AttentionLayer(
          1.05 M, 9.275% Params, 51.38 MMac, 2.599% MACs, 
          (inner_attention): ProbAttention(
            0, 0.000% Params, 0.0 Mac, 0.000% MACs, 
            (dropout): Dropout(0, 0.000% Params, 0.0 Mac, 0.000% MACs, p=0.05, inplace=False)
          )
          (query_projection): Linear(262.66 k, 2.319% Params, 12.85 MMac, 0.650% MACs, in_features=512, out_features=512, bias=True)
          (key_projection): Linear(262.66 k, 2.319% Params, 12.85 MMac, 0.650% MACs, in_features=512, out_features=512, bias=True)
          (value_projection): Linear(262.66 k, 2.319% Params, 12.85 MMac, 0.650% MACs, in_features=512, out_features=512, bias=True)
          (out_projection): Linear(262.66 k, 2.319% Params, 12.85 MMac, 0.650% MACs, in_features=512, out_features=512, bias=True)
        )
        (conv1): Conv1d(1.05 M, 9.275% Params, 51.48 MMac, 2.604% MACs, 512, 2048, kernel_size=(1,), stride=(1,))
        (conv2): Conv1d(1.05 M, 9.261% Params, 51.41 MMac, 2.600% MACs, 2048, 512, kernel_size=(1,), stride=(1,))
        (norm1): LayerNorm(0, 0.000% Params, 0.0 Mac, 0.000% MACs, (512,), eps=1e-05, elementwise_affine=True)
        (norm2): LayerNorm(0, 0.000% Params, 0.0 Mac, 0.000% MACs, (512,), eps=1e-05, elementwise_affine=True)
        (dropout): Dropout(0, 0.000% Params, 0.0 Mac, 0.000% MACs, p=0.05, inplace=False)
      )
    )
    (conv_layers): ModuleList(
      787.97 k, 6.956% Params, 77.32 MMac, 3.910% MACs, 
      (0): ConvLayer(
        787.97 k, 6.956% Params, 77.32 MMac, 3.910% MACs, 
        (downConv): Conv1d(786.94 k, 6.947% Params, 77.12 MMac, 3.900% MACs, 512, 512, kernel_size=(3,), stride=(1,), padding=(2,), padding_mode=circular)
        (norm): BatchNorm1d(1.02 k, 0.009% Params, 100.35 KMac, 0.005% MACs, 512, eps=1e-05, momentum=0.1, affine=True, track_running_stats=True)
        (activation): ELU(0, 0.000% Params, 50.18 KMac, 0.003% MACs, alpha=1.0)
        (maxPool): MaxPool1d(0, 0.000% Params, 50.18 KMac, 0.003% MACs, kernel_size=3, stride=2, padding=1, dilation=1, ceil_mode=False)
      )
    )
    (norm): LayerNorm(0, 0.000% Params, 0.0 Mac, 0.000% MACs, (512,), eps=1e-05, elementwise_affine=True)
  )
  (decoder): Decoder(
    4.2 M, 37.116% Params, 1.44 GMac, 72.692% MACs, 
    (layers): ModuleList(
      4.2 M, 37.085% Params, 1.44 GMac, 72.622% MACs, 
      (0): DecoderLayer(
        4.2 M, 37.085% Params, 1.44 GMac, 72.622% MACs, 
        (self_attention): AttentionLayer(
          1.05 M, 9.275% Params, 402.66 MMac, 20.364% MACs, 
          (inner_attention): ProbAttention(
            0, 0.000% Params, 0.0 Mac, 0.000% MACs, 
            (dropout): Dropout(0, 0.000% Params, 0.0 Mac, 0.000% MACs, p=0.05, inplace=False)
          )
          (query_projection): Linear(262.66 k, 2.319% Params, 100.66 MMac, 5.091% MACs, in_features=512, out_features=512, bias=True)
          (key_projection): Linear(262.66 k, 2.319% Params, 100.66 MMac, 5.091% MACs, in_features=512, out_features=512, bias=True)
          (value_projection): Linear(262.66 k, 2.319% Params, 100.66 MMac, 5.091% MACs, in_features=512, out_features=512, bias=True)
          (out_projection): Linear(262.66 k, 2.319% Params, 100.66 MMac, 5.091% MACs, in_features=512, out_features=512, bias=True)
        )
        (cross_attention): AttentionLayer(
          1.05 M, 9.275% Params, 227.02 MMac, 11.481% MACs, 
          (inner_attention): ProbAttention(
            0, 0.000% Params, 0.0 Mac, 0.000% MACs, 
            (dropout): Dropout(0, 0.000% Params, 0.0 Mac, 0.000% MACs, p=0.05, inplace=False)
          )
          (query_projection): Linear(262.66 k, 2.319% Params, 100.66 MMac, 5.091% MACs, in_features=512, out_features=512, bias=True)
          (key_projection): Linear(262.66 k, 2.319% Params, 12.85 MMac, 0.650% MACs, in_features=512, out_features=512, bias=True)
          (value_projection): Linear(262.66 k, 2.319% Params, 12.85 MMac, 0.650% MACs, in_features=512, out_features=512, bias=True)
          (out_projection): Linear(262.66 k, 2.319% Params, 100.66 MMac, 5.091% MACs, in_features=512, out_features=512, bias=True)
        )
        (conv1): Conv1d(1.05 M, 9.275% Params, 403.44 MMac, 20.403% MACs, 512, 2048, kernel_size=(1,), stride=(1,))
        (conv2): Conv1d(1.05 M, 9.261% Params, 402.85 MMac, 20.374% MACs, 2048, 512, kernel_size=(1,), stride=(1,))
        (norm1): LayerNorm(0, 0.000% Params, 0.0 Mac, 0.000% MACs, (512,), eps=1e-05, elementwise_affine=True)
        (norm2): LayerNorm(0, 0.000% Params, 0.0 Mac, 0.000% MACs, (512,), eps=1e-05, elementwise_affine=True)
        (norm3): LayerNorm(0, 0.000% Params, 0.0 Mac, 0.000% MACs, (512,), eps=1e-05, elementwise_affine=True)
        (dropout): Dropout(0, 0.000% Params, 0.0 Mac, 0.000% MACs, p=0.05, inplace=False)
      )
    )
    (norm): LayerNorm(0, 0.000% Params, 0.0 Mac, 0.000% MACs, (512,), eps=1e-05, elementwise_affine=True)
    (projection): Linear(3.59 k, 0.032% Params, 1.38 MMac, 0.070% MACs, in_features=512, out_features=7, bias=True)
  )
)
Computational complexity:       1.98 GMac
Number of parameters:           11.33 M 
