Args in experiment:
Namespace(is_training=1, model_id='ETTm2_96_192', model='Transformer', data='ETTm2', root_path='./dataset/', data_path='ETTm2.csv', features='M', target='OT', freq='h', checkpoints='./checkpoints/', seq_len=96, label_len=48, pred_len=192, individual=False, embed_type=0, enc_in=7, dec_in=7, c_out=7, d_model=512, n_heads=8, e_layers=2, d_layers=1, d_ff=2048, moving_avg=25, factor=3, distil=True, dropout=0.05, embed='timeF', activation='gelu', output_attention=False, do_predict=False, num_workers=10, itr=1, train_epochs=10, batch_size=32, patience=3, learning_rate=0.0001, des='Exp', loss='mse', lradj='type1', use_amp=False, use_gpu=True, gpu=5, use_multi_gpu=False, devices='0,1,2,3', test_flop=True)
Use GPU: cuda:5
>>>>>>>start training : ETTm2_96_192_Transformer_ETTm2_ftM_sl96_ll48_pl192_dm512_nh8_el2_dl1_df2048_fc3_ebtimeF_dtTrue_Exp_0>>>>>>>>>>>>>>>>>>>>>>>>>>
train 34273
val 11329
test 11329
	iters: 100, epoch: 1 | loss: 0.3060614
	speed: 0.2103s/iter; left time: 2231.4869s
	iters: 200, epoch: 1 | loss: 0.2471076
	speed: 0.0513s/iter; left time: 539.4186s
	iters: 300, epoch: 1 | loss: 0.2776859
	speed: 0.0429s/iter; left time: 446.7592s
	iters: 400, epoch: 1 | loss: 0.1937656
	speed: 0.0436s/iter; left time: 450.0686s
	iters: 500, epoch: 1 | loss: 0.2337223
	speed: 0.0495s/iter; left time: 505.8532s
	iters: 600, epoch: 1 | loss: 0.2363234
	speed: 0.0500s/iter; left time: 506.0006s
	iters: 700, epoch: 1 | loss: 0.1347035
	speed: 0.0506s/iter; left time: 506.3914s
	iters: 800, epoch: 1 | loss: 0.1566741
	speed: 0.0479s/iter; left time: 474.4907s
	iters: 900, epoch: 1 | loss: 0.1821280
	speed: 0.0501s/iter; left time: 491.1056s
	iters: 1000, epoch: 1 | loss: 0.1272198
	speed: 0.0509s/iter; left time: 494.2810s
Epoch: 1 cost time: 68.31988644599915
Epoch: 1, Steps: 1071 | Train Loss: 0.2059966 Vali Loss: 0.4680890 Test Loss: 1.1919556
Validation loss decreased (inf --> 0.468089).  Saving model ...
Updating learning rate to 0.0001
	iters: 100, epoch: 2 | loss: 0.1225222
	speed: 0.3140s/iter; left time: 2995.9600s
	iters: 200, epoch: 2 | loss: 0.1402290
	speed: 0.0540s/iter; left time: 509.2904s
	iters: 300, epoch: 2 | loss: 0.1456070
	speed: 0.0541s/iter; left time: 505.0700s
	iters: 400, epoch: 2 | loss: 0.0963593
	speed: 0.0523s/iter; left time: 483.5871s
	iters: 500, epoch: 2 | loss: 0.1124657
	speed: 0.0545s/iter; left time: 498.4032s
	iters: 600, epoch: 2 | loss: 0.1089410
	speed: 0.0594s/iter; left time: 537.1760s
	iters: 700, epoch: 2 | loss: 0.1090219
	speed: 0.0557s/iter; left time: 497.9648s
	iters: 800, epoch: 2 | loss: 0.0847350
	speed: 0.0613s/iter; left time: 541.5874s
	iters: 900, epoch: 2 | loss: 0.1167155
	speed: 0.0636s/iter; left time: 555.5623s
	iters: 1000, epoch: 2 | loss: 0.1201793
	speed: 0.0633s/iter; left time: 546.6596s
Epoch: 2 cost time: 63.14729166030884
Epoch: 2, Steps: 1071 | Train Loss: 0.1179875 Vali Loss: 0.6004873 Test Loss: 1.1328666
EarlyStopping counter: 1 out of 3
Updating learning rate to 5e-05
	iters: 100, epoch: 3 | loss: 0.1019187
	speed: 0.2952s/iter; left time: 2500.2244s
	iters: 200, epoch: 3 | loss: 0.0865904
	speed: 0.0492s/iter; left time: 411.5559s
	iters: 300, epoch: 3 | loss: 0.0892638
	speed: 0.0495s/iter; left time: 409.2774s
	iters: 400, epoch: 3 | loss: 0.0674379
	speed: 0.0493s/iter; left time: 402.9062s
	iters: 500, epoch: 3 | loss: 0.0852779
	speed: 0.0493s/iter; left time: 397.9928s
	iters: 600, epoch: 3 | loss: 0.0768485
	speed: 0.0498s/iter; left time: 396.5987s
	iters: 700, epoch: 3 | loss: 0.0862955
	speed: 0.0520s/iter; left time: 409.4029s
	iters: 800, epoch: 3 | loss: 0.0867164
	speed: 0.0525s/iter; left time: 407.5625s
	iters: 900, epoch: 3 | loss: 0.0770780
	speed: 0.0528s/iter; left time: 405.1996s
	iters: 1000, epoch: 3 | loss: 0.0813565
	speed: 0.0527s/iter; left time: 399.2000s
Epoch: 3 cost time: 56.14953303337097
Epoch: 3, Steps: 1071 | Train Loss: 0.0826671 Vali Loss: 0.6497656 Test Loss: 1.2047912
EarlyStopping counter: 2 out of 3
Updating learning rate to 2.5e-05
	iters: 100, epoch: 4 | loss: 0.0689758
	speed: 0.3028s/iter; left time: 2240.4775s
	iters: 200, epoch: 4 | loss: 0.0663278
	speed: 0.0594s/iter; left time: 433.4958s
	iters: 300, epoch: 4 | loss: 0.0792134
	speed: 0.0604s/iter; left time: 434.8602s
	iters: 400, epoch: 4 | loss: 0.0766908
	speed: 0.0621s/iter; left time: 440.7710s
	iters: 500, epoch: 4 | loss: 0.0699481
	speed: 0.0510s/iter; left time: 356.7615s
	iters: 600, epoch: 4 | loss: 0.0662940
	speed: 0.0543s/iter; left time: 374.4610s
	iters: 700, epoch: 4 | loss: 0.0713947
	speed: 0.0556s/iter; left time: 377.9459s
	iters: 800, epoch: 4 | loss: 0.0659289
	speed: 0.0509s/iter; left time: 340.6245s
	iters: 900, epoch: 4 | loss: 0.0767718
	speed: 0.0411s/iter; left time: 271.3389s
	iters: 1000, epoch: 4 | loss: 0.0715044
	speed: 0.0518s/iter; left time: 336.3069s
Epoch: 4 cost time: 59.37286615371704
Epoch: 4, Steps: 1071 | Train Loss: 0.0697871 Vali Loss: 0.6300252 Test Loss: 1.1018035
EarlyStopping counter: 3 out of 3
Early stopping
>>>>>>>testing : ETTm2_96_192_Transformer_ETTm2_ftM_sl96_ll48_pl192_dm512_nh8_el2_dl1_df2048_fc3_ebtimeF_dtTrue_Exp_0<<<<<<<<<<<<<<<<<<<<<<<<<<<<<<<<<
test 11329
mse:1.1919546127319336, mae:0.7995370030403137
INFO: Trainable parameter count: 0.01M
INFO: Trainable parameter count: 0.01M
INFO: Trainable parameter count: 0.02M
INFO: Trainable parameter count: 0.03M
INFO: Trainable parameter count: 0.29M
INFO: Trainable parameter count: 0.29M
INFO: Trainable parameter count: 0.55M
INFO: Trainable parameter count: 0.55M
INFO: Trainable parameter count: 0.81M
INFO: Trainable parameter count: 0.81M
INFO: Trainable parameter count: 1.08M
INFO: Trainable parameter count: 1.08M
INFO: Trainable parameter count: 2.12M
INFO: Trainable parameter count: 2.13M
INFO: Trainable parameter count: 3.18M
INFO: Trainable parameter count: 3.18M
INFO: Trainable parameter count: 3.18M
INFO: Trainable parameter count: 3.18M
INFO: Trainable parameter count: 3.18M
INFO: Trainable parameter count: 3.18M
INFO: Trainable parameter count: 3.44M
INFO: Trainable parameter count: 3.44M
INFO: Trainable parameter count: 3.70M
INFO: Trainable parameter count: 3.70M
INFO: Trainable parameter count: 3.97M
INFO: Trainable parameter count: 3.97M
INFO: Trainable parameter count: 4.23M
INFO: Trainable parameter count: 4.23M
INFO: Trainable parameter count: 5.28M
INFO: Trainable parameter count: 5.28M
INFO: Trainable parameter count: 6.33M
INFO: Trainable parameter count: 6.33M
INFO: Trainable parameter count: 6.33M
INFO: Trainable parameter count: 6.33M
INFO: Trainable parameter count: 6.33M
INFO: Trainable parameter count: 6.33M
INFO: Trainable parameter count: 6.33M
INFO: Trainable parameter count: 6.33M
INFO: Trainable parameter count: 6.59M
INFO: Trainable parameter count: 6.59M
INFO: Trainable parameter count: 6.86M
INFO: Trainable parameter count: 6.86M
INFO: Trainable parameter count: 7.12M
INFO: Trainable parameter count: 7.12M
INFO: Trainable parameter count: 7.38M
INFO: Trainable parameter count: 7.38M
INFO: Trainable parameter count: 7.64M
INFO: Trainable parameter count: 7.64M
INFO: Trainable parameter count: 7.91M
INFO: Trainable parameter count: 7.91M
INFO: Trainable parameter count: 8.17M
INFO: Trainable parameter count: 8.17M
INFO: Trainable parameter count: 8.43M
INFO: Trainable parameter count: 8.43M
INFO: Trainable parameter count: 9.48M
INFO: Trainable parameter count: 9.48M
INFO: Trainable parameter count: 10.53M
INFO: Trainable parameter count: 10.53M
INFO: Trainable parameter count: 10.53M
INFO: Trainable parameter count: 10.53M
INFO: Trainable parameter count: 10.53M
INFO: Trainable parameter count: 10.53M
INFO: Trainable parameter count: 10.53M
INFO: Trainable parameter count: 10.54M
INFO: Trainable parameter count: 10.54M
INFO: Trainable parameter count: 10.54M
INFO: Trainable parameter count: 10.54M
INFO: Trainable parameter count: 10.54M
Model(
  10.53 M, 99.913% Params, 1.54 GMac, 100.000% MACs, 
  (enc_embedding): DataEmbedding(
    12.8 k, 0.121% Params, 1.23 MMac, 0.080% MACs, 
    (value_embedding): TokenEmbedding(
      10.75 k, 0.102% Params, 1.03 MMac, 0.067% MACs, 
      (tokenConv): Conv1d(10.75 k, 0.102% Params, 1.03 MMac, 0.067% MACs, 7, 512, kernel_size=(3,), stride=(1,), padding=(1,), bias=False, padding_mode=circular)
    )
    (position_embedding): PositionalEmbedding(0, 0.000% Params, 0.0 Mac, 0.000% MACs, )
    (temporal_embedding): TimeFeatureEmbedding(
      2.05 k, 0.019% Params, 196.61 KMac, 0.013% MACs, 
      (embed): Linear(2.05 k, 0.019% Params, 196.61 KMac, 0.013% MACs, in_features=4, out_features=512, bias=False)
    )
    (dropout): Dropout(0, 0.000% Params, 0.0 Mac, 0.000% MACs, p=0.05, inplace=False)
  )
  (dec_embedding): DataEmbedding(
    12.8 k, 0.121% Params, 3.07 MMac, 0.199% MACs, 
    (value_embedding): TokenEmbedding(
      10.75 k, 0.102% Params, 2.58 MMac, 0.167% MACs, 
      (tokenConv): Conv1d(10.75 k, 0.102% Params, 2.58 MMac, 0.167% MACs, 7, 512, kernel_size=(3,), stride=(1,), padding=(1,), bias=False, padding_mode=circular)
    )
    (position_embedding): PositionalEmbedding(0, 0.000% Params, 0.0 Mac, 0.000% MACs, )
    (temporal_embedding): TimeFeatureEmbedding(
      2.05 k, 0.019% Params, 491.52 KMac, 0.032% MACs, 
      (embed): Linear(2.05 k, 0.019% Params, 491.52 KMac, 0.032% MACs, in_features=4, out_features=512, bias=False)
    )
    (dropout): Dropout(0, 0.000% Params, 0.0 Mac, 0.000% MACs, p=0.05, inplace=False)
  )
  (encoder): Encoder(
    6.3 M, 59.778% Params, 604.48 MMac, 39.216% MACs, 
    (attn_layers): ModuleList(
      6.3 M, 59.778% Params, 604.48 MMac, 39.216% MACs, 
      (0): EncoderLayer(
        3.15 M, 29.889% Params, 302.24 MMac, 19.608% MACs, 
        (attention): AttentionLayer(
          1.05 M, 9.968% Params, 100.67 MMac, 6.531% MACs, 
          (inner_attention): FullAttention(
            0, 0.000% Params, 0.0 Mac, 0.000% MACs, 
            (dropout): Dropout(0, 0.000% Params, 0.0 Mac, 0.000% MACs, p=0.05, inplace=False)
          )
          (query_projection): Linear(262.66 k, 2.492% Params, 25.17 MMac, 1.633% MACs, in_features=512, out_features=512, bias=True)
          (key_projection): Linear(262.66 k, 2.492% Params, 25.17 MMac, 1.633% MACs, in_features=512, out_features=512, bias=True)
          (value_projection): Linear(262.66 k, 2.492% Params, 25.17 MMac, 1.633% MACs, in_features=512, out_features=512, bias=True)
          (out_projection): Linear(262.66 k, 2.492% Params, 25.17 MMac, 1.633% MACs, in_features=512, out_features=512, bias=True)
        )
        (conv1): Conv1d(1.05 M, 9.968% Params, 100.86 MMac, 6.543% MACs, 512, 2048, kernel_size=(1,), stride=(1,))
        (conv2): Conv1d(1.05 M, 9.953% Params, 100.71 MMac, 6.534% MACs, 2048, 512, kernel_size=(1,), stride=(1,))
        (norm1): LayerNorm(0, 0.000% Params, 0.0 Mac, 0.000% MACs, (512,), eps=1e-05, elementwise_affine=True)
        (norm2): LayerNorm(0, 0.000% Params, 0.0 Mac, 0.000% MACs, (512,), eps=1e-05, elementwise_affine=True)
        (dropout): Dropout(0, 0.000% Params, 0.0 Mac, 0.000% MACs, p=0.05, inplace=False)
      )
      (1): EncoderLayer(
        3.15 M, 29.889% Params, 302.24 MMac, 19.608% MACs, 
        (attention): AttentionLayer(
          1.05 M, 9.968% Params, 100.67 MMac, 6.531% MACs, 
          (inner_attention): FullAttention(
            0, 0.000% Params, 0.0 Mac, 0.000% MACs, 
            (dropout): Dropout(0, 0.000% Params, 0.0 Mac, 0.000% MACs, p=0.05, inplace=False)
          )
          (query_projection): Linear(262.66 k, 2.492% Params, 25.17 MMac, 1.633% MACs, in_features=512, out_features=512, bias=True)
          (key_projection): Linear(262.66 k, 2.492% Params, 25.17 MMac, 1.633% MACs, in_features=512, out_features=512, bias=True)
          (value_projection): Linear(262.66 k, 2.492% Params, 25.17 MMac, 1.633% MACs, in_features=512, out_features=512, bias=True)
          (out_projection): Linear(262.66 k, 2.492% Params, 25.17 MMac, 1.633% MACs, in_features=512, out_features=512, bias=True)
        )
        (conv1): Conv1d(1.05 M, 9.968% Params, 100.86 MMac, 6.543% MACs, 512, 2048, kernel_size=(1,), stride=(1,))
        (conv2): Conv1d(1.05 M, 9.953% Params, 100.71 MMac, 6.534% MACs, 2048, 512, kernel_size=(1,), stride=(1,))
        (norm1): LayerNorm(0, 0.000% Params, 0.0 Mac, 0.000% MACs, (512,), eps=1e-05, elementwise_affine=True)
        (norm2): LayerNorm(0, 0.000% Params, 0.0 Mac, 0.000% MACs, (512,), eps=1e-05, elementwise_affine=True)
        (dropout): Dropout(0, 0.000% Params, 0.0 Mac, 0.000% MACs, p=0.05, inplace=False)
      )
    )
    (norm): LayerNorm(0, 0.000% Params, 0.0 Mac, 0.000% MACs, (512,), eps=1e-05, elementwise_affine=True)
  )
  (decoder): Decoder(
    4.2 M, 39.891% Params, 932.61 MMac, 60.505% MACs, 
    (layers): ModuleList(
      4.2 M, 39.857% Params, 931.75 MMac, 60.449% MACs, 
      (0): DecoderLayer(
        4.2 M, 39.857% Params, 931.75 MMac, 60.449% MACs, 
        (self_attention): AttentionLayer(
          1.05 M, 9.968% Params, 251.66 MMac, 16.327% MACs, 
          (inner_attention): FullAttention(
            0, 0.000% Params, 0.0 Mac, 0.000% MACs, 
            (dropout): Dropout(0, 0.000% Params, 0.0 Mac, 0.000% MACs, p=0.05, inplace=False)
          )
          (query_projection): Linear(262.66 k, 2.492% Params, 62.92 MMac, 4.082% MACs, in_features=512, out_features=512, bias=True)
          (key_projection): Linear(262.66 k, 2.492% Params, 62.92 MMac, 4.082% MACs, in_features=512, out_features=512, bias=True)
          (value_projection): Linear(262.66 k, 2.492% Params, 62.92 MMac, 4.082% MACs, in_features=512, out_features=512, bias=True)
          (out_projection): Linear(262.66 k, 2.492% Params, 62.92 MMac, 4.082% MACs, in_features=512, out_features=512, bias=True)
        )
        (cross_attention): AttentionLayer(
          1.05 M, 9.968% Params, 176.16 MMac, 11.429% MACs, 
          (inner_attention): FullAttention(
            0, 0.000% Params, 0.0 Mac, 0.000% MACs, 
            (dropout): Dropout(0, 0.000% Params, 0.0 Mac, 0.000% MACs, p=0.05, inplace=False)
          )
          (query_projection): Linear(262.66 k, 2.492% Params, 62.92 MMac, 4.082% MACs, in_features=512, out_features=512, bias=True)
          (key_projection): Linear(262.66 k, 2.492% Params, 25.17 MMac, 1.633% MACs, in_features=512, out_features=512, bias=True)
          (value_projection): Linear(262.66 k, 2.492% Params, 25.17 MMac, 1.633% MACs, in_features=512, out_features=512, bias=True)
          (out_projection): Linear(262.66 k, 2.492% Params, 62.92 MMac, 4.082% MACs, in_features=512, out_features=512, bias=True)
        )
        (conv1): Conv1d(1.05 M, 9.968% Params, 252.15 MMac, 16.359% MACs, 512, 2048, kernel_size=(1,), stride=(1,))
        (conv2): Conv1d(1.05 M, 9.953% Params, 251.78 MMac, 16.335% MACs, 2048, 512, kernel_size=(1,), stride=(1,))
        (norm1): LayerNorm(0, 0.000% Params, 0.0 Mac, 0.000% MACs, (512,), eps=1e-05, elementwise_affine=True)
        (norm2): LayerNorm(0, 0.000% Params, 0.0 Mac, 0.000% MACs, (512,), eps=1e-05, elementwise_affine=True)
        (norm3): LayerNorm(0, 0.000% Params, 0.0 Mac, 0.000% MACs, (512,), eps=1e-05, elementwise_affine=True)
        (dropout): Dropout(0, 0.000% Params, 0.0 Mac, 0.000% MACs, p=0.05, inplace=False)
      )
    )
    (norm): LayerNorm(0, 0.000% Params, 0.0 Mac, 0.000% MACs, (512,), eps=1e-05, elementwise_affine=True)
    (projection): Linear(3.59 k, 0.034% Params, 860.17 KMac, 0.056% MACs, in_features=512, out_features=7, bias=True)
  )
)
Computational complexity:       1.54 GMac
Number of parameters:           10.54 M 
