Args in experiment:
Namespace(is_training=1, model_id='ili_36_48', model='Transformer', data='custom', root_path='./dataset/', data_path='national_illness.csv', features='M', target='OT', freq='h', checkpoints='./checkpoints/', seq_len=36, label_len=18, pred_len=48, individual=False, embed_type=0, enc_in=7, dec_in=7, c_out=7, d_model=512, n_heads=8, e_layers=2, d_layers=1, d_ff=2048, moving_avg=25, factor=3, distil=True, dropout=0.05, embed='timeF', activation='gelu', output_attention=False, do_predict=False, num_workers=10, itr=1, train_epochs=10, batch_size=32, patience=3, learning_rate=0.0001, des='Exp', loss='mse', lradj='type1', use_amp=False, use_gpu=True, gpu=7, use_multi_gpu=False, devices='0,1,2,3', test_flop=True)
Use GPU: cuda:7
>>>>>>>start training : ili_36_48_Transformer_custom_ftM_sl36_ll18_pl48_dm512_nh8_el2_dl1_df2048_fc3_ebtimeF_dtTrue_Exp_0>>>>>>>>>>>>>>>>>>>>>>>>>>
train 593
val 50
test 146
Epoch: 1 cost time: 15.794688940048218
Epoch: 1, Steps: 18 | Train Loss: 0.7575926 Vali Loss: 0.4537682 Test Loss: 4.8143606
Validation loss decreased (inf --> 0.453768).  Saving model ...
Updating learning rate to 0.0001
Epoch: 2 cost time: 2.7101311683654785
Epoch: 2, Steps: 18 | Train Loss: 0.5114354 Vali Loss: 0.3659197 Test Loss: 5.3165493
Validation loss decreased (0.453768 --> 0.365920).  Saving model ...
Updating learning rate to 5e-05
Epoch: 3 cost time: 2.6008732318878174
Epoch: 3, Steps: 18 | Train Loss: 0.4508539 Vali Loss: 0.3066482 Test Loss: 4.9650660
Validation loss decreased (0.365920 --> 0.306648).  Saving model ...
Updating learning rate to 2.5e-05
Epoch: 4 cost time: 2.5878498554229736
Epoch: 4, Steps: 18 | Train Loss: 0.4199938 Vali Loss: 0.3035968 Test Loss: 5.1239109
Validation loss decreased (0.306648 --> 0.303597).  Saving model ...
Updating learning rate to 1.25e-05
Epoch: 5 cost time: 3.1489500999450684
Epoch: 5, Steps: 18 | Train Loss: 0.3980306 Vali Loss: 0.3073270 Test Loss: 5.2066097
EarlyStopping counter: 1 out of 3
Updating learning rate to 6.25e-06
Epoch: 6 cost time: 2.838050127029419
Epoch: 6, Steps: 18 | Train Loss: 0.3953808 Vali Loss: 0.2824310 Test Loss: 5.0099540
Validation loss decreased (0.303597 --> 0.282431).  Saving model ...
Updating learning rate to 3.125e-06
Epoch: 7 cost time: 2.881394624710083
Epoch: 7, Steps: 18 | Train Loss: 0.3878502 Vali Loss: 0.2779264 Test Loss: 4.9960728
Validation loss decreased (0.282431 --> 0.277926).  Saving model ...
Updating learning rate to 1.5625e-06
Epoch: 8 cost time: 3.2541842460632324
Epoch: 8, Steps: 18 | Train Loss: 0.3849770 Vali Loss: 0.2950924 Test Loss: 5.0108633
EarlyStopping counter: 1 out of 3
Updating learning rate to 7.8125e-07
Epoch: 9 cost time: 2.684664487838745
Epoch: 9, Steps: 18 | Train Loss: 0.3859266 Vali Loss: 0.3078023 Test Loss: 5.0331926
EarlyStopping counter: 2 out of 3
Updating learning rate to 3.90625e-07
Epoch: 10 cost time: 2.6990578174591064
Epoch: 10, Steps: 18 | Train Loss: 0.3787483 Vali Loss: 0.2773125 Test Loss: 5.0130086
Validation loss decreased (0.277926 --> 0.277312).  Saving model ...
Updating learning rate to 1.953125e-07
>>>>>>>testing : ili_36_48_Transformer_custom_ftM_sl36_ll18_pl48_dm512_nh8_el2_dl1_df2048_fc3_ebtimeF_dtTrue_Exp_0<<<<<<<<<<<<<<<<<<<<<<<<<<<<<<<<<
test 146
mse:5.013009071350098, mae:1.4859527349472046
INFO: Trainable parameter count: 0.01M
INFO: Trainable parameter count: 0.01M
INFO: Trainable parameter count: 0.02M
INFO: Trainable parameter count: 0.03M
INFO: Trainable parameter count: 0.29M
INFO: Trainable parameter count: 0.29M
INFO: Trainable parameter count: 0.55M
INFO: Trainable parameter count: 0.55M
INFO: Trainable parameter count: 0.81M
INFO: Trainable parameter count: 0.81M
INFO: Trainable parameter count: 1.08M
INFO: Trainable parameter count: 1.08M
INFO: Trainable parameter count: 2.12M
INFO: Trainable parameter count: 2.13M
INFO: Trainable parameter count: 3.18M
INFO: Trainable parameter count: 3.18M
INFO: Trainable parameter count: 3.18M
INFO: Trainable parameter count: 3.18M
INFO: Trainable parameter count: 3.18M
INFO: Trainable parameter count: 3.18M
INFO: Trainable parameter count: 3.44M
INFO: Trainable parameter count: 3.44M
INFO: Trainable parameter count: 3.70M
INFO: Trainable parameter count: 3.70M
INFO: Trainable parameter count: 3.97M
INFO: Trainable parameter count: 3.97M
INFO: Trainable parameter count: 4.23M
INFO: Trainable parameter count: 4.23M
INFO: Trainable parameter count: 5.28M
INFO: Trainable parameter count: 5.28M
INFO: Trainable parameter count: 6.33M
INFO: Trainable parameter count: 6.33M
INFO: Trainable parameter count: 6.33M
INFO: Trainable parameter count: 6.33M
INFO: Trainable parameter count: 6.33M
INFO: Trainable parameter count: 6.33M
INFO: Trainable parameter count: 6.33M
INFO: Trainable parameter count: 6.33M
INFO: Trainable parameter count: 6.59M
INFO: Trainable parameter count: 6.59M
INFO: Trainable parameter count: 6.86M
INFO: Trainable parameter count: 6.86M
INFO: Trainable parameter count: 7.12M
INFO: Trainable parameter count: 7.12M
INFO: Trainable parameter count: 7.38M
INFO: Trainable parameter count: 7.38M
INFO: Trainable parameter count: 7.64M
INFO: Trainable parameter count: 7.64M
INFO: Trainable parameter count: 7.91M
INFO: Trainable parameter count: 7.91M
INFO: Trainable parameter count: 8.17M
INFO: Trainable parameter count: 8.17M
INFO: Trainable parameter count: 8.43M
INFO: Trainable parameter count: 8.43M
INFO: Trainable parameter count: 9.48M
INFO: Trainable parameter count: 9.48M
INFO: Trainable parameter count: 10.53M
INFO: Trainable parameter count: 10.53M
INFO: Trainable parameter count: 10.53M
INFO: Trainable parameter count: 10.53M
INFO: Trainable parameter count: 10.53M
INFO: Trainable parameter count: 10.53M
INFO: Trainable parameter count: 10.53M
INFO: Trainable parameter count: 10.54M
INFO: Trainable parameter count: 10.54M
INFO: Trainable parameter count: 10.54M
INFO: Trainable parameter count: 10.54M
INFO: Trainable parameter count: 10.54M
Model(
  10.53 M, 99.913% Params, 489.49 MMac, 100.000% MACs, 
  (enc_embedding): DataEmbedding(
    12.8 k, 0.121% Params, 460.8 KMac, 0.094% MACs, 
    (value_embedding): TokenEmbedding(
      10.75 k, 0.102% Params, 387.07 KMac, 0.079% MACs, 
      (tokenConv): Conv1d(10.75 k, 0.102% Params, 387.07 KMac, 0.079% MACs, 7, 512, kernel_size=(3,), stride=(1,), padding=(1,), bias=False, padding_mode=circular)
    )
    (position_embedding): PositionalEmbedding(0, 0.000% Params, 0.0 Mac, 0.000% MACs, )
    (temporal_embedding): TimeFeatureEmbedding(
      2.05 k, 0.019% Params, 73.73 KMac, 0.015% MACs, 
      (embed): Linear(2.05 k, 0.019% Params, 73.73 KMac, 0.015% MACs, in_features=4, out_features=512, bias=False)
    )
    (dropout): Dropout(0, 0.000% Params, 0.0 Mac, 0.000% MACs, p=0.05, inplace=False)
  )
  (dec_embedding): DataEmbedding(
    12.8 k, 0.121% Params, 844.8 KMac, 0.173% MACs, 
    (value_embedding): TokenEmbedding(
      10.75 k, 0.102% Params, 709.63 KMac, 0.145% MACs, 
      (tokenConv): Conv1d(10.75 k, 0.102% Params, 709.63 KMac, 0.145% MACs, 7, 512, kernel_size=(3,), stride=(1,), padding=(1,), bias=False, padding_mode=circular)
    )
    (position_embedding): PositionalEmbedding(0, 0.000% Params, 0.0 Mac, 0.000% MACs, )
    (temporal_embedding): TimeFeatureEmbedding(
      2.05 k, 0.019% Params, 135.17 KMac, 0.028% MACs, 
      (embed): Linear(2.05 k, 0.019% Params, 135.17 KMac, 0.028% MACs, in_features=4, out_features=512, bias=False)
    )
    (dropout): Dropout(0, 0.000% Params, 0.0 Mac, 0.000% MACs, p=0.05, inplace=False)
  )
  (encoder): Encoder(
    6.3 M, 59.778% Params, 226.68 MMac, 46.309% MACs, 
    (attn_layers): ModuleList(
      6.3 M, 59.778% Params, 226.68 MMac, 46.309% MACs, 
      (0): EncoderLayer(
        3.15 M, 29.889% Params, 113.34 MMac, 23.155% MACs, 
        (attention): AttentionLayer(
          1.05 M, 9.968% Params, 37.75 MMac, 7.712% MACs, 
          (inner_attention): FullAttention(
            0, 0.000% Params, 0.0 Mac, 0.000% MACs, 
            (dropout): Dropout(0, 0.000% Params, 0.0 Mac, 0.000% MACs, p=0.05, inplace=False)
          )
          (query_projection): Linear(262.66 k, 2.492% Params, 9.44 MMac, 1.928% MACs, in_features=512, out_features=512, bias=True)
          (key_projection): Linear(262.66 k, 2.492% Params, 9.44 MMac, 1.928% MACs, in_features=512, out_features=512, bias=True)
          (value_projection): Linear(262.66 k, 2.492% Params, 9.44 MMac, 1.928% MACs, in_features=512, out_features=512, bias=True)
          (out_projection): Linear(262.66 k, 2.492% Params, 9.44 MMac, 1.928% MACs, in_features=512, out_features=512, bias=True)
        )
        (conv1): Conv1d(1.05 M, 9.968% Params, 37.82 MMac, 7.727% MACs, 512, 2048, kernel_size=(1,), stride=(1,))
        (conv2): Conv1d(1.05 M, 9.953% Params, 37.77 MMac, 7.716% MACs, 2048, 512, kernel_size=(1,), stride=(1,))
        (norm1): LayerNorm(0, 0.000% Params, 0.0 Mac, 0.000% MACs, (512,), eps=1e-05, elementwise_affine=True)
        (norm2): LayerNorm(0, 0.000% Params, 0.0 Mac, 0.000% MACs, (512,), eps=1e-05, elementwise_affine=True)
        (dropout): Dropout(0, 0.000% Params, 0.0 Mac, 0.000% MACs, p=0.05, inplace=False)
      )
      (1): EncoderLayer(
        3.15 M, 29.889% Params, 113.34 MMac, 23.155% MACs, 
        (attention): AttentionLayer(
          1.05 M, 9.968% Params, 37.75 MMac, 7.712% MACs, 
          (inner_attention): FullAttention(
            0, 0.000% Params, 0.0 Mac, 0.000% MACs, 
            (dropout): Dropout(0, 0.000% Params, 0.0 Mac, 0.000% MACs, p=0.05, inplace=False)
          )
          (query_projection): Linear(262.66 k, 2.492% Params, 9.44 MMac, 1.928% MACs, in_features=512, out_features=512, bias=True)
          (key_projection): Linear(262.66 k, 2.492% Params, 9.44 MMac, 1.928% MACs, in_features=512, out_features=512, bias=True)
          (value_projection): Linear(262.66 k, 2.492% Params, 9.44 MMac, 1.928% MACs, in_features=512, out_features=512, bias=True)
          (out_projection): Linear(262.66 k, 2.492% Params, 9.44 MMac, 1.928% MACs, in_features=512, out_features=512, bias=True)
        )
        (conv1): Conv1d(1.05 M, 9.968% Params, 37.82 MMac, 7.727% MACs, 512, 2048, kernel_size=(1,), stride=(1,))
        (conv2): Conv1d(1.05 M, 9.953% Params, 37.77 MMac, 7.716% MACs, 2048, 512, kernel_size=(1,), stride=(1,))
        (norm1): LayerNorm(0, 0.000% Params, 0.0 Mac, 0.000% MACs, (512,), eps=1e-05, elementwise_affine=True)
        (norm2): LayerNorm(0, 0.000% Params, 0.0 Mac, 0.000% MACs, (512,), eps=1e-05, elementwise_affine=True)
        (dropout): Dropout(0, 0.000% Params, 0.0 Mac, 0.000% MACs, p=0.05, inplace=False)
      )
    )
    (norm): LayerNorm(0, 0.000% Params, 0.0 Mac, 0.000% MACs, (512,), eps=1e-05, elementwise_affine=True)
  )
  (decoder): Decoder(
    4.2 M, 39.891% Params, 261.51 MMac, 53.424% MACs, 
    (layers): ModuleList(
      4.2 M, 39.857% Params, 261.27 MMac, 53.375% MACs, 
      (0): DecoderLayer(
        4.2 M, 39.857% Params, 261.27 MMac, 53.375% MACs, 
        (self_attention): AttentionLayer(
          1.05 M, 9.968% Params, 69.21 MMac, 14.139% MACs, 
          (inner_attention): FullAttention(
            0, 0.000% Params, 0.0 Mac, 0.000% MACs, 
            (dropout): Dropout(0, 0.000% Params, 0.0 Mac, 0.000% MACs, p=0.05, inplace=False)
          )
          (query_projection): Linear(262.66 k, 2.492% Params, 17.3 MMac, 3.535% MACs, in_features=512, out_features=512, bias=True)
          (key_projection): Linear(262.66 k, 2.492% Params, 17.3 MMac, 3.535% MACs, in_features=512, out_features=512, bias=True)
          (value_projection): Linear(262.66 k, 2.492% Params, 17.3 MMac, 3.535% MACs, in_features=512, out_features=512, bias=True)
          (out_projection): Linear(262.66 k, 2.492% Params, 17.3 MMac, 3.535% MACs, in_features=512, out_features=512, bias=True)
        )
        (cross_attention): AttentionLayer(
          1.05 M, 9.968% Params, 53.48 MMac, 10.926% MACs, 
          (inner_attention): FullAttention(
            0, 0.000% Params, 0.0 Mac, 0.000% MACs, 
            (dropout): Dropout(0, 0.000% Params, 0.0 Mac, 0.000% MACs, p=0.05, inplace=False)
          )
          (query_projection): Linear(262.66 k, 2.492% Params, 17.3 MMac, 3.535% MACs, in_features=512, out_features=512, bias=True)
          (key_projection): Linear(262.66 k, 2.492% Params, 9.44 MMac, 1.928% MACs, in_features=512, out_features=512, bias=True)
          (value_projection): Linear(262.66 k, 2.492% Params, 9.44 MMac, 1.928% MACs, in_features=512, out_features=512, bias=True)
          (out_projection): Linear(262.66 k, 2.492% Params, 17.3 MMac, 3.535% MACs, in_features=512, out_features=512, bias=True)
        )
        (conv1): Conv1d(1.05 M, 9.968% Params, 69.34 MMac, 14.166% MACs, 512, 2048, kernel_size=(1,), stride=(1,))
        (conv2): Conv1d(1.05 M, 9.953% Params, 69.24 MMac, 14.145% MACs, 2048, 512, kernel_size=(1,), stride=(1,))
        (norm1): LayerNorm(0, 0.000% Params, 0.0 Mac, 0.000% MACs, (512,), eps=1e-05, elementwise_affine=True)
        (norm2): LayerNorm(0, 0.000% Params, 0.0 Mac, 0.000% MACs, (512,), eps=1e-05, elementwise_affine=True)
        (norm3): LayerNorm(0, 0.000% Params, 0.0 Mac, 0.000% MACs, (512,), eps=1e-05, elementwise_affine=True)
        (dropout): Dropout(0, 0.000% Params, 0.0 Mac, 0.000% MACs, p=0.05, inplace=False)
      )
    )
    (norm): LayerNorm(0, 0.000% Params, 0.0 Mac, 0.000% MACs, (512,), eps=1e-05, elementwise_affine=True)
    (projection): Linear(3.59 k, 0.034% Params, 236.55 KMac, 0.048% MACs, in_features=512, out_features=7, bias=True)
  )
)
Computational complexity:       489.49 MMac
Number of parameters:           10.54 M 
