Args in experiment:
Namespace(is_training=1, model_id='traffic_96_336', model='Transformer', data='custom', root_path='./dataset/', data_path='traffic.csv', features='M', target='OT', freq='h', checkpoints='./checkpoints/', seq_len=96, label_len=48, pred_len=336, individual=False, embed_type=0, enc_in=862, dec_in=862, c_out=862, d_model=512, n_heads=8, e_layers=2, d_layers=1, d_ff=2048, moving_avg=25, factor=3, distil=True, dropout=0.05, embed='timeF', activation='gelu', output_attention=False, do_predict=False, num_workers=10, itr=1, train_epochs=3, batch_size=32, patience=3, learning_rate=0.0001, des='Exp', loss='mse', lradj='type1', use_amp=False, use_gpu=True, gpu=8, use_multi_gpu=False, devices='0,1,2,3', test_flop=True)
Use GPU: cuda:8
>>>>>>>start training : traffic_96_336_Transformer_custom_ftM_sl96_ll48_pl336_dm512_nh8_el2_dl1_df2048_fc3_ebtimeF_dtTrue_Exp_0>>>>>>>>>>>>>>>>>>>>>>>>>>
train 11849
val 1421
test 3173
	iters: 100, epoch: 1 | loss: 0.5581098
	speed: 0.2791s/iter; left time: 282.1866s
	iters: 200, epoch: 1 | loss: 0.4204136
	speed: 0.1434s/iter; left time: 130.6692s
	iters: 300, epoch: 1 | loss: 0.3507158
	speed: 0.1397s/iter; left time: 113.2761s
Epoch: 1 cost time: 66.3962824344635
Epoch: 1, Steps: 370 | Train Loss: 0.5012197 Vali Loss: 0.5378006 Test Loss: 0.6981248
Validation loss decreased (inf --> 0.537801).  Saving model ...
Updating learning rate to 0.0001
	iters: 100, epoch: 2 | loss: 0.2884814
	speed: 0.6108s/iter; left time: 391.5211s
	iters: 200, epoch: 2 | loss: 0.2803948
	speed: 0.1458s/iter; left time: 78.8876s
	iters: 300, epoch: 2 | loss: 0.2549437
	speed: 0.1443s/iter; left time: 63.6318s
Epoch: 2 cost time: 55.442909717559814
Epoch: 2, Steps: 370 | Train Loss: 0.2772935 Vali Loss: 0.5032980 Test Loss: 0.6599808
Validation loss decreased (0.537801 --> 0.503298).  Saving model ...
Updating learning rate to 5e-05
	iters: 100, epoch: 3 | loss: 0.2455301
	speed: 0.6145s/iter; left time: 166.5229s
	iters: 200, epoch: 3 | loss: 0.2464916
	speed: 0.1362s/iter; left time: 23.2906s
	iters: 300, epoch: 3 | loss: 0.2470953
	speed: 0.1478s/iter; left time: 10.4923s
Epoch: 3 cost time: 54.99191212654114
Epoch: 3, Steps: 370 | Train Loss: 0.2453690 Vali Loss: 0.4926512 Test Loss: 0.6571234
Validation loss decreased (0.503298 --> 0.492651).  Saving model ...
Updating learning rate to 2.5e-05
>>>>>>>testing : traffic_96_336_Transformer_custom_ftM_sl96_ll48_pl336_dm512_nh8_el2_dl1_df2048_fc3_ebtimeF_dtTrue_Exp_0<<<<<<<<<<<<<<<<<<<<<<<<<<<<<<<<<
test 3173
mse:0.6571169495582581, mae:0.35871005058288574
INFO: Trainable parameter count: 1.32M
INFO: Trainable parameter count: 1.33M
INFO: Trainable parameter count: 2.65M
INFO: Trainable parameter count: 2.65M
INFO: Trainable parameter count: 2.91M
INFO: Trainable parameter count: 2.91M
INFO: Trainable parameter count: 3.18M
INFO: Trainable parameter count: 3.18M
INFO: Trainable parameter count: 3.44M
INFO: Trainable parameter count: 3.44M
INFO: Trainable parameter count: 3.70M
INFO: Trainable parameter count: 3.70M
INFO: Trainable parameter count: 4.75M
INFO: Trainable parameter count: 4.75M
INFO: Trainable parameter count: 5.80M
INFO: Trainable parameter count: 5.80M
INFO: Trainable parameter count: 5.80M
INFO: Trainable parameter count: 5.80M
INFO: Trainable parameter count: 5.80M
INFO: Trainable parameter count: 5.80M
INFO: Trainable parameter count: 6.07M
INFO: Trainable parameter count: 6.07M
INFO: Trainable parameter count: 6.33M
INFO: Trainable parameter count: 6.33M
INFO: Trainable parameter count: 6.59M
INFO: Trainable parameter count: 6.59M
INFO: Trainable parameter count: 6.85M
INFO: Trainable parameter count: 6.86M
INFO: Trainable parameter count: 7.90M
INFO: Trainable parameter count: 7.91M
INFO: Trainable parameter count: 8.95M
INFO: Trainable parameter count: 8.95M
INFO: Trainable parameter count: 8.96M
INFO: Trainable parameter count: 8.96M
INFO: Trainable parameter count: 8.96M
INFO: Trainable parameter count: 8.96M
INFO: Trainable parameter count: 8.96M
INFO: Trainable parameter count: 8.96M
INFO: Trainable parameter count: 9.22M
INFO: Trainable parameter count: 9.22M
INFO: Trainable parameter count: 9.48M
INFO: Trainable parameter count: 9.48M
INFO: Trainable parameter count: 9.75M
INFO: Trainable parameter count: 9.75M
INFO: Trainable parameter count: 10.01M
INFO: Trainable parameter count: 10.01M
INFO: Trainable parameter count: 10.27M
INFO: Trainable parameter count: 10.27M
INFO: Trainable parameter count: 10.53M
INFO: Trainable parameter count: 10.53M
INFO: Trainable parameter count: 10.80M
INFO: Trainable parameter count: 10.80M
INFO: Trainable parameter count: 11.06M
INFO: Trainable parameter count: 11.06M
INFO: Trainable parameter count: 12.11M
INFO: Trainable parameter count: 12.11M
INFO: Trainable parameter count: 13.16M
INFO: Trainable parameter count: 13.16M
INFO: Trainable parameter count: 13.16M
INFO: Trainable parameter count: 13.16M
INFO: Trainable parameter count: 13.16M
INFO: Trainable parameter count: 13.16M
INFO: Trainable parameter count: 13.16M
INFO: Trainable parameter count: 13.16M
INFO: Trainable parameter count: 13.16M
INFO: Trainable parameter count: 13.16M
INFO: Trainable parameter count: 13.60M
INFO: Trainable parameter count: 13.61M
Model(
  13.6 M, 99.932% Params, 2.87 GMac, 100.000% MACs, 
  (enc_embedding): DataEmbedding(
    1.33 M, 9.747% Params, 127.3 MMac, 4.434% MACs, 
    (value_embedding): TokenEmbedding(
      1.32 M, 9.732% Params, 127.11 MMac, 4.427% MACs, 
      (tokenConv): Conv1d(1.32 M, 9.732% Params, 127.11 MMac, 4.427% MACs, 862, 512, kernel_size=(3,), stride=(1,), padding=(1,), bias=False, padding_mode=circular)
    )
    (position_embedding): PositionalEmbedding(0, 0.000% Params, 0.0 Mac, 0.000% MACs, )
    (temporal_embedding): TimeFeatureEmbedding(
      2.05 k, 0.015% Params, 196.61 KMac, 0.007% MACs, 
      (embed): Linear(2.05 k, 0.015% Params, 196.61 KMac, 0.007% MACs, in_features=4, out_features=512, bias=False)
    )
    (dropout): Dropout(0, 0.000% Params, 0.0 Mac, 0.000% MACs, p=0.05, inplace=False)
  )
  (dec_embedding): DataEmbedding(
    1.33 M, 9.747% Params, 509.21 MMac, 17.736% MACs, 
    (value_embedding): TokenEmbedding(
      1.32 M, 9.732% Params, 508.43 MMac, 17.709% MACs, 
      (tokenConv): Conv1d(1.32 M, 9.732% Params, 508.43 MMac, 17.709% MACs, 862, 512, kernel_size=(3,), stride=(1,), padding=(1,), bias=False, padding_mode=circular)
    )
    (position_embedding): PositionalEmbedding(0, 0.000% Params, 0.0 Mac, 0.000% MACs, )
    (temporal_embedding): TimeFeatureEmbedding(
      2.05 k, 0.015% Params, 786.43 KMac, 0.027% MACs, 
      (embed): Linear(2.05 k, 0.015% Params, 786.43 KMac, 0.027% MACs, in_features=4, out_features=512, bias=False)
    )
    (dropout): Dropout(0, 0.000% Params, 0.0 Mac, 0.000% MACs, p=0.05, inplace=False)
  )
  (encoder): Encoder(
    6.3 M, 46.311% Params, 604.48 MMac, 21.054% MACs, 
    (attn_layers): ModuleList(
      6.3 M, 46.311% Params, 604.48 MMac, 21.054% MACs, 
      (0): EncoderLayer(
        3.15 M, 23.155% Params, 302.24 MMac, 10.527% MACs, 
        (attention): AttentionLayer(
          1.05 M, 7.722% Params, 100.67 MMac, 3.506% MACs, 
          (inner_attention): FullAttention(
            0, 0.000% Params, 0.0 Mac, 0.000% MACs, 
            (dropout): Dropout(0, 0.000% Params, 0.0 Mac, 0.000% MACs, p=0.05, inplace=False)
          )
          (query_projection): Linear(262.66 k, 1.931% Params, 25.17 MMac, 0.877% MACs, in_features=512, out_features=512, bias=True)
          (key_projection): Linear(262.66 k, 1.931% Params, 25.17 MMac, 0.877% MACs, in_features=512, out_features=512, bias=True)
          (value_projection): Linear(262.66 k, 1.931% Params, 25.17 MMac, 0.877% MACs, in_features=512, out_features=512, bias=True)
          (out_projection): Linear(262.66 k, 1.931% Params, 25.17 MMac, 0.877% MACs, in_features=512, out_features=512, bias=True)
        )
        (conv1): Conv1d(1.05 M, 7.722% Params, 100.86 MMac, 3.513% MACs, 512, 2048, kernel_size=(1,), stride=(1,))
        (conv2): Conv1d(1.05 M, 7.711% Params, 100.71 MMac, 3.508% MACs, 2048, 512, kernel_size=(1,), stride=(1,))
        (norm1): LayerNorm(0, 0.000% Params, 0.0 Mac, 0.000% MACs, (512,), eps=1e-05, elementwise_affine=True)
        (norm2): LayerNorm(0, 0.000% Params, 0.0 Mac, 0.000% MACs, (512,), eps=1e-05, elementwise_affine=True)
        (dropout): Dropout(0, 0.000% Params, 0.0 Mac, 0.000% MACs, p=0.05, inplace=False)
      )
      (1): EncoderLayer(
        3.15 M, 23.155% Params, 302.24 MMac, 10.527% MACs, 
        (attention): AttentionLayer(
          1.05 M, 7.722% Params, 100.67 MMac, 3.506% MACs, 
          (inner_attention): FullAttention(
            0, 0.000% Params, 0.0 Mac, 0.000% MACs, 
            (dropout): Dropout(0, 0.000% Params, 0.0 Mac, 0.000% MACs, p=0.05, inplace=False)
          )
          (query_projection): Linear(262.66 k, 1.931% Params, 25.17 MMac, 0.877% MACs, in_features=512, out_features=512, bias=True)
          (key_projection): Linear(262.66 k, 1.931% Params, 25.17 MMac, 0.877% MACs, in_features=512, out_features=512, bias=True)
          (value_projection): Linear(262.66 k, 1.931% Params, 25.17 MMac, 0.877% MACs, in_features=512, out_features=512, bias=True)
          (out_projection): Linear(262.66 k, 1.931% Params, 25.17 MMac, 0.877% MACs, in_features=512, out_features=512, bias=True)
        )
        (conv1): Conv1d(1.05 M, 7.722% Params, 100.86 MMac, 3.513% MACs, 512, 2048, kernel_size=(1,), stride=(1,))
        (conv2): Conv1d(1.05 M, 7.711% Params, 100.71 MMac, 3.508% MACs, 2048, 512, kernel_size=(1,), stride=(1,))
        (norm1): LayerNorm(0, 0.000% Params, 0.0 Mac, 0.000% MACs, (512,), eps=1e-05, elementwise_affine=True)
        (norm2): LayerNorm(0, 0.000% Params, 0.0 Mac, 0.000% MACs, (512,), eps=1e-05, elementwise_affine=True)
        (dropout): Dropout(0, 0.000% Params, 0.0 Mac, 0.000% MACs, p=0.05, inplace=False)
      )
    )
    (norm): LayerNorm(0, 0.000% Params, 0.0 Mac, 0.000% MACs, (512,), eps=1e-05, elementwise_affine=True)
  )
  (decoder): Decoder(
    4.64 M, 34.128% Params, 1.63 GMac, 56.776% MACs, 
    (layers): ModuleList(
      4.2 M, 30.878% Params, 1.46 GMac, 50.873% MACs, 
      (0): DecoderLayer(
        4.2 M, 30.878% Params, 1.46 GMac, 50.873% MACs, 
        (self_attention): AttentionLayer(
          1.05 M, 7.722% Params, 402.66 MMac, 14.025% MACs, 
          (inner_attention): FullAttention(
            0, 0.000% Params, 0.0 Mac, 0.000% MACs, 
            (dropout): Dropout(0, 0.000% Params, 0.0 Mac, 0.000% MACs, p=0.05, inplace=False)
          )
          (query_projection): Linear(262.66 k, 1.931% Params, 100.66 MMac, 3.506% MACs, in_features=512, out_features=512, bias=True)
          (key_projection): Linear(262.66 k, 1.931% Params, 100.66 MMac, 3.506% MACs, in_features=512, out_features=512, bias=True)
          (value_projection): Linear(262.66 k, 1.931% Params, 100.66 MMac, 3.506% MACs, in_features=512, out_features=512, bias=True)
          (out_projection): Linear(262.66 k, 1.931% Params, 100.66 MMac, 3.506% MACs, in_features=512, out_features=512, bias=True)
        )
        (cross_attention): AttentionLayer(
          1.05 M, 7.722% Params, 251.66 MMac, 8.765% MACs, 
          (inner_attention): FullAttention(
            0, 0.000% Params, 0.0 Mac, 0.000% MACs, 
            (dropout): Dropout(0, 0.000% Params, 0.0 Mac, 0.000% MACs, p=0.05, inplace=False)
          )
          (query_projection): Linear(262.66 k, 1.931% Params, 100.66 MMac, 3.506% MACs, in_features=512, out_features=512, bias=True)
          (key_projection): Linear(262.66 k, 1.931% Params, 25.17 MMac, 0.877% MACs, in_features=512, out_features=512, bias=True)
          (value_projection): Linear(262.66 k, 1.931% Params, 25.17 MMac, 0.877% MACs, in_features=512, out_features=512, bias=True)
          (out_projection): Linear(262.66 k, 1.931% Params, 100.66 MMac, 3.506% MACs, in_features=512, out_features=512, bias=True)
        )
        (conv1): Conv1d(1.05 M, 7.722% Params, 403.44 MMac, 14.052% MACs, 512, 2048, kernel_size=(1,), stride=(1,))
        (conv2): Conv1d(1.05 M, 7.711% Params, 402.85 MMac, 14.031% MACs, 2048, 512, kernel_size=(1,), stride=(1,))
        (norm1): LayerNorm(0, 0.000% Params, 0.0 Mac, 0.000% MACs, (512,), eps=1e-05, elementwise_affine=True)
        (norm2): LayerNorm(0, 0.000% Params, 0.0 Mac, 0.000% MACs, (512,), eps=1e-05, elementwise_affine=True)
        (norm3): LayerNorm(0, 0.000% Params, 0.0 Mac, 0.000% MACs, (512,), eps=1e-05, elementwise_affine=True)
        (dropout): Dropout(0, 0.000% Params, 0.0 Mac, 0.000% MACs, p=0.05, inplace=False)
      )
    )
    (norm): LayerNorm(0, 0.000% Params, 0.0 Mac, 0.000% MACs, (512,), eps=1e-05, elementwise_affine=True)
    (projection): Linear(442.21 k, 3.250% Params, 169.48 MMac, 5.903% MACs, in_features=512, out_features=862, bias=True)
  )
)
Computational complexity:       2.87 GMac
Number of parameters:           13.61 M 
