Args in experiment:
Namespace(is_training=1, model_id='traffic_96_96', model='Transformer', data='custom', root_path='./dataset/', data_path='traffic.csv', features='M', target='OT', freq='h', checkpoints='./checkpoints/', seq_len=96, label_len=48, pred_len=96, individual=False, embed_type=0, enc_in=862, dec_in=862, c_out=862, d_model=512, n_heads=8, e_layers=2, d_layers=1, d_ff=2048, moving_avg=25, factor=3, distil=True, dropout=0.05, embed='timeF', activation='gelu', output_attention=False, do_predict=False, num_workers=10, itr=1, train_epochs=3, batch_size=32, patience=3, learning_rate=0.0001, des='Exp', loss='mse', lradj='type1', use_amp=False, use_gpu=True, gpu=8, use_multi_gpu=False, devices='0,1,2,3', test_flop=True)
Use GPU: cuda:8
>>>>>>>start training : traffic_96_96_Transformer_custom_ftM_sl96_ll48_pl96_dm512_nh8_el2_dl1_df2048_fc3_ebtimeF_dtTrue_Exp_0>>>>>>>>>>>>>>>>>>>>>>>>>>
train 12089
val 1661
test 3413
	iters: 100, epoch: 1 | loss: 0.4791704
	speed: 0.2392s/iter; left time: 246.8652s
	iters: 200, epoch: 1 | loss: 0.3502089
	speed: 0.0900s/iter; left time: 83.8983s
	iters: 300, epoch: 1 | loss: 0.3136587
	speed: 0.0861s/iter; left time: 71.6301s
Epoch: 1 cost time: 48.41006350517273
Epoch: 1, Steps: 377 | Train Loss: 0.4599280 Vali Loss: 0.5287008 Test Loss: 0.6686547
Validation loss decreased (inf --> 0.528701).  Saving model ...
Updating learning rate to 0.0001
	iters: 100, epoch: 2 | loss: 0.2810697
	speed: 0.3244s/iter; left time: 212.4742s
	iters: 200, epoch: 2 | loss: 0.2613513
	speed: 0.0829s/iter; left time: 45.9873s
	iters: 300, epoch: 2 | loss: 0.2370680
	speed: 0.0866s/iter; left time: 39.3857s
Epoch: 2 cost time: 34.270716190338135
Epoch: 2, Steps: 377 | Train Loss: 0.2668010 Vali Loss: 0.5049238 Test Loss: 0.6508081
Validation loss decreased (0.528701 --> 0.504924).  Saving model ...
Updating learning rate to 5e-05
	iters: 100, epoch: 3 | loss: 0.2340841
	speed: 0.3502s/iter; left time: 97.3539s
	iters: 200, epoch: 3 | loss: 0.2360463
	speed: 0.0813s/iter; left time: 14.4780s
	iters: 300, epoch: 3 | loss: 0.2293477
	speed: 0.0881s/iter; left time: 6.8752s
Epoch: 3 cost time: 33.574244260787964
Epoch: 3, Steps: 377 | Train Loss: 0.2322000 Vali Loss: 0.4876406 Test Loss: 0.6445022
Validation loss decreased (0.504924 --> 0.487641).  Saving model ...
Updating learning rate to 2.5e-05
>>>>>>>testing : traffic_96_96_Transformer_custom_ftM_sl96_ll48_pl96_dm512_nh8_el2_dl1_df2048_fc3_ebtimeF_dtTrue_Exp_0<<<<<<<<<<<<<<<<<<<<<<<<<<<<<<<<<
test 3413
mse:0.644502580165863, mae:0.35702279210090637
INFO: Trainable parameter count: 1.32M
INFO: Trainable parameter count: 1.33M
INFO: Trainable parameter count: 2.65M
INFO: Trainable parameter count: 2.65M
INFO: Trainable parameter count: 2.91M
INFO: Trainable parameter count: 2.91M
INFO: Trainable parameter count: 3.18M
INFO: Trainable parameter count: 3.18M
INFO: Trainable parameter count: 3.44M
INFO: Trainable parameter count: 3.44M
INFO: Trainable parameter count: 3.70M
INFO: Trainable parameter count: 3.70M
INFO: Trainable parameter count: 4.75M
INFO: Trainable parameter count: 4.75M
INFO: Trainable parameter count: 5.80M
INFO: Trainable parameter count: 5.80M
INFO: Trainable parameter count: 5.80M
INFO: Trainable parameter count: 5.80M
INFO: Trainable parameter count: 5.80M
INFO: Trainable parameter count: 5.80M
INFO: Trainable parameter count: 6.07M
INFO: Trainable parameter count: 6.07M
INFO: Trainable parameter count: 6.33M
INFO: Trainable parameter count: 6.33M
INFO: Trainable parameter count: 6.59M
INFO: Trainable parameter count: 6.59M
INFO: Trainable parameter count: 6.85M
INFO: Trainable parameter count: 6.86M
INFO: Trainable parameter count: 7.90M
INFO: Trainable parameter count: 7.91M
INFO: Trainable parameter count: 8.95M
INFO: Trainable parameter count: 8.95M
INFO: Trainable parameter count: 8.96M
INFO: Trainable parameter count: 8.96M
INFO: Trainable parameter count: 8.96M
INFO: Trainable parameter count: 8.96M
INFO: Trainable parameter count: 8.96M
INFO: Trainable parameter count: 8.96M
INFO: Trainable parameter count: 9.22M
INFO: Trainable parameter count: 9.22M
INFO: Trainable parameter count: 9.48M
INFO: Trainable parameter count: 9.48M
INFO: Trainable parameter count: 9.75M
INFO: Trainable parameter count: 9.75M
INFO: Trainable parameter count: 10.01M
INFO: Trainable parameter count: 10.01M
INFO: Trainable parameter count: 10.27M
INFO: Trainable parameter count: 10.27M
INFO: Trainable parameter count: 10.53M
INFO: Trainable parameter count: 10.53M
INFO: Trainable parameter count: 10.80M
INFO: Trainable parameter count: 10.80M
INFO: Trainable parameter count: 11.06M
INFO: Trainable parameter count: 11.06M
INFO: Trainable parameter count: 12.11M
INFO: Trainable parameter count: 12.11M
INFO: Trainable parameter count: 13.16M
INFO: Trainable parameter count: 13.16M
INFO: Trainable parameter count: 13.16M
INFO: Trainable parameter count: 13.16M
INFO: Trainable parameter count: 13.16M
INFO: Trainable parameter count: 13.16M
INFO: Trainable parameter count: 13.16M
INFO: Trainable parameter count: 13.16M
INFO: Trainable parameter count: 13.16M
INFO: Trainable parameter count: 13.16M
INFO: Trainable parameter count: 13.60M
INFO: Trainable parameter count: 13.61M
Model(
  13.6 M, 99.932% Params, 1.57 GMac, 100.000% MACs, 
  (enc_embedding): DataEmbedding(
    1.33 M, 9.747% Params, 127.3 MMac, 8.132% MACs, 
    (value_embedding): TokenEmbedding(
      1.32 M, 9.732% Params, 127.11 MMac, 8.119% MACs, 
      (tokenConv): Conv1d(1.32 M, 9.732% Params, 127.11 MMac, 8.119% MACs, 862, 512, kernel_size=(3,), stride=(1,), padding=(1,), bias=False, padding_mode=circular)
    )
    (position_embedding): PositionalEmbedding(0, 0.000% Params, 0.0 Mac, 0.000% MACs, )
    (temporal_embedding): TimeFeatureEmbedding(
      2.05 k, 0.015% Params, 196.61 KMac, 0.013% MACs, 
      (embed): Linear(2.05 k, 0.015% Params, 196.61 KMac, 0.013% MACs, in_features=4, out_features=512, bias=False)
    )
    (dropout): Dropout(0, 0.000% Params, 0.0 Mac, 0.000% MACs, p=0.05, inplace=False)
  )
  (dec_embedding): DataEmbedding(
    1.33 M, 9.747% Params, 190.96 MMac, 12.198% MACs, 
    (value_embedding): TokenEmbedding(
      1.32 M, 9.732% Params, 190.66 MMac, 12.179% MACs, 
      (tokenConv): Conv1d(1.32 M, 9.732% Params, 190.66 MMac, 12.179% MACs, 862, 512, kernel_size=(3,), stride=(1,), padding=(1,), bias=False, padding_mode=circular)
    )
    (position_embedding): PositionalEmbedding(0, 0.000% Params, 0.0 Mac, 0.000% MACs, )
    (temporal_embedding): TimeFeatureEmbedding(
      2.05 k, 0.015% Params, 294.91 KMac, 0.019% MACs, 
      (embed): Linear(2.05 k, 0.015% Params, 294.91 KMac, 0.019% MACs, in_features=4, out_features=512, bias=False)
    )
    (dropout): Dropout(0, 0.000% Params, 0.0 Mac, 0.000% MACs, p=0.05, inplace=False)
  )
  (encoder): Encoder(
    6.3 M, 46.311% Params, 604.48 MMac, 38.613% MACs, 
    (attn_layers): ModuleList(
      6.3 M, 46.311% Params, 604.48 MMac, 38.613% MACs, 
      (0): EncoderLayer(
        3.15 M, 23.155% Params, 302.24 MMac, 19.306% MACs, 
        (attention): AttentionLayer(
          1.05 M, 7.722% Params, 100.67 MMac, 6.430% MACs, 
          (inner_attention): FullAttention(
            0, 0.000% Params, 0.0 Mac, 0.000% MACs, 
            (dropout): Dropout(0, 0.000% Params, 0.0 Mac, 0.000% MACs, p=0.05, inplace=False)
          )
          (query_projection): Linear(262.66 k, 1.931% Params, 25.17 MMac, 1.608% MACs, in_features=512, out_features=512, bias=True)
          (key_projection): Linear(262.66 k, 1.931% Params, 25.17 MMac, 1.608% MACs, in_features=512, out_features=512, bias=True)
          (value_projection): Linear(262.66 k, 1.931% Params, 25.17 MMac, 1.608% MACs, in_features=512, out_features=512, bias=True)
          (out_projection): Linear(262.66 k, 1.931% Params, 25.17 MMac, 1.608% MACs, in_features=512, out_features=512, bias=True)
        )
        (conv1): Conv1d(1.05 M, 7.722% Params, 100.86 MMac, 6.443% MACs, 512, 2048, kernel_size=(1,), stride=(1,))
        (conv2): Conv1d(1.05 M, 7.711% Params, 100.71 MMac, 6.433% MACs, 2048, 512, kernel_size=(1,), stride=(1,))
        (norm1): LayerNorm(0, 0.000% Params, 0.0 Mac, 0.000% MACs, (512,), eps=1e-05, elementwise_affine=True)
        (norm2): LayerNorm(0, 0.000% Params, 0.0 Mac, 0.000% MACs, (512,), eps=1e-05, elementwise_affine=True)
        (dropout): Dropout(0, 0.000% Params, 0.0 Mac, 0.000% MACs, p=0.05, inplace=False)
      )
      (1): EncoderLayer(
        3.15 M, 23.155% Params, 302.24 MMac, 19.306% MACs, 
        (attention): AttentionLayer(
          1.05 M, 7.722% Params, 100.67 MMac, 6.430% MACs, 
          (inner_attention): FullAttention(
            0, 0.000% Params, 0.0 Mac, 0.000% MACs, 
            (dropout): Dropout(0, 0.000% Params, 0.0 Mac, 0.000% MACs, p=0.05, inplace=False)
          )
          (query_projection): Linear(262.66 k, 1.931% Params, 25.17 MMac, 1.608% MACs, in_features=512, out_features=512, bias=True)
          (key_projection): Linear(262.66 k, 1.931% Params, 25.17 MMac, 1.608% MACs, in_features=512, out_features=512, bias=True)
          (value_projection): Linear(262.66 k, 1.931% Params, 25.17 MMac, 1.608% MACs, in_features=512, out_features=512, bias=True)
          (out_projection): Linear(262.66 k, 1.931% Params, 25.17 MMac, 1.608% MACs, in_features=512, out_features=512, bias=True)
        )
        (conv1): Conv1d(1.05 M, 7.722% Params, 100.86 MMac, 6.443% MACs, 512, 2048, kernel_size=(1,), stride=(1,))
        (conv2): Conv1d(1.05 M, 7.711% Params, 100.71 MMac, 6.433% MACs, 2048, 512, kernel_size=(1,), stride=(1,))
        (norm1): LayerNorm(0, 0.000% Params, 0.0 Mac, 0.000% MACs, (512,), eps=1e-05, elementwise_affine=True)
        (norm2): LayerNorm(0, 0.000% Params, 0.0 Mac, 0.000% MACs, (512,), eps=1e-05, elementwise_affine=True)
        (dropout): Dropout(0, 0.000% Params, 0.0 Mac, 0.000% MACs, p=0.05, inplace=False)
      )
    )
    (norm): LayerNorm(0, 0.000% Params, 0.0 Mac, 0.000% MACs, (512,), eps=1e-05, elementwise_affine=True)
  )
  (decoder): Decoder(
    4.64 M, 34.128% Params, 642.74 MMac, 41.057% MACs, 
    (layers): ModuleList(
      4.2 M, 30.878% Params, 579.19 MMac, 36.997% MACs, 
      (0): DecoderLayer(
        4.2 M, 30.878% Params, 579.19 MMac, 36.997% MACs, 
        (self_attention): AttentionLayer(
          1.05 M, 7.722% Params, 151.0 MMac, 9.645% MACs, 
          (inner_attention): FullAttention(
            0, 0.000% Params, 0.0 Mac, 0.000% MACs, 
            (dropout): Dropout(0, 0.000% Params, 0.0 Mac, 0.000% MACs, p=0.05, inplace=False)
          )
          (query_projection): Linear(262.66 k, 1.931% Params, 37.75 MMac, 2.411% MACs, in_features=512, out_features=512, bias=True)
          (key_projection): Linear(262.66 k, 1.931% Params, 37.75 MMac, 2.411% MACs, in_features=512, out_features=512, bias=True)
          (value_projection): Linear(262.66 k, 1.931% Params, 37.75 MMac, 2.411% MACs, in_features=512, out_features=512, bias=True)
          (out_projection): Linear(262.66 k, 1.931% Params, 37.75 MMac, 2.411% MACs, in_features=512, out_features=512, bias=True)
        )
        (cross_attention): AttentionLayer(
          1.05 M, 7.722% Params, 125.83 MMac, 8.038% MACs, 
          (inner_attention): FullAttention(
            0, 0.000% Params, 0.0 Mac, 0.000% MACs, 
            (dropout): Dropout(0, 0.000% Params, 0.0 Mac, 0.000% MACs, p=0.05, inplace=False)
          )
          (query_projection): Linear(262.66 k, 1.931% Params, 37.75 MMac, 2.411% MACs, in_features=512, out_features=512, bias=True)
          (key_projection): Linear(262.66 k, 1.931% Params, 25.17 MMac, 1.608% MACs, in_features=512, out_features=512, bias=True)
          (value_projection): Linear(262.66 k, 1.931% Params, 25.17 MMac, 1.608% MACs, in_features=512, out_features=512, bias=True)
          (out_projection): Linear(262.66 k, 1.931% Params, 37.75 MMac, 2.411% MACs, in_features=512, out_features=512, bias=True)
        )
        (conv1): Conv1d(1.05 M, 7.722% Params, 151.29 MMac, 9.664% MACs, 512, 2048, kernel_size=(1,), stride=(1,))
        (conv2): Conv1d(1.05 M, 7.711% Params, 151.07 MMac, 9.650% MACs, 2048, 512, kernel_size=(1,), stride=(1,))
        (norm1): LayerNorm(0, 0.000% Params, 0.0 Mac, 0.000% MACs, (512,), eps=1e-05, elementwise_affine=True)
        (norm2): LayerNorm(0, 0.000% Params, 0.0 Mac, 0.000% MACs, (512,), eps=1e-05, elementwise_affine=True)
        (norm3): LayerNorm(0, 0.000% Params, 0.0 Mac, 0.000% MACs, (512,), eps=1e-05, elementwise_affine=True)
        (dropout): Dropout(0, 0.000% Params, 0.0 Mac, 0.000% MACs, p=0.05, inplace=False)
      )
    )
    (norm): LayerNorm(0, 0.000% Params, 0.0 Mac, 0.000% MACs, (512,), eps=1e-05, elementwise_affine=True)
    (projection): Linear(442.21 k, 3.250% Params, 63.55 MMac, 4.060% MACs, in_features=512, out_features=862, bias=True)
  )
)
Computational complexity:       1.57 GMac
Number of parameters:           13.61 M 
