Args in experiment:
Namespace(is_training=1, model_id='ETTm1_96_96', model='Transformer', data='ETTm1', root_path='./dataset/', data_path='ETTm1.csv', features='M', target='OT', freq='h', checkpoints='./checkpoints/', seq_len=96, label_len=48, pred_len=96, individual=False, embed_type=0, enc_in=7, dec_in=7, c_out=7, d_model=512, n_heads=8, e_layers=2, d_layers=1, d_ff=2048, moving_avg=25, factor=3, distil=True, dropout=0.05, embed='timeF', activation='gelu', output_attention=False, do_predict=False, num_workers=10, itr=1, train_epochs=10, batch_size=32, patience=3, learning_rate=0.0001, des='Exp', loss='mse', lradj='type1', use_amp=False, use_gpu=True, gpu=4, use_multi_gpu=False, devices='0,1,2,3', test_flop=True)
Use GPU: cuda:4
>>>>>>>start training : ETTm1_96_96_Transformer_ETTm1_ftM_sl96_ll48_pl96_dm512_nh8_el2_dl1_df2048_fc3_ebtimeF_dtTrue_Exp_0>>>>>>>>>>>>>>>>>>>>>>>>>>
train 34369
val 11425
test 11425
	iters: 100, epoch: 1 | loss: 0.3330268
	speed: 0.2507s/iter; left time: 2667.6703s
	iters: 200, epoch: 1 | loss: 0.2643612
	speed: 0.0558s/iter; left time: 588.3312s
	iters: 300, epoch: 1 | loss: 0.2484214
	speed: 0.0516s/iter; left time: 538.5216s
	iters: 400, epoch: 1 | loss: 0.2147209
	speed: 0.0456s/iter; left time: 471.5723s
	iters: 500, epoch: 1 | loss: 0.1963355
	speed: 0.0421s/iter; left time: 431.1512s
	iters: 600, epoch: 1 | loss: 0.2068073
	speed: 0.0415s/iter; left time: 421.0278s
	iters: 700, epoch: 1 | loss: 0.2349390
	speed: 0.0410s/iter; left time: 411.7600s
	iters: 800, epoch: 1 | loss: 0.1909194
	speed: 0.0402s/iter; left time: 399.9352s
	iters: 900, epoch: 1 | loss: 0.1571017
	speed: 0.0435s/iter; left time: 428.2777s
	iters: 1000, epoch: 1 | loss: 0.1511623
	speed: 0.0396s/iter; left time: 385.4633s
Epoch: 1 cost time: 67.9275689125061
Epoch: 1, Steps: 1074 | Train Loss: 0.2399552 Vali Loss: 0.6827533 Test Loss: 0.6288728
Validation loss decreased (inf --> 0.682753).  Saving model ...
Updating learning rate to 0.0001
	iters: 100, epoch: 2 | loss: 0.1934577
	speed: 0.2646s/iter; left time: 2530.9973s
	iters: 200, epoch: 2 | loss: 0.1335361
	speed: 0.0460s/iter; left time: 435.3836s
	iters: 300, epoch: 2 | loss: 0.1335426
	speed: 0.0479s/iter; left time: 448.3280s
	iters: 400, epoch: 2 | loss: 0.1411896
	speed: 0.0463s/iter; left time: 429.1050s
	iters: 500, epoch: 2 | loss: 0.1175257
	speed: 0.0460s/iter; left time: 422.0101s
	iters: 600, epoch: 2 | loss: 0.1183165
	speed: 0.0462s/iter; left time: 418.5983s
	iters: 700, epoch: 2 | loss: 0.1234707
	speed: 0.0455s/iter; left time: 407.6756s
	iters: 800, epoch: 2 | loss: 0.0960125
	speed: 0.0461s/iter; left time: 408.6293s
	iters: 900, epoch: 2 | loss: 0.1024346
	speed: 0.0469s/iter; left time: 410.9764s
	iters: 1000, epoch: 2 | loss: 0.1128836
	speed: 0.0465s/iter; left time: 403.1023s
Epoch: 2 cost time: 52.249167680740356
Epoch: 2, Steps: 1074 | Train Loss: 0.1242869 Vali Loss: 0.6864492 Test Loss: 0.5811190
EarlyStopping counter: 1 out of 3
Updating learning rate to 5e-05
	iters: 100, epoch: 3 | loss: 0.0816230
	speed: 0.2778s/iter; left time: 2359.5927s
	iters: 200, epoch: 3 | loss: 0.0786206
	speed: 0.0461s/iter; left time: 386.8516s
	iters: 300, epoch: 3 | loss: 0.0815521
	speed: 0.0491s/iter; left time: 407.2637s
	iters: 400, epoch: 3 | loss: 0.0758650
	speed: 0.0438s/iter; left time: 358.5959s
	iters: 500, epoch: 3 | loss: 0.0904948
	speed: 0.0539s/iter; left time: 436.0963s
	iters: 600, epoch: 3 | loss: 0.0760299
	speed: 0.0558s/iter; left time: 446.1250s
	iters: 700, epoch: 3 | loss: 0.0714195
	speed: 0.0475s/iter; left time: 374.5854s
	iters: 800, epoch: 3 | loss: 0.0741976
	speed: 0.0432s/iter; left time: 336.8191s
	iters: 900, epoch: 3 | loss: 0.0730391
	speed: 0.0396s/iter; left time: 304.5877s
	iters: 1000, epoch: 3 | loss: 0.0794922
	speed: 0.0444s/iter; left time: 337.4061s
Epoch: 3 cost time: 51.594605922698975
Epoch: 3, Steps: 1074 | Train Loss: 0.0803955 Vali Loss: 0.7016183 Test Loss: 0.5313820
EarlyStopping counter: 2 out of 3
Updating learning rate to 2.5e-05
	iters: 100, epoch: 4 | loss: 0.0729741
	speed: 0.2195s/iter; left time: 1628.8023s
	iters: 200, epoch: 4 | loss: 0.0673655
	speed: 0.0407s/iter; left time: 298.0692s
	iters: 300, epoch: 4 | loss: 0.0671280
	speed: 0.0404s/iter; left time: 291.9153s
	iters: 400, epoch: 4 | loss: 0.0717183
	speed: 0.0408s/iter; left time: 290.5653s
	iters: 500, epoch: 4 | loss: 0.0712347
	speed: 0.0408s/iter; left time: 286.2191s
	iters: 600, epoch: 4 | loss: 0.0592999
	speed: 0.0414s/iter; left time: 286.4995s
	iters: 700, epoch: 4 | loss: 0.0639590
	speed: 0.0405s/iter; left time: 276.4790s
	iters: 800, epoch: 4 | loss: 0.0614842
	speed: 0.0393s/iter; left time: 263.9036s
	iters: 900, epoch: 4 | loss: 0.0710642
	speed: 0.0403s/iter; left time: 266.7311s
	iters: 1000, epoch: 4 | loss: 0.0631761
	speed: 0.0452s/iter; left time: 294.4036s
Epoch: 4 cost time: 46.04252362251282
Epoch: 4, Steps: 1074 | Train Loss: 0.0666804 Vali Loss: 0.7161173 Test Loss: 0.5410914
EarlyStopping counter: 3 out of 3
Early stopping
>>>>>>>testing : ETTm1_96_96_Transformer_ETTm1_ftM_sl96_ll48_pl96_dm512_nh8_el2_dl1_df2048_fc3_ebtimeF_dtTrue_Exp_0<<<<<<<<<<<<<<<<<<<<<<<<<<<<<<<<<
test 11425
mse:0.6288734674453735, mae:0.5755349397659302
INFO: Trainable parameter count: 0.01M
INFO: Trainable parameter count: 0.01M
INFO: Trainable parameter count: 0.02M
INFO: Trainable parameter count: 0.03M
INFO: Trainable parameter count: 0.29M
INFO: Trainable parameter count: 0.29M
INFO: Trainable parameter count: 0.55M
INFO: Trainable parameter count: 0.55M
INFO: Trainable parameter count: 0.81M
INFO: Trainable parameter count: 0.81M
INFO: Trainable parameter count: 1.08M
INFO: Trainable parameter count: 1.08M
INFO: Trainable parameter count: 2.12M
INFO: Trainable parameter count: 2.13M
INFO: Trainable parameter count: 3.18M
INFO: Trainable parameter count: 3.18M
INFO: Trainable parameter count: 3.18M
INFO: Trainable parameter count: 3.18M
INFO: Trainable parameter count: 3.18M
INFO: Trainable parameter count: 3.18M
INFO: Trainable parameter count: 3.44M
INFO: Trainable parameter count: 3.44M
INFO: Trainable parameter count: 3.70M
INFO: Trainable parameter count: 3.70M
INFO: Trainable parameter count: 3.97M
INFO: Trainable parameter count: 3.97M
INFO: Trainable parameter count: 4.23M
INFO: Trainable parameter count: 4.23M
INFO: Trainable parameter count: 5.28M
INFO: Trainable parameter count: 5.28M
INFO: Trainable parameter count: 6.33M
INFO: Trainable parameter count: 6.33M
INFO: Trainable parameter count: 6.33M
INFO: Trainable parameter count: 6.33M
INFO: Trainable parameter count: 6.33M
INFO: Trainable parameter count: 6.33M
INFO: Trainable parameter count: 6.33M
INFO: Trainable parameter count: 6.33M
INFO: Trainable parameter count: 6.59M
INFO: Trainable parameter count: 6.59M
INFO: Trainable parameter count: 6.86M
INFO: Trainable parameter count: 6.86M
INFO: Trainable parameter count: 7.12M
INFO: Trainable parameter count: 7.12M
INFO: Trainable parameter count: 7.38M
INFO: Trainable parameter count: 7.38M
INFO: Trainable parameter count: 7.64M
INFO: Trainable parameter count: 7.64M
INFO: Trainable parameter count: 7.91M
INFO: Trainable parameter count: 7.91M
INFO: Trainable parameter count: 8.17M
INFO: Trainable parameter count: 8.17M
INFO: Trainable parameter count: 8.43M
INFO: Trainable parameter count: 8.43M
INFO: Trainable parameter count: 9.48M
INFO: Trainable parameter count: 9.48M
INFO: Trainable parameter count: 10.53M
INFO: Trainable parameter count: 10.53M
INFO: Trainable parameter count: 10.53M
INFO: Trainable parameter count: 10.53M
INFO: Trainable parameter count: 10.53M
INFO: Trainable parameter count: 10.53M
INFO: Trainable parameter count: 10.53M
INFO: Trainable parameter count: 10.54M
INFO: Trainable parameter count: 10.54M
INFO: Trainable parameter count: 10.54M
INFO: Trainable parameter count: 10.54M
INFO: Trainable parameter count: 10.54M
Model(
  10.53 M, 99.913% Params, 1.19 GMac, 100.000% MACs, 
  (enc_embedding): DataEmbedding(
    12.8 k, 0.121% Params, 1.23 MMac, 0.103% MACs, 
    (value_embedding): TokenEmbedding(
      10.75 k, 0.102% Params, 1.03 MMac, 0.087% MACs, 
      (tokenConv): Conv1d(10.75 k, 0.102% Params, 1.03 MMac, 0.087% MACs, 7, 512, kernel_size=(3,), stride=(1,), padding=(1,), bias=False, padding_mode=circular)
    )
    (position_embedding): PositionalEmbedding(0, 0.000% Params, 0.0 Mac, 0.000% MACs, )
    (temporal_embedding): TimeFeatureEmbedding(
      2.05 k, 0.019% Params, 196.61 KMac, 0.017% MACs, 
      (embed): Linear(2.05 k, 0.019% Params, 196.61 KMac, 0.017% MACs, in_features=4, out_features=512, bias=False)
    )
    (dropout): Dropout(0, 0.000% Params, 0.0 Mac, 0.000% MACs, p=0.05, inplace=False)
  )
  (dec_embedding): DataEmbedding(
    12.8 k, 0.121% Params, 1.84 MMac, 0.155% MACs, 
    (value_embedding): TokenEmbedding(
      10.75 k, 0.102% Params, 1.55 MMac, 0.130% MACs, 
      (tokenConv): Conv1d(10.75 k, 0.102% Params, 1.55 MMac, 0.130% MACs, 7, 512, kernel_size=(3,), stride=(1,), padding=(1,), bias=False, padding_mode=circular)
    )
    (position_embedding): PositionalEmbedding(0, 0.000% Params, 0.0 Mac, 0.000% MACs, )
    (temporal_embedding): TimeFeatureEmbedding(
      2.05 k, 0.019% Params, 294.91 KMac, 0.025% MACs, 
      (embed): Linear(2.05 k, 0.019% Params, 294.91 KMac, 0.025% MACs, in_features=4, out_features=512, bias=False)
    )
    (dropout): Dropout(0, 0.000% Params, 0.0 Mac, 0.000% MACs, p=0.05, inplace=False)
  )
  (encoder): Encoder(
    6.3 M, 59.778% Params, 604.48 MMac, 50.914% MACs, 
    (attn_layers): ModuleList(
      6.3 M, 59.778% Params, 604.48 MMac, 50.914% MACs, 
      (0): EncoderLayer(
        3.15 M, 29.889% Params, 302.24 MMac, 25.457% MACs, 
        (attention): AttentionLayer(
          1.05 M, 9.968% Params, 100.67 MMac, 8.479% MACs, 
          (inner_attention): FullAttention(
            0, 0.000% Params, 0.0 Mac, 0.000% MACs, 
            (dropout): Dropout(0, 0.000% Params, 0.0 Mac, 0.000% MACs, p=0.05, inplace=False)
          )
          (query_projection): Linear(262.66 k, 2.492% Params, 25.17 MMac, 2.120% MACs, in_features=512, out_features=512, bias=True)
          (key_projection): Linear(262.66 k, 2.492% Params, 25.17 MMac, 2.120% MACs, in_features=512, out_features=512, bias=True)
          (value_projection): Linear(262.66 k, 2.492% Params, 25.17 MMac, 2.120% MACs, in_features=512, out_features=512, bias=True)
          (out_projection): Linear(262.66 k, 2.492% Params, 25.17 MMac, 2.120% MACs, in_features=512, out_features=512, bias=True)
        )
        (conv1): Conv1d(1.05 M, 9.968% Params, 100.86 MMac, 8.495% MACs, 512, 2048, kernel_size=(1,), stride=(1,))
        (conv2): Conv1d(1.05 M, 9.953% Params, 100.71 MMac, 8.483% MACs, 2048, 512, kernel_size=(1,), stride=(1,))
        (norm1): LayerNorm(0, 0.000% Params, 0.0 Mac, 0.000% MACs, (512,), eps=1e-05, elementwise_affine=True)
        (norm2): LayerNorm(0, 0.000% Params, 0.0 Mac, 0.000% MACs, (512,), eps=1e-05, elementwise_affine=True)
        (dropout): Dropout(0, 0.000% Params, 0.0 Mac, 0.000% MACs, p=0.05, inplace=False)
      )
      (1): EncoderLayer(
        3.15 M, 29.889% Params, 302.24 MMac, 25.457% MACs, 
        (attention): AttentionLayer(
          1.05 M, 9.968% Params, 100.67 MMac, 8.479% MACs, 
          (inner_attention): FullAttention(
            0, 0.000% Params, 0.0 Mac, 0.000% MACs, 
            (dropout): Dropout(0, 0.000% Params, 0.0 Mac, 0.000% MACs, p=0.05, inplace=False)
          )
          (query_projection): Linear(262.66 k, 2.492% Params, 25.17 MMac, 2.120% MACs, in_features=512, out_features=512, bias=True)
          (key_projection): Linear(262.66 k, 2.492% Params, 25.17 MMac, 2.120% MACs, in_features=512, out_features=512, bias=True)
          (value_projection): Linear(262.66 k, 2.492% Params, 25.17 MMac, 2.120% MACs, in_features=512, out_features=512, bias=True)
          (out_projection): Linear(262.66 k, 2.492% Params, 25.17 MMac, 2.120% MACs, in_features=512, out_features=512, bias=True)
        )
        (conv1): Conv1d(1.05 M, 9.968% Params, 100.86 MMac, 8.495% MACs, 512, 2048, kernel_size=(1,), stride=(1,))
        (conv2): Conv1d(1.05 M, 9.953% Params, 100.71 MMac, 8.483% MACs, 2048, 512, kernel_size=(1,), stride=(1,))
        (norm1): LayerNorm(0, 0.000% Params, 0.0 Mac, 0.000% MACs, (512,), eps=1e-05, elementwise_affine=True)
        (norm2): LayerNorm(0, 0.000% Params, 0.0 Mac, 0.000% MACs, (512,), eps=1e-05, elementwise_affine=True)
        (dropout): Dropout(0, 0.000% Params, 0.0 Mac, 0.000% MACs, p=0.05, inplace=False)
      )
    )
    (norm): LayerNorm(0, 0.000% Params, 0.0 Mac, 0.000% MACs, (512,), eps=1e-05, elementwise_affine=True)
  )
  (decoder): Decoder(
    4.2 M, 39.891% Params, 579.7 MMac, 48.827% MACs, 
    (layers): ModuleList(
      4.2 M, 39.857% Params, 579.19 MMac, 48.784% MACs, 
      (0): DecoderLayer(
        4.2 M, 39.857% Params, 579.19 MMac, 48.784% MACs, 
        (self_attention): AttentionLayer(
          1.05 M, 9.968% Params, 151.0 MMac, 12.718% MACs, 
          (inner_attention): FullAttention(
            0, 0.000% Params, 0.0 Mac, 0.000% MACs, 
            (dropout): Dropout(0, 0.000% Params, 0.0 Mac, 0.000% MACs, p=0.05, inplace=False)
          )
          (query_projection): Linear(262.66 k, 2.492% Params, 37.75 MMac, 3.180% MACs, in_features=512, out_features=512, bias=True)
          (key_projection): Linear(262.66 k, 2.492% Params, 37.75 MMac, 3.180% MACs, in_features=512, out_features=512, bias=True)
          (value_projection): Linear(262.66 k, 2.492% Params, 37.75 MMac, 3.180% MACs, in_features=512, out_features=512, bias=True)
          (out_projection): Linear(262.66 k, 2.492% Params, 37.75 MMac, 3.180% MACs, in_features=512, out_features=512, bias=True)
        )
        (cross_attention): AttentionLayer(
          1.05 M, 9.968% Params, 125.83 MMac, 10.599% MACs, 
          (inner_attention): FullAttention(
            0, 0.000% Params, 0.0 Mac, 0.000% MACs, 
            (dropout): Dropout(0, 0.000% Params, 0.0 Mac, 0.000% MACs, p=0.05, inplace=False)
          )
          (query_projection): Linear(262.66 k, 2.492% Params, 37.75 MMac, 3.180% MACs, in_features=512, out_features=512, bias=True)
          (key_projection): Linear(262.66 k, 2.492% Params, 25.17 MMac, 2.120% MACs, in_features=512, out_features=512, bias=True)
          (value_projection): Linear(262.66 k, 2.492% Params, 25.17 MMac, 2.120% MACs, in_features=512, out_features=512, bias=True)
          (out_projection): Linear(262.66 k, 2.492% Params, 37.75 MMac, 3.180% MACs, in_features=512, out_features=512, bias=True)
        )
        (conv1): Conv1d(1.05 M, 9.968% Params, 151.29 MMac, 12.743% MACs, 512, 2048, kernel_size=(1,), stride=(1,))
        (conv2): Conv1d(1.05 M, 9.953% Params, 151.07 MMac, 12.724% MACs, 2048, 512, kernel_size=(1,), stride=(1,))
        (norm1): LayerNorm(0, 0.000% Params, 0.0 Mac, 0.000% MACs, (512,), eps=1e-05, elementwise_affine=True)
        (norm2): LayerNorm(0, 0.000% Params, 0.0 Mac, 0.000% MACs, (512,), eps=1e-05, elementwise_affine=True)
        (norm3): LayerNorm(0, 0.000% Params, 0.0 Mac, 0.000% MACs, (512,), eps=1e-05, elementwise_affine=True)
        (dropout): Dropout(0, 0.000% Params, 0.0 Mac, 0.000% MACs, p=0.05, inplace=False)
      )
    )
    (norm): LayerNorm(0, 0.000% Params, 0.0 Mac, 0.000% MACs, (512,), eps=1e-05, elementwise_affine=True)
    (projection): Linear(3.59 k, 0.034% Params, 516.1 KMac, 0.043% MACs, in_features=512, out_features=7, bias=True)
  )
)
Computational complexity:       1.19 GMac
Number of parameters:           10.54 M 
