Args in experiment:
Namespace(is_training=1, model_id='ETTh1_96_336', model='Transformer', data='ETTh1', root_path='./dataset/', data_path='ETTh1.csv', features='M', target='OT', freq='h', checkpoints='./checkpoints/', seq_len=96, label_len=48, pred_len=336, individual=False, embed_type=0, enc_in=7, dec_in=7, c_out=7, d_model=512, n_heads=8, e_layers=2, d_layers=1, d_ff=2048, moving_avg=25, factor=3, distil=True, dropout=0.05, embed='timeF', activation='gelu', output_attention=False, do_predict=False, num_workers=10, itr=1, train_epochs=10, batch_size=32, patience=3, learning_rate=0.0001, des='Exp', loss='mse', lradj='type1', use_amp=False, use_gpu=True, gpu=2, use_multi_gpu=False, devices='0,1,2,3', test_flop=True)
Use GPU: cuda:2
>>>>>>>start training : ETTh1_96_336_Transformer_ETTh1_ftM_sl96_ll48_pl336_dm512_nh8_el2_dl1_df2048_fc3_ebtimeF_dtTrue_Exp_0>>>>>>>>>>>>>>>>>>>>>>>>>>
train 8209
val 2545
test 2545
	iters: 100, epoch: 1 | loss: 0.5063238
	speed: 0.2353s/iter; left time: 578.9831s
	iters: 200, epoch: 1 | loss: 0.3716326
	speed: 0.0726s/iter; left time: 171.3407s
Epoch: 1 cost time: 34.79031777381897
Epoch: 1, Steps: 256 | Train Loss: 0.4715853 Vali Loss: 1.3652768 Test Loss: 1.1500860
Validation loss decreased (inf --> 1.365277).  Saving model ...
Updating learning rate to 0.0001
	iters: 100, epoch: 2 | loss: 0.3113181
	speed: 0.2202s/iter; left time: 485.6199s
	iters: 200, epoch: 2 | loss: 0.3009214
	speed: 0.0698s/iter; left time: 146.8995s
Epoch: 2 cost time: 20.048336505889893
Epoch: 2, Steps: 256 | Train Loss: 0.2999416 Vali Loss: 1.3707567 Test Loss: 1.4455128
EarlyStopping counter: 1 out of 3
Updating learning rate to 5e-05
	iters: 100, epoch: 3 | loss: 0.2543931
	speed: 0.2245s/iter; left time: 437.5315s
	iters: 200, epoch: 3 | loss: 0.2418570
	speed: 0.0757s/iter; left time: 139.9053s
Epoch: 3 cost time: 20.34208345413208
Epoch: 3, Steps: 256 | Train Loss: 0.2549302 Vali Loss: 1.3613299 Test Loss: 1.4987699
Validation loss decreased (1.365277 --> 1.361330).  Saving model ...
Updating learning rate to 2.5e-05
	iters: 100, epoch: 4 | loss: 0.2415427
	speed: 0.2313s/iter; left time: 391.6633s
	iters: 200, epoch: 4 | loss: 0.2301421
	speed: 0.0712s/iter; left time: 113.4689s
Epoch: 4 cost time: 20.60722780227661
Epoch: 4, Steps: 256 | Train Loss: 0.2366294 Vali Loss: 1.3622612 Test Loss: 1.4671854
EarlyStopping counter: 1 out of 3
Updating learning rate to 1.25e-05
	iters: 100, epoch: 5 | loss: 0.2299829
	speed: 0.2439s/iter; left time: 350.4329s
	iters: 200, epoch: 5 | loss: 0.2236100
	speed: 0.0775s/iter; left time: 103.5858s
Epoch: 5 cost time: 21.837819576263428
Epoch: 5, Steps: 256 | Train Loss: 0.2278706 Vali Loss: 1.3661309 Test Loss: 1.4780345
EarlyStopping counter: 2 out of 3
Updating learning rate to 6.25e-06
	iters: 100, epoch: 6 | loss: 0.2243286
	speed: 0.2281s/iter; left time: 269.3507s
	iters: 200, epoch: 6 | loss: 0.2059297
	speed: 0.0754s/iter; left time: 81.5392s
Epoch: 6 cost time: 20.58375310897827
Epoch: 6, Steps: 256 | Train Loss: 0.2232875 Vali Loss: 1.3662875 Test Loss: 1.5120103
EarlyStopping counter: 3 out of 3
Early stopping
>>>>>>>testing : ETTh1_96_336_Transformer_ETTh1_ftM_sl96_ll48_pl336_dm512_nh8_el2_dl1_df2048_fc3_ebtimeF_dtTrue_Exp_0<<<<<<<<<<<<<<<<<<<<<<<<<<<<<<<<<
test 2545
mse:1.4987698793411255, mae:1.0252760648727417
INFO: Trainable parameter count: 0.01M
INFO: Trainable parameter count: 0.01M
INFO: Trainable parameter count: 0.02M
INFO: Trainable parameter count: 0.03M
INFO: Trainable parameter count: 0.29M
INFO: Trainable parameter count: 0.29M
INFO: Trainable parameter count: 0.55M
INFO: Trainable parameter count: 0.55M
INFO: Trainable parameter count: 0.81M
INFO: Trainable parameter count: 0.81M
INFO: Trainable parameter count: 1.08M
INFO: Trainable parameter count: 1.08M
INFO: Trainable parameter count: 2.12M
INFO: Trainable parameter count: 2.13M
INFO: Trainable parameter count: 3.18M
INFO: Trainable parameter count: 3.18M
INFO: Trainable parameter count: 3.18M
INFO: Trainable parameter count: 3.18M
INFO: Trainable parameter count: 3.18M
INFO: Trainable parameter count: 3.18M
INFO: Trainable parameter count: 3.44M
INFO: Trainable parameter count: 3.44M
INFO: Trainable parameter count: 3.70M
INFO: Trainable parameter count: 3.70M
INFO: Trainable parameter count: 3.97M
INFO: Trainable parameter count: 3.97M
INFO: Trainable parameter count: 4.23M
INFO: Trainable parameter count: 4.23M
INFO: Trainable parameter count: 5.28M
INFO: Trainable parameter count: 5.28M
INFO: Trainable parameter count: 6.33M
INFO: Trainable parameter count: 6.33M
INFO: Trainable parameter count: 6.33M
INFO: Trainable parameter count: 6.33M
INFO: Trainable parameter count: 6.33M
INFO: Trainable parameter count: 6.33M
INFO: Trainable parameter count: 6.33M
INFO: Trainable parameter count: 6.33M
INFO: Trainable parameter count: 6.59M
INFO: Trainable parameter count: 6.59M
INFO: Trainable parameter count: 6.86M
INFO: Trainable parameter count: 6.86M
INFO: Trainable parameter count: 7.12M
INFO: Trainable parameter count: 7.12M
INFO: Trainable parameter count: 7.38M
INFO: Trainable parameter count: 7.38M
INFO: Trainable parameter count: 7.64M
INFO: Trainable parameter count: 7.64M
INFO: Trainable parameter count: 7.91M
INFO: Trainable parameter count: 7.91M
INFO: Trainable parameter count: 8.17M
INFO: Trainable parameter count: 8.17M
INFO: Trainable parameter count: 8.43M
INFO: Trainable parameter count: 8.43M
INFO: Trainable parameter count: 9.48M
INFO: Trainable parameter count: 9.48M
INFO: Trainable parameter count: 10.53M
INFO: Trainable parameter count: 10.53M
INFO: Trainable parameter count: 10.53M
INFO: Trainable parameter count: 10.53M
INFO: Trainable parameter count: 10.53M
INFO: Trainable parameter count: 10.53M
INFO: Trainable parameter count: 10.53M
INFO: Trainable parameter count: 10.54M
INFO: Trainable parameter count: 10.54M
INFO: Trainable parameter count: 10.54M
INFO: Trainable parameter count: 10.54M
INFO: Trainable parameter count: 10.54M
Model(
  10.53 M, 99.913% Params, 2.07 GMac, 100.000% MACs, 
  (enc_embedding): DataEmbedding(
    12.8 k, 0.121% Params, 1.23 MMac, 0.059% MACs, 
    (value_embedding): TokenEmbedding(
      10.75 k, 0.102% Params, 1.03 MMac, 0.050% MACs, 
      (tokenConv): Conv1d(10.75 k, 0.102% Params, 1.03 MMac, 0.050% MACs, 7, 512, kernel_size=(3,), stride=(1,), padding=(1,), bias=False, padding_mode=circular)
    )
    (position_embedding): PositionalEmbedding(0, 0.000% Params, 0.0 Mac, 0.000% MACs, )
    (temporal_embedding): TimeFeatureEmbedding(
      2.05 k, 0.019% Params, 196.61 KMac, 0.009% MACs, 
      (embed): Linear(2.05 k, 0.019% Params, 196.61 KMac, 0.009% MACs, in_features=4, out_features=512, bias=False)
    )
    (dropout): Dropout(0, 0.000% Params, 0.0 Mac, 0.000% MACs, p=0.05, inplace=False)
  )
  (dec_embedding): DataEmbedding(
    12.8 k, 0.121% Params, 4.92 MMac, 0.237% MACs, 
    (value_embedding): TokenEmbedding(
      10.75 k, 0.102% Params, 4.13 MMac, 0.199% MACs, 
      (tokenConv): Conv1d(10.75 k, 0.102% Params, 4.13 MMac, 0.199% MACs, 7, 512, kernel_size=(3,), stride=(1,), padding=(1,), bias=False, padding_mode=circular)
    )
    (position_embedding): PositionalEmbedding(0, 0.000% Params, 0.0 Mac, 0.000% MACs, )
    (temporal_embedding): TimeFeatureEmbedding(
      2.05 k, 0.019% Params, 786.43 KMac, 0.038% MACs, 
      (embed): Linear(2.05 k, 0.019% Params, 786.43 KMac, 0.038% MACs, in_features=4, out_features=512, bias=False)
    )
    (dropout): Dropout(0, 0.000% Params, 0.0 Mac, 0.000% MACs, p=0.05, inplace=False)
  )
  (encoder): Encoder(
    6.3 M, 59.778% Params, 604.48 MMac, 29.165% MACs, 
    (attn_layers): ModuleList(
      6.3 M, 59.778% Params, 604.48 MMac, 29.165% MACs, 
      (0): EncoderLayer(
        3.15 M, 29.889% Params, 302.24 MMac, 14.583% MACs, 
        (attention): AttentionLayer(
          1.05 M, 9.968% Params, 100.67 MMac, 4.857% MACs, 
          (inner_attention): FullAttention(
            0, 0.000% Params, 0.0 Mac, 0.000% MACs, 
            (dropout): Dropout(0, 0.000% Params, 0.0 Mac, 0.000% MACs, p=0.05, inplace=False)
          )
          (query_projection): Linear(262.66 k, 2.492% Params, 25.17 MMac, 1.214% MACs, in_features=512, out_features=512, bias=True)
          (key_projection): Linear(262.66 k, 2.492% Params, 25.17 MMac, 1.214% MACs, in_features=512, out_features=512, bias=True)
          (value_projection): Linear(262.66 k, 2.492% Params, 25.17 MMac, 1.214% MACs, in_features=512, out_features=512, bias=True)
          (out_projection): Linear(262.66 k, 2.492% Params, 25.17 MMac, 1.214% MACs, in_features=512, out_features=512, bias=True)
        )
        (conv1): Conv1d(1.05 M, 9.968% Params, 100.86 MMac, 4.866% MACs, 512, 2048, kernel_size=(1,), stride=(1,))
        (conv2): Conv1d(1.05 M, 9.953% Params, 100.71 MMac, 4.859% MACs, 2048, 512, kernel_size=(1,), stride=(1,))
        (norm1): LayerNorm(0, 0.000% Params, 0.0 Mac, 0.000% MACs, (512,), eps=1e-05, elementwise_affine=True)
        (norm2): LayerNorm(0, 0.000% Params, 0.0 Mac, 0.000% MACs, (512,), eps=1e-05, elementwise_affine=True)
        (dropout): Dropout(0, 0.000% Params, 0.0 Mac, 0.000% MACs, p=0.05, inplace=False)
      )
      (1): EncoderLayer(
        3.15 M, 29.889% Params, 302.24 MMac, 14.583% MACs, 
        (attention): AttentionLayer(
          1.05 M, 9.968% Params, 100.67 MMac, 4.857% MACs, 
          (inner_attention): FullAttention(
            0, 0.000% Params, 0.0 Mac, 0.000% MACs, 
            (dropout): Dropout(0, 0.000% Params, 0.0 Mac, 0.000% MACs, p=0.05, inplace=False)
          )
          (query_projection): Linear(262.66 k, 2.492% Params, 25.17 MMac, 1.214% MACs, in_features=512, out_features=512, bias=True)
          (key_projection): Linear(262.66 k, 2.492% Params, 25.17 MMac, 1.214% MACs, in_features=512, out_features=512, bias=True)
          (value_projection): Linear(262.66 k, 2.492% Params, 25.17 MMac, 1.214% MACs, in_features=512, out_features=512, bias=True)
          (out_projection): Linear(262.66 k, 2.492% Params, 25.17 MMac, 1.214% MACs, in_features=512, out_features=512, bias=True)
        )
        (conv1): Conv1d(1.05 M, 9.968% Params, 100.86 MMac, 4.866% MACs, 512, 2048, kernel_size=(1,), stride=(1,))
        (conv2): Conv1d(1.05 M, 9.953% Params, 100.71 MMac, 4.859% MACs, 2048, 512, kernel_size=(1,), stride=(1,))
        (norm1): LayerNorm(0, 0.000% Params, 0.0 Mac, 0.000% MACs, (512,), eps=1e-05, elementwise_affine=True)
        (norm2): LayerNorm(0, 0.000% Params, 0.0 Mac, 0.000% MACs, (512,), eps=1e-05, elementwise_affine=True)
        (dropout): Dropout(0, 0.000% Params, 0.0 Mac, 0.000% MACs, p=0.05, inplace=False)
      )
    )
    (norm): LayerNorm(0, 0.000% Params, 0.0 Mac, 0.000% MACs, (512,), eps=1e-05, elementwise_affine=True)
  )
  (decoder): Decoder(
    4.2 M, 39.891% Params, 1.46 GMac, 70.538% MACs, 
    (layers): ModuleList(
      4.2 M, 39.857% Params, 1.46 GMac, 70.472% MACs, 
      (0): DecoderLayer(
        4.2 M, 39.857% Params, 1.46 GMac, 70.472% MACs, 
        (self_attention): AttentionLayer(
          1.05 M, 9.968% Params, 402.66 MMac, 19.428% MACs, 
          (inner_attention): FullAttention(
            0, 0.000% Params, 0.0 Mac, 0.000% MACs, 
            (dropout): Dropout(0, 0.000% Params, 0.0 Mac, 0.000% MACs, p=0.05, inplace=False)
          )
          (query_projection): Linear(262.66 k, 2.492% Params, 100.66 MMac, 4.857% MACs, in_features=512, out_features=512, bias=True)
          (key_projection): Linear(262.66 k, 2.492% Params, 100.66 MMac, 4.857% MACs, in_features=512, out_features=512, bias=True)
          (value_projection): Linear(262.66 k, 2.492% Params, 100.66 MMac, 4.857% MACs, in_features=512, out_features=512, bias=True)
          (out_projection): Linear(262.66 k, 2.492% Params, 100.66 MMac, 4.857% MACs, in_features=512, out_features=512, bias=True)
        )
        (cross_attention): AttentionLayer(
          1.05 M, 9.968% Params, 251.66 MMac, 12.142% MACs, 
          (inner_attention): FullAttention(
            0, 0.000% Params, 0.0 Mac, 0.000% MACs, 
            (dropout): Dropout(0, 0.000% Params, 0.0 Mac, 0.000% MACs, p=0.05, inplace=False)
          )
          (query_projection): Linear(262.66 k, 2.492% Params, 100.66 MMac, 4.857% MACs, in_features=512, out_features=512, bias=True)
          (key_projection): Linear(262.66 k, 2.492% Params, 25.17 MMac, 1.214% MACs, in_features=512, out_features=512, bias=True)
          (value_projection): Linear(262.66 k, 2.492% Params, 25.17 MMac, 1.214% MACs, in_features=512, out_features=512, bias=True)
          (out_projection): Linear(262.66 k, 2.492% Params, 100.66 MMac, 4.857% MACs, in_features=512, out_features=512, bias=True)
        )
        (conv1): Conv1d(1.05 M, 9.968% Params, 403.44 MMac, 19.465% MACs, 512, 2048, kernel_size=(1,), stride=(1,))
        (conv2): Conv1d(1.05 M, 9.953% Params, 402.85 MMac, 19.437% MACs, 2048, 512, kernel_size=(1,), stride=(1,))
        (norm1): LayerNorm(0, 0.000% Params, 0.0 Mac, 0.000% MACs, (512,), eps=1e-05, elementwise_affine=True)
        (norm2): LayerNorm(0, 0.000% Params, 0.0 Mac, 0.000% MACs, (512,), eps=1e-05, elementwise_affine=True)
        (norm3): LayerNorm(0, 0.000% Params, 0.0 Mac, 0.000% MACs, (512,), eps=1e-05, elementwise_affine=True)
        (dropout): Dropout(0, 0.000% Params, 0.0 Mac, 0.000% MACs, p=0.05, inplace=False)
      )
    )
    (norm): LayerNorm(0, 0.000% Params, 0.0 Mac, 0.000% MACs, (512,), eps=1e-05, elementwise_affine=True)
    (projection): Linear(3.59 k, 0.034% Params, 1.38 MMac, 0.066% MACs, in_features=512, out_features=7, bias=True)
  )
)
Computational complexity:       2.07 GMac
Number of parameters:           10.54 M 
