Args in experiment:
Namespace(is_training=1, model_id='ETTm2_96_336', model='Transformer', data='ETTm2', root_path='./dataset/', data_path='ETTm2.csv', features='M', target='OT', freq='h', checkpoints='./checkpoints/', seq_len=96, label_len=48, pred_len=336, individual=False, embed_type=0, enc_in=7, dec_in=7, c_out=7, d_model=512, n_heads=8, e_layers=2, d_layers=1, d_ff=2048, moving_avg=25, factor=3, distil=True, dropout=0.05, embed='timeF', activation='gelu', output_attention=False, do_predict=False, num_workers=10, itr=1, train_epochs=10, batch_size=32, patience=3, learning_rate=0.0001, des='Exp', loss='mse', lradj='type1', use_amp=False, use_gpu=True, gpu=5, use_multi_gpu=False, devices='0,1,2,3', test_flop=True)
Use GPU: cuda:5
>>>>>>>start training : ETTm2_96_336_Transformer_ETTm2_ftM_sl96_ll48_pl336_dm512_nh8_el2_dl1_df2048_fc3_ebtimeF_dtTrue_Exp_0>>>>>>>>>>>>>>>>>>>>>>>>>>
train 34129
val 11185
test 11185
	iters: 100, epoch: 1 | loss: 0.3929151
	speed: 0.2544s/iter; left time: 2686.7351s
	iters: 200, epoch: 1 | loss: 0.3032137
	speed: 0.0733s/iter; left time: 766.3344s
	iters: 300, epoch: 1 | loss: 0.3905610
	speed: 0.0787s/iter; left time: 815.5869s
	iters: 400, epoch: 1 | loss: 0.3151910
	speed: 0.0831s/iter; left time: 852.3567s
	iters: 500, epoch: 1 | loss: 0.1518042
	speed: 0.0846s/iter; left time: 859.1561s
	iters: 600, epoch: 1 | loss: 0.2139846
	speed: 0.0840s/iter; left time: 845.1999s
	iters: 700, epoch: 1 | loss: 0.2356876
	speed: 0.0814s/iter; left time: 810.5588s
	iters: 800, epoch: 1 | loss: 0.1545047
	speed: 0.0773s/iter; left time: 762.3113s
	iters: 900, epoch: 1 | loss: 0.1679534
	speed: 0.0741s/iter; left time: 722.8357s
	iters: 1000, epoch: 1 | loss: 0.1397834
	speed: 0.0742s/iter; left time: 716.8057s
Epoch: 1 cost time: 100.47125101089478
Epoch: 1, Steps: 1066 | Train Loss: 0.2231099 Vali Loss: 0.4765081 Test Loss: 1.2092119
Validation loss decreased (inf --> 0.476508).  Saving model ...
Updating learning rate to 0.0001
	iters: 100, epoch: 2 | loss: 0.1698440
	speed: 0.3755s/iter; left time: 3564.9771s
	iters: 200, epoch: 2 | loss: 0.1298034
	speed: 0.0691s/iter; left time: 649.3008s
	iters: 300, epoch: 2 | loss: 0.1343806
	speed: 0.0692s/iter; left time: 643.5240s
	iters: 400, epoch: 2 | loss: 0.1296912
	speed: 0.0722s/iter; left time: 663.5494s
	iters: 500, epoch: 2 | loss: 0.1488766
	speed: 0.0723s/iter; left time: 657.5397s
	iters: 600, epoch: 2 | loss: 0.1646895
	speed: 0.0690s/iter; left time: 621.0982s
	iters: 700, epoch: 2 | loss: 0.1413211
	speed: 0.0724s/iter; left time: 643.6475s
	iters: 800, epoch: 2 | loss: 0.1246085
	speed: 0.0750s/iter; left time: 659.8482s
	iters: 900, epoch: 2 | loss: 0.1153523
	speed: 0.0823s/iter; left time: 715.8590s
	iters: 1000, epoch: 2 | loss: 0.1016748
	speed: 0.0823s/iter; left time: 707.3747s
Epoch: 2 cost time: 80.89950203895569
Epoch: 2, Steps: 1066 | Train Loss: 0.1262925 Vali Loss: 0.6826127 Test Loss: 1.4779625
EarlyStopping counter: 1 out of 3
Updating learning rate to 5e-05
	iters: 100, epoch: 3 | loss: 0.0955616
	speed: 0.4210s/iter; left time: 3548.7923s
	iters: 200, epoch: 3 | loss: 0.0886186
	speed: 0.0705s/iter; left time: 587.3061s
	iters: 300, epoch: 3 | loss: 0.0867188
	speed: 0.0717s/iter; left time: 589.8463s
	iters: 400, epoch: 3 | loss: 0.1081105
	speed: 0.0723s/iter; left time: 587.5594s
	iters: 500, epoch: 3 | loss: 0.1032369
	speed: 0.0689s/iter; left time: 552.8167s
	iters: 600, epoch: 3 | loss: 0.0796361
	speed: 0.0706s/iter; left time: 560.0648s
	iters: 700, epoch: 3 | loss: 0.0901063
	speed: 0.0665s/iter; left time: 520.6805s
	iters: 800, epoch: 3 | loss: 0.0907977
	speed: 0.0685s/iter; left time: 529.4474s
	iters: 900, epoch: 3 | loss: 0.0818046
	speed: 0.0703s/iter; left time: 536.5439s
	iters: 1000, epoch: 3 | loss: 0.0807782
	speed: 0.0692s/iter; left time: 520.9505s
Epoch: 3 cost time: 75.92863988876343
Epoch: 3, Steps: 1066 | Train Loss: 0.0896435 Vali Loss: 0.7393745 Test Loss: 1.5993129
EarlyStopping counter: 2 out of 3
Updating learning rate to 2.5e-05
	iters: 100, epoch: 4 | loss: 0.0784464
	speed: 0.4325s/iter; left time: 3184.6361s
	iters: 200, epoch: 4 | loss: 0.0781239
	speed: 0.0748s/iter; left time: 543.1239s
	iters: 300, epoch: 4 | loss: 0.0841298
	speed: 0.0756s/iter; left time: 541.3328s
	iters: 400, epoch: 4 | loss: 0.0647224
	speed: 0.0759s/iter; left time: 536.0568s
	iters: 500, epoch: 4 | loss: 0.0736685
	speed: 0.0757s/iter; left time: 527.2612s
	iters: 600, epoch: 4 | loss: 0.0727455
	speed: 0.0733s/iter; left time: 502.9648s
	iters: 700, epoch: 4 | loss: 0.0775120
	speed: 0.0752s/iter; left time: 508.6676s
	iters: 800, epoch: 4 | loss: 0.0761034
	speed: 0.0736s/iter; left time: 490.2793s
	iters: 900, epoch: 4 | loss: 0.0808575
	speed: 0.0741s/iter; left time: 486.5092s
	iters: 1000, epoch: 4 | loss: 0.0870319
	speed: 0.0629s/iter; left time: 406.2511s
Epoch: 4 cost time: 79.28946137428284
Epoch: 4, Steps: 1066 | Train Loss: 0.0764440 Vali Loss: 0.8087753 Test Loss: 1.5653051
EarlyStopping counter: 3 out of 3
Early stopping
>>>>>>>testing : ETTm2_96_336_Transformer_ETTm2_ftM_sl96_ll48_pl336_dm512_nh8_el2_dl1_df2048_fc3_ebtimeF_dtTrue_Exp_0<<<<<<<<<<<<<<<<<<<<<<<<<<<<<<<<<
test 11185
mse:1.2092119455337524, mae:0.8357946872711182
INFO: Trainable parameter count: 0.01M
INFO: Trainable parameter count: 0.01M
INFO: Trainable parameter count: 0.02M
INFO: Trainable parameter count: 0.03M
INFO: Trainable parameter count: 0.29M
INFO: Trainable parameter count: 0.29M
INFO: Trainable parameter count: 0.55M
INFO: Trainable parameter count: 0.55M
INFO: Trainable parameter count: 0.81M
INFO: Trainable parameter count: 0.81M
INFO: Trainable parameter count: 1.08M
INFO: Trainable parameter count: 1.08M
INFO: Trainable parameter count: 2.12M
INFO: Trainable parameter count: 2.13M
INFO: Trainable parameter count: 3.18M
INFO: Trainable parameter count: 3.18M
INFO: Trainable parameter count: 3.18M
INFO: Trainable parameter count: 3.18M
INFO: Trainable parameter count: 3.18M
INFO: Trainable parameter count: 3.18M
INFO: Trainable parameter count: 3.44M
INFO: Trainable parameter count: 3.44M
INFO: Trainable parameter count: 3.70M
INFO: Trainable parameter count: 3.70M
INFO: Trainable parameter count: 3.97M
INFO: Trainable parameter count: 3.97M
INFO: Trainable parameter count: 4.23M
INFO: Trainable parameter count: 4.23M
INFO: Trainable parameter count: 5.28M
INFO: Trainable parameter count: 5.28M
INFO: Trainable parameter count: 6.33M
INFO: Trainable parameter count: 6.33M
INFO: Trainable parameter count: 6.33M
INFO: Trainable parameter count: 6.33M
INFO: Trainable parameter count: 6.33M
INFO: Trainable parameter count: 6.33M
INFO: Trainable parameter count: 6.33M
INFO: Trainable parameter count: 6.33M
INFO: Trainable parameter count: 6.59M
INFO: Trainable parameter count: 6.59M
INFO: Trainable parameter count: 6.86M
INFO: Trainable parameter count: 6.86M
INFO: Trainable parameter count: 7.12M
INFO: Trainable parameter count: 7.12M
INFO: Trainable parameter count: 7.38M
INFO: Trainable parameter count: 7.38M
INFO: Trainable parameter count: 7.64M
INFO: Trainable parameter count: 7.64M
INFO: Trainable parameter count: 7.91M
INFO: Trainable parameter count: 7.91M
INFO: Trainable parameter count: 8.17M
INFO: Trainable parameter count: 8.17M
INFO: Trainable parameter count: 8.43M
INFO: Trainable parameter count: 8.43M
INFO: Trainable parameter count: 9.48M
INFO: Trainable parameter count: 9.48M
INFO: Trainable parameter count: 10.53M
INFO: Trainable parameter count: 10.53M
INFO: Trainable parameter count: 10.53M
INFO: Trainable parameter count: 10.53M
INFO: Trainable parameter count: 10.53M
INFO: Trainable parameter count: 10.53M
INFO: Trainable parameter count: 10.53M
INFO: Trainable parameter count: 10.54M
INFO: Trainable parameter count: 10.54M
INFO: Trainable parameter count: 10.54M
INFO: Trainable parameter count: 10.54M
INFO: Trainable parameter count: 10.54M
Model(
  10.53 M, 99.913% Params, 2.07 GMac, 100.000% MACs, 
  (enc_embedding): DataEmbedding(
    12.8 k, 0.121% Params, 1.23 MMac, 0.059% MACs, 
    (value_embedding): TokenEmbedding(
      10.75 k, 0.102% Params, 1.03 MMac, 0.050% MACs, 
      (tokenConv): Conv1d(10.75 k, 0.102% Params, 1.03 MMac, 0.050% MACs, 7, 512, kernel_size=(3,), stride=(1,), padding=(1,), bias=False, padding_mode=circular)
    )
    (position_embedding): PositionalEmbedding(0, 0.000% Params, 0.0 Mac, 0.000% MACs, )
    (temporal_embedding): TimeFeatureEmbedding(
      2.05 k, 0.019% Params, 196.61 KMac, 0.009% MACs, 
      (embed): Linear(2.05 k, 0.019% Params, 196.61 KMac, 0.009% MACs, in_features=4, out_features=512, bias=False)
    )
    (dropout): Dropout(0, 0.000% Params, 0.0 Mac, 0.000% MACs, p=0.05, inplace=False)
  )
  (dec_embedding): DataEmbedding(
    12.8 k, 0.121% Params, 4.92 MMac, 0.237% MACs, 
    (value_embedding): TokenEmbedding(
      10.75 k, 0.102% Params, 4.13 MMac, 0.199% MACs, 
      (tokenConv): Conv1d(10.75 k, 0.102% Params, 4.13 MMac, 0.199% MACs, 7, 512, kernel_size=(3,), stride=(1,), padding=(1,), bias=False, padding_mode=circular)
    )
    (position_embedding): PositionalEmbedding(0, 0.000% Params, 0.0 Mac, 0.000% MACs, )
    (temporal_embedding): TimeFeatureEmbedding(
      2.05 k, 0.019% Params, 786.43 KMac, 0.038% MACs, 
      (embed): Linear(2.05 k, 0.019% Params, 786.43 KMac, 0.038% MACs, in_features=4, out_features=512, bias=False)
    )
    (dropout): Dropout(0, 0.000% Params, 0.0 Mac, 0.000% MACs, p=0.05, inplace=False)
  )
  (encoder): Encoder(
    6.3 M, 59.778% Params, 604.48 MMac, 29.165% MACs, 
    (attn_layers): ModuleList(
      6.3 M, 59.778% Params, 604.48 MMac, 29.165% MACs, 
      (0): EncoderLayer(
        3.15 M, 29.889% Params, 302.24 MMac, 14.583% MACs, 
        (attention): AttentionLayer(
          1.05 M, 9.968% Params, 100.67 MMac, 4.857% MACs, 
          (inner_attention): FullAttention(
            0, 0.000% Params, 0.0 Mac, 0.000% MACs, 
            (dropout): Dropout(0, 0.000% Params, 0.0 Mac, 0.000% MACs, p=0.05, inplace=False)
          )
          (query_projection): Linear(262.66 k, 2.492% Params, 25.17 MMac, 1.214% MACs, in_features=512, out_features=512, bias=True)
          (key_projection): Linear(262.66 k, 2.492% Params, 25.17 MMac, 1.214% MACs, in_features=512, out_features=512, bias=True)
          (value_projection): Linear(262.66 k, 2.492% Params, 25.17 MMac, 1.214% MACs, in_features=512, out_features=512, bias=True)
          (out_projection): Linear(262.66 k, 2.492% Params, 25.17 MMac, 1.214% MACs, in_features=512, out_features=512, bias=True)
        )
        (conv1): Conv1d(1.05 M, 9.968% Params, 100.86 MMac, 4.866% MACs, 512, 2048, kernel_size=(1,), stride=(1,))
        (conv2): Conv1d(1.05 M, 9.953% Params, 100.71 MMac, 4.859% MACs, 2048, 512, kernel_size=(1,), stride=(1,))
        (norm1): LayerNorm(0, 0.000% Params, 0.0 Mac, 0.000% MACs, (512,), eps=1e-05, elementwise_affine=True)
        (norm2): LayerNorm(0, 0.000% Params, 0.0 Mac, 0.000% MACs, (512,), eps=1e-05, elementwise_affine=True)
        (dropout): Dropout(0, 0.000% Params, 0.0 Mac, 0.000% MACs, p=0.05, inplace=False)
      )
      (1): EncoderLayer(
        3.15 M, 29.889% Params, 302.24 MMac, 14.583% MACs, 
        (attention): AttentionLayer(
          1.05 M, 9.968% Params, 100.67 MMac, 4.857% MACs, 
          (inner_attention): FullAttention(
            0, 0.000% Params, 0.0 Mac, 0.000% MACs, 
            (dropout): Dropout(0, 0.000% Params, 0.0 Mac, 0.000% MACs, p=0.05, inplace=False)
          )
          (query_projection): Linear(262.66 k, 2.492% Params, 25.17 MMac, 1.214% MACs, in_features=512, out_features=512, bias=True)
          (key_projection): Linear(262.66 k, 2.492% Params, 25.17 MMac, 1.214% MACs, in_features=512, out_features=512, bias=True)
          (value_projection): Linear(262.66 k, 2.492% Params, 25.17 MMac, 1.214% MACs, in_features=512, out_features=512, bias=True)
          (out_projection): Linear(262.66 k, 2.492% Params, 25.17 MMac, 1.214% MACs, in_features=512, out_features=512, bias=True)
        )
        (conv1): Conv1d(1.05 M, 9.968% Params, 100.86 MMac, 4.866% MACs, 512, 2048, kernel_size=(1,), stride=(1,))
        (conv2): Conv1d(1.05 M, 9.953% Params, 100.71 MMac, 4.859% MACs, 2048, 512, kernel_size=(1,), stride=(1,))
        (norm1): LayerNorm(0, 0.000% Params, 0.0 Mac, 0.000% MACs, (512,), eps=1e-05, elementwise_affine=True)
        (norm2): LayerNorm(0, 0.000% Params, 0.0 Mac, 0.000% MACs, (512,), eps=1e-05, elementwise_affine=True)
        (dropout): Dropout(0, 0.000% Params, 0.0 Mac, 0.000% MACs, p=0.05, inplace=False)
      )
    )
    (norm): LayerNorm(0, 0.000% Params, 0.0 Mac, 0.000% MACs, (512,), eps=1e-05, elementwise_affine=True)
  )
  (decoder): Decoder(
    4.2 M, 39.891% Params, 1.46 GMac, 70.538% MACs, 
    (layers): ModuleList(
      4.2 M, 39.857% Params, 1.46 GMac, 70.472% MACs, 
      (0): DecoderLayer(
        4.2 M, 39.857% Params, 1.46 GMac, 70.472% MACs, 
        (self_attention): AttentionLayer(
          1.05 M, 9.968% Params, 402.66 MMac, 19.428% MACs, 
          (inner_attention): FullAttention(
            0, 0.000% Params, 0.0 Mac, 0.000% MACs, 
            (dropout): Dropout(0, 0.000% Params, 0.0 Mac, 0.000% MACs, p=0.05, inplace=False)
          )
          (query_projection): Linear(262.66 k, 2.492% Params, 100.66 MMac, 4.857% MACs, in_features=512, out_features=512, bias=True)
          (key_projection): Linear(262.66 k, 2.492% Params, 100.66 MMac, 4.857% MACs, in_features=512, out_features=512, bias=True)
          (value_projection): Linear(262.66 k, 2.492% Params, 100.66 MMac, 4.857% MACs, in_features=512, out_features=512, bias=True)
          (out_projection): Linear(262.66 k, 2.492% Params, 100.66 MMac, 4.857% MACs, in_features=512, out_features=512, bias=True)
        )
        (cross_attention): AttentionLayer(
          1.05 M, 9.968% Params, 251.66 MMac, 12.142% MACs, 
          (inner_attention): FullAttention(
            0, 0.000% Params, 0.0 Mac, 0.000% MACs, 
            (dropout): Dropout(0, 0.000% Params, 0.0 Mac, 0.000% MACs, p=0.05, inplace=False)
          )
          (query_projection): Linear(262.66 k, 2.492% Params, 100.66 MMac, 4.857% MACs, in_features=512, out_features=512, bias=True)
          (key_projection): Linear(262.66 k, 2.492% Params, 25.17 MMac, 1.214% MACs, in_features=512, out_features=512, bias=True)
          (value_projection): Linear(262.66 k, 2.492% Params, 25.17 MMac, 1.214% MACs, in_features=512, out_features=512, bias=True)
          (out_projection): Linear(262.66 k, 2.492% Params, 100.66 MMac, 4.857% MACs, in_features=512, out_features=512, bias=True)
        )
        (conv1): Conv1d(1.05 M, 9.968% Params, 403.44 MMac, 19.465% MACs, 512, 2048, kernel_size=(1,), stride=(1,))
        (conv2): Conv1d(1.05 M, 9.953% Params, 402.85 MMac, 19.437% MACs, 2048, 512, kernel_size=(1,), stride=(1,))
        (norm1): LayerNorm(0, 0.000% Params, 0.0 Mac, 0.000% MACs, (512,), eps=1e-05, elementwise_affine=True)
        (norm2): LayerNorm(0, 0.000% Params, 0.0 Mac, 0.000% MACs, (512,), eps=1e-05, elementwise_affine=True)
        (norm3): LayerNorm(0, 0.000% Params, 0.0 Mac, 0.000% MACs, (512,), eps=1e-05, elementwise_affine=True)
        (dropout): Dropout(0, 0.000% Params, 0.0 Mac, 0.000% MACs, p=0.05, inplace=False)
      )
    )
    (norm): LayerNorm(0, 0.000% Params, 0.0 Mac, 0.000% MACs, (512,), eps=1e-05, elementwise_affine=True)
    (projection): Linear(3.59 k, 0.034% Params, 1.38 MMac, 0.066% MACs, in_features=512, out_features=7, bias=True)
  )
)
Computational complexity:       2.07 GMac
Number of parameters:           10.54 M 
