Args in experiment:
Namespace(is_training=1, model_id='ETTm1_96_192', model='Transformer', data='ETTm1', root_path='./dataset/', data_path='ETTm1.csv', features='M', target='OT', freq='h', checkpoints='./checkpoints/', seq_len=96, label_len=48, pred_len=192, individual=False, embed_type=0, enc_in=7, dec_in=7, c_out=7, d_model=512, n_heads=8, e_layers=2, d_layers=1, d_ff=2048, moving_avg=25, factor=3, distil=True, dropout=0.05, embed='timeF', activation='gelu', output_attention=False, do_predict=False, num_workers=10, itr=1, train_epochs=10, batch_size=32, patience=3, learning_rate=0.0001, des='Exp', loss='mse', lradj='type1', use_amp=False, use_gpu=True, gpu=4, use_multi_gpu=False, devices='0,1,2,3', test_flop=True)
Use GPU: cuda:4
>>>>>>>start training : ETTm1_96_192_Transformer_ETTm1_ftM_sl96_ll48_pl192_dm512_nh8_el2_dl1_df2048_fc3_ebtimeF_dtTrue_Exp_0>>>>>>>>>>>>>>>>>>>>>>>>>>
train 34273
val 11329
test 11329
	iters: 100, epoch: 1 | loss: 0.3819603
	speed: 0.1888s/iter; left time: 2002.8297s
	iters: 200, epoch: 1 | loss: 0.2812545
	speed: 0.0417s/iter; left time: 438.4792s
	iters: 300, epoch: 1 | loss: 0.2717850
	speed: 0.0437s/iter; left time: 455.1055s
	iters: 400, epoch: 1 | loss: 0.3104460
	speed: 0.0512s/iter; left time: 527.7776s
	iters: 500, epoch: 1 | loss: 0.2801722
	speed: 0.0489s/iter; left time: 499.3253s
	iters: 600, epoch: 1 | loss: 0.2551920
	speed: 0.0481s/iter; left time: 486.7987s
	iters: 700, epoch: 1 | loss: 0.2111145
	speed: 0.0481s/iter; left time: 481.1903s
	iters: 800, epoch: 1 | loss: 0.1899986
	speed: 0.0494s/iter; left time: 490.0159s
	iters: 900, epoch: 1 | loss: 0.2084208
	speed: 0.0480s/iter; left time: 470.7745s
	iters: 1000, epoch: 1 | loss: 0.1928504
	speed: 0.0507s/iter; left time: 492.0745s
Epoch: 1 cost time: 65.64467883110046
Epoch: 1, Steps: 1071 | Train Loss: 0.2789077 Vali Loss: 0.8498220 Test Loss: 0.8591462
Validation loss decreased (inf --> 0.849822).  Saving model ...
Updating learning rate to 0.0001
	iters: 100, epoch: 2 | loss: 0.1728901
	speed: 0.2943s/iter; left time: 2807.4720s
	iters: 200, epoch: 2 | loss: 0.1650858
	speed: 0.0509s/iter; left time: 480.8541s
	iters: 300, epoch: 2 | loss: 0.1919040
	speed: 0.0509s/iter; left time: 475.1259s
	iters: 400, epoch: 2 | loss: 0.1740874
	speed: 0.0522s/iter; left time: 482.5241s
	iters: 500, epoch: 2 | loss: 0.1531056
	speed: 0.0504s/iter; left time: 460.6779s
	iters: 600, epoch: 2 | loss: 0.1585411
	speed: 0.0573s/iter; left time: 518.1044s
	iters: 700, epoch: 2 | loss: 0.1523629
	speed: 0.0586s/iter; left time: 524.0123s
	iters: 800, epoch: 2 | loss: 0.1410981
	speed: 0.0564s/iter; left time: 498.6042s
	iters: 900, epoch: 2 | loss: 0.1384594
	speed: 0.0521s/iter; left time: 455.6796s
	iters: 1000, epoch: 2 | loss: 0.1310368
	speed: 0.0559s/iter; left time: 483.1388s
Epoch: 2 cost time: 58.79340648651123
Epoch: 2, Steps: 1071 | Train Loss: 0.1551649 Vali Loss: 0.8954348 Test Loss: 0.8718114
EarlyStopping counter: 1 out of 3
Updating learning rate to 5e-05
	iters: 100, epoch: 3 | loss: 0.1086152
	speed: 0.2932s/iter; left time: 2482.9133s
	iters: 200, epoch: 3 | loss: 0.1165673
	speed: 0.0528s/iter; left time: 442.0646s
	iters: 300, epoch: 3 | loss: 0.1084426
	speed: 0.0548s/iter; left time: 452.9082s
	iters: 400, epoch: 3 | loss: 0.1083628
	speed: 0.0534s/iter; left time: 436.1217s
	iters: 500, epoch: 3 | loss: 0.1279905
	speed: 0.0540s/iter; left time: 435.5017s
	iters: 600, epoch: 3 | loss: 0.1052652
	speed: 0.0513s/iter; left time: 409.1579s
	iters: 700, epoch: 3 | loss: 0.0962052
	speed: 0.0531s/iter; left time: 417.7775s
	iters: 800, epoch: 3 | loss: 0.0948182
	speed: 0.0514s/iter; left time: 399.3235s
	iters: 900, epoch: 3 | loss: 0.0903194
	speed: 0.0526s/iter; left time: 403.2015s
	iters: 1000, epoch: 3 | loss: 0.0868138
	speed: 0.0511s/iter; left time: 386.8311s
Epoch: 3 cost time: 58.80696630477905
Epoch: 3, Steps: 1071 | Train Loss: 0.0992071 Vali Loss: 0.8748095 Test Loss: 0.7722442
EarlyStopping counter: 2 out of 3
Updating learning rate to 2.5e-05
	iters: 100, epoch: 4 | loss: 0.0810200
	speed: 0.3144s/iter; left time: 2326.0077s
	iters: 200, epoch: 4 | loss: 0.0861342
	speed: 0.0507s/iter; left time: 369.7405s
	iters: 300, epoch: 4 | loss: 0.0858240
	speed: 0.0600s/iter; left time: 432.0623s
	iters: 400, epoch: 4 | loss: 0.0841130
	speed: 0.0504s/iter; left time: 357.7185s
	iters: 500, epoch: 4 | loss: 0.0862970
	speed: 0.0584s/iter; left time: 408.7211s
	iters: 600, epoch: 4 | loss: 0.0762652
	speed: 0.0612s/iter; left time: 421.8635s
	iters: 700, epoch: 4 | loss: 0.0816388
	speed: 0.0629s/iter; left time: 427.7248s
	iters: 800, epoch: 4 | loss: 0.0728278
	speed: 0.0613s/iter; left time: 410.3455s
	iters: 900, epoch: 4 | loss: 0.0823609
	speed: 0.0566s/iter; left time: 373.6265s
	iters: 1000, epoch: 4 | loss: 0.0858039
	speed: 0.0524s/iter; left time: 340.6676s
Epoch: 4 cost time: 62.564576387405396
Epoch: 4, Steps: 1071 | Train Loss: 0.0819319 Vali Loss: 0.8822408 Test Loss: 0.7987802
EarlyStopping counter: 3 out of 3
Early stopping
>>>>>>>testing : ETTm1_96_192_Transformer_ETTm1_ftM_sl96_ll48_pl192_dm512_nh8_el2_dl1_df2048_fc3_ebtimeF_dtTrue_Exp_0<<<<<<<<<<<<<<<<<<<<<<<<<<<<<<<<<
test 11329
mse:0.8591468930244446, mae:0.7058865427970886
INFO: Trainable parameter count: 0.01M
INFO: Trainable parameter count: 0.01M
INFO: Trainable parameter count: 0.02M
INFO: Trainable parameter count: 0.03M
INFO: Trainable parameter count: 0.29M
INFO: Trainable parameter count: 0.29M
INFO: Trainable parameter count: 0.55M
INFO: Trainable parameter count: 0.55M
INFO: Trainable parameter count: 0.81M
INFO: Trainable parameter count: 0.81M
INFO: Trainable parameter count: 1.08M
INFO: Trainable parameter count: 1.08M
INFO: Trainable parameter count: 2.12M
INFO: Trainable parameter count: 2.13M
INFO: Trainable parameter count: 3.18M
INFO: Trainable parameter count: 3.18M
INFO: Trainable parameter count: 3.18M
INFO: Trainable parameter count: 3.18M
INFO: Trainable parameter count: 3.18M
INFO: Trainable parameter count: 3.18M
INFO: Trainable parameter count: 3.44M
INFO: Trainable parameter count: 3.44M
INFO: Trainable parameter count: 3.70M
INFO: Trainable parameter count: 3.70M
INFO: Trainable parameter count: 3.97M
INFO: Trainable parameter count: 3.97M
INFO: Trainable parameter count: 4.23M
INFO: Trainable parameter count: 4.23M
INFO: Trainable parameter count: 5.28M
INFO: Trainable parameter count: 5.28M
INFO: Trainable parameter count: 6.33M
INFO: Trainable parameter count: 6.33M
INFO: Trainable parameter count: 6.33M
INFO: Trainable parameter count: 6.33M
INFO: Trainable parameter count: 6.33M
INFO: Trainable parameter count: 6.33M
INFO: Trainable parameter count: 6.33M
INFO: Trainable parameter count: 6.33M
INFO: Trainable parameter count: 6.59M
INFO: Trainable parameter count: 6.59M
INFO: Trainable parameter count: 6.86M
INFO: Trainable parameter count: 6.86M
INFO: Trainable parameter count: 7.12M
INFO: Trainable parameter count: 7.12M
INFO: Trainable parameter count: 7.38M
INFO: Trainable parameter count: 7.38M
INFO: Trainable parameter count: 7.64M
INFO: Trainable parameter count: 7.64M
INFO: Trainable parameter count: 7.91M
INFO: Trainable parameter count: 7.91M
INFO: Trainable parameter count: 8.17M
INFO: Trainable parameter count: 8.17M
INFO: Trainable parameter count: 8.43M
INFO: Trainable parameter count: 8.43M
INFO: Trainable parameter count: 9.48M
INFO: Trainable parameter count: 9.48M
INFO: Trainable parameter count: 10.53M
INFO: Trainable parameter count: 10.53M
INFO: Trainable parameter count: 10.53M
INFO: Trainable parameter count: 10.53M
INFO: Trainable parameter count: 10.53M
INFO: Trainable parameter count: 10.53M
INFO: Trainable parameter count: 10.53M
INFO: Trainable parameter count: 10.54M
INFO: Trainable parameter count: 10.54M
INFO: Trainable parameter count: 10.54M
INFO: Trainable parameter count: 10.54M
INFO: Trainable parameter count: 10.54M
Model(
  10.53 M, 99.913% Params, 1.54 GMac, 100.000% MACs, 
  (enc_embedding): DataEmbedding(
    12.8 k, 0.121% Params, 1.23 MMac, 0.080% MACs, 
    (value_embedding): TokenEmbedding(
      10.75 k, 0.102% Params, 1.03 MMac, 0.067% MACs, 
      (tokenConv): Conv1d(10.75 k, 0.102% Params, 1.03 MMac, 0.067% MACs, 7, 512, kernel_size=(3,), stride=(1,), padding=(1,), bias=False, padding_mode=circular)
    )
    (position_embedding): PositionalEmbedding(0, 0.000% Params, 0.0 Mac, 0.000% MACs, )
    (temporal_embedding): TimeFeatureEmbedding(
      2.05 k, 0.019% Params, 196.61 KMac, 0.013% MACs, 
      (embed): Linear(2.05 k, 0.019% Params, 196.61 KMac, 0.013% MACs, in_features=4, out_features=512, bias=False)
    )
    (dropout): Dropout(0, 0.000% Params, 0.0 Mac, 0.000% MACs, p=0.05, inplace=False)
  )
  (dec_embedding): DataEmbedding(
    12.8 k, 0.121% Params, 3.07 MMac, 0.199% MACs, 
    (value_embedding): TokenEmbedding(
      10.75 k, 0.102% Params, 2.58 MMac, 0.167% MACs, 
      (tokenConv): Conv1d(10.75 k, 0.102% Params, 2.58 MMac, 0.167% MACs, 7, 512, kernel_size=(3,), stride=(1,), padding=(1,), bias=False, padding_mode=circular)
    )
    (position_embedding): PositionalEmbedding(0, 0.000% Params, 0.0 Mac, 0.000% MACs, )
    (temporal_embedding): TimeFeatureEmbedding(
      2.05 k, 0.019% Params, 491.52 KMac, 0.032% MACs, 
      (embed): Linear(2.05 k, 0.019% Params, 491.52 KMac, 0.032% MACs, in_features=4, out_features=512, bias=False)
    )
    (dropout): Dropout(0, 0.000% Params, 0.0 Mac, 0.000% MACs, p=0.05, inplace=False)
  )
  (encoder): Encoder(
    6.3 M, 59.778% Params, 604.48 MMac, 39.216% MACs, 
    (attn_layers): ModuleList(
      6.3 M, 59.778% Params, 604.48 MMac, 39.216% MACs, 
      (0): EncoderLayer(
        3.15 M, 29.889% Params, 302.24 MMac, 19.608% MACs, 
        (attention): AttentionLayer(
          1.05 M, 9.968% Params, 100.67 MMac, 6.531% MACs, 
          (inner_attention): FullAttention(
            0, 0.000% Params, 0.0 Mac, 0.000% MACs, 
            (dropout): Dropout(0, 0.000% Params, 0.0 Mac, 0.000% MACs, p=0.05, inplace=False)
          )
          (query_projection): Linear(262.66 k, 2.492% Params, 25.17 MMac, 1.633% MACs, in_features=512, out_features=512, bias=True)
          (key_projection): Linear(262.66 k, 2.492% Params, 25.17 MMac, 1.633% MACs, in_features=512, out_features=512, bias=True)
          (value_projection): Linear(262.66 k, 2.492% Params, 25.17 MMac, 1.633% MACs, in_features=512, out_features=512, bias=True)
          (out_projection): Linear(262.66 k, 2.492% Params, 25.17 MMac, 1.633% MACs, in_features=512, out_features=512, bias=True)
        )
        (conv1): Conv1d(1.05 M, 9.968% Params, 100.86 MMac, 6.543% MACs, 512, 2048, kernel_size=(1,), stride=(1,))
        (conv2): Conv1d(1.05 M, 9.953% Params, 100.71 MMac, 6.534% MACs, 2048, 512, kernel_size=(1,), stride=(1,))
        (norm1): LayerNorm(0, 0.000% Params, 0.0 Mac, 0.000% MACs, (512,), eps=1e-05, elementwise_affine=True)
        (norm2): LayerNorm(0, 0.000% Params, 0.0 Mac, 0.000% MACs, (512,), eps=1e-05, elementwise_affine=True)
        (dropout): Dropout(0, 0.000% Params, 0.0 Mac, 0.000% MACs, p=0.05, inplace=False)
      )
      (1): EncoderLayer(
        3.15 M, 29.889% Params, 302.24 MMac, 19.608% MACs, 
        (attention): AttentionLayer(
          1.05 M, 9.968% Params, 100.67 MMac, 6.531% MACs, 
          (inner_attention): FullAttention(
            0, 0.000% Params, 0.0 Mac, 0.000% MACs, 
            (dropout): Dropout(0, 0.000% Params, 0.0 Mac, 0.000% MACs, p=0.05, inplace=False)
          )
          (query_projection): Linear(262.66 k, 2.492% Params, 25.17 MMac, 1.633% MACs, in_features=512, out_features=512, bias=True)
          (key_projection): Linear(262.66 k, 2.492% Params, 25.17 MMac, 1.633% MACs, in_features=512, out_features=512, bias=True)
          (value_projection): Linear(262.66 k, 2.492% Params, 25.17 MMac, 1.633% MACs, in_features=512, out_features=512, bias=True)
          (out_projection): Linear(262.66 k, 2.492% Params, 25.17 MMac, 1.633% MACs, in_features=512, out_features=512, bias=True)
        )
        (conv1): Conv1d(1.05 M, 9.968% Params, 100.86 MMac, 6.543% MACs, 512, 2048, kernel_size=(1,), stride=(1,))
        (conv2): Conv1d(1.05 M, 9.953% Params, 100.71 MMac, 6.534% MACs, 2048, 512, kernel_size=(1,), stride=(1,))
        (norm1): LayerNorm(0, 0.000% Params, 0.0 Mac, 0.000% MACs, (512,), eps=1e-05, elementwise_affine=True)
        (norm2): LayerNorm(0, 0.000% Params, 0.0 Mac, 0.000% MACs, (512,), eps=1e-05, elementwise_affine=True)
        (dropout): Dropout(0, 0.000% Params, 0.0 Mac, 0.000% MACs, p=0.05, inplace=False)
      )
    )
    (norm): LayerNorm(0, 0.000% Params, 0.0 Mac, 0.000% MACs, (512,), eps=1e-05, elementwise_affine=True)
  )
  (decoder): Decoder(
    4.2 M, 39.891% Params, 932.61 MMac, 60.505% MACs, 
    (layers): ModuleList(
      4.2 M, 39.857% Params, 931.75 MMac, 60.449% MACs, 
      (0): DecoderLayer(
        4.2 M, 39.857% Params, 931.75 MMac, 60.449% MACs, 
        (self_attention): AttentionLayer(
          1.05 M, 9.968% Params, 251.66 MMac, 16.327% MACs, 
          (inner_attention): FullAttention(
            0, 0.000% Params, 0.0 Mac, 0.000% MACs, 
            (dropout): Dropout(0, 0.000% Params, 0.0 Mac, 0.000% MACs, p=0.05, inplace=False)
          )
          (query_projection): Linear(262.66 k, 2.492% Params, 62.92 MMac, 4.082% MACs, in_features=512, out_features=512, bias=True)
          (key_projection): Linear(262.66 k, 2.492% Params, 62.92 MMac, 4.082% MACs, in_features=512, out_features=512, bias=True)
          (value_projection): Linear(262.66 k, 2.492% Params, 62.92 MMac, 4.082% MACs, in_features=512, out_features=512, bias=True)
          (out_projection): Linear(262.66 k, 2.492% Params, 62.92 MMac, 4.082% MACs, in_features=512, out_features=512, bias=True)
        )
        (cross_attention): AttentionLayer(
          1.05 M, 9.968% Params, 176.16 MMac, 11.429% MACs, 
          (inner_attention): FullAttention(
            0, 0.000% Params, 0.0 Mac, 0.000% MACs, 
            (dropout): Dropout(0, 0.000% Params, 0.0 Mac, 0.000% MACs, p=0.05, inplace=False)
          )
          (query_projection): Linear(262.66 k, 2.492% Params, 62.92 MMac, 4.082% MACs, in_features=512, out_features=512, bias=True)
          (key_projection): Linear(262.66 k, 2.492% Params, 25.17 MMac, 1.633% MACs, in_features=512, out_features=512, bias=True)
          (value_projection): Linear(262.66 k, 2.492% Params, 25.17 MMac, 1.633% MACs, in_features=512, out_features=512, bias=True)
          (out_projection): Linear(262.66 k, 2.492% Params, 62.92 MMac, 4.082% MACs, in_features=512, out_features=512, bias=True)
        )
        (conv1): Conv1d(1.05 M, 9.968% Params, 252.15 MMac, 16.359% MACs, 512, 2048, kernel_size=(1,), stride=(1,))
        (conv2): Conv1d(1.05 M, 9.953% Params, 251.78 MMac, 16.335% MACs, 2048, 512, kernel_size=(1,), stride=(1,))
        (norm1): LayerNorm(0, 0.000% Params, 0.0 Mac, 0.000% MACs, (512,), eps=1e-05, elementwise_affine=True)
        (norm2): LayerNorm(0, 0.000% Params, 0.0 Mac, 0.000% MACs, (512,), eps=1e-05, elementwise_affine=True)
        (norm3): LayerNorm(0, 0.000% Params, 0.0 Mac, 0.000% MACs, (512,), eps=1e-05, elementwise_affine=True)
        (dropout): Dropout(0, 0.000% Params, 0.0 Mac, 0.000% MACs, p=0.05, inplace=False)
      )
    )
    (norm): LayerNorm(0, 0.000% Params, 0.0 Mac, 0.000% MACs, (512,), eps=1e-05, elementwise_affine=True)
    (projection): Linear(3.59 k, 0.034% Params, 860.17 KMac, 0.056% MACs, in_features=512, out_features=7, bias=True)
  )
)
Computational complexity:       1.54 GMac
Number of parameters:           10.54 M 
