Args in experiment:
Namespace(is_training=1, model_id='ETTm1_96_720', model='Transformer', data='ETTm1', root_path='./dataset/', data_path='ETTm1.csv', features='M', target='OT', freq='h', checkpoints='./checkpoints/', seq_len=96, label_len=48, pred_len=720, individual=False, embed_type=0, enc_in=7, dec_in=7, c_out=7, d_model=512, n_heads=8, e_layers=2, d_layers=1, d_ff=2048, moving_avg=25, factor=3, distil=True, dropout=0.05, embed='timeF', activation='gelu', output_attention=False, do_predict=False, num_workers=10, itr=1, train_epochs=10, batch_size=32, patience=3, learning_rate=0.0001, des='Exp', loss='mse', lradj='type1', use_amp=False, use_gpu=True, gpu=4, use_multi_gpu=False, devices='0,1,2,3', test_flop=True)
Use GPU: cuda:4
>>>>>>>start training : ETTm1_96_720_Transformer_ETTm1_ftM_sl96_ll48_pl720_dm512_nh8_el2_dl1_df2048_fc3_ebtimeF_dtTrue_Exp_0>>>>>>>>>>>>>>>>>>>>>>>>>>
train 33745
val 10801
test 10801
	iters: 100, epoch: 1 | loss: 0.5410057
	speed: 0.2675s/iter; left time: 2792.7655s
	iters: 200, epoch: 1 | loss: 0.3794970
	speed: 0.1247s/iter; left time: 1289.1094s
	iters: 300, epoch: 1 | loss: 0.3635625
	speed: 0.1258s/iter; left time: 1288.0960s
	iters: 400, epoch: 1 | loss: 0.3238574
	speed: 0.1237s/iter; left time: 1253.9492s
	iters: 500, epoch: 1 | loss: 0.3096967
	speed: 0.1276s/iter; left time: 1281.5968s
	iters: 600, epoch: 1 | loss: 0.3240066
	speed: 0.1390s/iter; left time: 1381.6416s
	iters: 700, epoch: 1 | loss: 0.2632068
	speed: 0.1251s/iter; left time: 1230.9734s
	iters: 800, epoch: 1 | loss: 0.2647466
	speed: 0.1216s/iter; left time: 1184.4989s
	iters: 900, epoch: 1 | loss: 0.2843285
	speed: 0.1242s/iter; left time: 1197.8189s
	iters: 1000, epoch: 1 | loss: 0.2457512
	speed: 0.1303s/iter; left time: 1243.1948s
Epoch: 1 cost time: 148.22265791893005
Epoch: 1, Steps: 1054 | Train Loss: 0.3369831 Vali Loss: 1.2135983 Test Loss: 1.0980064
Validation loss decreased (inf --> 1.213598).  Saving model ...
Updating learning rate to 0.0001
	iters: 100, epoch: 2 | loss: 0.2249728
	speed: 0.6857s/iter; left time: 6436.4720s
	iters: 200, epoch: 2 | loss: 0.2138730
	speed: 0.1260s/iter; left time: 1169.9820s
	iters: 300, epoch: 2 | loss: 0.2153939
	speed: 0.1405s/iter; left time: 1290.6485s
	iters: 400, epoch: 2 | loss: 0.2114941
	speed: 0.1346s/iter; left time: 1223.0678s
	iters: 500, epoch: 2 | loss: 0.1965646
	speed: 0.1276s/iter; left time: 1146.6256s
	iters: 600, epoch: 2 | loss: 0.1950815
	speed: 0.1185s/iter; left time: 1052.7476s
	iters: 700, epoch: 2 | loss: 0.1779003
	speed: 0.1285s/iter; left time: 1129.3046s
	iters: 800, epoch: 2 | loss: 0.1799649
	speed: 0.1313s/iter; left time: 1140.6438s
	iters: 900, epoch: 2 | loss: 0.1713118
	speed: 0.1255s/iter; left time: 1077.4986s
	iters: 1000, epoch: 2 | loss: 0.1752651
	speed: 0.1286s/iter; left time: 1091.6211s
Epoch: 2 cost time: 137.7132875919342
Epoch: 2, Steps: 1054 | Train Loss: 0.2003435 Vali Loss: 1.2920520 Test Loss: 1.1216071
EarlyStopping counter: 1 out of 3
Updating learning rate to 5e-05
	iters: 100, epoch: 3 | loss: 0.1508399
	speed: 0.6892s/iter; left time: 5743.1547s
	iters: 200, epoch: 3 | loss: 0.1531280
	speed: 0.1268s/iter; left time: 1043.9990s
	iters: 300, epoch: 3 | loss: 0.1447350
	speed: 0.1234s/iter; left time: 1003.7655s
	iters: 400, epoch: 3 | loss: 0.1394149
	speed: 0.1189s/iter; left time: 955.0844s
	iters: 500, epoch: 3 | loss: 0.1539237
	speed: 0.1305s/iter; left time: 1035.4039s
	iters: 600, epoch: 3 | loss: 0.1366416
	speed: 0.1291s/iter; left time: 1010.8569s
	iters: 700, epoch: 3 | loss: 0.1333145
	speed: 0.1287s/iter; left time: 995.3831s
	iters: 800, epoch: 3 | loss: 0.1429306
	speed: 0.1265s/iter; left time: 965.6626s
	iters: 900, epoch: 3 | loss: 0.1261032
	speed: 0.1266s/iter; left time: 953.7457s
	iters: 1000, epoch: 3 | loss: 0.1230171
	speed: 0.1289s/iter; left time: 958.0419s
Epoch: 3 cost time: 137.5093593597412
Epoch: 3, Steps: 1054 | Train Loss: 0.1439607 Vali Loss: 1.2761699 Test Loss: 1.1488972
EarlyStopping counter: 2 out of 3
Updating learning rate to 2.5e-05
	iters: 100, epoch: 4 | loss: 0.1264115
	speed: 0.6738s/iter; left time: 4904.2733s
	iters: 200, epoch: 4 | loss: 0.1267637
	speed: 0.1255s/iter; left time: 901.2377s
	iters: 300, epoch: 4 | loss: 0.1207623
	speed: 0.1212s/iter; left time: 857.7628s
	iters: 400, epoch: 4 | loss: 0.1163576
	speed: 0.1235s/iter; left time: 861.7450s
	iters: 500, epoch: 4 | loss: 0.1199620
	speed: 0.1265s/iter; left time: 869.9421s
	iters: 600, epoch: 4 | loss: 0.1152878
	speed: 0.1271s/iter; left time: 861.2785s
	iters: 700, epoch: 4 | loss: 0.1170647
	speed: 0.1200s/iter; left time: 801.1643s
	iters: 800, epoch: 4 | loss: 0.1204203
	speed: 0.1255s/iter; left time: 825.4001s
	iters: 900, epoch: 4 | loss: 0.1221068
	speed: 0.1405s/iter; left time: 910.3595s
	iters: 1000, epoch: 4 | loss: 0.1146056
	speed: 0.1216s/iter; left time: 775.5816s
Epoch: 4 cost time: 132.84138321876526
Epoch: 4, Steps: 1054 | Train Loss: 0.1187595 Vali Loss: 1.2756319 Test Loss: 1.1513789
EarlyStopping counter: 3 out of 3
Early stopping
>>>>>>>testing : ETTm1_96_720_Transformer_ETTm1_ftM_sl96_ll48_pl720_dm512_nh8_el2_dl1_df2048_fc3_ebtimeF_dtTrue_Exp_0<<<<<<<<<<<<<<<<<<<<<<<<<<<<<<<<<
test 10801
mse:1.0980050563812256, mae:0.8212432861328125
INFO: Trainable parameter count: 0.01M
INFO: Trainable parameter count: 0.01M
INFO: Trainable parameter count: 0.02M
INFO: Trainable parameter count: 0.03M
INFO: Trainable parameter count: 0.29M
INFO: Trainable parameter count: 0.29M
INFO: Trainable parameter count: 0.55M
INFO: Trainable parameter count: 0.55M
INFO: Trainable parameter count: 0.81M
INFO: Trainable parameter count: 0.81M
INFO: Trainable parameter count: 1.08M
INFO: Trainable parameter count: 1.08M
INFO: Trainable parameter count: 2.12M
INFO: Trainable parameter count: 2.13M
INFO: Trainable parameter count: 3.18M
INFO: Trainable parameter count: 3.18M
INFO: Trainable parameter count: 3.18M
INFO: Trainable parameter count: 3.18M
INFO: Trainable parameter count: 3.18M
INFO: Trainable parameter count: 3.18M
INFO: Trainable parameter count: 3.44M
INFO: Trainable parameter count: 3.44M
INFO: Trainable parameter count: 3.70M
INFO: Trainable parameter count: 3.70M
INFO: Trainable parameter count: 3.97M
INFO: Trainable parameter count: 3.97M
INFO: Trainable parameter count: 4.23M
INFO: Trainable parameter count: 4.23M
INFO: Trainable parameter count: 5.28M
INFO: Trainable parameter count: 5.28M
INFO: Trainable parameter count: 6.33M
INFO: Trainable parameter count: 6.33M
INFO: Trainable parameter count: 6.33M
INFO: Trainable parameter count: 6.33M
INFO: Trainable parameter count: 6.33M
INFO: Trainable parameter count: 6.33M
INFO: Trainable parameter count: 6.33M
INFO: Trainable parameter count: 6.33M
INFO: Trainable parameter count: 6.59M
INFO: Trainable parameter count: 6.59M
INFO: Trainable parameter count: 6.86M
INFO: Trainable parameter count: 6.86M
INFO: Trainable parameter count: 7.12M
INFO: Trainable parameter count: 7.12M
INFO: Trainable parameter count: 7.38M
INFO: Trainable parameter count: 7.38M
INFO: Trainable parameter count: 7.64M
INFO: Trainable parameter count: 7.64M
INFO: Trainable parameter count: 7.91M
INFO: Trainable parameter count: 7.91M
INFO: Trainable parameter count: 8.17M
INFO: Trainable parameter count: 8.17M
INFO: Trainable parameter count: 8.43M
INFO: Trainable parameter count: 8.43M
INFO: Trainable parameter count: 9.48M
INFO: Trainable parameter count: 9.48M
INFO: Trainable parameter count: 10.53M
INFO: Trainable parameter count: 10.53M
INFO: Trainable parameter count: 10.53M
INFO: Trainable parameter count: 10.53M
INFO: Trainable parameter count: 10.53M
INFO: Trainable parameter count: 10.53M
INFO: Trainable parameter count: 10.53M
INFO: Trainable parameter count: 10.54M
INFO: Trainable parameter count: 10.54M
INFO: Trainable parameter count: 10.54M
INFO: Trainable parameter count: 10.54M
INFO: Trainable parameter count: 10.54M
Model(
  10.53 M, 99.913% Params, 3.49 GMac, 100.000% MACs, 
  (enc_embedding): DataEmbedding(
    12.8 k, 0.121% Params, 1.23 MMac, 0.035% MACs, 
    (value_embedding): TokenEmbedding(
      10.75 k, 0.102% Params, 1.03 MMac, 0.030% MACs, 
      (tokenConv): Conv1d(10.75 k, 0.102% Params, 1.03 MMac, 0.030% MACs, 7, 512, kernel_size=(3,), stride=(1,), padding=(1,), bias=False, padding_mode=circular)
    )
    (position_embedding): PositionalEmbedding(0, 0.000% Params, 0.0 Mac, 0.000% MACs, )
    (temporal_embedding): TimeFeatureEmbedding(
      2.05 k, 0.019% Params, 196.61 KMac, 0.006% MACs, 
      (embed): Linear(2.05 k, 0.019% Params, 196.61 KMac, 0.006% MACs, in_features=4, out_features=512, bias=False)
    )
    (dropout): Dropout(0, 0.000% Params, 0.0 Mac, 0.000% MACs, p=0.05, inplace=False)
  )
  (dec_embedding): DataEmbedding(
    12.8 k, 0.121% Params, 9.83 MMac, 0.282% MACs, 
    (value_embedding): TokenEmbedding(
      10.75 k, 0.102% Params, 8.26 MMac, 0.237% MACs, 
      (tokenConv): Conv1d(10.75 k, 0.102% Params, 8.26 MMac, 0.237% MACs, 7, 512, kernel_size=(3,), stride=(1,), padding=(1,), bias=False, padding_mode=circular)
    )
    (position_embedding): PositionalEmbedding(0, 0.000% Params, 0.0 Mac, 0.000% MACs, )
    (temporal_embedding): TimeFeatureEmbedding(
      2.05 k, 0.019% Params, 1.57 MMac, 0.045% MACs, 
      (embed): Linear(2.05 k, 0.019% Params, 1.57 MMac, 0.045% MACs, in_features=4, out_features=512, bias=False)
    )
    (dropout): Dropout(0, 0.000% Params, 0.0 Mac, 0.000% MACs, p=0.05, inplace=False)
  )
  (encoder): Encoder(
    6.3 M, 59.778% Params, 604.48 MMac, 17.324% MACs, 
    (attn_layers): ModuleList(
      6.3 M, 59.778% Params, 604.48 MMac, 17.324% MACs, 
      (0): EncoderLayer(
        3.15 M, 29.889% Params, 302.24 MMac, 8.662% MACs, 
        (attention): AttentionLayer(
          1.05 M, 9.968% Params, 100.67 MMac, 2.885% MACs, 
          (inner_attention): FullAttention(
            0, 0.000% Params, 0.0 Mac, 0.000% MACs, 
            (dropout): Dropout(0, 0.000% Params, 0.0 Mac, 0.000% MACs, p=0.05, inplace=False)
          )
          (query_projection): Linear(262.66 k, 2.492% Params, 25.17 MMac, 0.721% MACs, in_features=512, out_features=512, bias=True)
          (key_projection): Linear(262.66 k, 2.492% Params, 25.17 MMac, 0.721% MACs, in_features=512, out_features=512, bias=True)
          (value_projection): Linear(262.66 k, 2.492% Params, 25.17 MMac, 0.721% MACs, in_features=512, out_features=512, bias=True)
          (out_projection): Linear(262.66 k, 2.492% Params, 25.17 MMac, 0.721% MACs, in_features=512, out_features=512, bias=True)
        )
        (conv1): Conv1d(1.05 M, 9.968% Params, 100.86 MMac, 2.891% MACs, 512, 2048, kernel_size=(1,), stride=(1,))
        (conv2): Conv1d(1.05 M, 9.953% Params, 100.71 MMac, 2.886% MACs, 2048, 512, kernel_size=(1,), stride=(1,))
        (norm1): LayerNorm(0, 0.000% Params, 0.0 Mac, 0.000% MACs, (512,), eps=1e-05, elementwise_affine=True)
        (norm2): LayerNorm(0, 0.000% Params, 0.0 Mac, 0.000% MACs, (512,), eps=1e-05, elementwise_affine=True)
        (dropout): Dropout(0, 0.000% Params, 0.0 Mac, 0.000% MACs, p=0.05, inplace=False)
      )
      (1): EncoderLayer(
        3.15 M, 29.889% Params, 302.24 MMac, 8.662% MACs, 
        (attention): AttentionLayer(
          1.05 M, 9.968% Params, 100.67 MMac, 2.885% MACs, 
          (inner_attention): FullAttention(
            0, 0.000% Params, 0.0 Mac, 0.000% MACs, 
            (dropout): Dropout(0, 0.000% Params, 0.0 Mac, 0.000% MACs, p=0.05, inplace=False)
          )
          (query_projection): Linear(262.66 k, 2.492% Params, 25.17 MMac, 0.721% MACs, in_features=512, out_features=512, bias=True)
          (key_projection): Linear(262.66 k, 2.492% Params, 25.17 MMac, 0.721% MACs, in_features=512, out_features=512, bias=True)
          (value_projection): Linear(262.66 k, 2.492% Params, 25.17 MMac, 0.721% MACs, in_features=512, out_features=512, bias=True)
          (out_projection): Linear(262.66 k, 2.492% Params, 25.17 MMac, 0.721% MACs, in_features=512, out_features=512, bias=True)
        )
        (conv1): Conv1d(1.05 M, 9.968% Params, 100.86 MMac, 2.891% MACs, 512, 2048, kernel_size=(1,), stride=(1,))
        (conv2): Conv1d(1.05 M, 9.953% Params, 100.71 MMac, 2.886% MACs, 2048, 512, kernel_size=(1,), stride=(1,))
        (norm1): LayerNorm(0, 0.000% Params, 0.0 Mac, 0.000% MACs, (512,), eps=1e-05, elementwise_affine=True)
        (norm2): LayerNorm(0, 0.000% Params, 0.0 Mac, 0.000% MACs, (512,), eps=1e-05, elementwise_affine=True)
        (dropout): Dropout(0, 0.000% Params, 0.0 Mac, 0.000% MACs, p=0.05, inplace=False)
      )
    )
    (norm): LayerNorm(0, 0.000% Params, 0.0 Mac, 0.000% MACs, (512,), eps=1e-05, elementwise_affine=True)
  )
  (decoder): Decoder(
    4.2 M, 39.891% Params, 2.87 GMac, 82.359% MACs, 
    (layers): ModuleList(
      4.2 M, 39.857% Params, 2.87 GMac, 82.280% MACs, 
      (0): DecoderLayer(
        4.2 M, 39.857% Params, 2.87 GMac, 82.280% MACs, 
        (self_attention): AttentionLayer(
          1.05 M, 9.968% Params, 805.31 MMac, 23.080% MACs, 
          (inner_attention): FullAttention(
            0, 0.000% Params, 0.0 Mac, 0.000% MACs, 
            (dropout): Dropout(0, 0.000% Params, 0.0 Mac, 0.000% MACs, p=0.05, inplace=False)
          )
          (query_projection): Linear(262.66 k, 2.492% Params, 201.33 MMac, 5.770% MACs, in_features=512, out_features=512, bias=True)
          (key_projection): Linear(262.66 k, 2.492% Params, 201.33 MMac, 5.770% MACs, in_features=512, out_features=512, bias=True)
          (value_projection): Linear(262.66 k, 2.492% Params, 201.33 MMac, 5.770% MACs, in_features=512, out_features=512, bias=True)
          (out_projection): Linear(262.66 k, 2.492% Params, 201.33 MMac, 5.770% MACs, in_features=512, out_features=512, bias=True)
        )
        (cross_attention): AttentionLayer(
          1.05 M, 9.968% Params, 452.99 MMac, 12.983% MACs, 
          (inner_attention): FullAttention(
            0, 0.000% Params, 0.0 Mac, 0.000% MACs, 
            (dropout): Dropout(0, 0.000% Params, 0.0 Mac, 0.000% MACs, p=0.05, inplace=False)
          )
          (query_projection): Linear(262.66 k, 2.492% Params, 201.33 MMac, 5.770% MACs, in_features=512, out_features=512, bias=True)
          (key_projection): Linear(262.66 k, 2.492% Params, 25.17 MMac, 0.721% MACs, in_features=512, out_features=512, bias=True)
          (value_projection): Linear(262.66 k, 2.492% Params, 25.17 MMac, 0.721% MACs, in_features=512, out_features=512, bias=True)
          (out_projection): Linear(262.66 k, 2.492% Params, 201.33 MMac, 5.770% MACs, in_features=512, out_features=512, bias=True)
        )
        (conv1): Conv1d(1.05 M, 9.968% Params, 806.88 MMac, 23.125% MACs, 512, 2048, kernel_size=(1,), stride=(1,))
        (conv2): Conv1d(1.05 M, 9.953% Params, 805.7 MMac, 23.091% MACs, 2048, 512, kernel_size=(1,), stride=(1,))
        (norm1): LayerNorm(0, 0.000% Params, 0.0 Mac, 0.000% MACs, (512,), eps=1e-05, elementwise_affine=True)
        (norm2): LayerNorm(0, 0.000% Params, 0.0 Mac, 0.000% MACs, (512,), eps=1e-05, elementwise_affine=True)
        (norm3): LayerNorm(0, 0.000% Params, 0.0 Mac, 0.000% MACs, (512,), eps=1e-05, elementwise_affine=True)
        (dropout): Dropout(0, 0.000% Params, 0.0 Mac, 0.000% MACs, p=0.05, inplace=False)
      )
    )
    (norm): LayerNorm(0, 0.000% Params, 0.0 Mac, 0.000% MACs, (512,), eps=1e-05, elementwise_affine=True)
    (projection): Linear(3.59 k, 0.034% Params, 2.75 MMac, 0.079% MACs, in_features=512, out_features=7, bias=True)
  )
)
Computational complexity:       3.49 GMac
Number of parameters:           10.54 M 
