Args in experiment:
Namespace(is_training=1, model_id='ETTh1_96_96', model='Autoformer', data='ETTh1', root_path='./dataset/', data_path='ETTh1.csv', features='M', target='OT', freq='h', checkpoints='./checkpoints/', seq_len=96, label_len=48, pred_len=96, individual=False, embed_type=0, enc_in=7, dec_in=7, c_out=7, d_model=512, n_heads=8, e_layers=1, d_layers=3, d_ff=2048, moving_avg=25, factor=3, distil=True, dropout=0.05, embed='timeF', activation='gelu', output_attention=False, do_predict=False, num_workers=10, itr=1, train_epochs=10, batch_size=32, patience=3, learning_rate=0.0001, des='Exp', loss='mse', lradj='type1', use_amp=False, use_gpu=True, gpu=2, use_multi_gpu=False, devices='0,1,2,3', test_flop=True)
Use GPU: cuda:2
>>>>>>>start training : ETTh1_96_96_Autoformer_ETTh1_ftM_sl96_ll48_pl96_dm512_nh8_el1_dl3_df2048_fc3_ebtimeF_dtTrue_Exp_0>>>>>>>>>>>>>>>>>>>>>>>>>>
train 8449
val 2785
test 2785
Epoch: 1 cost time: 32.5271680355072
Epoch: 1, Steps: 264 | Train Loss: 0.3835955 Vali Loss: 0.9157366 Test Loss: 0.4749573
Validation loss decreased (inf --> 0.915737).  Saving model ...
Updating learning rate to 0.0001
Epoch: 2 cost time: 27.651719570159912
Epoch: 2, Steps: 264 | Train Loss: 0.2978599 Vali Loss: 0.9574685 Test Loss: 0.5435634
EarlyStopping counter: 1 out of 3
Updating learning rate to 5e-05
Epoch: 3 cost time: 27.468583345413208
Epoch: 3, Steps: 264 | Train Loss: 0.2372133 Vali Loss: 1.0031406 Test Loss: 0.5951924
EarlyStopping counter: 2 out of 3
Updating learning rate to 2.5e-05
Epoch: 4 cost time: 27.29301404953003
Epoch: 4, Steps: 264 | Train Loss: 0.2084253 Vali Loss: 1.0072161 Test Loss: 0.6010865
EarlyStopping counter: 3 out of 3
Early stopping
>>>>>>>testing : ETTh1_96_96_Autoformer_ETTh1_ftM_sl96_ll48_pl96_dm512_nh8_el1_dl3_df2048_fc3_ebtimeF_dtTrue_Exp_0<<<<<<<<<<<<<<<<<<<<<<<<<<<<<<<<<
test 2785
mse:0.4749571681022644, mae:0.4776950776576996
INFO: Trainable parameter count: 0.01M
INFO: Trainable parameter count: 0.01M
INFO: Trainable parameter count: 0.02M
INFO: Trainable parameter count: 0.03M
INFO: Trainable parameter count: 0.29M
INFO: Trainable parameter count: 0.29M
INFO: Trainable parameter count: 0.55M
INFO: Trainable parameter count: 0.55M
INFO: Trainable parameter count: 0.81M
INFO: Trainable parameter count: 0.81M
INFO: Trainable parameter count: 1.08M
INFO: Trainable parameter count: 1.08M
INFO: Trainable parameter count: 2.12M
INFO: Trainable parameter count: 3.17M
INFO: Trainable parameter count: 3.17M
INFO: Trainable parameter count: 3.17M
INFO: Trainable parameter count: 3.44M
INFO: Trainable parameter count: 3.44M
INFO: Trainable parameter count: 3.70M
INFO: Trainable parameter count: 3.70M
INFO: Trainable parameter count: 3.96M
INFO: Trainable parameter count: 3.96M
INFO: Trainable parameter count: 4.22M
INFO: Trainable parameter count: 4.23M
INFO: Trainable parameter count: 4.49M
INFO: Trainable parameter count: 4.49M
INFO: Trainable parameter count: 4.75M
INFO: Trainable parameter count: 4.75M
INFO: Trainable parameter count: 5.01M
INFO: Trainable parameter count: 5.01M
INFO: Trainable parameter count: 5.28M
INFO: Trainable parameter count: 5.28M
INFO: Trainable parameter count: 6.32M
INFO: Trainable parameter count: 7.37M
INFO: Trainable parameter count: 7.38M
INFO: Trainable parameter count: 7.65M
INFO: Trainable parameter count: 7.65M
INFO: Trainable parameter count: 7.91M
INFO: Trainable parameter count: 7.91M
INFO: Trainable parameter count: 8.17M
INFO: Trainable parameter count: 8.17M
INFO: Trainable parameter count: 8.43M
INFO: Trainable parameter count: 8.43M
INFO: Trainable parameter count: 8.70M
INFO: Trainable parameter count: 8.70M
INFO: Trainable parameter count: 8.96M
INFO: Trainable parameter count: 8.96M
INFO: Trainable parameter count: 9.22M
INFO: Trainable parameter count: 9.22M
INFO: Trainable parameter count: 9.48M
INFO: Trainable parameter count: 9.48M
INFO: Trainable parameter count: 10.53M
INFO: Trainable parameter count: 11.58M
INFO: Trainable parameter count: 11.59M
INFO: Trainable parameter count: 11.85M
INFO: Trainable parameter count: 11.86M
INFO: Trainable parameter count: 12.12M
INFO: Trainable parameter count: 12.12M
INFO: Trainable parameter count: 12.38M
INFO: Trainable parameter count: 12.38M
INFO: Trainable parameter count: 12.64M
INFO: Trainable parameter count: 12.64M
INFO: Trainable parameter count: 12.91M
INFO: Trainable parameter count: 12.91M
INFO: Trainable parameter count: 13.17M
INFO: Trainable parameter count: 13.17M
INFO: Trainable parameter count: 13.43M
INFO: Trainable parameter count: 13.43M
INFO: Trainable parameter count: 13.69M
INFO: Trainable parameter count: 13.69M
INFO: Trainable parameter count: 14.74M
INFO: Trainable parameter count: 15.79M
INFO: Trainable parameter count: 15.80M
INFO: Trainable parameter count: 15.80M
INFO: Trainable parameter count: 15.80M
INFO: Trainable parameter count: 15.81M
INFO: Trainable parameter count: 15.81M
Model(
  15.8 M, 99.987% Params, 2.05 GMac, 100.000% MACs, 
  (decomp): series_decomp(
    0, 0.000% Params, 840.0 Mac, 0.000% MACs, 
    (moving_avg): moving_avg(
      0, 0.000% Params, 840.0 Mac, 0.000% MACs, 
      (avg): AvgPool1d(0, 0.000% Params, 840.0 Mac, 0.000% MACs, kernel_size=(25,), stride=(1,), padding=(0,))
    )
  )
  (enc_embedding): DataEmbedding_wo_pos(
    12.8 k, 0.081% Params, 1.23 MMac, 0.060% MACs, 
    (value_embedding): TokenEmbedding(
      10.75 k, 0.068% Params, 1.03 MMac, 0.050% MACs, 
      (tokenConv): Conv1d(10.75 k, 0.068% Params, 1.03 MMac, 0.050% MACs, 7, 512, kernel_size=(3,), stride=(1,), padding=(1,), bias=False, padding_mode=circular)
    )
    (position_embedding): PositionalEmbedding(0, 0.000% Params, 0.0 Mac, 0.000% MACs, )
    (temporal_embedding): TimeFeatureEmbedding(
      2.05 k, 0.013% Params, 196.61 KMac, 0.010% MACs, 
      (embed): Linear(2.05 k, 0.013% Params, 196.61 KMac, 0.010% MACs, in_features=4, out_features=512, bias=False)
    )
    (dropout): Dropout(0, 0.000% Params, 0.0 Mac, 0.000% MACs, p=0.05, inplace=False)
  )
  (dec_embedding): DataEmbedding_wo_pos(
    12.8 k, 0.081% Params, 1.84 MMac, 0.090% MACs, 
    (value_embedding): TokenEmbedding(
      10.75 k, 0.068% Params, 1.55 MMac, 0.076% MACs, 
      (tokenConv): Conv1d(10.75 k, 0.068% Params, 1.55 MMac, 0.076% MACs, 7, 512, kernel_size=(3,), stride=(1,), padding=(1,), bias=False, padding_mode=circular)
    )
    (position_embedding): PositionalEmbedding(0, 0.000% Params, 0.0 Mac, 0.000% MACs, )
    (temporal_embedding): TimeFeatureEmbedding(
      2.05 k, 0.013% Params, 294.91 KMac, 0.014% MACs, 
      (embed): Linear(2.05 k, 0.013% Params, 294.91 KMac, 0.014% MACs, in_features=4, out_features=512, bias=False)
    )
    (dropout): Dropout(0, 0.000% Params, 0.0 Mac, 0.000% MACs, p=0.05, inplace=False)
  )
  (encoder): Encoder(
    3.15 M, 19.914% Params, 302.11 MMac, 14.755% MACs, 
    (attn_layers): ModuleList(
      3.15 M, 19.914% Params, 302.11 MMac, 14.755% MACs, 
      (0): EncoderLayer(
        3.15 M, 19.914% Params, 302.11 MMac, 14.755% MACs, 
        (attention): AutoCorrelationLayer(
          1.05 M, 6.647% Params, 100.67 MMac, 4.916% MACs, 
          (inner_correlation): AutoCorrelation(
            0, 0.000% Params, 0.0 Mac, 0.000% MACs, 
            (dropout): Dropout(0, 0.000% Params, 0.0 Mac, 0.000% MACs, p=0.05, inplace=False)
          )
          (query_projection): Linear(262.66 k, 1.662% Params, 25.17 MMac, 1.229% MACs, in_features=512, out_features=512, bias=True)
          (key_projection): Linear(262.66 k, 1.662% Params, 25.17 MMac, 1.229% MACs, in_features=512, out_features=512, bias=True)
          (value_projection): Linear(262.66 k, 1.662% Params, 25.17 MMac, 1.229% MACs, in_features=512, out_features=512, bias=True)
          (out_projection): Linear(262.66 k, 1.662% Params, 25.17 MMac, 1.229% MACs, in_features=512, out_features=512, bias=True)
        )
        (conv1): Conv1d(1.05 M, 6.634% Params, 100.66 MMac, 4.916% MACs, 512, 2048, kernel_size=(1,), stride=(1,), bias=False)
        (conv2): Conv1d(1.05 M, 6.634% Params, 100.66 MMac, 4.916% MACs, 2048, 512, kernel_size=(1,), stride=(1,), bias=False)
        (decomp1): series_decomp(
          0, 0.000% Params, 61.44 KMac, 0.003% MACs, 
          (moving_avg): moving_avg(
            0, 0.000% Params, 61.44 KMac, 0.003% MACs, 
            (avg): AvgPool1d(0, 0.000% Params, 61.44 KMac, 0.003% MACs, kernel_size=(25,), stride=(1,), padding=(0,))
          )
        )
        (decomp2): series_decomp(
          0, 0.000% Params, 61.44 KMac, 0.003% MACs, 
          (moving_avg): moving_avg(
            0, 0.000% Params, 61.44 KMac, 0.003% MACs, 
            (avg): AvgPool1d(0, 0.000% Params, 61.44 KMac, 0.003% MACs, kernel_size=(25,), stride=(1,), padding=(0,))
          )
        )
        (dropout): Dropout(0, 0.000% Params, 0.0 Mac, 0.000% MACs, p=0.05, inplace=False)
      )
    )
    (norm): my_Layernorm(
      0, 0.000% Params, 0.0 Mac, 0.000% MACs, 
      (layernorm): LayerNorm(0, 0.000% Params, 0.0 Mac, 0.000% MACs, (512,), eps=1e-05, elementwise_affine=True)
    )
  )
  (decoder): Decoder(
    12.63 M, 79.911% Params, 1.74 GMac, 85.095% MACs, 
    (layers): ModuleList(
      12.63 M, 79.888% Params, 1.74 GMac, 85.070% MACs, 
      (0): DecoderLayer(
        4.21 M, 26.629% Params, 580.62 MMac, 28.357% MACs, 
        (self_attention): AutoCorrelationLayer(
          1.05 M, 6.647% Params, 151.0 MMac, 7.374% MACs, 
          (inner_correlation): AutoCorrelation(
            0, 0.000% Params, 0.0 Mac, 0.000% MACs, 
            (dropout): Dropout(0, 0.000% Params, 0.0 Mac, 0.000% MACs, p=0.05, inplace=False)
          )
          (query_projection): Linear(262.66 k, 1.662% Params, 37.75 MMac, 1.844% MACs, in_features=512, out_features=512, bias=True)
          (key_projection): Linear(262.66 k, 1.662% Params, 37.75 MMac, 1.844% MACs, in_features=512, out_features=512, bias=True)
          (value_projection): Linear(262.66 k, 1.662% Params, 37.75 MMac, 1.844% MACs, in_features=512, out_features=512, bias=True)
          (out_projection): Linear(262.66 k, 1.662% Params, 37.75 MMac, 1.844% MACs, in_features=512, out_features=512, bias=True)
        )
        (cross_attention): AutoCorrelationLayer(
          1.05 M, 6.647% Params, 125.83 MMac, 6.145% MACs, 
          (inner_correlation): AutoCorrelation(
            0, 0.000% Params, 0.0 Mac, 0.000% MACs, 
            (dropout): Dropout(0, 0.000% Params, 0.0 Mac, 0.000% MACs, p=0.05, inplace=False)
          )
          (query_projection): Linear(262.66 k, 1.662% Params, 37.75 MMac, 1.844% MACs, in_features=512, out_features=512, bias=True)
          (key_projection): Linear(262.66 k, 1.662% Params, 25.17 MMac, 1.229% MACs, in_features=512, out_features=512, bias=True)
          (value_projection): Linear(262.66 k, 1.662% Params, 25.17 MMac, 1.229% MACs, in_features=512, out_features=512, bias=True)
          (out_projection): Linear(262.66 k, 1.662% Params, 37.75 MMac, 1.844% MACs, in_features=512, out_features=512, bias=True)
        )
        (conv1): Conv1d(1.05 M, 6.634% Params, 150.99 MMac, 7.374% MACs, 512, 2048, kernel_size=(1,), stride=(1,), bias=False)
        (conv2): Conv1d(1.05 M, 6.634% Params, 150.99 MMac, 7.374% MACs, 2048, 512, kernel_size=(1,), stride=(1,), bias=False)
        (decomp1): series_decomp(
          0, 0.000% Params, 86.02 KMac, 0.004% MACs, 
          (moving_avg): moving_avg(
            0, 0.000% Params, 86.02 KMac, 0.004% MACs, 
            (avg): AvgPool1d(0, 0.000% Params, 86.02 KMac, 0.004% MACs, kernel_size=(25,), stride=(1,), padding=(0,))
          )
        )
        (decomp2): series_decomp(
          0, 0.000% Params, 86.02 KMac, 0.004% MACs, 
          (moving_avg): moving_avg(
            0, 0.000% Params, 86.02 KMac, 0.004% MACs, 
            (avg): AvgPool1d(0, 0.000% Params, 86.02 KMac, 0.004% MACs, kernel_size=(25,), stride=(1,), padding=(0,))
          )
        )
        (decomp3): series_decomp(
          0, 0.000% Params, 86.02 KMac, 0.004% MACs, 
          (moving_avg): moving_avg(
            0, 0.000% Params, 86.02 KMac, 0.004% MACs, 
            (avg): AvgPool1d(0, 0.000% Params, 86.02 KMac, 0.004% MACs, kernel_size=(25,), stride=(1,), padding=(0,))
          )
        )
        (dropout): Dropout(0, 0.000% Params, 0.0 Mac, 0.000% MACs, p=0.05, inplace=False)
        (projection): Conv1d(10.75 k, 0.068% Params, 1.55 MMac, 0.076% MACs, 512, 7, kernel_size=(3,), stride=(1,), padding=(1,), bias=False, padding_mode=circular)
      )
      (1): DecoderLayer(
        4.21 M, 26.629% Params, 580.62 MMac, 28.357% MACs, 
        (self_attention): AutoCorrelationLayer(
          1.05 M, 6.647% Params, 151.0 MMac, 7.374% MACs, 
          (inner_correlation): AutoCorrelation(
            0, 0.000% Params, 0.0 Mac, 0.000% MACs, 
            (dropout): Dropout(0, 0.000% Params, 0.0 Mac, 0.000% MACs, p=0.05, inplace=False)
          )
          (query_projection): Linear(262.66 k, 1.662% Params, 37.75 MMac, 1.844% MACs, in_features=512, out_features=512, bias=True)
          (key_projection): Linear(262.66 k, 1.662% Params, 37.75 MMac, 1.844% MACs, in_features=512, out_features=512, bias=True)
          (value_projection): Linear(262.66 k, 1.662% Params, 37.75 MMac, 1.844% MACs, in_features=512, out_features=512, bias=True)
          (out_projection): Linear(262.66 k, 1.662% Params, 37.75 MMac, 1.844% MACs, in_features=512, out_features=512, bias=True)
        )
        (cross_attention): AutoCorrelationLayer(
          1.05 M, 6.647% Params, 125.83 MMac, 6.145% MACs, 
          (inner_correlation): AutoCorrelation(
            0, 0.000% Params, 0.0 Mac, 0.000% MACs, 
            (dropout): Dropout(0, 0.000% Params, 0.0 Mac, 0.000% MACs, p=0.05, inplace=False)
          )
          (query_projection): Linear(262.66 k, 1.662% Params, 37.75 MMac, 1.844% MACs, in_features=512, out_features=512, bias=True)
          (key_projection): Linear(262.66 k, 1.662% Params, 25.17 MMac, 1.229% MACs, in_features=512, out_features=512, bias=True)
          (value_projection): Linear(262.66 k, 1.662% Params, 25.17 MMac, 1.229% MACs, in_features=512, out_features=512, bias=True)
          (out_projection): Linear(262.66 k, 1.662% Params, 37.75 MMac, 1.844% MACs, in_features=512, out_features=512, bias=True)
        )
        (conv1): Conv1d(1.05 M, 6.634% Params, 150.99 MMac, 7.374% MACs, 512, 2048, kernel_size=(1,), stride=(1,), bias=False)
        (conv2): Conv1d(1.05 M, 6.634% Params, 150.99 MMac, 7.374% MACs, 2048, 512, kernel_size=(1,), stride=(1,), bias=False)
        (decomp1): series_decomp(
          0, 0.000% Params, 86.02 KMac, 0.004% MACs, 
          (moving_avg): moving_avg(
            0, 0.000% Params, 86.02 KMac, 0.004% MACs, 
            (avg): AvgPool1d(0, 0.000% Params, 86.02 KMac, 0.004% MACs, kernel_size=(25,), stride=(1,), padding=(0,))
          )
        )
        (decomp2): series_decomp(
          0, 0.000% Params, 86.02 KMac, 0.004% MACs, 
          (moving_avg): moving_avg(
            0, 0.000% Params, 86.02 KMac, 0.004% MACs, 
            (avg): AvgPool1d(0, 0.000% Params, 86.02 KMac, 0.004% MACs, kernel_size=(25,), stride=(1,), padding=(0,))
          )
        )
        (decomp3): series_decomp(
          0, 0.000% Params, 86.02 KMac, 0.004% MACs, 
          (moving_avg): moving_avg(
            0, 0.000% Params, 86.02 KMac, 0.004% MACs, 
            (avg): AvgPool1d(0, 0.000% Params, 86.02 KMac, 0.004% MACs, kernel_size=(25,), stride=(1,), padding=(0,))
          )
        )
        (dropout): Dropout(0, 0.000% Params, 0.0 Mac, 0.000% MACs, p=0.05, inplace=False)
        (projection): Conv1d(10.75 k, 0.068% Params, 1.55 MMac, 0.076% MACs, 512, 7, kernel_size=(3,), stride=(1,), padding=(1,), bias=False, padding_mode=circular)
      )
      (2): DecoderLayer(
        4.21 M, 26.629% Params, 580.62 MMac, 28.357% MACs, 
        (self_attention): AutoCorrelationLayer(
          1.05 M, 6.647% Params, 151.0 MMac, 7.374% MACs, 
          (inner_correlation): AutoCorrelation(
            0, 0.000% Params, 0.0 Mac, 0.000% MACs, 
            (dropout): Dropout(0, 0.000% Params, 0.0 Mac, 0.000% MACs, p=0.05, inplace=False)
          )
          (query_projection): Linear(262.66 k, 1.662% Params, 37.75 MMac, 1.844% MACs, in_features=512, out_features=512, bias=True)
          (key_projection): Linear(262.66 k, 1.662% Params, 37.75 MMac, 1.844% MACs, in_features=512, out_features=512, bias=True)
          (value_projection): Linear(262.66 k, 1.662% Params, 37.75 MMac, 1.844% MACs, in_features=512, out_features=512, bias=True)
          (out_projection): Linear(262.66 k, 1.662% Params, 37.75 MMac, 1.844% MACs, in_features=512, out_features=512, bias=True)
        )
        (cross_attention): AutoCorrelationLayer(
          1.05 M, 6.647% Params, 125.83 MMac, 6.145% MACs, 
          (inner_correlation): AutoCorrelation(
            0, 0.000% Params, 0.0 Mac, 0.000% MACs, 
            (dropout): Dropout(0, 0.000% Params, 0.0 Mac, 0.000% MACs, p=0.05, inplace=False)
          )
          (query_projection): Linear(262.66 k, 1.662% Params, 37.75 MMac, 1.844% MACs, in_features=512, out_features=512, bias=True)
          (key_projection): Linear(262.66 k, 1.662% Params, 25.17 MMac, 1.229% MACs, in_features=512, out_features=512, bias=True)
          (value_projection): Linear(262.66 k, 1.662% Params, 25.17 MMac, 1.229% MACs, in_features=512, out_features=512, bias=True)
          (out_projection): Linear(262.66 k, 1.662% Params, 37.75 MMac, 1.844% MACs, in_features=512, out_features=512, bias=True)
        )
        (conv1): Conv1d(1.05 M, 6.634% Params, 150.99 MMac, 7.374% MACs, 512, 2048, kernel_size=(1,), stride=(1,), bias=False)
        (conv2): Conv1d(1.05 M, 6.634% Params, 150.99 MMac, 7.374% MACs, 2048, 512, kernel_size=(1,), stride=(1,), bias=False)
        (decomp1): series_decomp(
          0, 0.000% Params, 86.02 KMac, 0.004% MACs, 
          (moving_avg): moving_avg(
            0, 0.000% Params, 86.02 KMac, 0.004% MACs, 
            (avg): AvgPool1d(0, 0.000% Params, 86.02 KMac, 0.004% MACs, kernel_size=(25,), stride=(1,), padding=(0,))
          )
        )
        (decomp2): series_decomp(
          0, 0.000% Params, 86.02 KMac, 0.004% MACs, 
          (moving_avg): moving_avg(
            0, 0.000% Params, 86.02 KMac, 0.004% MACs, 
            (avg): AvgPool1d(0, 0.000% Params, 86.02 KMac, 0.004% MACs, kernel_size=(25,), stride=(1,), padding=(0,))
          )
        )
        (decomp3): series_decomp(
          0, 0.000% Params, 86.02 KMac, 0.004% MACs, 
          (moving_avg): moving_avg(
            0, 0.000% Params, 86.02 KMac, 0.004% MACs, 
            (avg): AvgPool1d(0, 0.000% Params, 86.02 KMac, 0.004% MACs, kernel_size=(25,), stride=(1,), padding=(0,))
          )
        )
        (dropout): Dropout(0, 0.000% Params, 0.0 Mac, 0.000% MACs, p=0.05, inplace=False)
        (projection): Conv1d(10.75 k, 0.068% Params, 1.55 MMac, 0.076% MACs, 512, 7, kernel_size=(3,), stride=(1,), padding=(1,), bias=False, padding_mode=circular)
      )
    )
    (norm): my_Layernorm(
      0, 0.000% Params, 0.0 Mac, 0.000% MACs, 
      (layernorm): LayerNorm(0, 0.000% Params, 0.0 Mac, 0.000% MACs, (512,), eps=1e-05, elementwise_affine=True)
    )
    (projection): Linear(3.59 k, 0.023% Params, 516.1 KMac, 0.025% MACs, in_features=512, out_features=7, bias=True)
  )
)
Computational complexity:       2.05 GMac
Number of parameters:           15.81 M 
