Args in experiment:
Namespace(is_training=1, model_id='ETTh1_96_96', model='Autoformer', data='ETTh1', root_path='./dataset/', data_path='ETTh1.csv', features='M', target='OT', freq='h', checkpoints='./checkpoints/', seq_len=96, label_len=48, pred_len=96, individual=False, embed_type=0, enc_in=7, dec_in=7, c_out=7, d_model=512, n_heads=8, e_layers=3, d_layers=4, d_ff=2048, moving_avg=25, factor=3, distil=True, dropout=0.05, embed='timeF', activation='gelu', output_attention=False, do_predict=False, num_workers=10, itr=1, train_epochs=10, batch_size=32, patience=3, learning_rate=0.0001, des='Exp', loss='mse', lradj='type1', use_amp=False, use_gpu=True, gpu=2, use_multi_gpu=False, devices='0,1,2,3', test_flop=True)
Use GPU: cuda:2
>>>>>>>start training : ETTh1_96_96_Autoformer_ETTh1_ftM_sl96_ll48_pl96_dm512_nh8_el3_dl4_df2048_fc3_ebtimeF_dtTrue_Exp_0>>>>>>>>>>>>>>>>>>>>>>>>>>
train 8449
val 2785
test 2785
Epoch: 1 cost time: 45.536805629730225
Epoch: 1, Steps: 264 | Train Loss: 0.3763503 Vali Loss: 0.8954694 Test Loss: 0.4914459
Validation loss decreased (inf --> 0.895469).  Saving model ...
Updating learning rate to 0.0001
Epoch: 2 cost time: 41.51573967933655
Epoch: 2, Steps: 264 | Train Loss: 0.2426953 Vali Loss: 0.9286132 Test Loss: 0.5233962
EarlyStopping counter: 1 out of 3
Updating learning rate to 5e-05
Epoch: 3 cost time: 41.72142553329468
Epoch: 3, Steps: 264 | Train Loss: 0.1741759 Vali Loss: 0.9374742 Test Loss: 0.5262653
EarlyStopping counter: 2 out of 3
Updating learning rate to 2.5e-05
Epoch: 4 cost time: 41.86168622970581
Epoch: 4, Steps: 264 | Train Loss: 0.1485245 Vali Loss: 0.9342246 Test Loss: 0.5239664
EarlyStopping counter: 3 out of 3
Early stopping
>>>>>>>testing : ETTh1_96_96_Autoformer_ETTh1_ftM_sl96_ll48_pl96_dm512_nh8_el3_dl4_df2048_fc3_ebtimeF_dtTrue_Exp_0<<<<<<<<<<<<<<<<<<<<<<<<<<<<<<<<<
test 2785
mse:0.49144577980041504, mae:0.4833837151527405
INFO: Trainable parameter count: 0.01M
INFO: Trainable parameter count: 0.01M
INFO: Trainable parameter count: 0.02M
INFO: Trainable parameter count: 0.03M
INFO: Trainable parameter count: 0.29M
INFO: Trainable parameter count: 0.29M
INFO: Trainable parameter count: 0.55M
INFO: Trainable parameter count: 0.55M
INFO: Trainable parameter count: 0.81M
INFO: Trainable parameter count: 0.81M
INFO: Trainable parameter count: 1.08M
INFO: Trainable parameter count: 1.08M
INFO: Trainable parameter count: 2.12M
INFO: Trainable parameter count: 3.17M
INFO: Trainable parameter count: 3.44M
INFO: Trainable parameter count: 3.44M
INFO: Trainable parameter count: 3.70M
INFO: Trainable parameter count: 3.70M
INFO: Trainable parameter count: 3.96M
INFO: Trainable parameter count: 3.96M
INFO: Trainable parameter count: 4.22M
INFO: Trainable parameter count: 4.22M
INFO: Trainable parameter count: 5.27M
INFO: Trainable parameter count: 6.32M
INFO: Trainable parameter count: 6.58M
INFO: Trainable parameter count: 6.58M
INFO: Trainable parameter count: 6.85M
INFO: Trainable parameter count: 6.85M
INFO: Trainable parameter count: 7.11M
INFO: Trainable parameter count: 7.11M
INFO: Trainable parameter count: 7.37M
INFO: Trainable parameter count: 7.37M
INFO: Trainable parameter count: 8.42M
INFO: Trainable parameter count: 9.47M
INFO: Trainable parameter count: 9.47M
INFO: Trainable parameter count: 9.47M
INFO: Trainable parameter count: 9.73M
INFO: Trainable parameter count: 9.73M
INFO: Trainable parameter count: 9.99M
INFO: Trainable parameter count: 10.00M
INFO: Trainable parameter count: 10.26M
INFO: Trainable parameter count: 10.26M
INFO: Trainable parameter count: 10.52M
INFO: Trainable parameter count: 10.52M
INFO: Trainable parameter count: 10.78M
INFO: Trainable parameter count: 10.78M
INFO: Trainable parameter count: 11.05M
INFO: Trainable parameter count: 11.05M
INFO: Trainable parameter count: 11.31M
INFO: Trainable parameter count: 11.31M
INFO: Trainable parameter count: 11.57M
INFO: Trainable parameter count: 11.57M
INFO: Trainable parameter count: 12.62M
INFO: Trainable parameter count: 13.67M
INFO: Trainable parameter count: 13.68M
INFO: Trainable parameter count: 13.94M
INFO: Trainable parameter count: 13.94M
INFO: Trainable parameter count: 14.20M
INFO: Trainable parameter count: 14.20M
INFO: Trainable parameter count: 14.47M
INFO: Trainable parameter count: 14.47M
INFO: Trainable parameter count: 14.73M
INFO: Trainable parameter count: 14.73M
INFO: Trainable parameter count: 14.99M
INFO: Trainable parameter count: 14.99M
INFO: Trainable parameter count: 15.25M
INFO: Trainable parameter count: 15.26M
INFO: Trainable parameter count: 15.52M
INFO: Trainable parameter count: 15.52M
INFO: Trainable parameter count: 15.78M
INFO: Trainable parameter count: 15.78M
INFO: Trainable parameter count: 16.83M
INFO: Trainable parameter count: 17.88M
INFO: Trainable parameter count: 17.89M
INFO: Trainable parameter count: 18.15M
INFO: Trainable parameter count: 18.15M
INFO: Trainable parameter count: 18.41M
INFO: Trainable parameter count: 18.41M
INFO: Trainable parameter count: 18.68M
INFO: Trainable parameter count: 18.68M
INFO: Trainable parameter count: 18.94M
INFO: Trainable parameter count: 18.94M
INFO: Trainable parameter count: 19.20M
INFO: Trainable parameter count: 19.20M
INFO: Trainable parameter count: 19.46M
INFO: Trainable parameter count: 19.46M
INFO: Trainable parameter count: 19.73M
INFO: Trainable parameter count: 19.73M
INFO: Trainable parameter count: 19.99M
INFO: Trainable parameter count: 19.99M
INFO: Trainable parameter count: 21.04M
INFO: Trainable parameter count: 22.09M
INFO: Trainable parameter count: 22.10M
INFO: Trainable parameter count: 22.36M
INFO: Trainable parameter count: 22.36M
INFO: Trainable parameter count: 22.62M
INFO: Trainable parameter count: 22.62M
INFO: Trainable parameter count: 22.88M
INFO: Trainable parameter count: 22.89M
INFO: Trainable parameter count: 23.15M
INFO: Trainable parameter count: 23.15M
INFO: Trainable parameter count: 23.41M
INFO: Trainable parameter count: 23.41M
INFO: Trainable parameter count: 23.67M
INFO: Trainable parameter count: 23.67M
INFO: Trainable parameter count: 23.94M
INFO: Trainable parameter count: 23.94M
INFO: Trainable parameter count: 24.20M
INFO: Trainable parameter count: 24.20M
INFO: Trainable parameter count: 25.25M
INFO: Trainable parameter count: 26.30M
INFO: Trainable parameter count: 26.31M
INFO: Trainable parameter count: 26.31M
INFO: Trainable parameter count: 26.31M
INFO: Trainable parameter count: 26.31M
INFO: Trainable parameter count: 26.31M
Model(
  26.31 M, 99.992% Params, 3.23 GMac, 100.000% MACs, 
  (decomp): series_decomp(
    0, 0.000% Params, 840.0 Mac, 0.000% MACs, 
    (moving_avg): moving_avg(
      0, 0.000% Params, 840.0 Mac, 0.000% MACs, 
      (avg): AvgPool1d(0, 0.000% Params, 840.0 Mac, 0.000% MACs, kernel_size=(25,), stride=(1,), padding=(0,))
    )
  )
  (enc_embedding): DataEmbedding_wo_pos(
    12.8 k, 0.049% Params, 1.23 MMac, 0.038% MACs, 
    (value_embedding): TokenEmbedding(
      10.75 k, 0.041% Params, 1.03 MMac, 0.032% MACs, 
      (tokenConv): Conv1d(10.75 k, 0.041% Params, 1.03 MMac, 0.032% MACs, 7, 512, kernel_size=(3,), stride=(1,), padding=(1,), bias=False, padding_mode=circular)
    )
    (position_embedding): PositionalEmbedding(0, 0.000% Params, 0.0 Mac, 0.000% MACs, )
    (temporal_embedding): TimeFeatureEmbedding(
      2.05 k, 0.008% Params, 196.61 KMac, 0.006% MACs, 
      (embed): Linear(2.05 k, 0.008% Params, 196.61 KMac, 0.006% MACs, in_features=4, out_features=512, bias=False)
    )
    (dropout): Dropout(0, 0.000% Params, 0.0 Mac, 0.000% MACs, p=0.05, inplace=False)
  )
  (dec_embedding): DataEmbedding_wo_pos(
    12.8 k, 0.049% Params, 1.84 MMac, 0.057% MACs, 
    (value_embedding): TokenEmbedding(
      10.75 k, 0.041% Params, 1.55 MMac, 0.048% MACs, 
      (tokenConv): Conv1d(10.75 k, 0.041% Params, 1.55 MMac, 0.048% MACs, 7, 512, kernel_size=(3,), stride=(1,), padding=(1,), bias=False, padding_mode=circular)
    )
    (position_embedding): PositionalEmbedding(0, 0.000% Params, 0.0 Mac, 0.000% MACs, )
    (temporal_embedding): TimeFeatureEmbedding(
      2.05 k, 0.008% Params, 294.91 KMac, 0.009% MACs, 
      (embed): Linear(2.05 k, 0.008% Params, 294.91 KMac, 0.009% MACs, in_features=4, out_features=512, bias=False)
    )
    (dropout): Dropout(0, 0.000% Params, 0.0 Mac, 0.000% MACs, p=0.05, inplace=False)
  )
  (encoder): Encoder(
    9.44 M, 35.891% Params, 906.34 MMac, 28.039% MACs, 
    (attn_layers): ModuleList(
      9.44 M, 35.891% Params, 906.34 MMac, 28.039% MACs, 
      (0): EncoderLayer(
        3.15 M, 11.964% Params, 302.11 MMac, 9.346% MACs, 
        (attention): AutoCorrelationLayer(
          1.05 M, 3.993% Params, 100.67 MMac, 3.114% MACs, 
          (inner_correlation): AutoCorrelation(
            0, 0.000% Params, 0.0 Mac, 0.000% MACs, 
            (dropout): Dropout(0, 0.000% Params, 0.0 Mac, 0.000% MACs, p=0.05, inplace=False)
          )
          (query_projection): Linear(262.66 k, 0.998% Params, 25.17 MMac, 0.779% MACs, in_features=512, out_features=512, bias=True)
          (key_projection): Linear(262.66 k, 0.998% Params, 25.17 MMac, 0.779% MACs, in_features=512, out_features=512, bias=True)
          (value_projection): Linear(262.66 k, 0.998% Params, 25.17 MMac, 0.779% MACs, in_features=512, out_features=512, bias=True)
          (out_projection): Linear(262.66 k, 0.998% Params, 25.17 MMac, 0.779% MACs, in_features=512, out_features=512, bias=True)
        )
        (conv1): Conv1d(1.05 M, 3.985% Params, 100.66 MMac, 3.114% MACs, 512, 2048, kernel_size=(1,), stride=(1,), bias=False)
        (conv2): Conv1d(1.05 M, 3.985% Params, 100.66 MMac, 3.114% MACs, 2048, 512, kernel_size=(1,), stride=(1,), bias=False)
        (decomp1): series_decomp(
          0, 0.000% Params, 61.44 KMac, 0.002% MACs, 
          (moving_avg): moving_avg(
            0, 0.000% Params, 61.44 KMac, 0.002% MACs, 
            (avg): AvgPool1d(0, 0.000% Params, 61.44 KMac, 0.002% MACs, kernel_size=(25,), stride=(1,), padding=(0,))
          )
        )
        (decomp2): series_decomp(
          0, 0.000% Params, 61.44 KMac, 0.002% MACs, 
          (moving_avg): moving_avg(
            0, 0.000% Params, 61.44 KMac, 0.002% MACs, 
            (avg): AvgPool1d(0, 0.000% Params, 61.44 KMac, 0.002% MACs, kernel_size=(25,), stride=(1,), padding=(0,))
          )
        )
        (dropout): Dropout(0, 0.000% Params, 0.0 Mac, 0.000% MACs, p=0.05, inplace=False)
      )
      (1): EncoderLayer(
        3.15 M, 11.964% Params, 302.11 MMac, 9.346% MACs, 
        (attention): AutoCorrelationLayer(
          1.05 M, 3.993% Params, 100.67 MMac, 3.114% MACs, 
          (inner_correlation): AutoCorrelation(
            0, 0.000% Params, 0.0 Mac, 0.000% MACs, 
            (dropout): Dropout(0, 0.000% Params, 0.0 Mac, 0.000% MACs, p=0.05, inplace=False)
          )
          (query_projection): Linear(262.66 k, 0.998% Params, 25.17 MMac, 0.779% MACs, in_features=512, out_features=512, bias=True)
          (key_projection): Linear(262.66 k, 0.998% Params, 25.17 MMac, 0.779% MACs, in_features=512, out_features=512, bias=True)
          (value_projection): Linear(262.66 k, 0.998% Params, 25.17 MMac, 0.779% MACs, in_features=512, out_features=512, bias=True)
          (out_projection): Linear(262.66 k, 0.998% Params, 25.17 MMac, 0.779% MACs, in_features=512, out_features=512, bias=True)
        )
        (conv1): Conv1d(1.05 M, 3.985% Params, 100.66 MMac, 3.114% MACs, 512, 2048, kernel_size=(1,), stride=(1,), bias=False)
        (conv2): Conv1d(1.05 M, 3.985% Params, 100.66 MMac, 3.114% MACs, 2048, 512, kernel_size=(1,), stride=(1,), bias=False)
        (decomp1): series_decomp(
          0, 0.000% Params, 61.44 KMac, 0.002% MACs, 
          (moving_avg): moving_avg(
            0, 0.000% Params, 61.44 KMac, 0.002% MACs, 
            (avg): AvgPool1d(0, 0.000% Params, 61.44 KMac, 0.002% MACs, kernel_size=(25,), stride=(1,), padding=(0,))
          )
        )
        (decomp2): series_decomp(
          0, 0.000% Params, 61.44 KMac, 0.002% MACs, 
          (moving_avg): moving_avg(
            0, 0.000% Params, 61.44 KMac, 0.002% MACs, 
            (avg): AvgPool1d(0, 0.000% Params, 61.44 KMac, 0.002% MACs, kernel_size=(25,), stride=(1,), padding=(0,))
          )
        )
        (dropout): Dropout(0, 0.000% Params, 0.0 Mac, 0.000% MACs, p=0.05, inplace=False)
      )
      (2): EncoderLayer(
        3.15 M, 11.964% Params, 302.11 MMac, 9.346% MACs, 
        (attention): AutoCorrelationLayer(
          1.05 M, 3.993% Params, 100.67 MMac, 3.114% MACs, 
          (inner_correlation): AutoCorrelation(
            0, 0.000% Params, 0.0 Mac, 0.000% MACs, 
            (dropout): Dropout(0, 0.000% Params, 0.0 Mac, 0.000% MACs, p=0.05, inplace=False)
          )
          (query_projection): Linear(262.66 k, 0.998% Params, 25.17 MMac, 0.779% MACs, in_features=512, out_features=512, bias=True)
          (key_projection): Linear(262.66 k, 0.998% Params, 25.17 MMac, 0.779% MACs, in_features=512, out_features=512, bias=True)
          (value_projection): Linear(262.66 k, 0.998% Params, 25.17 MMac, 0.779% MACs, in_features=512, out_features=512, bias=True)
          (out_projection): Linear(262.66 k, 0.998% Params, 25.17 MMac, 0.779% MACs, in_features=512, out_features=512, bias=True)
        )
        (conv1): Conv1d(1.05 M, 3.985% Params, 100.66 MMac, 3.114% MACs, 512, 2048, kernel_size=(1,), stride=(1,), bias=False)
        (conv2): Conv1d(1.05 M, 3.985% Params, 100.66 MMac, 3.114% MACs, 2048, 512, kernel_size=(1,), stride=(1,), bias=False)
        (decomp1): series_decomp(
          0, 0.000% Params, 61.44 KMac, 0.002% MACs, 
          (moving_avg): moving_avg(
            0, 0.000% Params, 61.44 KMac, 0.002% MACs, 
            (avg): AvgPool1d(0, 0.000% Params, 61.44 KMac, 0.002% MACs, kernel_size=(25,), stride=(1,), padding=(0,))
          )
        )
        (decomp2): series_decomp(
          0, 0.000% Params, 61.44 KMac, 0.002% MACs, 
          (moving_avg): moving_avg(
            0, 0.000% Params, 61.44 KMac, 0.002% MACs, 
            (avg): AvgPool1d(0, 0.000% Params, 61.44 KMac, 0.002% MACs, kernel_size=(25,), stride=(1,), padding=(0,))
          )
        )
        (dropout): Dropout(0, 0.000% Params, 0.0 Mac, 0.000% MACs, p=0.05, inplace=False)
      )
    )
    (norm): my_Layernorm(
      0, 0.000% Params, 0.0 Mac, 0.000% MACs, 
      (layernorm): LayerNorm(0, 0.000% Params, 0.0 Mac, 0.000% MACs, (512,), eps=1e-05, elementwise_affine=True)
    )
  )
  (decoder): Decoder(
    16.84 M, 64.004% Params, 2.32 GMac, 71.866% MACs, 
    (layers): ModuleList(
      16.84 M, 63.990% Params, 2.32 GMac, 71.850% MACs, 
      (0): DecoderLayer(
        4.21 M, 15.998% Params, 580.62 MMac, 17.962% MACs, 
        (self_attention): AutoCorrelationLayer(
          1.05 M, 3.993% Params, 151.0 MMac, 4.671% MACs, 
          (inner_correlation): AutoCorrelation(
            0, 0.000% Params, 0.0 Mac, 0.000% MACs, 
            (dropout): Dropout(0, 0.000% Params, 0.0 Mac, 0.000% MACs, p=0.05, inplace=False)
          )
          (query_projection): Linear(262.66 k, 0.998% Params, 37.75 MMac, 1.168% MACs, in_features=512, out_features=512, bias=True)
          (key_projection): Linear(262.66 k, 0.998% Params, 37.75 MMac, 1.168% MACs, in_features=512, out_features=512, bias=True)
          (value_projection): Linear(262.66 k, 0.998% Params, 37.75 MMac, 1.168% MACs, in_features=512, out_features=512, bias=True)
          (out_projection): Linear(262.66 k, 0.998% Params, 37.75 MMac, 1.168% MACs, in_features=512, out_features=512, bias=True)
        )
        (cross_attention): AutoCorrelationLayer(
          1.05 M, 3.993% Params, 125.83 MMac, 3.893% MACs, 
          (inner_correlation): AutoCorrelation(
            0, 0.000% Params, 0.0 Mac, 0.000% MACs, 
            (dropout): Dropout(0, 0.000% Params, 0.0 Mac, 0.000% MACs, p=0.05, inplace=False)
          )
          (query_projection): Linear(262.66 k, 0.998% Params, 37.75 MMac, 1.168% MACs, in_features=512, out_features=512, bias=True)
          (key_projection): Linear(262.66 k, 0.998% Params, 25.17 MMac, 0.779% MACs, in_features=512, out_features=512, bias=True)
          (value_projection): Linear(262.66 k, 0.998% Params, 25.17 MMac, 0.779% MACs, in_features=512, out_features=512, bias=True)
          (out_projection): Linear(262.66 k, 0.998% Params, 37.75 MMac, 1.168% MACs, in_features=512, out_features=512, bias=True)
        )
        (conv1): Conv1d(1.05 M, 3.985% Params, 150.99 MMac, 4.671% MACs, 512, 2048, kernel_size=(1,), stride=(1,), bias=False)
        (conv2): Conv1d(1.05 M, 3.985% Params, 150.99 MMac, 4.671% MACs, 2048, 512, kernel_size=(1,), stride=(1,), bias=False)
        (decomp1): series_decomp(
          0, 0.000% Params, 86.02 KMac, 0.003% MACs, 
          (moving_avg): moving_avg(
            0, 0.000% Params, 86.02 KMac, 0.003% MACs, 
            (avg): AvgPool1d(0, 0.000% Params, 86.02 KMac, 0.003% MACs, kernel_size=(25,), stride=(1,), padding=(0,))
          )
        )
        (decomp2): series_decomp(
          0, 0.000% Params, 86.02 KMac, 0.003% MACs, 
          (moving_avg): moving_avg(
            0, 0.000% Params, 86.02 KMac, 0.003% MACs, 
            (avg): AvgPool1d(0, 0.000% Params, 86.02 KMac, 0.003% MACs, kernel_size=(25,), stride=(1,), padding=(0,))
          )
        )
        (decomp3): series_decomp(
          0, 0.000% Params, 86.02 KMac, 0.003% MACs, 
          (moving_avg): moving_avg(
            0, 0.000% Params, 86.02 KMac, 0.003% MACs, 
            (avg): AvgPool1d(0, 0.000% Params, 86.02 KMac, 0.003% MACs, kernel_size=(25,), stride=(1,), padding=(0,))
          )
        )
        (dropout): Dropout(0, 0.000% Params, 0.0 Mac, 0.000% MACs, p=0.05, inplace=False)
        (projection): Conv1d(10.75 k, 0.041% Params, 1.55 MMac, 0.048% MACs, 512, 7, kernel_size=(3,), stride=(1,), padding=(1,), bias=False, padding_mode=circular)
      )
      (1): DecoderLayer(
        4.21 M, 15.998% Params, 580.62 MMac, 17.962% MACs, 
        (self_attention): AutoCorrelationLayer(
          1.05 M, 3.993% Params, 151.0 MMac, 4.671% MACs, 
          (inner_correlation): AutoCorrelation(
            0, 0.000% Params, 0.0 Mac, 0.000% MACs, 
            (dropout): Dropout(0, 0.000% Params, 0.0 Mac, 0.000% MACs, p=0.05, inplace=False)
          )
          (query_projection): Linear(262.66 k, 0.998% Params, 37.75 MMac, 1.168% MACs, in_features=512, out_features=512, bias=True)
          (key_projection): Linear(262.66 k, 0.998% Params, 37.75 MMac, 1.168% MACs, in_features=512, out_features=512, bias=True)
          (value_projection): Linear(262.66 k, 0.998% Params, 37.75 MMac, 1.168% MACs, in_features=512, out_features=512, bias=True)
          (out_projection): Linear(262.66 k, 0.998% Params, 37.75 MMac, 1.168% MACs, in_features=512, out_features=512, bias=True)
        )
        (cross_attention): AutoCorrelationLayer(
          1.05 M, 3.993% Params, 125.83 MMac, 3.893% MACs, 
          (inner_correlation): AutoCorrelation(
            0, 0.000% Params, 0.0 Mac, 0.000% MACs, 
            (dropout): Dropout(0, 0.000% Params, 0.0 Mac, 0.000% MACs, p=0.05, inplace=False)
          )
          (query_projection): Linear(262.66 k, 0.998% Params, 37.75 MMac, 1.168% MACs, in_features=512, out_features=512, bias=True)
          (key_projection): Linear(262.66 k, 0.998% Params, 25.17 MMac, 0.779% MACs, in_features=512, out_features=512, bias=True)
          (value_projection): Linear(262.66 k, 0.998% Params, 25.17 MMac, 0.779% MACs, in_features=512, out_features=512, bias=True)
          (out_projection): Linear(262.66 k, 0.998% Params, 37.75 MMac, 1.168% MACs, in_features=512, out_features=512, bias=True)
        )
        (conv1): Conv1d(1.05 M, 3.985% Params, 150.99 MMac, 4.671% MACs, 512, 2048, kernel_size=(1,), stride=(1,), bias=False)
        (conv2): Conv1d(1.05 M, 3.985% Params, 150.99 MMac, 4.671% MACs, 2048, 512, kernel_size=(1,), stride=(1,), bias=False)
        (decomp1): series_decomp(
          0, 0.000% Params, 86.02 KMac, 0.003% MACs, 
          (moving_avg): moving_avg(
            0, 0.000% Params, 86.02 KMac, 0.003% MACs, 
            (avg): AvgPool1d(0, 0.000% Params, 86.02 KMac, 0.003% MACs, kernel_size=(25,), stride=(1,), padding=(0,))
          )
        )
        (decomp2): series_decomp(
          0, 0.000% Params, 86.02 KMac, 0.003% MACs, 
          (moving_avg): moving_avg(
            0, 0.000% Params, 86.02 KMac, 0.003% MACs, 
            (avg): AvgPool1d(0, 0.000% Params, 86.02 KMac, 0.003% MACs, kernel_size=(25,), stride=(1,), padding=(0,))
          )
        )
        (decomp3): series_decomp(
          0, 0.000% Params, 86.02 KMac, 0.003% MACs, 
          (moving_avg): moving_avg(
            0, 0.000% Params, 86.02 KMac, 0.003% MACs, 
            (avg): AvgPool1d(0, 0.000% Params, 86.02 KMac, 0.003% MACs, kernel_size=(25,), stride=(1,), padding=(0,))
          )
        )
        (dropout): Dropout(0, 0.000% Params, 0.0 Mac, 0.000% MACs, p=0.05, inplace=False)
        (projection): Conv1d(10.75 k, 0.041% Params, 1.55 MMac, 0.048% MACs, 512, 7, kernel_size=(3,), stride=(1,), padding=(1,), bias=False, padding_mode=circular)
      )
      (2): DecoderLayer(
        4.21 M, 15.998% Params, 580.62 MMac, 17.962% MACs, 
        (self_attention): AutoCorrelationLayer(
          1.05 M, 3.993% Params, 151.0 MMac, 4.671% MACs, 
          (inner_correlation): AutoCorrelation(
            0, 0.000% Params, 0.0 Mac, 0.000% MACs, 
            (dropout): Dropout(0, 0.000% Params, 0.0 Mac, 0.000% MACs, p=0.05, inplace=False)
          )
          (query_projection): Linear(262.66 k, 0.998% Params, 37.75 MMac, 1.168% MACs, in_features=512, out_features=512, bias=True)
          (key_projection): Linear(262.66 k, 0.998% Params, 37.75 MMac, 1.168% MACs, in_features=512, out_features=512, bias=True)
          (value_projection): Linear(262.66 k, 0.998% Params, 37.75 MMac, 1.168% MACs, in_features=512, out_features=512, bias=True)
          (out_projection): Linear(262.66 k, 0.998% Params, 37.75 MMac, 1.168% MACs, in_features=512, out_features=512, bias=True)
        )
        (cross_attention): AutoCorrelationLayer(
          1.05 M, 3.993% Params, 125.83 MMac, 3.893% MACs, 
          (inner_correlation): AutoCorrelation(
            0, 0.000% Params, 0.0 Mac, 0.000% MACs, 
            (dropout): Dropout(0, 0.000% Params, 0.0 Mac, 0.000% MACs, p=0.05, inplace=False)
          )
          (query_projection): Linear(262.66 k, 0.998% Params, 37.75 MMac, 1.168% MACs, in_features=512, out_features=512, bias=True)
          (key_projection): Linear(262.66 k, 0.998% Params, 25.17 MMac, 0.779% MACs, in_features=512, out_features=512, bias=True)
          (value_projection): Linear(262.66 k, 0.998% Params, 25.17 MMac, 0.779% MACs, in_features=512, out_features=512, bias=True)
          (out_projection): Linear(262.66 k, 0.998% Params, 37.75 MMac, 1.168% MACs, in_features=512, out_features=512, bias=True)
        )
        (conv1): Conv1d(1.05 M, 3.985% Params, 150.99 MMac, 4.671% MACs, 512, 2048, kernel_size=(1,), stride=(1,), bias=False)
        (conv2): Conv1d(1.05 M, 3.985% Params, 150.99 MMac, 4.671% MACs, 2048, 512, kernel_size=(1,), stride=(1,), bias=False)
        (decomp1): series_decomp(
          0, 0.000% Params, 86.02 KMac, 0.003% MACs, 
          (moving_avg): moving_avg(
            0, 0.000% Params, 86.02 KMac, 0.003% MACs, 
            (avg): AvgPool1d(0, 0.000% Params, 86.02 KMac, 0.003% MACs, kernel_size=(25,), stride=(1,), padding=(0,))
          )
        )
        (decomp2): series_decomp(
          0, 0.000% Params, 86.02 KMac, 0.003% MACs, 
          (moving_avg): moving_avg(
            0, 0.000% Params, 86.02 KMac, 0.003% MACs, 
            (avg): AvgPool1d(0, 0.000% Params, 86.02 KMac, 0.003% MACs, kernel_size=(25,), stride=(1,), padding=(0,))
          )
        )
        (decomp3): series_decomp(
          0, 0.000% Params, 86.02 KMac, 0.003% MACs, 
          (moving_avg): moving_avg(
            0, 0.000% Params, 86.02 KMac, 0.003% MACs, 
            (avg): AvgPool1d(0, 0.000% Params, 86.02 KMac, 0.003% MACs, kernel_size=(25,), stride=(1,), padding=(0,))
          )
        )
        (dropout): Dropout(0, 0.000% Params, 0.0 Mac, 0.000% MACs, p=0.05, inplace=False)
        (projection): Conv1d(10.75 k, 0.041% Params, 1.55 MMac, 0.048% MACs, 512, 7, kernel_size=(3,), stride=(1,), padding=(1,), bias=False, padding_mode=circular)
      )
      (3): DecoderLayer(
        4.21 M, 15.998% Params, 580.62 MMac, 17.962% MACs, 
        (self_attention): AutoCorrelationLayer(
          1.05 M, 3.993% Params, 151.0 MMac, 4.671% MACs, 
          (inner_correlation): AutoCorrelation(
            0, 0.000% Params, 0.0 Mac, 0.000% MACs, 
            (dropout): Dropout(0, 0.000% Params, 0.0 Mac, 0.000% MACs, p=0.05, inplace=False)
          )
          (query_projection): Linear(262.66 k, 0.998% Params, 37.75 MMac, 1.168% MACs, in_features=512, out_features=512, bias=True)
          (key_projection): Linear(262.66 k, 0.998% Params, 37.75 MMac, 1.168% MACs, in_features=512, out_features=512, bias=True)
          (value_projection): Linear(262.66 k, 0.998% Params, 37.75 MMac, 1.168% MACs, in_features=512, out_features=512, bias=True)
          (out_projection): Linear(262.66 k, 0.998% Params, 37.75 MMac, 1.168% MACs, in_features=512, out_features=512, bias=True)
        )
        (cross_attention): AutoCorrelationLayer(
          1.05 M, 3.993% Params, 125.83 MMac, 3.893% MACs, 
          (inner_correlation): AutoCorrelation(
            0, 0.000% Params, 0.0 Mac, 0.000% MACs, 
            (dropout): Dropout(0, 0.000% Params, 0.0 Mac, 0.000% MACs, p=0.05, inplace=False)
          )
          (query_projection): Linear(262.66 k, 0.998% Params, 37.75 MMac, 1.168% MACs, in_features=512, out_features=512, bias=True)
          (key_projection): Linear(262.66 k, 0.998% Params, 25.17 MMac, 0.779% MACs, in_features=512, out_features=512, bias=True)
          (value_projection): Linear(262.66 k, 0.998% Params, 25.17 MMac, 0.779% MACs, in_features=512, out_features=512, bias=True)
          (out_projection): Linear(262.66 k, 0.998% Params, 37.75 MMac, 1.168% MACs, in_features=512, out_features=512, bias=True)
        )
        (conv1): Conv1d(1.05 M, 3.985% Params, 150.99 MMac, 4.671% MACs, 512, 2048, kernel_size=(1,), stride=(1,), bias=False)
        (conv2): Conv1d(1.05 M, 3.985% Params, 150.99 MMac, 4.671% MACs, 2048, 512, kernel_size=(1,), stride=(1,), bias=False)
        (decomp1): series_decomp(
          0, 0.000% Params, 86.02 KMac, 0.003% MACs, 
          (moving_avg): moving_avg(
            0, 0.000% Params, 86.02 KMac, 0.003% MACs, 
            (avg): AvgPool1d(0, 0.000% Params, 86.02 KMac, 0.003% MACs, kernel_size=(25,), stride=(1,), padding=(0,))
          )
        )
        (decomp2): series_decomp(
          0, 0.000% Params, 86.02 KMac, 0.003% MACs, 
          (moving_avg): moving_avg(
            0, 0.000% Params, 86.02 KMac, 0.003% MACs, 
            (avg): AvgPool1d(0, 0.000% Params, 86.02 KMac, 0.003% MACs, kernel_size=(25,), stride=(1,), padding=(0,))
          )
        )
        (decomp3): series_decomp(
          0, 0.000% Params, 86.02 KMac, 0.003% MACs, 
          (moving_avg): moving_avg(
            0, 0.000% Params, 86.02 KMac, 0.003% MACs, 
            (avg): AvgPool1d(0, 0.000% Params, 86.02 KMac, 0.003% MACs, kernel_size=(25,), stride=(1,), padding=(0,))
          )
        )
        (dropout): Dropout(0, 0.000% Params, 0.0 Mac, 0.000% MACs, p=0.05, inplace=False)
        (projection): Conv1d(10.75 k, 0.041% Params, 1.55 MMac, 0.048% MACs, 512, 7, kernel_size=(3,), stride=(1,), padding=(1,), bias=False, padding_mode=circular)
      )
    )
    (norm): my_Layernorm(
      0, 0.000% Params, 0.0 Mac, 0.000% MACs, 
      (layernorm): LayerNorm(0, 0.000% Params, 0.0 Mac, 0.000% MACs, (512,), eps=1e-05, elementwise_affine=True)
    )
    (projection): Linear(3.59 k, 0.014% Params, 516.1 KMac, 0.016% MACs, in_features=512, out_features=7, bias=True)
  )
)
Computational complexity:       3.23 GMac
Number of parameters:           26.31 M 
