Args in experiment:
Namespace(is_training=1, model_id='ETTh1_96_96', model='Autoformer', data='ETTh1', root_path='./dataset/', data_path='ETTh1.csv', features='M', target='OT', freq='h', checkpoints='./checkpoints/', seq_len=96, label_len=48, pred_len=96, individual=False, embed_type=0, enc_in=7, dec_in=7, c_out=7, d_model=512, n_heads=8, e_layers=2, d_layers=2, d_ff=2048, moving_avg=25, factor=3, distil=True, dropout=0.05, embed='timeF', activation='gelu', output_attention=False, do_predict=False, num_workers=10, itr=1, train_epochs=10, batch_size=32, patience=3, learning_rate=0.0001, des='Exp', loss='mse', lradj='type1', use_amp=False, use_gpu=True, gpu=2, use_multi_gpu=False, devices='0,1,2,3', test_flop=True)
Use GPU: cuda:2
>>>>>>>start training : ETTh1_96_96_Autoformer_ETTh1_ftM_sl96_ll48_pl96_dm512_nh8_el2_dl2_df2048_fc3_ebtimeF_dtTrue_Exp_0>>>>>>>>>>>>>>>>>>>>>>>>>>
train 8449
val 2785
test 2785
Epoch: 1 cost time: 27.103188037872314
Epoch: 1, Steps: 264 | Train Loss: 0.3910586 Vali Loss: 0.8425775 Test Loss: 0.4522616
Validation loss decreased (inf --> 0.842577).  Saving model ...
Updating learning rate to 0.0001
Epoch: 2 cost time: 23.180694103240967
Epoch: 2, Steps: 264 | Train Loss: 0.3252325 Vali Loss: 0.8997864 Test Loss: 0.4793312
EarlyStopping counter: 1 out of 3
Updating learning rate to 5e-05
Epoch: 3 cost time: 23.316341876983643
Epoch: 3, Steps: 264 | Train Loss: 0.2699387 Vali Loss: 0.9020019 Test Loss: 0.4849621
EarlyStopping counter: 2 out of 3
Updating learning rate to 2.5e-05
Epoch: 4 cost time: 23.284881830215454
Epoch: 4, Steps: 264 | Train Loss: 0.2378249 Vali Loss: 0.9484439 Test Loss: 0.5063046
EarlyStopping counter: 3 out of 3
Early stopping
>>>>>>>testing : ETTh1_96_96_Autoformer_ETTh1_ftM_sl96_ll48_pl96_dm512_nh8_el2_dl2_df2048_fc3_ebtimeF_dtTrue_Exp_0<<<<<<<<<<<<<<<<<<<<<<<<<<<<<<<<<
test 2785
mse:0.45226171612739563, mae:0.4563359022140503
INFO: Trainable parameter count: 0.01M
INFO: Trainable parameter count: 0.01M
INFO: Trainable parameter count: 0.02M
INFO: Trainable parameter count: 0.03M
INFO: Trainable parameter count: 0.29M
INFO: Trainable parameter count: 0.29M
INFO: Trainable parameter count: 0.55M
INFO: Trainable parameter count: 0.55M
INFO: Trainable parameter count: 0.81M
INFO: Trainable parameter count: 0.81M
INFO: Trainable parameter count: 1.08M
INFO: Trainable parameter count: 1.08M
INFO: Trainable parameter count: 2.12M
INFO: Trainable parameter count: 3.17M
INFO: Trainable parameter count: 3.44M
INFO: Trainable parameter count: 3.44M
INFO: Trainable parameter count: 3.70M
INFO: Trainable parameter count: 3.70M
INFO: Trainable parameter count: 3.96M
INFO: Trainable parameter count: 3.96M
INFO: Trainable parameter count: 4.22M
INFO: Trainable parameter count: 4.22M
INFO: Trainable parameter count: 5.27M
INFO: Trainable parameter count: 6.32M
INFO: Trainable parameter count: 6.32M
INFO: Trainable parameter count: 6.32M
INFO: Trainable parameter count: 6.58M
INFO: Trainable parameter count: 6.58M
INFO: Trainable parameter count: 6.85M
INFO: Trainable parameter count: 6.85M
INFO: Trainable parameter count: 7.11M
INFO: Trainable parameter count: 7.11M
INFO: Trainable parameter count: 7.37M
INFO: Trainable parameter count: 7.37M
INFO: Trainable parameter count: 7.63M
INFO: Trainable parameter count: 7.64M
INFO: Trainable parameter count: 7.90M
INFO: Trainable parameter count: 7.90M
INFO: Trainable parameter count: 8.16M
INFO: Trainable parameter count: 8.16M
INFO: Trainable parameter count: 8.42M
INFO: Trainable parameter count: 8.42M
INFO: Trainable parameter count: 9.47M
INFO: Trainable parameter count: 10.52M
INFO: Trainable parameter count: 10.53M
INFO: Trainable parameter count: 10.79M
INFO: Trainable parameter count: 10.79M
INFO: Trainable parameter count: 11.06M
INFO: Trainable parameter count: 11.06M
INFO: Trainable parameter count: 11.32M
INFO: Trainable parameter count: 11.32M
INFO: Trainable parameter count: 11.58M
INFO: Trainable parameter count: 11.58M
INFO: Trainable parameter count: 11.84M
INFO: Trainable parameter count: 11.84M
INFO: Trainable parameter count: 12.11M
INFO: Trainable parameter count: 12.11M
INFO: Trainable parameter count: 12.37M
INFO: Trainable parameter count: 12.37M
INFO: Trainable parameter count: 12.63M
INFO: Trainable parameter count: 12.63M
INFO: Trainable parameter count: 13.68M
INFO: Trainable parameter count: 14.73M
INFO: Trainable parameter count: 14.74M
INFO: Trainable parameter count: 14.74M
INFO: Trainable parameter count: 14.74M
INFO: Trainable parameter count: 14.75M
INFO: Trainable parameter count: 14.75M
Model(
  14.74 M, 99.986% Params, 1.77 GMac, 100.000% MACs, 
  (decomp): series_decomp(
    0, 0.000% Params, 840.0 Mac, 0.000% MACs, 
    (moving_avg): moving_avg(
      0, 0.000% Params, 840.0 Mac, 0.000% MACs, 
      (avg): AvgPool1d(0, 0.000% Params, 840.0 Mac, 0.000% MACs, kernel_size=(25,), stride=(1,), padding=(0,))
    )
  )
  (enc_embedding): DataEmbedding_wo_pos(
    12.8 k, 0.087% Params, 1.23 MMac, 0.069% MACs, 
    (value_embedding): TokenEmbedding(
      10.75 k, 0.073% Params, 1.03 MMac, 0.058% MACs, 
      (tokenConv): Conv1d(10.75 k, 0.073% Params, 1.03 MMac, 0.058% MACs, 7, 512, kernel_size=(3,), stride=(1,), padding=(1,), bias=False, padding_mode=circular)
    )
    (position_embedding): PositionalEmbedding(0, 0.000% Params, 0.0 Mac, 0.000% MACs, )
    (temporal_embedding): TimeFeatureEmbedding(
      2.05 k, 0.014% Params, 196.61 KMac, 0.011% MACs, 
      (embed): Linear(2.05 k, 0.014% Params, 196.61 KMac, 0.011% MACs, in_features=4, out_features=512, bias=False)
    )
    (dropout): Dropout(0, 0.000% Params, 0.0 Mac, 0.000% MACs, p=0.05, inplace=False)
  )
  (dec_embedding): DataEmbedding_wo_pos(
    12.8 k, 0.087% Params, 1.84 MMac, 0.104% MACs, 
    (value_embedding): TokenEmbedding(
      10.75 k, 0.073% Params, 1.55 MMac, 0.088% MACs, 
      (tokenConv): Conv1d(10.75 k, 0.073% Params, 1.55 MMac, 0.088% MACs, 7, 512, kernel_size=(3,), stride=(1,), padding=(1,), bias=False, padding_mode=circular)
    )
    (position_embedding): PositionalEmbedding(0, 0.000% Params, 0.0 Mac, 0.000% MACs, )
    (temporal_embedding): TimeFeatureEmbedding(
      2.05 k, 0.014% Params, 294.91 KMac, 0.017% MACs, 
      (embed): Linear(2.05 k, 0.014% Params, 294.91 KMac, 0.017% MACs, in_features=4, out_features=512, bias=False)
    )
    (dropout): Dropout(0, 0.000% Params, 0.0 Mac, 0.000% MACs, p=0.05, inplace=False)
  )
  (encoder): Encoder(
    6.3 M, 42.696% Params, 604.23 MMac, 34.155% MACs, 
    (attn_layers): ModuleList(
      6.3 M, 42.696% Params, 604.23 MMac, 34.155% MACs, 
      (0): EncoderLayer(
        3.15 M, 21.348% Params, 302.11 MMac, 17.078% MACs, 
        (attention): AutoCorrelationLayer(
          1.05 M, 7.125% Params, 100.67 MMac, 5.690% MACs, 
          (inner_correlation): AutoCorrelation(
            0, 0.000% Params, 0.0 Mac, 0.000% MACs, 
            (dropout): Dropout(0, 0.000% Params, 0.0 Mac, 0.000% MACs, p=0.05, inplace=False)
          )
          (query_projection): Linear(262.66 k, 1.781% Params, 25.17 MMac, 1.423% MACs, in_features=512, out_features=512, bias=True)
          (key_projection): Linear(262.66 k, 1.781% Params, 25.17 MMac, 1.423% MACs, in_features=512, out_features=512, bias=True)
          (value_projection): Linear(262.66 k, 1.781% Params, 25.17 MMac, 1.423% MACs, in_features=512, out_features=512, bias=True)
          (out_projection): Linear(262.66 k, 1.781% Params, 25.17 MMac, 1.423% MACs, in_features=512, out_features=512, bias=True)
        )
        (conv1): Conv1d(1.05 M, 7.111% Params, 100.66 MMac, 5.690% MACs, 512, 2048, kernel_size=(1,), stride=(1,), bias=False)
        (conv2): Conv1d(1.05 M, 7.111% Params, 100.66 MMac, 5.690% MACs, 2048, 512, kernel_size=(1,), stride=(1,), bias=False)
        (decomp1): series_decomp(
          0, 0.000% Params, 61.44 KMac, 0.003% MACs, 
          (moving_avg): moving_avg(
            0, 0.000% Params, 61.44 KMac, 0.003% MACs, 
            (avg): AvgPool1d(0, 0.000% Params, 61.44 KMac, 0.003% MACs, kernel_size=(25,), stride=(1,), padding=(0,))
          )
        )
        (decomp2): series_decomp(
          0, 0.000% Params, 61.44 KMac, 0.003% MACs, 
          (moving_avg): moving_avg(
            0, 0.000% Params, 61.44 KMac, 0.003% MACs, 
            (avg): AvgPool1d(0, 0.000% Params, 61.44 KMac, 0.003% MACs, kernel_size=(25,), stride=(1,), padding=(0,))
          )
        )
        (dropout): Dropout(0, 0.000% Params, 0.0 Mac, 0.000% MACs, p=0.05, inplace=False)
      )
      (1): EncoderLayer(
        3.15 M, 21.348% Params, 302.11 MMac, 17.078% MACs, 
        (attention): AutoCorrelationLayer(
          1.05 M, 7.125% Params, 100.67 MMac, 5.690% MACs, 
          (inner_correlation): AutoCorrelation(
            0, 0.000% Params, 0.0 Mac, 0.000% MACs, 
            (dropout): Dropout(0, 0.000% Params, 0.0 Mac, 0.000% MACs, p=0.05, inplace=False)
          )
          (query_projection): Linear(262.66 k, 1.781% Params, 25.17 MMac, 1.423% MACs, in_features=512, out_features=512, bias=True)
          (key_projection): Linear(262.66 k, 1.781% Params, 25.17 MMac, 1.423% MACs, in_features=512, out_features=512, bias=True)
          (value_projection): Linear(262.66 k, 1.781% Params, 25.17 MMac, 1.423% MACs, in_features=512, out_features=512, bias=True)
          (out_projection): Linear(262.66 k, 1.781% Params, 25.17 MMac, 1.423% MACs, in_features=512, out_features=512, bias=True)
        )
        (conv1): Conv1d(1.05 M, 7.111% Params, 100.66 MMac, 5.690% MACs, 512, 2048, kernel_size=(1,), stride=(1,), bias=False)
        (conv2): Conv1d(1.05 M, 7.111% Params, 100.66 MMac, 5.690% MACs, 2048, 512, kernel_size=(1,), stride=(1,), bias=False)
        (decomp1): series_decomp(
          0, 0.000% Params, 61.44 KMac, 0.003% MACs, 
          (moving_avg): moving_avg(
            0, 0.000% Params, 61.44 KMac, 0.003% MACs, 
            (avg): AvgPool1d(0, 0.000% Params, 61.44 KMac, 0.003% MACs, kernel_size=(25,), stride=(1,), padding=(0,))
          )
        )
        (decomp2): series_decomp(
          0, 0.000% Params, 61.44 KMac, 0.003% MACs, 
          (moving_avg): moving_avg(
            0, 0.000% Params, 61.44 KMac, 0.003% MACs, 
            (avg): AvgPool1d(0, 0.000% Params, 61.44 KMac, 0.003% MACs, kernel_size=(25,), stride=(1,), padding=(0,))
          )
        )
        (dropout): Dropout(0, 0.000% Params, 0.0 Mac, 0.000% MACs, p=0.05, inplace=False)
      )
    )
    (norm): my_Layernorm(
      0, 0.000% Params, 0.0 Mac, 0.000% MACs, 
      (layernorm): LayerNorm(0, 0.000% Params, 0.0 Mac, 0.000% MACs, (512,), eps=1e-05, elementwise_affine=True)
    )
  )
  (decoder): Decoder(
    8.42 M, 57.117% Params, 1.16 GMac, 65.671% MACs, 
    (layers): ModuleList(
      8.42 M, 57.092% Params, 1.16 GMac, 65.642% MACs, 
      (0): DecoderLayer(
        4.21 M, 28.546% Params, 580.62 MMac, 32.821% MACs, 
        (self_attention): AutoCorrelationLayer(
          1.05 M, 7.125% Params, 151.0 MMac, 8.535% MACs, 
          (inner_correlation): AutoCorrelation(
            0, 0.000% Params, 0.0 Mac, 0.000% MACs, 
            (dropout): Dropout(0, 0.000% Params, 0.0 Mac, 0.000% MACs, p=0.05, inplace=False)
          )
          (query_projection): Linear(262.66 k, 1.781% Params, 37.75 MMac, 2.134% MACs, in_features=512, out_features=512, bias=True)
          (key_projection): Linear(262.66 k, 1.781% Params, 37.75 MMac, 2.134% MACs, in_features=512, out_features=512, bias=True)
          (value_projection): Linear(262.66 k, 1.781% Params, 37.75 MMac, 2.134% MACs, in_features=512, out_features=512, bias=True)
          (out_projection): Linear(262.66 k, 1.781% Params, 37.75 MMac, 2.134% MACs, in_features=512, out_features=512, bias=True)
        )
        (cross_attention): AutoCorrelationLayer(
          1.05 M, 7.125% Params, 125.83 MMac, 7.113% MACs, 
          (inner_correlation): AutoCorrelation(
            0, 0.000% Params, 0.0 Mac, 0.000% MACs, 
            (dropout): Dropout(0, 0.000% Params, 0.0 Mac, 0.000% MACs, p=0.05, inplace=False)
          )
          (query_projection): Linear(262.66 k, 1.781% Params, 37.75 MMac, 2.134% MACs, in_features=512, out_features=512, bias=True)
          (key_projection): Linear(262.66 k, 1.781% Params, 25.17 MMac, 1.423% MACs, in_features=512, out_features=512, bias=True)
          (value_projection): Linear(262.66 k, 1.781% Params, 25.17 MMac, 1.423% MACs, in_features=512, out_features=512, bias=True)
          (out_projection): Linear(262.66 k, 1.781% Params, 37.75 MMac, 2.134% MACs, in_features=512, out_features=512, bias=True)
        )
        (conv1): Conv1d(1.05 M, 7.111% Params, 150.99 MMac, 8.535% MACs, 512, 2048, kernel_size=(1,), stride=(1,), bias=False)
        (conv2): Conv1d(1.05 M, 7.111% Params, 150.99 MMac, 8.535% MACs, 2048, 512, kernel_size=(1,), stride=(1,), bias=False)
        (decomp1): series_decomp(
          0, 0.000% Params, 86.02 KMac, 0.005% MACs, 
          (moving_avg): moving_avg(
            0, 0.000% Params, 86.02 KMac, 0.005% MACs, 
            (avg): AvgPool1d(0, 0.000% Params, 86.02 KMac, 0.005% MACs, kernel_size=(25,), stride=(1,), padding=(0,))
          )
        )
        (decomp2): series_decomp(
          0, 0.000% Params, 86.02 KMac, 0.005% MACs, 
          (moving_avg): moving_avg(
            0, 0.000% Params, 86.02 KMac, 0.005% MACs, 
            (avg): AvgPool1d(0, 0.000% Params, 86.02 KMac, 0.005% MACs, kernel_size=(25,), stride=(1,), padding=(0,))
          )
        )
        (decomp3): series_decomp(
          0, 0.000% Params, 86.02 KMac, 0.005% MACs, 
          (moving_avg): moving_avg(
            0, 0.000% Params, 86.02 KMac, 0.005% MACs, 
            (avg): AvgPool1d(0, 0.000% Params, 86.02 KMac, 0.005% MACs, kernel_size=(25,), stride=(1,), padding=(0,))
          )
        )
        (dropout): Dropout(0, 0.000% Params, 0.0 Mac, 0.000% MACs, p=0.05, inplace=False)
        (projection): Conv1d(10.75 k, 0.073% Params, 1.55 MMac, 0.088% MACs, 512, 7, kernel_size=(3,), stride=(1,), padding=(1,), bias=False, padding_mode=circular)
      )
      (1): DecoderLayer(
        4.21 M, 28.546% Params, 580.62 MMac, 32.821% MACs, 
        (self_attention): AutoCorrelationLayer(
          1.05 M, 7.125% Params, 151.0 MMac, 8.535% MACs, 
          (inner_correlation): AutoCorrelation(
            0, 0.000% Params, 0.0 Mac, 0.000% MACs, 
            (dropout): Dropout(0, 0.000% Params, 0.0 Mac, 0.000% MACs, p=0.05, inplace=False)
          )
          (query_projection): Linear(262.66 k, 1.781% Params, 37.75 MMac, 2.134% MACs, in_features=512, out_features=512, bias=True)
          (key_projection): Linear(262.66 k, 1.781% Params, 37.75 MMac, 2.134% MACs, in_features=512, out_features=512, bias=True)
          (value_projection): Linear(262.66 k, 1.781% Params, 37.75 MMac, 2.134% MACs, in_features=512, out_features=512, bias=True)
          (out_projection): Linear(262.66 k, 1.781% Params, 37.75 MMac, 2.134% MACs, in_features=512, out_features=512, bias=True)
        )
        (cross_attention): AutoCorrelationLayer(
          1.05 M, 7.125% Params, 125.83 MMac, 7.113% MACs, 
          (inner_correlation): AutoCorrelation(
            0, 0.000% Params, 0.0 Mac, 0.000% MACs, 
            (dropout): Dropout(0, 0.000% Params, 0.0 Mac, 0.000% MACs, p=0.05, inplace=False)
          )
          (query_projection): Linear(262.66 k, 1.781% Params, 37.75 MMac, 2.134% MACs, in_features=512, out_features=512, bias=True)
          (key_projection): Linear(262.66 k, 1.781% Params, 25.17 MMac, 1.423% MACs, in_features=512, out_features=512, bias=True)
          (value_projection): Linear(262.66 k, 1.781% Params, 25.17 MMac, 1.423% MACs, in_features=512, out_features=512, bias=True)
          (out_projection): Linear(262.66 k, 1.781% Params, 37.75 MMac, 2.134% MACs, in_features=512, out_features=512, bias=True)
        )
        (conv1): Conv1d(1.05 M, 7.111% Params, 150.99 MMac, 8.535% MACs, 512, 2048, kernel_size=(1,), stride=(1,), bias=False)
        (conv2): Conv1d(1.05 M, 7.111% Params, 150.99 MMac, 8.535% MACs, 2048, 512, kernel_size=(1,), stride=(1,), bias=False)
        (decomp1): series_decomp(
          0, 0.000% Params, 86.02 KMac, 0.005% MACs, 
          (moving_avg): moving_avg(
            0, 0.000% Params, 86.02 KMac, 0.005% MACs, 
            (avg): AvgPool1d(0, 0.000% Params, 86.02 KMac, 0.005% MACs, kernel_size=(25,), stride=(1,), padding=(0,))
          )
        )
        (decomp2): series_decomp(
          0, 0.000% Params, 86.02 KMac, 0.005% MACs, 
          (moving_avg): moving_avg(
            0, 0.000% Params, 86.02 KMac, 0.005% MACs, 
            (avg): AvgPool1d(0, 0.000% Params, 86.02 KMac, 0.005% MACs, kernel_size=(25,), stride=(1,), padding=(0,))
          )
        )
        (decomp3): series_decomp(
          0, 0.000% Params, 86.02 KMac, 0.005% MACs, 
          (moving_avg): moving_avg(
            0, 0.000% Params, 86.02 KMac, 0.005% MACs, 
            (avg): AvgPool1d(0, 0.000% Params, 86.02 KMac, 0.005% MACs, kernel_size=(25,), stride=(1,), padding=(0,))
          )
        )
        (dropout): Dropout(0, 0.000% Params, 0.0 Mac, 0.000% MACs, p=0.05, inplace=False)
        (projection): Conv1d(10.75 k, 0.073% Params, 1.55 MMac, 0.088% MACs, 512, 7, kernel_size=(3,), stride=(1,), padding=(1,), bias=False, padding_mode=circular)
      )
    )
    (norm): my_Layernorm(
      0, 0.000% Params, 0.0 Mac, 0.000% MACs, 
      (layernorm): LayerNorm(0, 0.000% Params, 0.0 Mac, 0.000% MACs, (512,), eps=1e-05, elementwise_affine=True)
    )
    (projection): Linear(3.59 k, 0.024% Params, 516.1 KMac, 0.029% MACs, in_features=512, out_features=7, bias=True)
  )
)
Computational complexity:       1.77 GMac
Number of parameters:           14.75 M 
