Args in experiment:
Namespace(is_training=1, model_id='ETTh1_96_96', model='Autoformer', data='ETTh1', root_path='./dataset/', data_path='ETTh1.csv', features='M', target='OT', freq='h', checkpoints='./checkpoints/', seq_len=96, label_len=48, pred_len=96, individual=False, embed_type=0, enc_in=7, dec_in=7, c_out=7, d_model=512, n_heads=8, e_layers=2, d_layers=4, d_ff=2048, moving_avg=25, factor=3, distil=True, dropout=0.05, embed='timeF', activation='gelu', output_attention=False, do_predict=False, num_workers=10, itr=1, train_epochs=10, batch_size=32, patience=3, learning_rate=0.0001, des='Exp', loss='mse', lradj='type1', use_amp=False, use_gpu=True, gpu=2, use_multi_gpu=False, devices='0,1,2,3', test_flop=True)
Use GPU: cuda:2
>>>>>>>start training : ETTh1_96_96_Autoformer_ETTh1_ftM_sl96_ll48_pl96_dm512_nh8_el2_dl4_df2048_fc3_ebtimeF_dtTrue_Exp_0>>>>>>>>>>>>>>>>>>>>>>>>>>
train 8449
val 2785
test 2785
Epoch: 1 cost time: 42.001689434051514
Epoch: 1, Steps: 264 | Train Loss: 0.3751511 Vali Loss: 0.9091457 Test Loss: 0.4869859
Validation loss decreased (inf --> 0.909146).  Saving model ...
Updating learning rate to 0.0001
Epoch: 2 cost time: 37.730363607406616
Epoch: 2, Steps: 264 | Train Loss: 0.2547000 Vali Loss: 0.9529164 Test Loss: 0.5198284
EarlyStopping counter: 1 out of 3
Updating learning rate to 5e-05
Epoch: 3 cost time: 37.86907696723938
Epoch: 3, Steps: 264 | Train Loss: 0.1825185 Vali Loss: 0.9712638 Test Loss: 0.5539643
EarlyStopping counter: 2 out of 3
Updating learning rate to 2.5e-05
Epoch: 4 cost time: 37.70866417884827
Epoch: 4, Steps: 264 | Train Loss: 0.1546499 Vali Loss: 0.9777915 Test Loss: 0.5562410
EarlyStopping counter: 3 out of 3
Early stopping
>>>>>>>testing : ETTh1_96_96_Autoformer_ETTh1_ftM_sl96_ll48_pl96_dm512_nh8_el2_dl4_df2048_fc3_ebtimeF_dtTrue_Exp_0<<<<<<<<<<<<<<<<<<<<<<<<<<<<<<<<<
test 2785
mse:0.4869859218597412, mae:0.4748256206512451
INFO: Trainable parameter count: 0.01M
INFO: Trainable parameter count: 0.01M
INFO: Trainable parameter count: 0.02M
INFO: Trainable parameter count: 0.03M
INFO: Trainable parameter count: 0.29M
INFO: Trainable parameter count: 0.29M
INFO: Trainable parameter count: 0.55M
INFO: Trainable parameter count: 0.55M
INFO: Trainable parameter count: 0.81M
INFO: Trainable parameter count: 0.81M
INFO: Trainable parameter count: 1.08M
INFO: Trainable parameter count: 1.08M
INFO: Trainable parameter count: 2.12M
INFO: Trainable parameter count: 3.17M
INFO: Trainable parameter count: 3.44M
INFO: Trainable parameter count: 3.44M
INFO: Trainable parameter count: 3.70M
INFO: Trainable parameter count: 3.70M
INFO: Trainable parameter count: 3.96M
INFO: Trainable parameter count: 3.96M
INFO: Trainable parameter count: 4.22M
INFO: Trainable parameter count: 4.22M
INFO: Trainable parameter count: 5.27M
INFO: Trainable parameter count: 6.32M
INFO: Trainable parameter count: 6.32M
INFO: Trainable parameter count: 6.32M
INFO: Trainable parameter count: 6.58M
INFO: Trainable parameter count: 6.58M
INFO: Trainable parameter count: 6.85M
INFO: Trainable parameter count: 6.85M
INFO: Trainable parameter count: 7.11M
INFO: Trainable parameter count: 7.11M
INFO: Trainable parameter count: 7.37M
INFO: Trainable parameter count: 7.37M
INFO: Trainable parameter count: 7.63M
INFO: Trainable parameter count: 7.64M
INFO: Trainable parameter count: 7.90M
INFO: Trainable parameter count: 7.90M
INFO: Trainable parameter count: 8.16M
INFO: Trainable parameter count: 8.16M
INFO: Trainable parameter count: 8.42M
INFO: Trainable parameter count: 8.42M
INFO: Trainable parameter count: 9.47M
INFO: Trainable parameter count: 10.52M
INFO: Trainable parameter count: 10.53M
INFO: Trainable parameter count: 10.79M
INFO: Trainable parameter count: 10.79M
INFO: Trainable parameter count: 11.06M
INFO: Trainable parameter count: 11.06M
INFO: Trainable parameter count: 11.32M
INFO: Trainable parameter count: 11.32M
INFO: Trainable parameter count: 11.58M
INFO: Trainable parameter count: 11.58M
INFO: Trainable parameter count: 11.84M
INFO: Trainable parameter count: 11.84M
INFO: Trainable parameter count: 12.11M
INFO: Trainable parameter count: 12.11M
INFO: Trainable parameter count: 12.37M
INFO: Trainable parameter count: 12.37M
INFO: Trainable parameter count: 12.63M
INFO: Trainable parameter count: 12.63M
INFO: Trainable parameter count: 13.68M
INFO: Trainable parameter count: 14.73M
INFO: Trainable parameter count: 14.74M
INFO: Trainable parameter count: 15.00M
INFO: Trainable parameter count: 15.00M
INFO: Trainable parameter count: 15.27M
INFO: Trainable parameter count: 15.27M
INFO: Trainable parameter count: 15.53M
INFO: Trainable parameter count: 15.53M
INFO: Trainable parameter count: 15.79M
INFO: Trainable parameter count: 15.79M
INFO: Trainable parameter count: 16.05M
INFO: Trainable parameter count: 16.05M
INFO: Trainable parameter count: 16.32M
INFO: Trainable parameter count: 16.32M
INFO: Trainable parameter count: 16.58M
INFO: Trainable parameter count: 16.58M
INFO: Trainable parameter count: 16.84M
INFO: Trainable parameter count: 16.84M
INFO: Trainable parameter count: 17.89M
INFO: Trainable parameter count: 18.94M
INFO: Trainable parameter count: 18.95M
INFO: Trainable parameter count: 19.21M
INFO: Trainable parameter count: 19.21M
INFO: Trainable parameter count: 19.47M
INFO: Trainable parameter count: 19.47M
INFO: Trainable parameter count: 19.74M
INFO: Trainable parameter count: 19.74M
INFO: Trainable parameter count: 20.00M
INFO: Trainable parameter count: 20.00M
INFO: Trainable parameter count: 20.26M
INFO: Trainable parameter count: 20.26M
INFO: Trainable parameter count: 20.53M
INFO: Trainable parameter count: 20.53M
INFO: Trainable parameter count: 20.79M
INFO: Trainable parameter count: 20.79M
INFO: Trainable parameter count: 21.05M
INFO: Trainable parameter count: 21.05M
INFO: Trainable parameter count: 22.10M
INFO: Trainable parameter count: 23.15M
INFO: Trainable parameter count: 23.16M
INFO: Trainable parameter count: 23.16M
INFO: Trainable parameter count: 23.16M
INFO: Trainable parameter count: 23.16M
INFO: Trainable parameter count: 23.16M
Model(
  23.16 M, 99.991% Params, 2.93 GMac, 100.000% MACs, 
  (decomp): series_decomp(
    0, 0.000% Params, 840.0 Mac, 0.000% MACs, 
    (moving_avg): moving_avg(
      0, 0.000% Params, 840.0 Mac, 0.000% MACs, 
      (avg): AvgPool1d(0, 0.000% Params, 840.0 Mac, 0.000% MACs, kernel_size=(25,), stride=(1,), padding=(0,))
    )
  )
  (enc_embedding): DataEmbedding_wo_pos(
    12.8 k, 0.055% Params, 1.23 MMac, 0.042% MACs, 
    (value_embedding): TokenEmbedding(
      10.75 k, 0.046% Params, 1.03 MMac, 0.035% MACs, 
      (tokenConv): Conv1d(10.75 k, 0.046% Params, 1.03 MMac, 0.035% MACs, 7, 512, kernel_size=(3,), stride=(1,), padding=(1,), bias=False, padding_mode=circular)
    )
    (position_embedding): PositionalEmbedding(0, 0.000% Params, 0.0 Mac, 0.000% MACs, )
    (temporal_embedding): TimeFeatureEmbedding(
      2.05 k, 0.009% Params, 196.61 KMac, 0.007% MACs, 
      (embed): Linear(2.05 k, 0.009% Params, 196.61 KMac, 0.007% MACs, in_features=4, out_features=512, bias=False)
    )
    (dropout): Dropout(0, 0.000% Params, 0.0 Mac, 0.000% MACs, p=0.05, inplace=False)
  )
  (dec_embedding): DataEmbedding_wo_pos(
    12.8 k, 0.055% Params, 1.84 MMac, 0.063% MACs, 
    (value_embedding): TokenEmbedding(
      10.75 k, 0.046% Params, 1.55 MMac, 0.053% MACs, 
      (tokenConv): Conv1d(10.75 k, 0.046% Params, 1.55 MMac, 0.053% MACs, 7, 512, kernel_size=(3,), stride=(1,), padding=(1,), bias=False, padding_mode=circular)
    )
    (position_embedding): PositionalEmbedding(0, 0.000% Params, 0.0 Mac, 0.000% MACs, )
    (temporal_embedding): TimeFeatureEmbedding(
      2.05 k, 0.009% Params, 294.91 KMac, 0.010% MACs, 
      (embed): Linear(2.05 k, 0.009% Params, 294.91 KMac, 0.010% MACs, in_features=4, out_features=512, bias=False)
    )
    (dropout): Dropout(0, 0.000% Params, 0.0 Mac, 0.000% MACs, p=0.05, inplace=False)
  )
  (encoder): Encoder(
    6.3 M, 27.179% Params, 604.23 MMac, 20.620% MACs, 
    (attn_layers): ModuleList(
      6.3 M, 27.179% Params, 604.23 MMac, 20.620% MACs, 
      (0): EncoderLayer(
        3.15 M, 13.589% Params, 302.11 MMac, 10.310% MACs, 
        (attention): AutoCorrelationLayer(
          1.05 M, 4.536% Params, 100.67 MMac, 3.435% MACs, 
          (inner_correlation): AutoCorrelation(
            0, 0.000% Params, 0.0 Mac, 0.000% MACs, 
            (dropout): Dropout(0, 0.000% Params, 0.0 Mac, 0.000% MACs, p=0.05, inplace=False)
          )
          (query_projection): Linear(262.66 k, 1.134% Params, 25.17 MMac, 0.859% MACs, in_features=512, out_features=512, bias=True)
          (key_projection): Linear(262.66 k, 1.134% Params, 25.17 MMac, 0.859% MACs, in_features=512, out_features=512, bias=True)
          (value_projection): Linear(262.66 k, 1.134% Params, 25.17 MMac, 0.859% MACs, in_features=512, out_features=512, bias=True)
          (out_projection): Linear(262.66 k, 1.134% Params, 25.17 MMac, 0.859% MACs, in_features=512, out_features=512, bias=True)
        )
        (conv1): Conv1d(1.05 M, 4.527% Params, 100.66 MMac, 3.435% MACs, 512, 2048, kernel_size=(1,), stride=(1,), bias=False)
        (conv2): Conv1d(1.05 M, 4.527% Params, 100.66 MMac, 3.435% MACs, 2048, 512, kernel_size=(1,), stride=(1,), bias=False)
        (decomp1): series_decomp(
          0, 0.000% Params, 61.44 KMac, 0.002% MACs, 
          (moving_avg): moving_avg(
            0, 0.000% Params, 61.44 KMac, 0.002% MACs, 
            (avg): AvgPool1d(0, 0.000% Params, 61.44 KMac, 0.002% MACs, kernel_size=(25,), stride=(1,), padding=(0,))
          )
        )
        (decomp2): series_decomp(
          0, 0.000% Params, 61.44 KMac, 0.002% MACs, 
          (moving_avg): moving_avg(
            0, 0.000% Params, 61.44 KMac, 0.002% MACs, 
            (avg): AvgPool1d(0, 0.000% Params, 61.44 KMac, 0.002% MACs, kernel_size=(25,), stride=(1,), padding=(0,))
          )
        )
        (dropout): Dropout(0, 0.000% Params, 0.0 Mac, 0.000% MACs, p=0.05, inplace=False)
      )
      (1): EncoderLayer(
        3.15 M, 13.589% Params, 302.11 MMac, 10.310% MACs, 
        (attention): AutoCorrelationLayer(
          1.05 M, 4.536% Params, 100.67 MMac, 3.435% MACs, 
          (inner_correlation): AutoCorrelation(
            0, 0.000% Params, 0.0 Mac, 0.000% MACs, 
            (dropout): Dropout(0, 0.000% Params, 0.0 Mac, 0.000% MACs, p=0.05, inplace=False)
          )
          (query_projection): Linear(262.66 k, 1.134% Params, 25.17 MMac, 0.859% MACs, in_features=512, out_features=512, bias=True)
          (key_projection): Linear(262.66 k, 1.134% Params, 25.17 MMac, 0.859% MACs, in_features=512, out_features=512, bias=True)
          (value_projection): Linear(262.66 k, 1.134% Params, 25.17 MMac, 0.859% MACs, in_features=512, out_features=512, bias=True)
          (out_projection): Linear(262.66 k, 1.134% Params, 25.17 MMac, 0.859% MACs, in_features=512, out_features=512, bias=True)
        )
        (conv1): Conv1d(1.05 M, 4.527% Params, 100.66 MMac, 3.435% MACs, 512, 2048, kernel_size=(1,), stride=(1,), bias=False)
        (conv2): Conv1d(1.05 M, 4.527% Params, 100.66 MMac, 3.435% MACs, 2048, 512, kernel_size=(1,), stride=(1,), bias=False)
        (decomp1): series_decomp(
          0, 0.000% Params, 61.44 KMac, 0.002% MACs, 
          (moving_avg): moving_avg(
            0, 0.000% Params, 61.44 KMac, 0.002% MACs, 
            (avg): AvgPool1d(0, 0.000% Params, 61.44 KMac, 0.002% MACs, kernel_size=(25,), stride=(1,), padding=(0,))
          )
        )
        (decomp2): series_decomp(
          0, 0.000% Params, 61.44 KMac, 0.002% MACs, 
          (moving_avg): moving_avg(
            0, 0.000% Params, 61.44 KMac, 0.002% MACs, 
            (avg): AvgPool1d(0, 0.000% Params, 61.44 KMac, 0.002% MACs, kernel_size=(25,), stride=(1,), padding=(0,))
          )
        )
        (dropout): Dropout(0, 0.000% Params, 0.0 Mac, 0.000% MACs, p=0.05, inplace=False)
      )
    )
    (norm): my_Layernorm(
      0, 0.000% Params, 0.0 Mac, 0.000% MACs, 
      (layernorm): LayerNorm(0, 0.000% Params, 0.0 Mac, 0.000% MACs, (512,), eps=1e-05, elementwise_affine=True)
    )
  )
  (decoder): Decoder(
    16.84 M, 72.702% Params, 2.32 GMac, 79.275% MACs, 
    (layers): ModuleList(
      16.84 M, 72.686% Params, 2.32 GMac, 79.258% MACs, 
      (0): DecoderLayer(
        4.21 M, 18.172% Params, 580.62 MMac, 19.814% MACs, 
        (self_attention): AutoCorrelationLayer(
          1.05 M, 4.536% Params, 151.0 MMac, 5.153% MACs, 
          (inner_correlation): AutoCorrelation(
            0, 0.000% Params, 0.0 Mac, 0.000% MACs, 
            (dropout): Dropout(0, 0.000% Params, 0.0 Mac, 0.000% MACs, p=0.05, inplace=False)
          )
          (query_projection): Linear(262.66 k, 1.134% Params, 37.75 MMac, 1.288% MACs, in_features=512, out_features=512, bias=True)
          (key_projection): Linear(262.66 k, 1.134% Params, 37.75 MMac, 1.288% MACs, in_features=512, out_features=512, bias=True)
          (value_projection): Linear(262.66 k, 1.134% Params, 37.75 MMac, 1.288% MACs, in_features=512, out_features=512, bias=True)
          (out_projection): Linear(262.66 k, 1.134% Params, 37.75 MMac, 1.288% MACs, in_features=512, out_features=512, bias=True)
        )
        (cross_attention): AutoCorrelationLayer(
          1.05 M, 4.536% Params, 125.83 MMac, 4.294% MACs, 
          (inner_correlation): AutoCorrelation(
            0, 0.000% Params, 0.0 Mac, 0.000% MACs, 
            (dropout): Dropout(0, 0.000% Params, 0.0 Mac, 0.000% MACs, p=0.05, inplace=False)
          )
          (query_projection): Linear(262.66 k, 1.134% Params, 37.75 MMac, 1.288% MACs, in_features=512, out_features=512, bias=True)
          (key_projection): Linear(262.66 k, 1.134% Params, 25.17 MMac, 0.859% MACs, in_features=512, out_features=512, bias=True)
          (value_projection): Linear(262.66 k, 1.134% Params, 25.17 MMac, 0.859% MACs, in_features=512, out_features=512, bias=True)
          (out_projection): Linear(262.66 k, 1.134% Params, 37.75 MMac, 1.288% MACs, in_features=512, out_features=512, bias=True)
        )
        (conv1): Conv1d(1.05 M, 4.527% Params, 150.99 MMac, 5.153% MACs, 512, 2048, kernel_size=(1,), stride=(1,), bias=False)
        (conv2): Conv1d(1.05 M, 4.527% Params, 150.99 MMac, 5.153% MACs, 2048, 512, kernel_size=(1,), stride=(1,), bias=False)
        (decomp1): series_decomp(
          0, 0.000% Params, 86.02 KMac, 0.003% MACs, 
          (moving_avg): moving_avg(
            0, 0.000% Params, 86.02 KMac, 0.003% MACs, 
            (avg): AvgPool1d(0, 0.000% Params, 86.02 KMac, 0.003% MACs, kernel_size=(25,), stride=(1,), padding=(0,))
          )
        )
        (decomp2): series_decomp(
          0, 0.000% Params, 86.02 KMac, 0.003% MACs, 
          (moving_avg): moving_avg(
            0, 0.000% Params, 86.02 KMac, 0.003% MACs, 
            (avg): AvgPool1d(0, 0.000% Params, 86.02 KMac, 0.003% MACs, kernel_size=(25,), stride=(1,), padding=(0,))
          )
        )
        (decomp3): series_decomp(
          0, 0.000% Params, 86.02 KMac, 0.003% MACs, 
          (moving_avg): moving_avg(
            0, 0.000% Params, 86.02 KMac, 0.003% MACs, 
            (avg): AvgPool1d(0, 0.000% Params, 86.02 KMac, 0.003% MACs, kernel_size=(25,), stride=(1,), padding=(0,))
          )
        )
        (dropout): Dropout(0, 0.000% Params, 0.0 Mac, 0.000% MACs, p=0.05, inplace=False)
        (projection): Conv1d(10.75 k, 0.046% Params, 1.55 MMac, 0.053% MACs, 512, 7, kernel_size=(3,), stride=(1,), padding=(1,), bias=False, padding_mode=circular)
      )
      (1): DecoderLayer(
        4.21 M, 18.172% Params, 580.62 MMac, 19.814% MACs, 
        (self_attention): AutoCorrelationLayer(
          1.05 M, 4.536% Params, 151.0 MMac, 5.153% MACs, 
          (inner_correlation): AutoCorrelation(
            0, 0.000% Params, 0.0 Mac, 0.000% MACs, 
            (dropout): Dropout(0, 0.000% Params, 0.0 Mac, 0.000% MACs, p=0.05, inplace=False)
          )
          (query_projection): Linear(262.66 k, 1.134% Params, 37.75 MMac, 1.288% MACs, in_features=512, out_features=512, bias=True)
          (key_projection): Linear(262.66 k, 1.134% Params, 37.75 MMac, 1.288% MACs, in_features=512, out_features=512, bias=True)
          (value_projection): Linear(262.66 k, 1.134% Params, 37.75 MMac, 1.288% MACs, in_features=512, out_features=512, bias=True)
          (out_projection): Linear(262.66 k, 1.134% Params, 37.75 MMac, 1.288% MACs, in_features=512, out_features=512, bias=True)
        )
        (cross_attention): AutoCorrelationLayer(
          1.05 M, 4.536% Params, 125.83 MMac, 4.294% MACs, 
          (inner_correlation): AutoCorrelation(
            0, 0.000% Params, 0.0 Mac, 0.000% MACs, 
            (dropout): Dropout(0, 0.000% Params, 0.0 Mac, 0.000% MACs, p=0.05, inplace=False)
          )
          (query_projection): Linear(262.66 k, 1.134% Params, 37.75 MMac, 1.288% MACs, in_features=512, out_features=512, bias=True)
          (key_projection): Linear(262.66 k, 1.134% Params, 25.17 MMac, 0.859% MACs, in_features=512, out_features=512, bias=True)
          (value_projection): Linear(262.66 k, 1.134% Params, 25.17 MMac, 0.859% MACs, in_features=512, out_features=512, bias=True)
          (out_projection): Linear(262.66 k, 1.134% Params, 37.75 MMac, 1.288% MACs, in_features=512, out_features=512, bias=True)
        )
        (conv1): Conv1d(1.05 M, 4.527% Params, 150.99 MMac, 5.153% MACs, 512, 2048, kernel_size=(1,), stride=(1,), bias=False)
        (conv2): Conv1d(1.05 M, 4.527% Params, 150.99 MMac, 5.153% MACs, 2048, 512, kernel_size=(1,), stride=(1,), bias=False)
        (decomp1): series_decomp(
          0, 0.000% Params, 86.02 KMac, 0.003% MACs, 
          (moving_avg): moving_avg(
            0, 0.000% Params, 86.02 KMac, 0.003% MACs, 
            (avg): AvgPool1d(0, 0.000% Params, 86.02 KMac, 0.003% MACs, kernel_size=(25,), stride=(1,), padding=(0,))
          )
        )
        (decomp2): series_decomp(
          0, 0.000% Params, 86.02 KMac, 0.003% MACs, 
          (moving_avg): moving_avg(
            0, 0.000% Params, 86.02 KMac, 0.003% MACs, 
            (avg): AvgPool1d(0, 0.000% Params, 86.02 KMac, 0.003% MACs, kernel_size=(25,), stride=(1,), padding=(0,))
          )
        )
        (decomp3): series_decomp(
          0, 0.000% Params, 86.02 KMac, 0.003% MACs, 
          (moving_avg): moving_avg(
            0, 0.000% Params, 86.02 KMac, 0.003% MACs, 
            (avg): AvgPool1d(0, 0.000% Params, 86.02 KMac, 0.003% MACs, kernel_size=(25,), stride=(1,), padding=(0,))
          )
        )
        (dropout): Dropout(0, 0.000% Params, 0.0 Mac, 0.000% MACs, p=0.05, inplace=False)
        (projection): Conv1d(10.75 k, 0.046% Params, 1.55 MMac, 0.053% MACs, 512, 7, kernel_size=(3,), stride=(1,), padding=(1,), bias=False, padding_mode=circular)
      )
      (2): DecoderLayer(
        4.21 M, 18.172% Params, 580.62 MMac, 19.814% MACs, 
        (self_attention): AutoCorrelationLayer(
          1.05 M, 4.536% Params, 151.0 MMac, 5.153% MACs, 
          (inner_correlation): AutoCorrelation(
            0, 0.000% Params, 0.0 Mac, 0.000% MACs, 
            (dropout): Dropout(0, 0.000% Params, 0.0 Mac, 0.000% MACs, p=0.05, inplace=False)
          )
          (query_projection): Linear(262.66 k, 1.134% Params, 37.75 MMac, 1.288% MACs, in_features=512, out_features=512, bias=True)
          (key_projection): Linear(262.66 k, 1.134% Params, 37.75 MMac, 1.288% MACs, in_features=512, out_features=512, bias=True)
          (value_projection): Linear(262.66 k, 1.134% Params, 37.75 MMac, 1.288% MACs, in_features=512, out_features=512, bias=True)
          (out_projection): Linear(262.66 k, 1.134% Params, 37.75 MMac, 1.288% MACs, in_features=512, out_features=512, bias=True)
        )
        (cross_attention): AutoCorrelationLayer(
          1.05 M, 4.536% Params, 125.83 MMac, 4.294% MACs, 
          (inner_correlation): AutoCorrelation(
            0, 0.000% Params, 0.0 Mac, 0.000% MACs, 
            (dropout): Dropout(0, 0.000% Params, 0.0 Mac, 0.000% MACs, p=0.05, inplace=False)
          )
          (query_projection): Linear(262.66 k, 1.134% Params, 37.75 MMac, 1.288% MACs, in_features=512, out_features=512, bias=True)
          (key_projection): Linear(262.66 k, 1.134% Params, 25.17 MMac, 0.859% MACs, in_features=512, out_features=512, bias=True)
          (value_projection): Linear(262.66 k, 1.134% Params, 25.17 MMac, 0.859% MACs, in_features=512, out_features=512, bias=True)
          (out_projection): Linear(262.66 k, 1.134% Params, 37.75 MMac, 1.288% MACs, in_features=512, out_features=512, bias=True)
        )
        (conv1): Conv1d(1.05 M, 4.527% Params, 150.99 MMac, 5.153% MACs, 512, 2048, kernel_size=(1,), stride=(1,), bias=False)
        (conv2): Conv1d(1.05 M, 4.527% Params, 150.99 MMac, 5.153% MACs, 2048, 512, kernel_size=(1,), stride=(1,), bias=False)
        (decomp1): series_decomp(
          0, 0.000% Params, 86.02 KMac, 0.003% MACs, 
          (moving_avg): moving_avg(
            0, 0.000% Params, 86.02 KMac, 0.003% MACs, 
            (avg): AvgPool1d(0, 0.000% Params, 86.02 KMac, 0.003% MACs, kernel_size=(25,), stride=(1,), padding=(0,))
          )
        )
        (decomp2): series_decomp(
          0, 0.000% Params, 86.02 KMac, 0.003% MACs, 
          (moving_avg): moving_avg(
            0, 0.000% Params, 86.02 KMac, 0.003% MACs, 
            (avg): AvgPool1d(0, 0.000% Params, 86.02 KMac, 0.003% MACs, kernel_size=(25,), stride=(1,), padding=(0,))
          )
        )
        (decomp3): series_decomp(
          0, 0.000% Params, 86.02 KMac, 0.003% MACs, 
          (moving_avg): moving_avg(
            0, 0.000% Params, 86.02 KMac, 0.003% MACs, 
            (avg): AvgPool1d(0, 0.000% Params, 86.02 KMac, 0.003% MACs, kernel_size=(25,), stride=(1,), padding=(0,))
          )
        )
        (dropout): Dropout(0, 0.000% Params, 0.0 Mac, 0.000% MACs, p=0.05, inplace=False)
        (projection): Conv1d(10.75 k, 0.046% Params, 1.55 MMac, 0.053% MACs, 512, 7, kernel_size=(3,), stride=(1,), padding=(1,), bias=False, padding_mode=circular)
      )
      (3): DecoderLayer(
        4.21 M, 18.172% Params, 580.62 MMac, 19.814% MACs, 
        (self_attention): AutoCorrelationLayer(
          1.05 M, 4.536% Params, 151.0 MMac, 5.153% MACs, 
          (inner_correlation): AutoCorrelation(
            0, 0.000% Params, 0.0 Mac, 0.000% MACs, 
            (dropout): Dropout(0, 0.000% Params, 0.0 Mac, 0.000% MACs, p=0.05, inplace=False)
          )
          (query_projection): Linear(262.66 k, 1.134% Params, 37.75 MMac, 1.288% MACs, in_features=512, out_features=512, bias=True)
          (key_projection): Linear(262.66 k, 1.134% Params, 37.75 MMac, 1.288% MACs, in_features=512, out_features=512, bias=True)
          (value_projection): Linear(262.66 k, 1.134% Params, 37.75 MMac, 1.288% MACs, in_features=512, out_features=512, bias=True)
          (out_projection): Linear(262.66 k, 1.134% Params, 37.75 MMac, 1.288% MACs, in_features=512, out_features=512, bias=True)
        )
        (cross_attention): AutoCorrelationLayer(
          1.05 M, 4.536% Params, 125.83 MMac, 4.294% MACs, 
          (inner_correlation): AutoCorrelation(
            0, 0.000% Params, 0.0 Mac, 0.000% MACs, 
            (dropout): Dropout(0, 0.000% Params, 0.0 Mac, 0.000% MACs, p=0.05, inplace=False)
          )
          (query_projection): Linear(262.66 k, 1.134% Params, 37.75 MMac, 1.288% MACs, in_features=512, out_features=512, bias=True)
          (key_projection): Linear(262.66 k, 1.134% Params, 25.17 MMac, 0.859% MACs, in_features=512, out_features=512, bias=True)
          (value_projection): Linear(262.66 k, 1.134% Params, 25.17 MMac, 0.859% MACs, in_features=512, out_features=512, bias=True)
          (out_projection): Linear(262.66 k, 1.134% Params, 37.75 MMac, 1.288% MACs, in_features=512, out_features=512, bias=True)
        )
        (conv1): Conv1d(1.05 M, 4.527% Params, 150.99 MMac, 5.153% MACs, 512, 2048, kernel_size=(1,), stride=(1,), bias=False)
        (conv2): Conv1d(1.05 M, 4.527% Params, 150.99 MMac, 5.153% MACs, 2048, 512, kernel_size=(1,), stride=(1,), bias=False)
        (decomp1): series_decomp(
          0, 0.000% Params, 86.02 KMac, 0.003% MACs, 
          (moving_avg): moving_avg(
            0, 0.000% Params, 86.02 KMac, 0.003% MACs, 
            (avg): AvgPool1d(0, 0.000% Params, 86.02 KMac, 0.003% MACs, kernel_size=(25,), stride=(1,), padding=(0,))
          )
        )
        (decomp2): series_decomp(
          0, 0.000% Params, 86.02 KMac, 0.003% MACs, 
          (moving_avg): moving_avg(
            0, 0.000% Params, 86.02 KMac, 0.003% MACs, 
            (avg): AvgPool1d(0, 0.000% Params, 86.02 KMac, 0.003% MACs, kernel_size=(25,), stride=(1,), padding=(0,))
          )
        )
        (decomp3): series_decomp(
          0, 0.000% Params, 86.02 KMac, 0.003% MACs, 
          (moving_avg): moving_avg(
            0, 0.000% Params, 86.02 KMac, 0.003% MACs, 
            (avg): AvgPool1d(0, 0.000% Params, 86.02 KMac, 0.003% MACs, kernel_size=(25,), stride=(1,), padding=(0,))
          )
        )
        (dropout): Dropout(0, 0.000% Params, 0.0 Mac, 0.000% MACs, p=0.05, inplace=False)
        (projection): Conv1d(10.75 k, 0.046% Params, 1.55 MMac, 0.053% MACs, 512, 7, kernel_size=(3,), stride=(1,), padding=(1,), bias=False, padding_mode=circular)
      )
    )
    (norm): my_Layernorm(
      0, 0.000% Params, 0.0 Mac, 0.000% MACs, 
      (layernorm): LayerNorm(0, 0.000% Params, 0.0 Mac, 0.000% MACs, (512,), eps=1e-05, elementwise_affine=True)
    )
    (projection): Linear(3.59 k, 0.016% Params, 516.1 KMac, 0.018% MACs, in_features=512, out_features=7, bias=True)
  )
)
Computational complexity:       2.93 GMac
Number of parameters:           23.16 M 
