Args in experiment:
Namespace(is_training=1, model_id='electricity_96_96', model='Autoformer', data='custom', root_path='./dataset/', data_path='electricity.csv', features='M', target='OT', freq='h', checkpoints='./checkpoints/', seq_len=96, label_len=48, pred_len=96, individual=False, embed_type=0, enc_in=321, dec_in=321, c_out=321, d_model=512, n_heads=8, e_layers=1, d_layers=1, d_ff=2048, moving_avg=25, factor=3, distil=True, dropout=0.05, embed='timeF', activation='gelu', output_attention=False, do_predict=False, num_workers=10, itr=1, train_epochs=10, batch_size=32, patience=3, learning_rate=0.0001, des='Exp', loss='mse', lradj='type1', use_amp=False, use_gpu=True, gpu=1, use_multi_gpu=False, devices='0,1,2,3', test_flop=True)
Use GPU: cuda:1
>>>>>>>start training : electricity_96_96_Autoformer_custom_ftM_sl96_ll48_pl96_dm512_nh8_el1_dl1_df2048_fc3_ebtimeF_dtTrue_Exp_0>>>>>>>>>>>>>>>>>>>>>>>>>>
train 18221
val 2537
test 5165
Epoch: 1 cost time: 43.13539910316467
Epoch: 1, Steps: 569 | Train Loss: 0.2337304 Vali Loss: 0.1803279 Test Loss: 0.2127941
Validation loss decreased (inf --> 0.180328).  Saving model ...
Updating learning rate to 0.0001
Epoch: 2 cost time: 35.93900227546692
Epoch: 2, Steps: 569 | Train Loss: 0.1556268 Vali Loss: 0.1602877 Test Loss: 0.2013211
Validation loss decreased (0.180328 --> 0.160288).  Saving model ...
Updating learning rate to 5e-05
Epoch: 3 cost time: 36.367767333984375
Epoch: 3, Steps: 569 | Train Loss: 0.1342638 Vali Loss: 0.1601942 Test Loss: 0.2060491
Validation loss decreased (0.160288 --> 0.160194).  Saving model ...
Updating learning rate to 2.5e-05
Epoch: 4 cost time: 37.30212187767029
Epoch: 4, Steps: 569 | Train Loss: 0.1269639 Vali Loss: 0.1616590 Test Loss: 0.2061223
EarlyStopping counter: 1 out of 3
Updating learning rate to 1.25e-05
Epoch: 5 cost time: 36.97282910346985
Epoch: 5, Steps: 569 | Train Loss: 0.1234751 Vali Loss: 0.1588269 Test Loss: 0.2048663
Validation loss decreased (0.160194 --> 0.158827).  Saving model ...
Updating learning rate to 6.25e-06
Epoch: 6 cost time: 37.06972622871399
Epoch: 6, Steps: 569 | Train Loss: 0.1216272 Vali Loss: 0.1581124 Test Loss: 0.2035775
Validation loss decreased (0.158827 --> 0.158112).  Saving model ...
Updating learning rate to 3.125e-06
Epoch: 7 cost time: 36.171626329422
Epoch: 7, Steps: 569 | Train Loss: 0.1206572 Vali Loss: 0.1569894 Test Loss: 0.2043511
Validation loss decreased (0.158112 --> 0.156989).  Saving model ...
Updating learning rate to 1.5625e-06
Epoch: 8 cost time: 35.651329040527344
Epoch: 8, Steps: 569 | Train Loss: 0.1201233 Vali Loss: 0.1569906 Test Loss: 0.2046304
EarlyStopping counter: 1 out of 3
Updating learning rate to 7.8125e-07
Epoch: 9 cost time: 36.773451805114746
Epoch: 9, Steps: 569 | Train Loss: 0.1198739 Vali Loss: 0.1577958 Test Loss: 0.2056397
EarlyStopping counter: 2 out of 3
Updating learning rate to 3.90625e-07
Epoch: 10 cost time: 35.833829402923584
Epoch: 10, Steps: 569 | Train Loss: 0.1197229 Vali Loss: 0.1582698 Test Loss: 0.2058741
EarlyStopping counter: 3 out of 3
Early stopping
>>>>>>>testing : electricity_96_96_Autoformer_custom_ftM_sl96_ll48_pl96_dm512_nh8_el1_dl1_df2048_fc3_ebtimeF_dtTrue_Exp_0<<<<<<<<<<<<<<<<<<<<<<<<<<<<<<<<<
test 5165
mse:0.20435093343257904, mae:0.31746479868888855
INFO: Trainable parameter count: 0.49M
INFO: Trainable parameter count: 0.50M
INFO: Trainable parameter count: 0.99M
INFO: Trainable parameter count: 0.99M
INFO: Trainable parameter count: 1.25M
INFO: Trainable parameter count: 1.25M
INFO: Trainable parameter count: 1.52M
INFO: Trainable parameter count: 1.52M
INFO: Trainable parameter count: 1.78M
INFO: Trainable parameter count: 1.78M
INFO: Trainable parameter count: 2.04M
INFO: Trainable parameter count: 2.04M
INFO: Trainable parameter count: 3.09M
INFO: Trainable parameter count: 4.14M
INFO: Trainable parameter count: 4.14M
INFO: Trainable parameter count: 4.14M
INFO: Trainable parameter count: 4.40M
INFO: Trainable parameter count: 4.40M
INFO: Trainable parameter count: 4.66M
INFO: Trainable parameter count: 4.66M
INFO: Trainable parameter count: 4.93M
INFO: Trainable parameter count: 4.93M
INFO: Trainable parameter count: 5.19M
INFO: Trainable parameter count: 5.19M
INFO: Trainable parameter count: 5.45M
INFO: Trainable parameter count: 5.45M
INFO: Trainable parameter count: 5.71M
INFO: Trainable parameter count: 5.71M
INFO: Trainable parameter count: 5.98M
INFO: Trainable parameter count: 5.98M
INFO: Trainable parameter count: 6.24M
INFO: Trainable parameter count: 6.24M
INFO: Trainable parameter count: 7.29M
INFO: Trainable parameter count: 8.34M
INFO: Trainable parameter count: 8.83M
INFO: Trainable parameter count: 8.83M
INFO: Trainable parameter count: 8.83M
INFO: Trainable parameter count: 9.00M
INFO: Trainable parameter count: 9.00M
Model(
  8.99 M, 99.977% Params, 1.09 GMac, 100.000% MACs, 
  (decomp): series_decomp(
    0, 0.000% Params, 38.52 KMac, 0.004% MACs, 
    (moving_avg): moving_avg(
      0, 0.000% Params, 38.52 KMac, 0.004% MACs, 
      (avg): AvgPool1d(0, 0.000% Params, 38.52 KMac, 0.004% MACs, kernel_size=(25,), stride=(1,), padding=(0,))
    )
  )
  (enc_embedding): DataEmbedding_wo_pos(
    495.1 k, 5.504% Params, 47.53 MMac, 4.342% MACs, 
    (value_embedding): TokenEmbedding(
      493.06 k, 5.481% Params, 47.33 MMac, 4.324% MACs, 
      (tokenConv): Conv1d(493.06 k, 5.481% Params, 47.33 MMac, 4.324% MACs, 321, 512, kernel_size=(3,), stride=(1,), padding=(1,), bias=False, padding_mode=circular)
    )
    (position_embedding): PositionalEmbedding(0, 0.000% Params, 0.0 Mac, 0.000% MACs, )
    (temporal_embedding): TimeFeatureEmbedding(
      2.05 k, 0.023% Params, 196.61 KMac, 0.018% MACs, 
      (embed): Linear(2.05 k, 0.023% Params, 196.61 KMac, 0.018% MACs, in_features=4, out_features=512, bias=False)
    )
    (dropout): Dropout(0, 0.000% Params, 0.0 Mac, 0.000% MACs, p=0.05, inplace=False)
  )
  (dec_embedding): DataEmbedding_wo_pos(
    495.1 k, 5.504% Params, 71.29 MMac, 6.513% MACs, 
    (value_embedding): TokenEmbedding(
      493.06 k, 5.481% Params, 71.0 MMac, 6.486% MACs, 
      (tokenConv): Conv1d(493.06 k, 5.481% Params, 71.0 MMac, 6.486% MACs, 321, 512, kernel_size=(3,), stride=(1,), padding=(1,), bias=False, padding_mode=circular)
    )
    (position_embedding): PositionalEmbedding(0, 0.000% Params, 0.0 Mac, 0.000% MACs, )
    (temporal_embedding): TimeFeatureEmbedding(
      2.05 k, 0.023% Params, 294.91 KMac, 0.027% MACs, 
      (embed): Linear(2.05 k, 0.023% Params, 294.91 KMac, 0.027% MACs, in_features=4, out_features=512, bias=False)
    )
    (dropout): Dropout(0, 0.000% Params, 0.0 Mac, 0.000% MACs, p=0.05, inplace=False)
  )
  (encoder): Encoder(
    3.15 M, 34.990% Params, 302.11 MMac, 27.597% MACs, 
    (attn_layers): ModuleList(
      3.15 M, 34.990% Params, 302.11 MMac, 27.597% MACs, 
      (0): EncoderLayer(
        3.15 M, 34.990% Params, 302.11 MMac, 27.597% MACs, 
        (attention): AutoCorrelationLayer(
          1.05 M, 11.679% Params, 100.67 MMac, 9.196% MACs, 
          (inner_correlation): AutoCorrelation(
            0, 0.000% Params, 0.0 Mac, 0.000% MACs, 
            (dropout): Dropout(0, 0.000% Params, 0.0 Mac, 0.000% MACs, p=0.05, inplace=False)
          )
          (query_projection): Linear(262.66 k, 2.920% Params, 25.17 MMac, 2.299% MACs, in_features=512, out_features=512, bias=True)
          (key_projection): Linear(262.66 k, 2.920% Params, 25.17 MMac, 2.299% MACs, in_features=512, out_features=512, bias=True)
          (value_projection): Linear(262.66 k, 2.920% Params, 25.17 MMac, 2.299% MACs, in_features=512, out_features=512, bias=True)
          (out_projection): Linear(262.66 k, 2.920% Params, 25.17 MMac, 2.299% MACs, in_features=512, out_features=512, bias=True)
        )
        (conv1): Conv1d(1.05 M, 11.656% Params, 100.66 MMac, 9.195% MACs, 512, 2048, kernel_size=(1,), stride=(1,), bias=False)
        (conv2): Conv1d(1.05 M, 11.656% Params, 100.66 MMac, 9.195% MACs, 2048, 512, kernel_size=(1,), stride=(1,), bias=False)
        (decomp1): series_decomp(
          0, 0.000% Params, 61.44 KMac, 0.006% MACs, 
          (moving_avg): moving_avg(
            0, 0.000% Params, 61.44 KMac, 0.006% MACs, 
            (avg): AvgPool1d(0, 0.000% Params, 61.44 KMac, 0.006% MACs, kernel_size=(25,), stride=(1,), padding=(0,))
          )
        )
        (decomp2): series_decomp(
          0, 0.000% Params, 61.44 KMac, 0.006% MACs, 
          (moving_avg): moving_avg(
            0, 0.000% Params, 61.44 KMac, 0.006% MACs, 
            (avg): AvgPool1d(0, 0.000% Params, 61.44 KMac, 0.006% MACs, kernel_size=(25,), stride=(1,), padding=(0,))
          )
        )
        (dropout): Dropout(0, 0.000% Params, 0.0 Mac, 0.000% MACs, p=0.05, inplace=False)
      )
    )
    (norm): my_Layernorm(
      0, 0.000% Params, 0.0 Mac, 0.000% MACs, 
      (layernorm): LayerNorm(0, 0.000% Params, 0.0 Mac, 0.000% MACs, (512,), eps=1e-05, elementwise_affine=True)
    )
  )
  (decoder): Decoder(
    4.86 M, 53.980% Params, 673.74 MMac, 61.545% MACs, 
    (layers): ModuleList(
      4.69 M, 52.150% Params, 650.08 MMac, 59.383% MACs, 
      (0): DecoderLayer(
        4.69 M, 52.150% Params, 650.08 MMac, 59.383% MACs, 
        (self_attention): AutoCorrelationLayer(
          1.05 M, 11.679% Params, 151.0 MMac, 13.793% MACs, 
          (inner_correlation): AutoCorrelation(
            0, 0.000% Params, 0.0 Mac, 0.000% MACs, 
            (dropout): Dropout(0, 0.000% Params, 0.0 Mac, 0.000% MACs, p=0.05, inplace=False)
          )
          (query_projection): Linear(262.66 k, 2.920% Params, 37.75 MMac, 3.448% MACs, in_features=512, out_features=512, bias=True)
          (key_projection): Linear(262.66 k, 2.920% Params, 37.75 MMac, 3.448% MACs, in_features=512, out_features=512, bias=True)
          (value_projection): Linear(262.66 k, 2.920% Params, 37.75 MMac, 3.448% MACs, in_features=512, out_features=512, bias=True)
          (out_projection): Linear(262.66 k, 2.920% Params, 37.75 MMac, 3.448% MACs, in_features=512, out_features=512, bias=True)
        )
        (cross_attention): AutoCorrelationLayer(
          1.05 M, 11.679% Params, 125.83 MMac, 11.494% MACs, 
          (inner_correlation): AutoCorrelation(
            0, 0.000% Params, 0.0 Mac, 0.000% MACs, 
            (dropout): Dropout(0, 0.000% Params, 0.0 Mac, 0.000% MACs, p=0.05, inplace=False)
          )
          (query_projection): Linear(262.66 k, 2.920% Params, 37.75 MMac, 3.448% MACs, in_features=512, out_features=512, bias=True)
          (key_projection): Linear(262.66 k, 2.920% Params, 25.17 MMac, 2.299% MACs, in_features=512, out_features=512, bias=True)
          (value_projection): Linear(262.66 k, 2.920% Params, 25.17 MMac, 2.299% MACs, in_features=512, out_features=512, bias=True)
          (out_projection): Linear(262.66 k, 2.920% Params, 37.75 MMac, 3.448% MACs, in_features=512, out_features=512, bias=True)
        )
        (conv1): Conv1d(1.05 M, 11.656% Params, 150.99 MMac, 13.793% MACs, 512, 2048, kernel_size=(1,), stride=(1,), bias=False)
        (conv2): Conv1d(1.05 M, 11.656% Params, 150.99 MMac, 13.793% MACs, 2048, 512, kernel_size=(1,), stride=(1,), bias=False)
        (decomp1): series_decomp(
          0, 0.000% Params, 86.02 KMac, 0.008% MACs, 
          (moving_avg): moving_avg(
            0, 0.000% Params, 86.02 KMac, 0.008% MACs, 
            (avg): AvgPool1d(0, 0.000% Params, 86.02 KMac, 0.008% MACs, kernel_size=(25,), stride=(1,), padding=(0,))
          )
        )
        (decomp2): series_decomp(
          0, 0.000% Params, 86.02 KMac, 0.008% MACs, 
          (moving_avg): moving_avg(
            0, 0.000% Params, 86.02 KMac, 0.008% MACs, 
            (avg): AvgPool1d(0, 0.000% Params, 86.02 KMac, 0.008% MACs, kernel_size=(25,), stride=(1,), padding=(0,))
          )
        )
        (decomp3): series_decomp(
          0, 0.000% Params, 86.02 KMac, 0.008% MACs, 
          (moving_avg): moving_avg(
            0, 0.000% Params, 86.02 KMac, 0.008% MACs, 
            (avg): AvgPool1d(0, 0.000% Params, 86.02 KMac, 0.008% MACs, kernel_size=(25,), stride=(1,), padding=(0,))
          )
        )
        (dropout): Dropout(0, 0.000% Params, 0.0 Mac, 0.000% MACs, p=0.05, inplace=False)
        (projection): Conv1d(493.06 k, 5.481% Params, 71.0 MMac, 6.486% MACs, 512, 321, kernel_size=(3,), stride=(1,), padding=(1,), bias=False, padding_mode=circular)
      )
    )
    (norm): my_Layernorm(
      0, 0.000% Params, 0.0 Mac, 0.000% MACs, 
      (layernorm): LayerNorm(0, 0.000% Params, 0.0 Mac, 0.000% MACs, (512,), eps=1e-05, elementwise_affine=True)
    )
    (projection): Linear(164.67 k, 1.830% Params, 23.67 MMac, 2.162% MACs, in_features=512, out_features=321, bias=True)
  )
)
Computational complexity:       1.09 GMac
Number of parameters:           9.0 M   
