Args in experiment:
Namespace(is_training=1, model_id='ETTh1_96_96', model='Autoformer', data='ETTh1', root_path='./dataset/', data_path='ETTh1.csv', features='M', target='OT', freq='h', checkpoints='./checkpoints/', seq_len=96, label_len=48, pred_len=96, individual=False, embed_type=0, enc_in=7, dec_in=7, c_out=7, d_model=512, n_heads=8, e_layers=1, d_layers=4, d_ff=2048, moving_avg=25, factor=3, distil=True, dropout=0.05, embed='timeF', activation='gelu', output_attention=False, do_predict=False, num_workers=10, itr=1, train_epochs=10, batch_size=32, patience=3, learning_rate=0.0001, des='Exp', loss='mse', lradj='type1', use_amp=False, use_gpu=True, gpu=2, use_multi_gpu=False, devices='0,1,2,3', test_flop=True)
Use GPU: cuda:2
>>>>>>>start training : ETTh1_96_96_Autoformer_ETTh1_ftM_sl96_ll48_pl96_dm512_nh8_el1_dl4_df2048_fc3_ebtimeF_dtTrue_Exp_0>>>>>>>>>>>>>>>>>>>>>>>>>>
train 8449
val 2785
test 2785
Epoch: 1 cost time: 39.39868640899658
Epoch: 1, Steps: 264 | Train Loss: 0.3755360 Vali Loss: 0.9026344 Test Loss: 0.4909583
Validation loss decreased (inf --> 0.902634).  Saving model ...
Updating learning rate to 0.0001
Epoch: 2 cost time: 34.89910006523132
Epoch: 2, Steps: 264 | Train Loss: 0.2683827 Vali Loss: 0.9428851 Test Loss: 0.5002936
EarlyStopping counter: 1 out of 3
Updating learning rate to 5e-05
Epoch: 3 cost time: 35.49045252799988
Epoch: 3, Steps: 264 | Train Loss: 0.1988473 Vali Loss: 1.0145235 Test Loss: 0.5474681
EarlyStopping counter: 2 out of 3
Updating learning rate to 2.5e-05
Epoch: 4 cost time: 35.6703405380249
Epoch: 4, Steps: 264 | Train Loss: 0.1688728 Vali Loss: 1.0003415 Test Loss: 0.5472938
EarlyStopping counter: 3 out of 3
Early stopping
>>>>>>>testing : ETTh1_96_96_Autoformer_ETTh1_ftM_sl96_ll48_pl96_dm512_nh8_el1_dl4_df2048_fc3_ebtimeF_dtTrue_Exp_0<<<<<<<<<<<<<<<<<<<<<<<<<<<<<<<<<
test 2785
mse:0.4909583032131195, mae:0.48667627573013306
INFO: Trainable parameter count: 0.01M
INFO: Trainable parameter count: 0.01M
INFO: Trainable parameter count: 0.02M
INFO: Trainable parameter count: 0.03M
INFO: Trainable parameter count: 0.29M
INFO: Trainable parameter count: 0.29M
INFO: Trainable parameter count: 0.55M
INFO: Trainable parameter count: 0.55M
INFO: Trainable parameter count: 0.81M
INFO: Trainable parameter count: 0.81M
INFO: Trainable parameter count: 1.08M
INFO: Trainable parameter count: 1.08M
INFO: Trainable parameter count: 2.12M
INFO: Trainable parameter count: 3.17M
INFO: Trainable parameter count: 3.17M
INFO: Trainable parameter count: 3.17M
INFO: Trainable parameter count: 3.44M
INFO: Trainable parameter count: 3.44M
INFO: Trainable parameter count: 3.70M
INFO: Trainable parameter count: 3.70M
INFO: Trainable parameter count: 3.96M
INFO: Trainable parameter count: 3.96M
INFO: Trainable parameter count: 4.22M
INFO: Trainable parameter count: 4.23M
INFO: Trainable parameter count: 4.49M
INFO: Trainable parameter count: 4.49M
INFO: Trainable parameter count: 4.75M
INFO: Trainable parameter count: 4.75M
INFO: Trainable parameter count: 5.01M
INFO: Trainable parameter count: 5.01M
INFO: Trainable parameter count: 5.28M
INFO: Trainable parameter count: 5.28M
INFO: Trainable parameter count: 6.32M
INFO: Trainable parameter count: 7.37M
INFO: Trainable parameter count: 7.38M
INFO: Trainable parameter count: 7.65M
INFO: Trainable parameter count: 7.65M
INFO: Trainable parameter count: 7.91M
INFO: Trainable parameter count: 7.91M
INFO: Trainable parameter count: 8.17M
INFO: Trainable parameter count: 8.17M
INFO: Trainable parameter count: 8.43M
INFO: Trainable parameter count: 8.43M
INFO: Trainable parameter count: 8.70M
INFO: Trainable parameter count: 8.70M
INFO: Trainable parameter count: 8.96M
INFO: Trainable parameter count: 8.96M
INFO: Trainable parameter count: 9.22M
INFO: Trainable parameter count: 9.22M
INFO: Trainable parameter count: 9.48M
INFO: Trainable parameter count: 9.48M
INFO: Trainable parameter count: 10.53M
INFO: Trainable parameter count: 11.58M
INFO: Trainable parameter count: 11.59M
INFO: Trainable parameter count: 11.85M
INFO: Trainable parameter count: 11.86M
INFO: Trainable parameter count: 12.12M
INFO: Trainable parameter count: 12.12M
INFO: Trainable parameter count: 12.38M
INFO: Trainable parameter count: 12.38M
INFO: Trainable parameter count: 12.64M
INFO: Trainable parameter count: 12.64M
INFO: Trainable parameter count: 12.91M
INFO: Trainable parameter count: 12.91M
INFO: Trainable parameter count: 13.17M
INFO: Trainable parameter count: 13.17M
INFO: Trainable parameter count: 13.43M
INFO: Trainable parameter count: 13.43M
INFO: Trainable parameter count: 13.69M
INFO: Trainable parameter count: 13.69M
INFO: Trainable parameter count: 14.74M
INFO: Trainable parameter count: 15.79M
INFO: Trainable parameter count: 15.80M
INFO: Trainable parameter count: 16.06M
INFO: Trainable parameter count: 16.06M
INFO: Trainable parameter count: 16.33M
INFO: Trainable parameter count: 16.33M
INFO: Trainable parameter count: 16.59M
INFO: Trainable parameter count: 16.59M
INFO: Trainable parameter count: 16.85M
INFO: Trainable parameter count: 16.85M
INFO: Trainable parameter count: 17.11M
INFO: Trainable parameter count: 17.12M
INFO: Trainable parameter count: 17.38M
INFO: Trainable parameter count: 17.38M
INFO: Trainable parameter count: 17.64M
INFO: Trainable parameter count: 17.64M
INFO: Trainable parameter count: 17.90M
INFO: Trainable parameter count: 17.90M
INFO: Trainable parameter count: 18.95M
INFO: Trainable parameter count: 20.00M
INFO: Trainable parameter count: 20.01M
INFO: Trainable parameter count: 20.01M
INFO: Trainable parameter count: 20.01M
INFO: Trainable parameter count: 20.02M
INFO: Trainable parameter count: 20.02M
Model(
  20.01 M, 99.990% Params, 2.63 GMac, 100.000% MACs, 
  (decomp): series_decomp(
    0, 0.000% Params, 840.0 Mac, 0.000% MACs, 
    (moving_avg): moving_avg(
      0, 0.000% Params, 840.0 Mac, 0.000% MACs, 
      (avg): AvgPool1d(0, 0.000% Params, 840.0 Mac, 0.000% MACs, kernel_size=(25,), stride=(1,), padding=(0,))
    )
  )
  (enc_embedding): DataEmbedding_wo_pos(
    12.8 k, 0.064% Params, 1.23 MMac, 0.047% MACs, 
    (value_embedding): TokenEmbedding(
      10.75 k, 0.054% Params, 1.03 MMac, 0.039% MACs, 
      (tokenConv): Conv1d(10.75 k, 0.054% Params, 1.03 MMac, 0.039% MACs, 7, 512, kernel_size=(3,), stride=(1,), padding=(1,), bias=False, padding_mode=circular)
    )
    (position_embedding): PositionalEmbedding(0, 0.000% Params, 0.0 Mac, 0.000% MACs, )
    (temporal_embedding): TimeFeatureEmbedding(
      2.05 k, 0.010% Params, 196.61 KMac, 0.007% MACs, 
      (embed): Linear(2.05 k, 0.010% Params, 196.61 KMac, 0.007% MACs, in_features=4, out_features=512, bias=False)
    )
    (dropout): Dropout(0, 0.000% Params, 0.0 Mac, 0.000% MACs, p=0.05, inplace=False)
  )
  (dec_embedding): DataEmbedding_wo_pos(
    12.8 k, 0.064% Params, 1.84 MMac, 0.070% MACs, 
    (value_embedding): TokenEmbedding(
      10.75 k, 0.054% Params, 1.55 MMac, 0.059% MACs, 
      (tokenConv): Conv1d(10.75 k, 0.054% Params, 1.55 MMac, 0.059% MACs, 7, 512, kernel_size=(3,), stride=(1,), padding=(1,), bias=False, padding_mode=circular)
    )
    (position_embedding): PositionalEmbedding(0, 0.000% Params, 0.0 Mac, 0.000% MACs, )
    (temporal_embedding): TimeFeatureEmbedding(
      2.05 k, 0.010% Params, 294.91 KMac, 0.011% MACs, 
      (embed): Linear(2.05 k, 0.010% Params, 294.91 KMac, 0.011% MACs, in_features=4, out_features=512, bias=False)
    )
    (dropout): Dropout(0, 0.000% Params, 0.0 Mac, 0.000% MACs, p=0.05, inplace=False)
  )
  (encoder): Encoder(
    3.15 M, 15.727% Params, 302.11 MMac, 11.495% MACs, 
    (attn_layers): ModuleList(
      3.15 M, 15.727% Params, 302.11 MMac, 11.495% MACs, 
      (0): EncoderLayer(
        3.15 M, 15.727% Params, 302.11 MMac, 11.495% MACs, 
        (attention): AutoCorrelationLayer(
          1.05 M, 5.249% Params, 100.67 MMac, 3.830% MACs, 
          (inner_correlation): AutoCorrelation(
            0, 0.000% Params, 0.0 Mac, 0.000% MACs, 
            (dropout): Dropout(0, 0.000% Params, 0.0 Mac, 0.000% MACs, p=0.05, inplace=False)
          )
          (query_projection): Linear(262.66 k, 1.312% Params, 25.17 MMac, 0.958% MACs, in_features=512, out_features=512, bias=True)
          (key_projection): Linear(262.66 k, 1.312% Params, 25.17 MMac, 0.958% MACs, in_features=512, out_features=512, bias=True)
          (value_projection): Linear(262.66 k, 1.312% Params, 25.17 MMac, 0.958% MACs, in_features=512, out_features=512, bias=True)
          (out_projection): Linear(262.66 k, 1.312% Params, 25.17 MMac, 0.958% MACs, in_features=512, out_features=512, bias=True)
        )
        (conv1): Conv1d(1.05 M, 5.239% Params, 100.66 MMac, 3.830% MACs, 512, 2048, kernel_size=(1,), stride=(1,), bias=False)
        (conv2): Conv1d(1.05 M, 5.239% Params, 100.66 MMac, 3.830% MACs, 2048, 512, kernel_size=(1,), stride=(1,), bias=False)
        (decomp1): series_decomp(
          0, 0.000% Params, 61.44 KMac, 0.002% MACs, 
          (moving_avg): moving_avg(
            0, 0.000% Params, 61.44 KMac, 0.002% MACs, 
            (avg): AvgPool1d(0, 0.000% Params, 61.44 KMac, 0.002% MACs, kernel_size=(25,), stride=(1,), padding=(0,))
          )
        )
        (decomp2): series_decomp(
          0, 0.000% Params, 61.44 KMac, 0.002% MACs, 
          (moving_avg): moving_avg(
            0, 0.000% Params, 61.44 KMac, 0.002% MACs, 
            (avg): AvgPool1d(0, 0.000% Params, 61.44 KMac, 0.002% MACs, kernel_size=(25,), stride=(1,), padding=(0,))
          )
        )
        (dropout): Dropout(0, 0.000% Params, 0.0 Mac, 0.000% MACs, p=0.05, inplace=False)
      )
    )
    (norm): my_Layernorm(
      0, 0.000% Params, 0.0 Mac, 0.000% MACs, 
      (layernorm): LayerNorm(0, 0.000% Params, 0.0 Mac, 0.000% MACs, (512,), eps=1e-05, elementwise_affine=True)
    )
  )
  (decoder): Decoder(
    16.84 M, 84.135% Params, 2.32 GMac, 88.388% MACs, 
    (layers): ModuleList(
      16.84 M, 84.117% Params, 2.32 GMac, 88.368% MACs, 
      (0): DecoderLayer(
        4.21 M, 21.029% Params, 580.62 MMac, 22.092% MACs, 
        (self_attention): AutoCorrelationLayer(
          1.05 M, 5.249% Params, 151.0 MMac, 5.745% MACs, 
          (inner_correlation): AutoCorrelation(
            0, 0.000% Params, 0.0 Mac, 0.000% MACs, 
            (dropout): Dropout(0, 0.000% Params, 0.0 Mac, 0.000% MACs, p=0.05, inplace=False)
          )
          (query_projection): Linear(262.66 k, 1.312% Params, 37.75 MMac, 1.436% MACs, in_features=512, out_features=512, bias=True)
          (key_projection): Linear(262.66 k, 1.312% Params, 37.75 MMac, 1.436% MACs, in_features=512, out_features=512, bias=True)
          (value_projection): Linear(262.66 k, 1.312% Params, 37.75 MMac, 1.436% MACs, in_features=512, out_features=512, bias=True)
          (out_projection): Linear(262.66 k, 1.312% Params, 37.75 MMac, 1.436% MACs, in_features=512, out_features=512, bias=True)
        )
        (cross_attention): AutoCorrelationLayer(
          1.05 M, 5.249% Params, 125.83 MMac, 4.788% MACs, 
          (inner_correlation): AutoCorrelation(
            0, 0.000% Params, 0.0 Mac, 0.000% MACs, 
            (dropout): Dropout(0, 0.000% Params, 0.0 Mac, 0.000% MACs, p=0.05, inplace=False)
          )
          (query_projection): Linear(262.66 k, 1.312% Params, 37.75 MMac, 1.436% MACs, in_features=512, out_features=512, bias=True)
          (key_projection): Linear(262.66 k, 1.312% Params, 25.17 MMac, 0.958% MACs, in_features=512, out_features=512, bias=True)
          (value_projection): Linear(262.66 k, 1.312% Params, 25.17 MMac, 0.958% MACs, in_features=512, out_features=512, bias=True)
          (out_projection): Linear(262.66 k, 1.312% Params, 37.75 MMac, 1.436% MACs, in_features=512, out_features=512, bias=True)
        )
        (conv1): Conv1d(1.05 M, 5.239% Params, 150.99 MMac, 5.745% MACs, 512, 2048, kernel_size=(1,), stride=(1,), bias=False)
        (conv2): Conv1d(1.05 M, 5.239% Params, 150.99 MMac, 5.745% MACs, 2048, 512, kernel_size=(1,), stride=(1,), bias=False)
        (decomp1): series_decomp(
          0, 0.000% Params, 86.02 KMac, 0.003% MACs, 
          (moving_avg): moving_avg(
            0, 0.000% Params, 86.02 KMac, 0.003% MACs, 
            (avg): AvgPool1d(0, 0.000% Params, 86.02 KMac, 0.003% MACs, kernel_size=(25,), stride=(1,), padding=(0,))
          )
        )
        (decomp2): series_decomp(
          0, 0.000% Params, 86.02 KMac, 0.003% MACs, 
          (moving_avg): moving_avg(
            0, 0.000% Params, 86.02 KMac, 0.003% MACs, 
            (avg): AvgPool1d(0, 0.000% Params, 86.02 KMac, 0.003% MACs, kernel_size=(25,), stride=(1,), padding=(0,))
          )
        )
        (decomp3): series_decomp(
          0, 0.000% Params, 86.02 KMac, 0.003% MACs, 
          (moving_avg): moving_avg(
            0, 0.000% Params, 86.02 KMac, 0.003% MACs, 
            (avg): AvgPool1d(0, 0.000% Params, 86.02 KMac, 0.003% MACs, kernel_size=(25,), stride=(1,), padding=(0,))
          )
        )
        (dropout): Dropout(0, 0.000% Params, 0.0 Mac, 0.000% MACs, p=0.05, inplace=False)
        (projection): Conv1d(10.75 k, 0.054% Params, 1.55 MMac, 0.059% MACs, 512, 7, kernel_size=(3,), stride=(1,), padding=(1,), bias=False, padding_mode=circular)
      )
      (1): DecoderLayer(
        4.21 M, 21.029% Params, 580.62 MMac, 22.092% MACs, 
        (self_attention): AutoCorrelationLayer(
          1.05 M, 5.249% Params, 151.0 MMac, 5.745% MACs, 
          (inner_correlation): AutoCorrelation(
            0, 0.000% Params, 0.0 Mac, 0.000% MACs, 
            (dropout): Dropout(0, 0.000% Params, 0.0 Mac, 0.000% MACs, p=0.05, inplace=False)
          )
          (query_projection): Linear(262.66 k, 1.312% Params, 37.75 MMac, 1.436% MACs, in_features=512, out_features=512, bias=True)
          (key_projection): Linear(262.66 k, 1.312% Params, 37.75 MMac, 1.436% MACs, in_features=512, out_features=512, bias=True)
          (value_projection): Linear(262.66 k, 1.312% Params, 37.75 MMac, 1.436% MACs, in_features=512, out_features=512, bias=True)
          (out_projection): Linear(262.66 k, 1.312% Params, 37.75 MMac, 1.436% MACs, in_features=512, out_features=512, bias=True)
        )
        (cross_attention): AutoCorrelationLayer(
          1.05 M, 5.249% Params, 125.83 MMac, 4.788% MACs, 
          (inner_correlation): AutoCorrelation(
            0, 0.000% Params, 0.0 Mac, 0.000% MACs, 
            (dropout): Dropout(0, 0.000% Params, 0.0 Mac, 0.000% MACs, p=0.05, inplace=False)
          )
          (query_projection): Linear(262.66 k, 1.312% Params, 37.75 MMac, 1.436% MACs, in_features=512, out_features=512, bias=True)
          (key_projection): Linear(262.66 k, 1.312% Params, 25.17 MMac, 0.958% MACs, in_features=512, out_features=512, bias=True)
          (value_projection): Linear(262.66 k, 1.312% Params, 25.17 MMac, 0.958% MACs, in_features=512, out_features=512, bias=True)
          (out_projection): Linear(262.66 k, 1.312% Params, 37.75 MMac, 1.436% MACs, in_features=512, out_features=512, bias=True)
        )
        (conv1): Conv1d(1.05 M, 5.239% Params, 150.99 MMac, 5.745% MACs, 512, 2048, kernel_size=(1,), stride=(1,), bias=False)
        (conv2): Conv1d(1.05 M, 5.239% Params, 150.99 MMac, 5.745% MACs, 2048, 512, kernel_size=(1,), stride=(1,), bias=False)
        (decomp1): series_decomp(
          0, 0.000% Params, 86.02 KMac, 0.003% MACs, 
          (moving_avg): moving_avg(
            0, 0.000% Params, 86.02 KMac, 0.003% MACs, 
            (avg): AvgPool1d(0, 0.000% Params, 86.02 KMac, 0.003% MACs, kernel_size=(25,), stride=(1,), padding=(0,))
          )
        )
        (decomp2): series_decomp(
          0, 0.000% Params, 86.02 KMac, 0.003% MACs, 
          (moving_avg): moving_avg(
            0, 0.000% Params, 86.02 KMac, 0.003% MACs, 
            (avg): AvgPool1d(0, 0.000% Params, 86.02 KMac, 0.003% MACs, kernel_size=(25,), stride=(1,), padding=(0,))
          )
        )
        (decomp3): series_decomp(
          0, 0.000% Params, 86.02 KMac, 0.003% MACs, 
          (moving_avg): moving_avg(
            0, 0.000% Params, 86.02 KMac, 0.003% MACs, 
            (avg): AvgPool1d(0, 0.000% Params, 86.02 KMac, 0.003% MACs, kernel_size=(25,), stride=(1,), padding=(0,))
          )
        )
        (dropout): Dropout(0, 0.000% Params, 0.0 Mac, 0.000% MACs, p=0.05, inplace=False)
        (projection): Conv1d(10.75 k, 0.054% Params, 1.55 MMac, 0.059% MACs, 512, 7, kernel_size=(3,), stride=(1,), padding=(1,), bias=False, padding_mode=circular)
      )
      (2): DecoderLayer(
        4.21 M, 21.029% Params, 580.62 MMac, 22.092% MACs, 
        (self_attention): AutoCorrelationLayer(
          1.05 M, 5.249% Params, 151.0 MMac, 5.745% MACs, 
          (inner_correlation): AutoCorrelation(
            0, 0.000% Params, 0.0 Mac, 0.000% MACs, 
            (dropout): Dropout(0, 0.000% Params, 0.0 Mac, 0.000% MACs, p=0.05, inplace=False)
          )
          (query_projection): Linear(262.66 k, 1.312% Params, 37.75 MMac, 1.436% MACs, in_features=512, out_features=512, bias=True)
          (key_projection): Linear(262.66 k, 1.312% Params, 37.75 MMac, 1.436% MACs, in_features=512, out_features=512, bias=True)
          (value_projection): Linear(262.66 k, 1.312% Params, 37.75 MMac, 1.436% MACs, in_features=512, out_features=512, bias=True)
          (out_projection): Linear(262.66 k, 1.312% Params, 37.75 MMac, 1.436% MACs, in_features=512, out_features=512, bias=True)
        )
        (cross_attention): AutoCorrelationLayer(
          1.05 M, 5.249% Params, 125.83 MMac, 4.788% MACs, 
          (inner_correlation): AutoCorrelation(
            0, 0.000% Params, 0.0 Mac, 0.000% MACs, 
            (dropout): Dropout(0, 0.000% Params, 0.0 Mac, 0.000% MACs, p=0.05, inplace=False)
          )
          (query_projection): Linear(262.66 k, 1.312% Params, 37.75 MMac, 1.436% MACs, in_features=512, out_features=512, bias=True)
          (key_projection): Linear(262.66 k, 1.312% Params, 25.17 MMac, 0.958% MACs, in_features=512, out_features=512, bias=True)
          (value_projection): Linear(262.66 k, 1.312% Params, 25.17 MMac, 0.958% MACs, in_features=512, out_features=512, bias=True)
          (out_projection): Linear(262.66 k, 1.312% Params, 37.75 MMac, 1.436% MACs, in_features=512, out_features=512, bias=True)
        )
        (conv1): Conv1d(1.05 M, 5.239% Params, 150.99 MMac, 5.745% MACs, 512, 2048, kernel_size=(1,), stride=(1,), bias=False)
        (conv2): Conv1d(1.05 M, 5.239% Params, 150.99 MMac, 5.745% MACs, 2048, 512, kernel_size=(1,), stride=(1,), bias=False)
        (decomp1): series_decomp(
          0, 0.000% Params, 86.02 KMac, 0.003% MACs, 
          (moving_avg): moving_avg(
            0, 0.000% Params, 86.02 KMac, 0.003% MACs, 
            (avg): AvgPool1d(0, 0.000% Params, 86.02 KMac, 0.003% MACs, kernel_size=(25,), stride=(1,), padding=(0,))
          )
        )
        (decomp2): series_decomp(
          0, 0.000% Params, 86.02 KMac, 0.003% MACs, 
          (moving_avg): moving_avg(
            0, 0.000% Params, 86.02 KMac, 0.003% MACs, 
            (avg): AvgPool1d(0, 0.000% Params, 86.02 KMac, 0.003% MACs, kernel_size=(25,), stride=(1,), padding=(0,))
          )
        )
        (decomp3): series_decomp(
          0, 0.000% Params, 86.02 KMac, 0.003% MACs, 
          (moving_avg): moving_avg(
            0, 0.000% Params, 86.02 KMac, 0.003% MACs, 
            (avg): AvgPool1d(0, 0.000% Params, 86.02 KMac, 0.003% MACs, kernel_size=(25,), stride=(1,), padding=(0,))
          )
        )
        (dropout): Dropout(0, 0.000% Params, 0.0 Mac, 0.000% MACs, p=0.05, inplace=False)
        (projection): Conv1d(10.75 k, 0.054% Params, 1.55 MMac, 0.059% MACs, 512, 7, kernel_size=(3,), stride=(1,), padding=(1,), bias=False, padding_mode=circular)
      )
      (3): DecoderLayer(
        4.21 M, 21.029% Params, 580.62 MMac, 22.092% MACs, 
        (self_attention): AutoCorrelationLayer(
          1.05 M, 5.249% Params, 151.0 MMac, 5.745% MACs, 
          (inner_correlation): AutoCorrelation(
            0, 0.000% Params, 0.0 Mac, 0.000% MACs, 
            (dropout): Dropout(0, 0.000% Params, 0.0 Mac, 0.000% MACs, p=0.05, inplace=False)
          )
          (query_projection): Linear(262.66 k, 1.312% Params, 37.75 MMac, 1.436% MACs, in_features=512, out_features=512, bias=True)
          (key_projection): Linear(262.66 k, 1.312% Params, 37.75 MMac, 1.436% MACs, in_features=512, out_features=512, bias=True)
          (value_projection): Linear(262.66 k, 1.312% Params, 37.75 MMac, 1.436% MACs, in_features=512, out_features=512, bias=True)
          (out_projection): Linear(262.66 k, 1.312% Params, 37.75 MMac, 1.436% MACs, in_features=512, out_features=512, bias=True)
        )
        (cross_attention): AutoCorrelationLayer(
          1.05 M, 5.249% Params, 125.83 MMac, 4.788% MACs, 
          (inner_correlation): AutoCorrelation(
            0, 0.000% Params, 0.0 Mac, 0.000% MACs, 
            (dropout): Dropout(0, 0.000% Params, 0.0 Mac, 0.000% MACs, p=0.05, inplace=False)
          )
          (query_projection): Linear(262.66 k, 1.312% Params, 37.75 MMac, 1.436% MACs, in_features=512, out_features=512, bias=True)
          (key_projection): Linear(262.66 k, 1.312% Params, 25.17 MMac, 0.958% MACs, in_features=512, out_features=512, bias=True)
          (value_projection): Linear(262.66 k, 1.312% Params, 25.17 MMac, 0.958% MACs, in_features=512, out_features=512, bias=True)
          (out_projection): Linear(262.66 k, 1.312% Params, 37.75 MMac, 1.436% MACs, in_features=512, out_features=512, bias=True)
        )
        (conv1): Conv1d(1.05 M, 5.239% Params, 150.99 MMac, 5.745% MACs, 512, 2048, kernel_size=(1,), stride=(1,), bias=False)
        (conv2): Conv1d(1.05 M, 5.239% Params, 150.99 MMac, 5.745% MACs, 2048, 512, kernel_size=(1,), stride=(1,), bias=False)
        (decomp1): series_decomp(
          0, 0.000% Params, 86.02 KMac, 0.003% MACs, 
          (moving_avg): moving_avg(
            0, 0.000% Params, 86.02 KMac, 0.003% MACs, 
            (avg): AvgPool1d(0, 0.000% Params, 86.02 KMac, 0.003% MACs, kernel_size=(25,), stride=(1,), padding=(0,))
          )
        )
        (decomp2): series_decomp(
          0, 0.000% Params, 86.02 KMac, 0.003% MACs, 
          (moving_avg): moving_avg(
            0, 0.000% Params, 86.02 KMac, 0.003% MACs, 
            (avg): AvgPool1d(0, 0.000% Params, 86.02 KMac, 0.003% MACs, kernel_size=(25,), stride=(1,), padding=(0,))
          )
        )
        (decomp3): series_decomp(
          0, 0.000% Params, 86.02 KMac, 0.003% MACs, 
          (moving_avg): moving_avg(
            0, 0.000% Params, 86.02 KMac, 0.003% MACs, 
            (avg): AvgPool1d(0, 0.000% Params, 86.02 KMac, 0.003% MACs, kernel_size=(25,), stride=(1,), padding=(0,))
          )
        )
        (dropout): Dropout(0, 0.000% Params, 0.0 Mac, 0.000% MACs, p=0.05, inplace=False)
        (projection): Conv1d(10.75 k, 0.054% Params, 1.55 MMac, 0.059% MACs, 512, 7, kernel_size=(3,), stride=(1,), padding=(1,), bias=False, padding_mode=circular)
      )
    )
    (norm): my_Layernorm(
      0, 0.000% Params, 0.0 Mac, 0.000% MACs, 
      (layernorm): LayerNorm(0, 0.000% Params, 0.0 Mac, 0.000% MACs, (512,), eps=1e-05, elementwise_affine=True)
    )
    (projection): Linear(3.59 k, 0.018% Params, 516.1 KMac, 0.020% MACs, in_features=512, out_features=7, bias=True)
  )
)
Computational complexity:       2.63 GMac
Number of parameters:           20.02 M 
