Args in experiment:
Namespace(is_training=1, model_id='electricity_96_96', model='Informer', data='custom', root_path='./dataset/', data_path='electricity.csv', features='M', target='OT', freq='h', checkpoints='./checkpoints/', seq_len=96, label_len=48, pred_len=96, individual=False, embed_type=0, enc_in=321, dec_in=321, c_out=321, d_model=512, n_heads=8, e_layers=4, d_layers=2, d_ff=2048, moving_avg=25, factor=3, distil=True, dropout=0.05, embed='timeF', activation='gelu', output_attention=False, do_predict=False, num_workers=10, itr=1, train_epochs=10, batch_size=32, patience=3, learning_rate=0.0001, des='Exp', loss='mse', lradj='type1', use_amp=False, use_gpu=True, gpu=1, use_multi_gpu=False, devices='0,1,2,3', test_flop=True)
Use GPU: cuda:1
>>>>>>>start training : electricity_96_96_Informer_custom_ftM_sl96_ll48_pl96_dm512_nh8_el4_dl2_df2048_fc3_ebtimeF_dtTrue_Exp_0>>>>>>>>>>>>>>>>>>>>>>>>>>
train 18221
val 2537
test 5165
Epoch: 1 cost time: 53.86545205116272
Epoch: 1, Steps: 569 | Train Loss: 0.2804958 Vali Loss: 0.2451838 Test Loss: 0.3255139
Validation loss decreased (inf --> 0.245184).  Saving model ...
Updating learning rate to 0.0001
Epoch: 2 cost time: 49.73925995826721
Epoch: 2, Steps: 569 | Train Loss: 0.1595726 Vali Loss: 0.2130250 Test Loss: 0.2911095
Validation loss decreased (0.245184 --> 0.213025).  Saving model ...
Updating learning rate to 5e-05
Epoch: 3 cost time: 49.47921395301819
Epoch: 3, Steps: 569 | Train Loss: 0.1330602 Vali Loss: 0.2036687 Test Loss: 0.2871093
Validation loss decreased (0.213025 --> 0.203669).  Saving model ...
Updating learning rate to 2.5e-05
Epoch: 4 cost time: 49.06463670730591
Epoch: 4, Steps: 569 | Train Loss: 0.1235060 Vali Loss: 0.2010963 Test Loss: 0.2869266
Validation loss decreased (0.203669 --> 0.201096).  Saving model ...
Updating learning rate to 1.25e-05
Epoch: 5 cost time: 49.57179379463196
Epoch: 5, Steps: 569 | Train Loss: 0.1196175 Vali Loss: 0.2004192 Test Loss: 0.2873814
Validation loss decreased (0.201096 --> 0.200419).  Saving model ...
Updating learning rate to 6.25e-06
Epoch: 6 cost time: 49.5168616771698
Epoch: 6, Steps: 569 | Train Loss: 0.1176162 Vali Loss: 0.1995617 Test Loss: 0.2862050
Validation loss decreased (0.200419 --> 0.199562).  Saving model ...
Updating learning rate to 3.125e-06
Epoch: 7 cost time: 49.30802607536316
Epoch: 7, Steps: 569 | Train Loss: 0.1165439 Vali Loss: 0.1983311 Test Loss: 0.2848471
Validation loss decreased (0.199562 --> 0.198331).  Saving model ...
Updating learning rate to 1.5625e-06
Epoch: 8 cost time: 49.827494621276855
Epoch: 8, Steps: 569 | Train Loss: 0.1159152 Vali Loss: 0.1973228 Test Loss: 0.2855380
Validation loss decreased (0.198331 --> 0.197323).  Saving model ...
Updating learning rate to 7.8125e-07
Epoch: 9 cost time: 49.75090575218201
Epoch: 9, Steps: 569 | Train Loss: 0.1155606 Vali Loss: 0.1991851 Test Loss: 0.2863916
EarlyStopping counter: 1 out of 3
Updating learning rate to 3.90625e-07
Epoch: 10 cost time: 49.6836895942688
Epoch: 10, Steps: 569 | Train Loss: 0.1154937 Vali Loss: 0.1981139 Test Loss: 0.2856439
EarlyStopping counter: 2 out of 3
Updating learning rate to 1.953125e-07
>>>>>>>testing : electricity_96_96_Informer_custom_ftM_sl96_ll48_pl96_dm512_nh8_el4_dl2_df2048_fc3_ebtimeF_dtTrue_Exp_0<<<<<<<<<<<<<<<<<<<<<<<<<<<<<<<<<
test 5165
mse:0.28545036911964417, mae:0.3743743598461151
INFO: Trainable parameter count: 0.49M
INFO: Trainable parameter count: 0.50M
INFO: Trainable parameter count: 0.99M
INFO: Trainable parameter count: 0.99M
INFO: Trainable parameter count: 1.25M
INFO: Trainable parameter count: 1.25M
INFO: Trainable parameter count: 1.52M
INFO: Trainable parameter count: 1.52M
INFO: Trainable parameter count: 1.78M
INFO: Trainable parameter count: 1.78M
INFO: Trainable parameter count: 2.04M
INFO: Trainable parameter count: 2.04M
INFO: Trainable parameter count: 3.09M
INFO: Trainable parameter count: 3.09M
INFO: Trainable parameter count: 4.14M
INFO: Trainable parameter count: 4.14M
INFO: Trainable parameter count: 4.14M
INFO: Trainable parameter count: 4.14M
INFO: Trainable parameter count: 4.14M
INFO: Trainable parameter count: 4.14M
INFO: Trainable parameter count: 4.40M
INFO: Trainable parameter count: 4.41M
INFO: Trainable parameter count: 4.67M
INFO: Trainable parameter count: 4.67M
INFO: Trainable parameter count: 4.93M
INFO: Trainable parameter count: 4.93M
INFO: Trainable parameter count: 5.19M
INFO: Trainable parameter count: 5.19M
INFO: Trainable parameter count: 6.24M
INFO: Trainable parameter count: 6.24M
INFO: Trainable parameter count: 7.29M
INFO: Trainable parameter count: 7.29M
INFO: Trainable parameter count: 7.29M
INFO: Trainable parameter count: 7.29M
INFO: Trainable parameter count: 7.29M
INFO: Trainable parameter count: 7.29M
INFO: Trainable parameter count: 7.56M
INFO: Trainable parameter count: 7.56M
INFO: Trainable parameter count: 7.82M
INFO: Trainable parameter count: 7.82M
INFO: Trainable parameter count: 8.08M
INFO: Trainable parameter count: 8.08M
INFO: Trainable parameter count: 8.35M
INFO: Trainable parameter count: 8.35M
INFO: Trainable parameter count: 9.39M
INFO: Trainable parameter count: 9.40M
INFO: Trainable parameter count: 10.44M
INFO: Trainable parameter count: 10.45M
INFO: Trainable parameter count: 10.45M
INFO: Trainable parameter count: 10.45M
INFO: Trainable parameter count: 10.45M
INFO: Trainable parameter count: 10.45M
INFO: Trainable parameter count: 10.71M
INFO: Trainable parameter count: 10.71M
INFO: Trainable parameter count: 10.97M
INFO: Trainable parameter count: 10.97M
INFO: Trainable parameter count: 11.23M
INFO: Trainable parameter count: 11.24M
INFO: Trainable parameter count: 11.50M
INFO: Trainable parameter count: 11.50M
INFO: Trainable parameter count: 12.55M
INFO: Trainable parameter count: 12.55M
INFO: Trainable parameter count: 13.60M
INFO: Trainable parameter count: 13.60M
INFO: Trainable parameter count: 13.60M
INFO: Trainable parameter count: 13.60M
INFO: Trainable parameter count: 13.60M
INFO: Trainable parameter count: 13.60M
INFO: Trainable parameter count: 14.39M
INFO: Trainable parameter count: 14.39M
INFO: Trainable parameter count: 14.39M
INFO: Trainable parameter count: 14.39M
INFO: Trainable parameter count: 15.17M
INFO: Trainable parameter count: 15.17M
INFO: Trainable parameter count: 15.18M
INFO: Trainable parameter count: 15.18M
INFO: Trainable parameter count: 15.96M
INFO: Trainable parameter count: 15.96M
INFO: Trainable parameter count: 15.96M
INFO: Trainable parameter count: 15.96M
INFO: Trainable parameter count: 15.96M
INFO: Trainable parameter count: 15.96M
INFO: Trainable parameter count: 16.23M
INFO: Trainable parameter count: 16.23M
INFO: Trainable parameter count: 16.49M
INFO: Trainable parameter count: 16.49M
INFO: Trainable parameter count: 16.75M
INFO: Trainable parameter count: 16.75M
INFO: Trainable parameter count: 17.01M
INFO: Trainable parameter count: 17.02M
INFO: Trainable parameter count: 17.28M
INFO: Trainable parameter count: 17.28M
INFO: Trainable parameter count: 17.54M
INFO: Trainable parameter count: 17.54M
INFO: Trainable parameter count: 17.80M
INFO: Trainable parameter count: 17.80M
INFO: Trainable parameter count: 18.07M
INFO: Trainable parameter count: 18.07M
INFO: Trainable parameter count: 19.11M
INFO: Trainable parameter count: 19.12M
INFO: Trainable parameter count: 20.17M
INFO: Trainable parameter count: 20.17M
INFO: Trainable parameter count: 20.17M
INFO: Trainable parameter count: 20.17M
INFO: Trainable parameter count: 20.17M
INFO: Trainable parameter count: 20.17M
INFO: Trainable parameter count: 20.17M
INFO: Trainable parameter count: 20.17M
INFO: Trainable parameter count: 20.43M
INFO: Trainable parameter count: 20.43M
INFO: Trainable parameter count: 20.69M
INFO: Trainable parameter count: 20.69M
INFO: Trainable parameter count: 20.96M
INFO: Trainable parameter count: 20.96M
INFO: Trainable parameter count: 21.22M
INFO: Trainable parameter count: 21.22M
INFO: Trainable parameter count: 21.48M
INFO: Trainable parameter count: 21.48M
INFO: Trainable parameter count: 21.74M
INFO: Trainable parameter count: 21.74M
INFO: Trainable parameter count: 22.01M
INFO: Trainable parameter count: 22.01M
INFO: Trainable parameter count: 22.27M
INFO: Trainable parameter count: 22.27M
INFO: Trainable parameter count: 23.32M
INFO: Trainable parameter count: 23.32M
INFO: Trainable parameter count: 24.37M
INFO: Trainable parameter count: 24.37M
INFO: Trainable parameter count: 24.37M
INFO: Trainable parameter count: 24.37M
INFO: Trainable parameter count: 24.37M
INFO: Trainable parameter count: 24.37M
INFO: Trainable parameter count: 24.37M
INFO: Trainable parameter count: 24.37M
INFO: Trainable parameter count: 24.37M
INFO: Trainable parameter count: 24.37M
INFO: Trainable parameter count: 24.54M
INFO: Trainable parameter count: 24.54M
Model(
  24.52 M, 99.933% Params, 1.94 GMac, 100.000% MACs, 
  (enc_embedding): DataEmbedding(
    495.1 k, 2.018% Params, 47.53 MMac, 2.454% MACs, 
    (value_embedding): TokenEmbedding(
      493.06 k, 2.009% Params, 47.33 MMac, 2.444% MACs, 
      (tokenConv): Conv1d(493.06 k, 2.009% Params, 47.33 MMac, 2.444% MACs, 321, 512, kernel_size=(3,), stride=(1,), padding=(1,), bias=False, padding_mode=circular)
    )
    (position_embedding): PositionalEmbedding(0, 0.000% Params, 0.0 Mac, 0.000% MACs, )
    (temporal_embedding): TimeFeatureEmbedding(
      2.05 k, 0.008% Params, 196.61 KMac, 0.010% MACs, 
      (embed): Linear(2.05 k, 0.008% Params, 196.61 KMac, 0.010% MACs, in_features=4, out_features=512, bias=False)
    )
    (dropout): Dropout(0, 0.000% Params, 0.0 Mac, 0.000% MACs, p=0.05, inplace=False)
  )
  (dec_embedding): DataEmbedding(
    495.1 k, 2.018% Params, 71.29 MMac, 3.681% MACs, 
    (value_embedding): TokenEmbedding(
      493.06 k, 2.009% Params, 71.0 MMac, 3.666% MACs, 
      (tokenConv): Conv1d(493.06 k, 2.009% Params, 71.0 MMac, 3.666% MACs, 321, 512, kernel_size=(3,), stride=(1,), padding=(1,), bias=False, padding_mode=circular)
    )
    (position_embedding): PositionalEmbedding(0, 0.000% Params, 0.0 Mac, 0.000% MACs, )
    (temporal_embedding): TimeFeatureEmbedding(
      2.05 k, 0.008% Params, 294.91 KMac, 0.015% MACs, 
      (embed): Linear(2.05 k, 0.008% Params, 294.91 KMac, 0.015% MACs, in_features=4, out_features=512, bias=False)
    )
    (dropout): Dropout(0, 0.000% Params, 0.0 Mac, 0.000% MACs, p=0.05, inplace=False)
  )
  (encoder): Encoder(
    14.97 M, 60.987% Params, 722.09 MMac, 37.279% MACs, 
    (attn_layers): ModuleList(
      12.6 M, 51.353% Params, 582.44 MMac, 30.070% MACs, 
      (0): EncoderLayer(
        3.15 M, 12.838% Params, 302.24 MMac, 15.604% MACs, 
        (attention): AttentionLayer(
          1.05 M, 4.282% Params, 100.67 MMac, 5.197% MACs, 
          (inner_attention): ProbAttention(
            0, 0.000% Params, 0.0 Mac, 0.000% MACs, 
            (dropout): Dropout(0, 0.000% Params, 0.0 Mac, 0.000% MACs, p=0.05, inplace=False)
          )
          (query_projection): Linear(262.66 k, 1.070% Params, 25.17 MMac, 1.299% MACs, in_features=512, out_features=512, bias=True)
          (key_projection): Linear(262.66 k, 1.070% Params, 25.17 MMac, 1.299% MACs, in_features=512, out_features=512, bias=True)
          (value_projection): Linear(262.66 k, 1.070% Params, 25.17 MMac, 1.299% MACs, in_features=512, out_features=512, bias=True)
          (out_projection): Linear(262.66 k, 1.070% Params, 25.17 MMac, 1.299% MACs, in_features=512, out_features=512, bias=True)
        )
        (conv1): Conv1d(1.05 M, 4.282% Params, 100.86 MMac, 5.207% MACs, 512, 2048, kernel_size=(1,), stride=(1,))
        (conv2): Conv1d(1.05 M, 4.275% Params, 100.71 MMac, 5.199% MACs, 2048, 512, kernel_size=(1,), stride=(1,))
        (norm1): LayerNorm(0, 0.000% Params, 0.0 Mac, 0.000% MACs, (512,), eps=1e-05, elementwise_affine=True)
        (norm2): LayerNorm(0, 0.000% Params, 0.0 Mac, 0.000% MACs, (512,), eps=1e-05, elementwise_affine=True)
        (dropout): Dropout(0, 0.000% Params, 0.0 Mac, 0.000% MACs, p=0.05, inplace=False)
      )
      (1): EncoderLayer(
        3.15 M, 12.838% Params, 154.27 MMac, 7.964% MACs, 
        (attention): AttentionLayer(
          1.05 M, 4.282% Params, 51.38 MMac, 2.653% MACs, 
          (inner_attention): ProbAttention(
            0, 0.000% Params, 0.0 Mac, 0.000% MACs, 
            (dropout): Dropout(0, 0.000% Params, 0.0 Mac, 0.000% MACs, p=0.05, inplace=False)
          )
          (query_projection): Linear(262.66 k, 1.070% Params, 12.85 MMac, 0.663% MACs, in_features=512, out_features=512, bias=True)
          (key_projection): Linear(262.66 k, 1.070% Params, 12.85 MMac, 0.663% MACs, in_features=512, out_features=512, bias=True)
          (value_projection): Linear(262.66 k, 1.070% Params, 12.85 MMac, 0.663% MACs, in_features=512, out_features=512, bias=True)
          (out_projection): Linear(262.66 k, 1.070% Params, 12.85 MMac, 0.663% MACs, in_features=512, out_features=512, bias=True)
        )
        (conv1): Conv1d(1.05 M, 4.282% Params, 51.48 MMac, 2.658% MACs, 512, 2048, kernel_size=(1,), stride=(1,))
        (conv2): Conv1d(1.05 M, 4.275% Params, 51.41 MMac, 2.654% MACs, 2048, 512, kernel_size=(1,), stride=(1,))
        (norm1): LayerNorm(0, 0.000% Params, 0.0 Mac, 0.000% MACs, (512,), eps=1e-05, elementwise_affine=True)
        (norm2): LayerNorm(0, 0.000% Params, 0.0 Mac, 0.000% MACs, (512,), eps=1e-05, elementwise_affine=True)
        (dropout): Dropout(0, 0.000% Params, 0.0 Mac, 0.000% MACs, p=0.05, inplace=False)
      )
      (2): EncoderLayer(
        3.15 M, 12.838% Params, 81.86 MMac, 4.226% MACs, 
        (attention): AttentionLayer(
          1.05 M, 4.282% Params, 27.27 MMac, 1.408% MACs, 
          (inner_attention): ProbAttention(
            0, 0.000% Params, 0.0 Mac, 0.000% MACs, 
            (dropout): Dropout(0, 0.000% Params, 0.0 Mac, 0.000% MACs, p=0.05, inplace=False)
          )
          (query_projection): Linear(262.66 k, 1.070% Params, 6.82 MMac, 0.352% MACs, in_features=512, out_features=512, bias=True)
          (key_projection): Linear(262.66 k, 1.070% Params, 6.82 MMac, 0.352% MACs, in_features=512, out_features=512, bias=True)
          (value_projection): Linear(262.66 k, 1.070% Params, 6.82 MMac, 0.352% MACs, in_features=512, out_features=512, bias=True)
          (out_projection): Linear(262.66 k, 1.070% Params, 6.82 MMac, 0.352% MACs, in_features=512, out_features=512, bias=True)
        )
        (conv1): Conv1d(1.05 M, 4.282% Params, 27.32 MMac, 1.410% MACs, 512, 2048, kernel_size=(1,), stride=(1,))
        (conv2): Conv1d(1.05 M, 4.275% Params, 27.28 MMac, 1.408% MACs, 2048, 512, kernel_size=(1,), stride=(1,))
        (norm1): LayerNorm(0, 0.000% Params, 0.0 Mac, 0.000% MACs, (512,), eps=1e-05, elementwise_affine=True)
        (norm2): LayerNorm(0, 0.000% Params, 0.0 Mac, 0.000% MACs, (512,), eps=1e-05, elementwise_affine=True)
        (dropout): Dropout(0, 0.000% Params, 0.0 Mac, 0.000% MACs, p=0.05, inplace=False)
      )
      (3): EncoderLayer(
        3.15 M, 12.838% Params, 44.08 MMac, 2.276% MACs, 
        (attention): AttentionLayer(
          1.05 M, 4.282% Params, 14.68 MMac, 0.758% MACs, 
          (inner_attention): ProbAttention(
            0, 0.000% Params, 0.0 Mac, 0.000% MACs, 
            (dropout): Dropout(0, 0.000% Params, 0.0 Mac, 0.000% MACs, p=0.05, inplace=False)
          )
          (query_projection): Linear(262.66 k, 1.070% Params, 3.67 MMac, 0.189% MACs, in_features=512, out_features=512, bias=True)
          (key_projection): Linear(262.66 k, 1.070% Params, 3.67 MMac, 0.189% MACs, in_features=512, out_features=512, bias=True)
          (value_projection): Linear(262.66 k, 1.070% Params, 3.67 MMac, 0.189% MACs, in_features=512, out_features=512, bias=True)
          (out_projection): Linear(262.66 k, 1.070% Params, 3.67 MMac, 0.189% MACs, in_features=512, out_features=512, bias=True)
        )
        (conv1): Conv1d(1.05 M, 4.282% Params, 14.71 MMac, 0.759% MACs, 512, 2048, kernel_size=(1,), stride=(1,))
        (conv2): Conv1d(1.05 M, 4.275% Params, 14.69 MMac, 0.758% MACs, 2048, 512, kernel_size=(1,), stride=(1,))
        (norm1): LayerNorm(0, 0.000% Params, 0.0 Mac, 0.000% MACs, (512,), eps=1e-05, elementwise_affine=True)
        (norm2): LayerNorm(0, 0.000% Params, 0.0 Mac, 0.000% MACs, (512,), eps=1e-05, elementwise_affine=True)
        (dropout): Dropout(0, 0.000% Params, 0.0 Mac, 0.000% MACs, p=0.05, inplace=False)
      )
    )
    (conv_layers): ModuleList(
      2.36 M, 9.633% Params, 139.65 MMac, 7.210% MACs, 
      (0): ConvLayer(
        787.97 k, 3.211% Params, 77.32 MMac, 3.992% MACs, 
        (downConv): Conv1d(786.94 k, 3.207% Params, 77.12 MMac, 3.981% MACs, 512, 512, kernel_size=(3,), stride=(1,), padding=(2,), padding_mode=circular)
        (norm): BatchNorm1d(1.02 k, 0.004% Params, 100.35 KMac, 0.005% MACs, 512, eps=1e-05, momentum=0.1, affine=True, track_running_stats=True)
        (activation): ELU(0, 0.000% Params, 50.18 KMac, 0.003% MACs, alpha=1.0)
        (maxPool): MaxPool1d(0, 0.000% Params, 50.18 KMac, 0.003% MACs, kernel_size=3, stride=2, padding=1, dilation=1, ceil_mode=False)
      )
      (1): ConvLayer(
        787.97 k, 3.211% Params, 40.24 MMac, 2.077% MACs, 
        (downConv): Conv1d(786.94 k, 3.207% Params, 40.13 MMac, 2.072% MACs, 512, 512, kernel_size=(3,), stride=(1,), padding=(2,), padding_mode=circular)
        (norm): BatchNorm1d(1.02 k, 0.004% Params, 52.22 KMac, 0.003% MACs, 512, eps=1e-05, momentum=0.1, affine=True, track_running_stats=True)
        (activation): ELU(0, 0.000% Params, 26.11 KMac, 0.001% MACs, alpha=1.0)
        (maxPool): MaxPool1d(0, 0.000% Params, 26.11 KMac, 0.001% MACs, kernel_size=3, stride=2, padding=1, dilation=1, ceil_mode=False)
      )
      (2): ConvLayer(
        787.97 k, 3.211% Params, 22.09 MMac, 1.141% MACs, 
        (downConv): Conv1d(786.94 k, 3.207% Params, 22.03 MMac, 1.138% MACs, 512, 512, kernel_size=(3,), stride=(1,), padding=(2,), padding_mode=circular)
        (norm): BatchNorm1d(1.02 k, 0.004% Params, 28.67 KMac, 0.001% MACs, 512, eps=1e-05, momentum=0.1, affine=True, track_running_stats=True)
        (activation): ELU(0, 0.000% Params, 14.34 KMac, 0.001% MACs, alpha=1.0)
        (maxPool): MaxPool1d(0, 0.000% Params, 14.34 KMac, 0.001% MACs, kernel_size=3, stride=2, padding=1, dilation=1, ceil_mode=False)
      )
    )
    (norm): LayerNorm(0, 0.000% Params, 0.0 Mac, 0.000% MACs, (512,), eps=1e-05, elementwise_affine=True)
  )
  (decoder): Decoder(
    8.57 M, 34.911% Params, 1.1 GMac, 56.586% MACs, 
    (layers): ModuleList(
      8.4 M, 34.240% Params, 1.07 GMac, 55.364% MACs, 
      (0): DecoderLayer(
        4.2 M, 17.120% Params, 536.2 MMac, 27.682% MACs, 
        (self_attention): AttentionLayer(
          1.05 M, 4.282% Params, 151.0 MMac, 7.796% MACs, 
          (inner_attention): ProbAttention(
            0, 0.000% Params, 0.0 Mac, 0.000% MACs, 
            (dropout): Dropout(0, 0.000% Params, 0.0 Mac, 0.000% MACs, p=0.05, inplace=False)
          )
          (query_projection): Linear(262.66 k, 1.070% Params, 37.75 MMac, 1.949% MACs, in_features=512, out_features=512, bias=True)
          (key_projection): Linear(262.66 k, 1.070% Params, 37.75 MMac, 1.949% MACs, in_features=512, out_features=512, bias=True)
          (value_projection): Linear(262.66 k, 1.070% Params, 37.75 MMac, 1.949% MACs, in_features=512, out_features=512, bias=True)
          (out_projection): Linear(262.66 k, 1.070% Params, 37.75 MMac, 1.949% MACs, in_features=512, out_features=512, bias=True)
        )
        (cross_attention): AttentionLayer(
          1.05 M, 4.282% Params, 82.84 MMac, 4.277% MACs, 
          (inner_attention): ProbAttention(
            0, 0.000% Params, 0.0 Mac, 0.000% MACs, 
            (dropout): Dropout(0, 0.000% Params, 0.0 Mac, 0.000% MACs, p=0.05, inplace=False)
          )
          (query_projection): Linear(262.66 k, 1.070% Params, 37.75 MMac, 1.949% MACs, in_features=512, out_features=512, bias=True)
          (key_projection): Linear(262.66 k, 1.070% Params, 3.67 MMac, 0.189% MACs, in_features=512, out_features=512, bias=True)
          (value_projection): Linear(262.66 k, 1.070% Params, 3.67 MMac, 0.189% MACs, in_features=512, out_features=512, bias=True)
          (out_projection): Linear(262.66 k, 1.070% Params, 37.75 MMac, 1.949% MACs, in_features=512, out_features=512, bias=True)
        )
        (conv1): Conv1d(1.05 M, 4.282% Params, 151.29 MMac, 7.811% MACs, 512, 2048, kernel_size=(1,), stride=(1,))
        (conv2): Conv1d(1.05 M, 4.275% Params, 151.07 MMac, 7.799% MACs, 2048, 512, kernel_size=(1,), stride=(1,))
        (norm1): LayerNorm(0, 0.000% Params, 0.0 Mac, 0.000% MACs, (512,), eps=1e-05, elementwise_affine=True)
        (norm2): LayerNorm(0, 0.000% Params, 0.0 Mac, 0.000% MACs, (512,), eps=1e-05, elementwise_affine=True)
        (norm3): LayerNorm(0, 0.000% Params, 0.0 Mac, 0.000% MACs, (512,), eps=1e-05, elementwise_affine=True)
        (dropout): Dropout(0, 0.000% Params, 0.0 Mac, 0.000% MACs, p=0.05, inplace=False)
      )
      (1): DecoderLayer(
        4.2 M, 17.120% Params, 536.2 MMac, 27.682% MACs, 
        (self_attention): AttentionLayer(
          1.05 M, 4.282% Params, 151.0 MMac, 7.796% MACs, 
          (inner_attention): ProbAttention(
            0, 0.000% Params, 0.0 Mac, 0.000% MACs, 
            (dropout): Dropout(0, 0.000% Params, 0.0 Mac, 0.000% MACs, p=0.05, inplace=False)
          )
          (query_projection): Linear(262.66 k, 1.070% Params, 37.75 MMac, 1.949% MACs, in_features=512, out_features=512, bias=True)
          (key_projection): Linear(262.66 k, 1.070% Params, 37.75 MMac, 1.949% MACs, in_features=512, out_features=512, bias=True)
          (value_projection): Linear(262.66 k, 1.070% Params, 37.75 MMac, 1.949% MACs, in_features=512, out_features=512, bias=True)
          (out_projection): Linear(262.66 k, 1.070% Params, 37.75 MMac, 1.949% MACs, in_features=512, out_features=512, bias=True)
        )
        (cross_attention): AttentionLayer(
          1.05 M, 4.282% Params, 82.84 MMac, 4.277% MACs, 
          (inner_attention): ProbAttention(
            0, 0.000% Params, 0.0 Mac, 0.000% MACs, 
            (dropout): Dropout(0, 0.000% Params, 0.0 Mac, 0.000% MACs, p=0.05, inplace=False)
          )
          (query_projection): Linear(262.66 k, 1.070% Params, 37.75 MMac, 1.949% MACs, in_features=512, out_features=512, bias=True)
          (key_projection): Linear(262.66 k, 1.070% Params, 3.67 MMac, 0.189% MACs, in_features=512, out_features=512, bias=True)
          (value_projection): Linear(262.66 k, 1.070% Params, 3.67 MMac, 0.189% MACs, in_features=512, out_features=512, bias=True)
          (out_projection): Linear(262.66 k, 1.070% Params, 37.75 MMac, 1.949% MACs, in_features=512, out_features=512, bias=True)
        )
        (conv1): Conv1d(1.05 M, 4.282% Params, 151.29 MMac, 7.811% MACs, 512, 2048, kernel_size=(1,), stride=(1,))
        (conv2): Conv1d(1.05 M, 4.275% Params, 151.07 MMac, 7.799% MACs, 2048, 512, kernel_size=(1,), stride=(1,))
        (norm1): LayerNorm(0, 0.000% Params, 0.0 Mac, 0.000% MACs, (512,), eps=1e-05, elementwise_affine=True)
        (norm2): LayerNorm(0, 0.000% Params, 0.0 Mac, 0.000% MACs, (512,), eps=1e-05, elementwise_affine=True)
        (norm3): LayerNorm(0, 0.000% Params, 0.0 Mac, 0.000% MACs, (512,), eps=1e-05, elementwise_affine=True)
        (dropout): Dropout(0, 0.000% Params, 0.0 Mac, 0.000% MACs, p=0.05, inplace=False)
      )
    )
    (norm): LayerNorm(0, 0.000% Params, 0.0 Mac, 0.000% MACs, (512,), eps=1e-05, elementwise_affine=True)
    (projection): Linear(164.67 k, 0.671% Params, 23.67 MMac, 1.222% MACs, in_features=512, out_features=321, bias=True)
  )
)
Computational complexity:       1.94 GMac
Number of parameters:           24.54 M 
