Args in experiment:
Namespace(is_training=1, model_id='ETTh1_96_96', model='Informer', data='ETTh1', root_path='./dataset/', data_path='ETTh1.csv', features='M', target='OT', freq='h', checkpoints='./checkpoints/', seq_len=96, label_len=48, pred_len=96, individual=False, embed_type=0, enc_in=7, dec_in=7, c_out=7, d_model=512, n_heads=8, e_layers=3, d_layers=2, d_ff=2048, moving_avg=25, factor=3, distil=True, dropout=0.05, embed='timeF', activation='gelu', output_attention=False, do_predict=False, num_workers=10, itr=1, train_epochs=10, batch_size=32, patience=3, learning_rate=0.0001, des='Exp', loss='mse', lradj='type1', use_amp=False, use_gpu=True, gpu=2, use_multi_gpu=False, devices='0,1,2,3', test_flop=True)
Use GPU: cuda:2
>>>>>>>start training : ETTh1_96_96_Informer_ETTh1_ftM_sl96_ll48_pl96_dm512_nh8_el3_dl2_df2048_fc3_ebtimeF_dtTrue_Exp_0>>>>>>>>>>>>>>>>>>>>>>>>>>
train 8449
val 2785
test 2785
Epoch: 1 cost time: 22.58173632621765
Epoch: 1, Steps: 264 | Train Loss: 0.4773293 Vali Loss: 1.0272537 Test Loss: 0.7291042
Validation loss decreased (inf --> 1.027254).  Saving model ...
Updating learning rate to 0.0001
Epoch: 2 cost time: 19.064244747161865
Epoch: 2, Steps: 264 | Train Loss: 0.3222422 Vali Loss: 1.0531372 Test Loss: 0.9593024
EarlyStopping counter: 1 out of 3
Updating learning rate to 5e-05
Epoch: 3 cost time: 19.26258635520935
Epoch: 3, Steps: 264 | Train Loss: 0.2691765 Vali Loss: 1.0741702 Test Loss: 0.9274331
EarlyStopping counter: 2 out of 3
Updating learning rate to 2.5e-05
Epoch: 4 cost time: 19.410579681396484
Epoch: 4, Steps: 264 | Train Loss: 0.2412843 Vali Loss: 1.1266078 Test Loss: 0.9654104
EarlyStopping counter: 3 out of 3
Early stopping
>>>>>>>testing : ETTh1_96_96_Informer_ETTh1_ftM_sl96_ll48_pl96_dm512_nh8_el3_dl2_df2048_fc3_ebtimeF_dtTrue_Exp_0<<<<<<<<<<<<<<<<<<<<<<<<<<<<<<<<<
test 2785
mse:0.7288907766342163, mae:0.6476365327835083
INFO: Trainable parameter count: 0.01M
INFO: Trainable parameter count: 0.01M
INFO: Trainable parameter count: 0.02M
INFO: Trainable parameter count: 0.03M
INFO: Trainable parameter count: 0.29M
INFO: Trainable parameter count: 0.29M
INFO: Trainable parameter count: 0.55M
INFO: Trainable parameter count: 0.55M
INFO: Trainable parameter count: 0.81M
INFO: Trainable parameter count: 0.81M
INFO: Trainable parameter count: 1.08M
INFO: Trainable parameter count: 1.08M
INFO: Trainable parameter count: 2.12M
INFO: Trainable parameter count: 2.13M
INFO: Trainable parameter count: 3.18M
INFO: Trainable parameter count: 3.18M
INFO: Trainable parameter count: 3.18M
INFO: Trainable parameter count: 3.18M
INFO: Trainable parameter count: 3.18M
INFO: Trainable parameter count: 3.18M
INFO: Trainable parameter count: 3.44M
INFO: Trainable parameter count: 3.44M
INFO: Trainable parameter count: 3.70M
INFO: Trainable parameter count: 3.70M
INFO: Trainable parameter count: 3.97M
INFO: Trainable parameter count: 3.97M
INFO: Trainable parameter count: 4.23M
INFO: Trainable parameter count: 4.23M
INFO: Trainable parameter count: 5.28M
INFO: Trainable parameter count: 5.28M
INFO: Trainable parameter count: 6.33M
INFO: Trainable parameter count: 6.33M
INFO: Trainable parameter count: 6.33M
INFO: Trainable parameter count: 6.33M
INFO: Trainable parameter count: 6.33M
INFO: Trainable parameter count: 6.33M
INFO: Trainable parameter count: 6.59M
INFO: Trainable parameter count: 6.59M
INFO: Trainable parameter count: 6.86M
INFO: Trainable parameter count: 6.86M
INFO: Trainable parameter count: 7.12M
INFO: Trainable parameter count: 7.12M
INFO: Trainable parameter count: 7.38M
INFO: Trainable parameter count: 7.38M
INFO: Trainable parameter count: 8.43M
INFO: Trainable parameter count: 8.43M
INFO: Trainable parameter count: 9.48M
INFO: Trainable parameter count: 9.48M
INFO: Trainable parameter count: 9.48M
INFO: Trainable parameter count: 9.48M
INFO: Trainable parameter count: 9.48M
INFO: Trainable parameter count: 9.48M
INFO: Trainable parameter count: 10.27M
INFO: Trainable parameter count: 10.27M
INFO: Trainable parameter count: 10.27M
INFO: Trainable parameter count: 10.27M
INFO: Trainable parameter count: 11.06M
INFO: Trainable parameter count: 11.06M
INFO: Trainable parameter count: 11.06M
INFO: Trainable parameter count: 11.06M
INFO: Trainable parameter count: 11.06M
INFO: Trainable parameter count: 11.06M
INFO: Trainable parameter count: 11.32M
INFO: Trainable parameter count: 11.32M
INFO: Trainable parameter count: 11.58M
INFO: Trainable parameter count: 11.59M
INFO: Trainable parameter count: 11.85M
INFO: Trainable parameter count: 11.85M
INFO: Trainable parameter count: 12.11M
INFO: Trainable parameter count: 12.11M
INFO: Trainable parameter count: 12.37M
INFO: Trainable parameter count: 12.37M
INFO: Trainable parameter count: 12.64M
INFO: Trainable parameter count: 12.64M
INFO: Trainable parameter count: 12.90M
INFO: Trainable parameter count: 12.90M
INFO: Trainable parameter count: 13.16M
INFO: Trainable parameter count: 13.16M
INFO: Trainable parameter count: 14.21M
INFO: Trainable parameter count: 14.21M
INFO: Trainable parameter count: 15.26M
INFO: Trainable parameter count: 15.26M
INFO: Trainable parameter count: 15.26M
INFO: Trainable parameter count: 15.26M
INFO: Trainable parameter count: 15.26M
INFO: Trainable parameter count: 15.26M
INFO: Trainable parameter count: 15.26M
INFO: Trainable parameter count: 15.26M
INFO: Trainable parameter count: 15.53M
INFO: Trainable parameter count: 15.53M
INFO: Trainable parameter count: 15.79M
INFO: Trainable parameter count: 15.79M
INFO: Trainable parameter count: 16.05M
INFO: Trainable parameter count: 16.05M
INFO: Trainable parameter count: 16.31M
INFO: Trainable parameter count: 16.31M
INFO: Trainable parameter count: 16.58M
INFO: Trainable parameter count: 16.58M
INFO: Trainable parameter count: 16.84M
INFO: Trainable parameter count: 16.84M
INFO: Trainable parameter count: 17.10M
INFO: Trainable parameter count: 17.10M
INFO: Trainable parameter count: 17.36M
INFO: Trainable parameter count: 17.36M
INFO: Trainable parameter count: 18.41M
INFO: Trainable parameter count: 18.42M
INFO: Trainable parameter count: 19.46M
INFO: Trainable parameter count: 19.46M
INFO: Trainable parameter count: 19.47M
INFO: Trainable parameter count: 19.47M
INFO: Trainable parameter count: 19.47M
INFO: Trainable parameter count: 19.47M
INFO: Trainable parameter count: 19.47M
INFO: Trainable parameter count: 19.47M
INFO: Trainable parameter count: 19.47M
INFO: Trainable parameter count: 19.47M
INFO: Trainable parameter count: 19.47M
INFO: Trainable parameter count: 19.47M
Model(
  19.46 M, 99.926% Params, 1.74 GMac, 100.000% MACs, 
  (enc_embedding): DataEmbedding(
    12.8 k, 0.066% Params, 1.23 MMac, 0.070% MACs, 
    (value_embedding): TokenEmbedding(
      10.75 k, 0.055% Params, 1.03 MMac, 0.059% MACs, 
      (tokenConv): Conv1d(10.75 k, 0.055% Params, 1.03 MMac, 0.059% MACs, 7, 512, kernel_size=(3,), stride=(1,), padding=(1,), bias=False, padding_mode=circular)
    )
    (position_embedding): PositionalEmbedding(0, 0.000% Params, 0.0 Mac, 0.000% MACs, )
    (temporal_embedding): TimeFeatureEmbedding(
      2.05 k, 0.011% Params, 196.61 KMac, 0.011% MACs, 
      (embed): Linear(2.05 k, 0.011% Params, 196.61 KMac, 0.011% MACs, in_features=4, out_features=512, bias=False)
    )
    (dropout): Dropout(0, 0.000% Params, 0.0 Mac, 0.000% MACs, p=0.05, inplace=False)
  )
  (dec_embedding): DataEmbedding(
    12.8 k, 0.066% Params, 1.84 MMac, 0.106% MACs, 
    (value_embedding): TokenEmbedding(
      10.75 k, 0.055% Params, 1.55 MMac, 0.089% MACs, 
      (tokenConv): Conv1d(10.75 k, 0.055% Params, 1.55 MMac, 0.089% MACs, 7, 512, kernel_size=(3,), stride=(1,), padding=(1,), bias=False, padding_mode=circular)
    )
    (position_embedding): PositionalEmbedding(0, 0.000% Params, 0.0 Mac, 0.000% MACs, )
    (temporal_embedding): TimeFeatureEmbedding(
      2.05 k, 0.011% Params, 294.91 KMac, 0.017% MACs, 
      (embed): Linear(2.05 k, 0.011% Params, 294.91 KMac, 0.017% MACs, in_features=4, out_features=512, bias=False)
    )
    (dropout): Dropout(0, 0.000% Params, 0.0 Mac, 0.000% MACs, p=0.05, inplace=False)
  )
  (encoder): Encoder(
    11.03 M, 56.629% Params, 655.92 MMac, 37.600% MACs, 
    (attn_layers): ModuleList(
      9.45 M, 48.535% Params, 538.36 MMac, 30.861% MACs, 
      (0): EncoderLayer(
        3.15 M, 16.178% Params, 302.24 MMac, 17.325% MACs, 
        (attention): AttentionLayer(
          1.05 M, 5.395% Params, 100.67 MMac, 5.770% MACs, 
          (inner_attention): ProbAttention(
            0, 0.000% Params, 0.0 Mac, 0.000% MACs, 
            (dropout): Dropout(0, 0.000% Params, 0.0 Mac, 0.000% MACs, p=0.05, inplace=False)
          )
          (query_projection): Linear(262.66 k, 1.349% Params, 25.17 MMac, 1.443% MACs, in_features=512, out_features=512, bias=True)
          (key_projection): Linear(262.66 k, 1.349% Params, 25.17 MMac, 1.443% MACs, in_features=512, out_features=512, bias=True)
          (value_projection): Linear(262.66 k, 1.349% Params, 25.17 MMac, 1.443% MACs, in_features=512, out_features=512, bias=True)
          (out_projection): Linear(262.66 k, 1.349% Params, 25.17 MMac, 1.443% MACs, in_features=512, out_features=512, bias=True)
        )
        (conv1): Conv1d(1.05 M, 5.395% Params, 100.86 MMac, 5.782% MACs, 512, 2048, kernel_size=(1,), stride=(1,))
        (conv2): Conv1d(1.05 M, 5.388% Params, 100.71 MMac, 5.773% MACs, 2048, 512, kernel_size=(1,), stride=(1,))
        (norm1): LayerNorm(0, 0.000% Params, 0.0 Mac, 0.000% MACs, (512,), eps=1e-05, elementwise_affine=True)
        (norm2): LayerNorm(0, 0.000% Params, 0.0 Mac, 0.000% MACs, (512,), eps=1e-05, elementwise_affine=True)
        (dropout): Dropout(0, 0.000% Params, 0.0 Mac, 0.000% MACs, p=0.05, inplace=False)
      )
      (1): EncoderLayer(
        3.15 M, 16.178% Params, 154.27 MMac, 8.843% MACs, 
        (attention): AttentionLayer(
          1.05 M, 5.395% Params, 51.38 MMac, 2.945% MACs, 
          (inner_attention): ProbAttention(
            0, 0.000% Params, 0.0 Mac, 0.000% MACs, 
            (dropout): Dropout(0, 0.000% Params, 0.0 Mac, 0.000% MACs, p=0.05, inplace=False)
          )
          (query_projection): Linear(262.66 k, 1.349% Params, 12.85 MMac, 0.736% MACs, in_features=512, out_features=512, bias=True)
          (key_projection): Linear(262.66 k, 1.349% Params, 12.85 MMac, 0.736% MACs, in_features=512, out_features=512, bias=True)
          (value_projection): Linear(262.66 k, 1.349% Params, 12.85 MMac, 0.736% MACs, in_features=512, out_features=512, bias=True)
          (out_projection): Linear(262.66 k, 1.349% Params, 12.85 MMac, 0.736% MACs, in_features=512, out_features=512, bias=True)
        )
        (conv1): Conv1d(1.05 M, 5.395% Params, 51.48 MMac, 2.951% MACs, 512, 2048, kernel_size=(1,), stride=(1,))
        (conv2): Conv1d(1.05 M, 5.388% Params, 51.41 MMac, 2.947% MACs, 2048, 512, kernel_size=(1,), stride=(1,))
        (norm1): LayerNorm(0, 0.000% Params, 0.0 Mac, 0.000% MACs, (512,), eps=1e-05, elementwise_affine=True)
        (norm2): LayerNorm(0, 0.000% Params, 0.0 Mac, 0.000% MACs, (512,), eps=1e-05, elementwise_affine=True)
        (dropout): Dropout(0, 0.000% Params, 0.0 Mac, 0.000% MACs, p=0.05, inplace=False)
      )
      (2): EncoderLayer(
        3.15 M, 16.178% Params, 81.86 MMac, 4.692% MACs, 
        (attention): AttentionLayer(
          1.05 M, 5.395% Params, 27.27 MMac, 1.563% MACs, 
          (inner_attention): ProbAttention(
            0, 0.000% Params, 0.0 Mac, 0.000% MACs, 
            (dropout): Dropout(0, 0.000% Params, 0.0 Mac, 0.000% MACs, p=0.05, inplace=False)
          )
          (query_projection): Linear(262.66 k, 1.349% Params, 6.82 MMac, 0.391% MACs, in_features=512, out_features=512, bias=True)
          (key_projection): Linear(262.66 k, 1.349% Params, 6.82 MMac, 0.391% MACs, in_features=512, out_features=512, bias=True)
          (value_projection): Linear(262.66 k, 1.349% Params, 6.82 MMac, 0.391% MACs, in_features=512, out_features=512, bias=True)
          (out_projection): Linear(262.66 k, 1.349% Params, 6.82 MMac, 0.391% MACs, in_features=512, out_features=512, bias=True)
        )
        (conv1): Conv1d(1.05 M, 5.395% Params, 27.32 MMac, 1.566% MACs, 512, 2048, kernel_size=(1,), stride=(1,))
        (conv2): Conv1d(1.05 M, 5.388% Params, 27.28 MMac, 1.564% MACs, 2048, 512, kernel_size=(1,), stride=(1,))
        (norm1): LayerNorm(0, 0.000% Params, 0.0 Mac, 0.000% MACs, (512,), eps=1e-05, elementwise_affine=True)
        (norm2): LayerNorm(0, 0.000% Params, 0.0 Mac, 0.000% MACs, (512,), eps=1e-05, elementwise_affine=True)
        (dropout): Dropout(0, 0.000% Params, 0.0 Mac, 0.000% MACs, p=0.05, inplace=False)
      )
    )
    (conv_layers): ModuleList(
      1.58 M, 8.093% Params, 117.56 MMac, 6.739% MACs, 
      (0): ConvLayer(
        787.97 k, 4.047% Params, 77.32 MMac, 4.432% MACs, 
        (downConv): Conv1d(786.94 k, 4.041% Params, 77.12 MMac, 4.421% MACs, 512, 512, kernel_size=(3,), stride=(1,), padding=(2,), padding_mode=circular)
        (norm): BatchNorm1d(1.02 k, 0.005% Params, 100.35 KMac, 0.006% MACs, 512, eps=1e-05, momentum=0.1, affine=True, track_running_stats=True)
        (activation): ELU(0, 0.000% Params, 50.18 KMac, 0.003% MACs, alpha=1.0)
        (maxPool): MaxPool1d(0, 0.000% Params, 50.18 KMac, 0.003% MACs, kernel_size=3, stride=2, padding=1, dilation=1, ceil_mode=False)
      )
      (1): ConvLayer(
        787.97 k, 4.047% Params, 40.24 MMac, 2.307% MACs, 
        (downConv): Conv1d(786.94 k, 4.041% Params, 40.13 MMac, 2.301% MACs, 512, 512, kernel_size=(3,), stride=(1,), padding=(2,), padding_mode=circular)
        (norm): BatchNorm1d(1.02 k, 0.005% Params, 52.22 KMac, 0.003% MACs, 512, eps=1e-05, momentum=0.1, affine=True, track_running_stats=True)
        (activation): ELU(0, 0.000% Params, 26.11 KMac, 0.001% MACs, alpha=1.0)
        (maxPool): MaxPool1d(0, 0.000% Params, 26.11 KMac, 0.001% MACs, kernel_size=3, stride=2, padding=1, dilation=1, ceil_mode=False)
      )
    )
    (norm): LayerNorm(0, 0.000% Params, 0.0 Mac, 0.000% MACs, (512,), eps=1e-05, elementwise_affine=True)
  )
  (decoder): Decoder(
    8.41 M, 43.166% Params, 1.09 GMac, 62.224% MACs, 
    (layers): ModuleList(
      8.4 M, 43.148% Params, 1.08 GMac, 62.194% MACs, 
      (0): DecoderLayer(
        4.2 M, 21.574% Params, 542.49 MMac, 31.097% MACs, 
        (self_attention): AttentionLayer(
          1.05 M, 5.395% Params, 151.0 MMac, 8.656% MACs, 
          (inner_attention): ProbAttention(
            0, 0.000% Params, 0.0 Mac, 0.000% MACs, 
            (dropout): Dropout(0, 0.000% Params, 0.0 Mac, 0.000% MACs, p=0.05, inplace=False)
          )
          (query_projection): Linear(262.66 k, 1.349% Params, 37.75 MMac, 2.164% MACs, in_features=512, out_features=512, bias=True)
          (key_projection): Linear(262.66 k, 1.349% Params, 37.75 MMac, 2.164% MACs, in_features=512, out_features=512, bias=True)
          (value_projection): Linear(262.66 k, 1.349% Params, 37.75 MMac, 2.164% MACs, in_features=512, out_features=512, bias=True)
          (out_projection): Linear(262.66 k, 1.349% Params, 37.75 MMac, 2.164% MACs, in_features=512, out_features=512, bias=True)
        )
        (cross_attention): AttentionLayer(
          1.05 M, 5.395% Params, 89.13 MMac, 5.109% MACs, 
          (inner_attention): ProbAttention(
            0, 0.000% Params, 0.0 Mac, 0.000% MACs, 
            (dropout): Dropout(0, 0.000% Params, 0.0 Mac, 0.000% MACs, p=0.05, inplace=False)
          )
          (query_projection): Linear(262.66 k, 1.349% Params, 37.75 MMac, 2.164% MACs, in_features=512, out_features=512, bias=True)
          (key_projection): Linear(262.66 k, 1.349% Params, 6.82 MMac, 0.391% MACs, in_features=512, out_features=512, bias=True)
          (value_projection): Linear(262.66 k, 1.349% Params, 6.82 MMac, 0.391% MACs, in_features=512, out_features=512, bias=True)
          (out_projection): Linear(262.66 k, 1.349% Params, 37.75 MMac, 2.164% MACs, in_features=512, out_features=512, bias=True)
        )
        (conv1): Conv1d(1.05 M, 5.395% Params, 151.29 MMac, 8.672% MACs, 512, 2048, kernel_size=(1,), stride=(1,))
        (conv2): Conv1d(1.05 M, 5.388% Params, 151.07 MMac, 8.660% MACs, 2048, 512, kernel_size=(1,), stride=(1,))
        (norm1): LayerNorm(0, 0.000% Params, 0.0 Mac, 0.000% MACs, (512,), eps=1e-05, elementwise_affine=True)
        (norm2): LayerNorm(0, 0.000% Params, 0.0 Mac, 0.000% MACs, (512,), eps=1e-05, elementwise_affine=True)
        (norm3): LayerNorm(0, 0.000% Params, 0.0 Mac, 0.000% MACs, (512,), eps=1e-05, elementwise_affine=True)
        (dropout): Dropout(0, 0.000% Params, 0.0 Mac, 0.000% MACs, p=0.05, inplace=False)
      )
      (1): DecoderLayer(
        4.2 M, 21.574% Params, 542.49 MMac, 31.097% MACs, 
        (self_attention): AttentionLayer(
          1.05 M, 5.395% Params, 151.0 MMac, 8.656% MACs, 
          (inner_attention): ProbAttention(
            0, 0.000% Params, 0.0 Mac, 0.000% MACs, 
            (dropout): Dropout(0, 0.000% Params, 0.0 Mac, 0.000% MACs, p=0.05, inplace=False)
          )
          (query_projection): Linear(262.66 k, 1.349% Params, 37.75 MMac, 2.164% MACs, in_features=512, out_features=512, bias=True)
          (key_projection): Linear(262.66 k, 1.349% Params, 37.75 MMac, 2.164% MACs, in_features=512, out_features=512, bias=True)
          (value_projection): Linear(262.66 k, 1.349% Params, 37.75 MMac, 2.164% MACs, in_features=512, out_features=512, bias=True)
          (out_projection): Linear(262.66 k, 1.349% Params, 37.75 MMac, 2.164% MACs, in_features=512, out_features=512, bias=True)
        )
        (cross_attention): AttentionLayer(
          1.05 M, 5.395% Params, 89.13 MMac, 5.109% MACs, 
          (inner_attention): ProbAttention(
            0, 0.000% Params, 0.0 Mac, 0.000% MACs, 
            (dropout): Dropout(0, 0.000% Params, 0.0 Mac, 0.000% MACs, p=0.05, inplace=False)
          )
          (query_projection): Linear(262.66 k, 1.349% Params, 37.75 MMac, 2.164% MACs, in_features=512, out_features=512, bias=True)
          (key_projection): Linear(262.66 k, 1.349% Params, 6.82 MMac, 0.391% MACs, in_features=512, out_features=512, bias=True)
          (value_projection): Linear(262.66 k, 1.349% Params, 6.82 MMac, 0.391% MACs, in_features=512, out_features=512, bias=True)
          (out_projection): Linear(262.66 k, 1.349% Params, 37.75 MMac, 2.164% MACs, in_features=512, out_features=512, bias=True)
        )
        (conv1): Conv1d(1.05 M, 5.395% Params, 151.29 MMac, 8.672% MACs, 512, 2048, kernel_size=(1,), stride=(1,))
        (conv2): Conv1d(1.05 M, 5.388% Params, 151.07 MMac, 8.660% MACs, 2048, 512, kernel_size=(1,), stride=(1,))
        (norm1): LayerNorm(0, 0.000% Params, 0.0 Mac, 0.000% MACs, (512,), eps=1e-05, elementwise_affine=True)
        (norm2): LayerNorm(0, 0.000% Params, 0.0 Mac, 0.000% MACs, (512,), eps=1e-05, elementwise_affine=True)
        (norm3): LayerNorm(0, 0.000% Params, 0.0 Mac, 0.000% MACs, (512,), eps=1e-05, elementwise_affine=True)
        (dropout): Dropout(0, 0.000% Params, 0.0 Mac, 0.000% MACs, p=0.05, inplace=False)
      )
    )
    (norm): LayerNorm(0, 0.000% Params, 0.0 Mac, 0.000% MACs, (512,), eps=1e-05, elementwise_affine=True)
    (projection): Linear(3.59 k, 0.018% Params, 516.1 KMac, 0.030% MACs, in_features=512, out_features=7, bias=True)
  )
)
Computational complexity:       1.74 GMac
Number of parameters:           19.47 M 
