Args in experiment:
Namespace(is_training=1, model_id='ETTh1_96_96', model='Informer', data='ETTh1', root_path='./dataset/', data_path='ETTh1.csv', features='M', target='OT', freq='h', checkpoints='./checkpoints/', seq_len=96, label_len=48, pred_len=96, individual=False, embed_type=0, enc_in=7, dec_in=7, c_out=7, d_model=512, n_heads=8, e_layers=3, d_layers=1, d_ff=2048, moving_avg=25, factor=3, distil=True, dropout=0.05, embed='timeF', activation='gelu', output_attention=False, do_predict=False, num_workers=10, itr=1, train_epochs=10, batch_size=32, patience=3, learning_rate=0.0001, des='Exp', loss='mse', lradj='type1', use_amp=False, use_gpu=True, gpu=2, use_multi_gpu=False, devices='0,1,2,3', test_flop=True)
Use GPU: cuda:2
>>>>>>>start training : ETTh1_96_96_Informer_ETTh1_ftM_sl96_ll48_pl96_dm512_nh8_el3_dl1_df2048_fc3_ebtimeF_dtTrue_Exp_0>>>>>>>>>>>>>>>>>>>>>>>>>>
train 8449
val 2785
test 2785
Epoch: 1 cost time: 17.65008568763733
Epoch: 1, Steps: 264 | Train Loss: 0.5027767 Vali Loss: 1.1847302 Test Loss: 0.8815352
Validation loss decreased (inf --> 1.184730).  Saving model ...
Updating learning rate to 0.0001
Epoch: 2 cost time: 14.713006734848022
Epoch: 2, Steps: 264 | Train Loss: 0.4105894 Vali Loss: 1.1403279 Test Loss: 1.0095605
Validation loss decreased (1.184730 --> 1.140328).  Saving model ...
Updating learning rate to 5e-05
Epoch: 3 cost time: 15.057858943939209
Epoch: 3, Steps: 264 | Train Loss: 0.3351637 Vali Loss: 1.1538755 Test Loss: 1.1954287
EarlyStopping counter: 1 out of 3
Updating learning rate to 2.5e-05
Epoch: 4 cost time: 15.384051322937012
Epoch: 4, Steps: 264 | Train Loss: 0.2937182 Vali Loss: 1.1950972 Test Loss: 1.2252656
EarlyStopping counter: 2 out of 3
Updating learning rate to 1.25e-05
Epoch: 5 cost time: 14.024724006652832
Epoch: 5, Steps: 264 | Train Loss: 0.2750946 Vali Loss: 1.1979365 Test Loss: 1.2292699
EarlyStopping counter: 3 out of 3
Early stopping
>>>>>>>testing : ETTh1_96_96_Informer_ETTh1_ftM_sl96_ll48_pl96_dm512_nh8_el3_dl1_df2048_fc3_ebtimeF_dtTrue_Exp_0<<<<<<<<<<<<<<<<<<<<<<<<<<<<<<<<<
test 2785
mse:1.0090861320495605, mae:0.7799840569496155
INFO: Trainable parameter count: 0.01M
INFO: Trainable parameter count: 0.01M
INFO: Trainable parameter count: 0.02M
INFO: Trainable parameter count: 0.03M
INFO: Trainable parameter count: 0.29M
INFO: Trainable parameter count: 0.29M
INFO: Trainable parameter count: 0.55M
INFO: Trainable parameter count: 0.55M
INFO: Trainable parameter count: 0.81M
INFO: Trainable parameter count: 0.81M
INFO: Trainable parameter count: 1.08M
INFO: Trainable parameter count: 1.08M
INFO: Trainable parameter count: 2.12M
INFO: Trainable parameter count: 2.13M
INFO: Trainable parameter count: 3.18M
INFO: Trainable parameter count: 3.18M
INFO: Trainable parameter count: 3.18M
INFO: Trainable parameter count: 3.18M
INFO: Trainable parameter count: 3.18M
INFO: Trainable parameter count: 3.18M
INFO: Trainable parameter count: 3.44M
INFO: Trainable parameter count: 3.44M
INFO: Trainable parameter count: 3.70M
INFO: Trainable parameter count: 3.70M
INFO: Trainable parameter count: 3.97M
INFO: Trainable parameter count: 3.97M
INFO: Trainable parameter count: 4.23M
INFO: Trainable parameter count: 4.23M
INFO: Trainable parameter count: 5.28M
INFO: Trainable parameter count: 5.28M
INFO: Trainable parameter count: 6.33M
INFO: Trainable parameter count: 6.33M
INFO: Trainable parameter count: 6.33M
INFO: Trainable parameter count: 6.33M
INFO: Trainable parameter count: 6.33M
INFO: Trainable parameter count: 6.33M
INFO: Trainable parameter count: 6.59M
INFO: Trainable parameter count: 6.59M
INFO: Trainable parameter count: 6.86M
INFO: Trainable parameter count: 6.86M
INFO: Trainable parameter count: 7.12M
INFO: Trainable parameter count: 7.12M
INFO: Trainable parameter count: 7.38M
INFO: Trainable parameter count: 7.38M
INFO: Trainable parameter count: 8.43M
INFO: Trainable parameter count: 8.43M
INFO: Trainable parameter count: 9.48M
INFO: Trainable parameter count: 9.48M
INFO: Trainable parameter count: 9.48M
INFO: Trainable parameter count: 9.48M
INFO: Trainable parameter count: 9.48M
INFO: Trainable parameter count: 9.48M
INFO: Trainable parameter count: 10.27M
INFO: Trainable parameter count: 10.27M
INFO: Trainable parameter count: 10.27M
INFO: Trainable parameter count: 10.27M
INFO: Trainable parameter count: 11.06M
INFO: Trainable parameter count: 11.06M
INFO: Trainable parameter count: 11.06M
INFO: Trainable parameter count: 11.06M
INFO: Trainable parameter count: 11.06M
INFO: Trainable parameter count: 11.06M
INFO: Trainable parameter count: 11.32M
INFO: Trainable parameter count: 11.32M
INFO: Trainable parameter count: 11.58M
INFO: Trainable parameter count: 11.59M
INFO: Trainable parameter count: 11.85M
INFO: Trainable parameter count: 11.85M
INFO: Trainable parameter count: 12.11M
INFO: Trainable parameter count: 12.11M
INFO: Trainable parameter count: 12.37M
INFO: Trainable parameter count: 12.37M
INFO: Trainable parameter count: 12.64M
INFO: Trainable parameter count: 12.64M
INFO: Trainable parameter count: 12.90M
INFO: Trainable parameter count: 12.90M
INFO: Trainable parameter count: 13.16M
INFO: Trainable parameter count: 13.16M
INFO: Trainable parameter count: 14.21M
INFO: Trainable parameter count: 14.21M
INFO: Trainable parameter count: 15.26M
INFO: Trainable parameter count: 15.26M
INFO: Trainable parameter count: 15.26M
INFO: Trainable parameter count: 15.26M
INFO: Trainable parameter count: 15.26M
INFO: Trainable parameter count: 15.26M
INFO: Trainable parameter count: 15.26M
INFO: Trainable parameter count: 15.26M
INFO: Trainable parameter count: 15.26M
INFO: Trainable parameter count: 15.26M
INFO: Trainable parameter count: 15.27M
INFO: Trainable parameter count: 15.27M
Model(
  15.26 M, 99.926% Params, 1.2 GMac, 100.000% MACs, 
  (enc_embedding): DataEmbedding(
    12.8 k, 0.084% Params, 1.23 MMac, 0.102% MACs, 
    (value_embedding): TokenEmbedding(
      10.75 k, 0.070% Params, 1.03 MMac, 0.086% MACs, 
      (tokenConv): Conv1d(10.75 k, 0.070% Params, 1.03 MMac, 0.086% MACs, 7, 512, kernel_size=(3,), stride=(1,), padding=(1,), bias=False, padding_mode=circular)
    )
    (position_embedding): PositionalEmbedding(0, 0.000% Params, 0.0 Mac, 0.000% MACs, )
    (temporal_embedding): TimeFeatureEmbedding(
      2.05 k, 0.013% Params, 196.61 KMac, 0.016% MACs, 
      (embed): Linear(2.05 k, 0.013% Params, 196.61 KMac, 0.016% MACs, in_features=4, out_features=512, bias=False)
    )
    (dropout): Dropout(0, 0.000% Params, 0.0 Mac, 0.000% MACs, p=0.05, inplace=False)
  )
  (dec_embedding): DataEmbedding(
    12.8 k, 0.084% Params, 1.84 MMac, 0.153% MACs, 
    (value_embedding): TokenEmbedding(
      10.75 k, 0.070% Params, 1.55 MMac, 0.129% MACs, 
      (tokenConv): Conv1d(10.75 k, 0.070% Params, 1.55 MMac, 0.129% MACs, 7, 512, kernel_size=(3,), stride=(1,), padding=(1,), bias=False, padding_mode=circular)
    )
    (position_embedding): PositionalEmbedding(0, 0.000% Params, 0.0 Mac, 0.000% MACs, )
    (temporal_embedding): TimeFeatureEmbedding(
      2.05 k, 0.013% Params, 294.91 KMac, 0.025% MACs, 
      (embed): Linear(2.05 k, 0.013% Params, 294.91 KMac, 0.025% MACs, in_features=4, out_features=512, bias=False)
    )
    (dropout): Dropout(0, 0.000% Params, 0.0 Mac, 0.000% MACs, p=0.05, inplace=False)
  )
  (encoder): Encoder(
    11.03 M, 72.221% Params, 655.92 MMac, 54.569% MACs, 
    (attn_layers): ModuleList(
      9.45 M, 61.899% Params, 538.36 MMac, 44.789% MACs, 
      (0): EncoderLayer(
        3.15 M, 20.633% Params, 302.24 MMac, 25.145% MACs, 
        (attention): AttentionLayer(
          1.05 M, 6.881% Params, 100.67 MMac, 8.375% MACs, 
          (inner_attention): ProbAttention(
            0, 0.000% Params, 0.0 Mac, 0.000% MACs, 
            (dropout): Dropout(0, 0.000% Params, 0.0 Mac, 0.000% MACs, p=0.05, inplace=False)
          )
          (query_projection): Linear(262.66 k, 1.720% Params, 25.17 MMac, 2.094% MACs, in_features=512, out_features=512, bias=True)
          (key_projection): Linear(262.66 k, 1.720% Params, 25.17 MMac, 2.094% MACs, in_features=512, out_features=512, bias=True)
          (value_projection): Linear(262.66 k, 1.720% Params, 25.17 MMac, 2.094% MACs, in_features=512, out_features=512, bias=True)
          (out_projection): Linear(262.66 k, 1.720% Params, 25.17 MMac, 2.094% MACs, in_features=512, out_features=512, bias=True)
        )
        (conv1): Conv1d(1.05 M, 6.881% Params, 100.86 MMac, 8.391% MACs, 512, 2048, kernel_size=(1,), stride=(1,))
        (conv2): Conv1d(1.05 M, 6.871% Params, 100.71 MMac, 8.379% MACs, 2048, 512, kernel_size=(1,), stride=(1,))
        (norm1): LayerNorm(0, 0.000% Params, 0.0 Mac, 0.000% MACs, (512,), eps=1e-05, elementwise_affine=True)
        (norm2): LayerNorm(0, 0.000% Params, 0.0 Mac, 0.000% MACs, (512,), eps=1e-05, elementwise_affine=True)
        (dropout): Dropout(0, 0.000% Params, 0.0 Mac, 0.000% MACs, p=0.05, inplace=False)
      )
      (1): EncoderLayer(
        3.15 M, 20.633% Params, 154.27 MMac, 12.834% MACs, 
        (attention): AttentionLayer(
          1.05 M, 6.881% Params, 51.38 MMac, 4.275% MACs, 
          (inner_attention): ProbAttention(
            0, 0.000% Params, 0.0 Mac, 0.000% MACs, 
            (dropout): Dropout(0, 0.000% Params, 0.0 Mac, 0.000% MACs, p=0.05, inplace=False)
          )
          (query_projection): Linear(262.66 k, 1.720% Params, 12.85 MMac, 1.069% MACs, in_features=512, out_features=512, bias=True)
          (key_projection): Linear(262.66 k, 1.720% Params, 12.85 MMac, 1.069% MACs, in_features=512, out_features=512, bias=True)
          (value_projection): Linear(262.66 k, 1.720% Params, 12.85 MMac, 1.069% MACs, in_features=512, out_features=512, bias=True)
          (out_projection): Linear(262.66 k, 1.720% Params, 12.85 MMac, 1.069% MACs, in_features=512, out_features=512, bias=True)
        )
        (conv1): Conv1d(1.05 M, 6.881% Params, 51.48 MMac, 4.283% MACs, 512, 2048, kernel_size=(1,), stride=(1,))
        (conv2): Conv1d(1.05 M, 6.871% Params, 51.41 MMac, 4.277% MACs, 2048, 512, kernel_size=(1,), stride=(1,))
        (norm1): LayerNorm(0, 0.000% Params, 0.0 Mac, 0.000% MACs, (512,), eps=1e-05, elementwise_affine=True)
        (norm2): LayerNorm(0, 0.000% Params, 0.0 Mac, 0.000% MACs, (512,), eps=1e-05, elementwise_affine=True)
        (dropout): Dropout(0, 0.000% Params, 0.0 Mac, 0.000% MACs, p=0.05, inplace=False)
      )
      (2): EncoderLayer(
        3.15 M, 20.633% Params, 81.86 MMac, 6.810% MACs, 
        (attention): AttentionLayer(
          1.05 M, 6.881% Params, 27.27 MMac, 2.268% MACs, 
          (inner_attention): ProbAttention(
            0, 0.000% Params, 0.0 Mac, 0.000% MACs, 
            (dropout): Dropout(0, 0.000% Params, 0.0 Mac, 0.000% MACs, p=0.05, inplace=False)
          )
          (query_projection): Linear(262.66 k, 1.720% Params, 6.82 MMac, 0.567% MACs, in_features=512, out_features=512, bias=True)
          (key_projection): Linear(262.66 k, 1.720% Params, 6.82 MMac, 0.567% MACs, in_features=512, out_features=512, bias=True)
          (value_projection): Linear(262.66 k, 1.720% Params, 6.82 MMac, 0.567% MACs, in_features=512, out_features=512, bias=True)
          (out_projection): Linear(262.66 k, 1.720% Params, 6.82 MMac, 0.567% MACs, in_features=512, out_features=512, bias=True)
        )
        (conv1): Conv1d(1.05 M, 6.881% Params, 27.32 MMac, 2.273% MACs, 512, 2048, kernel_size=(1,), stride=(1,))
        (conv2): Conv1d(1.05 M, 6.871% Params, 27.28 MMac, 2.269% MACs, 2048, 512, kernel_size=(1,), stride=(1,))
        (norm1): LayerNorm(0, 0.000% Params, 0.0 Mac, 0.000% MACs, (512,), eps=1e-05, elementwise_affine=True)
        (norm2): LayerNorm(0, 0.000% Params, 0.0 Mac, 0.000% MACs, (512,), eps=1e-05, elementwise_affine=True)
        (dropout): Dropout(0, 0.000% Params, 0.0 Mac, 0.000% MACs, p=0.05, inplace=False)
      )
    )
    (conv_layers): ModuleList(
      1.58 M, 10.322% Params, 117.56 MMac, 9.780% MACs, 
      (0): ConvLayer(
        787.97 k, 5.161% Params, 77.32 MMac, 6.433% MACs, 
        (downConv): Conv1d(786.94 k, 5.154% Params, 77.12 MMac, 6.416% MACs, 512, 512, kernel_size=(3,), stride=(1,), padding=(2,), padding_mode=circular)
        (norm): BatchNorm1d(1.02 k, 0.007% Params, 100.35 KMac, 0.008% MACs, 512, eps=1e-05, momentum=0.1, affine=True, track_running_stats=True)
        (activation): ELU(0, 0.000% Params, 50.18 KMac, 0.004% MACs, alpha=1.0)
        (maxPool): MaxPool1d(0, 0.000% Params, 50.18 KMac, 0.004% MACs, kernel_size=3, stride=2, padding=1, dilation=1, ceil_mode=False)
      )
      (1): ConvLayer(
        787.97 k, 5.161% Params, 40.24 MMac, 3.348% MACs, 
        (downConv): Conv1d(786.94 k, 5.154% Params, 40.13 MMac, 3.339% MACs, 512, 512, kernel_size=(3,), stride=(1,), padding=(2,), padding_mode=circular)
        (norm): BatchNorm1d(1.02 k, 0.007% Params, 52.22 KMac, 0.004% MACs, 512, eps=1e-05, momentum=0.1, affine=True, track_running_stats=True)
        (activation): ELU(0, 0.000% Params, 26.11 KMac, 0.002% MACs, alpha=1.0)
        (maxPool): MaxPool1d(0, 0.000% Params, 26.11 KMac, 0.002% MACs, kernel_size=3, stride=2, padding=1, dilation=1, ceil_mode=False)
      )
    )
    (norm): LayerNorm(0, 0.000% Params, 0.0 Mac, 0.000% MACs, (512,), eps=1e-05, elementwise_affine=True)
  )
  (decoder): Decoder(
    4.2 M, 27.538% Params, 543.0 MMac, 45.175% MACs, 
    (layers): ModuleList(
      4.2 M, 27.514% Params, 542.49 MMac, 45.132% MACs, 
      (0): DecoderLayer(
        4.2 M, 27.514% Params, 542.49 MMac, 45.132% MACs, 
        (self_attention): AttentionLayer(
          1.05 M, 6.881% Params, 151.0 MMac, 12.562% MACs, 
          (inner_attention): ProbAttention(
            0, 0.000% Params, 0.0 Mac, 0.000% MACs, 
            (dropout): Dropout(0, 0.000% Params, 0.0 Mac, 0.000% MACs, p=0.05, inplace=False)
          )
          (query_projection): Linear(262.66 k, 1.720% Params, 37.75 MMac, 3.141% MACs, in_features=512, out_features=512, bias=True)
          (key_projection): Linear(262.66 k, 1.720% Params, 37.75 MMac, 3.141% MACs, in_features=512, out_features=512, bias=True)
          (value_projection): Linear(262.66 k, 1.720% Params, 37.75 MMac, 3.141% MACs, in_features=512, out_features=512, bias=True)
          (out_projection): Linear(262.66 k, 1.720% Params, 37.75 MMac, 3.141% MACs, in_features=512, out_features=512, bias=True)
        )
        (cross_attention): AttentionLayer(
          1.05 M, 6.881% Params, 89.13 MMac, 7.415% MACs, 
          (inner_attention): ProbAttention(
            0, 0.000% Params, 0.0 Mac, 0.000% MACs, 
            (dropout): Dropout(0, 0.000% Params, 0.0 Mac, 0.000% MACs, p=0.05, inplace=False)
          )
          (query_projection): Linear(262.66 k, 1.720% Params, 37.75 MMac, 3.141% MACs, in_features=512, out_features=512, bias=True)
          (key_projection): Linear(262.66 k, 1.720% Params, 6.82 MMac, 0.567% MACs, in_features=512, out_features=512, bias=True)
          (value_projection): Linear(262.66 k, 1.720% Params, 6.82 MMac, 0.567% MACs, in_features=512, out_features=512, bias=True)
          (out_projection): Linear(262.66 k, 1.720% Params, 37.75 MMac, 3.141% MACs, in_features=512, out_features=512, bias=True)
        )
        (conv1): Conv1d(1.05 M, 6.881% Params, 151.29 MMac, 12.587% MACs, 512, 2048, kernel_size=(1,), stride=(1,))
        (conv2): Conv1d(1.05 M, 6.871% Params, 151.07 MMac, 12.568% MACs, 2048, 512, kernel_size=(1,), stride=(1,))
        (norm1): LayerNorm(0, 0.000% Params, 0.0 Mac, 0.000% MACs, (512,), eps=1e-05, elementwise_affine=True)
        (norm2): LayerNorm(0, 0.000% Params, 0.0 Mac, 0.000% MACs, (512,), eps=1e-05, elementwise_affine=True)
        (norm3): LayerNorm(0, 0.000% Params, 0.0 Mac, 0.000% MACs, (512,), eps=1e-05, elementwise_affine=True)
        (dropout): Dropout(0, 0.000% Params, 0.0 Mac, 0.000% MACs, p=0.05, inplace=False)
      )
    )
    (norm): LayerNorm(0, 0.000% Params, 0.0 Mac, 0.000% MACs, (512,), eps=1e-05, elementwise_affine=True)
    (projection): Linear(3.59 k, 0.024% Params, 516.1 KMac, 0.043% MACs, in_features=512, out_features=7, bias=True)
  )
)
Computational complexity:       1.2 GMac
Number of parameters:           15.27 M 
