Args in experiment:
Namespace(is_training=1, model_id='electricity_96_96', model='Informer', data='custom', root_path='./dataset/', data_path='electricity.csv', features='M', target='OT', freq='h', checkpoints='./checkpoints/', seq_len=96, label_len=48, pred_len=96, individual=False, embed_type=0, enc_in=321, dec_in=321, c_out=321, d_model=512, n_heads=8, e_layers=1, d_layers=2, d_ff=2048, moving_avg=25, factor=3, distil=True, dropout=0.05, embed='timeF', activation='gelu', output_attention=False, do_predict=False, num_workers=10, itr=1, train_epochs=10, batch_size=32, patience=3, learning_rate=0.0001, des='Exp', loss='mse', lradj='type1', use_amp=False, use_gpu=True, gpu=1, use_multi_gpu=False, devices='0,1,2,3', test_flop=True)
Use GPU: cuda:1
>>>>>>>start training : electricity_96_96_Informer_custom_ftM_sl96_ll48_pl96_dm512_nh8_el1_dl2_df2048_fc3_ebtimeF_dtTrue_Exp_0>>>>>>>>>>>>>>>>>>>>>>>>>>
train 18221
val 2537
test 5165
Epoch: 1 cost time: 42.49682116508484
Epoch: 1, Steps: 569 | Train Loss: 0.3302392 Vali Loss: 0.2301225 Test Loss: 0.3029418
Validation loss decreased (inf --> 0.230122).  Saving model ...
Updating learning rate to 0.0001
Epoch: 2 cost time: 38.6521258354187
Epoch: 2, Steps: 569 | Train Loss: 0.1546742 Vali Loss: 0.2100952 Test Loss: 0.3056331
Validation loss decreased (0.230122 --> 0.210095).  Saving model ...
Updating learning rate to 5e-05
Epoch: 3 cost time: 38.81568241119385
Epoch: 3, Steps: 569 | Train Loss: 0.1312447 Vali Loss: 0.2042043 Test Loss: 0.2990144
Validation loss decreased (0.210095 --> 0.204204).  Saving model ...
Updating learning rate to 2.5e-05
Epoch: 4 cost time: 38.88441729545593
Epoch: 4, Steps: 569 | Train Loss: 0.1225609 Vali Loss: 0.2021512 Test Loss: 0.3022374
Validation loss decreased (0.204204 --> 0.202151).  Saving model ...
Updating learning rate to 1.25e-05
Epoch: 5 cost time: 39.14448261260986
Epoch: 5, Steps: 569 | Train Loss: 0.1185666 Vali Loss: 0.2004514 Test Loss: 0.3004105
Validation loss decreased (0.202151 --> 0.200451).  Saving model ...
Updating learning rate to 6.25e-06
Epoch: 6 cost time: 39.466034173965454
Epoch: 6, Steps: 569 | Train Loss: 0.1166259 Vali Loss: 0.2002634 Test Loss: 0.2997262
Validation loss decreased (0.200451 --> 0.200263).  Saving model ...
Updating learning rate to 3.125e-06
Epoch: 7 cost time: 38.9350106716156
Epoch: 7, Steps: 569 | Train Loss: 0.1156053 Vali Loss: 0.2009528 Test Loss: 0.3013723
EarlyStopping counter: 1 out of 3
Updating learning rate to 1.5625e-06
Epoch: 8 cost time: 39.209173917770386
Epoch: 8, Steps: 569 | Train Loss: 0.1150563 Vali Loss: 0.2009598 Test Loss: 0.3009761
EarlyStopping counter: 2 out of 3
Updating learning rate to 7.8125e-07
Epoch: 9 cost time: 39.05394148826599
Epoch: 9, Steps: 569 | Train Loss: 0.1148168 Vali Loss: 0.2009158 Test Loss: 0.3012781
EarlyStopping counter: 3 out of 3
Early stopping
>>>>>>>testing : electricity_96_96_Informer_custom_ftM_sl96_ll48_pl96_dm512_nh8_el1_dl2_df2048_fc3_ebtimeF_dtTrue_Exp_0<<<<<<<<<<<<<<<<<<<<<<<<<<<<<<<<<
test 5165
mse:0.2998097836971283, mae:0.3824584484100342
INFO: Trainable parameter count: 0.49M
INFO: Trainable parameter count: 0.50M
INFO: Trainable parameter count: 0.99M
INFO: Trainable parameter count: 0.99M
INFO: Trainable parameter count: 1.25M
INFO: Trainable parameter count: 1.25M
INFO: Trainable parameter count: 1.52M
INFO: Trainable parameter count: 1.52M
INFO: Trainable parameter count: 1.78M
INFO: Trainable parameter count: 1.78M
INFO: Trainable parameter count: 2.04M
INFO: Trainable parameter count: 2.04M
INFO: Trainable parameter count: 3.09M
INFO: Trainable parameter count: 3.09M
INFO: Trainable parameter count: 4.14M
INFO: Trainable parameter count: 4.14M
INFO: Trainable parameter count: 4.14M
INFO: Trainable parameter count: 4.14M
INFO: Trainable parameter count: 4.14M
INFO: Trainable parameter count: 4.14M
INFO: Trainable parameter count: 4.14M
INFO: Trainable parameter count: 4.14M
INFO: Trainable parameter count: 4.41M
INFO: Trainable parameter count: 4.41M
INFO: Trainable parameter count: 4.67M
INFO: Trainable parameter count: 4.67M
INFO: Trainable parameter count: 4.93M
INFO: Trainable parameter count: 4.93M
INFO: Trainable parameter count: 5.19M
INFO: Trainable parameter count: 5.19M
INFO: Trainable parameter count: 5.46M
INFO: Trainable parameter count: 5.46M
INFO: Trainable parameter count: 5.72M
INFO: Trainable parameter count: 5.72M
INFO: Trainable parameter count: 5.98M
INFO: Trainable parameter count: 5.98M
INFO: Trainable parameter count: 6.24M
INFO: Trainable parameter count: 6.24M
INFO: Trainable parameter count: 7.29M
INFO: Trainable parameter count: 7.30M
INFO: Trainable parameter count: 8.34M
INFO: Trainable parameter count: 8.34M
INFO: Trainable parameter count: 8.35M
INFO: Trainable parameter count: 8.35M
INFO: Trainable parameter count: 8.35M
INFO: Trainable parameter count: 8.35M
INFO: Trainable parameter count: 8.35M
INFO: Trainable parameter count: 8.35M
INFO: Trainable parameter count: 8.61M
INFO: Trainable parameter count: 8.61M
INFO: Trainable parameter count: 8.87M
INFO: Trainable parameter count: 8.87M
INFO: Trainable parameter count: 9.14M
INFO: Trainable parameter count: 9.14M
INFO: Trainable parameter count: 9.40M
INFO: Trainable parameter count: 9.40M
INFO: Trainable parameter count: 9.66M
INFO: Trainable parameter count: 9.66M
INFO: Trainable parameter count: 9.92M
INFO: Trainable parameter count: 9.92M
INFO: Trainable parameter count: 10.19M
INFO: Trainable parameter count: 10.19M
INFO: Trainable parameter count: 10.45M
INFO: Trainable parameter count: 10.45M
INFO: Trainable parameter count: 11.50M
INFO: Trainable parameter count: 11.50M
INFO: Trainable parameter count: 12.55M
INFO: Trainable parameter count: 12.55M
INFO: Trainable parameter count: 12.55M
INFO: Trainable parameter count: 12.55M
INFO: Trainable parameter count: 12.55M
INFO: Trainable parameter count: 12.55M
INFO: Trainable parameter count: 12.55M
INFO: Trainable parameter count: 12.55M
INFO: Trainable parameter count: 12.55M
INFO: Trainable parameter count: 12.55M
INFO: Trainable parameter count: 12.72M
INFO: Trainable parameter count: 12.72M
Model(
  12.71 M, 99.919% Params, 1.6 GMac, 100.000% MACs, 
  (enc_embedding): DataEmbedding(
    495.1 k, 3.893% Params, 47.53 MMac, 2.965% MACs, 
    (value_embedding): TokenEmbedding(
      493.06 k, 3.877% Params, 47.33 MMac, 2.953% MACs, 
      (tokenConv): Conv1d(493.06 k, 3.877% Params, 47.33 MMac, 2.953% MACs, 321, 512, kernel_size=(3,), stride=(1,), padding=(1,), bias=False, padding_mode=circular)
    )
    (position_embedding): PositionalEmbedding(0, 0.000% Params, 0.0 Mac, 0.000% MACs, )
    (temporal_embedding): TimeFeatureEmbedding(
      2.05 k, 0.016% Params, 196.61 KMac, 0.012% MACs, 
      (embed): Linear(2.05 k, 0.016% Params, 196.61 KMac, 0.012% MACs, in_features=4, out_features=512, bias=False)
    )
    (dropout): Dropout(0, 0.000% Params, 0.0 Mac, 0.000% MACs, p=0.05, inplace=False)
  )
  (dec_embedding): DataEmbedding(
    495.1 k, 3.893% Params, 71.29 MMac, 4.447% MACs, 
    (value_embedding): TokenEmbedding(
      493.06 k, 3.877% Params, 71.0 MMac, 4.429% MACs, 
      (tokenConv): Conv1d(493.06 k, 3.877% Params, 71.0 MMac, 4.429% MACs, 321, 512, kernel_size=(3,), stride=(1,), padding=(1,), bias=False, padding_mode=circular)
    )
    (position_embedding): PositionalEmbedding(0, 0.000% Params, 0.0 Mac, 0.000% MACs, )
    (temporal_embedding): TimeFeatureEmbedding(
      2.05 k, 0.016% Params, 294.91 KMac, 0.018% MACs, 
      (embed): Linear(2.05 k, 0.016% Params, 294.91 KMac, 0.018% MACs, in_features=4, out_features=512, bias=False)
    )
    (dropout): Dropout(0, 0.000% Params, 0.0 Mac, 0.000% MACs, p=0.05, inplace=False)
  )
  (encoder): Encoder(
    3.15 M, 24.772% Params, 302.24 MMac, 18.853% MACs, 
    (attn_layers): ModuleList(
      3.15 M, 24.772% Params, 302.24 MMac, 18.853% MACs, 
      (0): EncoderLayer(
        3.15 M, 24.772% Params, 302.24 MMac, 18.853% MACs, 
        (attention): AttentionLayer(
          1.05 M, 8.261% Params, 100.67 MMac, 6.279% MACs, 
          (inner_attention): ProbAttention(
            0, 0.000% Params, 0.0 Mac, 0.000% MACs, 
            (dropout): Dropout(0, 0.000% Params, 0.0 Mac, 0.000% MACs, p=0.05, inplace=False)
          )
          (query_projection): Linear(262.66 k, 2.065% Params, 25.17 MMac, 1.570% MACs, in_features=512, out_features=512, bias=True)
          (key_projection): Linear(262.66 k, 2.065% Params, 25.17 MMac, 1.570% MACs, in_features=512, out_features=512, bias=True)
          (value_projection): Linear(262.66 k, 2.065% Params, 25.17 MMac, 1.570% MACs, in_features=512, out_features=512, bias=True)
          (out_projection): Linear(262.66 k, 2.065% Params, 25.17 MMac, 1.570% MACs, in_features=512, out_features=512, bias=True)
        )
        (conv1): Conv1d(1.05 M, 8.261% Params, 100.86 MMac, 6.292% MACs, 512, 2048, kernel_size=(1,), stride=(1,))
        (conv2): Conv1d(1.05 M, 8.249% Params, 100.71 MMac, 6.282% MACs, 2048, 512, kernel_size=(1,), stride=(1,))
        (norm1): LayerNorm(0, 0.000% Params, 0.0 Mac, 0.000% MACs, (512,), eps=1e-05, elementwise_affine=True)
        (norm2): LayerNorm(0, 0.000% Params, 0.0 Mac, 0.000% MACs, (512,), eps=1e-05, elementwise_affine=True)
        (dropout): Dropout(0, 0.000% Params, 0.0 Mac, 0.000% MACs, p=0.05, inplace=False)
      )
    )
    (conv_layers): ModuleList(0, 0.000% Params, 0.0 Mac, 0.000% MACs, )
    (norm): LayerNorm(0, 0.000% Params, 0.0 Mac, 0.000% MACs, (512,), eps=1e-05, elementwise_affine=True)
  )
  (decoder): Decoder(
    8.57 M, 67.361% Params, 1.18 GMac, 73.735% MACs, 
    (layers): ModuleList(
      8.4 M, 66.066% Params, 1.16 GMac, 72.258% MACs, 
      (0): DecoderLayer(
        4.2 M, 33.033% Params, 579.19 MMac, 36.129% MACs, 
        (self_attention): AttentionLayer(
          1.05 M, 8.261% Params, 151.0 MMac, 9.419% MACs, 
          (inner_attention): ProbAttention(
            0, 0.000% Params, 0.0 Mac, 0.000% MACs, 
            (dropout): Dropout(0, 0.000% Params, 0.0 Mac, 0.000% MACs, p=0.05, inplace=False)
          )
          (query_projection): Linear(262.66 k, 2.065% Params, 37.75 MMac, 2.355% MACs, in_features=512, out_features=512, bias=True)
          (key_projection): Linear(262.66 k, 2.065% Params, 37.75 MMac, 2.355% MACs, in_features=512, out_features=512, bias=True)
          (value_projection): Linear(262.66 k, 2.065% Params, 37.75 MMac, 2.355% MACs, in_features=512, out_features=512, bias=True)
          (out_projection): Linear(262.66 k, 2.065% Params, 37.75 MMac, 2.355% MACs, in_features=512, out_features=512, bias=True)
        )
        (cross_attention): AttentionLayer(
          1.05 M, 8.261% Params, 125.83 MMac, 7.849% MACs, 
          (inner_attention): ProbAttention(
            0, 0.000% Params, 0.0 Mac, 0.000% MACs, 
            (dropout): Dropout(0, 0.000% Params, 0.0 Mac, 0.000% MACs, p=0.05, inplace=False)
          )
          (query_projection): Linear(262.66 k, 2.065% Params, 37.75 MMac, 2.355% MACs, in_features=512, out_features=512, bias=True)
          (key_projection): Linear(262.66 k, 2.065% Params, 25.17 MMac, 1.570% MACs, in_features=512, out_features=512, bias=True)
          (value_projection): Linear(262.66 k, 2.065% Params, 25.17 MMac, 1.570% MACs, in_features=512, out_features=512, bias=True)
          (out_projection): Linear(262.66 k, 2.065% Params, 37.75 MMac, 2.355% MACs, in_features=512, out_features=512, bias=True)
        )
        (conv1): Conv1d(1.05 M, 8.261% Params, 151.29 MMac, 9.437% MACs, 512, 2048, kernel_size=(1,), stride=(1,))
        (conv2): Conv1d(1.05 M, 8.249% Params, 151.07 MMac, 9.424% MACs, 2048, 512, kernel_size=(1,), stride=(1,))
        (norm1): LayerNorm(0, 0.000% Params, 0.0 Mac, 0.000% MACs, (512,), eps=1e-05, elementwise_affine=True)
        (norm2): LayerNorm(0, 0.000% Params, 0.0 Mac, 0.000% MACs, (512,), eps=1e-05, elementwise_affine=True)
        (norm3): LayerNorm(0, 0.000% Params, 0.0 Mac, 0.000% MACs, (512,), eps=1e-05, elementwise_affine=True)
        (dropout): Dropout(0, 0.000% Params, 0.0 Mac, 0.000% MACs, p=0.05, inplace=False)
      )
      (1): DecoderLayer(
        4.2 M, 33.033% Params, 579.19 MMac, 36.129% MACs, 
        (self_attention): AttentionLayer(
          1.05 M, 8.261% Params, 151.0 MMac, 9.419% MACs, 
          (inner_attention): ProbAttention(
            0, 0.000% Params, 0.0 Mac, 0.000% MACs, 
            (dropout): Dropout(0, 0.000% Params, 0.0 Mac, 0.000% MACs, p=0.05, inplace=False)
          )
          (query_projection): Linear(262.66 k, 2.065% Params, 37.75 MMac, 2.355% MACs, in_features=512, out_features=512, bias=True)
          (key_projection): Linear(262.66 k, 2.065% Params, 37.75 MMac, 2.355% MACs, in_features=512, out_features=512, bias=True)
          (value_projection): Linear(262.66 k, 2.065% Params, 37.75 MMac, 2.355% MACs, in_features=512, out_features=512, bias=True)
          (out_projection): Linear(262.66 k, 2.065% Params, 37.75 MMac, 2.355% MACs, in_features=512, out_features=512, bias=True)
        )
        (cross_attention): AttentionLayer(
          1.05 M, 8.261% Params, 125.83 MMac, 7.849% MACs, 
          (inner_attention): ProbAttention(
            0, 0.000% Params, 0.0 Mac, 0.000% MACs, 
            (dropout): Dropout(0, 0.000% Params, 0.0 Mac, 0.000% MACs, p=0.05, inplace=False)
          )
          (query_projection): Linear(262.66 k, 2.065% Params, 37.75 MMac, 2.355% MACs, in_features=512, out_features=512, bias=True)
          (key_projection): Linear(262.66 k, 2.065% Params, 25.17 MMac, 1.570% MACs, in_features=512, out_features=512, bias=True)
          (value_projection): Linear(262.66 k, 2.065% Params, 25.17 MMac, 1.570% MACs, in_features=512, out_features=512, bias=True)
          (out_projection): Linear(262.66 k, 2.065% Params, 37.75 MMac, 2.355% MACs, in_features=512, out_features=512, bias=True)
        )
        (conv1): Conv1d(1.05 M, 8.261% Params, 151.29 MMac, 9.437% MACs, 512, 2048, kernel_size=(1,), stride=(1,))
        (conv2): Conv1d(1.05 M, 8.249% Params, 151.07 MMac, 9.424% MACs, 2048, 512, kernel_size=(1,), stride=(1,))
        (norm1): LayerNorm(0, 0.000% Params, 0.0 Mac, 0.000% MACs, (512,), eps=1e-05, elementwise_affine=True)
        (norm2): LayerNorm(0, 0.000% Params, 0.0 Mac, 0.000% MACs, (512,), eps=1e-05, elementwise_affine=True)
        (norm3): LayerNorm(0, 0.000% Params, 0.0 Mac, 0.000% MACs, (512,), eps=1e-05, elementwise_affine=True)
        (dropout): Dropout(0, 0.000% Params, 0.0 Mac, 0.000% MACs, p=0.05, inplace=False)
      )
    )
    (norm): LayerNorm(0, 0.000% Params, 0.0 Mac, 0.000% MACs, (512,), eps=1e-05, elementwise_affine=True)
    (projection): Linear(164.67 k, 1.295% Params, 23.67 MMac, 1.476% MACs, in_features=512, out_features=321, bias=True)
  )
)
Computational complexity:       1.6 GMac
Number of parameters:           12.72 M 
