Args in experiment:
Namespace(is_training=1, model_id='electricity_96_96', model='Transformer', data='custom', root_path='./dataset/', data_path='electricity.csv', features='M', target='OT', freq='h', checkpoints='./checkpoints/', seq_len=96, label_len=48, pred_len=96, individual=False, embed_type=0, enc_in=321, dec_in=321, c_out=321, d_model=512, n_heads=8, e_layers=1, d_layers=4, d_ff=2048, moving_avg=25, factor=3, distil=True, dropout=0.05, embed='timeF', activation='gelu', output_attention=False, do_predict=False, num_workers=10, itr=1, train_epochs=10, batch_size=32, patience=3, learning_rate=0.0001, des='Exp', loss='mse', lradj='type1', use_amp=False, use_gpu=True, gpu=1, use_multi_gpu=False, devices='0,1,2,3', test_flop=True)
Use GPU: cuda:1
>>>>>>>start training : electricity_96_96_Transformer_custom_ftM_sl96_ll48_pl96_dm512_nh8_el1_dl4_df2048_fc3_ebtimeF_dtTrue_Exp_0>>>>>>>>>>>>>>>>>>>>>>>>>>
train 18221
val 2537
test 5165
Epoch: 1 cost time: 48.650569438934326
Epoch: 1, Steps: 569 | Train Loss: 0.2470070 Vali Loss: 0.1925596 Test Loss: 0.2600068
Validation loss decreased (inf --> 0.192560).  Saving model ...
Updating learning rate to 0.0001
Epoch: 2 cost time: 43.83571720123291
Epoch: 2, Steps: 569 | Train Loss: 0.1254483 Vali Loss: 0.1859848 Test Loss: 0.2582058
Validation loss decreased (0.192560 --> 0.185985).  Saving model ...
Updating learning rate to 5e-05
Epoch: 3 cost time: 43.50290656089783
Epoch: 3, Steps: 569 | Train Loss: 0.1019330 Vali Loss: 0.1810538 Test Loss: 0.2581332
Validation loss decreased (0.185985 --> 0.181054).  Saving model ...
Updating learning rate to 2.5e-05
Epoch: 4 cost time: 43.61352229118347
Epoch: 4, Steps: 569 | Train Loss: 0.0940919 Vali Loss: 0.1782272 Test Loss: 0.2566156
Validation loss decreased (0.181054 --> 0.178227).  Saving model ...
Updating learning rate to 1.25e-05
Epoch: 5 cost time: 43.58274006843567
Epoch: 5, Steps: 569 | Train Loss: 0.0903835 Vali Loss: 0.1790761 Test Loss: 0.2575401
EarlyStopping counter: 1 out of 3
Updating learning rate to 6.25e-06
Epoch: 6 cost time: 43.49705529212952
Epoch: 6, Steps: 569 | Train Loss: 0.0884302 Vali Loss: 0.1784817 Test Loss: 0.2578476
EarlyStopping counter: 2 out of 3
Updating learning rate to 3.125e-06
Epoch: 7 cost time: 43.671762228012085
Epoch: 7, Steps: 569 | Train Loss: 0.0873859 Vali Loss: 0.1796052 Test Loss: 0.2573456
EarlyStopping counter: 3 out of 3
Early stopping
>>>>>>>testing : electricity_96_96_Transformer_custom_ftM_sl96_ll48_pl96_dm512_nh8_el1_dl4_df2048_fc3_ebtimeF_dtTrue_Exp_0<<<<<<<<<<<<<<<<<<<<<<<<<<<<<<<<<
test 5165
mse:0.2566159963607788, mae:0.35751524567604065
INFO: Trainable parameter count: 0.49M
INFO: Trainable parameter count: 0.50M
INFO: Trainable parameter count: 0.99M
INFO: Trainable parameter count: 0.99M
INFO: Trainable parameter count: 1.25M
INFO: Trainable parameter count: 1.25M
INFO: Trainable parameter count: 1.52M
INFO: Trainable parameter count: 1.52M
INFO: Trainable parameter count: 1.78M
INFO: Trainable parameter count: 1.78M
INFO: Trainable parameter count: 2.04M
INFO: Trainable parameter count: 2.04M
INFO: Trainable parameter count: 3.09M
INFO: Trainable parameter count: 3.09M
INFO: Trainable parameter count: 4.14M
INFO: Trainable parameter count: 4.14M
INFO: Trainable parameter count: 4.14M
INFO: Trainable parameter count: 4.14M
INFO: Trainable parameter count: 4.14M
INFO: Trainable parameter count: 4.14M
INFO: Trainable parameter count: 4.14M
INFO: Trainable parameter count: 4.14M
INFO: Trainable parameter count: 4.41M
INFO: Trainable parameter count: 4.41M
INFO: Trainable parameter count: 4.67M
INFO: Trainable parameter count: 4.67M
INFO: Trainable parameter count: 4.93M
INFO: Trainable parameter count: 4.93M
INFO: Trainable parameter count: 5.19M
INFO: Trainable parameter count: 5.19M
INFO: Trainable parameter count: 5.46M
INFO: Trainable parameter count: 5.46M
INFO: Trainable parameter count: 5.72M
INFO: Trainable parameter count: 5.72M
INFO: Trainable parameter count: 5.98M
INFO: Trainable parameter count: 5.98M
INFO: Trainable parameter count: 6.24M
INFO: Trainable parameter count: 6.24M
INFO: Trainable parameter count: 7.29M
INFO: Trainable parameter count: 7.30M
INFO: Trainable parameter count: 8.34M
INFO: Trainable parameter count: 8.34M
INFO: Trainable parameter count: 8.35M
INFO: Trainable parameter count: 8.35M
INFO: Trainable parameter count: 8.35M
INFO: Trainable parameter count: 8.35M
INFO: Trainable parameter count: 8.35M
INFO: Trainable parameter count: 8.35M
INFO: Trainable parameter count: 8.61M
INFO: Trainable parameter count: 8.61M
INFO: Trainable parameter count: 8.87M
INFO: Trainable parameter count: 8.87M
INFO: Trainable parameter count: 9.14M
INFO: Trainable parameter count: 9.14M
INFO: Trainable parameter count: 9.40M
INFO: Trainable parameter count: 9.40M
INFO: Trainable parameter count: 9.66M
INFO: Trainable parameter count: 9.66M
INFO: Trainable parameter count: 9.92M
INFO: Trainable parameter count: 9.92M
INFO: Trainable parameter count: 10.19M
INFO: Trainable parameter count: 10.19M
INFO: Trainable parameter count: 10.45M
INFO: Trainable parameter count: 10.45M
INFO: Trainable parameter count: 11.50M
INFO: Trainable parameter count: 11.50M
INFO: Trainable parameter count: 12.55M
INFO: Trainable parameter count: 12.55M
INFO: Trainable parameter count: 12.55M
INFO: Trainable parameter count: 12.55M
INFO: Trainable parameter count: 12.55M
INFO: Trainable parameter count: 12.55M
INFO: Trainable parameter count: 12.55M
INFO: Trainable parameter count: 12.55M
INFO: Trainable parameter count: 12.81M
INFO: Trainable parameter count: 12.81M
INFO: Trainable parameter count: 13.08M
INFO: Trainable parameter count: 13.08M
INFO: Trainable parameter count: 13.34M
INFO: Trainable parameter count: 13.34M
INFO: Trainable parameter count: 13.60M
INFO: Trainable parameter count: 13.60M
INFO: Trainable parameter count: 13.86M
INFO: Trainable parameter count: 13.86M
INFO: Trainable parameter count: 14.13M
INFO: Trainable parameter count: 14.13M
INFO: Trainable parameter count: 14.39M
INFO: Trainable parameter count: 14.39M
INFO: Trainable parameter count: 14.65M
INFO: Trainable parameter count: 14.65M
INFO: Trainable parameter count: 15.70M
INFO: Trainable parameter count: 15.70M
INFO: Trainable parameter count: 16.75M
INFO: Trainable parameter count: 16.75M
INFO: Trainable parameter count: 16.75M
INFO: Trainable parameter count: 16.75M
INFO: Trainable parameter count: 16.75M
INFO: Trainable parameter count: 16.75M
INFO: Trainable parameter count: 16.76M
INFO: Trainable parameter count: 16.76M
INFO: Trainable parameter count: 17.02M
INFO: Trainable parameter count: 17.02M
INFO: Trainable parameter count: 17.28M
INFO: Trainable parameter count: 17.28M
INFO: Trainable parameter count: 17.54M
INFO: Trainable parameter count: 17.54M
INFO: Trainable parameter count: 17.81M
INFO: Trainable parameter count: 17.81M
INFO: Trainable parameter count: 18.07M
INFO: Trainable parameter count: 18.07M
INFO: Trainable parameter count: 18.33M
INFO: Trainable parameter count: 18.33M
INFO: Trainable parameter count: 18.59M
INFO: Trainable parameter count: 18.59M
INFO: Trainable parameter count: 18.86M
INFO: Trainable parameter count: 18.86M
INFO: Trainable parameter count: 19.91M
INFO: Trainable parameter count: 19.91M
INFO: Trainable parameter count: 20.96M
INFO: Trainable parameter count: 20.96M
INFO: Trainable parameter count: 20.96M
INFO: Trainable parameter count: 20.96M
INFO: Trainable parameter count: 20.96M
INFO: Trainable parameter count: 20.96M
INFO: Trainable parameter count: 20.96M
INFO: Trainable parameter count: 20.96M
INFO: Trainable parameter count: 20.96M
INFO: Trainable parameter count: 20.96M
INFO: Trainable parameter count: 21.13M
INFO: Trainable parameter count: 21.13M
Model(
  21.11 M, 99.922% Params, 2.76 GMac, 100.000% MACs, 
  (enc_embedding): DataEmbedding(
    495.1 k, 2.344% Params, 47.53 MMac, 1.721% MACs, 
    (value_embedding): TokenEmbedding(
      493.06 k, 2.334% Params, 47.33 MMac, 1.714% MACs, 
      (tokenConv): Conv1d(493.06 k, 2.334% Params, 47.33 MMac, 1.714% MACs, 321, 512, kernel_size=(3,), stride=(1,), padding=(1,), bias=False, padding_mode=circular)
    )
    (position_embedding): PositionalEmbedding(0, 0.000% Params, 0.0 Mac, 0.000% MACs, )
    (temporal_embedding): TimeFeatureEmbedding(
      2.05 k, 0.010% Params, 196.61 KMac, 0.007% MACs, 
      (embed): Linear(2.05 k, 0.010% Params, 196.61 KMac, 0.007% MACs, in_features=4, out_features=512, bias=False)
    )
    (dropout): Dropout(0, 0.000% Params, 0.0 Mac, 0.000% MACs, p=0.05, inplace=False)
  )
  (dec_embedding): DataEmbedding(
    495.1 k, 2.344% Params, 71.29 MMac, 2.582% MACs, 
    (value_embedding): TokenEmbedding(
      493.06 k, 2.334% Params, 71.0 MMac, 2.571% MACs, 
      (tokenConv): Conv1d(493.06 k, 2.334% Params, 71.0 MMac, 2.571% MACs, 321, 512, kernel_size=(3,), stride=(1,), padding=(1,), bias=False, padding_mode=circular)
    )
    (position_embedding): PositionalEmbedding(0, 0.000% Params, 0.0 Mac, 0.000% MACs, )
    (temporal_embedding): TimeFeatureEmbedding(
      2.05 k, 0.010% Params, 294.91 KMac, 0.011% MACs, 
      (embed): Linear(2.05 k, 0.010% Params, 294.91 KMac, 0.011% MACs, in_features=4, out_features=512, bias=False)
    )
    (dropout): Dropout(0, 0.000% Params, 0.0 Mac, 0.000% MACs, p=0.05, inplace=False)
  )
  (encoder): Encoder(
    3.15 M, 14.913% Params, 302.24 MMac, 10.945% MACs, 
    (attn_layers): ModuleList(
      3.15 M, 14.913% Params, 302.24 MMac, 10.945% MACs, 
      (0): EncoderLayer(
        3.15 M, 14.913% Params, 302.24 MMac, 10.945% MACs, 
        (attention): AttentionLayer(
          1.05 M, 4.973% Params, 100.67 MMac, 3.645% MACs, 
          (inner_attention): FullAttention(
            0, 0.000% Params, 0.0 Mac, 0.000% MACs, 
            (dropout): Dropout(0, 0.000% Params, 0.0 Mac, 0.000% MACs, p=0.05, inplace=False)
          )
          (query_projection): Linear(262.66 k, 1.243% Params, 25.17 MMac, 0.911% MACs, in_features=512, out_features=512, bias=True)
          (key_projection): Linear(262.66 k, 1.243% Params, 25.17 MMac, 0.911% MACs, in_features=512, out_features=512, bias=True)
          (value_projection): Linear(262.66 k, 1.243% Params, 25.17 MMac, 0.911% MACs, in_features=512, out_features=512, bias=True)
          (out_projection): Linear(262.66 k, 1.243% Params, 25.17 MMac, 0.911% MACs, in_features=512, out_features=512, bias=True)
        )
        (conv1): Conv1d(1.05 M, 4.973% Params, 100.86 MMac, 3.652% MACs, 512, 2048, kernel_size=(1,), stride=(1,))
        (conv2): Conv1d(1.05 M, 4.966% Params, 100.71 MMac, 3.647% MACs, 2048, 512, kernel_size=(1,), stride=(1,))
        (norm1): LayerNorm(0, 0.000% Params, 0.0 Mac, 0.000% MACs, (512,), eps=1e-05, elementwise_affine=True)
        (norm2): LayerNorm(0, 0.000% Params, 0.0 Mac, 0.000% MACs, (512,), eps=1e-05, elementwise_affine=True)
        (dropout): Dropout(0, 0.000% Params, 0.0 Mac, 0.000% MACs, p=0.05, inplace=False)
      )
    )
    (norm): LayerNorm(0, 0.000% Params, 0.0 Mac, 0.000% MACs, (512,), eps=1e-05, elementwise_affine=True)
  )
  (decoder): Decoder(
    16.97 M, 80.323% Params, 2.34 GMac, 84.752% MACs, 
    (layers): ModuleList(
      16.8 M, 79.543% Params, 2.32 GMac, 83.895% MACs, 
      (0): DecoderLayer(
        4.2 M, 19.886% Params, 579.19 MMac, 20.974% MACs, 
        (self_attention): AttentionLayer(
          1.05 M, 4.973% Params, 151.0 MMac, 5.468% MACs, 
          (inner_attention): FullAttention(
            0, 0.000% Params, 0.0 Mac, 0.000% MACs, 
            (dropout): Dropout(0, 0.000% Params, 0.0 Mac, 0.000% MACs, p=0.05, inplace=False)
          )
          (query_projection): Linear(262.66 k, 1.243% Params, 37.75 MMac, 1.367% MACs, in_features=512, out_features=512, bias=True)
          (key_projection): Linear(262.66 k, 1.243% Params, 37.75 MMac, 1.367% MACs, in_features=512, out_features=512, bias=True)
          (value_projection): Linear(262.66 k, 1.243% Params, 37.75 MMac, 1.367% MACs, in_features=512, out_features=512, bias=True)
          (out_projection): Linear(262.66 k, 1.243% Params, 37.75 MMac, 1.367% MACs, in_features=512, out_features=512, bias=True)
        )
        (cross_attention): AttentionLayer(
          1.05 M, 4.973% Params, 125.83 MMac, 4.557% MACs, 
          (inner_attention): FullAttention(
            0, 0.000% Params, 0.0 Mac, 0.000% MACs, 
            (dropout): Dropout(0, 0.000% Params, 0.0 Mac, 0.000% MACs, p=0.05, inplace=False)
          )
          (query_projection): Linear(262.66 k, 1.243% Params, 37.75 MMac, 1.367% MACs, in_features=512, out_features=512, bias=True)
          (key_projection): Linear(262.66 k, 1.243% Params, 25.17 MMac, 0.911% MACs, in_features=512, out_features=512, bias=True)
          (value_projection): Linear(262.66 k, 1.243% Params, 25.17 MMac, 0.911% MACs, in_features=512, out_features=512, bias=True)
          (out_projection): Linear(262.66 k, 1.243% Params, 37.75 MMac, 1.367% MACs, in_features=512, out_features=512, bias=True)
        )
        (conv1): Conv1d(1.05 M, 4.973% Params, 151.29 MMac, 5.479% MACs, 512, 2048, kernel_size=(1,), stride=(1,))
        (conv2): Conv1d(1.05 M, 4.966% Params, 151.07 MMac, 5.471% MACs, 2048, 512, kernel_size=(1,), stride=(1,))
        (norm1): LayerNorm(0, 0.000% Params, 0.0 Mac, 0.000% MACs, (512,), eps=1e-05, elementwise_affine=True)
        (norm2): LayerNorm(0, 0.000% Params, 0.0 Mac, 0.000% MACs, (512,), eps=1e-05, elementwise_affine=True)
        (norm3): LayerNorm(0, 0.000% Params, 0.0 Mac, 0.000% MACs, (512,), eps=1e-05, elementwise_affine=True)
        (dropout): Dropout(0, 0.000% Params, 0.0 Mac, 0.000% MACs, p=0.05, inplace=False)
      )
      (1): DecoderLayer(
        4.2 M, 19.886% Params, 579.19 MMac, 20.974% MACs, 
        (self_attention): AttentionLayer(
          1.05 M, 4.973% Params, 151.0 MMac, 5.468% MACs, 
          (inner_attention): FullAttention(
            0, 0.000% Params, 0.0 Mac, 0.000% MACs, 
            (dropout): Dropout(0, 0.000% Params, 0.0 Mac, 0.000% MACs, p=0.05, inplace=False)
          )
          (query_projection): Linear(262.66 k, 1.243% Params, 37.75 MMac, 1.367% MACs, in_features=512, out_features=512, bias=True)
          (key_projection): Linear(262.66 k, 1.243% Params, 37.75 MMac, 1.367% MACs, in_features=512, out_features=512, bias=True)
          (value_projection): Linear(262.66 k, 1.243% Params, 37.75 MMac, 1.367% MACs, in_features=512, out_features=512, bias=True)
          (out_projection): Linear(262.66 k, 1.243% Params, 37.75 MMac, 1.367% MACs, in_features=512, out_features=512, bias=True)
        )
        (cross_attention): AttentionLayer(
          1.05 M, 4.973% Params, 125.83 MMac, 4.557% MACs, 
          (inner_attention): FullAttention(
            0, 0.000% Params, 0.0 Mac, 0.000% MACs, 
            (dropout): Dropout(0, 0.000% Params, 0.0 Mac, 0.000% MACs, p=0.05, inplace=False)
          )
          (query_projection): Linear(262.66 k, 1.243% Params, 37.75 MMac, 1.367% MACs, in_features=512, out_features=512, bias=True)
          (key_projection): Linear(262.66 k, 1.243% Params, 25.17 MMac, 0.911% MACs, in_features=512, out_features=512, bias=True)
          (value_projection): Linear(262.66 k, 1.243% Params, 25.17 MMac, 0.911% MACs, in_features=512, out_features=512, bias=True)
          (out_projection): Linear(262.66 k, 1.243% Params, 37.75 MMac, 1.367% MACs, in_features=512, out_features=512, bias=True)
        )
        (conv1): Conv1d(1.05 M, 4.973% Params, 151.29 MMac, 5.479% MACs, 512, 2048, kernel_size=(1,), stride=(1,))
        (conv2): Conv1d(1.05 M, 4.966% Params, 151.07 MMac, 5.471% MACs, 2048, 512, kernel_size=(1,), stride=(1,))
        (norm1): LayerNorm(0, 0.000% Params, 0.0 Mac, 0.000% MACs, (512,), eps=1e-05, elementwise_affine=True)
        (norm2): LayerNorm(0, 0.000% Params, 0.0 Mac, 0.000% MACs, (512,), eps=1e-05, elementwise_affine=True)
        (norm3): LayerNorm(0, 0.000% Params, 0.0 Mac, 0.000% MACs, (512,), eps=1e-05, elementwise_affine=True)
        (dropout): Dropout(0, 0.000% Params, 0.0 Mac, 0.000% MACs, p=0.05, inplace=False)
      )
      (2): DecoderLayer(
        4.2 M, 19.886% Params, 579.19 MMac, 20.974% MACs, 
        (self_attention): AttentionLayer(
          1.05 M, 4.973% Params, 151.0 MMac, 5.468% MACs, 
          (inner_attention): FullAttention(
            0, 0.000% Params, 0.0 Mac, 0.000% MACs, 
            (dropout): Dropout(0, 0.000% Params, 0.0 Mac, 0.000% MACs, p=0.05, inplace=False)
          )
          (query_projection): Linear(262.66 k, 1.243% Params, 37.75 MMac, 1.367% MACs, in_features=512, out_features=512, bias=True)
          (key_projection): Linear(262.66 k, 1.243% Params, 37.75 MMac, 1.367% MACs, in_features=512, out_features=512, bias=True)
          (value_projection): Linear(262.66 k, 1.243% Params, 37.75 MMac, 1.367% MACs, in_features=512, out_features=512, bias=True)
          (out_projection): Linear(262.66 k, 1.243% Params, 37.75 MMac, 1.367% MACs, in_features=512, out_features=512, bias=True)
        )
        (cross_attention): AttentionLayer(
          1.05 M, 4.973% Params, 125.83 MMac, 4.557% MACs, 
          (inner_attention): FullAttention(
            0, 0.000% Params, 0.0 Mac, 0.000% MACs, 
            (dropout): Dropout(0, 0.000% Params, 0.0 Mac, 0.000% MACs, p=0.05, inplace=False)
          )
          (query_projection): Linear(262.66 k, 1.243% Params, 37.75 MMac, 1.367% MACs, in_features=512, out_features=512, bias=True)
          (key_projection): Linear(262.66 k, 1.243% Params, 25.17 MMac, 0.911% MACs, in_features=512, out_features=512, bias=True)
          (value_projection): Linear(262.66 k, 1.243% Params, 25.17 MMac, 0.911% MACs, in_features=512, out_features=512, bias=True)
          (out_projection): Linear(262.66 k, 1.243% Params, 37.75 MMac, 1.367% MACs, in_features=512, out_features=512, bias=True)
        )
        (conv1): Conv1d(1.05 M, 4.973% Params, 151.29 MMac, 5.479% MACs, 512, 2048, kernel_size=(1,), stride=(1,))
        (conv2): Conv1d(1.05 M, 4.966% Params, 151.07 MMac, 5.471% MACs, 2048, 512, kernel_size=(1,), stride=(1,))
        (norm1): LayerNorm(0, 0.000% Params, 0.0 Mac, 0.000% MACs, (512,), eps=1e-05, elementwise_affine=True)
        (norm2): LayerNorm(0, 0.000% Params, 0.0 Mac, 0.000% MACs, (512,), eps=1e-05, elementwise_affine=True)
        (norm3): LayerNorm(0, 0.000% Params, 0.0 Mac, 0.000% MACs, (512,), eps=1e-05, elementwise_affine=True)
        (dropout): Dropout(0, 0.000% Params, 0.0 Mac, 0.000% MACs, p=0.05, inplace=False)
      )
      (3): DecoderLayer(
        4.2 M, 19.886% Params, 579.19 MMac, 20.974% MACs, 
        (self_attention): AttentionLayer(
          1.05 M, 4.973% Params, 151.0 MMac, 5.468% MACs, 
          (inner_attention): FullAttention(
            0, 0.000% Params, 0.0 Mac, 0.000% MACs, 
            (dropout): Dropout(0, 0.000% Params, 0.0 Mac, 0.000% MACs, p=0.05, inplace=False)
          )
          (query_projection): Linear(262.66 k, 1.243% Params, 37.75 MMac, 1.367% MACs, in_features=512, out_features=512, bias=True)
          (key_projection): Linear(262.66 k, 1.243% Params, 37.75 MMac, 1.367% MACs, in_features=512, out_features=512, bias=True)
          (value_projection): Linear(262.66 k, 1.243% Params, 37.75 MMac, 1.367% MACs, in_features=512, out_features=512, bias=True)
          (out_projection): Linear(262.66 k, 1.243% Params, 37.75 MMac, 1.367% MACs, in_features=512, out_features=512, bias=True)
        )
        (cross_attention): AttentionLayer(
          1.05 M, 4.973% Params, 125.83 MMac, 4.557% MACs, 
          (inner_attention): FullAttention(
            0, 0.000% Params, 0.0 Mac, 0.000% MACs, 
            (dropout): Dropout(0, 0.000% Params, 0.0 Mac, 0.000% MACs, p=0.05, inplace=False)
          )
          (query_projection): Linear(262.66 k, 1.243% Params, 37.75 MMac, 1.367% MACs, in_features=512, out_features=512, bias=True)
          (key_projection): Linear(262.66 k, 1.243% Params, 25.17 MMac, 0.911% MACs, in_features=512, out_features=512, bias=True)
          (value_projection): Linear(262.66 k, 1.243% Params, 25.17 MMac, 0.911% MACs, in_features=512, out_features=512, bias=True)
          (out_projection): Linear(262.66 k, 1.243% Params, 37.75 MMac, 1.367% MACs, in_features=512, out_features=512, bias=True)
        )
        (conv1): Conv1d(1.05 M, 4.973% Params, 151.29 MMac, 5.479% MACs, 512, 2048, kernel_size=(1,), stride=(1,))
        (conv2): Conv1d(1.05 M, 4.966% Params, 151.07 MMac, 5.471% MACs, 2048, 512, kernel_size=(1,), stride=(1,))
        (norm1): LayerNorm(0, 0.000% Params, 0.0 Mac, 0.000% MACs, (512,), eps=1e-05, elementwise_affine=True)
        (norm2): LayerNorm(0, 0.000% Params, 0.0 Mac, 0.000% MACs, (512,), eps=1e-05, elementwise_affine=True)
        (norm3): LayerNorm(0, 0.000% Params, 0.0 Mac, 0.000% MACs, (512,), eps=1e-05, elementwise_affine=True)
        (dropout): Dropout(0, 0.000% Params, 0.0 Mac, 0.000% MACs, p=0.05, inplace=False)
      )
    )
    (norm): LayerNorm(0, 0.000% Params, 0.0 Mac, 0.000% MACs, (512,), eps=1e-05, elementwise_affine=True)
    (projection): Linear(164.67 k, 0.780% Params, 23.67 MMac, 0.857% MACs, in_features=512, out_features=321, bias=True)
  )
)
Computational complexity:       2.76 GMac
Number of parameters:           21.13 M 
