Args in experiment:
Namespace(is_training=1, model_id='ETTh1_96_96', model='Transformer', data='ETTh1', root_path='./dataset/', data_path='ETTh1.csv', features='M', target='OT', freq='h', checkpoints='./checkpoints/', seq_len=96, label_len=48, pred_len=96, individual=False, embed_type=0, enc_in=7, dec_in=7, c_out=7, d_model=512, n_heads=8, e_layers=3, d_layers=2, d_ff=2048, moving_avg=25, factor=3, distil=True, dropout=0.05, embed='timeF', activation='gelu', output_attention=False, do_predict=False, num_workers=10, itr=1, train_epochs=10, batch_size=32, patience=3, learning_rate=0.0001, des='Exp', loss='mse', lradj='type1', use_amp=False, use_gpu=True, gpu=2, use_multi_gpu=False, devices='0,1,2,3', test_flop=True)
Use GPU: cuda:2
>>>>>>>start training : ETTh1_96_96_Transformer_ETTh1_ftM_sl96_ll48_pl96_dm512_nh8_el3_dl2_df2048_fc3_ebtimeF_dtTrue_Exp_0>>>>>>>>>>>>>>>>>>>>>>>>>>
train 8449
val 2785
test 2785
Epoch: 1 cost time: 18.12189531326294
Epoch: 1, Steps: 264 | Train Loss: 0.4423046 Vali Loss: 0.9926704 Test Loss: 1.0254815
Validation loss decreased (inf --> 0.992670).  Saving model ...
Updating learning rate to 0.0001
Epoch: 2 cost time: 13.842260837554932
Epoch: 2, Steps: 264 | Train Loss: 0.2565763 Vali Loss: 1.0159091 Test Loss: 1.3252313
EarlyStopping counter: 1 out of 3
Updating learning rate to 5e-05
Epoch: 3 cost time: 14.17461109161377
Epoch: 3, Steps: 264 | Train Loss: 0.2010662 Vali Loss: 1.0371493 Test Loss: 1.2681091
EarlyStopping counter: 2 out of 3
Updating learning rate to 2.5e-05
Epoch: 4 cost time: 14.061086416244507
Epoch: 4, Steps: 264 | Train Loss: 0.1794959 Vali Loss: 1.0123012 Test Loss: 1.2256893
EarlyStopping counter: 3 out of 3
Early stopping
>>>>>>>testing : ETTh1_96_96_Transformer_ETTh1_ftM_sl96_ll48_pl96_dm512_nh8_el3_dl2_df2048_fc3_ebtimeF_dtTrue_Exp_0<<<<<<<<<<<<<<<<<<<<<<<<<<<<<<<<<
test 2785
mse:1.0254817008972168, mae:0.8304256200790405
INFO: Trainable parameter count: 0.01M
INFO: Trainable parameter count: 0.01M
INFO: Trainable parameter count: 0.02M
INFO: Trainable parameter count: 0.03M
INFO: Trainable parameter count: 0.29M
INFO: Trainable parameter count: 0.29M
INFO: Trainable parameter count: 0.55M
INFO: Trainable parameter count: 0.55M
INFO: Trainable parameter count: 0.81M
INFO: Trainable parameter count: 0.81M
INFO: Trainable parameter count: 1.08M
INFO: Trainable parameter count: 1.08M
INFO: Trainable parameter count: 2.12M
INFO: Trainable parameter count: 2.13M
INFO: Trainable parameter count: 3.18M
INFO: Trainable parameter count: 3.18M
INFO: Trainable parameter count: 3.18M
INFO: Trainable parameter count: 3.18M
INFO: Trainable parameter count: 3.18M
INFO: Trainable parameter count: 3.18M
INFO: Trainable parameter count: 3.44M
INFO: Trainable parameter count: 3.44M
INFO: Trainable parameter count: 3.70M
INFO: Trainable parameter count: 3.70M
INFO: Trainable parameter count: 3.97M
INFO: Trainable parameter count: 3.97M
INFO: Trainable parameter count: 4.23M
INFO: Trainable parameter count: 4.23M
INFO: Trainable parameter count: 5.28M
INFO: Trainable parameter count: 5.28M
INFO: Trainable parameter count: 6.33M
INFO: Trainable parameter count: 6.33M
INFO: Trainable parameter count: 6.33M
INFO: Trainable parameter count: 6.33M
INFO: Trainable parameter count: 6.33M
INFO: Trainable parameter count: 6.33M
INFO: Trainable parameter count: 6.59M
INFO: Trainable parameter count: 6.59M
INFO: Trainable parameter count: 6.86M
INFO: Trainable parameter count: 6.86M
INFO: Trainable parameter count: 7.12M
INFO: Trainable parameter count: 7.12M
INFO: Trainable parameter count: 7.38M
INFO: Trainable parameter count: 7.38M
INFO: Trainable parameter count: 8.43M
INFO: Trainable parameter count: 8.43M
INFO: Trainable parameter count: 9.48M
INFO: Trainable parameter count: 9.48M
INFO: Trainable parameter count: 9.48M
INFO: Trainable parameter count: 9.48M
INFO: Trainable parameter count: 9.48M
INFO: Trainable parameter count: 9.48M
INFO: Trainable parameter count: 9.48M
INFO: Trainable parameter count: 9.48M
INFO: Trainable parameter count: 9.75M
INFO: Trainable parameter count: 9.75M
INFO: Trainable parameter count: 10.01M
INFO: Trainable parameter count: 10.01M
INFO: Trainable parameter count: 10.27M
INFO: Trainable parameter count: 10.27M
INFO: Trainable parameter count: 10.53M
INFO: Trainable parameter count: 10.53M
INFO: Trainable parameter count: 10.80M
INFO: Trainable parameter count: 10.80M
INFO: Trainable parameter count: 11.06M
INFO: Trainable parameter count: 11.06M
INFO: Trainable parameter count: 11.32M
INFO: Trainable parameter count: 11.32M
INFO: Trainable parameter count: 11.58M
INFO: Trainable parameter count: 11.59M
INFO: Trainable parameter count: 12.63M
INFO: Trainable parameter count: 12.64M
INFO: Trainable parameter count: 13.68M
INFO: Trainable parameter count: 13.68M
INFO: Trainable parameter count: 13.69M
INFO: Trainable parameter count: 13.69M
INFO: Trainable parameter count: 13.69M
INFO: Trainable parameter count: 13.69M
INFO: Trainable parameter count: 13.69M
INFO: Trainable parameter count: 13.69M
INFO: Trainable parameter count: 13.95M
INFO: Trainable parameter count: 13.95M
INFO: Trainable parameter count: 14.21M
INFO: Trainable parameter count: 14.21M
INFO: Trainable parameter count: 14.48M
INFO: Trainable parameter count: 14.48M
INFO: Trainable parameter count: 14.74M
INFO: Trainable parameter count: 14.74M
INFO: Trainable parameter count: 15.00M
INFO: Trainable parameter count: 15.00M
INFO: Trainable parameter count: 15.26M
INFO: Trainable parameter count: 15.26M
INFO: Trainable parameter count: 15.53M
INFO: Trainable parameter count: 15.53M
INFO: Trainable parameter count: 15.79M
INFO: Trainable parameter count: 15.79M
INFO: Trainable parameter count: 16.84M
INFO: Trainable parameter count: 16.84M
INFO: Trainable parameter count: 17.89M
INFO: Trainable parameter count: 17.89M
INFO: Trainable parameter count: 17.89M
INFO: Trainable parameter count: 17.89M
INFO: Trainable parameter count: 17.89M
INFO: Trainable parameter count: 17.89M
INFO: Trainable parameter count: 17.89M
INFO: Trainable parameter count: 17.89M
INFO: Trainable parameter count: 17.89M
INFO: Trainable parameter count: 17.89M
INFO: Trainable parameter count: 17.90M
INFO: Trainable parameter count: 17.90M
Model(
  17.88 M, 99.920% Params, 2.07 GMac, 100.000% MACs, 
  (enc_embedding): DataEmbedding(
    12.8 k, 0.072% Params, 1.23 MMac, 0.059% MACs, 
    (value_embedding): TokenEmbedding(
      10.75 k, 0.060% Params, 1.03 MMac, 0.050% MACs, 
      (tokenConv): Conv1d(10.75 k, 0.060% Params, 1.03 MMac, 0.050% MACs, 7, 512, kernel_size=(3,), stride=(1,), padding=(1,), bias=False, padding_mode=circular)
    )
    (position_embedding): PositionalEmbedding(0, 0.000% Params, 0.0 Mac, 0.000% MACs, )
    (temporal_embedding): TimeFeatureEmbedding(
      2.05 k, 0.011% Params, 196.61 KMac, 0.010% MACs, 
      (embed): Linear(2.05 k, 0.011% Params, 196.61 KMac, 0.010% MACs, in_features=4, out_features=512, bias=False)
    )
    (dropout): Dropout(0, 0.000% Params, 0.0 Mac, 0.000% MACs, p=0.05, inplace=False)
  )
  (dec_embedding): DataEmbedding(
    12.8 k, 0.072% Params, 1.84 MMac, 0.089% MACs, 
    (value_embedding): TokenEmbedding(
      10.75 k, 0.060% Params, 1.55 MMac, 0.075% MACs, 
      (tokenConv): Conv1d(10.75 k, 0.060% Params, 1.55 MMac, 0.075% MACs, 7, 512, kernel_size=(3,), stride=(1,), padding=(1,), bias=False, padding_mode=circular)
    )
    (position_embedding): PositionalEmbedding(0, 0.000% Params, 0.0 Mac, 0.000% MACs, )
    (temporal_embedding): TimeFeatureEmbedding(
      2.05 k, 0.011% Params, 294.91 KMac, 0.014% MACs, 
      (embed): Linear(2.05 k, 0.011% Params, 294.91 KMac, 0.014% MACs, in_features=4, out_features=512, bias=False)
    )
    (dropout): Dropout(0, 0.000% Params, 0.0 Mac, 0.000% MACs, p=0.05, inplace=False)
  )
  (encoder): Encoder(
    9.45 M, 52.809% Params, 906.71 MMac, 43.831% MACs, 
    (attn_layers): ModuleList(
      9.45 M, 52.809% Params, 906.71 MMac, 43.831% MACs, 
      (0): EncoderLayer(
        3.15 M, 17.603% Params, 302.24 MMac, 14.610% MACs, 
        (attention): AttentionLayer(
          1.05 M, 5.871% Params, 100.67 MMac, 4.866% MACs, 
          (inner_attention): FullAttention(
            0, 0.000% Params, 0.0 Mac, 0.000% MACs, 
            (dropout): Dropout(0, 0.000% Params, 0.0 Mac, 0.000% MACs, p=0.05, inplace=False)
          )
          (query_projection): Linear(262.66 k, 1.468% Params, 25.17 MMac, 1.217% MACs, in_features=512, out_features=512, bias=True)
          (key_projection): Linear(262.66 k, 1.468% Params, 25.17 MMac, 1.217% MACs, in_features=512, out_features=512, bias=True)
          (value_projection): Linear(262.66 k, 1.468% Params, 25.17 MMac, 1.217% MACs, in_features=512, out_features=512, bias=True)
          (out_projection): Linear(262.66 k, 1.468% Params, 25.17 MMac, 1.217% MACs, in_features=512, out_features=512, bias=True)
        )
        (conv1): Conv1d(1.05 M, 5.871% Params, 100.86 MMac, 4.876% MACs, 512, 2048, kernel_size=(1,), stride=(1,))
        (conv2): Conv1d(1.05 M, 5.862% Params, 100.71 MMac, 4.868% MACs, 2048, 512, kernel_size=(1,), stride=(1,))
        (norm1): LayerNorm(0, 0.000% Params, 0.0 Mac, 0.000% MACs, (512,), eps=1e-05, elementwise_affine=True)
        (norm2): LayerNorm(0, 0.000% Params, 0.0 Mac, 0.000% MACs, (512,), eps=1e-05, elementwise_affine=True)
        (dropout): Dropout(0, 0.000% Params, 0.0 Mac, 0.000% MACs, p=0.05, inplace=False)
      )
      (1): EncoderLayer(
        3.15 M, 17.603% Params, 302.24 MMac, 14.610% MACs, 
        (attention): AttentionLayer(
          1.05 M, 5.871% Params, 100.67 MMac, 4.866% MACs, 
          (inner_attention): FullAttention(
            0, 0.000% Params, 0.0 Mac, 0.000% MACs, 
            (dropout): Dropout(0, 0.000% Params, 0.0 Mac, 0.000% MACs, p=0.05, inplace=False)
          )
          (query_projection): Linear(262.66 k, 1.468% Params, 25.17 MMac, 1.217% MACs, in_features=512, out_features=512, bias=True)
          (key_projection): Linear(262.66 k, 1.468% Params, 25.17 MMac, 1.217% MACs, in_features=512, out_features=512, bias=True)
          (value_projection): Linear(262.66 k, 1.468% Params, 25.17 MMac, 1.217% MACs, in_features=512, out_features=512, bias=True)
          (out_projection): Linear(262.66 k, 1.468% Params, 25.17 MMac, 1.217% MACs, in_features=512, out_features=512, bias=True)
        )
        (conv1): Conv1d(1.05 M, 5.871% Params, 100.86 MMac, 4.876% MACs, 512, 2048, kernel_size=(1,), stride=(1,))
        (conv2): Conv1d(1.05 M, 5.862% Params, 100.71 MMac, 4.868% MACs, 2048, 512, kernel_size=(1,), stride=(1,))
        (norm1): LayerNorm(0, 0.000% Params, 0.0 Mac, 0.000% MACs, (512,), eps=1e-05, elementwise_affine=True)
        (norm2): LayerNorm(0, 0.000% Params, 0.0 Mac, 0.000% MACs, (512,), eps=1e-05, elementwise_affine=True)
        (dropout): Dropout(0, 0.000% Params, 0.0 Mac, 0.000% MACs, p=0.05, inplace=False)
      )
      (2): EncoderLayer(
        3.15 M, 17.603% Params, 302.24 MMac, 14.610% MACs, 
        (attention): AttentionLayer(
          1.05 M, 5.871% Params, 100.67 MMac, 4.866% MACs, 
          (inner_attention): FullAttention(
            0, 0.000% Params, 0.0 Mac, 0.000% MACs, 
            (dropout): Dropout(0, 0.000% Params, 0.0 Mac, 0.000% MACs, p=0.05, inplace=False)
          )
          (query_projection): Linear(262.66 k, 1.468% Params, 25.17 MMac, 1.217% MACs, in_features=512, out_features=512, bias=True)
          (key_projection): Linear(262.66 k, 1.468% Params, 25.17 MMac, 1.217% MACs, in_features=512, out_features=512, bias=True)
          (value_projection): Linear(262.66 k, 1.468% Params, 25.17 MMac, 1.217% MACs, in_features=512, out_features=512, bias=True)
          (out_projection): Linear(262.66 k, 1.468% Params, 25.17 MMac, 1.217% MACs, in_features=512, out_features=512, bias=True)
        )
        (conv1): Conv1d(1.05 M, 5.871% Params, 100.86 MMac, 4.876% MACs, 512, 2048, kernel_size=(1,), stride=(1,))
        (conv2): Conv1d(1.05 M, 5.862% Params, 100.71 MMac, 4.868% MACs, 2048, 512, kernel_size=(1,), stride=(1,))
        (norm1): LayerNorm(0, 0.000% Params, 0.0 Mac, 0.000% MACs, (512,), eps=1e-05, elementwise_affine=True)
        (norm2): LayerNorm(0, 0.000% Params, 0.0 Mac, 0.000% MACs, (512,), eps=1e-05, elementwise_affine=True)
        (dropout): Dropout(0, 0.000% Params, 0.0 Mac, 0.000% MACs, p=0.05, inplace=False)
      )
    )
    (norm): LayerNorm(0, 0.000% Params, 0.0 Mac, 0.000% MACs, (512,), eps=1e-05, elementwise_affine=True)
  )
  (decoder): Decoder(
    8.41 M, 46.967% Params, 1.16 GMac, 56.021% MACs, 
    (layers): ModuleList(
      8.4 M, 46.947% Params, 1.16 GMac, 55.996% MACs, 
      (0): DecoderLayer(
        4.2 M, 23.474% Params, 579.19 MMac, 27.998% MACs, 
        (self_attention): AttentionLayer(
          1.05 M, 5.871% Params, 151.0 MMac, 7.299% MACs, 
          (inner_attention): FullAttention(
            0, 0.000% Params, 0.0 Mac, 0.000% MACs, 
            (dropout): Dropout(0, 0.000% Params, 0.0 Mac, 0.000% MACs, p=0.05, inplace=False)
          )
          (query_projection): Linear(262.66 k, 1.468% Params, 37.75 MMac, 1.825% MACs, in_features=512, out_features=512, bias=True)
          (key_projection): Linear(262.66 k, 1.468% Params, 37.75 MMac, 1.825% MACs, in_features=512, out_features=512, bias=True)
          (value_projection): Linear(262.66 k, 1.468% Params, 37.75 MMac, 1.825% MACs, in_features=512, out_features=512, bias=True)
          (out_projection): Linear(262.66 k, 1.468% Params, 37.75 MMac, 1.825% MACs, in_features=512, out_features=512, bias=True)
        )
        (cross_attention): AttentionLayer(
          1.05 M, 5.871% Params, 125.83 MMac, 6.083% MACs, 
          (inner_attention): FullAttention(
            0, 0.000% Params, 0.0 Mac, 0.000% MACs, 
            (dropout): Dropout(0, 0.000% Params, 0.0 Mac, 0.000% MACs, p=0.05, inplace=False)
          )
          (query_projection): Linear(262.66 k, 1.468% Params, 37.75 MMac, 1.825% MACs, in_features=512, out_features=512, bias=True)
          (key_projection): Linear(262.66 k, 1.468% Params, 25.17 MMac, 1.217% MACs, in_features=512, out_features=512, bias=True)
          (value_projection): Linear(262.66 k, 1.468% Params, 25.17 MMac, 1.217% MACs, in_features=512, out_features=512, bias=True)
          (out_projection): Linear(262.66 k, 1.468% Params, 37.75 MMac, 1.825% MACs, in_features=512, out_features=512, bias=True)
        )
        (conv1): Conv1d(1.05 M, 5.871% Params, 151.29 MMac, 7.313% MACs, 512, 2048, kernel_size=(1,), stride=(1,))
        (conv2): Conv1d(1.05 M, 5.862% Params, 151.07 MMac, 7.303% MACs, 2048, 512, kernel_size=(1,), stride=(1,))
        (norm1): LayerNorm(0, 0.000% Params, 0.0 Mac, 0.000% MACs, (512,), eps=1e-05, elementwise_affine=True)
        (norm2): LayerNorm(0, 0.000% Params, 0.0 Mac, 0.000% MACs, (512,), eps=1e-05, elementwise_affine=True)
        (norm3): LayerNorm(0, 0.000% Params, 0.0 Mac, 0.000% MACs, (512,), eps=1e-05, elementwise_affine=True)
        (dropout): Dropout(0, 0.000% Params, 0.0 Mac, 0.000% MACs, p=0.05, inplace=False)
      )
      (1): DecoderLayer(
        4.2 M, 23.474% Params, 579.19 MMac, 27.998% MACs, 
        (self_attention): AttentionLayer(
          1.05 M, 5.871% Params, 151.0 MMac, 7.299% MACs, 
          (inner_attention): FullAttention(
            0, 0.000% Params, 0.0 Mac, 0.000% MACs, 
            (dropout): Dropout(0, 0.000% Params, 0.0 Mac, 0.000% MACs, p=0.05, inplace=False)
          )
          (query_projection): Linear(262.66 k, 1.468% Params, 37.75 MMac, 1.825% MACs, in_features=512, out_features=512, bias=True)
          (key_projection): Linear(262.66 k, 1.468% Params, 37.75 MMac, 1.825% MACs, in_features=512, out_features=512, bias=True)
          (value_projection): Linear(262.66 k, 1.468% Params, 37.75 MMac, 1.825% MACs, in_features=512, out_features=512, bias=True)
          (out_projection): Linear(262.66 k, 1.468% Params, 37.75 MMac, 1.825% MACs, in_features=512, out_features=512, bias=True)
        )
        (cross_attention): AttentionLayer(
          1.05 M, 5.871% Params, 125.83 MMac, 6.083% MACs, 
          (inner_attention): FullAttention(
            0, 0.000% Params, 0.0 Mac, 0.000% MACs, 
            (dropout): Dropout(0, 0.000% Params, 0.0 Mac, 0.000% MACs, p=0.05, inplace=False)
          )
          (query_projection): Linear(262.66 k, 1.468% Params, 37.75 MMac, 1.825% MACs, in_features=512, out_features=512, bias=True)
          (key_projection): Linear(262.66 k, 1.468% Params, 25.17 MMac, 1.217% MACs, in_features=512, out_features=512, bias=True)
          (value_projection): Linear(262.66 k, 1.468% Params, 25.17 MMac, 1.217% MACs, in_features=512, out_features=512, bias=True)
          (out_projection): Linear(262.66 k, 1.468% Params, 37.75 MMac, 1.825% MACs, in_features=512, out_features=512, bias=True)
        )
        (conv1): Conv1d(1.05 M, 5.871% Params, 151.29 MMac, 7.313% MACs, 512, 2048, kernel_size=(1,), stride=(1,))
        (conv2): Conv1d(1.05 M, 5.862% Params, 151.07 MMac, 7.303% MACs, 2048, 512, kernel_size=(1,), stride=(1,))
        (norm1): LayerNorm(0, 0.000% Params, 0.0 Mac, 0.000% MACs, (512,), eps=1e-05, elementwise_affine=True)
        (norm2): LayerNorm(0, 0.000% Params, 0.0 Mac, 0.000% MACs, (512,), eps=1e-05, elementwise_affine=True)
        (norm3): LayerNorm(0, 0.000% Params, 0.0 Mac, 0.000% MACs, (512,), eps=1e-05, elementwise_affine=True)
        (dropout): Dropout(0, 0.000% Params, 0.0 Mac, 0.000% MACs, p=0.05, inplace=False)
      )
    )
    (norm): LayerNorm(0, 0.000% Params, 0.0 Mac, 0.000% MACs, (512,), eps=1e-05, elementwise_affine=True)
    (projection): Linear(3.59 k, 0.020% Params, 516.1 KMac, 0.025% MACs, in_features=512, out_features=7, bias=True)
  )
)
Computational complexity:       2.07 GMac
Number of parameters:           17.9 M  
