Args in experiment:
Namespace(is_training=1, model_id='ETTh1_96_96', model='Transformer', data='ETTh1', root_path='./dataset/', data_path='ETTh1.csv', features='M', target='OT', freq='h', checkpoints='./checkpoints/', seq_len=96, label_len=48, pred_len=96, individual=False, embed_type=0, enc_in=7, dec_in=7, c_out=7, d_model=512, n_heads=8, e_layers=4, d_layers=4, d_ff=2048, moving_avg=25, factor=3, distil=True, dropout=0.05, embed='timeF', activation='gelu', output_attention=False, do_predict=False, num_workers=10, itr=1, train_epochs=10, batch_size=32, patience=3, learning_rate=0.0001, des='Exp', loss='mse', lradj='type1', use_amp=False, use_gpu=True, gpu=2, use_multi_gpu=False, devices='0,1,2,3', test_flop=True)
Use GPU: cuda:2
>>>>>>>start training : ETTh1_96_96_Transformer_ETTh1_ftM_sl96_ll48_pl96_dm512_nh8_el4_dl4_df2048_fc3_ebtimeF_dtTrue_Exp_0>>>>>>>>>>>>>>>>>>>>>>>>>>
train 8449
val 2785
test 2785
Epoch: 1 cost time: 26.598876237869263
Epoch: 1, Steps: 264 | Train Loss: 0.4394207 Vali Loss: 0.9610782 Test Loss: 0.9041047
Validation loss decreased (inf --> 0.961078).  Saving model ...
Updating learning rate to 0.0001
Epoch: 2 cost time: 22.661385774612427
Epoch: 2, Steps: 264 | Train Loss: 0.2481003 Vali Loss: 1.0351551 Test Loss: 1.1711369
EarlyStopping counter: 1 out of 3
Updating learning rate to 5e-05
Epoch: 3 cost time: 23.010862588882446
Epoch: 3, Steps: 264 | Train Loss: 0.1890555 Vali Loss: 0.9770771 Test Loss: 1.0704404
EarlyStopping counter: 2 out of 3
Updating learning rate to 2.5e-05
Epoch: 4 cost time: 22.965036153793335
Epoch: 4, Steps: 264 | Train Loss: 0.1611646 Vali Loss: 0.9609554 Test Loss: 1.0498010
Validation loss decreased (0.961078 --> 0.960955).  Saving model ...
Updating learning rate to 1.25e-05
Epoch: 5 cost time: 23.6176016330719
Epoch: 5, Steps: 264 | Train Loss: 0.1453503 Vali Loss: 0.9578615 Test Loss: 1.0459490
Validation loss decreased (0.960955 --> 0.957862).  Saving model ...
Updating learning rate to 6.25e-06
Epoch: 6 cost time: 23.16349172592163
Epoch: 6, Steps: 264 | Train Loss: 0.1367010 Vali Loss: 0.9522640 Test Loss: 1.0226754
Validation loss decreased (0.957862 --> 0.952264).  Saving model ...
Updating learning rate to 3.125e-06
Epoch: 7 cost time: 23.493411779403687
Epoch: 7, Steps: 264 | Train Loss: 0.1322859 Vali Loss: 0.9587907 Test Loss: 1.0316813
EarlyStopping counter: 1 out of 3
Updating learning rate to 1.5625e-06
Epoch: 8 cost time: 23.23751187324524
Epoch: 8, Steps: 264 | Train Loss: 0.1299329 Vali Loss: 0.9599441 Test Loss: 1.0339279
EarlyStopping counter: 2 out of 3
Updating learning rate to 7.8125e-07
Epoch: 9 cost time: 22.805114269256592
Epoch: 9, Steps: 264 | Train Loss: 0.1286653 Vali Loss: 0.9592777 Test Loss: 1.0299571
EarlyStopping counter: 3 out of 3
Early stopping
>>>>>>>testing : ETTh1_96_96_Transformer_ETTh1_ftM_sl96_ll48_pl96_dm512_nh8_el4_dl4_df2048_fc3_ebtimeF_dtTrue_Exp_0<<<<<<<<<<<<<<<<<<<<<<<<<<<<<<<<<
test 2785
mse:1.0226753950119019, mae:0.8043432831764221
INFO: Trainable parameter count: 0.01M
INFO: Trainable parameter count: 0.01M
INFO: Trainable parameter count: 0.02M
INFO: Trainable parameter count: 0.03M
INFO: Trainable parameter count: 0.29M
INFO: Trainable parameter count: 0.29M
INFO: Trainable parameter count: 0.55M
INFO: Trainable parameter count: 0.55M
INFO: Trainable parameter count: 0.81M
INFO: Trainable parameter count: 0.81M
INFO: Trainable parameter count: 1.08M
INFO: Trainable parameter count: 1.08M
INFO: Trainable parameter count: 2.12M
INFO: Trainable parameter count: 2.13M
INFO: Trainable parameter count: 3.18M
INFO: Trainable parameter count: 3.18M
INFO: Trainable parameter count: 3.18M
INFO: Trainable parameter count: 3.18M
INFO: Trainable parameter count: 3.18M
INFO: Trainable parameter count: 3.18M
INFO: Trainable parameter count: 3.44M
INFO: Trainable parameter count: 3.44M
INFO: Trainable parameter count: 3.70M
INFO: Trainable parameter count: 3.70M
INFO: Trainable parameter count: 3.97M
INFO: Trainable parameter count: 3.97M
INFO: Trainable parameter count: 4.23M
INFO: Trainable parameter count: 4.23M
INFO: Trainable parameter count: 5.28M
INFO: Trainable parameter count: 5.28M
INFO: Trainable parameter count: 6.33M
INFO: Trainable parameter count: 6.33M
INFO: Trainable parameter count: 6.33M
INFO: Trainable parameter count: 6.33M
INFO: Trainable parameter count: 6.33M
INFO: Trainable parameter count: 6.33M
INFO: Trainable parameter count: 6.59M
INFO: Trainable parameter count: 6.59M
INFO: Trainable parameter count: 6.86M
INFO: Trainable parameter count: 6.86M
INFO: Trainable parameter count: 7.12M
INFO: Trainable parameter count: 7.12M
INFO: Trainable parameter count: 7.38M
INFO: Trainable parameter count: 7.38M
INFO: Trainable parameter count: 8.43M
INFO: Trainable parameter count: 8.43M
INFO: Trainable parameter count: 9.48M
INFO: Trainable parameter count: 9.48M
INFO: Trainable parameter count: 9.48M
INFO: Trainable parameter count: 9.48M
INFO: Trainable parameter count: 9.48M
INFO: Trainable parameter count: 9.48M
INFO: Trainable parameter count: 9.74M
INFO: Trainable parameter count: 9.75M
INFO: Trainable parameter count: 10.01M
INFO: Trainable parameter count: 10.01M
INFO: Trainable parameter count: 10.27M
INFO: Trainable parameter count: 10.27M
INFO: Trainable parameter count: 10.53M
INFO: Trainable parameter count: 10.53M
INFO: Trainable parameter count: 11.58M
INFO: Trainable parameter count: 11.58M
INFO: Trainable parameter count: 12.63M
INFO: Trainable parameter count: 12.63M
INFO: Trainable parameter count: 12.63M
INFO: Trainable parameter count: 12.63M
INFO: Trainable parameter count: 12.63M
INFO: Trainable parameter count: 12.64M
INFO: Trainable parameter count: 12.64M
INFO: Trainable parameter count: 12.64M
INFO: Trainable parameter count: 12.90M
INFO: Trainable parameter count: 12.90M
INFO: Trainable parameter count: 13.16M
INFO: Trainable parameter count: 13.16M
INFO: Trainable parameter count: 13.42M
INFO: Trainable parameter count: 13.42M
INFO: Trainable parameter count: 13.69M
INFO: Trainable parameter count: 13.69M
INFO: Trainable parameter count: 13.95M
INFO: Trainable parameter count: 13.95M
INFO: Trainable parameter count: 14.21M
INFO: Trainable parameter count: 14.21M
INFO: Trainable parameter count: 14.47M
INFO: Trainable parameter count: 14.47M
INFO: Trainable parameter count: 14.74M
INFO: Trainable parameter count: 14.74M
INFO: Trainable parameter count: 15.79M
INFO: Trainable parameter count: 15.79M
INFO: Trainable parameter count: 16.84M
INFO: Trainable parameter count: 16.84M
INFO: Trainable parameter count: 16.84M
INFO: Trainable parameter count: 16.84M
INFO: Trainable parameter count: 16.84M
INFO: Trainable parameter count: 16.84M
INFO: Trainable parameter count: 16.84M
INFO: Trainable parameter count: 16.84M
INFO: Trainable parameter count: 17.10M
INFO: Trainable parameter count: 17.10M
INFO: Trainable parameter count: 17.36M
INFO: Trainable parameter count: 17.37M
INFO: Trainable parameter count: 17.63M
INFO: Trainable parameter count: 17.63M
INFO: Trainable parameter count: 17.89M
INFO: Trainable parameter count: 17.89M
INFO: Trainable parameter count: 18.15M
INFO: Trainable parameter count: 18.15M
INFO: Trainable parameter count: 18.42M
INFO: Trainable parameter count: 18.42M
INFO: Trainable parameter count: 18.68M
INFO: Trainable parameter count: 18.68M
INFO: Trainable parameter count: 18.94M
INFO: Trainable parameter count: 18.94M
INFO: Trainable parameter count: 19.99M
INFO: Trainable parameter count: 19.99M
INFO: Trainable parameter count: 21.04M
INFO: Trainable parameter count: 21.04M
INFO: Trainable parameter count: 21.04M
INFO: Trainable parameter count: 21.04M
INFO: Trainable parameter count: 21.04M
INFO: Trainable parameter count: 21.04M
INFO: Trainable parameter count: 21.04M
INFO: Trainable parameter count: 21.04M
INFO: Trainable parameter count: 21.31M
INFO: Trainable parameter count: 21.31M
INFO: Trainable parameter count: 21.57M
INFO: Trainable parameter count: 21.57M
INFO: Trainable parameter count: 21.83M
INFO: Trainable parameter count: 21.83M
INFO: Trainable parameter count: 22.09M
INFO: Trainable parameter count: 22.09M
INFO: Trainable parameter count: 22.36M
INFO: Trainable parameter count: 22.36M
INFO: Trainable parameter count: 22.62M
INFO: Trainable parameter count: 22.62M
INFO: Trainable parameter count: 22.88M
INFO: Trainable parameter count: 22.88M
INFO: Trainable parameter count: 23.14M
INFO: Trainable parameter count: 23.15M
INFO: Trainable parameter count: 24.19M
INFO: Trainable parameter count: 24.20M
INFO: Trainable parameter count: 25.24M
INFO: Trainable parameter count: 25.25M
INFO: Trainable parameter count: 25.25M
INFO: Trainable parameter count: 25.25M
INFO: Trainable parameter count: 25.25M
INFO: Trainable parameter count: 25.25M
INFO: Trainable parameter count: 25.25M
INFO: Trainable parameter count: 25.25M
INFO: Trainable parameter count: 25.51M
INFO: Trainable parameter count: 25.51M
INFO: Trainable parameter count: 25.77M
INFO: Trainable parameter count: 25.77M
INFO: Trainable parameter count: 26.04M
INFO: Trainable parameter count: 26.04M
INFO: Trainable parameter count: 26.30M
INFO: Trainable parameter count: 26.30M
INFO: Trainable parameter count: 26.56M
INFO: Trainable parameter count: 26.56M
INFO: Trainable parameter count: 26.82M
INFO: Trainable parameter count: 26.82M
INFO: Trainable parameter count: 27.09M
INFO: Trainable parameter count: 27.09M
INFO: Trainable parameter count: 27.35M
INFO: Trainable parameter count: 27.35M
INFO: Trainable parameter count: 28.40M
INFO: Trainable parameter count: 28.40M
INFO: Trainable parameter count: 29.45M
INFO: Trainable parameter count: 29.45M
INFO: Trainable parameter count: 29.45M
INFO: Trainable parameter count: 29.45M
INFO: Trainable parameter count: 29.45M
INFO: Trainable parameter count: 29.45M
INFO: Trainable parameter count: 29.45M
INFO: Trainable parameter count: 29.45M
INFO: Trainable parameter count: 29.45M
INFO: Trainable parameter count: 29.45M
INFO: Trainable parameter count: 29.46M
INFO: Trainable parameter count: 29.46M
Model(
  29.43 M, 99.924% Params, 3.53 GMac, 100.000% MACs, 
  (enc_embedding): DataEmbedding(
    12.8 k, 0.043% Params, 1.23 MMac, 0.035% MACs, 
    (value_embedding): TokenEmbedding(
      10.75 k, 0.037% Params, 1.03 MMac, 0.029% MACs, 
      (tokenConv): Conv1d(10.75 k, 0.037% Params, 1.03 MMac, 0.029% MACs, 7, 512, kernel_size=(3,), stride=(1,), padding=(1,), bias=False, padding_mode=circular)
    )
    (position_embedding): PositionalEmbedding(0, 0.000% Params, 0.0 Mac, 0.000% MACs, )
    (temporal_embedding): TimeFeatureEmbedding(
      2.05 k, 0.007% Params, 196.61 KMac, 0.006% MACs, 
      (embed): Linear(2.05 k, 0.007% Params, 196.61 KMac, 0.006% MACs, in_features=4, out_features=512, bias=False)
    )
    (dropout): Dropout(0, 0.000% Params, 0.0 Mac, 0.000% MACs, p=0.05, inplace=False)
  )
  (dec_embedding): DataEmbedding(
    12.8 k, 0.043% Params, 1.84 MMac, 0.052% MACs, 
    (value_embedding): TokenEmbedding(
      10.75 k, 0.037% Params, 1.55 MMac, 0.044% MACs, 
      (tokenConv): Conv1d(10.75 k, 0.037% Params, 1.55 MMac, 0.044% MACs, 7, 512, kernel_size=(3,), stride=(1,), padding=(1,), bias=False, padding_mode=circular)
    )
    (position_embedding): PositionalEmbedding(0, 0.000% Params, 0.0 Mac, 0.000% MACs, )
    (temporal_embedding): TimeFeatureEmbedding(
      2.05 k, 0.007% Params, 294.91 KMac, 0.008% MACs, 
      (embed): Linear(2.05 k, 0.007% Params, 294.91 KMac, 0.008% MACs, in_features=4, out_features=512, bias=False)
    )
    (dropout): Dropout(0, 0.000% Params, 0.0 Mac, 0.000% MACs, p=0.05, inplace=False)
  )
  (encoder): Encoder(
    12.6 M, 42.779% Params, 1.21 GMac, 34.255% MACs, 
    (attn_layers): ModuleList(
      12.6 M, 42.779% Params, 1.21 GMac, 34.255% MACs, 
      (0): EncoderLayer(
        3.15 M, 10.695% Params, 302.24 MMac, 8.564% MACs, 
        (attention): AttentionLayer(
          1.05 M, 3.567% Params, 100.67 MMac, 2.852% MACs, 
          (inner_attention): FullAttention(
            0, 0.000% Params, 0.0 Mac, 0.000% MACs, 
            (dropout): Dropout(0, 0.000% Params, 0.0 Mac, 0.000% MACs, p=0.05, inplace=False)
          )
          (query_projection): Linear(262.66 k, 0.892% Params, 25.17 MMac, 0.713% MACs, in_features=512, out_features=512, bias=True)
          (key_projection): Linear(262.66 k, 0.892% Params, 25.17 MMac, 0.713% MACs, in_features=512, out_features=512, bias=True)
          (value_projection): Linear(262.66 k, 0.892% Params, 25.17 MMac, 0.713% MACs, in_features=512, out_features=512, bias=True)
          (out_projection): Linear(262.66 k, 0.892% Params, 25.17 MMac, 0.713% MACs, in_features=512, out_features=512, bias=True)
        )
        (conv1): Conv1d(1.05 M, 3.567% Params, 100.86 MMac, 2.858% MACs, 512, 2048, kernel_size=(1,), stride=(1,))
        (conv2): Conv1d(1.05 M, 3.561% Params, 100.71 MMac, 2.854% MACs, 2048, 512, kernel_size=(1,), stride=(1,))
        (norm1): LayerNorm(0, 0.000% Params, 0.0 Mac, 0.000% MACs, (512,), eps=1e-05, elementwise_affine=True)
        (norm2): LayerNorm(0, 0.000% Params, 0.0 Mac, 0.000% MACs, (512,), eps=1e-05, elementwise_affine=True)
        (dropout): Dropout(0, 0.000% Params, 0.0 Mac, 0.000% MACs, p=0.05, inplace=False)
      )
      (1): EncoderLayer(
        3.15 M, 10.695% Params, 302.24 MMac, 8.564% MACs, 
        (attention): AttentionLayer(
          1.05 M, 3.567% Params, 100.67 MMac, 2.852% MACs, 
          (inner_attention): FullAttention(
            0, 0.000% Params, 0.0 Mac, 0.000% MACs, 
            (dropout): Dropout(0, 0.000% Params, 0.0 Mac, 0.000% MACs, p=0.05, inplace=False)
          )
          (query_projection): Linear(262.66 k, 0.892% Params, 25.17 MMac, 0.713% MACs, in_features=512, out_features=512, bias=True)
          (key_projection): Linear(262.66 k, 0.892% Params, 25.17 MMac, 0.713% MACs, in_features=512, out_features=512, bias=True)
          (value_projection): Linear(262.66 k, 0.892% Params, 25.17 MMac, 0.713% MACs, in_features=512, out_features=512, bias=True)
          (out_projection): Linear(262.66 k, 0.892% Params, 25.17 MMac, 0.713% MACs, in_features=512, out_features=512, bias=True)
        )
        (conv1): Conv1d(1.05 M, 3.567% Params, 100.86 MMac, 2.858% MACs, 512, 2048, kernel_size=(1,), stride=(1,))
        (conv2): Conv1d(1.05 M, 3.561% Params, 100.71 MMac, 2.854% MACs, 2048, 512, kernel_size=(1,), stride=(1,))
        (norm1): LayerNorm(0, 0.000% Params, 0.0 Mac, 0.000% MACs, (512,), eps=1e-05, elementwise_affine=True)
        (norm2): LayerNorm(0, 0.000% Params, 0.0 Mac, 0.000% MACs, (512,), eps=1e-05, elementwise_affine=True)
        (dropout): Dropout(0, 0.000% Params, 0.0 Mac, 0.000% MACs, p=0.05, inplace=False)
      )
      (2): EncoderLayer(
        3.15 M, 10.695% Params, 302.24 MMac, 8.564% MACs, 
        (attention): AttentionLayer(
          1.05 M, 3.567% Params, 100.67 MMac, 2.852% MACs, 
          (inner_attention): FullAttention(
            0, 0.000% Params, 0.0 Mac, 0.000% MACs, 
            (dropout): Dropout(0, 0.000% Params, 0.0 Mac, 0.000% MACs, p=0.05, inplace=False)
          )
          (query_projection): Linear(262.66 k, 0.892% Params, 25.17 MMac, 0.713% MACs, in_features=512, out_features=512, bias=True)
          (key_projection): Linear(262.66 k, 0.892% Params, 25.17 MMac, 0.713% MACs, in_features=512, out_features=512, bias=True)
          (value_projection): Linear(262.66 k, 0.892% Params, 25.17 MMac, 0.713% MACs, in_features=512, out_features=512, bias=True)
          (out_projection): Linear(262.66 k, 0.892% Params, 25.17 MMac, 0.713% MACs, in_features=512, out_features=512, bias=True)
        )
        (conv1): Conv1d(1.05 M, 3.567% Params, 100.86 MMac, 2.858% MACs, 512, 2048, kernel_size=(1,), stride=(1,))
        (conv2): Conv1d(1.05 M, 3.561% Params, 100.71 MMac, 2.854% MACs, 2048, 512, kernel_size=(1,), stride=(1,))
        (norm1): LayerNorm(0, 0.000% Params, 0.0 Mac, 0.000% MACs, (512,), eps=1e-05, elementwise_affine=True)
        (norm2): LayerNorm(0, 0.000% Params, 0.0 Mac, 0.000% MACs, (512,), eps=1e-05, elementwise_affine=True)
        (dropout): Dropout(0, 0.000% Params, 0.0 Mac, 0.000% MACs, p=0.05, inplace=False)
      )
      (3): EncoderLayer(
        3.15 M, 10.695% Params, 302.24 MMac, 8.564% MACs, 
        (attention): AttentionLayer(
          1.05 M, 3.567% Params, 100.67 MMac, 2.852% MACs, 
          (inner_attention): FullAttention(
            0, 0.000% Params, 0.0 Mac, 0.000% MACs, 
            (dropout): Dropout(0, 0.000% Params, 0.0 Mac, 0.000% MACs, p=0.05, inplace=False)
          )
          (query_projection): Linear(262.66 k, 0.892% Params, 25.17 MMac, 0.713% MACs, in_features=512, out_features=512, bias=True)
          (key_projection): Linear(262.66 k, 0.892% Params, 25.17 MMac, 0.713% MACs, in_features=512, out_features=512, bias=True)
          (value_projection): Linear(262.66 k, 0.892% Params, 25.17 MMac, 0.713% MACs, in_features=512, out_features=512, bias=True)
          (out_projection): Linear(262.66 k, 0.892% Params, 25.17 MMac, 0.713% MACs, in_features=512, out_features=512, bias=True)
        )
        (conv1): Conv1d(1.05 M, 3.567% Params, 100.86 MMac, 2.858% MACs, 512, 2048, kernel_size=(1,), stride=(1,))
        (conv2): Conv1d(1.05 M, 3.561% Params, 100.71 MMac, 2.854% MACs, 2048, 512, kernel_size=(1,), stride=(1,))
        (norm1): LayerNorm(0, 0.000% Params, 0.0 Mac, 0.000% MACs, (512,), eps=1e-05, elementwise_affine=True)
        (norm2): LayerNorm(0, 0.000% Params, 0.0 Mac, 0.000% MACs, (512,), eps=1e-05, elementwise_affine=True)
        (dropout): Dropout(0, 0.000% Params, 0.0 Mac, 0.000% MACs, p=0.05, inplace=False)
      )
    )
    (norm): LayerNorm(0, 0.000% Params, 0.0 Mac, 0.000% MACs, (512,), eps=1e-05, elementwise_affine=True)
  )
  (decoder): Decoder(
    16.81 M, 57.058% Params, 2.32 GMac, 65.658% MACs, 
    (layers): ModuleList(
      16.8 M, 57.046% Params, 2.32 GMac, 65.644% MACs, 
      (0): DecoderLayer(
        4.2 M, 14.261% Params, 579.19 MMac, 16.411% MACs, 
        (self_attention): AttentionLayer(
          1.05 M, 3.567% Params, 151.0 MMac, 4.278% MACs, 
          (inner_attention): FullAttention(
            0, 0.000% Params, 0.0 Mac, 0.000% MACs, 
            (dropout): Dropout(0, 0.000% Params, 0.0 Mac, 0.000% MACs, p=0.05, inplace=False)
          )
          (query_projection): Linear(262.66 k, 0.892% Params, 37.75 MMac, 1.070% MACs, in_features=512, out_features=512, bias=True)
          (key_projection): Linear(262.66 k, 0.892% Params, 37.75 MMac, 1.070% MACs, in_features=512, out_features=512, bias=True)
          (value_projection): Linear(262.66 k, 0.892% Params, 37.75 MMac, 1.070% MACs, in_features=512, out_features=512, bias=True)
          (out_projection): Linear(262.66 k, 0.892% Params, 37.75 MMac, 1.070% MACs, in_features=512, out_features=512, bias=True)
        )
        (cross_attention): AttentionLayer(
          1.05 M, 3.567% Params, 125.83 MMac, 3.565% MACs, 
          (inner_attention): FullAttention(
            0, 0.000% Params, 0.0 Mac, 0.000% MACs, 
            (dropout): Dropout(0, 0.000% Params, 0.0 Mac, 0.000% MACs, p=0.05, inplace=False)
          )
          (query_projection): Linear(262.66 k, 0.892% Params, 37.75 MMac, 1.070% MACs, in_features=512, out_features=512, bias=True)
          (key_projection): Linear(262.66 k, 0.892% Params, 25.17 MMac, 0.713% MACs, in_features=512, out_features=512, bias=True)
          (value_projection): Linear(262.66 k, 0.892% Params, 25.17 MMac, 0.713% MACs, in_features=512, out_features=512, bias=True)
          (out_projection): Linear(262.66 k, 0.892% Params, 37.75 MMac, 1.070% MACs, in_features=512, out_features=512, bias=True)
        )
        (conv1): Conv1d(1.05 M, 3.567% Params, 151.29 MMac, 4.287% MACs, 512, 2048, kernel_size=(1,), stride=(1,))
        (conv2): Conv1d(1.05 M, 3.561% Params, 151.07 MMac, 4.280% MACs, 2048, 512, kernel_size=(1,), stride=(1,))
        (norm1): LayerNorm(0, 0.000% Params, 0.0 Mac, 0.000% MACs, (512,), eps=1e-05, elementwise_affine=True)
        (norm2): LayerNorm(0, 0.000% Params, 0.0 Mac, 0.000% MACs, (512,), eps=1e-05, elementwise_affine=True)
        (norm3): LayerNorm(0, 0.000% Params, 0.0 Mac, 0.000% MACs, (512,), eps=1e-05, elementwise_affine=True)
        (dropout): Dropout(0, 0.000% Params, 0.0 Mac, 0.000% MACs, p=0.05, inplace=False)
      )
      (1): DecoderLayer(
        4.2 M, 14.261% Params, 579.19 MMac, 16.411% MACs, 
        (self_attention): AttentionLayer(
          1.05 M, 3.567% Params, 151.0 MMac, 4.278% MACs, 
          (inner_attention): FullAttention(
            0, 0.000% Params, 0.0 Mac, 0.000% MACs, 
            (dropout): Dropout(0, 0.000% Params, 0.0 Mac, 0.000% MACs, p=0.05, inplace=False)
          )
          (query_projection): Linear(262.66 k, 0.892% Params, 37.75 MMac, 1.070% MACs, in_features=512, out_features=512, bias=True)
          (key_projection): Linear(262.66 k, 0.892% Params, 37.75 MMac, 1.070% MACs, in_features=512, out_features=512, bias=True)
          (value_projection): Linear(262.66 k, 0.892% Params, 37.75 MMac, 1.070% MACs, in_features=512, out_features=512, bias=True)
          (out_projection): Linear(262.66 k, 0.892% Params, 37.75 MMac, 1.070% MACs, in_features=512, out_features=512, bias=True)
        )
        (cross_attention): AttentionLayer(
          1.05 M, 3.567% Params, 125.83 MMac, 3.565% MACs, 
          (inner_attention): FullAttention(
            0, 0.000% Params, 0.0 Mac, 0.000% MACs, 
            (dropout): Dropout(0, 0.000% Params, 0.0 Mac, 0.000% MACs, p=0.05, inplace=False)
          )
          (query_projection): Linear(262.66 k, 0.892% Params, 37.75 MMac, 1.070% MACs, in_features=512, out_features=512, bias=True)
          (key_projection): Linear(262.66 k, 0.892% Params, 25.17 MMac, 0.713% MACs, in_features=512, out_features=512, bias=True)
          (value_projection): Linear(262.66 k, 0.892% Params, 25.17 MMac, 0.713% MACs, in_features=512, out_features=512, bias=True)
          (out_projection): Linear(262.66 k, 0.892% Params, 37.75 MMac, 1.070% MACs, in_features=512, out_features=512, bias=True)
        )
        (conv1): Conv1d(1.05 M, 3.567% Params, 151.29 MMac, 4.287% MACs, 512, 2048, kernel_size=(1,), stride=(1,))
        (conv2): Conv1d(1.05 M, 3.561% Params, 151.07 MMac, 4.280% MACs, 2048, 512, kernel_size=(1,), stride=(1,))
        (norm1): LayerNorm(0, 0.000% Params, 0.0 Mac, 0.000% MACs, (512,), eps=1e-05, elementwise_affine=True)
        (norm2): LayerNorm(0, 0.000% Params, 0.0 Mac, 0.000% MACs, (512,), eps=1e-05, elementwise_affine=True)
        (norm3): LayerNorm(0, 0.000% Params, 0.0 Mac, 0.000% MACs, (512,), eps=1e-05, elementwise_affine=True)
        (dropout): Dropout(0, 0.000% Params, 0.0 Mac, 0.000% MACs, p=0.05, inplace=False)
      )
      (2): DecoderLayer(
        4.2 M, 14.261% Params, 579.19 MMac, 16.411% MACs, 
        (self_attention): AttentionLayer(
          1.05 M, 3.567% Params, 151.0 MMac, 4.278% MACs, 
          (inner_attention): FullAttention(
            0, 0.000% Params, 0.0 Mac, 0.000% MACs, 
            (dropout): Dropout(0, 0.000% Params, 0.0 Mac, 0.000% MACs, p=0.05, inplace=False)
          )
          (query_projection): Linear(262.66 k, 0.892% Params, 37.75 MMac, 1.070% MACs, in_features=512, out_features=512, bias=True)
          (key_projection): Linear(262.66 k, 0.892% Params, 37.75 MMac, 1.070% MACs, in_features=512, out_features=512, bias=True)
          (value_projection): Linear(262.66 k, 0.892% Params, 37.75 MMac, 1.070% MACs, in_features=512, out_features=512, bias=True)
          (out_projection): Linear(262.66 k, 0.892% Params, 37.75 MMac, 1.070% MACs, in_features=512, out_features=512, bias=True)
        )
        (cross_attention): AttentionLayer(
          1.05 M, 3.567% Params, 125.83 MMac, 3.565% MACs, 
          (inner_attention): FullAttention(
            0, 0.000% Params, 0.0 Mac, 0.000% MACs, 
            (dropout): Dropout(0, 0.000% Params, 0.0 Mac, 0.000% MACs, p=0.05, inplace=False)
          )
          (query_projection): Linear(262.66 k, 0.892% Params, 37.75 MMac, 1.070% MACs, in_features=512, out_features=512, bias=True)
          (key_projection): Linear(262.66 k, 0.892% Params, 25.17 MMac, 0.713% MACs, in_features=512, out_features=512, bias=True)
          (value_projection): Linear(262.66 k, 0.892% Params, 25.17 MMac, 0.713% MACs, in_features=512, out_features=512, bias=True)
          (out_projection): Linear(262.66 k, 0.892% Params, 37.75 MMac, 1.070% MACs, in_features=512, out_features=512, bias=True)
        )
        (conv1): Conv1d(1.05 M, 3.567% Params, 151.29 MMac, 4.287% MACs, 512, 2048, kernel_size=(1,), stride=(1,))
        (conv2): Conv1d(1.05 M, 3.561% Params, 151.07 MMac, 4.280% MACs, 2048, 512, kernel_size=(1,), stride=(1,))
        (norm1): LayerNorm(0, 0.000% Params, 0.0 Mac, 0.000% MACs, (512,), eps=1e-05, elementwise_affine=True)
        (norm2): LayerNorm(0, 0.000% Params, 0.0 Mac, 0.000% MACs, (512,), eps=1e-05, elementwise_affine=True)
        (norm3): LayerNorm(0, 0.000% Params, 0.0 Mac, 0.000% MACs, (512,), eps=1e-05, elementwise_affine=True)
        (dropout): Dropout(0, 0.000% Params, 0.0 Mac, 0.000% MACs, p=0.05, inplace=False)
      )
      (3): DecoderLayer(
        4.2 M, 14.261% Params, 579.19 MMac, 16.411% MACs, 
        (self_attention): AttentionLayer(
          1.05 M, 3.567% Params, 151.0 MMac, 4.278% MACs, 
          (inner_attention): FullAttention(
            0, 0.000% Params, 0.0 Mac, 0.000% MACs, 
            (dropout): Dropout(0, 0.000% Params, 0.0 Mac, 0.000% MACs, p=0.05, inplace=False)
          )
          (query_projection): Linear(262.66 k, 0.892% Params, 37.75 MMac, 1.070% MACs, in_features=512, out_features=512, bias=True)
          (key_projection): Linear(262.66 k, 0.892% Params, 37.75 MMac, 1.070% MACs, in_features=512, out_features=512, bias=True)
          (value_projection): Linear(262.66 k, 0.892% Params, 37.75 MMac, 1.070% MACs, in_features=512, out_features=512, bias=True)
          (out_projection): Linear(262.66 k, 0.892% Params, 37.75 MMac, 1.070% MACs, in_features=512, out_features=512, bias=True)
        )
        (cross_attention): AttentionLayer(
          1.05 M, 3.567% Params, 125.83 MMac, 3.565% MACs, 
          (inner_attention): FullAttention(
            0, 0.000% Params, 0.0 Mac, 0.000% MACs, 
            (dropout): Dropout(0, 0.000% Params, 0.0 Mac, 0.000% MACs, p=0.05, inplace=False)
          )
          (query_projection): Linear(262.66 k, 0.892% Params, 37.75 MMac, 1.070% MACs, in_features=512, out_features=512, bias=True)
          (key_projection): Linear(262.66 k, 0.892% Params, 25.17 MMac, 0.713% MACs, in_features=512, out_features=512, bias=True)
          (value_projection): Linear(262.66 k, 0.892% Params, 25.17 MMac, 0.713% MACs, in_features=512, out_features=512, bias=True)
          (out_projection): Linear(262.66 k, 0.892% Params, 37.75 MMac, 1.070% MACs, in_features=512, out_features=512, bias=True)
        )
        (conv1): Conv1d(1.05 M, 3.567% Params, 151.29 MMac, 4.287% MACs, 512, 2048, kernel_size=(1,), stride=(1,))
        (conv2): Conv1d(1.05 M, 3.561% Params, 151.07 MMac, 4.280% MACs, 2048, 512, kernel_size=(1,), stride=(1,))
        (norm1): LayerNorm(0, 0.000% Params, 0.0 Mac, 0.000% MACs, (512,), eps=1e-05, elementwise_affine=True)
        (norm2): LayerNorm(0, 0.000% Params, 0.0 Mac, 0.000% MACs, (512,), eps=1e-05, elementwise_affine=True)
        (norm3): LayerNorm(0, 0.000% Params, 0.0 Mac, 0.000% MACs, (512,), eps=1e-05, elementwise_affine=True)
        (dropout): Dropout(0, 0.000% Params, 0.0 Mac, 0.000% MACs, p=0.05, inplace=False)
      )
    )
    (norm): LayerNorm(0, 0.000% Params, 0.0 Mac, 0.000% MACs, (512,), eps=1e-05, elementwise_affine=True)
    (projection): Linear(3.59 k, 0.012% Params, 516.1 KMac, 0.015% MACs, in_features=512, out_features=7, bias=True)
  )
)
Computational complexity:       3.53 GMac
Number of parameters:           29.46 M 
