Args in experiment:
Namespace(is_training=1, model_id='electricity_96_96', model='Transformer', data='custom', root_path='./dataset/', data_path='electricity.csv', features='M', target='OT', freq='h', checkpoints='./checkpoints/', seq_len=96, label_len=48, pred_len=96, individual=False, embed_type=0, enc_in=321, dec_in=321, c_out=321, d_model=512, n_heads=8, e_layers=2, d_layers=4, d_ff=2048, moving_avg=25, factor=3, distil=True, dropout=0.05, embed='timeF', activation='gelu', output_attention=False, do_predict=False, num_workers=10, itr=1, train_epochs=10, batch_size=32, patience=3, learning_rate=0.0001, des='Exp', loss='mse', lradj='type1', use_amp=False, use_gpu=True, gpu=1, use_multi_gpu=False, devices='0,1,2,3', test_flop=True)
Use GPU: cuda:1
>>>>>>>start training : electricity_96_96_Transformer_custom_ftM_sl96_ll48_pl96_dm512_nh8_el2_dl4_df2048_fc3_ebtimeF_dtTrue_Exp_0>>>>>>>>>>>>>>>>>>>>>>>>>>
train 18221
val 2537
test 5165
Epoch: 1 cost time: 51.57767128944397
Epoch: 1, Steps: 569 | Train Loss: 0.2434018 Vali Loss: 0.2020710 Test Loss: 0.2640623
Validation loss decreased (inf --> 0.202071).  Saving model ...
Updating learning rate to 0.0001
Epoch: 2 cost time: 47.83871030807495
Epoch: 2, Steps: 569 | Train Loss: 0.1231007 Vali Loss: 0.1846436 Test Loss: 0.2619700
Validation loss decreased (0.202071 --> 0.184644).  Saving model ...
Updating learning rate to 5e-05
Epoch: 3 cost time: 47.91916251182556
Epoch: 3, Steps: 569 | Train Loss: 0.0985950 Vali Loss: 0.1798126 Test Loss: 0.2590284
Validation loss decreased (0.184644 --> 0.179813).  Saving model ...
Updating learning rate to 2.5e-05
Epoch: 4 cost time: 48.23503136634827
Epoch: 4, Steps: 569 | Train Loss: 0.0905369 Vali Loss: 0.1805689 Test Loss: 0.2604651
EarlyStopping counter: 1 out of 3
Updating learning rate to 1.25e-05
Epoch: 5 cost time: 47.89541149139404
Epoch: 5, Steps: 569 | Train Loss: 0.0867228 Vali Loss: 0.1788129 Test Loss: 0.2586005
Validation loss decreased (0.179813 --> 0.178813).  Saving model ...
Updating learning rate to 6.25e-06
Epoch: 6 cost time: 47.67778778076172
Epoch: 6, Steps: 569 | Train Loss: 0.0847877 Vali Loss: 0.1816823 Test Loss: 0.2594739
EarlyStopping counter: 1 out of 3
Updating learning rate to 3.125e-06
Epoch: 7 cost time: 47.595805168151855
Epoch: 7, Steps: 569 | Train Loss: 0.0837119 Vali Loss: 0.1830167 Test Loss: 0.2600858
EarlyStopping counter: 2 out of 3
Updating learning rate to 1.5625e-06
Epoch: 8 cost time: 47.63412642478943
Epoch: 8, Steps: 569 | Train Loss: 0.0831451 Vali Loss: 0.1827173 Test Loss: 0.2595643
EarlyStopping counter: 3 out of 3
Early stopping
>>>>>>>testing : electricity_96_96_Transformer_custom_ftM_sl96_ll48_pl96_dm512_nh8_el2_dl4_df2048_fc3_ebtimeF_dtTrue_Exp_0<<<<<<<<<<<<<<<<<<<<<<<<<<<<<<<<<
test 5165
mse:0.2585999369621277, mae:0.35754847526550293
INFO: Trainable parameter count: 0.49M
INFO: Trainable parameter count: 0.50M
INFO: Trainable parameter count: 0.99M
INFO: Trainable parameter count: 0.99M
INFO: Trainable parameter count: 1.25M
INFO: Trainable parameter count: 1.25M
INFO: Trainable parameter count: 1.52M
INFO: Trainable parameter count: 1.52M
INFO: Trainable parameter count: 1.78M
INFO: Trainable parameter count: 1.78M
INFO: Trainable parameter count: 2.04M
INFO: Trainable parameter count: 2.04M
INFO: Trainable parameter count: 3.09M
INFO: Trainable parameter count: 3.09M
INFO: Trainable parameter count: 4.14M
INFO: Trainable parameter count: 4.14M
INFO: Trainable parameter count: 4.14M
INFO: Trainable parameter count: 4.14M
INFO: Trainable parameter count: 4.14M
INFO: Trainable parameter count: 4.14M
INFO: Trainable parameter count: 4.40M
INFO: Trainable parameter count: 4.41M
INFO: Trainable parameter count: 4.67M
INFO: Trainable parameter count: 4.67M
INFO: Trainable parameter count: 4.93M
INFO: Trainable parameter count: 4.93M
INFO: Trainable parameter count: 5.19M
INFO: Trainable parameter count: 5.19M
INFO: Trainable parameter count: 6.24M
INFO: Trainable parameter count: 6.24M
INFO: Trainable parameter count: 7.29M
INFO: Trainable parameter count: 7.29M
INFO: Trainable parameter count: 7.29M
INFO: Trainable parameter count: 7.29M
INFO: Trainable parameter count: 7.29M
INFO: Trainable parameter count: 7.29M
INFO: Trainable parameter count: 7.30M
INFO: Trainable parameter count: 7.30M
INFO: Trainable parameter count: 7.56M
INFO: Trainable parameter count: 7.56M
INFO: Trainable parameter count: 7.82M
INFO: Trainable parameter count: 7.82M
INFO: Trainable parameter count: 8.08M
INFO: Trainable parameter count: 8.08M
INFO: Trainable parameter count: 8.35M
INFO: Trainable parameter count: 8.35M
INFO: Trainable parameter count: 8.61M
INFO: Trainable parameter count: 8.61M
INFO: Trainable parameter count: 8.87M
INFO: Trainable parameter count: 8.87M
INFO: Trainable parameter count: 9.13M
INFO: Trainable parameter count: 9.13M
INFO: Trainable parameter count: 9.40M
INFO: Trainable parameter count: 9.40M
INFO: Trainable parameter count: 10.45M
INFO: Trainable parameter count: 10.45M
INFO: Trainable parameter count: 11.50M
INFO: Trainable parameter count: 11.50M
INFO: Trainable parameter count: 11.50M
INFO: Trainable parameter count: 11.50M
INFO: Trainable parameter count: 11.50M
INFO: Trainable parameter count: 11.50M
INFO: Trainable parameter count: 11.50M
INFO: Trainable parameter count: 11.50M
INFO: Trainable parameter count: 11.76M
INFO: Trainable parameter count: 11.76M
INFO: Trainable parameter count: 12.02M
INFO: Trainable parameter count: 12.03M
INFO: Trainable parameter count: 12.29M
INFO: Trainable parameter count: 12.29M
INFO: Trainable parameter count: 12.55M
INFO: Trainable parameter count: 12.55M
INFO: Trainable parameter count: 12.81M
INFO: Trainable parameter count: 12.81M
INFO: Trainable parameter count: 13.08M
INFO: Trainable parameter count: 13.08M
INFO: Trainable parameter count: 13.34M
INFO: Trainable parameter count: 13.34M
INFO: Trainable parameter count: 13.60M
INFO: Trainable parameter count: 13.60M
INFO: Trainable parameter count: 14.65M
INFO: Trainable parameter count: 14.65M
INFO: Trainable parameter count: 15.70M
INFO: Trainable parameter count: 15.70M
INFO: Trainable parameter count: 15.70M
INFO: Trainable parameter count: 15.70M
INFO: Trainable parameter count: 15.70M
INFO: Trainable parameter count: 15.70M
INFO: Trainable parameter count: 15.70M
INFO: Trainable parameter count: 15.70M
INFO: Trainable parameter count: 15.97M
INFO: Trainable parameter count: 15.97M
INFO: Trainable parameter count: 16.23M
INFO: Trainable parameter count: 16.23M
INFO: Trainable parameter count: 16.49M
INFO: Trainable parameter count: 16.49M
INFO: Trainable parameter count: 16.75M
INFO: Trainable parameter count: 16.75M
INFO: Trainable parameter count: 17.02M
INFO: Trainable parameter count: 17.02M
INFO: Trainable parameter count: 17.28M
INFO: Trainable parameter count: 17.28M
INFO: Trainable parameter count: 17.54M
INFO: Trainable parameter count: 17.54M
INFO: Trainable parameter count: 17.80M
INFO: Trainable parameter count: 17.81M
INFO: Trainable parameter count: 18.85M
INFO: Trainable parameter count: 18.86M
INFO: Trainable parameter count: 19.90M
INFO: Trainable parameter count: 19.91M
INFO: Trainable parameter count: 19.91M
INFO: Trainable parameter count: 19.91M
INFO: Trainable parameter count: 19.91M
INFO: Trainable parameter count: 19.91M
INFO: Trainable parameter count: 19.91M
INFO: Trainable parameter count: 19.91M
INFO: Trainable parameter count: 20.17M
INFO: Trainable parameter count: 20.17M
INFO: Trainable parameter count: 20.43M
INFO: Trainable parameter count: 20.43M
INFO: Trainable parameter count: 20.70M
INFO: Trainable parameter count: 20.70M
INFO: Trainable parameter count: 20.96M
INFO: Trainable parameter count: 20.96M
INFO: Trainable parameter count: 21.22M
INFO: Trainable parameter count: 21.22M
INFO: Trainable parameter count: 21.48M
INFO: Trainable parameter count: 21.48M
INFO: Trainable parameter count: 21.75M
INFO: Trainable parameter count: 21.75M
INFO: Trainable parameter count: 22.01M
INFO: Trainable parameter count: 22.01M
INFO: Trainable parameter count: 23.06M
INFO: Trainable parameter count: 23.06M
INFO: Trainable parameter count: 24.11M
INFO: Trainable parameter count: 24.11M
INFO: Trainable parameter count: 24.11M
INFO: Trainable parameter count: 24.11M
INFO: Trainable parameter count: 24.11M
INFO: Trainable parameter count: 24.11M
INFO: Trainable parameter count: 24.11M
INFO: Trainable parameter count: 24.11M
INFO: Trainable parameter count: 24.11M
INFO: Trainable parameter count: 24.11M
INFO: Trainable parameter count: 24.28M
INFO: Trainable parameter count: 24.28M
Model(
  24.26 M, 99.924% Params, 3.06 GMac, 100.000% MACs, 
  (enc_embedding): DataEmbedding(
    495.1 k, 2.039% Params, 47.53 MMac, 1.551% MACs, 
    (value_embedding): TokenEmbedding(
      493.06 k, 2.031% Params, 47.33 MMac, 1.545% MACs, 
      (tokenConv): Conv1d(493.06 k, 2.031% Params, 47.33 MMac, 1.545% MACs, 321, 512, kernel_size=(3,), stride=(1,), padding=(1,), bias=False, padding_mode=circular)
    )
    (position_embedding): PositionalEmbedding(0, 0.000% Params, 0.0 Mac, 0.000% MACs, )
    (temporal_embedding): TimeFeatureEmbedding(
      2.05 k, 0.008% Params, 196.61 KMac, 0.006% MACs, 
      (embed): Linear(2.05 k, 0.008% Params, 196.61 KMac, 0.006% MACs, in_features=4, out_features=512, bias=False)
    )
    (dropout): Dropout(0, 0.000% Params, 0.0 Mac, 0.000% MACs, p=0.05, inplace=False)
  )
  (dec_embedding): DataEmbedding(
    495.1 k, 2.039% Params, 71.29 MMac, 2.327% MACs, 
    (value_embedding): TokenEmbedding(
      493.06 k, 2.031% Params, 71.0 MMac, 2.317% MACs, 
      (tokenConv): Conv1d(493.06 k, 2.031% Params, 71.0 MMac, 2.317% MACs, 321, 512, kernel_size=(3,), stride=(1,), padding=(1,), bias=False, padding_mode=circular)
    )
    (position_embedding): PositionalEmbedding(0, 0.000% Params, 0.0 Mac, 0.000% MACs, )
    (temporal_embedding): TimeFeatureEmbedding(
      2.05 k, 0.008% Params, 294.91 KMac, 0.010% MACs, 
      (embed): Linear(2.05 k, 0.008% Params, 294.91 KMac, 0.010% MACs, in_features=4, out_features=512, bias=False)
    )
    (dropout): Dropout(0, 0.000% Params, 0.0 Mac, 0.000% MACs, p=0.05, inplace=False)
  )
  (encoder): Encoder(
    6.3 M, 25.952% Params, 604.48 MMac, 19.730% MACs, 
    (attn_layers): ModuleList(
      6.3 M, 25.952% Params, 604.48 MMac, 19.730% MACs, 
      (0): EncoderLayer(
        3.15 M, 12.976% Params, 302.24 MMac, 9.865% MACs, 
        (attention): AttentionLayer(
          1.05 M, 4.328% Params, 100.67 MMac, 3.286% MACs, 
          (inner_attention): FullAttention(
            0, 0.000% Params, 0.0 Mac, 0.000% MACs, 
            (dropout): Dropout(0, 0.000% Params, 0.0 Mac, 0.000% MACs, p=0.05, inplace=False)
          )
          (query_projection): Linear(262.66 k, 1.082% Params, 25.17 MMac, 0.821% MACs, in_features=512, out_features=512, bias=True)
          (key_projection): Linear(262.66 k, 1.082% Params, 25.17 MMac, 0.821% MACs, in_features=512, out_features=512, bias=True)
          (value_projection): Linear(262.66 k, 1.082% Params, 25.17 MMac, 0.821% MACs, in_features=512, out_features=512, bias=True)
          (out_projection): Linear(262.66 k, 1.082% Params, 25.17 MMac, 0.821% MACs, in_features=512, out_features=512, bias=True)
        )
        (conv1): Conv1d(1.05 M, 4.328% Params, 100.86 MMac, 3.292% MACs, 512, 2048, kernel_size=(1,), stride=(1,))
        (conv2): Conv1d(1.05 M, 4.321% Params, 100.71 MMac, 3.287% MACs, 2048, 512, kernel_size=(1,), stride=(1,))
        (norm1): LayerNorm(0, 0.000% Params, 0.0 Mac, 0.000% MACs, (512,), eps=1e-05, elementwise_affine=True)
        (norm2): LayerNorm(0, 0.000% Params, 0.0 Mac, 0.000% MACs, (512,), eps=1e-05, elementwise_affine=True)
        (dropout): Dropout(0, 0.000% Params, 0.0 Mac, 0.000% MACs, p=0.05, inplace=False)
      )
      (1): EncoderLayer(
        3.15 M, 12.976% Params, 302.24 MMac, 9.865% MACs, 
        (attention): AttentionLayer(
          1.05 M, 4.328% Params, 100.67 MMac, 3.286% MACs, 
          (inner_attention): FullAttention(
            0, 0.000% Params, 0.0 Mac, 0.000% MACs, 
            (dropout): Dropout(0, 0.000% Params, 0.0 Mac, 0.000% MACs, p=0.05, inplace=False)
          )
          (query_projection): Linear(262.66 k, 1.082% Params, 25.17 MMac, 0.821% MACs, in_features=512, out_features=512, bias=True)
          (key_projection): Linear(262.66 k, 1.082% Params, 25.17 MMac, 0.821% MACs, in_features=512, out_features=512, bias=True)
          (value_projection): Linear(262.66 k, 1.082% Params, 25.17 MMac, 0.821% MACs, in_features=512, out_features=512, bias=True)
          (out_projection): Linear(262.66 k, 1.082% Params, 25.17 MMac, 0.821% MACs, in_features=512, out_features=512, bias=True)
        )
        (conv1): Conv1d(1.05 M, 4.328% Params, 100.86 MMac, 3.292% MACs, 512, 2048, kernel_size=(1,), stride=(1,))
        (conv2): Conv1d(1.05 M, 4.321% Params, 100.71 MMac, 3.287% MACs, 2048, 512, kernel_size=(1,), stride=(1,))
        (norm1): LayerNorm(0, 0.000% Params, 0.0 Mac, 0.000% MACs, (512,), eps=1e-05, elementwise_affine=True)
        (norm2): LayerNorm(0, 0.000% Params, 0.0 Mac, 0.000% MACs, (512,), eps=1e-05, elementwise_affine=True)
        (dropout): Dropout(0, 0.000% Params, 0.0 Mac, 0.000% MACs, p=0.05, inplace=False)
      )
    )
    (norm): LayerNorm(0, 0.000% Params, 0.0 Mac, 0.000% MACs, (512,), eps=1e-05, elementwise_affine=True)
  )
  (decoder): Decoder(
    16.97 M, 69.893% Params, 2.34 GMac, 76.391% MACs, 
    (layers): ModuleList(
      16.8 M, 69.215% Params, 2.32 GMac, 75.619% MACs, 
      (0): DecoderLayer(
        4.2 M, 17.304% Params, 579.19 MMac, 18.905% MACs, 
        (self_attention): AttentionLayer(
          1.05 M, 4.328% Params, 151.0 MMac, 4.929% MACs, 
          (inner_attention): FullAttention(
            0, 0.000% Params, 0.0 Mac, 0.000% MACs, 
            (dropout): Dropout(0, 0.000% Params, 0.0 Mac, 0.000% MACs, p=0.05, inplace=False)
          )
          (query_projection): Linear(262.66 k, 1.082% Params, 37.75 MMac, 1.232% MACs, in_features=512, out_features=512, bias=True)
          (key_projection): Linear(262.66 k, 1.082% Params, 37.75 MMac, 1.232% MACs, in_features=512, out_features=512, bias=True)
          (value_projection): Linear(262.66 k, 1.082% Params, 37.75 MMac, 1.232% MACs, in_features=512, out_features=512, bias=True)
          (out_projection): Linear(262.66 k, 1.082% Params, 37.75 MMac, 1.232% MACs, in_features=512, out_features=512, bias=True)
        )
        (cross_attention): AttentionLayer(
          1.05 M, 4.328% Params, 125.83 MMac, 4.107% MACs, 
          (inner_attention): FullAttention(
            0, 0.000% Params, 0.0 Mac, 0.000% MACs, 
            (dropout): Dropout(0, 0.000% Params, 0.0 Mac, 0.000% MACs, p=0.05, inplace=False)
          )
          (query_projection): Linear(262.66 k, 1.082% Params, 37.75 MMac, 1.232% MACs, in_features=512, out_features=512, bias=True)
          (key_projection): Linear(262.66 k, 1.082% Params, 25.17 MMac, 0.821% MACs, in_features=512, out_features=512, bias=True)
          (value_projection): Linear(262.66 k, 1.082% Params, 25.17 MMac, 0.821% MACs, in_features=512, out_features=512, bias=True)
          (out_projection): Linear(262.66 k, 1.082% Params, 37.75 MMac, 1.232% MACs, in_features=512, out_features=512, bias=True)
        )
        (conv1): Conv1d(1.05 M, 4.328% Params, 151.29 MMac, 4.938% MACs, 512, 2048, kernel_size=(1,), stride=(1,))
        (conv2): Conv1d(1.05 M, 4.321% Params, 151.07 MMac, 4.931% MACs, 2048, 512, kernel_size=(1,), stride=(1,))
        (norm1): LayerNorm(0, 0.000% Params, 0.0 Mac, 0.000% MACs, (512,), eps=1e-05, elementwise_affine=True)
        (norm2): LayerNorm(0, 0.000% Params, 0.0 Mac, 0.000% MACs, (512,), eps=1e-05, elementwise_affine=True)
        (norm3): LayerNorm(0, 0.000% Params, 0.0 Mac, 0.000% MACs, (512,), eps=1e-05, elementwise_affine=True)
        (dropout): Dropout(0, 0.000% Params, 0.0 Mac, 0.000% MACs, p=0.05, inplace=False)
      )
      (1): DecoderLayer(
        4.2 M, 17.304% Params, 579.19 MMac, 18.905% MACs, 
        (self_attention): AttentionLayer(
          1.05 M, 4.328% Params, 151.0 MMac, 4.929% MACs, 
          (inner_attention): FullAttention(
            0, 0.000% Params, 0.0 Mac, 0.000% MACs, 
            (dropout): Dropout(0, 0.000% Params, 0.0 Mac, 0.000% MACs, p=0.05, inplace=False)
          )
          (query_projection): Linear(262.66 k, 1.082% Params, 37.75 MMac, 1.232% MACs, in_features=512, out_features=512, bias=True)
          (key_projection): Linear(262.66 k, 1.082% Params, 37.75 MMac, 1.232% MACs, in_features=512, out_features=512, bias=True)
          (value_projection): Linear(262.66 k, 1.082% Params, 37.75 MMac, 1.232% MACs, in_features=512, out_features=512, bias=True)
          (out_projection): Linear(262.66 k, 1.082% Params, 37.75 MMac, 1.232% MACs, in_features=512, out_features=512, bias=True)
        )
        (cross_attention): AttentionLayer(
          1.05 M, 4.328% Params, 125.83 MMac, 4.107% MACs, 
          (inner_attention): FullAttention(
            0, 0.000% Params, 0.0 Mac, 0.000% MACs, 
            (dropout): Dropout(0, 0.000% Params, 0.0 Mac, 0.000% MACs, p=0.05, inplace=False)
          )
          (query_projection): Linear(262.66 k, 1.082% Params, 37.75 MMac, 1.232% MACs, in_features=512, out_features=512, bias=True)
          (key_projection): Linear(262.66 k, 1.082% Params, 25.17 MMac, 0.821% MACs, in_features=512, out_features=512, bias=True)
          (value_projection): Linear(262.66 k, 1.082% Params, 25.17 MMac, 0.821% MACs, in_features=512, out_features=512, bias=True)
          (out_projection): Linear(262.66 k, 1.082% Params, 37.75 MMac, 1.232% MACs, in_features=512, out_features=512, bias=True)
        )
        (conv1): Conv1d(1.05 M, 4.328% Params, 151.29 MMac, 4.938% MACs, 512, 2048, kernel_size=(1,), stride=(1,))
        (conv2): Conv1d(1.05 M, 4.321% Params, 151.07 MMac, 4.931% MACs, 2048, 512, kernel_size=(1,), stride=(1,))
        (norm1): LayerNorm(0, 0.000% Params, 0.0 Mac, 0.000% MACs, (512,), eps=1e-05, elementwise_affine=True)
        (norm2): LayerNorm(0, 0.000% Params, 0.0 Mac, 0.000% MACs, (512,), eps=1e-05, elementwise_affine=True)
        (norm3): LayerNorm(0, 0.000% Params, 0.0 Mac, 0.000% MACs, (512,), eps=1e-05, elementwise_affine=True)
        (dropout): Dropout(0, 0.000% Params, 0.0 Mac, 0.000% MACs, p=0.05, inplace=False)
      )
      (2): DecoderLayer(
        4.2 M, 17.304% Params, 579.19 MMac, 18.905% MACs, 
        (self_attention): AttentionLayer(
          1.05 M, 4.328% Params, 151.0 MMac, 4.929% MACs, 
          (inner_attention): FullAttention(
            0, 0.000% Params, 0.0 Mac, 0.000% MACs, 
            (dropout): Dropout(0, 0.000% Params, 0.0 Mac, 0.000% MACs, p=0.05, inplace=False)
          )
          (query_projection): Linear(262.66 k, 1.082% Params, 37.75 MMac, 1.232% MACs, in_features=512, out_features=512, bias=True)
          (key_projection): Linear(262.66 k, 1.082% Params, 37.75 MMac, 1.232% MACs, in_features=512, out_features=512, bias=True)
          (value_projection): Linear(262.66 k, 1.082% Params, 37.75 MMac, 1.232% MACs, in_features=512, out_features=512, bias=True)
          (out_projection): Linear(262.66 k, 1.082% Params, 37.75 MMac, 1.232% MACs, in_features=512, out_features=512, bias=True)
        )
        (cross_attention): AttentionLayer(
          1.05 M, 4.328% Params, 125.83 MMac, 4.107% MACs, 
          (inner_attention): FullAttention(
            0, 0.000% Params, 0.0 Mac, 0.000% MACs, 
            (dropout): Dropout(0, 0.000% Params, 0.0 Mac, 0.000% MACs, p=0.05, inplace=False)
          )
          (query_projection): Linear(262.66 k, 1.082% Params, 37.75 MMac, 1.232% MACs, in_features=512, out_features=512, bias=True)
          (key_projection): Linear(262.66 k, 1.082% Params, 25.17 MMac, 0.821% MACs, in_features=512, out_features=512, bias=True)
          (value_projection): Linear(262.66 k, 1.082% Params, 25.17 MMac, 0.821% MACs, in_features=512, out_features=512, bias=True)
          (out_projection): Linear(262.66 k, 1.082% Params, 37.75 MMac, 1.232% MACs, in_features=512, out_features=512, bias=True)
        )
        (conv1): Conv1d(1.05 M, 4.328% Params, 151.29 MMac, 4.938% MACs, 512, 2048, kernel_size=(1,), stride=(1,))
        (conv2): Conv1d(1.05 M, 4.321% Params, 151.07 MMac, 4.931% MACs, 2048, 512, kernel_size=(1,), stride=(1,))
        (norm1): LayerNorm(0, 0.000% Params, 0.0 Mac, 0.000% MACs, (512,), eps=1e-05, elementwise_affine=True)
        (norm2): LayerNorm(0, 0.000% Params, 0.0 Mac, 0.000% MACs, (512,), eps=1e-05, elementwise_affine=True)
        (norm3): LayerNorm(0, 0.000% Params, 0.0 Mac, 0.000% MACs, (512,), eps=1e-05, elementwise_affine=True)
        (dropout): Dropout(0, 0.000% Params, 0.0 Mac, 0.000% MACs, p=0.05, inplace=False)
      )
      (3): DecoderLayer(
        4.2 M, 17.304% Params, 579.19 MMac, 18.905% MACs, 
        (self_attention): AttentionLayer(
          1.05 M, 4.328% Params, 151.0 MMac, 4.929% MACs, 
          (inner_attention): FullAttention(
            0, 0.000% Params, 0.0 Mac, 0.000% MACs, 
            (dropout): Dropout(0, 0.000% Params, 0.0 Mac, 0.000% MACs, p=0.05, inplace=False)
          )
          (query_projection): Linear(262.66 k, 1.082% Params, 37.75 MMac, 1.232% MACs, in_features=512, out_features=512, bias=True)
          (key_projection): Linear(262.66 k, 1.082% Params, 37.75 MMac, 1.232% MACs, in_features=512, out_features=512, bias=True)
          (value_projection): Linear(262.66 k, 1.082% Params, 37.75 MMac, 1.232% MACs, in_features=512, out_features=512, bias=True)
          (out_projection): Linear(262.66 k, 1.082% Params, 37.75 MMac, 1.232% MACs, in_features=512, out_features=512, bias=True)
        )
        (cross_attention): AttentionLayer(
          1.05 M, 4.328% Params, 125.83 MMac, 4.107% MACs, 
          (inner_attention): FullAttention(
            0, 0.000% Params, 0.0 Mac, 0.000% MACs, 
            (dropout): Dropout(0, 0.000% Params, 0.0 Mac, 0.000% MACs, p=0.05, inplace=False)
          )
          (query_projection): Linear(262.66 k, 1.082% Params, 37.75 MMac, 1.232% MACs, in_features=512, out_features=512, bias=True)
          (key_projection): Linear(262.66 k, 1.082% Params, 25.17 MMac, 0.821% MACs, in_features=512, out_features=512, bias=True)
          (value_projection): Linear(262.66 k, 1.082% Params, 25.17 MMac, 0.821% MACs, in_features=512, out_features=512, bias=True)
          (out_projection): Linear(262.66 k, 1.082% Params, 37.75 MMac, 1.232% MACs, in_features=512, out_features=512, bias=True)
        )
        (conv1): Conv1d(1.05 M, 4.328% Params, 151.29 MMac, 4.938% MACs, 512, 2048, kernel_size=(1,), stride=(1,))
        (conv2): Conv1d(1.05 M, 4.321% Params, 151.07 MMac, 4.931% MACs, 2048, 512, kernel_size=(1,), stride=(1,))
        (norm1): LayerNorm(0, 0.000% Params, 0.0 Mac, 0.000% MACs, (512,), eps=1e-05, elementwise_affine=True)
        (norm2): LayerNorm(0, 0.000% Params, 0.0 Mac, 0.000% MACs, (512,), eps=1e-05, elementwise_affine=True)
        (norm3): LayerNorm(0, 0.000% Params, 0.0 Mac, 0.000% MACs, (512,), eps=1e-05, elementwise_affine=True)
        (dropout): Dropout(0, 0.000% Params, 0.0 Mac, 0.000% MACs, p=0.05, inplace=False)
      )
    )
    (norm): LayerNorm(0, 0.000% Params, 0.0 Mac, 0.000% MACs, (512,), eps=1e-05, elementwise_affine=True)
    (projection): Linear(164.67 k, 0.678% Params, 23.67 MMac, 0.772% MACs, in_features=512, out_features=321, bias=True)
  )
)
Computational complexity:       3.06 GMac
Number of parameters:           24.28 M 
