Args in experiment:
Namespace(is_training=1, model_id='electricity_96_96', model='Transformer', data='custom', root_path='./dataset/', data_path='electricity.csv', features='M', target='OT', freq='h', checkpoints='./checkpoints/', seq_len=96, label_len=48, pred_len=96, individual=False, embed_type=0, enc_in=321, dec_in=321, c_out=321, d_model=512, n_heads=8, e_layers=1, d_layers=3, d_ff=2048, moving_avg=25, factor=3, distil=True, dropout=0.05, embed='timeF', activation='gelu', output_attention=False, do_predict=False, num_workers=10, itr=1, train_epochs=10, batch_size=32, patience=3, learning_rate=0.0001, des='Exp', loss='mse', lradj='type1', use_amp=False, use_gpu=True, gpu=1, use_multi_gpu=False, devices='0,1,2,3', test_flop=True)
Use GPU: cuda:1
>>>>>>>start training : electricity_96_96_Transformer_custom_ftM_sl96_ll48_pl96_dm512_nh8_el1_dl3_df2048_fc3_ebtimeF_dtTrue_Exp_0>>>>>>>>>>>>>>>>>>>>>>>>>>
train 18221
val 2537
test 5165
Epoch: 1 cost time: 37.80740022659302
Epoch: 1, Steps: 569 | Train Loss: 0.2539272 Vali Loss: 0.1936263 Test Loss: 0.2633720
Validation loss decreased (inf --> 0.193626).  Saving model ...
Updating learning rate to 0.0001
Epoch: 2 cost time: 33.01724147796631
Epoch: 2, Steps: 569 | Train Loss: 0.1322375 Vali Loss: 0.1918392 Test Loss: 0.2598871
Validation loss decreased (0.193626 --> 0.191839).  Saving model ...
Updating learning rate to 5e-05
Epoch: 3 cost time: 33.085505962371826
Epoch: 3, Steps: 569 | Train Loss: 0.1085482 Vali Loss: 0.1869574 Test Loss: 0.2577782
Validation loss decreased (0.191839 --> 0.186957).  Saving model ...
Updating learning rate to 2.5e-05
Epoch: 4 cost time: 32.76309871673584
Epoch: 4, Steps: 569 | Train Loss: 0.0991999 Vali Loss: 0.1841508 Test Loss: 0.2587172
Validation loss decreased (0.186957 --> 0.184151).  Saving model ...
Updating learning rate to 1.25e-05
Epoch: 5 cost time: 32.8165762424469
Epoch: 5, Steps: 569 | Train Loss: 0.0952817 Vali Loss: 0.1831553 Test Loss: 0.2577639
Validation loss decreased (0.184151 --> 0.183155).  Saving model ...
Updating learning rate to 6.25e-06
Epoch: 6 cost time: 33.07871985435486
Epoch: 6, Steps: 569 | Train Loss: 0.0931945 Vali Loss: 0.1843170 Test Loss: 0.2587769
EarlyStopping counter: 1 out of 3
Updating learning rate to 3.125e-06
Epoch: 7 cost time: 33.206801652908325
Epoch: 7, Steps: 569 | Train Loss: 0.0921069 Vali Loss: 0.1846411 Test Loss: 0.2586134
EarlyStopping counter: 2 out of 3
Updating learning rate to 1.5625e-06
Epoch: 8 cost time: 33.4625186920166
Epoch: 8, Steps: 569 | Train Loss: 0.0915179 Vali Loss: 0.1829818 Test Loss: 0.2581351
Validation loss decreased (0.183155 --> 0.182982).  Saving model ...
Updating learning rate to 7.8125e-07
Epoch: 9 cost time: 35.15048336982727
Epoch: 9, Steps: 569 | Train Loss: 0.0911787 Vali Loss: 0.1833327 Test Loss: 0.2584994
EarlyStopping counter: 1 out of 3
Updating learning rate to 3.90625e-07
Epoch: 10 cost time: 36.366726875305176
Epoch: 10, Steps: 569 | Train Loss: 0.0910145 Vali Loss: 0.1833311 Test Loss: 0.2582204
EarlyStopping counter: 2 out of 3
Updating learning rate to 1.953125e-07
>>>>>>>testing : electricity_96_96_Transformer_custom_ftM_sl96_ll48_pl96_dm512_nh8_el1_dl3_df2048_fc3_ebtimeF_dtTrue_Exp_0<<<<<<<<<<<<<<<<<<<<<<<<<<<<<<<<<
test 5165
mse:0.2581351697444916, mae:0.3573656976222992
INFO: Trainable parameter count: 0.49M
INFO: Trainable parameter count: 0.50M
INFO: Trainable parameter count: 0.99M
INFO: Trainable parameter count: 0.99M
INFO: Trainable parameter count: 1.25M
INFO: Trainable parameter count: 1.25M
INFO: Trainable parameter count: 1.52M
INFO: Trainable parameter count: 1.52M
INFO: Trainable parameter count: 1.78M
INFO: Trainable parameter count: 1.78M
INFO: Trainable parameter count: 2.04M
INFO: Trainable parameter count: 2.04M
INFO: Trainable parameter count: 3.09M
INFO: Trainable parameter count: 3.09M
INFO: Trainable parameter count: 4.14M
INFO: Trainable parameter count: 4.14M
INFO: Trainable parameter count: 4.14M
INFO: Trainable parameter count: 4.14M
INFO: Trainable parameter count: 4.14M
INFO: Trainable parameter count: 4.14M
INFO: Trainable parameter count: 4.14M
INFO: Trainable parameter count: 4.14M
INFO: Trainable parameter count: 4.41M
INFO: Trainable parameter count: 4.41M
INFO: Trainable parameter count: 4.67M
INFO: Trainable parameter count: 4.67M
INFO: Trainable parameter count: 4.93M
INFO: Trainable parameter count: 4.93M
INFO: Trainable parameter count: 5.19M
INFO: Trainable parameter count: 5.19M
INFO: Trainable parameter count: 5.46M
INFO: Trainable parameter count: 5.46M
INFO: Trainable parameter count: 5.72M
INFO: Trainable parameter count: 5.72M
INFO: Trainable parameter count: 5.98M
INFO: Trainable parameter count: 5.98M
INFO: Trainable parameter count: 6.24M
INFO: Trainable parameter count: 6.24M
INFO: Trainable parameter count: 7.29M
INFO: Trainable parameter count: 7.30M
INFO: Trainable parameter count: 8.34M
INFO: Trainable parameter count: 8.34M
INFO: Trainable parameter count: 8.35M
INFO: Trainable parameter count: 8.35M
INFO: Trainable parameter count: 8.35M
INFO: Trainable parameter count: 8.35M
INFO: Trainable parameter count: 8.35M
INFO: Trainable parameter count: 8.35M
INFO: Trainable parameter count: 8.61M
INFO: Trainable parameter count: 8.61M
INFO: Trainable parameter count: 8.87M
INFO: Trainable parameter count: 8.87M
INFO: Trainable parameter count: 9.14M
INFO: Trainable parameter count: 9.14M
INFO: Trainable parameter count: 9.40M
INFO: Trainable parameter count: 9.40M
INFO: Trainable parameter count: 9.66M
INFO: Trainable parameter count: 9.66M
INFO: Trainable parameter count: 9.92M
INFO: Trainable parameter count: 9.92M
INFO: Trainable parameter count: 10.19M
INFO: Trainable parameter count: 10.19M
INFO: Trainable parameter count: 10.45M
INFO: Trainable parameter count: 10.45M
INFO: Trainable parameter count: 11.50M
INFO: Trainable parameter count: 11.50M
INFO: Trainable parameter count: 12.55M
INFO: Trainable parameter count: 12.55M
INFO: Trainable parameter count: 12.55M
INFO: Trainable parameter count: 12.55M
INFO: Trainable parameter count: 12.55M
INFO: Trainable parameter count: 12.55M
INFO: Trainable parameter count: 12.55M
INFO: Trainable parameter count: 12.55M
INFO: Trainable parameter count: 12.81M
INFO: Trainable parameter count: 12.81M
INFO: Trainable parameter count: 13.08M
INFO: Trainable parameter count: 13.08M
INFO: Trainable parameter count: 13.34M
INFO: Trainable parameter count: 13.34M
INFO: Trainable parameter count: 13.60M
INFO: Trainable parameter count: 13.60M
INFO: Trainable parameter count: 13.86M
INFO: Trainable parameter count: 13.86M
INFO: Trainable parameter count: 14.13M
INFO: Trainable parameter count: 14.13M
INFO: Trainable parameter count: 14.39M
INFO: Trainable parameter count: 14.39M
INFO: Trainable parameter count: 14.65M
INFO: Trainable parameter count: 14.65M
INFO: Trainable parameter count: 15.70M
INFO: Trainable parameter count: 15.70M
INFO: Trainable parameter count: 16.75M
INFO: Trainable parameter count: 16.75M
INFO: Trainable parameter count: 16.75M
INFO: Trainable parameter count: 16.75M
INFO: Trainable parameter count: 16.75M
INFO: Trainable parameter count: 16.75M
INFO: Trainable parameter count: 16.76M
INFO: Trainable parameter count: 16.76M
INFO: Trainable parameter count: 16.76M
INFO: Trainable parameter count: 16.76M
INFO: Trainable parameter count: 16.92M
INFO: Trainable parameter count: 16.92M
Model(
  16.91 M, 99.921% Params, 2.18 GMac, 100.000% MACs, 
  (enc_embedding): DataEmbedding(
    495.1 k, 2.926% Params, 47.53 MMac, 2.178% MACs, 
    (value_embedding): TokenEmbedding(
      493.06 k, 2.914% Params, 47.33 MMac, 2.169% MACs, 
      (tokenConv): Conv1d(493.06 k, 2.914% Params, 47.33 MMac, 2.169% MACs, 321, 512, kernel_size=(3,), stride=(1,), padding=(1,), bias=False, padding_mode=circular)
    )
    (position_embedding): PositionalEmbedding(0, 0.000% Params, 0.0 Mac, 0.000% MACs, )
    (temporal_embedding): TimeFeatureEmbedding(
      2.05 k, 0.012% Params, 196.61 KMac, 0.009% MACs, 
      (embed): Linear(2.05 k, 0.012% Params, 196.61 KMac, 0.009% MACs, in_features=4, out_features=512, bias=False)
    )
    (dropout): Dropout(0, 0.000% Params, 0.0 Mac, 0.000% MACs, p=0.05, inplace=False)
  )
  (dec_embedding): DataEmbedding(
    495.1 k, 2.926% Params, 71.29 MMac, 3.267% MACs, 
    (value_embedding): TokenEmbedding(
      493.06 k, 2.914% Params, 71.0 MMac, 3.253% MACs, 
      (tokenConv): Conv1d(493.06 k, 2.914% Params, 71.0 MMac, 3.253% MACs, 321, 512, kernel_size=(3,), stride=(1,), padding=(1,), bias=False, padding_mode=circular)
    )
    (position_embedding): PositionalEmbedding(0, 0.000% Params, 0.0 Mac, 0.000% MACs, )
    (temporal_embedding): TimeFeatureEmbedding(
      2.05 k, 0.012% Params, 294.91 KMac, 0.014% MACs, 
      (embed): Linear(2.05 k, 0.012% Params, 294.91 KMac, 0.014% MACs, in_features=4, out_features=512, bias=False)
    )
    (dropout): Dropout(0, 0.000% Params, 0.0 Mac, 0.000% MACs, p=0.05, inplace=False)
  )
  (encoder): Encoder(
    3.15 M, 18.617% Params, 302.24 MMac, 13.850% MACs, 
    (attn_layers): ModuleList(
      3.15 M, 18.617% Params, 302.24 MMac, 13.850% MACs, 
      (0): EncoderLayer(
        3.15 M, 18.617% Params, 302.24 MMac, 13.850% MACs, 
        (attention): AttentionLayer(
          1.05 M, 6.209% Params, 100.67 MMac, 4.613% MACs, 
          (inner_attention): FullAttention(
            0, 0.000% Params, 0.0 Mac, 0.000% MACs, 
            (dropout): Dropout(0, 0.000% Params, 0.0 Mac, 0.000% MACs, p=0.05, inplace=False)
          )
          (query_projection): Linear(262.66 k, 1.552% Params, 25.17 MMac, 1.153% MACs, in_features=512, out_features=512, bias=True)
          (key_projection): Linear(262.66 k, 1.552% Params, 25.17 MMac, 1.153% MACs, in_features=512, out_features=512, bias=True)
          (value_projection): Linear(262.66 k, 1.552% Params, 25.17 MMac, 1.153% MACs, in_features=512, out_features=512, bias=True)
          (out_projection): Linear(262.66 k, 1.552% Params, 25.17 MMac, 1.153% MACs, in_features=512, out_features=512, bias=True)
        )
        (conv1): Conv1d(1.05 M, 6.209% Params, 100.86 MMac, 4.622% MACs, 512, 2048, kernel_size=(1,), stride=(1,))
        (conv2): Conv1d(1.05 M, 6.200% Params, 100.71 MMac, 4.615% MACs, 2048, 512, kernel_size=(1,), stride=(1,))
        (norm1): LayerNorm(0, 0.000% Params, 0.0 Mac, 0.000% MACs, (512,), eps=1e-05, elementwise_affine=True)
        (norm2): LayerNorm(0, 0.000% Params, 0.0 Mac, 0.000% MACs, (512,), eps=1e-05, elementwise_affine=True)
        (dropout): Dropout(0, 0.000% Params, 0.0 Mac, 0.000% MACs, p=0.05, inplace=False)
      )
    )
    (norm): LayerNorm(0, 0.000% Params, 0.0 Mac, 0.000% MACs, (512,), eps=1e-05, elementwise_affine=True)
  )
  (decoder): Decoder(
    12.77 M, 75.452% Params, 1.76 GMac, 80.705% MACs, 
    (layers): ModuleList(
      12.6 M, 74.479% Params, 1.74 GMac, 79.621% MACs, 
      (0): DecoderLayer(
        4.2 M, 24.826% Params, 579.19 MMac, 26.540% MACs, 
        (self_attention): AttentionLayer(
          1.05 M, 6.209% Params, 151.0 MMac, 6.919% MACs, 
          (inner_attention): FullAttention(
            0, 0.000% Params, 0.0 Mac, 0.000% MACs, 
            (dropout): Dropout(0, 0.000% Params, 0.0 Mac, 0.000% MACs, p=0.05, inplace=False)
          )
          (query_projection): Linear(262.66 k, 1.552% Params, 37.75 MMac, 1.730% MACs, in_features=512, out_features=512, bias=True)
          (key_projection): Linear(262.66 k, 1.552% Params, 37.75 MMac, 1.730% MACs, in_features=512, out_features=512, bias=True)
          (value_projection): Linear(262.66 k, 1.552% Params, 37.75 MMac, 1.730% MACs, in_features=512, out_features=512, bias=True)
          (out_projection): Linear(262.66 k, 1.552% Params, 37.75 MMac, 1.730% MACs, in_features=512, out_features=512, bias=True)
        )
        (cross_attention): AttentionLayer(
          1.05 M, 6.209% Params, 125.83 MMac, 5.766% MACs, 
          (inner_attention): FullAttention(
            0, 0.000% Params, 0.0 Mac, 0.000% MACs, 
            (dropout): Dropout(0, 0.000% Params, 0.0 Mac, 0.000% MACs, p=0.05, inplace=False)
          )
          (query_projection): Linear(262.66 k, 1.552% Params, 37.75 MMac, 1.730% MACs, in_features=512, out_features=512, bias=True)
          (key_projection): Linear(262.66 k, 1.552% Params, 25.17 MMac, 1.153% MACs, in_features=512, out_features=512, bias=True)
          (value_projection): Linear(262.66 k, 1.552% Params, 25.17 MMac, 1.153% MACs, in_features=512, out_features=512, bias=True)
          (out_projection): Linear(262.66 k, 1.552% Params, 37.75 MMac, 1.730% MACs, in_features=512, out_features=512, bias=True)
        )
        (conv1): Conv1d(1.05 M, 6.209% Params, 151.29 MMac, 6.933% MACs, 512, 2048, kernel_size=(1,), stride=(1,))
        (conv2): Conv1d(1.05 M, 6.200% Params, 151.07 MMac, 6.922% MACs, 2048, 512, kernel_size=(1,), stride=(1,))
        (norm1): LayerNorm(0, 0.000% Params, 0.0 Mac, 0.000% MACs, (512,), eps=1e-05, elementwise_affine=True)
        (norm2): LayerNorm(0, 0.000% Params, 0.0 Mac, 0.000% MACs, (512,), eps=1e-05, elementwise_affine=True)
        (norm3): LayerNorm(0, 0.000% Params, 0.0 Mac, 0.000% MACs, (512,), eps=1e-05, elementwise_affine=True)
        (dropout): Dropout(0, 0.000% Params, 0.0 Mac, 0.000% MACs, p=0.05, inplace=False)
      )
      (1): DecoderLayer(
        4.2 M, 24.826% Params, 579.19 MMac, 26.540% MACs, 
        (self_attention): AttentionLayer(
          1.05 M, 6.209% Params, 151.0 MMac, 6.919% MACs, 
          (inner_attention): FullAttention(
            0, 0.000% Params, 0.0 Mac, 0.000% MACs, 
            (dropout): Dropout(0, 0.000% Params, 0.0 Mac, 0.000% MACs, p=0.05, inplace=False)
          )
          (query_projection): Linear(262.66 k, 1.552% Params, 37.75 MMac, 1.730% MACs, in_features=512, out_features=512, bias=True)
          (key_projection): Linear(262.66 k, 1.552% Params, 37.75 MMac, 1.730% MACs, in_features=512, out_features=512, bias=True)
          (value_projection): Linear(262.66 k, 1.552% Params, 37.75 MMac, 1.730% MACs, in_features=512, out_features=512, bias=True)
          (out_projection): Linear(262.66 k, 1.552% Params, 37.75 MMac, 1.730% MACs, in_features=512, out_features=512, bias=True)
        )
        (cross_attention): AttentionLayer(
          1.05 M, 6.209% Params, 125.83 MMac, 5.766% MACs, 
          (inner_attention): FullAttention(
            0, 0.000% Params, 0.0 Mac, 0.000% MACs, 
            (dropout): Dropout(0, 0.000% Params, 0.0 Mac, 0.000% MACs, p=0.05, inplace=False)
          )
          (query_projection): Linear(262.66 k, 1.552% Params, 37.75 MMac, 1.730% MACs, in_features=512, out_features=512, bias=True)
          (key_projection): Linear(262.66 k, 1.552% Params, 25.17 MMac, 1.153% MACs, in_features=512, out_features=512, bias=True)
          (value_projection): Linear(262.66 k, 1.552% Params, 25.17 MMac, 1.153% MACs, in_features=512, out_features=512, bias=True)
          (out_projection): Linear(262.66 k, 1.552% Params, 37.75 MMac, 1.730% MACs, in_features=512, out_features=512, bias=True)
        )
        (conv1): Conv1d(1.05 M, 6.209% Params, 151.29 MMac, 6.933% MACs, 512, 2048, kernel_size=(1,), stride=(1,))
        (conv2): Conv1d(1.05 M, 6.200% Params, 151.07 MMac, 6.922% MACs, 2048, 512, kernel_size=(1,), stride=(1,))
        (norm1): LayerNorm(0, 0.000% Params, 0.0 Mac, 0.000% MACs, (512,), eps=1e-05, elementwise_affine=True)
        (norm2): LayerNorm(0, 0.000% Params, 0.0 Mac, 0.000% MACs, (512,), eps=1e-05, elementwise_affine=True)
        (norm3): LayerNorm(0, 0.000% Params, 0.0 Mac, 0.000% MACs, (512,), eps=1e-05, elementwise_affine=True)
        (dropout): Dropout(0, 0.000% Params, 0.0 Mac, 0.000% MACs, p=0.05, inplace=False)
      )
      (2): DecoderLayer(
        4.2 M, 24.826% Params, 579.19 MMac, 26.540% MACs, 
        (self_attention): AttentionLayer(
          1.05 M, 6.209% Params, 151.0 MMac, 6.919% MACs, 
          (inner_attention): FullAttention(
            0, 0.000% Params, 0.0 Mac, 0.000% MACs, 
            (dropout): Dropout(0, 0.000% Params, 0.0 Mac, 0.000% MACs, p=0.05, inplace=False)
          )
          (query_projection): Linear(262.66 k, 1.552% Params, 37.75 MMac, 1.730% MACs, in_features=512, out_features=512, bias=True)
          (key_projection): Linear(262.66 k, 1.552% Params, 37.75 MMac, 1.730% MACs, in_features=512, out_features=512, bias=True)
          (value_projection): Linear(262.66 k, 1.552% Params, 37.75 MMac, 1.730% MACs, in_features=512, out_features=512, bias=True)
          (out_projection): Linear(262.66 k, 1.552% Params, 37.75 MMac, 1.730% MACs, in_features=512, out_features=512, bias=True)
        )
        (cross_attention): AttentionLayer(
          1.05 M, 6.209% Params, 125.83 MMac, 5.766% MACs, 
          (inner_attention): FullAttention(
            0, 0.000% Params, 0.0 Mac, 0.000% MACs, 
            (dropout): Dropout(0, 0.000% Params, 0.0 Mac, 0.000% MACs, p=0.05, inplace=False)
          )
          (query_projection): Linear(262.66 k, 1.552% Params, 37.75 MMac, 1.730% MACs, in_features=512, out_features=512, bias=True)
          (key_projection): Linear(262.66 k, 1.552% Params, 25.17 MMac, 1.153% MACs, in_features=512, out_features=512, bias=True)
          (value_projection): Linear(262.66 k, 1.552% Params, 25.17 MMac, 1.153% MACs, in_features=512, out_features=512, bias=True)
          (out_projection): Linear(262.66 k, 1.552% Params, 37.75 MMac, 1.730% MACs, in_features=512, out_features=512, bias=True)
        )
        (conv1): Conv1d(1.05 M, 6.209% Params, 151.29 MMac, 6.933% MACs, 512, 2048, kernel_size=(1,), stride=(1,))
        (conv2): Conv1d(1.05 M, 6.200% Params, 151.07 MMac, 6.922% MACs, 2048, 512, kernel_size=(1,), stride=(1,))
        (norm1): LayerNorm(0, 0.000% Params, 0.0 Mac, 0.000% MACs, (512,), eps=1e-05, elementwise_affine=True)
        (norm2): LayerNorm(0, 0.000% Params, 0.0 Mac, 0.000% MACs, (512,), eps=1e-05, elementwise_affine=True)
        (norm3): LayerNorm(0, 0.000% Params, 0.0 Mac, 0.000% MACs, (512,), eps=1e-05, elementwise_affine=True)
        (dropout): Dropout(0, 0.000% Params, 0.0 Mac, 0.000% MACs, p=0.05, inplace=False)
      )
    )
    (norm): LayerNorm(0, 0.000% Params, 0.0 Mac, 0.000% MACs, (512,), eps=1e-05, elementwise_affine=True)
    (projection): Linear(164.67 k, 0.973% Params, 23.67 MMac, 1.085% MACs, in_features=512, out_features=321, bias=True)
  )
)
Computational complexity:       2.18 GMac
Number of parameters:           16.92 M 
