Args in experiment:
Namespace(is_training=1, model_id='ETTh1_96_96', model='Transformer', data='ETTh1', root_path='./dataset/', data_path='ETTh1.csv', features='M', target='OT', freq='h', checkpoints='./checkpoints/', seq_len=96, label_len=48, pred_len=96, individual=False, embed_type=0, enc_in=7, dec_in=7, c_out=7, d_model=512, n_heads=8, e_layers=1, d_layers=2, d_ff=2048, moving_avg=25, factor=3, distil=True, dropout=0.05, embed='timeF', activation='gelu', output_attention=False, do_predict=False, num_workers=10, itr=1, train_epochs=10, batch_size=32, patience=3, learning_rate=0.0001, des='Exp', loss='mse', lradj='type1', use_amp=False, use_gpu=True, gpu=2, use_multi_gpu=False, devices='0,1,2,3', test_flop=True)
Use GPU: cuda:2
>>>>>>>start training : ETTh1_96_96_Transformer_ETTh1_ftM_sl96_ll48_pl96_dm512_nh8_el1_dl2_df2048_fc3_ebtimeF_dtTrue_Exp_0>>>>>>>>>>>>>>>>>>>>>>>>>>
train 8449
val 2785
test 2785
Epoch: 1 cost time: 17.646673440933228
Epoch: 1, Steps: 264 | Train Loss: 0.4327642 Vali Loss: 0.9527037 Test Loss: 0.8386268
Validation loss decreased (inf --> 0.952704).  Saving model ...
Updating learning rate to 0.0001
Epoch: 2 cost time: 11.911669969558716
Epoch: 2, Steps: 264 | Train Loss: 0.2611791 Vali Loss: 1.0069015 Test Loss: 0.9429843
EarlyStopping counter: 1 out of 3
Updating learning rate to 5e-05
Epoch: 3 cost time: 13.217108726501465
Epoch: 3, Steps: 264 | Train Loss: 0.2112804 Vali Loss: 1.0450824 Test Loss: 0.9843183
EarlyStopping counter: 2 out of 3
Updating learning rate to 2.5e-05
Epoch: 4 cost time: 12.4941885471344
Epoch: 4, Steps: 264 | Train Loss: 0.1914995 Vali Loss: 1.0364279 Test Loss: 0.9614261
EarlyStopping counter: 3 out of 3
Early stopping
>>>>>>>testing : ETTh1_96_96_Transformer_ETTh1_ftM_sl96_ll48_pl96_dm512_nh8_el1_dl2_df2048_fc3_ebtimeF_dtTrue_Exp_0<<<<<<<<<<<<<<<<<<<<<<<<<<<<<<<<<
test 2785
mse:0.8386268615722656, mae:0.7377550601959229
INFO: Trainable parameter count: 0.01M
INFO: Trainable parameter count: 0.01M
INFO: Trainable parameter count: 0.02M
INFO: Trainable parameter count: 0.03M
INFO: Trainable parameter count: 0.29M
INFO: Trainable parameter count: 0.29M
INFO: Trainable parameter count: 0.55M
INFO: Trainable parameter count: 0.55M
INFO: Trainable parameter count: 0.81M
INFO: Trainable parameter count: 0.81M
INFO: Trainable parameter count: 1.08M
INFO: Trainable parameter count: 1.08M
INFO: Trainable parameter count: 2.12M
INFO: Trainable parameter count: 2.13M
INFO: Trainable parameter count: 3.18M
INFO: Trainable parameter count: 3.18M
INFO: Trainable parameter count: 3.18M
INFO: Trainable parameter count: 3.18M
INFO: Trainable parameter count: 3.18M
INFO: Trainable parameter count: 3.18M
INFO: Trainable parameter count: 3.18M
INFO: Trainable parameter count: 3.18M
INFO: Trainable parameter count: 3.44M
INFO: Trainable parameter count: 3.44M
INFO: Trainable parameter count: 3.70M
INFO: Trainable parameter count: 3.70M
INFO: Trainable parameter count: 3.97M
INFO: Trainable parameter count: 3.97M
INFO: Trainable parameter count: 4.23M
INFO: Trainable parameter count: 4.23M
INFO: Trainable parameter count: 4.49M
INFO: Trainable parameter count: 4.49M
INFO: Trainable parameter count: 4.75M
INFO: Trainable parameter count: 4.75M
INFO: Trainable parameter count: 5.02M
INFO: Trainable parameter count: 5.02M
INFO: Trainable parameter count: 5.28M
INFO: Trainable parameter count: 5.28M
INFO: Trainable parameter count: 6.33M
INFO: Trainable parameter count: 6.33M
INFO: Trainable parameter count: 7.38M
INFO: Trainable parameter count: 7.38M
INFO: Trainable parameter count: 7.38M
INFO: Trainable parameter count: 7.38M
INFO: Trainable parameter count: 7.38M
INFO: Trainable parameter count: 7.38M
INFO: Trainable parameter count: 7.38M
INFO: Trainable parameter count: 7.38M
INFO: Trainable parameter count: 7.65M
INFO: Trainable parameter count: 7.65M
INFO: Trainable parameter count: 7.91M
INFO: Trainable parameter count: 7.91M
INFO: Trainable parameter count: 8.17M
INFO: Trainable parameter count: 8.17M
INFO: Trainable parameter count: 8.43M
INFO: Trainable parameter count: 8.43M
INFO: Trainable parameter count: 8.70M
INFO: Trainable parameter count: 8.70M
INFO: Trainable parameter count: 8.96M
INFO: Trainable parameter count: 8.96M
INFO: Trainable parameter count: 9.22M
INFO: Trainable parameter count: 9.22M
INFO: Trainable parameter count: 9.48M
INFO: Trainable parameter count: 9.48M
INFO: Trainable parameter count: 10.53M
INFO: Trainable parameter count: 10.53M
INFO: Trainable parameter count: 11.58M
INFO: Trainable parameter count: 11.58M
INFO: Trainable parameter count: 11.58M
INFO: Trainable parameter count: 11.59M
INFO: Trainable parameter count: 11.59M
INFO: Trainable parameter count: 11.59M
INFO: Trainable parameter count: 11.59M
INFO: Trainable parameter count: 11.59M
INFO: Trainable parameter count: 11.59M
INFO: Trainable parameter count: 11.59M
INFO: Trainable parameter count: 11.59M
INFO: Trainable parameter count: 11.59M
Model(
  11.58 M, 99.912% Params, 1.46 GMac, 100.000% MACs, 
  (enc_embedding): DataEmbedding(
    12.8 k, 0.110% Params, 1.23 MMac, 0.084% MACs, 
    (value_embedding): TokenEmbedding(
      10.75 k, 0.093% Params, 1.03 MMac, 0.070% MACs, 
      (tokenConv): Conv1d(10.75 k, 0.093% Params, 1.03 MMac, 0.070% MACs, 7, 512, kernel_size=(3,), stride=(1,), padding=(1,), bias=False, padding_mode=circular)
    )
    (position_embedding): PositionalEmbedding(0, 0.000% Params, 0.0 Mac, 0.000% MACs, )
    (temporal_embedding): TimeFeatureEmbedding(
      2.05 k, 0.018% Params, 196.61 KMac, 0.013% MACs, 
      (embed): Linear(2.05 k, 0.018% Params, 196.61 KMac, 0.013% MACs, in_features=4, out_features=512, bias=False)
    )
    (dropout): Dropout(0, 0.000% Params, 0.0 Mac, 0.000% MACs, p=0.05, inplace=False)
  )
  (dec_embedding): DataEmbedding(
    12.8 k, 0.110% Params, 1.84 MMac, 0.126% MACs, 
    (value_embedding): TokenEmbedding(
      10.75 k, 0.093% Params, 1.55 MMac, 0.106% MACs, 
      (tokenConv): Conv1d(10.75 k, 0.093% Params, 1.55 MMac, 0.106% MACs, 7, 512, kernel_size=(3,), stride=(1,), padding=(1,), bias=False, padding_mode=circular)
    )
    (position_embedding): PositionalEmbedding(0, 0.000% Params, 0.0 Mac, 0.000% MACs, )
    (temporal_embedding): TimeFeatureEmbedding(
      2.05 k, 0.018% Params, 294.91 KMac, 0.020% MACs, 
      (embed): Linear(2.05 k, 0.018% Params, 294.91 KMac, 0.020% MACs, in_features=4, out_features=512, bias=False)
    )
    (dropout): Dropout(0, 0.000% Params, 0.0 Mac, 0.000% MACs, p=0.05, inplace=False)
  )
  (encoder): Encoder(
    3.15 M, 27.178% Params, 302.24 MMac, 20.642% MACs, 
    (attn_layers): ModuleList(
      3.15 M, 27.178% Params, 302.24 MMac, 20.642% MACs, 
      (0): EncoderLayer(
        3.15 M, 27.178% Params, 302.24 MMac, 20.642% MACs, 
        (attention): AttentionLayer(
          1.05 M, 9.064% Params, 100.67 MMac, 6.875% MACs, 
          (inner_attention): FullAttention(
            0, 0.000% Params, 0.0 Mac, 0.000% MACs, 
            (dropout): Dropout(0, 0.000% Params, 0.0 Mac, 0.000% MACs, p=0.05, inplace=False)
          )
          (query_projection): Linear(262.66 k, 2.266% Params, 25.17 MMac, 1.719% MACs, in_features=512, out_features=512, bias=True)
          (key_projection): Linear(262.66 k, 2.266% Params, 25.17 MMac, 1.719% MACs, in_features=512, out_features=512, bias=True)
          (value_projection): Linear(262.66 k, 2.266% Params, 25.17 MMac, 1.719% MACs, in_features=512, out_features=512, bias=True)
          (out_projection): Linear(262.66 k, 2.266% Params, 25.17 MMac, 1.719% MACs, in_features=512, out_features=512, bias=True)
        )
        (conv1): Conv1d(1.05 M, 9.064% Params, 100.86 MMac, 6.888% MACs, 512, 2048, kernel_size=(1,), stride=(1,))
        (conv2): Conv1d(1.05 M, 9.050% Params, 100.71 MMac, 6.878% MACs, 2048, 512, kernel_size=(1,), stride=(1,))
        (norm1): LayerNorm(0, 0.000% Params, 0.0 Mac, 0.000% MACs, (512,), eps=1e-05, elementwise_affine=True)
        (norm2): LayerNorm(0, 0.000% Params, 0.0 Mac, 0.000% MACs, (512,), eps=1e-05, elementwise_affine=True)
        (dropout): Dropout(0, 0.000% Params, 0.0 Mac, 0.000% MACs, p=0.05, inplace=False)
      )
    )
    (norm): LayerNorm(0, 0.000% Params, 0.0 Mac, 0.000% MACs, (512,), eps=1e-05, elementwise_affine=True)
  )
  (decoder): Decoder(
    8.41 M, 72.513% Params, 1.16 GMac, 79.148% MACs, 
    (layers): ModuleList(
      8.4 M, 72.482% Params, 1.16 GMac, 79.113% MACs, 
      (0): DecoderLayer(
        4.2 M, 36.241% Params, 579.19 MMac, 39.557% MACs, 
        (self_attention): AttentionLayer(
          1.05 M, 9.064% Params, 151.0 MMac, 10.313% MACs, 
          (inner_attention): FullAttention(
            0, 0.000% Params, 0.0 Mac, 0.000% MACs, 
            (dropout): Dropout(0, 0.000% Params, 0.0 Mac, 0.000% MACs, p=0.05, inplace=False)
          )
          (query_projection): Linear(262.66 k, 2.266% Params, 37.75 MMac, 2.578% MACs, in_features=512, out_features=512, bias=True)
          (key_projection): Linear(262.66 k, 2.266% Params, 37.75 MMac, 2.578% MACs, in_features=512, out_features=512, bias=True)
          (value_projection): Linear(262.66 k, 2.266% Params, 37.75 MMac, 2.578% MACs, in_features=512, out_features=512, bias=True)
          (out_projection): Linear(262.66 k, 2.266% Params, 37.75 MMac, 2.578% MACs, in_features=512, out_features=512, bias=True)
        )
        (cross_attention): AttentionLayer(
          1.05 M, 9.064% Params, 125.83 MMac, 8.594% MACs, 
          (inner_attention): FullAttention(
            0, 0.000% Params, 0.0 Mac, 0.000% MACs, 
            (dropout): Dropout(0, 0.000% Params, 0.0 Mac, 0.000% MACs, p=0.05, inplace=False)
          )
          (query_projection): Linear(262.66 k, 2.266% Params, 37.75 MMac, 2.578% MACs, in_features=512, out_features=512, bias=True)
          (key_projection): Linear(262.66 k, 2.266% Params, 25.17 MMac, 1.719% MACs, in_features=512, out_features=512, bias=True)
          (value_projection): Linear(262.66 k, 2.266% Params, 25.17 MMac, 1.719% MACs, in_features=512, out_features=512, bias=True)
          (out_projection): Linear(262.66 k, 2.266% Params, 37.75 MMac, 2.578% MACs, in_features=512, out_features=512, bias=True)
        )
        (conv1): Conv1d(1.05 M, 9.064% Params, 151.29 MMac, 10.333% MACs, 512, 2048, kernel_size=(1,), stride=(1,))
        (conv2): Conv1d(1.05 M, 9.050% Params, 151.07 MMac, 10.317% MACs, 2048, 512, kernel_size=(1,), stride=(1,))
        (norm1): LayerNorm(0, 0.000% Params, 0.0 Mac, 0.000% MACs, (512,), eps=1e-05, elementwise_affine=True)
        (norm2): LayerNorm(0, 0.000% Params, 0.0 Mac, 0.000% MACs, (512,), eps=1e-05, elementwise_affine=True)
        (norm3): LayerNorm(0, 0.000% Params, 0.0 Mac, 0.000% MACs, (512,), eps=1e-05, elementwise_affine=True)
        (dropout): Dropout(0, 0.000% Params, 0.0 Mac, 0.000% MACs, p=0.05, inplace=False)
      )
      (1): DecoderLayer(
        4.2 M, 36.241% Params, 579.19 MMac, 39.557% MACs, 
        (self_attention): AttentionLayer(
          1.05 M, 9.064% Params, 151.0 MMac, 10.313% MACs, 
          (inner_attention): FullAttention(
            0, 0.000% Params, 0.0 Mac, 0.000% MACs, 
            (dropout): Dropout(0, 0.000% Params, 0.0 Mac, 0.000% MACs, p=0.05, inplace=False)
          )
          (query_projection): Linear(262.66 k, 2.266% Params, 37.75 MMac, 2.578% MACs, in_features=512, out_features=512, bias=True)
          (key_projection): Linear(262.66 k, 2.266% Params, 37.75 MMac, 2.578% MACs, in_features=512, out_features=512, bias=True)
          (value_projection): Linear(262.66 k, 2.266% Params, 37.75 MMac, 2.578% MACs, in_features=512, out_features=512, bias=True)
          (out_projection): Linear(262.66 k, 2.266% Params, 37.75 MMac, 2.578% MACs, in_features=512, out_features=512, bias=True)
        )
        (cross_attention): AttentionLayer(
          1.05 M, 9.064% Params, 125.83 MMac, 8.594% MACs, 
          (inner_attention): FullAttention(
            0, 0.000% Params, 0.0 Mac, 0.000% MACs, 
            (dropout): Dropout(0, 0.000% Params, 0.0 Mac, 0.000% MACs, p=0.05, inplace=False)
          )
          (query_projection): Linear(262.66 k, 2.266% Params, 37.75 MMac, 2.578% MACs, in_features=512, out_features=512, bias=True)
          (key_projection): Linear(262.66 k, 2.266% Params, 25.17 MMac, 1.719% MACs, in_features=512, out_features=512, bias=True)
          (value_projection): Linear(262.66 k, 2.266% Params, 25.17 MMac, 1.719% MACs, in_features=512, out_features=512, bias=True)
          (out_projection): Linear(262.66 k, 2.266% Params, 37.75 MMac, 2.578% MACs, in_features=512, out_features=512, bias=True)
        )
        (conv1): Conv1d(1.05 M, 9.064% Params, 151.29 MMac, 10.333% MACs, 512, 2048, kernel_size=(1,), stride=(1,))
        (conv2): Conv1d(1.05 M, 9.050% Params, 151.07 MMac, 10.317% MACs, 2048, 512, kernel_size=(1,), stride=(1,))
        (norm1): LayerNorm(0, 0.000% Params, 0.0 Mac, 0.000% MACs, (512,), eps=1e-05, elementwise_affine=True)
        (norm2): LayerNorm(0, 0.000% Params, 0.0 Mac, 0.000% MACs, (512,), eps=1e-05, elementwise_affine=True)
        (norm3): LayerNorm(0, 0.000% Params, 0.0 Mac, 0.000% MACs, (512,), eps=1e-05, elementwise_affine=True)
        (dropout): Dropout(0, 0.000% Params, 0.0 Mac, 0.000% MACs, p=0.05, inplace=False)
      )
    )
    (norm): LayerNorm(0, 0.000% Params, 0.0 Mac, 0.000% MACs, (512,), eps=1e-05, elementwise_affine=True)
    (projection): Linear(3.59 k, 0.031% Params, 516.1 KMac, 0.035% MACs, in_features=512, out_features=7, bias=True)
  )
)
Computational complexity:       1.46 GMac
Number of parameters:           11.59 M 
