Args in experiment:
Namespace(is_training=1, model_id='electricity_96_96', model='Transformer', data='custom', root_path='./dataset/', data_path='electricity.csv', features='M', target='OT', freq='h', checkpoints='./checkpoints/', seq_len=96, label_len=48, pred_len=96, individual=False, embed_type=0, enc_in=321, dec_in=321, c_out=321, d_model=512, n_heads=8, e_layers=1, d_layers=1, d_ff=2048, moving_avg=25, factor=3, distil=True, dropout=0.05, embed='timeF', activation='gelu', output_attention=False, do_predict=False, num_workers=10, itr=1, train_epochs=10, batch_size=32, patience=3, learning_rate=0.0001, des='Exp', loss='mse', lradj='type1', use_amp=False, use_gpu=True, gpu=1, use_multi_gpu=False, devices='0,1,2,3', test_flop=True)
Use GPU: cuda:1
>>>>>>>start training : electricity_96_96_Transformer_custom_ftM_sl96_ll48_pl96_dm512_nh8_el1_dl1_df2048_fc3_ebtimeF_dtTrue_Exp_0>>>>>>>>>>>>>>>>>>>>>>>>>>
train 18221
val 2537
test 5165
Epoch: 1 cost time: 28.516928672790527
Epoch: 1, Steps: 569 | Train Loss: 0.2833891 Vali Loss: 0.2006387 Test Loss: 0.2795099
Validation loss decreased (inf --> 0.200639).  Saving model ...
Updating learning rate to 0.0001
Epoch: 2 cost time: 25.709455490112305
Epoch: 2, Steps: 569 | Train Loss: 0.1537158 Vali Loss: 0.1927486 Test Loss: 0.2703041
Validation loss decreased (0.200639 --> 0.192749).  Saving model ...
Updating learning rate to 5e-05
Epoch: 3 cost time: 26.97049593925476
Epoch: 3, Steps: 569 | Train Loss: 0.1301406 Vali Loss: 0.1893795 Test Loss: 0.2639858
Validation loss decreased (0.192749 --> 0.189379).  Saving model ...
Updating learning rate to 2.5e-05
Epoch: 4 cost time: 26.367410898208618
Epoch: 4, Steps: 569 | Train Loss: 0.1206372 Vali Loss: 0.1873134 Test Loss: 0.2649222
Validation loss decreased (0.189379 --> 0.187313).  Saving model ...
Updating learning rate to 1.25e-05
Epoch: 5 cost time: 26.55596351623535
Epoch: 5, Steps: 569 | Train Loss: 0.1162905 Vali Loss: 0.1874294 Test Loss: 0.2648570
EarlyStopping counter: 1 out of 3
Updating learning rate to 6.25e-06
Epoch: 6 cost time: 26.872032165527344
Epoch: 6, Steps: 569 | Train Loss: 0.1140498 Vali Loss: 0.1860365 Test Loss: 0.2625685
Validation loss decreased (0.187313 --> 0.186037).  Saving model ...
Updating learning rate to 3.125e-06
Epoch: 7 cost time: 25.78967785835266
Epoch: 7, Steps: 569 | Train Loss: 0.1128948 Vali Loss: 0.1854365 Test Loss: 0.2628302
Validation loss decreased (0.186037 --> 0.185437).  Saving model ...
Updating learning rate to 1.5625e-06
Epoch: 8 cost time: 25.22870922088623
Epoch: 8, Steps: 569 | Train Loss: 0.1122273 Vali Loss: 0.1849476 Test Loss: 0.2632037
Validation loss decreased (0.185437 --> 0.184948).  Saving model ...
Updating learning rate to 7.8125e-07
Epoch: 9 cost time: 26.87112331390381
Epoch: 9, Steps: 569 | Train Loss: 0.1118935 Vali Loss: 0.1850653 Test Loss: 0.2628250
EarlyStopping counter: 1 out of 3
Updating learning rate to 3.90625e-07
Epoch: 10 cost time: 26.699951648712158
Epoch: 10, Steps: 569 | Train Loss: 0.1117468 Vali Loss: 0.1852946 Test Loss: 0.2631181
EarlyStopping counter: 2 out of 3
Updating learning rate to 1.953125e-07
>>>>>>>testing : electricity_96_96_Transformer_custom_ftM_sl96_ll48_pl96_dm512_nh8_el1_dl1_df2048_fc3_ebtimeF_dtTrue_Exp_0<<<<<<<<<<<<<<<<<<<<<<<<<<<<<<<<<
test 5165
mse:0.2632039785385132, mae:0.36272090673446655
INFO: Trainable parameter count: 0.49M
INFO: Trainable parameter count: 0.50M
INFO: Trainable parameter count: 0.99M
INFO: Trainable parameter count: 0.99M
INFO: Trainable parameter count: 1.25M
INFO: Trainable parameter count: 1.25M
INFO: Trainable parameter count: 1.52M
INFO: Trainable parameter count: 1.52M
INFO: Trainable parameter count: 1.78M
INFO: Trainable parameter count: 1.78M
INFO: Trainable parameter count: 2.04M
INFO: Trainable parameter count: 2.04M
INFO: Trainable parameter count: 3.09M
INFO: Trainable parameter count: 3.09M
INFO: Trainable parameter count: 4.14M
INFO: Trainable parameter count: 4.14M
INFO: Trainable parameter count: 4.14M
INFO: Trainable parameter count: 4.14M
INFO: Trainable parameter count: 4.14M
INFO: Trainable parameter count: 4.14M
INFO: Trainable parameter count: 4.14M
INFO: Trainable parameter count: 4.14M
INFO: Trainable parameter count: 4.41M
INFO: Trainable parameter count: 4.41M
INFO: Trainable parameter count: 4.67M
INFO: Trainable parameter count: 4.67M
INFO: Trainable parameter count: 4.93M
INFO: Trainable parameter count: 4.93M
INFO: Trainable parameter count: 5.19M
INFO: Trainable parameter count: 5.19M
INFO: Trainable parameter count: 5.46M
INFO: Trainable parameter count: 5.46M
INFO: Trainable parameter count: 5.72M
INFO: Trainable parameter count: 5.72M
INFO: Trainable parameter count: 5.98M
INFO: Trainable parameter count: 5.98M
INFO: Trainable parameter count: 6.24M
INFO: Trainable parameter count: 6.24M
INFO: Trainable parameter count: 7.29M
INFO: Trainable parameter count: 7.30M
INFO: Trainable parameter count: 8.34M
INFO: Trainable parameter count: 8.34M
INFO: Trainable parameter count: 8.35M
INFO: Trainable parameter count: 8.35M
INFO: Trainable parameter count: 8.35M
INFO: Trainable parameter count: 8.35M
INFO: Trainable parameter count: 8.35M
INFO: Trainable parameter count: 8.35M
INFO: Trainable parameter count: 8.35M
INFO: Trainable parameter count: 8.35M
INFO: Trainable parameter count: 8.51M
INFO: Trainable parameter count: 8.51M
Model(
  8.51 M, 99.916% Params, 1.02 GMac, 100.000% MACs, 
  (enc_embedding): DataEmbedding(
    495.1 k, 5.816% Params, 47.53 MMac, 4.642% MACs, 
    (value_embedding): TokenEmbedding(
      493.06 k, 5.792% Params, 47.33 MMac, 4.623% MACs, 
      (tokenConv): Conv1d(493.06 k, 5.792% Params, 47.33 MMac, 4.623% MACs, 321, 512, kernel_size=(3,), stride=(1,), padding=(1,), bias=False, padding_mode=circular)
    )
    (position_embedding): PositionalEmbedding(0, 0.000% Params, 0.0 Mac, 0.000% MACs, )
    (temporal_embedding): TimeFeatureEmbedding(
      2.05 k, 0.024% Params, 196.61 KMac, 0.019% MACs, 
      (embed): Linear(2.05 k, 0.024% Params, 196.61 KMac, 0.019% MACs, in_features=4, out_features=512, bias=False)
    )
    (dropout): Dropout(0, 0.000% Params, 0.0 Mac, 0.000% MACs, p=0.05, inplace=False)
  )
  (dec_embedding): DataEmbedding(
    495.1 k, 5.816% Params, 71.29 MMac, 6.963% MACs, 
    (value_embedding): TokenEmbedding(
      493.06 k, 5.792% Params, 71.0 MMac, 6.934% MACs, 
      (tokenConv): Conv1d(493.06 k, 5.792% Params, 71.0 MMac, 6.934% MACs, 321, 512, kernel_size=(3,), stride=(1,), padding=(1,), bias=False, padding_mode=circular)
    )
    (position_embedding): PositionalEmbedding(0, 0.000% Params, 0.0 Mac, 0.000% MACs, )
    (temporal_embedding): TimeFeatureEmbedding(
      2.05 k, 0.024% Params, 294.91 KMac, 0.029% MACs, 
      (embed): Linear(2.05 k, 0.024% Params, 294.91 KMac, 0.029% MACs, in_features=4, out_features=512, bias=False)
    )
    (dropout): Dropout(0, 0.000% Params, 0.0 Mac, 0.000% MACs, p=0.05, inplace=False)
  )
  (encoder): Encoder(
    3.15 M, 37.005% Params, 302.24 MMac, 29.518% MACs, 
    (attn_layers): ModuleList(
      3.15 M, 37.005% Params, 302.24 MMac, 29.518% MACs, 
      (0): EncoderLayer(
        3.15 M, 37.005% Params, 302.24 MMac, 29.518% MACs, 
        (attention): AttentionLayer(
          1.05 M, 12.341% Params, 100.67 MMac, 9.831% MACs, 
          (inner_attention): FullAttention(
            0, 0.000% Params, 0.0 Mac, 0.000% MACs, 
            (dropout): Dropout(0, 0.000% Params, 0.0 Mac, 0.000% MACs, p=0.05, inplace=False)
          )
          (query_projection): Linear(262.66 k, 3.085% Params, 25.17 MMac, 2.458% MACs, in_features=512, out_features=512, bias=True)
          (key_projection): Linear(262.66 k, 3.085% Params, 25.17 MMac, 2.458% MACs, in_features=512, out_features=512, bias=True)
          (value_projection): Linear(262.66 k, 3.085% Params, 25.17 MMac, 2.458% MACs, in_features=512, out_features=512, bias=True)
          (out_projection): Linear(262.66 k, 3.085% Params, 25.17 MMac, 2.458% MACs, in_features=512, out_features=512, bias=True)
        )
        (conv1): Conv1d(1.05 M, 12.341% Params, 100.86 MMac, 9.850% MACs, 512, 2048, kernel_size=(1,), stride=(1,))
        (conv2): Conv1d(1.05 M, 12.323% Params, 100.71 MMac, 9.836% MACs, 2048, 512, kernel_size=(1,), stride=(1,))
        (norm1): LayerNorm(0, 0.000% Params, 0.0 Mac, 0.000% MACs, (512,), eps=1e-05, elementwise_affine=True)
        (norm2): LayerNorm(0, 0.000% Params, 0.0 Mac, 0.000% MACs, (512,), eps=1e-05, elementwise_affine=True)
        (dropout): Dropout(0, 0.000% Params, 0.0 Mac, 0.000% MACs, p=0.05, inplace=False)
      )
    )
    (norm): LayerNorm(0, 0.000% Params, 0.0 Mac, 0.000% MACs, (512,), eps=1e-05, elementwise_affine=True)
  )
  (decoder): Decoder(
    4.37 M, 51.280% Params, 602.85 MMac, 58.877% MACs, 
    (layers): ModuleList(
      4.2 M, 49.346% Params, 579.19 MMac, 56.566% MACs, 
      (0): DecoderLayer(
        4.2 M, 49.346% Params, 579.19 MMac, 56.566% MACs, 
        (self_attention): AttentionLayer(
          1.05 M, 12.341% Params, 151.0 MMac, 14.747% MACs, 
          (inner_attention): FullAttention(
            0, 0.000% Params, 0.0 Mac, 0.000% MACs, 
            (dropout): Dropout(0, 0.000% Params, 0.0 Mac, 0.000% MACs, p=0.05, inplace=False)
          )
          (query_projection): Linear(262.66 k, 3.085% Params, 37.75 MMac, 3.687% MACs, in_features=512, out_features=512, bias=True)
          (key_projection): Linear(262.66 k, 3.085% Params, 37.75 MMac, 3.687% MACs, in_features=512, out_features=512, bias=True)
          (value_projection): Linear(262.66 k, 3.085% Params, 37.75 MMac, 3.687% MACs, in_features=512, out_features=512, bias=True)
          (out_projection): Linear(262.66 k, 3.085% Params, 37.75 MMac, 3.687% MACs, in_features=512, out_features=512, bias=True)
        )
        (cross_attention): AttentionLayer(
          1.05 M, 12.341% Params, 125.83 MMac, 12.289% MACs, 
          (inner_attention): FullAttention(
            0, 0.000% Params, 0.0 Mac, 0.000% MACs, 
            (dropout): Dropout(0, 0.000% Params, 0.0 Mac, 0.000% MACs, p=0.05, inplace=False)
          )
          (query_projection): Linear(262.66 k, 3.085% Params, 37.75 MMac, 3.687% MACs, in_features=512, out_features=512, bias=True)
          (key_projection): Linear(262.66 k, 3.085% Params, 25.17 MMac, 2.458% MACs, in_features=512, out_features=512, bias=True)
          (value_projection): Linear(262.66 k, 3.085% Params, 25.17 MMac, 2.458% MACs, in_features=512, out_features=512, bias=True)
          (out_projection): Linear(262.66 k, 3.085% Params, 37.75 MMac, 3.687% MACs, in_features=512, out_features=512, bias=True)
        )
        (conv1): Conv1d(1.05 M, 12.341% Params, 151.29 MMac, 14.776% MACs, 512, 2048, kernel_size=(1,), stride=(1,))
        (conv2): Conv1d(1.05 M, 12.323% Params, 151.07 MMac, 14.754% MACs, 2048, 512, kernel_size=(1,), stride=(1,))
        (norm1): LayerNorm(0, 0.000% Params, 0.0 Mac, 0.000% MACs, (512,), eps=1e-05, elementwise_affine=True)
        (norm2): LayerNorm(0, 0.000% Params, 0.0 Mac, 0.000% MACs, (512,), eps=1e-05, elementwise_affine=True)
        (norm3): LayerNorm(0, 0.000% Params, 0.0 Mac, 0.000% MACs, (512,), eps=1e-05, elementwise_affine=True)
        (dropout): Dropout(0, 0.000% Params, 0.0 Mac, 0.000% MACs, p=0.05, inplace=False)
      )
    )
    (norm): LayerNorm(0, 0.000% Params, 0.0 Mac, 0.000% MACs, (512,), eps=1e-05, elementwise_affine=True)
    (projection): Linear(164.67 k, 1.934% Params, 23.67 MMac, 2.311% MACs, in_features=512, out_features=321, bias=True)
  )
)
Computational complexity:       1.02 GMac
Number of parameters:           8.51 M  
