Args in experiment:
Namespace(is_training=1, model_id='electricity_96_96', model='Transformer', data='custom', root_path='./dataset/', data_path='electricity.csv', features='M', target='OT', freq='h', checkpoints='./checkpoints/', seq_len=96, label_len=48, pred_len=96, individual=False, embed_type=0, enc_in=321, dec_in=321, c_out=321, d_model=512, n_heads=8, e_layers=1, d_layers=2, d_ff=2048, moving_avg=25, factor=3, distil=True, dropout=0.05, embed='timeF', activation='gelu', output_attention=False, do_predict=False, num_workers=10, itr=1, train_epochs=10, batch_size=32, patience=3, learning_rate=0.0001, des='Exp', loss='mse', lradj='type1', use_amp=False, use_gpu=True, gpu=1, use_multi_gpu=False, devices='0,1,2,3', test_flop=True)
Use GPU: cuda:1
>>>>>>>start training : electricity_96_96_Transformer_custom_ftM_sl96_ll48_pl96_dm512_nh8_el1_dl2_df2048_fc3_ebtimeF_dtTrue_Exp_0>>>>>>>>>>>>>>>>>>>>>>>>>>
train 18221
val 2537
test 5165
Epoch: 1 cost time: 29.774118900299072
Epoch: 1, Steps: 569 | Train Loss: 0.2706760 Vali Loss: 0.1940077 Test Loss: 0.2660494
Validation loss decreased (inf --> 0.194008).  Saving model ...
Updating learning rate to 0.0001
Epoch: 2 cost time: 27.068092346191406
Epoch: 2, Steps: 569 | Train Loss: 0.1416740 Vali Loss: 0.1804536 Test Loss: 0.2524672
Validation loss decreased (0.194008 --> 0.180454).  Saving model ...
Updating learning rate to 5e-05
Epoch: 3 cost time: 27.189025163650513
Epoch: 3, Steps: 569 | Train Loss: 0.1183992 Vali Loss: 0.1816654 Test Loss: 0.2548778
EarlyStopping counter: 1 out of 3
Updating learning rate to 2.5e-05
Epoch: 4 cost time: 29.235840797424316
Epoch: 4, Steps: 569 | Train Loss: 0.1084802 Vali Loss: 0.1791231 Test Loss: 0.2531894
Validation loss decreased (0.180454 --> 0.179123).  Saving model ...
Updating learning rate to 1.25e-05
Epoch: 5 cost time: 30.01190972328186
Epoch: 5, Steps: 569 | Train Loss: 0.1039095 Vali Loss: 0.1778227 Test Loss: 0.2530865
Validation loss decreased (0.179123 --> 0.177823).  Saving model ...
Updating learning rate to 6.25e-06
Epoch: 6 cost time: 31.137393474578857
Epoch: 6, Steps: 569 | Train Loss: 0.1016694 Vali Loss: 0.1789725 Test Loss: 0.2533517
EarlyStopping counter: 1 out of 3
Updating learning rate to 3.125e-06
Epoch: 7 cost time: 30.847354412078857
Epoch: 7, Steps: 569 | Train Loss: 0.1004535 Vali Loss: 0.1782050 Test Loss: 0.2547270
EarlyStopping counter: 2 out of 3
Updating learning rate to 1.5625e-06
Epoch: 8 cost time: 31.458040237426758
Epoch: 8, Steps: 569 | Train Loss: 0.0997878 Vali Loss: 0.1783478 Test Loss: 0.2550906
EarlyStopping counter: 3 out of 3
Early stopping
>>>>>>>testing : electricity_96_96_Transformer_custom_ftM_sl96_ll48_pl96_dm512_nh8_el1_dl2_df2048_fc3_ebtimeF_dtTrue_Exp_0<<<<<<<<<<<<<<<<<<<<<<<<<<<<<<<<<
test 5165
mse:0.2530871033668518, mae:0.3544628620147705
INFO: Trainable parameter count: 0.49M
INFO: Trainable parameter count: 0.50M
INFO: Trainable parameter count: 0.99M
INFO: Trainable parameter count: 0.99M
INFO: Trainable parameter count: 1.25M
INFO: Trainable parameter count: 1.25M
INFO: Trainable parameter count: 1.52M
INFO: Trainable parameter count: 1.52M
INFO: Trainable parameter count: 1.78M
INFO: Trainable parameter count: 1.78M
INFO: Trainable parameter count: 2.04M
INFO: Trainable parameter count: 2.04M
INFO: Trainable parameter count: 3.09M
INFO: Trainable parameter count: 3.09M
INFO: Trainable parameter count: 4.14M
INFO: Trainable parameter count: 4.14M
INFO: Trainable parameter count: 4.14M
INFO: Trainable parameter count: 4.14M
INFO: Trainable parameter count: 4.14M
INFO: Trainable parameter count: 4.14M
INFO: Trainable parameter count: 4.14M
INFO: Trainable parameter count: 4.14M
INFO: Trainable parameter count: 4.41M
INFO: Trainable parameter count: 4.41M
INFO: Trainable parameter count: 4.67M
INFO: Trainable parameter count: 4.67M
INFO: Trainable parameter count: 4.93M
INFO: Trainable parameter count: 4.93M
INFO: Trainable parameter count: 5.19M
INFO: Trainable parameter count: 5.19M
INFO: Trainable parameter count: 5.46M
INFO: Trainable parameter count: 5.46M
INFO: Trainable parameter count: 5.72M
INFO: Trainable parameter count: 5.72M
INFO: Trainable parameter count: 5.98M
INFO: Trainable parameter count: 5.98M
INFO: Trainable parameter count: 6.24M
INFO: Trainable parameter count: 6.24M
INFO: Trainable parameter count: 7.29M
INFO: Trainable parameter count: 7.30M
INFO: Trainable parameter count: 8.34M
INFO: Trainable parameter count: 8.34M
INFO: Trainable parameter count: 8.35M
INFO: Trainable parameter count: 8.35M
INFO: Trainable parameter count: 8.35M
INFO: Trainable parameter count: 8.35M
INFO: Trainable parameter count: 8.35M
INFO: Trainable parameter count: 8.35M
INFO: Trainable parameter count: 8.61M
INFO: Trainable parameter count: 8.61M
INFO: Trainable parameter count: 8.87M
INFO: Trainable parameter count: 8.87M
INFO: Trainable parameter count: 9.14M
INFO: Trainable parameter count: 9.14M
INFO: Trainable parameter count: 9.40M
INFO: Trainable parameter count: 9.40M
INFO: Trainable parameter count: 9.66M
INFO: Trainable parameter count: 9.66M
INFO: Trainable parameter count: 9.92M
INFO: Trainable parameter count: 9.92M
INFO: Trainable parameter count: 10.19M
INFO: Trainable parameter count: 10.19M
INFO: Trainable parameter count: 10.45M
INFO: Trainable parameter count: 10.45M
INFO: Trainable parameter count: 11.50M
INFO: Trainable parameter count: 11.50M
INFO: Trainable parameter count: 12.55M
INFO: Trainable parameter count: 12.55M
INFO: Trainable parameter count: 12.55M
INFO: Trainable parameter count: 12.55M
INFO: Trainable parameter count: 12.55M
INFO: Trainable parameter count: 12.55M
INFO: Trainable parameter count: 12.55M
INFO: Trainable parameter count: 12.55M
INFO: Trainable parameter count: 12.55M
INFO: Trainable parameter count: 12.55M
INFO: Trainable parameter count: 12.72M
INFO: Trainable parameter count: 12.72M
Model(
  12.71 M, 99.919% Params, 1.6 GMac, 100.000% MACs, 
  (enc_embedding): DataEmbedding(
    495.1 k, 3.893% Params, 47.53 MMac, 2.965% MACs, 
    (value_embedding): TokenEmbedding(
      493.06 k, 3.877% Params, 47.33 MMac, 2.953% MACs, 
      (tokenConv): Conv1d(493.06 k, 3.877% Params, 47.33 MMac, 2.953% MACs, 321, 512, kernel_size=(3,), stride=(1,), padding=(1,), bias=False, padding_mode=circular)
    )
    (position_embedding): PositionalEmbedding(0, 0.000% Params, 0.0 Mac, 0.000% MACs, )
    (temporal_embedding): TimeFeatureEmbedding(
      2.05 k, 0.016% Params, 196.61 KMac, 0.012% MACs, 
      (embed): Linear(2.05 k, 0.016% Params, 196.61 KMac, 0.012% MACs, in_features=4, out_features=512, bias=False)
    )
    (dropout): Dropout(0, 0.000% Params, 0.0 Mac, 0.000% MACs, p=0.05, inplace=False)
  )
  (dec_embedding): DataEmbedding(
    495.1 k, 3.893% Params, 71.29 MMac, 4.447% MACs, 
    (value_embedding): TokenEmbedding(
      493.06 k, 3.877% Params, 71.0 MMac, 4.429% MACs, 
      (tokenConv): Conv1d(493.06 k, 3.877% Params, 71.0 MMac, 4.429% MACs, 321, 512, kernel_size=(3,), stride=(1,), padding=(1,), bias=False, padding_mode=circular)
    )
    (position_embedding): PositionalEmbedding(0, 0.000% Params, 0.0 Mac, 0.000% MACs, )
    (temporal_embedding): TimeFeatureEmbedding(
      2.05 k, 0.016% Params, 294.91 KMac, 0.018% MACs, 
      (embed): Linear(2.05 k, 0.016% Params, 294.91 KMac, 0.018% MACs, in_features=4, out_features=512, bias=False)
    )
    (dropout): Dropout(0, 0.000% Params, 0.0 Mac, 0.000% MACs, p=0.05, inplace=False)
  )
  (encoder): Encoder(
    3.15 M, 24.772% Params, 302.24 MMac, 18.853% MACs, 
    (attn_layers): ModuleList(
      3.15 M, 24.772% Params, 302.24 MMac, 18.853% MACs, 
      (0): EncoderLayer(
        3.15 M, 24.772% Params, 302.24 MMac, 18.853% MACs, 
        (attention): AttentionLayer(
          1.05 M, 8.261% Params, 100.67 MMac, 6.279% MACs, 
          (inner_attention): FullAttention(
            0, 0.000% Params, 0.0 Mac, 0.000% MACs, 
            (dropout): Dropout(0, 0.000% Params, 0.0 Mac, 0.000% MACs, p=0.05, inplace=False)
          )
          (query_projection): Linear(262.66 k, 2.065% Params, 25.17 MMac, 1.570% MACs, in_features=512, out_features=512, bias=True)
          (key_projection): Linear(262.66 k, 2.065% Params, 25.17 MMac, 1.570% MACs, in_features=512, out_features=512, bias=True)
          (value_projection): Linear(262.66 k, 2.065% Params, 25.17 MMac, 1.570% MACs, in_features=512, out_features=512, bias=True)
          (out_projection): Linear(262.66 k, 2.065% Params, 25.17 MMac, 1.570% MACs, in_features=512, out_features=512, bias=True)
        )
        (conv1): Conv1d(1.05 M, 8.261% Params, 100.86 MMac, 6.292% MACs, 512, 2048, kernel_size=(1,), stride=(1,))
        (conv2): Conv1d(1.05 M, 8.249% Params, 100.71 MMac, 6.282% MACs, 2048, 512, kernel_size=(1,), stride=(1,))
        (norm1): LayerNorm(0, 0.000% Params, 0.0 Mac, 0.000% MACs, (512,), eps=1e-05, elementwise_affine=True)
        (norm2): LayerNorm(0, 0.000% Params, 0.0 Mac, 0.000% MACs, (512,), eps=1e-05, elementwise_affine=True)
        (dropout): Dropout(0, 0.000% Params, 0.0 Mac, 0.000% MACs, p=0.05, inplace=False)
      )
    )
    (norm): LayerNorm(0, 0.000% Params, 0.0 Mac, 0.000% MACs, (512,), eps=1e-05, elementwise_affine=True)
  )
  (decoder): Decoder(
    8.57 M, 67.361% Params, 1.18 GMac, 73.735% MACs, 
    (layers): ModuleList(
      8.4 M, 66.066% Params, 1.16 GMac, 72.258% MACs, 
      (0): DecoderLayer(
        4.2 M, 33.033% Params, 579.19 MMac, 36.129% MACs, 
        (self_attention): AttentionLayer(
          1.05 M, 8.261% Params, 151.0 MMac, 9.419% MACs, 
          (inner_attention): FullAttention(
            0, 0.000% Params, 0.0 Mac, 0.000% MACs, 
            (dropout): Dropout(0, 0.000% Params, 0.0 Mac, 0.000% MACs, p=0.05, inplace=False)
          )
          (query_projection): Linear(262.66 k, 2.065% Params, 37.75 MMac, 2.355% MACs, in_features=512, out_features=512, bias=True)
          (key_projection): Linear(262.66 k, 2.065% Params, 37.75 MMac, 2.355% MACs, in_features=512, out_features=512, bias=True)
          (value_projection): Linear(262.66 k, 2.065% Params, 37.75 MMac, 2.355% MACs, in_features=512, out_features=512, bias=True)
          (out_projection): Linear(262.66 k, 2.065% Params, 37.75 MMac, 2.355% MACs, in_features=512, out_features=512, bias=True)
        )
        (cross_attention): AttentionLayer(
          1.05 M, 8.261% Params, 125.83 MMac, 7.849% MACs, 
          (inner_attention): FullAttention(
            0, 0.000% Params, 0.0 Mac, 0.000% MACs, 
            (dropout): Dropout(0, 0.000% Params, 0.0 Mac, 0.000% MACs, p=0.05, inplace=False)
          )
          (query_projection): Linear(262.66 k, 2.065% Params, 37.75 MMac, 2.355% MACs, in_features=512, out_features=512, bias=True)
          (key_projection): Linear(262.66 k, 2.065% Params, 25.17 MMac, 1.570% MACs, in_features=512, out_features=512, bias=True)
          (value_projection): Linear(262.66 k, 2.065% Params, 25.17 MMac, 1.570% MACs, in_features=512, out_features=512, bias=True)
          (out_projection): Linear(262.66 k, 2.065% Params, 37.75 MMac, 2.355% MACs, in_features=512, out_features=512, bias=True)
        )
        (conv1): Conv1d(1.05 M, 8.261% Params, 151.29 MMac, 9.437% MACs, 512, 2048, kernel_size=(1,), stride=(1,))
        (conv2): Conv1d(1.05 M, 8.249% Params, 151.07 MMac, 9.424% MACs, 2048, 512, kernel_size=(1,), stride=(1,))
        (norm1): LayerNorm(0, 0.000% Params, 0.0 Mac, 0.000% MACs, (512,), eps=1e-05, elementwise_affine=True)
        (norm2): LayerNorm(0, 0.000% Params, 0.0 Mac, 0.000% MACs, (512,), eps=1e-05, elementwise_affine=True)
        (norm3): LayerNorm(0, 0.000% Params, 0.0 Mac, 0.000% MACs, (512,), eps=1e-05, elementwise_affine=True)
        (dropout): Dropout(0, 0.000% Params, 0.0 Mac, 0.000% MACs, p=0.05, inplace=False)
      )
      (1): DecoderLayer(
        4.2 M, 33.033% Params, 579.19 MMac, 36.129% MACs, 
        (self_attention): AttentionLayer(
          1.05 M, 8.261% Params, 151.0 MMac, 9.419% MACs, 
          (inner_attention): FullAttention(
            0, 0.000% Params, 0.0 Mac, 0.000% MACs, 
            (dropout): Dropout(0, 0.000% Params, 0.0 Mac, 0.000% MACs, p=0.05, inplace=False)
          )
          (query_projection): Linear(262.66 k, 2.065% Params, 37.75 MMac, 2.355% MACs, in_features=512, out_features=512, bias=True)
          (key_projection): Linear(262.66 k, 2.065% Params, 37.75 MMac, 2.355% MACs, in_features=512, out_features=512, bias=True)
          (value_projection): Linear(262.66 k, 2.065% Params, 37.75 MMac, 2.355% MACs, in_features=512, out_features=512, bias=True)
          (out_projection): Linear(262.66 k, 2.065% Params, 37.75 MMac, 2.355% MACs, in_features=512, out_features=512, bias=True)
        )
        (cross_attention): AttentionLayer(
          1.05 M, 8.261% Params, 125.83 MMac, 7.849% MACs, 
          (inner_attention): FullAttention(
            0, 0.000% Params, 0.0 Mac, 0.000% MACs, 
            (dropout): Dropout(0, 0.000% Params, 0.0 Mac, 0.000% MACs, p=0.05, inplace=False)
          )
          (query_projection): Linear(262.66 k, 2.065% Params, 37.75 MMac, 2.355% MACs, in_features=512, out_features=512, bias=True)
          (key_projection): Linear(262.66 k, 2.065% Params, 25.17 MMac, 1.570% MACs, in_features=512, out_features=512, bias=True)
          (value_projection): Linear(262.66 k, 2.065% Params, 25.17 MMac, 1.570% MACs, in_features=512, out_features=512, bias=True)
          (out_projection): Linear(262.66 k, 2.065% Params, 37.75 MMac, 2.355% MACs, in_features=512, out_features=512, bias=True)
        )
        (conv1): Conv1d(1.05 M, 8.261% Params, 151.29 MMac, 9.437% MACs, 512, 2048, kernel_size=(1,), stride=(1,))
        (conv2): Conv1d(1.05 M, 8.249% Params, 151.07 MMac, 9.424% MACs, 2048, 512, kernel_size=(1,), stride=(1,))
        (norm1): LayerNorm(0, 0.000% Params, 0.0 Mac, 0.000% MACs, (512,), eps=1e-05, elementwise_affine=True)
        (norm2): LayerNorm(0, 0.000% Params, 0.0 Mac, 0.000% MACs, (512,), eps=1e-05, elementwise_affine=True)
        (norm3): LayerNorm(0, 0.000% Params, 0.0 Mac, 0.000% MACs, (512,), eps=1e-05, elementwise_affine=True)
        (dropout): Dropout(0, 0.000% Params, 0.0 Mac, 0.000% MACs, p=0.05, inplace=False)
      )
    )
    (norm): LayerNorm(0, 0.000% Params, 0.0 Mac, 0.000% MACs, (512,), eps=1e-05, elementwise_affine=True)
    (projection): Linear(164.67 k, 1.295% Params, 23.67 MMac, 1.476% MACs, in_features=512, out_features=321, bias=True)
  )
)
Computational complexity:       1.6 GMac
Number of parameters:           12.72 M 
