Args in experiment:
Namespace(is_training=1, model_id='ETTh1_96_96', model='Transformer', data='ETTh1', root_path='./dataset/', data_path='ETTh1.csv', features='M', target='OT', freq='h', checkpoints='./checkpoints/', seq_len=96, label_len=48, pred_len=96, individual=False, embed_type=0, enc_in=7, dec_in=7, c_out=7, d_model=512, n_heads=8, e_layers=2, d_layers=2, d_ff=2048, moving_avg=25, factor=3, distil=True, dropout=0.05, embed='timeF', activation='gelu', output_attention=False, do_predict=False, num_workers=10, itr=1, train_epochs=10, batch_size=32, patience=3, learning_rate=0.0001, des='Exp', loss='mse', lradj='type1', use_amp=False, use_gpu=True, gpu=2, use_multi_gpu=False, devices='0,1,2,3', test_flop=True)
Use GPU: cuda:2
>>>>>>>start training : ETTh1_96_96_Transformer_ETTh1_ftM_sl96_ll48_pl96_dm512_nh8_el2_dl2_df2048_fc3_ebtimeF_dtTrue_Exp_0>>>>>>>>>>>>>>>>>>>>>>>>>>
train 8449
val 2785
test 2785
Epoch: 1 cost time: 16.711179971694946
Epoch: 1, Steps: 264 | Train Loss: 0.4304394 Vali Loss: 0.9582660 Test Loss: 0.9777957
Validation loss decreased (inf --> 0.958266).  Saving model ...
Updating learning rate to 0.0001
Epoch: 2 cost time: 12.335391283035278
Epoch: 2, Steps: 264 | Train Loss: 0.2571168 Vali Loss: 1.0301192 Test Loss: 1.1677538
EarlyStopping counter: 1 out of 3
Updating learning rate to 5e-05
Epoch: 3 cost time: 12.246357202529907
Epoch: 3, Steps: 264 | Train Loss: 0.2039271 Vali Loss: 1.0643628 Test Loss: 1.1456095
EarlyStopping counter: 2 out of 3
Updating learning rate to 2.5e-05
Epoch: 4 cost time: 12.743696689605713
Epoch: 4, Steps: 264 | Train Loss: 0.1818189 Vali Loss: 1.0737547 Test Loss: 1.1545706
EarlyStopping counter: 3 out of 3
Early stopping
>>>>>>>testing : ETTh1_96_96_Transformer_ETTh1_ftM_sl96_ll48_pl96_dm512_nh8_el2_dl2_df2048_fc3_ebtimeF_dtTrue_Exp_0<<<<<<<<<<<<<<<<<<<<<<<<<<<<<<<<<
test 2785
mse:0.9777957797050476, mae:0.7990393042564392
INFO: Trainable parameter count: 0.01M
INFO: Trainable parameter count: 0.01M
INFO: Trainable parameter count: 0.02M
INFO: Trainable parameter count: 0.03M
INFO: Trainable parameter count: 0.29M
INFO: Trainable parameter count: 0.29M
INFO: Trainable parameter count: 0.55M
INFO: Trainable parameter count: 0.55M
INFO: Trainable parameter count: 0.81M
INFO: Trainable parameter count: 0.81M
INFO: Trainable parameter count: 1.08M
INFO: Trainable parameter count: 1.08M
INFO: Trainable parameter count: 2.12M
INFO: Trainable parameter count: 2.13M
INFO: Trainable parameter count: 3.18M
INFO: Trainable parameter count: 3.18M
INFO: Trainable parameter count: 3.18M
INFO: Trainable parameter count: 3.18M
INFO: Trainable parameter count: 3.18M
INFO: Trainable parameter count: 3.18M
INFO: Trainable parameter count: 3.44M
INFO: Trainable parameter count: 3.44M
INFO: Trainable parameter count: 3.70M
INFO: Trainable parameter count: 3.70M
INFO: Trainable parameter count: 3.97M
INFO: Trainable parameter count: 3.97M
INFO: Trainable parameter count: 4.23M
INFO: Trainable parameter count: 4.23M
INFO: Trainable parameter count: 5.28M
INFO: Trainable parameter count: 5.28M
INFO: Trainable parameter count: 6.33M
INFO: Trainable parameter count: 6.33M
INFO: Trainable parameter count: 6.33M
INFO: Trainable parameter count: 6.33M
INFO: Trainable parameter count: 6.33M
INFO: Trainable parameter count: 6.33M
INFO: Trainable parameter count: 6.33M
INFO: Trainable parameter count: 6.33M
INFO: Trainable parameter count: 6.59M
INFO: Trainable parameter count: 6.59M
INFO: Trainable parameter count: 6.86M
INFO: Trainable parameter count: 6.86M
INFO: Trainable parameter count: 7.12M
INFO: Trainable parameter count: 7.12M
INFO: Trainable parameter count: 7.38M
INFO: Trainable parameter count: 7.38M
INFO: Trainable parameter count: 7.64M
INFO: Trainable parameter count: 7.64M
INFO: Trainable parameter count: 7.91M
INFO: Trainable parameter count: 7.91M
INFO: Trainable parameter count: 8.17M
INFO: Trainable parameter count: 8.17M
INFO: Trainable parameter count: 8.43M
INFO: Trainable parameter count: 8.43M
INFO: Trainable parameter count: 9.48M
INFO: Trainable parameter count: 9.48M
INFO: Trainable parameter count: 10.53M
INFO: Trainable parameter count: 10.53M
INFO: Trainable parameter count: 10.53M
INFO: Trainable parameter count: 10.53M
INFO: Trainable parameter count: 10.53M
INFO: Trainable parameter count: 10.53M
INFO: Trainable parameter count: 10.53M
INFO: Trainable parameter count: 10.54M
INFO: Trainable parameter count: 10.80M
INFO: Trainable parameter count: 10.80M
INFO: Trainable parameter count: 11.06M
INFO: Trainable parameter count: 11.06M
INFO: Trainable parameter count: 11.32M
INFO: Trainable parameter count: 11.32M
INFO: Trainable parameter count: 11.59M
INFO: Trainable parameter count: 11.59M
INFO: Trainable parameter count: 11.85M
INFO: Trainable parameter count: 11.85M
INFO: Trainable parameter count: 12.11M
INFO: Trainable parameter count: 12.11M
INFO: Trainable parameter count: 12.37M
INFO: Trainable parameter count: 12.37M
INFO: Trainable parameter count: 12.64M
INFO: Trainable parameter count: 12.64M
INFO: Trainable parameter count: 13.69M
INFO: Trainable parameter count: 13.69M
INFO: Trainable parameter count: 14.74M
INFO: Trainable parameter count: 14.74M
INFO: Trainable parameter count: 14.74M
INFO: Trainable parameter count: 14.74M
INFO: Trainable parameter count: 14.74M
INFO: Trainable parameter count: 14.74M
INFO: Trainable parameter count: 14.74M
INFO: Trainable parameter count: 14.74M
INFO: Trainable parameter count: 14.74M
INFO: Trainable parameter count: 14.74M
INFO: Trainable parameter count: 14.74M
INFO: Trainable parameter count: 14.74M
Model(
  14.73 M, 99.917% Params, 1.77 GMac, 100.000% MACs, 
  (enc_embedding): DataEmbedding(
    12.8 k, 0.087% Params, 1.23 MMac, 0.070% MACs, 
    (value_embedding): TokenEmbedding(
      10.75 k, 0.073% Params, 1.03 MMac, 0.058% MACs, 
      (tokenConv): Conv1d(10.75 k, 0.073% Params, 1.03 MMac, 0.058% MACs, 7, 512, kernel_size=(3,), stride=(1,), padding=(1,), bias=False, padding_mode=circular)
    )
    (position_embedding): PositionalEmbedding(0, 0.000% Params, 0.0 Mac, 0.000% MACs, )
    (temporal_embedding): TimeFeatureEmbedding(
      2.05 k, 0.014% Params, 196.61 KMac, 0.011% MACs, 
      (embed): Linear(2.05 k, 0.014% Params, 196.61 KMac, 0.011% MACs, in_features=4, out_features=512, bias=False)
    )
    (dropout): Dropout(0, 0.000% Params, 0.0 Mac, 0.000% MACs, p=0.05, inplace=False)
  )
  (dec_embedding): DataEmbedding(
    12.8 k, 0.087% Params, 1.84 MMac, 0.104% MACs, 
    (value_embedding): TokenEmbedding(
      10.75 k, 0.073% Params, 1.55 MMac, 0.088% MACs, 
      (tokenConv): Conv1d(10.75 k, 0.073% Params, 1.55 MMac, 0.088% MACs, 7, 512, kernel_size=(3,), stride=(1,), padding=(1,), bias=False, padding_mode=circular)
    )
    (position_embedding): PositionalEmbedding(0, 0.000% Params, 0.0 Mac, 0.000% MACs, )
    (temporal_embedding): TimeFeatureEmbedding(
      2.05 k, 0.014% Params, 294.91 KMac, 0.017% MACs, 
      (embed): Linear(2.05 k, 0.014% Params, 294.91 KMac, 0.017% MACs, in_features=4, out_features=512, bias=False)
    )
    (dropout): Dropout(0, 0.000% Params, 0.0 Mac, 0.000% MACs, p=0.05, inplace=False)
  )
  (encoder): Encoder(
    6.3 M, 42.734% Params, 604.48 MMac, 34.220% MACs, 
    (attn_layers): ModuleList(
      6.3 M, 42.734% Params, 604.48 MMac, 34.220% MACs, 
      (0): EncoderLayer(
        3.15 M, 21.367% Params, 302.24 MMac, 17.110% MACs, 
        (attention): AttentionLayer(
          1.05 M, 7.126% Params, 100.67 MMac, 5.699% MACs, 
          (inner_attention): FullAttention(
            0, 0.000% Params, 0.0 Mac, 0.000% MACs, 
            (dropout): Dropout(0, 0.000% Params, 0.0 Mac, 0.000% MACs, p=0.05, inplace=False)
          )
          (query_projection): Linear(262.66 k, 1.781% Params, 25.17 MMac, 1.425% MACs, in_features=512, out_features=512, bias=True)
          (key_projection): Linear(262.66 k, 1.781% Params, 25.17 MMac, 1.425% MACs, in_features=512, out_features=512, bias=True)
          (value_projection): Linear(262.66 k, 1.781% Params, 25.17 MMac, 1.425% MACs, in_features=512, out_features=512, bias=True)
          (out_projection): Linear(262.66 k, 1.781% Params, 25.17 MMac, 1.425% MACs, in_features=512, out_features=512, bias=True)
        )
        (conv1): Conv1d(1.05 M, 7.126% Params, 100.86 MMac, 5.710% MACs, 512, 2048, kernel_size=(1,), stride=(1,))
        (conv2): Conv1d(1.05 M, 7.115% Params, 100.71 MMac, 5.701% MACs, 2048, 512, kernel_size=(1,), stride=(1,))
        (norm1): LayerNorm(0, 0.000% Params, 0.0 Mac, 0.000% MACs, (512,), eps=1e-05, elementwise_affine=True)
        (norm2): LayerNorm(0, 0.000% Params, 0.0 Mac, 0.000% MACs, (512,), eps=1e-05, elementwise_affine=True)
        (dropout): Dropout(0, 0.000% Params, 0.0 Mac, 0.000% MACs, p=0.05, inplace=False)
      )
      (1): EncoderLayer(
        3.15 M, 21.367% Params, 302.24 MMac, 17.110% MACs, 
        (attention): AttentionLayer(
          1.05 M, 7.126% Params, 100.67 MMac, 5.699% MACs, 
          (inner_attention): FullAttention(
            0, 0.000% Params, 0.0 Mac, 0.000% MACs, 
            (dropout): Dropout(0, 0.000% Params, 0.0 Mac, 0.000% MACs, p=0.05, inplace=False)
          )
          (query_projection): Linear(262.66 k, 1.781% Params, 25.17 MMac, 1.425% MACs, in_features=512, out_features=512, bias=True)
          (key_projection): Linear(262.66 k, 1.781% Params, 25.17 MMac, 1.425% MACs, in_features=512, out_features=512, bias=True)
          (value_projection): Linear(262.66 k, 1.781% Params, 25.17 MMac, 1.425% MACs, in_features=512, out_features=512, bias=True)
          (out_projection): Linear(262.66 k, 1.781% Params, 25.17 MMac, 1.425% MACs, in_features=512, out_features=512, bias=True)
        )
        (conv1): Conv1d(1.05 M, 7.126% Params, 100.86 MMac, 5.710% MACs, 512, 2048, kernel_size=(1,), stride=(1,))
        (conv2): Conv1d(1.05 M, 7.115% Params, 100.71 MMac, 5.701% MACs, 2048, 512, kernel_size=(1,), stride=(1,))
        (norm1): LayerNorm(0, 0.000% Params, 0.0 Mac, 0.000% MACs, (512,), eps=1e-05, elementwise_affine=True)
        (norm2): LayerNorm(0, 0.000% Params, 0.0 Mac, 0.000% MACs, (512,), eps=1e-05, elementwise_affine=True)
        (dropout): Dropout(0, 0.000% Params, 0.0 Mac, 0.000% MACs, p=0.05, inplace=False)
      )
    )
    (norm): LayerNorm(0, 0.000% Params, 0.0 Mac, 0.000% MACs, (512,), eps=1e-05, elementwise_affine=True)
  )
  (decoder): Decoder(
    8.41 M, 57.009% Params, 1.16 GMac, 65.606% MACs, 
    (layers): ModuleList(
      8.4 M, 56.985% Params, 1.16 GMac, 65.577% MACs, 
      (0): DecoderLayer(
        4.2 M, 28.493% Params, 579.19 MMac, 32.788% MACs, 
        (self_attention): AttentionLayer(
          1.05 M, 7.126% Params, 151.0 MMac, 8.548% MACs, 
          (inner_attention): FullAttention(
            0, 0.000% Params, 0.0 Mac, 0.000% MACs, 
            (dropout): Dropout(0, 0.000% Params, 0.0 Mac, 0.000% MACs, p=0.05, inplace=False)
          )
          (query_projection): Linear(262.66 k, 1.781% Params, 37.75 MMac, 2.137% MACs, in_features=512, out_features=512, bias=True)
          (key_projection): Linear(262.66 k, 1.781% Params, 37.75 MMac, 2.137% MACs, in_features=512, out_features=512, bias=True)
          (value_projection): Linear(262.66 k, 1.781% Params, 37.75 MMac, 2.137% MACs, in_features=512, out_features=512, bias=True)
          (out_projection): Linear(262.66 k, 1.781% Params, 37.75 MMac, 2.137% MACs, in_features=512, out_features=512, bias=True)
        )
        (cross_attention): AttentionLayer(
          1.05 M, 7.126% Params, 125.83 MMac, 7.123% MACs, 
          (inner_attention): FullAttention(
            0, 0.000% Params, 0.0 Mac, 0.000% MACs, 
            (dropout): Dropout(0, 0.000% Params, 0.0 Mac, 0.000% MACs, p=0.05, inplace=False)
          )
          (query_projection): Linear(262.66 k, 1.781% Params, 37.75 MMac, 2.137% MACs, in_features=512, out_features=512, bias=True)
          (key_projection): Linear(262.66 k, 1.781% Params, 25.17 MMac, 1.425% MACs, in_features=512, out_features=512, bias=True)
          (value_projection): Linear(262.66 k, 1.781% Params, 25.17 MMac, 1.425% MACs, in_features=512, out_features=512, bias=True)
          (out_projection): Linear(262.66 k, 1.781% Params, 37.75 MMac, 2.137% MACs, in_features=512, out_features=512, bias=True)
        )
        (conv1): Conv1d(1.05 M, 7.126% Params, 151.29 MMac, 8.565% MACs, 512, 2048, kernel_size=(1,), stride=(1,))
        (conv2): Conv1d(1.05 M, 7.115% Params, 151.07 MMac, 8.552% MACs, 2048, 512, kernel_size=(1,), stride=(1,))
        (norm1): LayerNorm(0, 0.000% Params, 0.0 Mac, 0.000% MACs, (512,), eps=1e-05, elementwise_affine=True)
        (norm2): LayerNorm(0, 0.000% Params, 0.0 Mac, 0.000% MACs, (512,), eps=1e-05, elementwise_affine=True)
        (norm3): LayerNorm(0, 0.000% Params, 0.0 Mac, 0.000% MACs, (512,), eps=1e-05, elementwise_affine=True)
        (dropout): Dropout(0, 0.000% Params, 0.0 Mac, 0.000% MACs, p=0.05, inplace=False)
      )
      (1): DecoderLayer(
        4.2 M, 28.493% Params, 579.19 MMac, 32.788% MACs, 
        (self_attention): AttentionLayer(
          1.05 M, 7.126% Params, 151.0 MMac, 8.548% MACs, 
          (inner_attention): FullAttention(
            0, 0.000% Params, 0.0 Mac, 0.000% MACs, 
            (dropout): Dropout(0, 0.000% Params, 0.0 Mac, 0.000% MACs, p=0.05, inplace=False)
          )
          (query_projection): Linear(262.66 k, 1.781% Params, 37.75 MMac, 2.137% MACs, in_features=512, out_features=512, bias=True)
          (key_projection): Linear(262.66 k, 1.781% Params, 37.75 MMac, 2.137% MACs, in_features=512, out_features=512, bias=True)
          (value_projection): Linear(262.66 k, 1.781% Params, 37.75 MMac, 2.137% MACs, in_features=512, out_features=512, bias=True)
          (out_projection): Linear(262.66 k, 1.781% Params, 37.75 MMac, 2.137% MACs, in_features=512, out_features=512, bias=True)
        )
        (cross_attention): AttentionLayer(
          1.05 M, 7.126% Params, 125.83 MMac, 7.123% MACs, 
          (inner_attention): FullAttention(
            0, 0.000% Params, 0.0 Mac, 0.000% MACs, 
            (dropout): Dropout(0, 0.000% Params, 0.0 Mac, 0.000% MACs, p=0.05, inplace=False)
          )
          (query_projection): Linear(262.66 k, 1.781% Params, 37.75 MMac, 2.137% MACs, in_features=512, out_features=512, bias=True)
          (key_projection): Linear(262.66 k, 1.781% Params, 25.17 MMac, 1.425% MACs, in_features=512, out_features=512, bias=True)
          (value_projection): Linear(262.66 k, 1.781% Params, 25.17 MMac, 1.425% MACs, in_features=512, out_features=512, bias=True)
          (out_projection): Linear(262.66 k, 1.781% Params, 37.75 MMac, 2.137% MACs, in_features=512, out_features=512, bias=True)
        )
        (conv1): Conv1d(1.05 M, 7.126% Params, 151.29 MMac, 8.565% MACs, 512, 2048, kernel_size=(1,), stride=(1,))
        (conv2): Conv1d(1.05 M, 7.115% Params, 151.07 MMac, 8.552% MACs, 2048, 512, kernel_size=(1,), stride=(1,))
        (norm1): LayerNorm(0, 0.000% Params, 0.0 Mac, 0.000% MACs, (512,), eps=1e-05, elementwise_affine=True)
        (norm2): LayerNorm(0, 0.000% Params, 0.0 Mac, 0.000% MACs, (512,), eps=1e-05, elementwise_affine=True)
        (norm3): LayerNorm(0, 0.000% Params, 0.0 Mac, 0.000% MACs, (512,), eps=1e-05, elementwise_affine=True)
        (dropout): Dropout(0, 0.000% Params, 0.0 Mac, 0.000% MACs, p=0.05, inplace=False)
      )
    )
    (norm): LayerNorm(0, 0.000% Params, 0.0 Mac, 0.000% MACs, (512,), eps=1e-05, elementwise_affine=True)
    (projection): Linear(3.59 k, 0.024% Params, 516.1 KMac, 0.029% MACs, in_features=512, out_features=7, bias=True)
  )
)
Computational complexity:       1.77 GMac
Number of parameters:           14.74 M 
