Args in experiment:
Namespace(is_training=1, model_id='ETTh2_96_336', model='Autoformer', data='ETTh2', root_path='./dataset/', data_path='ETTh2.csv', features='M', target='OT', freq='h', checkpoints='./checkpoints/', seq_len=96, label_len=48, pred_len=336, individual=False, embed_type=0, enc_in=7, dec_in=7, c_out=7, d_model=512, n_heads=8, e_layers=2, d_layers=1, d_ff=2048, moving_avg=25, factor=3, distil=True, dropout=0.05, embed='timeF', activation='gelu', output_attention=False, do_predict=False, num_workers=10, itr=1, train_epochs=10, batch_size=32, patience=3, learning_rate=0.0001, des='Exp', loss='mse', lradj='type1', use_amp=False, use_gpu=True, gpu=3, use_multi_gpu=False, devices='0,1,2,3', test_flop=False)
Use GPU: cuda:3
>>>>>>>start training : ETTh2_96_336_Autoformer_ETTh2_ftM_sl96_ll48_pl336_dm512_nh8_el2_dl1_df2048_fc3_ebtimeF_dtTrue_Exp_0>>>>>>>>>>>>>>>>>>>>>>>>>>
train 8209
val 2545
test 2545
	iters: 100, epoch: 1 | loss: 0.8919945
	speed: 0.1658s/iter; left time: 407.9234s
	iters: 200, epoch: 1 | loss: 0.8366846
	speed: 0.1023s/iter; left time: 241.5405s
Epoch: 1 cost time: 32.720290422439575
Epoch: 1, Steps: 256 | Train Loss: 0.6743980 Vali Loss: 0.4231870 Test Loss: 0.4775962
Validation loss decreased (inf --> 0.423187).  Saving model ...
Updating learning rate to 0.0001
	iters: 100, epoch: 2 | loss: 0.7413659
	speed: 0.3871s/iter; left time: 853.4460s
	iters: 200, epoch: 2 | loss: 0.6858227
	speed: 0.1059s/iter; left time: 223.0039s
Epoch: 2 cost time: 29.446855068206787
Epoch: 2, Steps: 256 | Train Loss: 0.6170357 Vali Loss: 0.4613896 Test Loss: 0.5319350
EarlyStopping counter: 1 out of 3
Updating learning rate to 5e-05
	iters: 100, epoch: 3 | loss: 0.4703066
	speed: 0.3698s/iter; left time: 720.8062s
	iters: 200, epoch: 3 | loss: 0.5664663
	speed: 0.1057s/iter; left time: 195.3538s
Epoch: 3 cost time: 28.625362396240234
Epoch: 3, Steps: 256 | Train Loss: 0.5543807 Vali Loss: 0.5278933 Test Loss: 0.5831949
EarlyStopping counter: 2 out of 3
Updating learning rate to 2.5e-05
	iters: 100, epoch: 4 | loss: 0.5090091
	speed: 0.3690s/iter; left time: 624.6832s
	iters: 200, epoch: 4 | loss: 0.4943787
	speed: 0.1012s/iter; left time: 161.2764s
Epoch: 4 cost time: 27.91843581199646
Epoch: 4, Steps: 256 | Train Loss: 0.5161558 Vali Loss: 0.5957891 Test Loss: 0.5874708
EarlyStopping counter: 3 out of 3
Early stopping
>>>>>>>testing : ETTh2_96_336_Autoformer_ETTh2_ftM_sl96_ll48_pl336_dm512_nh8_el2_dl1_df2048_fc3_ebtimeF_dtTrue_Exp_0<<<<<<<<<<<<<<<<<<<<<<<<<<<<<<<<<
test 2545
mse:0.4775961637496948, mae:0.47946232557296753
