Args in experiment:
Namespace(is_training=1, model_id='ETTm1_96_192', model='Autoformer', data='ETTm1', root_path='./dataset/', data_path='ETTm1.csv', features='M', target='OT', freq='h', checkpoints='./checkpoints/', seq_len=96, label_len=48, pred_len=192, individual=False, embed_type=0, enc_in=7, dec_in=7, c_out=7, d_model=512, n_heads=8, e_layers=2, d_layers=1, d_ff=2048, moving_avg=25, factor=3, distil=True, dropout=0.05, embed='timeF', activation='gelu', output_attention=False, do_predict=False, num_workers=10, itr=1, train_epochs=10, batch_size=32, patience=3, learning_rate=0.0001, des='Exp', loss='mse', lradj='type1', use_amp=False, use_gpu=True, gpu=4, use_multi_gpu=False, devices='0,1,2,3', test_flop=False)
Use GPU: cuda:4
>>>>>>>start training : ETTm1_96_192_Autoformer_ETTm1_ftM_sl96_ll48_pl192_dm512_nh8_el2_dl1_df2048_fc3_ebtimeF_dtTrue_Exp_0>>>>>>>>>>>>>>>>>>>>>>>>>>
train 34273
val 11329
test 11329
	iters: 100, epoch: 1 | loss: 0.4357110
	speed: 0.1344s/iter; left time: 1425.7984s
	iters: 200, epoch: 1 | loss: 0.3730034
	speed: 0.0783s/iter; left time: 822.7179s
	iters: 300, epoch: 1 | loss: 0.3792364
	speed: 0.0766s/iter; left time: 797.4273s
	iters: 400, epoch: 1 | loss: 0.3888701
	speed: 0.0776s/iter; left time: 800.1838s
	iters: 500, epoch: 1 | loss: 0.3846233
	speed: 0.0785s/iter; left time: 801.2340s
	iters: 600, epoch: 1 | loss: 0.2972624
	speed: 0.0777s/iter; left time: 785.6285s
	iters: 700, epoch: 1 | loss: 0.3969460
	speed: 0.0775s/iter; left time: 776.2183s
	iters: 800, epoch: 1 | loss: 0.4135342
	speed: 0.0755s/iter; left time: 748.3973s
	iters: 900, epoch: 1 | loss: 0.3485755
	speed: 0.0762s/iter; left time: 747.3916s
	iters: 1000, epoch: 1 | loss: 0.3583704
	speed: 0.0767s/iter; left time: 744.4643s
Epoch: 1 cost time: 88.48611450195312
Epoch: 1, Steps: 1071 | Train Loss: 0.4042181 Vali Loss: 0.7449077 Test Loss: 0.6106502
Validation loss decreased (inf --> 0.744908).  Saving model ...
Updating learning rate to 0.0001
	iters: 100, epoch: 2 | loss: 0.3453868
	speed: 0.6153s/iter; left time: 5869.8110s
	iters: 200, epoch: 2 | loss: 0.3193466
	speed: 0.0759s/iter; left time: 716.5028s
	iters: 300, epoch: 2 | loss: 0.3765753
	speed: 0.0761s/iter; left time: 710.7559s
	iters: 400, epoch: 2 | loss: 0.3040288
	speed: 0.0777s/iter; left time: 717.5362s
	iters: 500, epoch: 2 | loss: 0.3112501
	speed: 0.0768s/iter; left time: 701.6606s
	iters: 600, epoch: 2 | loss: 0.3264996
	speed: 0.0763s/iter; left time: 689.4743s
	iters: 700, epoch: 2 | loss: 0.3032204
	speed: 0.0769s/iter; left time: 687.5126s
	iters: 800, epoch: 2 | loss: 0.3489743
	speed: 0.0767s/iter; left time: 678.0129s
	iters: 900, epoch: 2 | loss: 0.3240367
	speed: 0.0759s/iter; left time: 663.7144s
	iters: 1000, epoch: 2 | loss: 0.3437817
	speed: 0.0762s/iter; left time: 658.0238s
Epoch: 2 cost time: 84.10415983200073
Epoch: 2, Steps: 1071 | Train Loss: 0.3346805 Vali Loss: 0.7514045 Test Loss: 0.5900815
EarlyStopping counter: 1 out of 3
Updating learning rate to 5e-05
	iters: 100, epoch: 3 | loss: 0.3155799
	speed: 0.5934s/iter; left time: 5025.7964s
	iters: 200, epoch: 3 | loss: 0.3410861
	speed: 0.0772s/iter; left time: 646.3492s
	iters: 300, epoch: 3 | loss: 0.2987727
	speed: 0.0772s/iter; left time: 638.5140s
	iters: 400, epoch: 3 | loss: 0.2777564
	speed: 0.0775s/iter; left time: 632.8404s
	iters: 500, epoch: 3 | loss: 0.3823848
	speed: 0.0766s/iter; left time: 618.3430s
	iters: 600, epoch: 3 | loss: 0.3294907
	speed: 0.0765s/iter; left time: 609.8499s
	iters: 700, epoch: 3 | loss: 0.2620520
	speed: 0.0767s/iter; left time: 603.6631s
	iters: 800, epoch: 3 | loss: 0.2185247
	speed: 0.0766s/iter; left time: 595.4536s
	iters: 900, epoch: 3 | loss: 0.2416838
	speed: 0.0761s/iter; left time: 583.3422s
	iters: 1000, epoch: 3 | loss: 0.3208912
	speed: 0.0765s/iter; left time: 578.7411s
Epoch: 3 cost time: 84.00291109085083
Epoch: 3, Steps: 1071 | Train Loss: 0.2890197 Vali Loss: 0.8364475 Test Loss: 0.6607949
EarlyStopping counter: 2 out of 3
Updating learning rate to 2.5e-05
	iters: 100, epoch: 4 | loss: 0.2565722
	speed: 0.5926s/iter; left time: 4384.3567s
	iters: 200, epoch: 4 | loss: 0.2408106
	speed: 0.0756s/iter; left time: 551.8768s
	iters: 300, epoch: 4 | loss: 0.2268368
	speed: 0.0760s/iter; left time: 546.9653s
	iters: 400, epoch: 4 | loss: 0.2406747
	speed: 0.0763s/iter; left time: 541.8841s
	iters: 500, epoch: 4 | loss: 0.2249935
	speed: 0.0769s/iter; left time: 538.1574s
	iters: 600, epoch: 4 | loss: 0.2420803
	speed: 0.0772s/iter; left time: 532.4712s
	iters: 700, epoch: 4 | loss: 0.2349619
	speed: 0.0771s/iter; left time: 524.4288s
	iters: 800, epoch: 4 | loss: 0.2139193
	speed: 0.0768s/iter; left time: 514.4329s
	iters: 900, epoch: 4 | loss: 0.2495041
	speed: 0.0762s/iter; left time: 502.8405s
	iters: 1000, epoch: 4 | loss: 0.2156549
	speed: 0.0771s/iter; left time: 500.9982s
Epoch: 4 cost time: 83.85311484336853
Epoch: 4, Steps: 1071 | Train Loss: 0.2488067 Vali Loss: 0.8388584 Test Loss: 0.6672854
EarlyStopping counter: 3 out of 3
Early stopping
>>>>>>>testing : ETTm1_96_192_Autoformer_ETTm1_ftM_sl96_ll48_pl192_dm512_nh8_el2_dl1_df2048_fc3_ebtimeF_dtTrue_Exp_0<<<<<<<<<<<<<<<<<<<<<<<<<<<<<<<<<
test 11329
mse:0.6106499433517456, mae:0.5238556265830994
