Args in experiment:
Namespace(is_training=1, model_id='Exchange_336_336', model='DLinear', data='custom', root_path='./dataset/', data_path='exchange_rate.csv', features='M', target='OT', freq='h', checkpoints='./checkpoints/', seq_len=336, label_len=48, pred_len=336, individual=False, embed_type=0, enc_in=8, dec_in=7, c_out=7, d_model=512, n_heads=8, e_layers=2, d_layers=1, d_ff=2048, moving_avg=25, factor=1, distil=True, dropout=0.05, embed='timeF', activation='gelu', output_attention=False, do_predict=False, num_workers=10, itr=1, train_epochs=10, batch_size=32, patience=3, learning_rate=0.0005, des='Exp', loss='mse', lradj='type1', use_amp=False, use_gpu=True, gpu=0, use_multi_gpu=False, devices='0,1,2,3', test_flop=True)
Use GPU: cuda:0
>>>>>>>start training : Exchange_336_336_DLinear_custom_ftM_sl336_ll48_pl336_dm512_nh8_el2_dl1_df2048_fc1_ebtimeF_dtTrue_Exp_0>>>>>>>>>>>>>>>>>>>>>>>>>>
train 4640
val 425
test 1182
	iters: 100, epoch: 1 | loss: 0.3330907
	speed: 0.0396s/iter; left time: 53.4956s
Epoch: 1 cost time: 4.284283638000488
Epoch: 1, Steps: 145 | Train Loss: 0.4526508 Vali Loss: 1.1595606 Test Loss: 0.3817909
Validation loss decreased (inf --> 1.159561).  Saving model ...
Updating learning rate to 0.0005
	iters: 100, epoch: 2 | loss: 0.3621817
	speed: 0.0590s/iter; left time: 71.0954s
Epoch: 2 cost time: 2.52083420753479
Epoch: 2, Steps: 145 | Train Loss: 0.3879269 Vali Loss: 0.9800501 Test Loss: 0.3282408
Validation loss decreased (1.159561 --> 0.980050).  Saving model ...
Updating learning rate to 0.00025
	iters: 100, epoch: 3 | loss: 0.4086459
	speed: 0.0621s/iter; left time: 65.9018s
Epoch: 3 cost time: 2.60495924949646
Epoch: 3, Steps: 145 | Train Loss: 0.3800562 Vali Loss: 1.1686174 Test Loss: 0.4344870
EarlyStopping counter: 1 out of 3
Updating learning rate to 0.000125
	iters: 100, epoch: 4 | loss: 0.3763886
	speed: 0.0612s/iter; left time: 56.0483s
Epoch: 4 cost time: 2.5975019931793213
Epoch: 4, Steps: 145 | Train Loss: 0.3763453 Vali Loss: 1.0648006 Test Loss: 0.3811812
EarlyStopping counter: 2 out of 3
Updating learning rate to 6.25e-05
	iters: 100, epoch: 5 | loss: 0.2898676
	speed: 0.0610s/iter; left time: 47.0222s
Epoch: 5 cost time: 2.4164438247680664
Epoch: 5, Steps: 145 | Train Loss: 0.3745440 Vali Loss: 1.0145195 Test Loss: 0.3598284
EarlyStopping counter: 3 out of 3
Early stopping
>>>>>>>testing : Exchange_336_336_DLinear_custom_ftM_sl336_ll48_pl336_dm512_nh8_el2_dl1_df2048_fc1_ebtimeF_dtTrue_Exp_0<<<<<<<<<<<<<<<<<<<<<<<<<<<<<<<<<
test 1182
INFO: Trainable parameter count: 0.11M
INFO: Trainable parameter count: 0.11M
INFO: Trainable parameter count: 0.23M
INFO: Trainable parameter count: 0.23M
Model(
  226.46 k, 100.000% Params, 1.81 MMac, 100.000% MACs, 
  (decompsition): series_decomp(
    0, 0.000% Params, 2.88 KMac, 0.159% MACs, 
    (moving_avg): moving_avg(
      0, 0.000% Params, 2.88 KMac, 0.159% MACs, 
      (avg): AvgPool1d(0, 0.000% Params, 2.88 KMac, 0.159% MACs, kernel_size=(25,), stride=(1,), padding=(0,))
    )
  )
  (Linear_Seasonal): Linear(113.23 k, 50.000% Params, 903.5 KMac, 49.920% MACs, in_features=336, out_features=336, bias=True)
  (Linear_Trend): Linear(113.23 k, 50.000% Params, 903.5 KMac, 49.920% MACs, in_features=336, out_features=336, bias=True)
)
Computational complexity:       1.81 MMac
Number of parameters:           226.46 k
mse:0.32824063301086426, mae:0.4378034472465515
