Args in experiment:
Namespace(is_training=1, model_id='Exchange_96_96', model='DLinear', data='custom', root_path='./dataset/', data_path='ETTm2.csv', features='M', target='OT', freq='h', checkpoints='./checkpoints/', seq_len=96, label_len=48, pred_len=96, individual=False, embed_type=0, enc_in=8, dec_in=7, c_out=7, d_model=512, n_heads=8, e_layers=2, d_layers=1, d_ff=2048, moving_avg=25, factor=1, distil=True, dropout=0.05, embed='timeF', activation='gelu', output_attention=False, do_predict=False, num_workers=10, itr=1, train_epochs=10, batch_size=8, patience=3, learning_rate=0.0005, des='Exp', loss='mse', lradj='type1', use_amp=False, use_gpu=True, gpu=0, use_multi_gpu=False, devices='0,1,2,3', test_flop=True)
Use GPU: cuda:0
>>>>>>>start training : Exchange_96_96_DLinear_custom_ftM_sl96_ll48_pl96_dm512_nh8_el2_dl1_df2048_fc1_ebtimeF_dtTrue_Exp_0>>>>>>>>>>>>>>>>>>>>>>>>>>
train 48585
val 6873
test 13841
	iters: 100, epoch: 1 | loss: 0.2131552
	speed: 0.0372s/iter; left time: 2253.3751s
	iters: 200, epoch: 1 | loss: 0.1470835
	speed: 0.0039s/iter; left time: 235.7976s
	iters: 300, epoch: 1 | loss: 0.1295873
	speed: 0.0033s/iter; left time: 202.1289s
	iters: 400, epoch: 1 | loss: 0.1988700
	speed: 0.0038s/iter; left time: 231.5488s
	iters: 500, epoch: 1 | loss: 0.1821480
	speed: 0.0045s/iter; left time: 271.8759s
	iters: 600, epoch: 1 | loss: 0.1161573
	speed: 0.0043s/iter; left time: 259.9713s
	iters: 700, epoch: 1 | loss: 0.0818479
	speed: 0.0041s/iter; left time: 244.5276s
	iters: 800, epoch: 1 | loss: 0.1378087
	speed: 0.0048s/iter; left time: 289.7924s
	iters: 900, epoch: 1 | loss: 0.3392990
	speed: 0.0044s/iter; left time: 265.9900s
	iters: 1000, epoch: 1 | loss: 0.0780423
	speed: 0.0045s/iter; left time: 268.3597s
	iters: 1100, epoch: 1 | loss: 0.0936922
	speed: 0.0042s/iter; left time: 251.5327s
	iters: 1200, epoch: 1 | loss: 0.1310653
	speed: 0.0042s/iter; left time: 248.1921s
	iters: 1300, epoch: 1 | loss: 0.1470617
	speed: 0.0048s/iter; left time: 285.3061s
	iters: 1400, epoch: 1 | loss: 0.1385253
	speed: 0.0045s/iter; left time: 268.0432s
	iters: 1500, epoch: 1 | loss: 0.2782384
	speed: 0.0043s/iter; left time: 252.9534s
	iters: 1600, epoch: 1 | loss: 0.0643602
	speed: 0.0046s/iter; left time: 270.5945s
	iters: 1700, epoch: 1 | loss: 0.8630912
	speed: 0.0041s/iter; left time: 240.2745s
	iters: 1800, epoch: 1 | loss: 0.2181457
	speed: 0.0043s/iter; left time: 254.3323s
	iters: 1900, epoch: 1 | loss: 0.0487474
	speed: 0.0039s/iter; left time: 230.6249s
	iters: 2000, epoch: 1 | loss: 0.1113437
	speed: 0.0042s/iter; left time: 248.4976s
	iters: 2100, epoch: 1 | loss: 0.0613337
	speed: 0.0042s/iter; left time: 245.1851s
	iters: 2200, epoch: 1 | loss: 0.0719908
	speed: 0.0042s/iter; left time: 243.8565s
	iters: 2300, epoch: 1 | loss: 0.0679181
	speed: 0.0047s/iter; left time: 272.9837s
	iters: 2400, epoch: 1 | loss: 0.3040712
	speed: 0.0043s/iter; left time: 251.7366s
	iters: 2500, epoch: 1 | loss: 0.1723449
	speed: 0.0042s/iter; left time: 246.3797s
	iters: 2600, epoch: 1 | loss: 0.2245076
	speed: 0.0042s/iter; left time: 244.9413s
	iters: 2700, epoch: 1 | loss: 0.1488319
	speed: 0.0041s/iter; left time: 239.4903s
	iters: 2800, epoch: 1 | loss: 0.0804204
	speed: 0.0046s/iter; left time: 263.7451s
	iters: 2900, epoch: 1 | loss: 0.0787678
	speed: 0.0041s/iter; left time: 238.1436s
	iters: 3000, epoch: 1 | loss: 0.0660334
	speed: 0.0042s/iter; left time: 242.8898s
	iters: 3100, epoch: 1 | loss: 0.0888773
	speed: 0.0047s/iter; left time: 270.6556s
	iters: 3200, epoch: 1 | loss: 0.0960945
	speed: 0.0042s/iter; left time: 242.4584s
	iters: 3300, epoch: 1 | loss: 0.1095712
	speed: 0.0045s/iter; left time: 258.8618s
	iters: 3400, epoch: 1 | loss: 0.0623408
	speed: 0.0046s/iter; left time: 260.8928s
	iters: 3500, epoch: 1 | loss: 0.0665026
	speed: 0.0042s/iter; left time: 241.6646s
	iters: 3600, epoch: 1 | loss: 0.6386499
	speed: 0.0045s/iter; left time: 259.9001s
	iters: 3700, epoch: 1 | loss: 0.1332847
	speed: 0.0044s/iter; left time: 251.1725s
	iters: 3800, epoch: 1 | loss: 0.0677314
	speed: 0.0043s/iter; left time: 244.0829s
	iters: 3900, epoch: 1 | loss: 0.0931562
	speed: 0.0045s/iter; left time: 254.6913s
	iters: 4000, epoch: 1 | loss: 0.1479264
	speed: 0.0043s/iter; left time: 245.3458s
	iters: 4100, epoch: 1 | loss: 0.2028767
	speed: 0.0045s/iter; left time: 253.2248s
	iters: 4200, epoch: 1 | loss: 0.1392673
	speed: 0.0044s/iter; left time: 248.0420s
	iters: 4300, epoch: 1 | loss: 0.1247893
	speed: 0.0044s/iter; left time: 249.0551s
	iters: 4400, epoch: 1 | loss: 0.3237863
	speed: 0.0044s/iter; left time: 247.1047s
	iters: 4500, epoch: 1 | loss: 0.1393771
	speed: 0.0043s/iter; left time: 243.6606s
	iters: 4600, epoch: 1 | loss: 0.1061565
	speed: 0.0047s/iter; left time: 266.1994s
	iters: 4700, epoch: 1 | loss: 0.2236266
	speed: 0.0042s/iter; left time: 234.4709s
	iters: 4800, epoch: 1 | loss: 0.2485234
	speed: 0.0044s/iter; left time: 245.9209s
	iters: 4900, epoch: 1 | loss: 0.0878454
	speed: 0.0046s/iter; left time: 256.4606s
	iters: 5000, epoch: 1 | loss: 0.0799514
	speed: 0.0042s/iter; left time: 236.2632s
	iters: 5100, epoch: 1 | loss: 0.2247235
	speed: 0.0046s/iter; left time: 254.6838s
	iters: 5200, epoch: 1 | loss: 0.4704850
	speed: 0.0043s/iter; left time: 236.7421s
	iters: 5300, epoch: 1 | loss: 0.0669028
	speed: 0.0045s/iter; left time: 248.2682s
	iters: 5400, epoch: 1 | loss: 0.1068140
	speed: 0.0043s/iter; left time: 235.9029s
	iters: 5500, epoch: 1 | loss: 0.0921024
	speed: 0.0041s/iter; left time: 228.2630s
	iters: 5600, epoch: 1 | loss: 0.1164578
	speed: 0.0043s/iter; left time: 235.9223s
	iters: 5700, epoch: 1 | loss: 0.1102507
	speed: 0.0043s/iter; left time: 234.6444s
	iters: 5800, epoch: 1 | loss: 0.6403595
	speed: 0.0043s/iter; left time: 233.7771s
	iters: 5900, epoch: 1 | loss: 0.1817556
	speed: 0.0048s/iter; left time: 262.2278s
	iters: 6000, epoch: 1 | loss: 0.1625920
	speed: 0.0043s/iter; left time: 234.9406s
Epoch: 1 cost time: 29.694446563720703
Epoch: 1, Steps: 6073 | Train Loss: 0.1695270 Vali Loss: 0.1861537 Test Loss: 0.1373063
Validation loss decreased (inf --> 0.186154).  Saving model ...
Updating learning rate to 0.0005
	iters: 100, epoch: 2 | loss: 0.1254464
	speed: 0.1269s/iter; left time: 6922.0896s
	iters: 200, epoch: 2 | loss: 0.0829132
	speed: 0.0038s/iter; left time: 208.5863s
	iters: 300, epoch: 2 | loss: 0.0694109
	speed: 0.0037s/iter; left time: 201.6489s
	iters: 400, epoch: 2 | loss: 0.1132005
	speed: 0.0043s/iter; left time: 234.3959s
	iters: 500, epoch: 2 | loss: 0.0862179
	speed: 0.0044s/iter; left time: 239.8558s
	iters: 600, epoch: 2 | loss: 0.2153464
	speed: 0.0048s/iter; left time: 257.7980s
	iters: 700, epoch: 2 | loss: 0.1809421
	speed: 0.0041s/iter; left time: 219.6072s
	iters: 800, epoch: 2 | loss: 0.1278406
	speed: 0.0044s/iter; left time: 237.4578s
	iters: 900, epoch: 2 | loss: 0.0658514
	speed: 0.0043s/iter; left time: 229.8997s
	iters: 1000, epoch: 2 | loss: 0.1054902
	speed: 0.0041s/iter; left time: 221.9105s
	iters: 1100, epoch: 2 | loss: 0.4882173
	speed: 0.0043s/iter; left time: 229.4525s
	iters: 1200, epoch: 2 | loss: 0.1016489
	speed: 0.0047s/iter; left time: 250.9267s
	iters: 1300, epoch: 2 | loss: 0.0680705
	speed: 0.0048s/iter; left time: 258.7510s
	iters: 1400, epoch: 2 | loss: 0.3805027
	speed: 0.0041s/iter; left time: 219.2782s
	iters: 1500, epoch: 2 | loss: 0.1940436
	speed: 0.0043s/iter; left time: 227.4763s
	iters: 1600, epoch: 2 | loss: 0.1156915
	speed: 0.0045s/iter; left time: 238.0087s
	iters: 1700, epoch: 2 | loss: 0.1257447
	speed: 0.0044s/iter; left time: 230.9176s
	iters: 1800, epoch: 2 | loss: 0.0579526
	speed: 0.0042s/iter; left time: 222.7907s
	iters: 1900, epoch: 2 | loss: 0.1255207
	speed: 0.0042s/iter; left time: 222.8405s
	iters: 2000, epoch: 2 | loss: 0.1004519
	speed: 0.0042s/iter; left time: 220.5668s
	iters: 2100, epoch: 2 | loss: 0.0716000
	speed: 0.0046s/iter; left time: 239.5264s
	iters: 2200, epoch: 2 | loss: 0.9208783
	speed: 0.0041s/iter; left time: 215.9752s
	iters: 2300, epoch: 2 | loss: 0.0813965
	speed: 0.0041s/iter; left time: 214.2298s
	iters: 2400, epoch: 2 | loss: 0.1142731
	speed: 0.0047s/iter; left time: 244.5740s
	iters: 2500, epoch: 2 | loss: 0.2773243
	speed: 0.0041s/iter; left time: 213.9011s
	iters: 2600, epoch: 2 | loss: 0.1552771
	speed: 0.0046s/iter; left time: 238.5219s
	iters: 2700, epoch: 2 | loss: 0.0637611
	speed: 0.0040s/iter; left time: 207.8049s
	iters: 2800, epoch: 2 | loss: 0.1038849
	speed: 0.0037s/iter; left time: 192.8648s
	iters: 2900, epoch: 2 | loss: 0.0901556
	speed: 0.0043s/iter; left time: 221.4055s
	iters: 3000, epoch: 2 | loss: 0.2118625
	speed: 0.0040s/iter; left time: 207.0770s
	iters: 3100, epoch: 2 | loss: 0.2121943
	speed: 0.0042s/iter; left time: 217.6101s
	iters: 3200, epoch: 2 | loss: 0.0823784
	speed: 0.0046s/iter; left time: 239.2503s
	iters: 3300, epoch: 2 | loss: 0.1114195
	speed: 0.0042s/iter; left time: 215.7099s
	iters: 3400, epoch: 2 | loss: 0.5968391
	speed: 0.0045s/iter; left time: 232.2006s
	iters: 3500, epoch: 2 | loss: 0.2238691
	speed: 0.0042s/iter; left time: 214.5066s
	iters: 3600, epoch: 2 | loss: 0.2190655
	speed: 0.0042s/iter; left time: 213.5367s
	iters: 3700, epoch: 2 | loss: 0.3815393
	speed: 0.0047s/iter; left time: 241.5763s
	iters: 3800, epoch: 2 | loss: 0.4754360
	speed: 0.0045s/iter; left time: 229.6128s
	iters: 3900, epoch: 2 | loss: 0.1334697
	speed: 0.0045s/iter; left time: 230.0210s
	iters: 4000, epoch: 2 | loss: 0.3930336
	speed: 0.0039s/iter; left time: 196.2785s
	iters: 4100, epoch: 2 | loss: 0.0716702
	speed: 0.0041s/iter; left time: 207.5368s
	iters: 4200, epoch: 2 | loss: 0.0964419
	speed: 0.0042s/iter; left time: 214.0828s
	iters: 4300, epoch: 2 | loss: 0.2032471
	speed: 0.0041s/iter; left time: 205.8740s
	iters: 4400, epoch: 2 | loss: 0.1447860
	speed: 0.0043s/iter; left time: 214.3014s
	iters: 4500, epoch: 2 | loss: 0.1152436
	speed: 0.0041s/iter; left time: 207.4722s
	iters: 4600, epoch: 2 | loss: 0.2774332
	speed: 0.0040s/iter; left time: 202.1751s
	iters: 4700, epoch: 2 | loss: 0.0672372
	speed: 0.0045s/iter; left time: 225.6172s
	iters: 4800, epoch: 2 | loss: 0.4465021
	speed: 0.0042s/iter; left time: 207.7207s
	iters: 4900, epoch: 2 | loss: 0.1205886
	speed: 0.0044s/iter; left time: 218.5869s
	iters: 5000, epoch: 2 | loss: 0.0679545
	speed: 0.0042s/iter; left time: 209.4679s
	iters: 5100, epoch: 2 | loss: 0.2336481
	speed: 0.0042s/iter; left time: 210.5470s
	iters: 5200, epoch: 2 | loss: 0.0949012
	speed: 0.0046s/iter; left time: 226.2377s
	iters: 5300, epoch: 2 | loss: 0.1342238
	speed: 0.0042s/iter; left time: 209.0513s
	iters: 5400, epoch: 2 | loss: 0.0857855
	speed: 0.0045s/iter; left time: 222.5192s
	iters: 5500, epoch: 2 | loss: 0.3694578
	speed: 0.0041s/iter; left time: 203.0279s
	iters: 5600, epoch: 2 | loss: 0.1161373
	speed: 0.0038s/iter; left time: 186.0271s
	iters: 5700, epoch: 2 | loss: 0.3151326
	speed: 0.0039s/iter; left time: 189.3728s
	iters: 5800, epoch: 2 | loss: 0.1715306
	speed: 0.0046s/iter; left time: 224.0989s
	iters: 5900, epoch: 2 | loss: 0.0928708
	speed: 0.0039s/iter; left time: 189.2680s
	iters: 6000, epoch: 2 | loss: 0.1370430
	speed: 0.0039s/iter; left time: 190.4890s
Epoch: 2 cost time: 27.454744338989258
Epoch: 2, Steps: 6073 | Train Loss: 0.1634487 Vali Loss: 0.1611377 Test Loss: 0.1206882
Validation loss decreased (0.186154 --> 0.161138).  Saving model ...
Updating learning rate to 0.00025
	iters: 100, epoch: 3 | loss: 0.3864569
	speed: 0.1267s/iter; left time: 6143.1778s
	iters: 200, epoch: 3 | loss: 0.1126498
	speed: 0.0041s/iter; left time: 197.7572s
	iters: 300, epoch: 3 | loss: 0.2841075
	speed: 0.0046s/iter; left time: 220.2105s
	iters: 400, epoch: 3 | loss: 0.1825295
	speed: 0.0045s/iter; left time: 216.4817s
	iters: 500, epoch: 3 | loss: 0.0817656
	speed: 0.0046s/iter; left time: 219.5724s
	iters: 600, epoch: 3 | loss: 0.1345991
	speed: 0.0042s/iter; left time: 201.5960s
	iters: 700, epoch: 3 | loss: 0.1447526
	speed: 0.0044s/iter; left time: 209.8977s
	iters: 800, epoch: 3 | loss: 0.1262734
	speed: 0.0045s/iter; left time: 213.3274s
	iters: 900, epoch: 3 | loss: 0.1268749
	speed: 0.0043s/iter; left time: 205.2960s
	iters: 1000, epoch: 3 | loss: 0.1000802
	speed: 0.0042s/iter; left time: 198.8676s
	iters: 1100, epoch: 3 | loss: 0.1074208
	speed: 0.0045s/iter; left time: 211.6833s
	iters: 1200, epoch: 3 | loss: 0.4864931
	speed: 0.0043s/iter; left time: 203.5826s
	iters: 1300, epoch: 3 | loss: 0.0851203
	speed: 0.0044s/iter; left time: 209.8410s
	iters: 1400, epoch: 3 | loss: 0.1435899
	speed: 0.0042s/iter; left time: 200.5268s
	iters: 1500, epoch: 3 | loss: 0.1045491
	speed: 0.0045s/iter; left time: 210.1707s
	iters: 1600, epoch: 3 | loss: 0.1708308
	speed: 0.0049s/iter; left time: 229.5320s
	iters: 1700, epoch: 3 | loss: 0.2185474
	speed: 0.0042s/iter; left time: 195.4952s
	iters: 1800, epoch: 3 | loss: 0.2165765
	speed: 0.0045s/iter; left time: 210.5613s
	iters: 1900, epoch: 3 | loss: 0.0597128
	speed: 0.0041s/iter; left time: 192.1380s
	iters: 2000, epoch: 3 | loss: 0.0919458
	speed: 0.0044s/iter; left time: 206.7173s
	iters: 2100, epoch: 3 | loss: 0.1193932
	speed: 0.0045s/iter; left time: 210.2562s
	iters: 2200, epoch: 3 | loss: 0.1068057
	speed: 0.0042s/iter; left time: 194.7551s
	iters: 2300, epoch: 3 | loss: 0.1257228
	speed: 0.0045s/iter; left time: 210.2622s
	iters: 2400, epoch: 3 | loss: 0.1102238
	speed: 0.0042s/iter; left time: 193.7035s
	iters: 2500, epoch: 3 | loss: 0.0919007
	speed: 0.0047s/iter; left time: 214.5993s
	iters: 2600, epoch: 3 | loss: 0.0981351
	speed: 0.0040s/iter; left time: 183.2283s
	iters: 2700, epoch: 3 | loss: 0.1626813
	speed: 0.0039s/iter; left time: 180.4770s
	iters: 2800, epoch: 3 | loss: 0.0722261
	speed: 0.0045s/iter; left time: 204.5350s
	iters: 2900, epoch: 3 | loss: 0.0950967
	speed: 0.0038s/iter; left time: 175.4437s
	iters: 3000, epoch: 3 | loss: 0.0626633
	speed: 0.0044s/iter; left time: 199.8974s
	iters: 3100, epoch: 3 | loss: 0.2818366
	speed: 0.0042s/iter; left time: 191.2934s
	iters: 3200, epoch: 3 | loss: 0.0595338
	speed: 0.0037s/iter; left time: 167.8097s
	iters: 3300, epoch: 3 | loss: 0.4733600
	speed: 0.0041s/iter; left time: 187.0439s
	iters: 3400, epoch: 3 | loss: 0.1013462
	speed: 0.0042s/iter; left time: 187.6552s
	iters: 3500, epoch: 3 | loss: 0.0775370
	speed: 0.0040s/iter; left time: 178.5444s
	iters: 3600, epoch: 3 | loss: 0.1048361
	speed: 0.0042s/iter; left time: 189.9372s
	iters: 3700, epoch: 3 | loss: 0.0763898
	speed: 0.0042s/iter; left time: 189.7761s
	iters: 3800, epoch: 3 | loss: 0.1801694
	speed: 0.0037s/iter; left time: 166.0026s
	iters: 3900, epoch: 3 | loss: 0.0685723
	speed: 0.0045s/iter; left time: 199.2124s
	iters: 4000, epoch: 3 | loss: 0.0914441
	speed: 0.0039s/iter; left time: 175.3411s
	iters: 4100, epoch: 3 | loss: 0.1674843
	speed: 0.0043s/iter; left time: 191.7823s
	iters: 4200, epoch: 3 | loss: 0.2382113
	speed: 0.0045s/iter; left time: 198.1842s
	iters: 4300, epoch: 3 | loss: 0.2273987
	speed: 0.0043s/iter; left time: 191.2472s
	iters: 4400, epoch: 3 | loss: 0.5709413
	speed: 0.0046s/iter; left time: 203.1054s
	iters: 4500, epoch: 3 | loss: 0.2708911
	speed: 0.0043s/iter; left time: 188.9101s
	iters: 4600, epoch: 3 | loss: 0.2582022
	speed: 0.0043s/iter; left time: 189.9047s
	iters: 4700, epoch: 3 | loss: 0.0707553
	speed: 0.0039s/iter; left time: 170.4510s
	iters: 4800, epoch: 3 | loss: 0.1118805
	speed: 0.0042s/iter; left time: 183.6120s
	iters: 4900, epoch: 3 | loss: 0.1239676
	speed: 0.0042s/iter; left time: 184.3783s
	iters: 5000, epoch: 3 | loss: 0.2941666
	speed: 0.0041s/iter; left time: 180.0667s
	iters: 5100, epoch: 3 | loss: 0.1444200
	speed: 0.0039s/iter; left time: 168.6918s
	iters: 5200, epoch: 3 | loss: 0.0894553
	speed: 0.0046s/iter; left time: 199.9766s
	iters: 5300, epoch: 3 | loss: 0.0762827
	speed: 0.0042s/iter; left time: 181.7898s
	iters: 5400, epoch: 3 | loss: 1.4527673
	speed: 0.0043s/iter; left time: 187.6104s
	iters: 5500, epoch: 3 | loss: 0.0779780
	speed: 0.0040s/iter; left time: 171.0546s
	iters: 5600, epoch: 3 | loss: 0.1014372
	speed: 0.0043s/iter; left time: 184.8036s
	iters: 5700, epoch: 3 | loss: 0.1230155
	speed: 0.0044s/iter; left time: 186.7281s
	iters: 5800, epoch: 3 | loss: 0.2321795
	speed: 0.0041s/iter; left time: 174.2040s
	iters: 5900, epoch: 3 | loss: 0.1138271
	speed: 0.0045s/iter; left time: 190.8058s
	iters: 6000, epoch: 3 | loss: 0.1017939
	speed: 0.0044s/iter; left time: 186.0207s
Epoch: 3 cost time: 27.555210828781128
Epoch: 3, Steps: 6073 | Train Loss: 0.1620169 Vali Loss: 0.1613921 Test Loss: 0.1209783
EarlyStopping counter: 1 out of 3
Updating learning rate to 0.000125
	iters: 100, epoch: 4 | loss: 0.0816079
	speed: 0.1274s/iter; left time: 5403.1788s
	iters: 200, epoch: 4 | loss: 0.1719389
	speed: 0.0044s/iter; left time: 187.8619s
	iters: 300, epoch: 4 | loss: 0.0502927
	speed: 0.0040s/iter; left time: 170.1635s
	iters: 400, epoch: 4 | loss: 0.0951107
	speed: 0.0047s/iter; left time: 197.3403s
	iters: 500, epoch: 4 | loss: 0.1565616
	speed: 0.0043s/iter; left time: 181.9532s
	iters: 600, epoch: 4 | loss: 0.1710458
	speed: 0.0044s/iter; left time: 182.4337s
	iters: 700, epoch: 4 | loss: 0.0776957
	speed: 0.0046s/iter; left time: 193.1676s
	iters: 800, epoch: 4 | loss: 0.1172718
	speed: 0.0041s/iter; left time: 171.5158s
	iters: 900, epoch: 4 | loss: 0.0607973
	speed: 0.0044s/iter; left time: 181.2633s
	iters: 1000, epoch: 4 | loss: 0.2941045
	speed: 0.0040s/iter; left time: 167.7120s
	iters: 1100, epoch: 4 | loss: 0.4977798
	speed: 0.0042s/iter; left time: 175.1682s
	iters: 1200, epoch: 4 | loss: 0.1200806
	speed: 0.0048s/iter; left time: 198.8251s
	iters: 1300, epoch: 4 | loss: 0.0907628
	speed: 0.0041s/iter; left time: 170.7691s
	iters: 1400, epoch: 4 | loss: 0.0644749
	speed: 0.0047s/iter; left time: 193.7674s
	iters: 1500, epoch: 4 | loss: 0.1300405
	speed: 0.0038s/iter; left time: 157.6056s
	iters: 1600, epoch: 4 | loss: 0.1748369
	speed: 0.0038s/iter; left time: 155.1160s
	iters: 1700, epoch: 4 | loss: 0.1172281
	speed: 0.0044s/iter; left time: 180.0413s
	iters: 1800, epoch: 4 | loss: 0.0677754
	speed: 0.0042s/iter; left time: 172.9617s
	iters: 1900, epoch: 4 | loss: 0.1123046
	speed: 0.0043s/iter; left time: 174.1733s
	iters: 2000, epoch: 4 | loss: 0.0920947
	speed: 0.0045s/iter; left time: 183.8205s
	iters: 2100, epoch: 4 | loss: 0.3704627
	speed: 0.0041s/iter; left time: 167.3187s
	iters: 2200, epoch: 4 | loss: 0.0815449
	speed: 0.0043s/iter; left time: 175.2657s
	iters: 2300, epoch: 4 | loss: 0.1035721
	speed: 0.0043s/iter; left time: 172.9322s
	iters: 2400, epoch: 4 | loss: 0.7652181
	speed: 0.0044s/iter; left time: 177.1987s
	iters: 2500, epoch: 4 | loss: 0.0988137
	speed: 0.0044s/iter; left time: 177.9924s
	iters: 2600, epoch: 4 | loss: 0.0719512
	speed: 0.0042s/iter; left time: 168.6916s
	iters: 2700, epoch: 4 | loss: 0.0833407
	speed: 0.0048s/iter; left time: 191.5367s
	iters: 2800, epoch: 4 | loss: 0.0756348
	speed: 0.0045s/iter; left time: 176.9540s
	iters: 2900, epoch: 4 | loss: 0.1028214
	speed: 0.0045s/iter; left time: 178.1852s
	iters: 3000, epoch: 4 | loss: 0.0898923
	speed: 0.0044s/iter; left time: 174.4096s
	iters: 3100, epoch: 4 | loss: 0.2828545
	speed: 0.0041s/iter; left time: 159.9911s
	iters: 3200, epoch: 4 | loss: 0.0901330
	speed: 0.0044s/iter; left time: 171.9745s
	iters: 3300, epoch: 4 | loss: 0.0747209
	speed: 0.0044s/iter; left time: 173.9892s
	iters: 3400, epoch: 4 | loss: 0.0877084
	speed: 0.0042s/iter; left time: 165.7223s
	iters: 3500, epoch: 4 | loss: 0.0812884
	speed: 0.0041s/iter; left time: 161.2428s
	iters: 3600, epoch: 4 | loss: 0.0590064
	speed: 0.0043s/iter; left time: 169.0183s
	iters: 3700, epoch: 4 | loss: 0.1030643
	speed: 0.0047s/iter; left time: 181.4782s
	iters: 3800, epoch: 4 | loss: 0.2868737
	speed: 0.0041s/iter; left time: 159.8684s
	iters: 3900, epoch: 4 | loss: 0.1349772
	speed: 0.0043s/iter; left time: 165.4920s
	iters: 4000, epoch: 4 | loss: 0.0635550
	speed: 0.0045s/iter; left time: 173.5746s
	iters: 4100, epoch: 4 | loss: 0.0638105
	speed: 0.0041s/iter; left time: 158.4768s
	iters: 4200, epoch: 4 | loss: 0.1293320
	speed: 0.0046s/iter; left time: 177.8255s
	iters: 4300, epoch: 4 | loss: 0.0624824
	speed: 0.0043s/iter; left time: 164.8636s
	iters: 4400, epoch: 4 | loss: 0.2541028
	speed: 0.0044s/iter; left time: 169.4653s
	iters: 4500, epoch: 4 | loss: 0.2249823
	speed: 0.0043s/iter; left time: 164.1485s
	iters: 4600, epoch: 4 | loss: 0.0985037
	speed: 0.0042s/iter; left time: 159.2161s
	iters: 4700, epoch: 4 | loss: 0.0836928
	speed: 0.0043s/iter; left time: 161.7956s
	iters: 4800, epoch: 4 | loss: 0.1093694
	speed: 0.0042s/iter; left time: 159.7833s
	iters: 4900, epoch: 4 | loss: 0.0886344
	speed: 0.0040s/iter; left time: 152.3160s
	iters: 5000, epoch: 4 | loss: 0.1355814
	speed: 0.0043s/iter; left time: 161.1355s
	iters: 5100, epoch: 4 | loss: 0.2207443
	speed: 0.0042s/iter; left time: 155.8946s
	iters: 5200, epoch: 4 | loss: 0.0832376
	speed: 0.0040s/iter; left time: 148.9723s
	iters: 5300, epoch: 4 | loss: 0.6008599
	speed: 0.0046s/iter; left time: 169.8731s
	iters: 5400, epoch: 4 | loss: 0.1618787
	speed: 0.0041s/iter; left time: 152.0583s
	iters: 5500, epoch: 4 | loss: 0.9949023
	speed: 0.0044s/iter; left time: 163.9348s
	iters: 5600, epoch: 4 | loss: 0.0960361
	speed: 0.0039s/iter; left time: 143.1884s
	iters: 5700, epoch: 4 | loss: 0.0599163
	speed: 0.0043s/iter; left time: 158.7369s
	iters: 5800, epoch: 4 | loss: 0.1525886
	speed: 0.0047s/iter; left time: 173.9430s
	iters: 5900, epoch: 4 | loss: 0.1854331
	speed: 0.0040s/iter; left time: 144.6472s
	iters: 6000, epoch: 4 | loss: 0.1575117
	speed: 0.0040s/iter; left time: 144.3895s
Epoch: 4 cost time: 27.763745546340942
Epoch: 4, Steps: 6073 | Train Loss: 0.1611180 Vali Loss: 0.1609330 Test Loss: 0.1207661
Validation loss decreased (0.161138 --> 0.160933).  Saving model ...
Updating learning rate to 6.25e-05
	iters: 100, epoch: 5 | loss: 0.3301794
	speed: 0.1272s/iter; left time: 4620.5277s
	iters: 200, epoch: 5 | loss: 0.0695300
	speed: 0.0042s/iter; left time: 153.8690s
	iters: 300, epoch: 5 | loss: 0.2460368
	speed: 0.0045s/iter; left time: 162.3807s
	iters: 400, epoch: 5 | loss: 0.1027138
	speed: 0.0039s/iter; left time: 140.2991s
	iters: 500, epoch: 5 | loss: 0.1050607
	speed: 0.0043s/iter; left time: 154.4412s
	iters: 600, epoch: 5 | loss: 0.0880008
	speed: 0.0045s/iter; left time: 159.7999s
	iters: 700, epoch: 5 | loss: 0.0954525
	speed: 0.0041s/iter; left time: 148.0489s
	iters: 800, epoch: 5 | loss: 0.0878415
	speed: 0.0046s/iter; left time: 163.9164s
	iters: 900, epoch: 5 | loss: 0.2201999
	speed: 0.0042s/iter; left time: 147.5113s
	iters: 1000, epoch: 5 | loss: 0.3121114
	speed: 0.0038s/iter; left time: 135.9743s
	iters: 1100, epoch: 5 | loss: 0.0712706
	speed: 0.0044s/iter; left time: 156.9876s
	iters: 1200, epoch: 5 | loss: 0.0698297
	speed: 0.0041s/iter; left time: 143.8270s
	iters: 1300, epoch: 5 | loss: 0.0722049
	speed: 0.0044s/iter; left time: 154.3233s
	iters: 1400, epoch: 5 | loss: 0.0602823
	speed: 0.0041s/iter; left time: 143.2819s
	iters: 1500, epoch: 5 | loss: 0.2361157
	speed: 0.0039s/iter; left time: 137.1701s
	iters: 1600, epoch: 5 | loss: 0.0756959
	speed: 0.0044s/iter; left time: 154.5561s
	iters: 1700, epoch: 5 | loss: 0.0791447
	speed: 0.0040s/iter; left time: 140.4271s
	iters: 1800, epoch: 5 | loss: 0.7001130
	speed: 0.0044s/iter; left time: 152.7223s
	iters: 1900, epoch: 5 | loss: 0.1473287
	speed: 0.0045s/iter; left time: 156.1612s
	iters: 2000, epoch: 5 | loss: 0.1170545
	speed: 0.0041s/iter; left time: 141.7944s
	iters: 2100, epoch: 5 | loss: 0.3156033
	speed: 0.0043s/iter; left time: 147.4128s
	iters: 2200, epoch: 5 | loss: 0.2291345
	speed: 0.0040s/iter; left time: 136.0928s
	iters: 2300, epoch: 5 | loss: 0.0615279
	speed: 0.0046s/iter; left time: 155.9040s
	iters: 2400, epoch: 5 | loss: 0.0712981
	speed: 0.0045s/iter; left time: 153.5324s
	iters: 2500, epoch: 5 | loss: 0.1611174
	speed: 0.0043s/iter; left time: 144.9328s
	iters: 2600, epoch: 5 | loss: 0.1012113
	speed: 0.0048s/iter; left time: 161.7984s
	iters: 2700, epoch: 5 | loss: 0.1794916
	speed: 0.0040s/iter; left time: 136.1860s
	iters: 2800, epoch: 5 | loss: 0.1424899
	speed: 0.0043s/iter; left time: 142.9942s
	iters: 2900, epoch: 5 | loss: 0.1314861
	speed: 0.0046s/iter; left time: 155.7555s
	iters: 3000, epoch: 5 | loss: 0.1454955
	speed: 0.0045s/iter; left time: 149.0655s
	iters: 3100, epoch: 5 | loss: 0.0900309
	speed: 0.0049s/iter; left time: 163.2032s
	iters: 3200, epoch: 5 | loss: 0.0720502
	speed: 0.0043s/iter; left time: 141.4045s
	iters: 3300, epoch: 5 | loss: 0.1475742
	speed: 0.0043s/iter; left time: 144.1325s
	iters: 3400, epoch: 5 | loss: 0.0802601
	speed: 0.0045s/iter; left time: 148.4324s
	iters: 3500, epoch: 5 | loss: 0.1716936
	speed: 0.0040s/iter; left time: 132.5792s
	iters: 3600, epoch: 5 | loss: 0.0866334
	speed: 0.0044s/iter; left time: 143.3231s
	iters: 3700, epoch: 5 | loss: 0.1135028
	speed: 0.0045s/iter; left time: 146.3145s
	iters: 3800, epoch: 5 | loss: 0.2473373
	speed: 0.0047s/iter; left time: 152.7919s
	iters: 3900, epoch: 5 | loss: 0.1331935
	speed: 0.0046s/iter; left time: 148.7078s
	iters: 4000, epoch: 5 | loss: 0.0782379
	speed: 0.0041s/iter; left time: 132.8046s
	iters: 4100, epoch: 5 | loss: 0.1051740
	speed: 0.0045s/iter; left time: 146.3137s
	iters: 4200, epoch: 5 | loss: 0.1038789
	speed: 0.0042s/iter; left time: 135.5419s
	iters: 4300, epoch: 5 | loss: 0.0884596
	speed: 0.0042s/iter; left time: 135.8255s
	iters: 4400, epoch: 5 | loss: 0.5794326
	speed: 0.0045s/iter; left time: 145.5438s
	iters: 4500, epoch: 5 | loss: 0.0606018
	speed: 0.0042s/iter; left time: 135.6181s
	iters: 4600, epoch: 5 | loss: 0.1361054
	speed: 0.0046s/iter; left time: 146.4737s
	iters: 4700, epoch: 5 | loss: 0.1846811
	speed: 0.0045s/iter; left time: 142.3038s
	iters: 4800, epoch: 5 | loss: 0.0756982
	speed: 0.0043s/iter; left time: 134.8559s
	iters: 4900, epoch: 5 | loss: 0.1030385
	speed: 0.0047s/iter; left time: 146.6578s
	iters: 5000, epoch: 5 | loss: 0.1188677
	speed: 0.0041s/iter; left time: 128.7767s
	iters: 5100, epoch: 5 | loss: 0.1614892
	speed: 0.0041s/iter; left time: 128.5606s
	iters: 5200, epoch: 5 | loss: 0.5053321
	speed: 0.0043s/iter; left time: 135.6450s
	iters: 5300, epoch: 5 | loss: 0.1596025
	speed: 0.0041s/iter; left time: 126.1653s
	iters: 5400, epoch: 5 | loss: 0.1761803
	speed: 0.0043s/iter; left time: 133.8114s
	iters: 5500, epoch: 5 | loss: 0.0656308
	speed: 0.0039s/iter; left time: 121.4308s
	iters: 5600, epoch: 5 | loss: 0.1468258
	speed: 0.0041s/iter; left time: 127.2294s
	iters: 5700, epoch: 5 | loss: 0.1502262
	speed: 0.0042s/iter; left time: 129.9444s
	iters: 5800, epoch: 5 | loss: 0.1932454
	speed: 0.0040s/iter; left time: 121.4086s
	iters: 5900, epoch: 5 | loss: 0.1894850
	speed: 0.0046s/iter; left time: 140.1632s
	iters: 6000, epoch: 5 | loss: 0.0916434
	speed: 0.0044s/iter; left time: 134.4210s
Epoch: 5 cost time: 27.912858963012695
Epoch: 5, Steps: 6073 | Train Loss: 0.1605850 Vali Loss: 0.1650938 Test Loss: 0.1235952
EarlyStopping counter: 1 out of 3
Updating learning rate to 3.125e-05
	iters: 100, epoch: 6 | loss: 0.0830447
	speed: 0.1228s/iter; left time: 3715.2245s
	iters: 200, epoch: 6 | loss: 0.2158466
	speed: 0.0044s/iter; left time: 132.0528s
	iters: 300, epoch: 6 | loss: 0.1152615
	speed: 0.0043s/iter; left time: 127.7832s
	iters: 400, epoch: 6 | loss: 0.0946677
	speed: 0.0041s/iter; left time: 122.0709s
	iters: 500, epoch: 6 | loss: 0.0667669
	speed: 0.0041s/iter; left time: 123.6757s
	iters: 600, epoch: 6 | loss: 0.0631955
	speed: 0.0043s/iter; left time: 128.3453s
	iters: 700, epoch: 6 | loss: 0.1118829
	speed: 0.0045s/iter; left time: 132.6713s
	iters: 800, epoch: 6 | loss: 0.1184847
	speed: 0.0042s/iter; left time: 123.0355s
	iters: 900, epoch: 6 | loss: 0.0757680
	speed: 0.0040s/iter; left time: 116.4241s
	iters: 1000, epoch: 6 | loss: 0.2042619
	speed: 0.0042s/iter; left time: 122.6296s
	iters: 1100, epoch: 6 | loss: 0.0613715
	speed: 0.0047s/iter; left time: 136.5438s
	iters: 1200, epoch: 6 | loss: 0.1391155
	speed: 0.0041s/iter; left time: 120.4836s
	iters: 1300, epoch: 6 | loss: 0.0994600
	speed: 0.0043s/iter; left time: 126.3909s
	iters: 1400, epoch: 6 | loss: 0.1317278
	speed: 0.0039s/iter; left time: 113.7620s
	iters: 1500, epoch: 6 | loss: 0.1224255
	speed: 0.0040s/iter; left time: 115.4713s
	iters: 1600, epoch: 6 | loss: 0.0936251
	speed: 0.0048s/iter; left time: 139.0044s
	iters: 1700, epoch: 6 | loss: 0.3454084
	speed: 0.0042s/iter; left time: 119.7448s
	iters: 1800, epoch: 6 | loss: 0.0675530
	speed: 0.0045s/iter; left time: 128.5879s
	iters: 1900, epoch: 6 | loss: 0.6484231
	speed: 0.0043s/iter; left time: 123.1200s
	iters: 2000, epoch: 6 | loss: 0.1006018
	speed: 0.0042s/iter; left time: 120.3196s
	iters: 2100, epoch: 6 | loss: 0.0827342
	speed: 0.0048s/iter; left time: 136.1484s
	iters: 2200, epoch: 6 | loss: 0.1674433
	speed: 0.0043s/iter; left time: 120.4420s
	iters: 2300, epoch: 6 | loss: 0.0615898
	speed: 0.0044s/iter; left time: 124.4013s
	iters: 2400, epoch: 6 | loss: 0.1781447
	speed: 0.0040s/iter; left time: 113.1409s
	iters: 2500, epoch: 6 | loss: 0.1434409
	speed: 0.0041s/iter; left time: 114.4935s
	iters: 2600, epoch: 6 | loss: 0.1223981
	speed: 0.0045s/iter; left time: 125.5074s
	iters: 2700, epoch: 6 | loss: 0.5769056
	speed: 0.0044s/iter; left time: 122.5942s
	iters: 2800, epoch: 6 | loss: 0.0936395
	speed: 0.0040s/iter; left time: 110.5938s
	iters: 2900, epoch: 6 | loss: 0.0774006
	speed: 0.0042s/iter; left time: 116.3524s
	iters: 3000, epoch: 6 | loss: 0.0773243
	speed: 0.0041s/iter; left time: 111.4420s
	iters: 3100, epoch: 6 | loss: 0.1406533
	speed: 0.0044s/iter; left time: 119.9370s
	iters: 3200, epoch: 6 | loss: 0.1253647
	speed: 0.0042s/iter; left time: 113.9418s
	iters: 3300, epoch: 6 | loss: 0.2295976
	speed: 0.0041s/iter; left time: 112.0294s
	iters: 3400, epoch: 6 | loss: 0.1708482
	speed: 0.0048s/iter; left time: 130.2893s
	iters: 3500, epoch: 6 | loss: 0.1344911
	speed: 0.0044s/iter; left time: 118.5147s
	iters: 3600, epoch: 6 | loss: 0.0968916
	speed: 0.0050s/iter; left time: 134.5753s
	iters: 3700, epoch: 6 | loss: 0.0719182
	speed: 0.0046s/iter; left time: 123.5948s
	iters: 3800, epoch: 6 | loss: 0.0724550
	speed: 0.0048s/iter; left time: 127.2163s
	iters: 3900, epoch: 6 | loss: 0.1225696
	speed: 0.0042s/iter; left time: 110.1655s
	iters: 4000, epoch: 6 | loss: 0.1289029
	speed: 0.0040s/iter; left time: 105.9469s
	iters: 4100, epoch: 6 | loss: 0.0705379
	speed: 0.0044s/iter; left time: 115.1245s
	iters: 4200, epoch: 6 | loss: 0.0694620
	speed: 0.0044s/iter; left time: 114.1396s
	iters: 4300, epoch: 6 | loss: 0.1183304
	speed: 0.0042s/iter; left time: 110.7055s
	iters: 4400, epoch: 6 | loss: 0.0950339
	speed: 0.0042s/iter; left time: 108.3814s
	iters: 4500, epoch: 6 | loss: 0.1427440
	speed: 0.0039s/iter; left time: 100.4930s
	iters: 4600, epoch: 6 | loss: 0.1517136
	speed: 0.0044s/iter; left time: 113.4712s
	iters: 4700, epoch: 6 | loss: 0.2872507
	speed: 0.0041s/iter; left time: 106.4070s
	iters: 4800, epoch: 6 | loss: 0.2017928
	speed: 0.0043s/iter; left time: 110.4377s
	iters: 4900, epoch: 6 | loss: 0.1525578
	speed: 0.0045s/iter; left time: 114.8793s
	iters: 5000, epoch: 6 | loss: 0.1098221
	speed: 0.0044s/iter; left time: 110.6213s
	iters: 5100, epoch: 6 | loss: 0.1167420
	speed: 0.0046s/iter; left time: 116.3018s
	iters: 5200, epoch: 6 | loss: 0.0642954
	speed: 0.0042s/iter; left time: 104.6840s
	iters: 5300, epoch: 6 | loss: 0.2323114
	speed: 0.0043s/iter; left time: 108.8125s
	iters: 5400, epoch: 6 | loss: 0.1140541
	speed: 0.0047s/iter; left time: 116.2312s
	iters: 5500, epoch: 6 | loss: 0.1401935
	speed: 0.0041s/iter; left time: 102.2181s
	iters: 5600, epoch: 6 | loss: 0.1876227
	speed: 0.0049s/iter; left time: 121.2387s
	iters: 5700, epoch: 6 | loss: 0.2118527
	speed: 0.0039s/iter; left time: 97.2854s
	iters: 5800, epoch: 6 | loss: 0.1285280
	speed: 0.0040s/iter; left time: 98.2344s
	iters: 5900, epoch: 6 | loss: 0.0630957
	speed: 0.0044s/iter; left time: 108.0517s
	iters: 6000, epoch: 6 | loss: 0.1031516
	speed: 0.0042s/iter; left time: 101.7769s
Epoch: 6 cost time: 27.76707172393799
Epoch: 6, Steps: 6073 | Train Loss: 0.1603941 Vali Loss: 0.1618813 Test Loss: 0.1212761
EarlyStopping counter: 2 out of 3
Updating learning rate to 1.5625e-05
	iters: 100, epoch: 7 | loss: 0.2389200
	speed: 0.1275s/iter; left time: 3085.4860s
	iters: 200, epoch: 7 | loss: 0.1008819
	speed: 0.0045s/iter; left time: 108.5927s
	iters: 300, epoch: 7 | loss: 0.3993376
	speed: 0.0044s/iter; left time: 104.9756s
	iters: 400, epoch: 7 | loss: 0.1593377
	speed: 0.0043s/iter; left time: 101.8097s
	iters: 500, epoch: 7 | loss: 0.0626769
	speed: 0.0042s/iter; left time: 100.7275s
	iters: 600, epoch: 7 | loss: 0.1007061
	speed: 0.0046s/iter; left time: 109.1393s
	iters: 700, epoch: 7 | loss: 0.1534215
	speed: 0.0040s/iter; left time: 94.4846s
	iters: 800, epoch: 7 | loss: 0.3017139
	speed: 0.0040s/iter; left time: 94.0617s
	iters: 900, epoch: 7 | loss: 0.0772260
	speed: 0.0045s/iter; left time: 104.4014s
	iters: 1000, epoch: 7 | loss: 0.0699578
	speed: 0.0044s/iter; left time: 101.7820s
	iters: 1100, epoch: 7 | loss: 0.0888786
	speed: 0.0049s/iter; left time: 112.8248s
	iters: 1200, epoch: 7 | loss: 0.1251117
	speed: 0.0043s/iter; left time: 98.8014s
	iters: 1300, epoch: 7 | loss: 0.0550701
	speed: 0.0042s/iter; left time: 96.5293s
	iters: 1400, epoch: 7 | loss: 0.1341100
	speed: 0.0044s/iter; left time: 99.6676s
	iters: 1500, epoch: 7 | loss: 0.0829049
	speed: 0.0042s/iter; left time: 95.5819s
	iters: 1600, epoch: 7 | loss: 0.2722597
	speed: 0.0041s/iter; left time: 92.7846s
	iters: 1700, epoch: 7 | loss: 0.0754221
	speed: 0.0050s/iter; left time: 113.7805s
	iters: 1800, epoch: 7 | loss: 0.1070317
	speed: 0.0046s/iter; left time: 103.3550s
	iters: 1900, epoch: 7 | loss: 0.1562242
	speed: 0.0046s/iter; left time: 103.8779s
	iters: 2000, epoch: 7 | loss: 0.0831338
	speed: 0.0039s/iter; left time: 87.0456s
	iters: 2100, epoch: 7 | loss: 0.0933556
	speed: 0.0040s/iter; left time: 88.4674s
	iters: 2200, epoch: 7 | loss: 0.1031069
	speed: 0.0046s/iter; left time: 102.1973s
	iters: 2300, epoch: 7 | loss: 0.1087771
	speed: 0.0044s/iter; left time: 96.7812s
	iters: 2400, epoch: 7 | loss: 0.1273612
	speed: 0.0042s/iter; left time: 91.8374s
	iters: 2500, epoch: 7 | loss: 0.0900305
	speed: 0.0043s/iter; left time: 93.2336s
	iters: 2600, epoch: 7 | loss: 0.3456531
	speed: 0.0043s/iter; left time: 94.1193s
	iters: 2700, epoch: 7 | loss: 0.0562364
	speed: 0.0046s/iter; left time: 99.2979s
	iters: 2800, epoch: 7 | loss: 0.0701637
	speed: 0.0038s/iter; left time: 81.3366s
	iters: 2900, epoch: 7 | loss: 0.2740988
	speed: 0.0040s/iter; left time: 85.3198s
	iters: 3000, epoch: 7 | loss: 0.7252039
	speed: 0.0042s/iter; left time: 89.6683s
	iters: 3100, epoch: 7 | loss: 0.1879333
	speed: 0.0042s/iter; left time: 88.9690s
	iters: 3200, epoch: 7 | loss: 0.1042703
	speed: 0.0046s/iter; left time: 97.4546s
	iters: 3300, epoch: 7 | loss: 0.1328341
	speed: 0.0040s/iter; left time: 84.7232s
	iters: 3400, epoch: 7 | loss: 0.0685929
	speed: 0.0039s/iter; left time: 81.5166s
	iters: 3500, epoch: 7 | loss: 0.3861662
	speed: 0.0045s/iter; left time: 93.4114s
	iters: 3600, epoch: 7 | loss: 0.1087368
	speed: 0.0043s/iter; left time: 89.5154s
	iters: 3700, epoch: 7 | loss: 0.0638696
	speed: 0.0047s/iter; left time: 96.3092s
	iters: 3800, epoch: 7 | loss: 0.0680105
	speed: 0.0042s/iter; left time: 85.0799s
	iters: 3900, epoch: 7 | loss: 0.0828629
	speed: 0.0041s/iter; left time: 84.1902s
	iters: 4000, epoch: 7 | loss: 0.0570232
	speed: 0.0046s/iter; left time: 94.1111s
	iters: 4100, epoch: 7 | loss: 0.2593038
	speed: 0.0040s/iter; left time: 81.4699s
	iters: 4200, epoch: 7 | loss: 0.6741591
	speed: 0.0047s/iter; left time: 93.5172s
	iters: 4300, epoch: 7 | loss: 0.0593334
	speed: 0.0044s/iter; left time: 87.1032s
	iters: 4400, epoch: 7 | loss: 0.2439624
	speed: 0.0043s/iter; left time: 85.5475s
	iters: 4500, epoch: 7 | loss: 0.1258727
	speed: 0.0045s/iter; left time: 89.7788s
	iters: 4600, epoch: 7 | loss: 0.0986807
	speed: 0.0042s/iter; left time: 82.1823s
	iters: 4700, epoch: 7 | loss: 0.1116996
	speed: 0.0041s/iter; left time: 80.3909s
	iters: 4800, epoch: 7 | loss: 0.0901136
	speed: 0.0045s/iter; left time: 87.1306s
	iters: 4900, epoch: 7 | loss: 0.0776166
	speed: 0.0044s/iter; left time: 86.0571s
	iters: 5000, epoch: 7 | loss: 0.1047576
	speed: 0.0046s/iter; left time: 88.5470s
	iters: 5100, epoch: 7 | loss: 0.2137487
	speed: 0.0044s/iter; left time: 83.6230s
	iters: 5200, epoch: 7 | loss: 0.0969690
	speed: 0.0046s/iter; left time: 87.6370s
	iters: 5300, epoch: 7 | loss: 0.0965597
	speed: 0.0044s/iter; left time: 83.4064s
	iters: 5400, epoch: 7 | loss: 0.1727028
	speed: 0.0044s/iter; left time: 82.3418s
	iters: 5500, epoch: 7 | loss: 0.2163677
	speed: 0.0046s/iter; left time: 86.2384s
	iters: 5600, epoch: 7 | loss: 0.0872054
	speed: 0.0041s/iter; left time: 75.8771s
	iters: 5700, epoch: 7 | loss: 0.3554926
	speed: 0.0043s/iter; left time: 80.1767s
	iters: 5800, epoch: 7 | loss: 0.1516252
	speed: 0.0043s/iter; left time: 80.0654s
	iters: 5900, epoch: 7 | loss: 0.4488227
	speed: 0.0043s/iter; left time: 78.6563s
	iters: 6000, epoch: 7 | loss: 0.1235754
	speed: 0.0046s/iter; left time: 84.2920s
Epoch: 7 cost time: 28.047927618026733
Epoch: 7, Steps: 6073 | Train Loss: 0.1602290 Vali Loss: 0.1614347 Test Loss: 0.1208466
EarlyStopping counter: 3 out of 3
Early stopping
>>>>>>>testing : Exchange_96_96_DLinear_custom_ftM_sl96_ll48_pl96_dm512_nh8_el2_dl1_df2048_fc1_ebtimeF_dtTrue_Exp_0<<<<<<<<<<<<<<<<<<<<<<<<<<<<<<<<<
test 13841
INFO: Trainable parameter count: 0.01M
INFO: Trainable parameter count: 0.01M
INFO: Trainable parameter count: 0.02M
INFO: Trainable parameter count: 0.02M
Model(
  18.62 k, 100.000% Params, 130.06 KMac, 100.000% MACs, 
  (decompsition): series_decomp(
    0, 0.000% Params, 840.0 Mac, 0.646% MACs, 
    (moving_avg): moving_avg(
      0, 0.000% Params, 840.0 Mac, 0.646% MACs, 
      (avg): AvgPool1d(0, 0.000% Params, 840.0 Mac, 0.646% MACs, kernel_size=(25,), stride=(1,), padding=(0,))
    )
  )
  (Linear_Seasonal): Linear(9.31 k, 50.000% Params, 64.61 KMac, 49.677% MACs, in_features=96, out_features=96, bias=True)
  (Linear_Trend): Linear(9.31 k, 50.000% Params, 64.61 KMac, 49.677% MACs, in_features=96, out_features=96, bias=True)
)
Computational complexity:       130.06 KMac
Number of parameters:           18.62 k 
mse:0.12076602131128311, mae:0.23550717532634735
