Args in experiment:
Namespace(is_training=1, model_id='electricity_96_720', model='Informer', data='custom', root_path='./dataset/', data_path='electricity.csv', features='M', target='OT', freq='h', checkpoints='./checkpoints/', seq_len=96, label_len=48, pred_len=720, individual=False, embed_type=0, enc_in=321, dec_in=321, c_out=321, d_model=512, n_heads=8, e_layers=2, d_layers=1, d_ff=2048, moving_avg=25, factor=3, distil=True, dropout=0.05, embed='timeF', activation='gelu', output_attention=False, do_predict=False, num_workers=10, itr=1, train_epochs=10, batch_size=32, patience=3, learning_rate=0.0001, des='Exp', loss='mse', lradj='type1', use_amp=False, use_gpu=True, gpu=1, use_multi_gpu=False, devices='0,1,2,3', test_flop=False)
Use GPU: cuda:1
>>>>>>>start training : electricity_96_720_Informer_custom_ftM_sl96_ll48_pl720_dm512_nh8_el2_dl1_df2048_fc3_ebtimeF_dtTrue_Exp_0>>>>>>>>>>>>>>>>>>>>>>>>>>
train 17597
val 1913
test 4541
	iters: 100, epoch: 1 | loss: 0.8650661
	speed: 0.2047s/iter; left time: 1103.5875s
	iters: 200, epoch: 1 | loss: 0.8160181
	speed: 0.1417s/iter; left time: 749.7367s
	iters: 300, epoch: 1 | loss: 0.8248097
	speed: 0.1398s/iter; left time: 725.5849s
	iters: 400, epoch: 1 | loss: 0.7697707
	speed: 0.1381s/iter; left time: 702.9309s
	iters: 500, epoch: 1 | loss: 0.7370564
	speed: 0.1398s/iter; left time: 697.9322s
Epoch: 1 cost time: 83.03960156440735
Epoch: 1, Steps: 549 | Train Loss: 0.8218532 Vali Loss: 0.7759627 Test Loss: 0.9046312
Validation loss decreased (inf --> 0.775963).  Saving model ...
Updating learning rate to 0.0001
	iters: 100, epoch: 2 | loss: 0.7361782
	speed: 0.4653s/iter; left time: 2252.8186s
	iters: 200, epoch: 2 | loss: 0.7199509
	speed: 0.1375s/iter; left time: 652.0744s
	iters: 300, epoch: 2 | loss: 0.7128248
	speed: 0.1386s/iter; left time: 643.1496s
	iters: 400, epoch: 2 | loss: 0.6185834
	speed: 0.1401s/iter; left time: 636.3617s
	iters: 500, epoch: 2 | loss: 0.6203206
	speed: 0.1387s/iter; left time: 615.9129s
Epoch: 2 cost time: 78.74523591995239
Epoch: 2, Steps: 549 | Train Loss: 0.6840440 Vali Loss: 0.5812404 Test Loss: 0.6785586
Validation loss decreased (0.775963 --> 0.581240).  Saving model ...
Updating learning rate to 5e-05
	iters: 100, epoch: 3 | loss: 0.3580434
	speed: 0.4802s/iter; left time: 2061.5325s
	iters: 200, epoch: 3 | loss: 0.3060157
	speed: 0.1401s/iter; left time: 587.3300s
	iters: 300, epoch: 3 | loss: 0.2775327
	speed: 0.1362s/iter; left time: 557.5085s
	iters: 400, epoch: 3 | loss: 0.2554382
	speed: 0.1383s/iter; left time: 552.2723s
	iters: 500, epoch: 3 | loss: 0.2620734
	speed: 0.1382s/iter; left time: 537.9524s
Epoch: 3 cost time: 78.32719111442566
Epoch: 3, Steps: 549 | Train Loss: 0.3100483 Vali Loss: 0.3488450 Test Loss: 0.4147777
Validation loss decreased (0.581240 --> 0.348845).  Saving model ...
Updating learning rate to 2.5e-05
	iters: 100, epoch: 4 | loss: 0.2398320
	speed: 0.4854s/iter; left time: 1817.2753s
	iters: 200, epoch: 4 | loss: 0.2464505
	speed: 0.1390s/iter; left time: 506.4339s
	iters: 300, epoch: 4 | loss: 0.2406033
	speed: 0.1386s/iter; left time: 491.1214s
	iters: 400, epoch: 4 | loss: 0.2384348
	speed: 0.1392s/iter; left time: 479.5112s
	iters: 500, epoch: 4 | loss: 0.2252227
	speed: 0.1348s/iter; left time: 450.7953s
Epoch: 4 cost time: 78.20695376396179
Epoch: 4, Steps: 549 | Train Loss: 0.2389294 Vali Loss: 0.3452033 Test Loss: 0.4067387
Validation loss decreased (0.348845 --> 0.345203).  Saving model ...
Updating learning rate to 1.25e-05
	iters: 100, epoch: 5 | loss: 0.2449985
	speed: 0.4979s/iter; left time: 1590.8787s
	iters: 200, epoch: 5 | loss: 0.2216641
	speed: 0.1367s/iter; left time: 423.0058s
	iters: 300, epoch: 5 | loss: 0.2221766
	speed: 0.1343s/iter; left time: 402.3304s
	iters: 400, epoch: 5 | loss: 0.2240093
	speed: 0.1378s/iter; left time: 399.0189s
	iters: 500, epoch: 5 | loss: 0.2312054
	speed: 0.1390s/iter; left time: 388.6300s
Epoch: 5 cost time: 78.3817081451416
Epoch: 5, Steps: 549 | Train Loss: 0.2237536 Vali Loss: 0.3402390 Test Loss: 0.3960465
Validation loss decreased (0.345203 --> 0.340239).  Saving model ...
Updating learning rate to 6.25e-06
	iters: 100, epoch: 6 | loss: 0.2398238
	speed: 0.4929s/iter; left time: 1304.2301s
	iters: 200, epoch: 6 | loss: 0.2083239
	speed: 0.1364s/iter; left time: 347.3908s
	iters: 300, epoch: 6 | loss: 0.2183546
	speed: 0.1377s/iter; left time: 336.7667s
	iters: 400, epoch: 6 | loss: 0.2250457
	speed: 0.1372s/iter; left time: 321.8214s
	iters: 500, epoch: 6 | loss: 0.2266667
	speed: 0.1390s/iter; left time: 312.2762s
Epoch: 6 cost time: 78.32306671142578
Epoch: 6, Steps: 549 | Train Loss: 0.2171334 Vali Loss: 0.3347988 Test Loss: 0.3936300
Validation loss decreased (0.340239 --> 0.334799).  Saving model ...
Updating learning rate to 3.125e-06
	iters: 100, epoch: 7 | loss: 0.2083380
	speed: 0.4965s/iter; left time: 1041.1785s
	iters: 200, epoch: 7 | loss: 0.2126937
	speed: 0.1399s/iter; left time: 279.3841s
	iters: 300, epoch: 7 | loss: 0.2131308
	speed: 0.1393s/iter; left time: 264.3104s
	iters: 400, epoch: 7 | loss: 0.2055291
	speed: 0.1378s/iter; left time: 247.6170s
	iters: 500, epoch: 7 | loss: 0.2189855
	speed: 0.1384s/iter; left time: 234.9463s
Epoch: 7 cost time: 79.05088639259338
Epoch: 7, Steps: 549 | Train Loss: 0.2142968 Vali Loss: 0.3350358 Test Loss: 0.3937295
EarlyStopping counter: 1 out of 3
Updating learning rate to 1.5625e-06
	iters: 100, epoch: 8 | loss: 0.2022552
	speed: 0.4847s/iter; left time: 750.2847s
	iters: 200, epoch: 8 | loss: 0.2179519
	speed: 0.1394s/iter; left time: 201.7857s
	iters: 300, epoch: 8 | loss: 0.2126006
	speed: 0.1399s/iter; left time: 188.5830s
	iters: 400, epoch: 8 | loss: 0.2183506
	speed: 0.1366s/iter; left time: 170.4640s
	iters: 500, epoch: 8 | loss: 0.2065077
	speed: 0.1363s/iter; left time: 156.4467s
Epoch: 8 cost time: 78.342857837677
Epoch: 8, Steps: 549 | Train Loss: 0.2127481 Vali Loss: 0.3327845 Test Loss: 0.3928278
Validation loss decreased (0.334799 --> 0.332785).  Saving model ...
Updating learning rate to 7.8125e-07
	iters: 100, epoch: 9 | loss: 0.2067133
	speed: 0.5035s/iter; left time: 502.9760s
	iters: 200, epoch: 9 | loss: 0.2092014
	speed: 0.1408s/iter; left time: 126.6138s
	iters: 300, epoch: 9 | loss: 0.2106017
	speed: 0.1386s/iter; left time: 110.7811s
	iters: 400, epoch: 9 | loss: 0.2143738
	speed: 0.1397s/iter; left time: 97.6488s
	iters: 500, epoch: 9 | loss: 0.2067049
	speed: 0.1339s/iter; left time: 80.1792s
Epoch: 9 cost time: 78.78237438201904
Epoch: 9, Steps: 549 | Train Loss: 0.2119388 Vali Loss: 0.3342807 Test Loss: 0.3929949
EarlyStopping counter: 1 out of 3
Updating learning rate to 3.90625e-07
	iters: 100, epoch: 10 | loss: 0.2085096
	speed: 0.4870s/iter; left time: 219.1724s
	iters: 200, epoch: 10 | loss: 0.2142777
	speed: 0.1381s/iter; left time: 48.3332s
	iters: 300, epoch: 10 | loss: 0.2055224
	speed: 0.1368s/iter; left time: 34.2033s
	iters: 400, epoch: 10 | loss: 0.2059269
	speed: 0.1374s/iter; left time: 20.6160s
	iters: 500, epoch: 10 | loss: 0.2078351
	speed: 0.1378s/iter; left time: 6.8913s
Epoch: 10 cost time: 78.23607444763184
Epoch: 10, Steps: 549 | Train Loss: 0.2115313 Vali Loss: 0.3344306 Test Loss: 0.3933088
EarlyStopping counter: 2 out of 3
Updating learning rate to 1.953125e-07
>>>>>>>testing : electricity_96_720_Informer_custom_ftM_sl96_ll48_pl720_dm512_nh8_el2_dl1_df2048_fc3_ebtimeF_dtTrue_Exp_0<<<<<<<<<<<<<<<<<<<<<<<<<<<<<<<<<
test 4541
mse:0.3928791284561157, mae:0.455644816160202
