Args in experiment:
Namespace(is_training=1, model_id='ETTh1_96_720', model='Informer', data='ETTh1', root_path='./dataset/', data_path='ETTh1.csv', features='M', target='OT', freq='h', checkpoints='./checkpoints/', seq_len=96, label_len=48, pred_len=720, individual=False, embed_type=0, enc_in=7, dec_in=7, c_out=7, d_model=512, n_heads=8, e_layers=2, d_layers=1, d_ff=2048, moving_avg=25, factor=3, distil=True, dropout=0.05, embed='timeF', activation='gelu', output_attention=False, do_predict=False, num_workers=10, itr=1, train_epochs=10, batch_size=32, patience=3, learning_rate=0.0001, des='Exp', loss='mse', lradj='type1', use_amp=False, use_gpu=True, gpu=2, use_multi_gpu=False, devices='0,1,2,3', test_flop=False)
Use GPU: cuda:2
>>>>>>>start training : ETTh1_96_720_Informer_ETTh1_ftM_sl96_ll48_pl720_dm512_nh8_el2_dl1_df2048_fc3_ebtimeF_dtTrue_Exp_0>>>>>>>>>>>>>>>>>>>>>>>>>>
train 7825
val 2161
test 2161
	iters: 100, epoch: 1 | loss: 0.5203405
	speed: 0.1664s/iter; left time: 389.5914s
	iters: 200, epoch: 1 | loss: 0.5587538
	speed: 0.0956s/iter; left time: 214.2583s
Epoch: 1 cost time: 30.397669792175293
Epoch: 1, Steps: 244 | Train Loss: 0.5730347 Vali Loss: 1.7170012 Test Loss: 1.1758846
Validation loss decreased (inf --> 1.717001).  Saving model ...
Updating learning rate to 0.0001
	iters: 100, epoch: 2 | loss: 0.5068298
	speed: 0.2503s/iter; left time: 524.9540s
	iters: 200, epoch: 2 | loss: 0.4798060
	speed: 0.0979s/iter; left time: 195.4814s
Epoch: 2 cost time: 25.663389921188354
Epoch: 2, Steps: 244 | Train Loss: 0.4952681 Vali Loss: 1.6727420 Test Loss: 1.1776392
Validation loss decreased (1.717001 --> 1.672742).  Saving model ...
Updating learning rate to 5e-05
	iters: 100, epoch: 3 | loss: 0.4659707
	speed: 0.2513s/iter; left time: 465.7280s
	iters: 200, epoch: 3 | loss: 0.4881069
	speed: 0.0958s/iter; left time: 167.8855s
Epoch: 3 cost time: 25.16430425643921
Epoch: 3, Steps: 244 | Train Loss: 0.4605539 Vali Loss: 1.6627775 Test Loss: 1.1626952
Validation loss decreased (1.672742 --> 1.662778).  Saving model ...
Updating learning rate to 2.5e-05
	iters: 100, epoch: 4 | loss: 0.4559711
	speed: 0.2542s/iter; left time: 408.9300s
	iters: 200, epoch: 4 | loss: 0.4225348
	speed: 0.0985s/iter; left time: 148.6188s
Epoch: 4 cost time: 25.663940906524658
Epoch: 4, Steps: 244 | Train Loss: 0.4481832 Vali Loss: 1.6775960 Test Loss: 1.1898063
EarlyStopping counter: 1 out of 3
Updating learning rate to 1.25e-05
	iters: 100, epoch: 5 | loss: 0.4225170
	speed: 0.2561s/iter; left time: 349.5490s
	iters: 200, epoch: 5 | loss: 0.4469317
	speed: 0.0968s/iter; left time: 122.4778s
Epoch: 5 cost time: 25.393997192382812
Epoch: 5, Steps: 244 | Train Loss: 0.4419425 Vali Loss: 1.6730746 Test Loss: 1.1874032
EarlyStopping counter: 2 out of 3
Updating learning rate to 6.25e-06
	iters: 100, epoch: 6 | loss: 0.3994555
	speed: 0.2551s/iter; left time: 285.9201s
	iters: 200, epoch: 6 | loss: 0.4246239
	speed: 0.0998s/iter; left time: 101.8532s
Epoch: 6 cost time: 26.080162525177002
Epoch: 6, Steps: 244 | Train Loss: 0.4385834 Vali Loss: 1.6769168 Test Loss: 1.2070388
EarlyStopping counter: 3 out of 3
Early stopping
>>>>>>>testing : ETTh1_96_720_Informer_ETTh1_ftM_sl96_ll48_pl720_dm512_nh8_el2_dl1_df2048_fc3_ebtimeF_dtTrue_Exp_0<<<<<<<<<<<<<<<<<<<<<<<<<<<<<<<<<
test 2161
mse:1.162514567375183, mae:0.85227370262146
