Args in experiment:
Namespace(is_training=1, model_id='traffic_96_192', model='Informer', data='custom', root_path='./dataset/', data_path='traffic.csv', features='M', target='OT', freq='h', checkpoints='./checkpoints/', seq_len=96, label_len=48, pred_len=192, individual=False, embed_type=0, enc_in=862, dec_in=862, c_out=862, d_model=512, n_heads=8, e_layers=2, d_layers=1, d_ff=2048, moving_avg=25, factor=3, distil=True, dropout=0.05, embed='timeF', activation='gelu', output_attention=False, do_predict=False, num_workers=10, itr=1, train_epochs=3, batch_size=32, patience=3, learning_rate=0.0001, des='Exp', loss='mse', lradj='type1', use_amp=False, use_gpu=True, gpu=8, use_multi_gpu=False, devices='0,1,2,3', test_flop=False)
Use GPU: cuda:8
>>>>>>>start training : traffic_96_192_Informer_custom_ftM_sl96_ll48_pl192_dm512_nh8_el2_dl1_df2048_fc3_ebtimeF_dtTrue_Exp_0>>>>>>>>>>>>>>>>>>>>>>>>>>
train 11993
val 1565
test 3317
	iters: 100, epoch: 1 | loss: 0.8692067
	speed: 0.1645s/iter; left time: 168.2439s
	iters: 200, epoch: 1 | loss: 0.8122876
	speed: 0.1020s/iter; left time: 94.1040s
	iters: 300, epoch: 1 | loss: 0.7645879
	speed: 0.1005s/iter; left time: 82.7044s
Epoch: 1 cost time: 44.051432609558105
Epoch: 1, Steps: 374 | Train Loss: 0.8403563 Vali Loss: 1.0725168 Test Loss: 1.2456572
Validation loss decreased (inf --> 1.072517).  Saving model ...
Updating learning rate to 0.0001
	iters: 100, epoch: 2 | loss: 0.5400776
	speed: 0.3627s/iter; left time: 235.4235s
	iters: 200, epoch: 2 | loss: 0.4644896
	speed: 0.0996s/iter; left time: 54.6615s
	iters: 300, epoch: 2 | loss: 0.3987121
	speed: 0.1029s/iter; left time: 46.1871s
Epoch: 2 cost time: 39.758508920669556
Epoch: 2, Steps: 374 | Train Loss: 0.4934175 Vali Loss: 0.7131062 Test Loss: 0.8613485
Validation loss decreased (1.072517 --> 0.713106).  Saving model ...
Updating learning rate to 5e-05
	iters: 100, epoch: 3 | loss: 0.3314500
	speed: 0.3658s/iter; left time: 100.5866s
	iters: 200, epoch: 3 | loss: 0.3097886
	speed: 0.0965s/iter; left time: 16.8824s
	iters: 300, epoch: 3 | loss: 0.3094463
	speed: 0.0979s/iter; left time: 7.3411s
Epoch: 3 cost time: 39.00022625923157
Epoch: 3, Steps: 374 | Train Loss: 0.3162862 Vali Loss: 0.6610075 Test Loss: 0.7962402
Validation loss decreased (0.713106 --> 0.661007).  Saving model ...
Updating learning rate to 2.5e-05
>>>>>>>testing : traffic_96_192_Informer_custom_ftM_sl96_ll48_pl192_dm512_nh8_el2_dl1_df2048_fc3_ebtimeF_dtTrue_Exp_0<<<<<<<<<<<<<<<<<<<<<<<<<<<<<<<<<
test 3317
mse:0.7961834669113159, mae:0.4439007043838501
