Args in experiment:
Namespace(is_training=1, model_id='ili_36_60', model='Informer', data='custom', root_path='./dataset/', data_path='national_illness.csv', features='M', target='OT', freq='h', checkpoints='./checkpoints/', seq_len=36, label_len=18, pred_len=60, individual=False, embed_type=0, enc_in=7, dec_in=7, c_out=7, d_model=512, n_heads=8, e_layers=2, d_layers=1, d_ff=2048, moving_avg=25, factor=3, distil=True, dropout=0.05, embed='timeF', activation='gelu', output_attention=False, do_predict=False, num_workers=10, itr=1, train_epochs=10, batch_size=32, patience=3, learning_rate=0.0001, des='Exp', loss='mse', lradj='type1', use_amp=False, use_gpu=True, gpu=7, use_multi_gpu=False, devices='0,1,2,3', test_flop=False)
Use GPU: cuda:7
>>>>>>>start training : ili_36_60_Informer_custom_ftM_sl36_ll18_pl60_dm512_nh8_el2_dl1_df2048_fc3_ebtimeF_dtTrue_Exp_0>>>>>>>>>>>>>>>>>>>>>>>>>>
train 581
val 38
test 134
Epoch: 1 cost time: 7.911597490310669
Epoch: 1, Steps: 18 | Train Loss: 0.7991601 Vali Loss: 0.4633174 Test Loss: 4.9982047
Validation loss decreased (inf --> 0.463317).  Saving model ...
Updating learning rate to 0.0001
Epoch: 2 cost time: 3.0938572883605957
Epoch: 2, Steps: 18 | Train Loss: 0.5295094 Vali Loss: 0.3422495 Test Loss: 5.0865126
Validation loss decreased (0.463317 --> 0.342249).  Saving model ...
Updating learning rate to 5e-05
Epoch: 3 cost time: 2.586207628250122
Epoch: 3, Steps: 18 | Train Loss: 0.4323774 Vali Loss: 0.2877300 Test Loss: 5.3100662
Validation loss decreased (0.342249 --> 0.287730).  Saving model ...
Updating learning rate to 2.5e-05
Epoch: 4 cost time: 2.5997071266174316
Epoch: 4, Steps: 18 | Train Loss: 0.3954090 Vali Loss: 0.2718714 Test Loss: 5.3804808
Validation loss decreased (0.287730 --> 0.271871).  Saving model ...
Updating learning rate to 1.25e-05
Epoch: 5 cost time: 2.7564857006073
Epoch: 5, Steps: 18 | Train Loss: 0.3772331 Vali Loss: 0.2932293 Test Loss: 5.1594658
EarlyStopping counter: 1 out of 3
Updating learning rate to 6.25e-06
Epoch: 6 cost time: 2.7389771938323975
Epoch: 6, Steps: 18 | Train Loss: 0.3723610 Vali Loss: 0.2764967 Test Loss: 5.3419981
EarlyStopping counter: 2 out of 3
Updating learning rate to 3.125e-06
Epoch: 7 cost time: 2.928140640258789
Epoch: 7, Steps: 18 | Train Loss: 0.3648374 Vali Loss: 0.2710712 Test Loss: 5.2712431
Validation loss decreased (0.271871 --> 0.271071).  Saving model ...
Updating learning rate to 1.5625e-06
Epoch: 8 cost time: 2.7546401023864746
Epoch: 8, Steps: 18 | Train Loss: 0.3621054 Vali Loss: 0.2787094 Test Loss: 5.2447591
EarlyStopping counter: 1 out of 3
Updating learning rate to 7.8125e-07
Epoch: 9 cost time: 2.78590726852417
Epoch: 9, Steps: 18 | Train Loss: 0.3572692 Vali Loss: 0.2568557 Test Loss: 5.2531471
Validation loss decreased (0.271071 --> 0.256856).  Saving model ...
Updating learning rate to 3.90625e-07
Epoch: 10 cost time: 2.83097767829895
Epoch: 10, Steps: 18 | Train Loss: 0.3587953 Vali Loss: 0.2753158 Test Loss: 5.2749376
EarlyStopping counter: 1 out of 3
Updating learning rate to 1.953125e-07
>>>>>>>testing : ili_36_60_Informer_custom_ftM_sl36_ll18_pl60_dm512_nh8_el2_dl1_df2048_fc3_ebtimeF_dtTrue_Exp_0<<<<<<<<<<<<<<<<<<<<<<<<<<<<<<<<<
test 134
mse:5.241621494293213, mae:1.5835344791412354
