Args in experiment:
Namespace(is_training=1, model_id='ili_36_48', model='Informer', data='custom', root_path='./dataset/', data_path='national_illness.csv', features='M', target='OT', freq='h', checkpoints='./checkpoints/', seq_len=36, label_len=18, pred_len=48, individual=False, embed_type=0, enc_in=7, dec_in=7, c_out=7, d_model=512, n_heads=8, e_layers=2, d_layers=1, d_ff=2048, moving_avg=25, factor=3, distil=True, dropout=0.05, embed='timeF', activation='gelu', output_attention=False, do_predict=False, num_workers=10, itr=1, train_epochs=10, batch_size=32, patience=3, learning_rate=0.0001, des='Exp', loss='mse', lradj='type1', use_amp=False, use_gpu=True, gpu=7, use_multi_gpu=False, devices='0,1,2,3', test_flop=False)
Use GPU: cuda:7
>>>>>>>start training : ili_36_48_Informer_custom_ftM_sl36_ll18_pl48_dm512_nh8_el2_dl1_df2048_fc3_ebtimeF_dtTrue_Exp_0>>>>>>>>>>>>>>>>>>>>>>>>>>
train 593
val 50
test 146
Epoch: 1 cost time: 7.564311742782593
Epoch: 1, Steps: 18 | Train Loss: 0.7855978 Vali Loss: 0.4839147 Test Loss: 4.4782915
Validation loss decreased (inf --> 0.483915).  Saving model ...
Updating learning rate to 0.0001
Epoch: 2 cost time: 2.593731641769409
Epoch: 2, Steps: 18 | Train Loss: 0.5105099 Vali Loss: 0.3729680 Test Loss: 4.6987062
Validation loss decreased (0.483915 --> 0.372968).  Saving model ...
Updating learning rate to 5e-05
Epoch: 3 cost time: 2.864055871963501
Epoch: 3, Steps: 18 | Train Loss: 0.4101487 Vali Loss: 0.2510415 Test Loss: 5.0034728
Validation loss decreased (0.372968 --> 0.251041).  Saving model ...
Updating learning rate to 2.5e-05
Epoch: 4 cost time: 2.794440269470215
Epoch: 4, Steps: 18 | Train Loss: 0.3724805 Vali Loss: 0.2225006 Test Loss: 5.2229395
Validation loss decreased (0.251041 --> 0.222501).  Saving model ...
Updating learning rate to 1.25e-05
Epoch: 5 cost time: 2.813419818878174
Epoch: 5, Steps: 18 | Train Loss: 0.3563256 Vali Loss: 0.2439065 Test Loss: 5.0546064
EarlyStopping counter: 1 out of 3
Updating learning rate to 6.25e-06
Epoch: 6 cost time: 2.4344818592071533
Epoch: 6, Steps: 18 | Train Loss: 0.3464221 Vali Loss: 0.2242597 Test Loss: 5.1401663
EarlyStopping counter: 2 out of 3
Updating learning rate to 3.125e-06
Epoch: 7 cost time: 2.724170446395874
Epoch: 7, Steps: 18 | Train Loss: 0.3396171 Vali Loss: 0.2159120 Test Loss: 5.1338816
Validation loss decreased (0.222501 --> 0.215912).  Saving model ...
Updating learning rate to 1.5625e-06
Epoch: 8 cost time: 2.4831323623657227
Epoch: 8, Steps: 18 | Train Loss: 0.3389771 Vali Loss: 0.2307655 Test Loss: 5.0585632
EarlyStopping counter: 1 out of 3
Updating learning rate to 7.8125e-07
Epoch: 9 cost time: 2.517000436782837
Epoch: 9, Steps: 18 | Train Loss: 0.3338909 Vali Loss: 0.2380393 Test Loss: 5.0727062
EarlyStopping counter: 2 out of 3
Updating learning rate to 3.90625e-07
Epoch: 10 cost time: 3.0241599082946777
Epoch: 10, Steps: 18 | Train Loss: 0.3320458 Vali Loss: 0.2305319 Test Loss: 5.0697784
EarlyStopping counter: 3 out of 3
Early stopping
>>>>>>>testing : ili_36_48_Informer_custom_ftM_sl36_ll18_pl48_dm512_nh8_el2_dl1_df2048_fc3_ebtimeF_dtTrue_Exp_0<<<<<<<<<<<<<<<<<<<<<<<<<<<<<<<<<
test 146
mse:5.151569366455078, mae:1.5726121664047241
