Args in experiment:
Namespace(is_training=1, model_id='ETTm1_96_96', model='Informer', data='ETTm1', root_path='./dataset/', data_path='ETTm1.csv', features='M', target='OT', freq='h', checkpoints='./checkpoints/', seq_len=96, label_len=48, pred_len=96, individual=False, embed_type=0, enc_in=7, dec_in=7, c_out=7, d_model=512, n_heads=8, e_layers=2, d_layers=1, d_ff=2048, moving_avg=25, factor=3, distil=True, dropout=0.05, embed='timeF', activation='gelu', output_attention=False, do_predict=False, num_workers=10, itr=1, train_epochs=10, batch_size=32, patience=3, learning_rate=0.0001, des='Exp', loss='mse', lradj='type1', use_amp=False, use_gpu=True, gpu=4, use_multi_gpu=False, devices='0,1,2,3', test_flop=False)
Use GPU: cuda:4
>>>>>>>start training : ETTm1_96_96_Informer_ETTm1_ftM_sl96_ll48_pl96_dm512_nh8_el2_dl1_df2048_fc3_ebtimeF_dtTrue_Exp_0>>>>>>>>>>>>>>>>>>>>>>>>>>
train 34369
val 11425
test 11425
	iters: 100, epoch: 1 | loss: 0.4240935
	speed: 0.1054s/iter; left time: 1121.4443s
	iters: 200, epoch: 1 | loss: 0.3407907
	speed: 0.0424s/iter; left time: 447.0840s
	iters: 300, epoch: 1 | loss: 0.3534755
	speed: 0.0441s/iter; left time: 460.9401s
	iters: 400, epoch: 1 | loss: 0.2807594
	speed: 0.0427s/iter; left time: 441.7246s
	iters: 500, epoch: 1 | loss: 0.3690230
	speed: 0.0425s/iter; left time: 435.4652s
	iters: 600, epoch: 1 | loss: 0.2550679
	speed: 0.0456s/iter; left time: 462.3322s
	iters: 700, epoch: 1 | loss: 0.2988503
	speed: 0.0466s/iter; left time: 468.2903s
	iters: 800, epoch: 1 | loss: 0.2751911
	speed: 0.0460s/iter; left time: 457.2736s
	iters: 900, epoch: 1 | loss: 0.2241793
	speed: 0.0477s/iter; left time: 469.7752s
	iters: 1000, epoch: 1 | loss: 0.2990229
	speed: 0.0473s/iter; left time: 460.3306s
Epoch: 1 cost time: 54.66032266616821
Epoch: 1, Steps: 1074 | Train Loss: 0.3111590 Vali Loss: 0.6780712 Test Loss: 0.6302518
Validation loss decreased (inf --> 0.678071).  Saving model ...
Updating learning rate to 0.0001
	iters: 100, epoch: 2 | loss: 0.2617364
	speed: 0.2430s/iter; left time: 2325.1610s
	iters: 200, epoch: 2 | loss: 0.2312374
	speed: 0.0457s/iter; left time: 432.8714s
	iters: 300, epoch: 2 | loss: 0.2452611
	speed: 0.0469s/iter; left time: 439.3821s
	iters: 400, epoch: 2 | loss: 0.2264705
	speed: 0.0461s/iter; left time: 427.1201s
	iters: 500, epoch: 2 | loss: 0.2270412
	speed: 0.0469s/iter; left time: 430.1399s
	iters: 600, epoch: 2 | loss: 0.2271663
	speed: 0.0465s/iter; left time: 421.2950s
	iters: 700, epoch: 2 | loss: 0.2330791
	speed: 0.0467s/iter; left time: 418.8169s
	iters: 800, epoch: 2 | loss: 0.2162085
	speed: 0.0462s/iter; left time: 409.3464s
	iters: 900, epoch: 2 | loss: 0.1997501
	speed: 0.0465s/iter; left time: 407.4871s
	iters: 1000, epoch: 2 | loss: 0.2907608
	speed: 0.0473s/iter; left time: 409.8977s
Epoch: 2 cost time: 51.796886682510376
Epoch: 2, Steps: 1074 | Train Loss: 0.2284826 Vali Loss: 0.6965931 Test Loss: 0.6576908
EarlyStopping counter: 1 out of 3
Updating learning rate to 5e-05
	iters: 100, epoch: 3 | loss: 0.1834831
	speed: 0.2467s/iter; left time: 2094.8536s
	iters: 200, epoch: 3 | loss: 0.2133118
	speed: 0.0469s/iter; left time: 394.0009s
	iters: 300, epoch: 3 | loss: 0.1872939
	speed: 0.0460s/iter; left time: 381.7404s
	iters: 400, epoch: 3 | loss: 0.1954539
	speed: 0.0468s/iter; left time: 383.6485s
	iters: 500, epoch: 3 | loss: 0.1656696
	speed: 0.0468s/iter; left time: 378.3597s
	iters: 600, epoch: 3 | loss: 0.1552952
	speed: 0.0461s/iter; left time: 368.5469s
	iters: 700, epoch: 3 | loss: 0.1665257
	speed: 0.0459s/iter; left time: 362.4864s
	iters: 800, epoch: 3 | loss: 0.1828441
	speed: 0.0468s/iter; left time: 364.9569s
	iters: 900, epoch: 3 | loss: 0.1906444
	speed: 0.0470s/iter; left time: 361.8476s
	iters: 1000, epoch: 3 | loss: 0.1485797
	speed: 0.0474s/iter; left time: 360.1000s
Epoch: 3 cost time: 52.22501182556152
Epoch: 3, Steps: 1074 | Train Loss: 0.1833202 Vali Loss: 0.7638191 Test Loss: 0.7713643
EarlyStopping counter: 2 out of 3
Updating learning rate to 2.5e-05
	iters: 100, epoch: 4 | loss: 0.1343244
	speed: 0.2435s/iter; left time: 1806.2464s
	iters: 200, epoch: 4 | loss: 0.1673876
	speed: 0.0466s/iter; left time: 341.4301s
	iters: 300, epoch: 4 | loss: 0.1707721
	speed: 0.0467s/iter; left time: 336.7819s
	iters: 400, epoch: 4 | loss: 0.1365278
	speed: 0.0470s/iter; left time: 334.3011s
	iters: 500, epoch: 4 | loss: 0.1529853
	speed: 0.0470s/iter; left time: 329.9757s
	iters: 600, epoch: 4 | loss: 0.1524788
	speed: 0.0471s/iter; left time: 326.0772s
	iters: 700, epoch: 4 | loss: 0.1412230
	speed: 0.0471s/iter; left time: 321.0149s
	iters: 800, epoch: 4 | loss: 0.1330155
	speed: 0.0464s/iter; left time: 311.7419s
	iters: 900, epoch: 4 | loss: 0.1725679
	speed: 0.0474s/iter; left time: 313.8321s
	iters: 1000, epoch: 4 | loss: 0.1421761
	speed: 0.0462s/iter; left time: 301.4544s
Epoch: 4 cost time: 52.13181233406067
Epoch: 4, Steps: 1074 | Train Loss: 0.1569986 Vali Loss: 0.8105212 Test Loss: 0.7602563
EarlyStopping counter: 3 out of 3
Early stopping
>>>>>>>testing : ETTm1_96_96_Informer_ETTm1_ftM_sl96_ll48_pl96_dm512_nh8_el2_dl1_df2048_fc3_ebtimeF_dtTrue_Exp_0<<<<<<<<<<<<<<<<<<<<<<<<<<<<<<<<<
test 11425
mse:0.6302158832550049, mae:0.5597972273826599
