Args in experiment:
Namespace(is_training=1, model_id='weather_96_720', model='Informer', data='custom', root_path='./dataset/', data_path='weather.csv', features='M', target='OT', freq='h', checkpoints='./checkpoints/', seq_len=96, label_len=48, pred_len=720, individual=False, embed_type=0, enc_in=21, dec_in=21, c_out=21, d_model=512, n_heads=8, e_layers=2, d_layers=1, d_ff=2048, moving_avg=25, factor=3, distil=True, dropout=0.05, embed='timeF', activation='gelu', output_attention=False, do_predict=False, num_workers=10, itr=1, train_epochs=2, batch_size=32, patience=3, learning_rate=0.0001, des='Exp', loss='mse', lradj='type1', use_amp=False, use_gpu=True, gpu=9, use_multi_gpu=False, devices='0,1,2,3', test_flop=False)
Use GPU: cuda:9
>>>>>>>start training : weather_96_720_Informer_custom_ftM_sl96_ll48_pl720_dm512_nh8_el2_dl1_df2048_fc3_ebtimeF_dtTrue_Exp_0>>>>>>>>>>>>>>>>>>>>>>>>>>
train 36072
val 4551
test 9820
	iters: 100, epoch: 1 | loss: 0.5035501
	speed: 0.1595s/iter; left time: 343.8164s
	iters: 200, epoch: 1 | loss: 0.6514352
	speed: 0.0961s/iter; left time: 197.4348s
	iters: 300, epoch: 1 | loss: 0.4632073
	speed: 0.0975s/iter; left time: 190.6192s
	iters: 400, epoch: 1 | loss: 0.5182548
	speed: 0.0977s/iter; left time: 181.2877s
	iters: 500, epoch: 1 | loss: 0.4651090
	speed: 0.0973s/iter; left time: 170.7068s
	iters: 600, epoch: 1 | loss: 0.6928470
	speed: 0.0994s/iter; left time: 164.5116s
	iters: 700, epoch: 1 | loss: 0.3817530
	speed: 0.0981s/iter; left time: 152.5492s
	iters: 800, epoch: 1 | loss: 0.4594334
	speed: 0.0969s/iter; left time: 141.0354s
	iters: 900, epoch: 1 | loss: 0.4853804
	speed: 0.0992s/iter; left time: 134.4640s
	iters: 1000, epoch: 1 | loss: 0.5072250
	speed: 0.0986s/iter; left time: 123.7699s
	iters: 1100, epoch: 1 | loss: 0.4554343
	speed: 0.0970s/iter; left time: 112.0812s
Epoch: 1 cost time: 116.43055438995361
Epoch: 1, Steps: 1127 | Train Loss: 0.5193014 Vali Loss: 0.9536126 Test Loss: 1.4574018
Validation loss decreased (inf --> 0.953613).  Saving model ...
Updating learning rate to 0.0001
	iters: 100, epoch: 2 | loss: 0.4651494
	speed: 0.3944s/iter; left time: 405.3973s
	iters: 200, epoch: 2 | loss: 0.3659908
	speed: 0.0976s/iter; left time: 90.5658s
	iters: 300, epoch: 2 | loss: 0.2733626
	speed: 0.0973s/iter; left time: 80.5663s
	iters: 400, epoch: 2 | loss: 0.4758860
	speed: 0.0966s/iter; left time: 70.3408s
	iters: 500, epoch: 2 | loss: 0.3363775
	speed: 0.0965s/iter; left time: 60.6070s
	iters: 600, epoch: 2 | loss: 0.3308027
	speed: 0.0990s/iter; left time: 52.2508s
	iters: 700, epoch: 2 | loss: 0.6523848
	speed: 0.0999s/iter; left time: 42.7531s
	iters: 800, epoch: 2 | loss: 0.2657244
	speed: 0.0981s/iter; left time: 32.1829s
	iters: 900, epoch: 2 | loss: 0.2810314
	speed: 0.0984s/iter; left time: 22.4322s
	iters: 1000, epoch: 2 | loss: 0.2406782
	speed: 0.0992s/iter; left time: 12.6962s
	iters: 1100, epoch: 2 | loss: 0.3516231
	speed: 0.0983s/iter; left time: 2.7528s
Epoch: 2 cost time: 112.31631827354431
Epoch: 2, Steps: 1127 | Train Loss: 0.3826720 Vali Loss: 0.8290426 Test Loss: 1.1232409
Validation loss decreased (0.953613 --> 0.829043).  Saving model ...
Updating learning rate to 5e-05
>>>>>>>testing : weather_96_720_Informer_custom_ftM_sl96_ll48_pl720_dm512_nh8_el2_dl1_df2048_fc3_ebtimeF_dtTrue_Exp_0<<<<<<<<<<<<<<<<<<<<<<<<<<<<<<<<<
test 9820
mse:1.1232224702835083, mae:0.7745294570922852
