Args in experiment:
Namespace(is_training=1, model_id='traffic_96_720', model='Informer', data='custom', root_path='./dataset/', data_path='traffic.csv', features='M', target='OT', freq='h', checkpoints='./checkpoints/', seq_len=96, label_len=48, pred_len=720, individual=False, embed_type=0, enc_in=862, dec_in=862, c_out=862, d_model=512, n_heads=8, e_layers=2, d_layers=1, d_ff=2048, moving_avg=25, factor=3, distil=True, dropout=0.05, embed='timeF', activation='gelu', output_attention=False, do_predict=False, num_workers=10, itr=1, train_epochs=3, batch_size=32, patience=3, learning_rate=0.0001, des='Exp', loss='mse', lradj='type1', use_amp=False, use_gpu=True, gpu=8, use_multi_gpu=False, devices='0,1,2,3', test_flop=False)
Use GPU: cuda:8
>>>>>>>start training : traffic_96_720_Informer_custom_ftM_sl96_ll48_pl720_dm512_nh8_el2_dl1_df2048_fc3_ebtimeF_dtTrue_Exp_0>>>>>>>>>>>>>>>>>>>>>>>>>>
train 11465
val 1037
test 2789
	iters: 100, epoch: 1 | loss: 0.9719166
	speed: 0.2715s/iter; left time: 264.7574s
	iters: 200, epoch: 1 | loss: 0.9463528
	speed: 0.1960s/iter; left time: 171.4758s
	iters: 300, epoch: 1 | loss: 0.9308927
	speed: 0.2002s/iter; left time: 155.1566s
Epoch: 1 cost time: 78.63262391090393
Epoch: 1, Steps: 358 | Train Loss: 0.9580016 Vali Loss: 1.1835706 Test Loss: 1.4504404
Validation loss decreased (inf --> 1.183571).  Saving model ...
Updating learning rate to 0.0001
	iters: 100, epoch: 2 | loss: 0.9011514
	speed: 0.7062s/iter; left time: 435.7086s
	iters: 200, epoch: 2 | loss: 0.8878374
	speed: 0.1963s/iter; left time: 101.4770s
	iters: 300, epoch: 2 | loss: 0.9030771
	speed: 0.1951s/iter; left time: 81.3524s
Epoch: 2 cost time: 72.26549029350281
Epoch: 2, Steps: 358 | Train Loss: 0.8949642 Vali Loss: 1.1922578 Test Loss: 1.4248639
EarlyStopping counter: 1 out of 3
Updating learning rate to 5e-05
	iters: 100, epoch: 3 | loss: 0.7080010
	speed: 0.6740s/iter; left time: 174.5568s
	iters: 200, epoch: 3 | loss: 0.5509670
	speed: 0.1992s/iter; left time: 31.6714s
	iters: 300, epoch: 3 | loss: 0.4850560
	speed: 0.2033s/iter; left time: 11.9960s
Epoch: 3 cost time: 73.24696469306946
Epoch: 3, Steps: 358 | Train Loss: 0.6176234 Vali Loss: 0.8092483 Test Loss: 1.0238186
Validation loss decreased (1.183571 --> 0.809248).  Saving model ...
Updating learning rate to 2.5e-05
>>>>>>>testing : traffic_96_720_Informer_custom_ftM_sl96_ll48_pl720_dm512_nh8_el2_dl1_df2048_fc3_ebtimeF_dtTrue_Exp_0<<<<<<<<<<<<<<<<<<<<<<<<<<<<<<<<<
test 2789
mse:1.0238370895385742, mae:0.5803954601287842
