Args in experiment:
Namespace(is_training=1, model_id='traffic_96_336', model='Informer', data='custom', root_path='./dataset/', data_path='traffic.csv', features='M', target='OT', freq='h', checkpoints='./checkpoints/', seq_len=96, label_len=48, pred_len=336, individual=False, embed_type=0, enc_in=862, dec_in=862, c_out=862, d_model=512, n_heads=8, e_layers=2, d_layers=1, d_ff=2048, moving_avg=25, factor=3, distil=True, dropout=0.05, embed='timeF', activation='gelu', output_attention=False, do_predict=False, num_workers=10, itr=1, train_epochs=3, batch_size=32, patience=3, learning_rate=0.0001, des='Exp', loss='mse', lradj='type1', use_amp=False, use_gpu=True, gpu=8, use_multi_gpu=False, devices='0,1,2,3', test_flop=False)
Use GPU: cuda:8
>>>>>>>start training : traffic_96_336_Informer_custom_ftM_sl96_ll48_pl336_dm512_nh8_el2_dl1_df2048_fc3_ebtimeF_dtTrue_Exp_0>>>>>>>>>>>>>>>>>>>>>>>>>>
train 11849
val 1421
test 3173
	iters: 100, epoch: 1 | loss: 0.8960090
	speed: 0.1874s/iter; left time: 189.4502s
	iters: 200, epoch: 1 | loss: 0.9081870
	speed: 0.1363s/iter; left time: 124.2133s
	iters: 300, epoch: 1 | loss: 0.8521612
	speed: 0.1374s/iter; left time: 111.4366s
Epoch: 1 cost time: 55.572747468948364
Epoch: 1, Steps: 370 | Train Loss: 0.9074572 Vali Loss: 1.1353245 Test Loss: 1.3557001
Validation loss decreased (inf --> 1.135324).  Saving model ...
Updating learning rate to 0.0001
	iters: 100, epoch: 2 | loss: 0.7861484
	speed: 0.5349s/iter; left time: 342.8836s
	iters: 200, epoch: 2 | loss: 0.6684631
	speed: 0.1359s/iter; left time: 73.5185s
	iters: 300, epoch: 2 | loss: 0.4798673
	speed: 0.1463s/iter; left time: 64.4989s
Epoch: 2 cost time: 54.075366497039795
Epoch: 2, Steps: 370 | Train Loss: 0.6652032 Vali Loss: 0.7472084 Test Loss: 0.9543152
Validation loss decreased (1.135324 --> 0.747208).  Saving model ...
Updating learning rate to 5e-05
	iters: 100, epoch: 3 | loss: 0.4131582
	speed: 0.5000s/iter; left time: 135.4916s
	iters: 200, epoch: 3 | loss: 0.3746304
	speed: 0.1306s/iter; left time: 22.3252s
	iters: 300, epoch: 3 | loss: 0.3717811
	speed: 0.1300s/iter; left time: 9.2270s
Epoch: 3 cost time: 49.72675061225891
Epoch: 3, Steps: 370 | Train Loss: 0.3907122 Vali Loss: 0.6732576 Test Loss: 0.8566828
Validation loss decreased (0.747208 --> 0.673258).  Saving model ...
Updating learning rate to 2.5e-05
>>>>>>>testing : traffic_96_336_Informer_custom_ftM_sl96_ll48_pl336_dm512_nh8_el2_dl1_df2048_fc3_ebtimeF_dtTrue_Exp_0<<<<<<<<<<<<<<<<<<<<<<<<<<<<<<<<<
test 3173
mse:0.8566428422927856, mae:0.4829710125923157
