Args in experiment:
Namespace(is_training=1, model_id='ETTm2_96_720', model='Informer', data='ETTm2', root_path='./dataset/', data_path='ETTm2.csv', features='M', target='OT', freq='h', checkpoints='./checkpoints/', seq_len=96, label_len=48, pred_len=720, individual=False, embed_type=0, enc_in=7, dec_in=7, c_out=7, d_model=512, n_heads=8, e_layers=2, d_layers=1, d_ff=2048, moving_avg=25, factor=3, distil=True, dropout=0.05, embed='timeF', activation='gelu', output_attention=False, do_predict=False, num_workers=10, itr=1, train_epochs=10, batch_size=32, patience=3, learning_rate=0.0001, des='Exp', loss='mse', lradj='type1', use_amp=False, use_gpu=True, gpu=5, use_multi_gpu=False, devices='0,1,2,3', test_flop=False)
Use GPU: cuda:5
>>>>>>>start training : ETTm2_96_720_Informer_ETTm2_ftM_sl96_ll48_pl720_dm512_nh8_el2_dl1_df2048_fc3_ebtimeF_dtTrue_Exp_0>>>>>>>>>>>>>>>>>>>>>>>>>>
train 33745
val 10801
test 10801
	iters: 100, epoch: 1 | loss: 0.3110062
	speed: 0.1635s/iter; left time: 1707.3307s
	iters: 200, epoch: 1 | loss: 0.4620402
	speed: 0.0957s/iter; left time: 989.2280s
	iters: 300, epoch: 1 | loss: 0.3933228
	speed: 0.0942s/iter; left time: 964.3461s
	iters: 400, epoch: 1 | loss: 0.3112762
	speed: 0.0951s/iter; left time: 964.2425s
	iters: 500, epoch: 1 | loss: 0.4861022
	speed: 0.0957s/iter; left time: 960.7433s
	iters: 600, epoch: 1 | loss: 0.2813169
	speed: 0.0945s/iter; left time: 939.3034s
	iters: 700, epoch: 1 | loss: 0.2858747
	speed: 0.0953s/iter; left time: 937.3567s
	iters: 800, epoch: 1 | loss: 0.2602578
	speed: 0.0944s/iter; left time: 919.6632s
	iters: 900, epoch: 1 | loss: 0.1948129
	speed: 0.0956s/iter; left time: 922.1502s
	iters: 1000, epoch: 1 | loss: 0.3299255
	speed: 0.0959s/iter; left time: 914.7924s
Epoch: 1 cost time: 107.2910304069519
Epoch: 1, Steps: 1054 | Train Loss: 0.3232605 Vali Loss: 0.8557479 Test Loss: 3.9173145
Validation loss decreased (inf --> 0.855748).  Saving model ...
Updating learning rate to 0.0001
	iters: 100, epoch: 2 | loss: 0.2413631
	speed: 0.4847s/iter; left time: 4549.8504s
	iters: 200, epoch: 2 | loss: 0.2124064
	speed: 0.0980s/iter; left time: 910.2637s
	iters: 300, epoch: 2 | loss: 0.2262956
	speed: 0.0971s/iter; left time: 891.8866s
	iters: 400, epoch: 2 | loss: 0.2228604
	speed: 0.0966s/iter; left time: 878.2371s
	iters: 500, epoch: 2 | loss: 0.2284255
	speed: 0.0958s/iter; left time: 860.7753s
	iters: 600, epoch: 2 | loss: 0.1765957
	speed: 0.0965s/iter; left time: 857.3130s
	iters: 700, epoch: 2 | loss: 0.1903935
	speed: 0.0960s/iter; left time: 843.4049s
	iters: 800, epoch: 2 | loss: 0.2101785
	speed: 0.0955s/iter; left time: 829.4545s
	iters: 900, epoch: 2 | loss: 0.1713783
	speed: 0.0962s/iter; left time: 825.8223s
	iters: 1000, epoch: 2 | loss: 0.1900315
	speed: 0.0963s/iter; left time: 817.1861s
Epoch: 2 cost time: 103.73270845413208
Epoch: 2, Steps: 1054 | Train Loss: 0.2124319 Vali Loss: 1.1093917 Test Loss: 3.6493123
EarlyStopping counter: 1 out of 3
Updating learning rate to 5e-05
	iters: 100, epoch: 3 | loss: 0.1996109
	speed: 0.4784s/iter; left time: 3986.8891s
	iters: 200, epoch: 3 | loss: 0.1753006
	speed: 0.0968s/iter; left time: 797.2660s
	iters: 300, epoch: 3 | loss: 0.1516320
	speed: 0.0961s/iter; left time: 781.4619s
	iters: 400, epoch: 3 | loss: 0.1537680
	speed: 0.0981s/iter; left time: 787.7401s
	iters: 500, epoch: 3 | loss: 0.1699921
	speed: 0.0970s/iter; left time: 769.3883s
	iters: 600, epoch: 3 | loss: 0.1847123
	speed: 0.0965s/iter; left time: 756.1540s
	iters: 700, epoch: 3 | loss: 0.1637725
	speed: 0.0950s/iter; left time: 734.8194s
	iters: 800, epoch: 3 | loss: 0.1342460
	speed: 0.0951s/iter; left time: 725.6956s
	iters: 900, epoch: 3 | loss: 0.1630168
	speed: 0.0960s/iter; left time: 723.1829s
	iters: 1000, epoch: 3 | loss: 0.1476464
	speed: 0.0942s/iter; left time: 700.3666s
Epoch: 3 cost time: 103.30461263656616
Epoch: 3, Steps: 1054 | Train Loss: 0.1654917 Vali Loss: 1.1306446 Test Loss: 3.2743480
EarlyStopping counter: 2 out of 3
Updating learning rate to 2.5e-05
	iters: 100, epoch: 4 | loss: 0.1584256
	speed: 0.4809s/iter; left time: 3500.1784s
	iters: 200, epoch: 4 | loss: 0.1454113
	speed: 0.0959s/iter; left time: 688.5074s
	iters: 300, epoch: 4 | loss: 0.1431899
	speed: 0.0961s/iter; left time: 680.0149s
	iters: 400, epoch: 4 | loss: 0.1386300
	speed: 0.0943s/iter; left time: 658.0690s
	iters: 500, epoch: 4 | loss: 0.1449619
	speed: 0.0954s/iter; left time: 656.4650s
	iters: 600, epoch: 4 | loss: 0.1545078
	speed: 0.0959s/iter; left time: 650.4086s
	iters: 700, epoch: 4 | loss: 0.1416532
	speed: 0.0964s/iter; left time: 644.0426s
	iters: 800, epoch: 4 | loss: 0.1383091
	speed: 0.0967s/iter; left time: 635.9085s
	iters: 900, epoch: 4 | loss: 0.1345639
	speed: 0.0960s/iter; left time: 621.7245s
	iters: 1000, epoch: 4 | loss: 0.1415958
	speed: 0.0946s/iter; left time: 603.7656s
Epoch: 4 cost time: 102.71945929527283
Epoch: 4, Steps: 1054 | Train Loss: 0.1465388 Vali Loss: 1.1850477 Test Loss: 3.0910413
EarlyStopping counter: 3 out of 3
Early stopping
>>>>>>>testing : ETTm2_96_720_Informer_ETTm2_ftM_sl96_ll48_pl720_dm512_nh8_el2_dl1_df2048_fc3_ebtimeF_dtTrue_Exp_0<<<<<<<<<<<<<<<<<<<<<<<<<<<<<<<<<
test 10801
mse:3.91717791557312, mae:1.4651609659194946
