Args in experiment:
Namespace(is_training=1, model_id='ETTh1_96_336', model='Informer', data='ETTh1', root_path='./dataset/', data_path='ETTh1.csv', features='M', target='OT', freq='h', checkpoints='./checkpoints/', seq_len=96, label_len=48, pred_len=336, individual=False, embed_type=0, enc_in=7, dec_in=7, c_out=7, d_model=512, n_heads=8, e_layers=2, d_layers=1, d_ff=2048, moving_avg=25, factor=3, distil=True, dropout=0.05, embed='timeF', activation='gelu', output_attention=False, do_predict=False, num_workers=10, itr=1, train_epochs=10, batch_size=32, patience=3, learning_rate=0.0001, des='Exp', loss='mse', lradj='type1', use_amp=False, use_gpu=True, gpu=2, use_multi_gpu=False, devices='0,1,2,3', test_flop=False)
Use GPU: cuda:2
>>>>>>>start training : ETTh1_96_336_Informer_ETTh1_ftM_sl96_ll48_pl336_dm512_nh8_el2_dl1_df2048_fc3_ebtimeF_dtTrue_Exp_0>>>>>>>>>>>>>>>>>>>>>>>>>>
train 8209
val 2545
test 2545
	iters: 100, epoch: 1 | loss: 0.5863568
	speed: 0.1474s/iter; left time: 362.8400s
	iters: 200, epoch: 1 | loss: 0.5373867
	speed: 0.0683s/iter; left time: 161.1518s
Epoch: 1 cost time: 25.399692058563232
Epoch: 1, Steps: 256 | Train Loss: 0.5659203 Vali Loss: 1.6702464 Test Loss: 1.0392072
Validation loss decreased (inf --> 1.670246).  Saving model ...
Updating learning rate to 0.0001
	iters: 100, epoch: 2 | loss: 0.5301381
	speed: 0.2083s/iter; left time: 459.3752s
	iters: 200, epoch: 2 | loss: 0.4486967
	speed: 0.0708s/iter; left time: 148.9317s
Epoch: 2 cost time: 19.968568086624146
Epoch: 2, Steps: 256 | Train Loss: 0.4876009 Vali Loss: 1.6835284 Test Loss: 1.1458058
EarlyStopping counter: 1 out of 3
Updating learning rate to 5e-05
	iters: 100, epoch: 3 | loss: 0.4528847
	speed: 0.2081s/iter; left time: 405.5958s
	iters: 200, epoch: 3 | loss: 0.4619067
	speed: 0.0687s/iter; left time: 126.9536s
Epoch: 3 cost time: 19.146737813949585
Epoch: 3, Steps: 256 | Train Loss: 0.4465392 Vali Loss: 1.7334560 Test Loss: 1.2781980
EarlyStopping counter: 2 out of 3
Updating learning rate to 2.5e-05
	iters: 100, epoch: 4 | loss: 0.3860236
	speed: 0.2023s/iter; left time: 342.4172s
	iters: 200, epoch: 4 | loss: 0.4275495
	speed: 0.0678s/iter; left time: 108.0365s
Epoch: 4 cost time: 19.172648429870605
Epoch: 4, Steps: 256 | Train Loss: 0.4276585 Vali Loss: 1.7494738 Test Loss: 1.2307017
EarlyStopping counter: 3 out of 3
Early stopping
>>>>>>>testing : ETTh1_96_336_Informer_ETTh1_ftM_sl96_ll48_pl336_dm512_nh8_el2_dl1_df2048_fc3_ebtimeF_dtTrue_Exp_0<<<<<<<<<<<<<<<<<<<<<<<<<<<<<<<<<
test 2545
mse:1.0391719341278076, mae:0.7844535708427429
