Args in experiment:
Namespace(is_training=1, model_id='electricity_96_192', model='Informer', data='custom', root_path='./dataset/', data_path='electricity.csv', features='M', target='OT', freq='h', checkpoints='./checkpoints/', seq_len=96, label_len=48, pred_len=192, individual=False, embed_type=0, enc_in=321, dec_in=321, c_out=321, d_model=512, n_heads=8, e_layers=2, d_layers=1, d_ff=2048, moving_avg=25, factor=3, distil=True, dropout=0.05, embed='timeF', activation='gelu', output_attention=False, do_predict=False, num_workers=10, itr=1, train_epochs=10, batch_size=32, patience=3, learning_rate=0.0001, des='Exp', loss='mse', lradj='type1', use_amp=False, use_gpu=True, gpu=1, use_multi_gpu=False, devices='0,1,2,3', test_flop=False)
Use GPU: cuda:1
>>>>>>>start training : electricity_96_192_Informer_custom_ftM_sl96_ll48_pl192_dm512_nh8_el2_dl1_df2048_fc3_ebtimeF_dtTrue_Exp_0>>>>>>>>>>>>>>>>>>>>>>>>>>
train 18125
val 2441
test 5069
	iters: 100, epoch: 1 | loss: 0.7519765
	speed: 0.1360s/iter; left time: 756.3180s
	iters: 200, epoch: 1 | loss: 0.7354999
	speed: 0.0710s/iter; left time: 387.8460s
	iters: 300, epoch: 1 | loss: 0.5894947
	speed: 0.0771s/iter; left time: 413.0852s
	iters: 400, epoch: 1 | loss: 0.4778830
	speed: 0.0794s/iter; left time: 417.4871s
	iters: 500, epoch: 1 | loss: 0.3554239
	speed: 0.0793s/iter; left time: 409.1602s
Epoch: 1 cost time: 49.35929536819458
Epoch: 1, Steps: 566 | Train Loss: 0.6127352 Vali Loss: 0.3532664 Test Loss: 0.4169190
Validation loss decreased (inf --> 0.353266).  Saving model ...
Updating learning rate to 0.0001
	iters: 100, epoch: 2 | loss: 0.2579169
	speed: 0.3027s/iter; left time: 1512.2077s
	iters: 200, epoch: 2 | loss: 0.2253174
	speed: 0.0782s/iter; left time: 382.8862s
	iters: 300, epoch: 2 | loss: 0.2306039
	speed: 0.0780s/iter; left time: 373.9621s
	iters: 400, epoch: 2 | loss: 0.2204279
	speed: 0.0784s/iter; left time: 368.0512s
	iters: 500, epoch: 2 | loss: 0.2084628
	speed: 0.0769s/iter; left time: 353.4020s
Epoch: 2 cost time: 46.60417890548706
Epoch: 2, Steps: 566 | Train Loss: 0.2318679 Vali Loss: 0.2521685 Test Loss: 0.3445603
Validation loss decreased (0.353266 --> 0.252169).  Saving model ...
Updating learning rate to 5e-05
	iters: 100, epoch: 3 | loss: 0.1903720
	speed: 0.3109s/iter; left time: 1377.1760s
	iters: 200, epoch: 3 | loss: 0.2097235
	speed: 0.0788s/iter; left time: 341.0583s
	iters: 300, epoch: 3 | loss: 0.1951294
	speed: 0.0782s/iter; left time: 330.8805s
	iters: 400, epoch: 3 | loss: 0.1832035
	speed: 0.0776s/iter; left time: 320.3872s
	iters: 500, epoch: 3 | loss: 0.1880382
	speed: 0.0790s/iter; left time: 318.1789s
Epoch: 3 cost time: 46.838587522506714
Epoch: 3, Steps: 566 | Train Loss: 0.1902195 Vali Loss: 0.2480040 Test Loss: 0.3504254
Validation loss decreased (0.252169 --> 0.248004).  Saving model ...
Updating learning rate to 2.5e-05
	iters: 100, epoch: 4 | loss: 0.1742691
	speed: 0.3103s/iter; left time: 1198.5210s
	iters: 200, epoch: 4 | loss: 0.1760791
	speed: 0.0790s/iter; left time: 297.4550s
	iters: 300, epoch: 4 | loss: 0.1737450
	speed: 0.0798s/iter; left time: 292.4072s
	iters: 400, epoch: 4 | loss: 0.1716305
	speed: 0.0793s/iter; left time: 282.6344s
	iters: 500, epoch: 4 | loss: 0.1765904
	speed: 0.0786s/iter; left time: 272.2162s
Epoch: 4 cost time: 47.18377447128296
Epoch: 4, Steps: 566 | Train Loss: 0.1789984 Vali Loss: 0.2456450 Test Loss: 0.3533959
Validation loss decreased (0.248004 --> 0.245645).  Saving model ...
Updating learning rate to 1.25e-05
	iters: 100, epoch: 5 | loss: 0.1831464
	speed: 0.3063s/iter; left time: 1009.9658s
	iters: 200, epoch: 5 | loss: 0.1708888
	speed: 0.0768s/iter; left time: 245.6031s
	iters: 300, epoch: 5 | loss: 0.1637762
	speed: 0.0707s/iter; left time: 218.8971s
	iters: 400, epoch: 5 | loss: 0.1777833
	speed: 0.0716s/iter; left time: 214.4991s
	iters: 500, epoch: 5 | loss: 0.1723110
	speed: 0.0704s/iter; left time: 203.8251s
Epoch: 5 cost time: 43.341888666152954
Epoch: 5, Steps: 566 | Train Loss: 0.1735643 Vali Loss: 0.2436255 Test Loss: 0.3558334
Validation loss decreased (0.245645 --> 0.243626).  Saving model ...
Updating learning rate to 6.25e-06
	iters: 100, epoch: 6 | loss: 0.1694417
	speed: 0.2738s/iter; left time: 747.8425s
	iters: 200, epoch: 6 | loss: 0.1629307
	speed: 0.0709s/iter; left time: 186.5137s
	iters: 300, epoch: 6 | loss: 0.1721779
	speed: 0.0713s/iter; left time: 180.5764s
	iters: 400, epoch: 6 | loss: 0.1693632
	speed: 0.0708s/iter; left time: 172.0702s
	iters: 500, epoch: 6 | loss: 0.1797532
	speed: 0.0724s/iter; left time: 168.7883s
Epoch: 6 cost time: 42.36089038848877
Epoch: 6, Steps: 566 | Train Loss: 0.1708084 Vali Loss: 0.2411889 Test Loss: 0.3551589
Validation loss decreased (0.243626 --> 0.241189).  Saving model ...
Updating learning rate to 3.125e-06
	iters: 100, epoch: 7 | loss: 0.1722020
	speed: 0.2906s/iter; left time: 629.2089s
	iters: 200, epoch: 7 | loss: 0.1650610
	speed: 0.0797s/iter; left time: 164.5284s
	iters: 300, epoch: 7 | loss: 0.1731358
	speed: 0.0796s/iter; left time: 156.4251s
	iters: 400, epoch: 7 | loss: 0.1649694
	speed: 0.0786s/iter; left time: 146.5161s
	iters: 500, epoch: 7 | loss: 0.1666357
	speed: 0.0787s/iter; left time: 138.9250s
Epoch: 7 cost time: 46.844714879989624
Epoch: 7, Steps: 566 | Train Loss: 0.1692506 Vali Loss: 0.2414370 Test Loss: 0.3535017
EarlyStopping counter: 1 out of 3
Updating learning rate to 1.5625e-06
	iters: 100, epoch: 8 | loss: 0.1668132
	speed: 0.3018s/iter; left time: 482.6030s
	iters: 200, epoch: 8 | loss: 0.1685468
	speed: 0.0798s/iter; left time: 119.5938s
	iters: 300, epoch: 8 | loss: 0.1694907
	speed: 0.0793s/iter; left time: 110.9061s
	iters: 400, epoch: 8 | loss: 0.1667204
	speed: 0.0803s/iter; left time: 104.3043s
	iters: 500, epoch: 8 | loss: 0.1652439
	speed: 0.0808s/iter; left time: 96.8593s
Epoch: 8 cost time: 46.817651987075806
Epoch: 8, Steps: 566 | Train Loss: 0.1684627 Vali Loss: 0.2408686 Test Loss: 0.3547710
Validation loss decreased (0.241189 --> 0.240869).  Saving model ...
Updating learning rate to 7.8125e-07
	iters: 100, epoch: 9 | loss: 0.1691575
	speed: 0.3076s/iter; left time: 317.7861s
	iters: 200, epoch: 9 | loss: 0.1693100
	speed: 0.0782s/iter; left time: 72.9411s
	iters: 300, epoch: 9 | loss: 0.1660944
	speed: 0.0797s/iter; left time: 66.4079s
	iters: 400, epoch: 9 | loss: 0.1651847
	speed: 0.0798s/iter; left time: 58.4808s
	iters: 500, epoch: 9 | loss: 0.1597712
	speed: 0.0793s/iter; left time: 50.2280s
Epoch: 9 cost time: 46.9973201751709
Epoch: 9, Steps: 566 | Train Loss: 0.1680747 Vali Loss: 0.2410929 Test Loss: 0.3549176
EarlyStopping counter: 1 out of 3
Updating learning rate to 3.90625e-07
	iters: 100, epoch: 10 | loss: 0.1710895
	speed: 0.3010s/iter; left time: 140.5624s
	iters: 200, epoch: 10 | loss: 0.1653423
	speed: 0.0793s/iter; left time: 29.0996s
	iters: 300, epoch: 10 | loss: 0.1661498
	speed: 0.0794s/iter; left time: 21.1948s
	iters: 400, epoch: 10 | loss: 0.1689954
	speed: 0.0830s/iter; left time: 13.8567s
	iters: 500, epoch: 10 | loss: 0.1703282
	speed: 0.0799s/iter; left time: 5.3504s
Epoch: 10 cost time: 47.44359469413757
Epoch: 10, Steps: 566 | Train Loss: 0.1678028 Vali Loss: 0.2413273 Test Loss: 0.3567649
EarlyStopping counter: 2 out of 3
Updating learning rate to 1.953125e-07
>>>>>>>testing : electricity_96_192_Informer_custom_ftM_sl96_ll48_pl192_dm512_nh8_el2_dl1_df2048_fc3_ebtimeF_dtTrue_Exp_0<<<<<<<<<<<<<<<<<<<<<<<<<<<<<<<<<
test 5069
mse:0.35485202074050903, mae:0.4367593228816986
