Args in experiment:
Namespace(is_training=1, model_id='ETTh2_96_192', model='Transformer', data='ETTh2', root_path='./dataset/', data_path='ETTh2.csv', features='M', target='OT', freq='h', checkpoints='./checkpoints/', seq_len=96, label_len=48, pred_len=192, individual=False, embed_type=0, enc_in=7, dec_in=7, c_out=7, d_model=512, n_heads=8, e_layers=2, d_layers=1, d_ff=2048, moving_avg=25, factor=3, distil=True, dropout=0.05, embed='timeF', activation='gelu', output_attention=False, do_predict=False, num_workers=10, itr=1, train_epochs=10, batch_size=32, patience=3, learning_rate=0.0001, des='Exp', loss='mse', lradj='type1', use_amp=False, use_gpu=True, gpu=3, use_multi_gpu=False, devices='0,1,2,3', test_flop=False)
Use GPU: cuda:3
>>>>>>>start training : ETTh2_96_192_Transformer_ETTh2_ftM_sl96_ll48_pl192_dm512_nh8_el2_dl1_df2048_fc3_ebtimeF_dtTrue_Exp_0>>>>>>>>>>>>>>>>>>>>>>>>>>
train 8353
val 2689
test 2689
	iters: 100, epoch: 1 | loss: 0.4244794
	speed: 0.1227s/iter; left time: 308.1993s
	iters: 200, epoch: 1 | loss: 0.2459368
	speed: 0.0413s/iter; left time: 99.4982s
Epoch: 1 cost time: 18.946873664855957
Epoch: 1, Steps: 261 | Train Loss: 0.3407841 Vali Loss: 1.5621462 Test Loss: 5.7759614
Validation loss decreased (inf --> 1.562146).  Saving model ...
Updating learning rate to 0.0001
	iters: 100, epoch: 2 | loss: 0.1990183
	speed: 0.1523s/iter; left time: 342.5690s
	iters: 200, epoch: 2 | loss: 0.2173432
	speed: 0.0387s/iter; left time: 83.1095s
Epoch: 2 cost time: 12.247168779373169
Epoch: 2, Steps: 261 | Train Loss: 0.2175752 Vali Loss: 1.4566946 Test Loss: 5.5351090
Validation loss decreased (1.562146 --> 1.456695).  Saving model ...
Updating learning rate to 5e-05
	iters: 100, epoch: 3 | loss: 0.1619684
	speed: 0.1507s/iter; left time: 299.6812s
	iters: 200, epoch: 3 | loss: 0.2067399
	speed: 0.0419s/iter; left time: 79.0592s
Epoch: 3 cost time: 12.927630424499512
Epoch: 3, Steps: 261 | Train Loss: 0.1765766 Vali Loss: 1.4667490 Test Loss: 5.5261755
EarlyStopping counter: 1 out of 3
Updating learning rate to 2.5e-05
	iters: 100, epoch: 4 | loss: 0.1521559
	speed: 0.1518s/iter; left time: 262.2857s
	iters: 200, epoch: 4 | loss: 0.1583689
	speed: 0.0393s/iter; left time: 63.9533s
Epoch: 4 cost time: 12.360764980316162
Epoch: 4, Steps: 261 | Train Loss: 0.1589435 Vali Loss: 1.6162567 Test Loss: 6.0791507
EarlyStopping counter: 2 out of 3
Updating learning rate to 1.25e-05
	iters: 100, epoch: 5 | loss: 0.1308814
	speed: 0.1496s/iter; left time: 219.5197s
	iters: 200, epoch: 5 | loss: 0.1620286
	speed: 0.0405s/iter; left time: 55.3837s
Epoch: 5 cost time: 12.448387384414673
Epoch: 5, Steps: 261 | Train Loss: 0.1512898 Vali Loss: 1.6370277 Test Loss: 5.8657379
EarlyStopping counter: 3 out of 3
Early stopping
>>>>>>>testing : ETTh2_96_192_Transformer_ETTh2_ftM_sl96_ll48_pl192_dm512_nh8_el2_dl1_df2048_fc3_ebtimeF_dtTrue_Exp_0<<<<<<<<<<<<<<<<<<<<<<<<<<<<<<<<<
test 2689
mse:5.535109519958496, mae:1.8784732818603516
