Args in experiment:
Namespace(is_training=1, model_id='electricity_96_192', model='Transformer', data='custom', root_path='./dataset/', data_path='electricity.csv', features='M', target='OT', freq='h', checkpoints='./checkpoints/', seq_len=96, label_len=48, pred_len=192, individual=False, embed_type=0, enc_in=321, dec_in=321, c_out=321, d_model=512, n_heads=8, e_layers=2, d_layers=1, d_ff=2048, moving_avg=25, factor=3, distil=True, dropout=0.05, embed='timeF', activation='gelu', output_attention=False, do_predict=False, num_workers=10, itr=1, train_epochs=10, batch_size=32, patience=3, learning_rate=0.0001, des='Exp', loss='mse', lradj='type1', use_amp=False, use_gpu=True, gpu=1, use_multi_gpu=False, devices='0,1,2,3', test_flop=False)
Use GPU: cuda:1
>>>>>>>start training : electricity_96_192_Transformer_custom_ftM_sl96_ll48_pl192_dm512_nh8_el2_dl1_df2048_fc3_ebtimeF_dtTrue_Exp_0>>>>>>>>>>>>>>>>>>>>>>>>>>
train 18125
val 2441
test 5069
	iters: 100, epoch: 1 | loss: 0.3514367
	speed: 0.1164s/iter; left time: 647.4620s
	iters: 200, epoch: 1 | loss: 0.2746910
	speed: 0.0535s/iter; left time: 292.2525s
	iters: 300, epoch: 1 | loss: 0.2462682
	speed: 0.0541s/iter; left time: 289.9618s
	iters: 400, epoch: 1 | loss: 0.2231143
	speed: 0.0529s/iter; left time: 278.0727s
	iters: 500, epoch: 1 | loss: 0.2256582
	speed: 0.0538s/iter; left time: 277.6898s
Epoch: 1 cost time: 36.40729522705078
Epoch: 1, Steps: 566 | Train Loss: 0.2989243 Vali Loss: 0.2515275 Test Loss: 0.3119982
Validation loss decreased (inf --> 0.251528).  Saving model ...
Updating learning rate to 0.0001
	iters: 100, epoch: 2 | loss: 0.1876461
	speed: 0.2256s/iter; left time: 1126.9635s
	iters: 200, epoch: 2 | loss: 0.1586892
	speed: 0.0540s/iter; left time: 264.2794s
	iters: 300, epoch: 2 | loss: 0.1623137
	speed: 0.0542s/iter; left time: 259.9069s
	iters: 400, epoch: 2 | loss: 0.1432332
	speed: 0.0540s/iter; left time: 253.7304s
	iters: 500, epoch: 2 | loss: 0.1351017
	speed: 0.0539s/iter; left time: 247.7740s
Epoch: 2 cost time: 31.81029224395752
Epoch: 2, Steps: 566 | Train Loss: 0.1648198 Vali Loss: 0.2046647 Test Loss: 0.2768421
Validation loss decreased (0.251528 --> 0.204665).  Saving model ...
Updating learning rate to 5e-05
	iters: 100, epoch: 3 | loss: 0.1296185
	speed: 0.2275s/iter; left time: 1007.4762s
	iters: 200, epoch: 3 | loss: 0.1419820
	speed: 0.0568s/iter; left time: 245.7073s
	iters: 300, epoch: 3 | loss: 0.1343824
	speed: 0.0538s/iter; left time: 227.6282s
	iters: 400, epoch: 3 | loss: 0.1308865
	speed: 0.0530s/iter; left time: 218.8840s
	iters: 500, epoch: 3 | loss: 0.1365951
	speed: 0.0538s/iter; left time: 216.5973s
Epoch: 3 cost time: 32.03615140914917
Epoch: 3, Steps: 566 | Train Loss: 0.1371990 Vali Loss: 0.2045696 Test Loss: 0.2740842
Validation loss decreased (0.204665 --> 0.204570).  Saving model ...
Updating learning rate to 2.5e-05
	iters: 100, epoch: 4 | loss: 0.1354457
	speed: 0.2289s/iter; left time: 884.1550s
	iters: 200, epoch: 4 | loss: 0.1305382
	speed: 0.0536s/iter; left time: 201.6048s
	iters: 300, epoch: 4 | loss: 0.1292176
	speed: 0.0542s/iter; left time: 198.3687s
	iters: 400, epoch: 4 | loss: 0.1331588
	speed: 0.0533s/iter; left time: 189.8762s
	iters: 500, epoch: 4 | loss: 0.1233035
	speed: 0.0542s/iter; left time: 187.7831s
Epoch: 4 cost time: 31.95419192314148
Epoch: 4, Steps: 566 | Train Loss: 0.1277945 Vali Loss: 0.2057220 Test Loss: 0.2782293
EarlyStopping counter: 1 out of 3
Updating learning rate to 1.25e-05
	iters: 100, epoch: 5 | loss: 0.1267952
	speed: 0.2447s/iter; left time: 806.7685s
	iters: 200, epoch: 5 | loss: 0.1307735
	speed: 0.0662s/iter; left time: 211.5129s
	iters: 300, epoch: 5 | loss: 0.1201984
	speed: 0.0669s/iter; left time: 207.1935s
	iters: 400, epoch: 5 | loss: 0.1158585
	speed: 0.0647s/iter; left time: 194.0101s
	iters: 500, epoch: 5 | loss: 0.1155922
	speed: 0.0677s/iter; left time: 196.2497s
Epoch: 5 cost time: 39.379300117492676
Epoch: 5, Steps: 566 | Train Loss: 0.1227565 Vali Loss: 0.2072121 Test Loss: 0.2776417
EarlyStopping counter: 2 out of 3
Updating learning rate to 6.25e-06
	iters: 100, epoch: 6 | loss: 0.1157918
	speed: 0.2749s/iter; left time: 750.6833s
	iters: 200, epoch: 6 | loss: 0.1237438
	speed: 0.0663s/iter; left time: 174.5528s
	iters: 300, epoch: 6 | loss: 0.1131425
	speed: 0.0654s/iter; left time: 165.6488s
	iters: 400, epoch: 6 | loss: 0.1208689
	speed: 0.0654s/iter; left time: 158.9623s
	iters: 500, epoch: 6 | loss: 0.1155711
	speed: 0.0667s/iter; left time: 155.4291s
Epoch: 6 cost time: 39.072587966918945
Epoch: 6, Steps: 566 | Train Loss: 0.1201458 Vali Loss: 0.2063438 Test Loss: 0.2793737
EarlyStopping counter: 3 out of 3
Early stopping
>>>>>>>testing : electricity_96_192_Transformer_custom_ftM_sl96_ll48_pl192_dm512_nh8_el2_dl1_df2048_fc3_ebtimeF_dtTrue_Exp_0<<<<<<<<<<<<<<<<<<<<<<<<<<<<<<<<<
test 5069
mse:0.274085134267807, mae:0.3754796087741852
