Args in experiment:
Namespace(is_training=1, model_id='ETTm2_96_192', model='Transformer', data='ETTm2', root_path='./dataset/', data_path='ETTm2.csv', features='M', target='OT', freq='h', checkpoints='./checkpoints/', seq_len=96, label_len=48, pred_len=192, individual=False, embed_type=0, enc_in=7, dec_in=7, c_out=7, d_model=512, n_heads=8, e_layers=2, d_layers=1, d_ff=2048, moving_avg=25, factor=3, distil=True, dropout=0.05, embed='timeF', activation='gelu', output_attention=False, do_predict=False, num_workers=10, itr=1, train_epochs=10, batch_size=32, patience=3, learning_rate=0.0001, des='Exp', loss='mse', lradj='type1', use_amp=False, use_gpu=True, gpu=5, use_multi_gpu=False, devices='0,1,2,3', test_flop=False)
Use GPU: cuda:5
>>>>>>>start training : ETTm2_96_192_Transformer_ETTm2_ftM_sl96_ll48_pl192_dm512_nh8_el2_dl1_df2048_fc3_ebtimeF_dtTrue_Exp_0>>>>>>>>>>>>>>>>>>>>>>>>>>
train 34273
val 11329
test 11329
	iters: 100, epoch: 1 | loss: 0.3060615
	speed: 0.1139s/iter; left time: 1208.3764s
	iters: 200, epoch: 1 | loss: 0.2471070
	speed: 0.0399s/iter; left time: 419.6558s
	iters: 300, epoch: 1 | loss: 0.2776856
	speed: 0.0393s/iter; left time: 409.6300s
	iters: 400, epoch: 1 | loss: 0.1937651
	speed: 0.0406s/iter; left time: 418.8122s
	iters: 500, epoch: 1 | loss: 0.2337213
	speed: 0.0410s/iter; left time: 418.2133s
	iters: 600, epoch: 1 | loss: 0.2363221
	speed: 0.0400s/iter; left time: 404.3681s
	iters: 700, epoch: 1 | loss: 0.1347025
	speed: 0.0400s/iter; left time: 399.9403s
	iters: 800, epoch: 1 | loss: 0.1566722
	speed: 0.0401s/iter; left time: 397.3204s
	iters: 900, epoch: 1 | loss: 0.1821235
	speed: 0.0413s/iter; left time: 404.7056s
	iters: 1000, epoch: 1 | loss: 0.1271539
	speed: 0.0405s/iter; left time: 392.9364s
Epoch: 1 cost time: 50.53482747077942
Epoch: 1, Steps: 1071 | Train Loss: 0.2059975 Vali Loss: 0.4672351 Test Loss: 1.1933643
Validation loss decreased (inf --> 0.467235).  Saving model ...
Updating learning rate to 0.0001
	iters: 100, epoch: 2 | loss: 0.1221320
	speed: 0.2461s/iter; left time: 2347.3537s
	iters: 200, epoch: 2 | loss: 0.1404614
	speed: 0.0394s/iter; left time: 371.5653s
	iters: 300, epoch: 2 | loss: 0.1401919
	speed: 0.0417s/iter; left time: 389.4946s
	iters: 400, epoch: 2 | loss: 0.0968599
	speed: 0.0404s/iter; left time: 373.1494s
	iters: 500, epoch: 2 | loss: 0.1159962
	speed: 0.0397s/iter; left time: 362.8793s
	iters: 600, epoch: 2 | loss: 0.1082447
	speed: 0.0402s/iter; left time: 362.9570s
	iters: 700, epoch: 2 | loss: 0.1109913
	speed: 0.0413s/iter; left time: 368.9995s
	iters: 800, epoch: 2 | loss: 0.0869666
	speed: 0.0390s/iter; left time: 344.8612s
	iters: 900, epoch: 2 | loss: 0.1159986
	speed: 0.0401s/iter; left time: 350.8671s
	iters: 1000, epoch: 2 | loss: 0.1180460
	speed: 0.0411s/iter; left time: 355.0683s
Epoch: 2 cost time: 45.22067475318909
Epoch: 2, Steps: 1071 | Train Loss: 0.1176608 Vali Loss: 0.6222564 Test Loss: 1.1289971
EarlyStopping counter: 1 out of 3
Updating learning rate to 5e-05
	iters: 100, epoch: 3 | loss: 0.1010743
	speed: 0.2461s/iter; left time: 2084.4569s
	iters: 200, epoch: 3 | loss: 0.0851403
	speed: 0.0397s/iter; left time: 332.3956s
	iters: 300, epoch: 3 | loss: 0.0889493
	speed: 0.0417s/iter; left time: 345.1510s
	iters: 400, epoch: 3 | loss: 0.0673759
	speed: 0.0399s/iter; left time: 325.6363s
	iters: 500, epoch: 3 | loss: 0.0853405
	speed: 0.0401s/iter; left time: 323.2628s
	iters: 600, epoch: 3 | loss: 0.0771427
	speed: 0.0404s/iter; left time: 321.9406s
	iters: 700, epoch: 3 | loss: 0.0853313
	speed: 0.0412s/iter; left time: 323.9967s
	iters: 800, epoch: 3 | loss: 0.0856807
	speed: 0.0400s/iter; left time: 310.8449s
	iters: 900, epoch: 3 | loss: 0.0779896
	speed: 0.0407s/iter; left time: 311.8159s
	iters: 1000, epoch: 3 | loss: 0.0791139
	speed: 0.0406s/iter; left time: 306.9574s
Epoch: 3 cost time: 45.563244342803955
Epoch: 3, Steps: 1071 | Train Loss: 0.0825234 Vali Loss: 0.6486504 Test Loss: 1.1699653
EarlyStopping counter: 2 out of 3
Updating learning rate to 2.5e-05
	iters: 100, epoch: 4 | loss: 0.0691347
	speed: 0.2477s/iter; left time: 1832.2499s
	iters: 200, epoch: 4 | loss: 0.0665137
	speed: 0.0395s/iter; left time: 288.5520s
	iters: 300, epoch: 4 | loss: 0.0793769
	speed: 0.0411s/iter; left time: 296.1179s
	iters: 400, epoch: 4 | loss: 0.0779892
	speed: 0.0399s/iter; left time: 283.2313s
	iters: 500, epoch: 4 | loss: 0.0699486
	speed: 0.0401s/iter; left time: 280.7048s
	iters: 600, epoch: 4 | loss: 0.0662424
	speed: 0.0396s/iter; left time: 273.3673s
	iters: 700, epoch: 4 | loss: 0.0712067
	speed: 0.0402s/iter; left time: 273.1617s
	iters: 800, epoch: 4 | loss: 0.0655926
	speed: 0.0414s/iter; left time: 277.3863s
	iters: 900, epoch: 4 | loss: 0.0778553
	speed: 0.0400s/iter; left time: 263.6978s
	iters: 1000, epoch: 4 | loss: 0.0719024
	speed: 0.0408s/iter; left time: 265.4413s
Epoch: 4 cost time: 45.21131467819214
Epoch: 4, Steps: 1071 | Train Loss: 0.0697193 Vali Loss: 0.6210005 Test Loss: 1.0881428
EarlyStopping counter: 3 out of 3
Early stopping
>>>>>>>testing : ETTm2_96_192_Transformer_ETTm2_ftM_sl96_ll48_pl192_dm512_nh8_el2_dl1_df2048_fc3_ebtimeF_dtTrue_Exp_0<<<<<<<<<<<<<<<<<<<<<<<<<<<<<<<<<
test 11329
mse:1.1933642625808716, mae:0.799335777759552
