Args in experiment:
Namespace(is_training=1, model_id='ETTh1_96_96', model='Transformer', data='ETTh1', root_path='./dataset/', data_path='ETTh1.csv', features='M', target='OT', freq='h', checkpoints='./checkpoints/', seq_len=96, label_len=48, pred_len=96, individual=False, embed_type=0, enc_in=7, dec_in=7, c_out=7, d_model=512, n_heads=8, e_layers=2, d_layers=1, d_ff=2048, moving_avg=25, factor=3, distil=True, dropout=0.05, embed='timeF', activation='gelu', output_attention=False, do_predict=False, num_workers=10, itr=1, train_epochs=10, batch_size=32, patience=3, learning_rate=0.0001, des='Exp', loss='mse', lradj='type1', use_amp=False, use_gpu=True, gpu=2, use_multi_gpu=False, devices='0,1,2,3', test_flop=False)
Use GPU: cuda:2
>>>>>>>start training : ETTh1_96_96_Transformer_ETTh1_ftM_sl96_ll48_pl96_dm512_nh8_el2_dl1_df2048_fc3_ebtimeF_dtTrue_Exp_0>>>>>>>>>>>>>>>>>>>>>>>>>>
train 8449
val 2785
test 2785
	iters: 100, epoch: 1 | loss: 0.4208553
	speed: 0.1128s/iter; left time: 286.7388s
	iters: 200, epoch: 1 | loss: 0.3730179
	speed: 0.0371s/iter; left time: 90.5071s
Epoch: 1 cost time: 17.72250485420227
Epoch: 1, Steps: 264 | Train Loss: 0.4360084 Vali Loss: 0.8803257 Test Loss: 0.9077766
Validation loss decreased (inf --> 0.880326).  Saving model ...
Updating learning rate to 0.0001
	iters: 100, epoch: 2 | loss: 0.2643337
	speed: 0.1432s/iter; left time: 326.1269s
	iters: 200, epoch: 2 | loss: 0.2350793
	speed: 0.0340s/iter; left time: 74.0647s
Epoch: 2 cost time: 11.039342403411865
Epoch: 2, Steps: 264 | Train Loss: 0.2670962 Vali Loss: 1.0321624 Test Loss: 1.1435701
EarlyStopping counter: 1 out of 3
Updating learning rate to 5e-05
	iters: 100, epoch: 3 | loss: 0.2171202
	speed: 0.1369s/iter; left time: 275.6465s
	iters: 200, epoch: 3 | loss: 0.1993167
	speed: 0.0363s/iter; left time: 69.4666s
Epoch: 3 cost time: 11.574564933776855
Epoch: 3, Steps: 264 | Train Loss: 0.2171912 Vali Loss: 1.0106107 Test Loss: 1.1237544
EarlyStopping counter: 2 out of 3
Updating learning rate to 2.5e-05
	iters: 100, epoch: 4 | loss: 0.2034908
	speed: 0.1381s/iter; left time: 241.4839s
	iters: 200, epoch: 4 | loss: 0.1927955
	speed: 0.0339s/iter; left time: 55.9063s
Epoch: 4 cost time: 11.542363166809082
Epoch: 4, Steps: 264 | Train Loss: 0.1975398 Vali Loss: 1.0184309 Test Loss: 1.1132592
EarlyStopping counter: 3 out of 3
Early stopping
>>>>>>>testing : ETTh1_96_96_Transformer_ETTh1_ftM_sl96_ll48_pl96_dm512_nh8_el2_dl1_df2048_fc3_ebtimeF_dtTrue_Exp_0<<<<<<<<<<<<<<<<<<<<<<<<<<<<<<<<<
test 2785
mse:0.9077763557434082, mae:0.7621521949768066
