Args in experiment:
Namespace(is_training=1, model_id='ili_36_48', model='Transformer', data='custom', root_path='./dataset/', data_path='national_illness.csv', features='M', target='OT', freq='h', checkpoints='./checkpoints/', seq_len=36, label_len=18, pred_len=48, individual=False, embed_type=0, enc_in=7, dec_in=7, c_out=7, d_model=512, n_heads=8, e_layers=2, d_layers=1, d_ff=2048, moving_avg=25, factor=3, distil=True, dropout=0.05, embed='timeF', activation='gelu', output_attention=False, do_predict=False, num_workers=10, itr=1, train_epochs=10, batch_size=32, patience=3, learning_rate=0.0001, des='Exp', loss='mse', lradj='type1', use_amp=False, use_gpu=True, gpu=7, use_multi_gpu=False, devices='0,1,2,3', test_flop=False)
Use GPU: cuda:7
>>>>>>>start training : ili_36_48_Transformer_custom_ftM_sl36_ll18_pl48_dm512_nh8_el2_dl1_df2048_fc3_ebtimeF_dtTrue_Exp_0>>>>>>>>>>>>>>>>>>>>>>>>>>
train 593
val 50
test 146
Epoch: 1 cost time: 7.790343999862671
Epoch: 1, Steps: 18 | Train Loss: 0.7575927 Vali Loss: 0.4537678 Test Loss: 4.8143663
Validation loss decreased (inf --> 0.453768).  Saving model ...
Updating learning rate to 0.0001
Epoch: 2 cost time: 2.4972376823425293
Epoch: 2, Steps: 18 | Train Loss: 0.5114355 Vali Loss: 0.3659194 Test Loss: 5.3165388
Validation loss decreased (0.453768 --> 0.365919).  Saving model ...
Updating learning rate to 5e-05
Epoch: 3 cost time: 2.5250163078308105
Epoch: 3, Steps: 18 | Train Loss: 0.4508539 Vali Loss: 0.3066485 Test Loss: 4.9650593
Validation loss decreased (0.365919 --> 0.306649).  Saving model ...
Updating learning rate to 2.5e-05
Epoch: 4 cost time: 2.6475682258605957
Epoch: 4, Steps: 18 | Train Loss: 0.4199939 Vali Loss: 0.3035969 Test Loss: 5.1239171
Validation loss decreased (0.306649 --> 0.303597).  Saving model ...
Updating learning rate to 1.25e-05
Epoch: 5 cost time: 2.545297861099243
Epoch: 5, Steps: 18 | Train Loss: 0.3980308 Vali Loss: 0.3073269 Test Loss: 5.2066193
EarlyStopping counter: 1 out of 3
Updating learning rate to 6.25e-06
Epoch: 6 cost time: 2.4858222007751465
Epoch: 6, Steps: 18 | Train Loss: 0.3953808 Vali Loss: 0.2824304 Test Loss: 5.0099487
Validation loss decreased (0.303597 --> 0.282430).  Saving model ...
Updating learning rate to 3.125e-06
Epoch: 7 cost time: 2.455603837966919
Epoch: 7, Steps: 18 | Train Loss: 0.3878503 Vali Loss: 0.2779268 Test Loss: 4.9960775
Validation loss decreased (0.282430 --> 0.277927).  Saving model ...
Updating learning rate to 1.5625e-06
Epoch: 8 cost time: 2.5082523822784424
Epoch: 8, Steps: 18 | Train Loss: 0.3849770 Vali Loss: 0.2950922 Test Loss: 5.0108614
EarlyStopping counter: 1 out of 3
Updating learning rate to 7.8125e-07
Epoch: 9 cost time: 2.2982177734375
Epoch: 9, Steps: 18 | Train Loss: 0.3859268 Vali Loss: 0.3078026 Test Loss: 5.0331888
EarlyStopping counter: 2 out of 3
Updating learning rate to 3.90625e-07
Epoch: 10 cost time: 2.596162796020508
Epoch: 10, Steps: 18 | Train Loss: 0.3787484 Vali Loss: 0.2773120 Test Loss: 5.0130076
Validation loss decreased (0.277927 --> 0.277312).  Saving model ...
Updating learning rate to 1.953125e-07
>>>>>>>testing : ili_36_48_Transformer_custom_ftM_sl36_ll18_pl48_dm512_nh8_el2_dl1_df2048_fc3_ebtimeF_dtTrue_Exp_0<<<<<<<<<<<<<<<<<<<<<<<<<<<<<<<<<
test 146
mse:5.013007164001465, mae:1.4859527349472046
