Args in experiment:
Namespace(is_training=1, model_id='electricity_96_720', model='Transformer', data='custom', root_path='./dataset/', data_path='electricity.csv', features='M', target='OT', freq='h', checkpoints='./checkpoints/', seq_len=96, label_len=48, pred_len=720, individual=False, embed_type=0, enc_in=321, dec_in=321, c_out=321, d_model=512, n_heads=8, e_layers=2, d_layers=1, d_ff=2048, moving_avg=25, factor=3, distil=True, dropout=0.05, embed='timeF', activation='gelu', output_attention=False, do_predict=False, num_workers=10, itr=1, train_epochs=10, batch_size=32, patience=3, learning_rate=0.0001, des='Exp', loss='mse', lradj='type1', use_amp=False, use_gpu=True, gpu=1, use_multi_gpu=False, devices='0,1,2,3', test_flop=False)
Use GPU: cuda:1
>>>>>>>start training : electricity_96_720_Transformer_custom_ftM_sl96_ll48_pl720_dm512_nh8_el2_dl1_df2048_fc3_ebtimeF_dtTrue_Exp_0>>>>>>>>>>>>>>>>>>>>>>>>>>
train 17597
val 1913
test 4541
	iters: 100, epoch: 1 | loss: 0.3650687
	speed: 0.1869s/iter; left time: 1007.4058s
	iters: 200, epoch: 1 | loss: 0.2787989
	speed: 0.1227s/iter; left time: 649.4274s
	iters: 300, epoch: 1 | loss: 0.2670023
	speed: 0.1289s/iter; left time: 669.3289s
	iters: 400, epoch: 1 | loss: 0.2419371
	speed: 0.1392s/iter; left time: 708.8560s
	iters: 500, epoch: 1 | loss: 0.2301404
	speed: 0.1391s/iter; left time: 694.1784s
Epoch: 1 cost time: 78.19377875328064
Epoch: 1, Steps: 549 | Train Loss: 0.3201853 Vali Loss: 0.2695474 Test Loss: 0.3338697
Validation loss decreased (inf --> 0.269547).  Saving model ...
Updating learning rate to 0.0001
	iters: 100, epoch: 2 | loss: 0.2203783
	speed: 0.4805s/iter; left time: 2326.6231s
	iters: 200, epoch: 2 | loss: 0.1996305
	speed: 0.1364s/iter; left time: 646.5800s
	iters: 300, epoch: 2 | loss: 0.1801552
	speed: 0.1383s/iter; left time: 641.7881s
	iters: 400, epoch: 2 | loss: 0.1991830
	speed: 0.1391s/iter; left time: 631.7859s
	iters: 500, epoch: 2 | loss: 0.1782660
	speed: 0.1397s/iter; left time: 620.4052s
Epoch: 2 cost time: 78.30851626396179
Epoch: 2, Steps: 549 | Train Loss: 0.2024952 Vali Loss: 0.2419849 Test Loss: 0.3049103
Validation loss decreased (0.269547 --> 0.241985).  Saving model ...
Updating learning rate to 5e-05
	iters: 100, epoch: 3 | loss: 0.1855835
	speed: 0.4825s/iter; left time: 2071.2835s
	iters: 200, epoch: 3 | loss: 0.1767154
	speed: 0.1358s/iter; left time: 569.4938s
	iters: 300, epoch: 3 | loss: 0.1635674
	speed: 0.1347s/iter; left time: 551.3928s
	iters: 400, epoch: 3 | loss: 0.1668983
	speed: 0.1379s/iter; left time: 550.5586s
	iters: 500, epoch: 3 | loss: 0.1644162
	speed: 0.1378s/iter; left time: 536.2949s
Epoch: 3 cost time: 77.40283036231995
Epoch: 3, Steps: 549 | Train Loss: 0.1682031 Vali Loss: 0.2507567 Test Loss: 0.2960776
EarlyStopping counter: 1 out of 3
Updating learning rate to 2.5e-05
	iters: 100, epoch: 4 | loss: 0.1580891
	speed: 0.4905s/iter; left time: 1836.3574s
	iters: 200, epoch: 4 | loss: 0.1596733
	speed: 0.1381s/iter; left time: 503.0553s
	iters: 300, epoch: 4 | loss: 0.1553683
	speed: 0.1359s/iter; left time: 481.7574s
	iters: 400, epoch: 4 | loss: 0.1534927
	speed: 0.1375s/iter; left time: 473.6688s
	iters: 500, epoch: 4 | loss: 0.1513664
	speed: 0.1382s/iter; left time: 462.0181s
Epoch: 4 cost time: 77.94502997398376
Epoch: 4, Steps: 549 | Train Loss: 0.1548200 Vali Loss: 0.2539311 Test Loss: 0.2972176
EarlyStopping counter: 2 out of 3
Updating learning rate to 1.25e-05
	iters: 100, epoch: 5 | loss: 0.1438359
	speed: 0.5046s/iter; left time: 1612.0463s
	iters: 200, epoch: 5 | loss: 0.1568396
	speed: 0.1363s/iter; left time: 421.7777s
	iters: 300, epoch: 5 | loss: 0.1461682
	speed: 0.1378s/iter; left time: 412.7381s
	iters: 400, epoch: 5 | loss: 0.1524427
	speed: 0.1384s/iter; left time: 400.8056s
	iters: 500, epoch: 5 | loss: 0.1396810
	speed: 0.1384s/iter; left time: 386.7499s
Epoch: 5 cost time: 78.42828917503357
Epoch: 5, Steps: 549 | Train Loss: 0.1480174 Vali Loss: 0.2498684 Test Loss: 0.2906401
EarlyStopping counter: 3 out of 3
Early stopping
>>>>>>>testing : electricity_96_720_Transformer_custom_ftM_sl96_ll48_pl720_dm512_nh8_el2_dl1_df2048_fc3_ebtimeF_dtTrue_Exp_0<<<<<<<<<<<<<<<<<<<<<<<<<<<<<<<<<
test 4541
mse:0.30490991473197937, mae:0.3879985809326172
