Args in experiment:
Namespace(is_training=1, model_id='ETTh1_96_96', model='Autoformer', data='ETTh1', root_path='./dataset/', data_path='ETTh1.csv', features='M', target='OT', freq='h', checkpoints='./checkpoints/', seq_len=96, label_len=48, pred_len=96, individual=False, embed_type=0, enc_in=7, dec_in=7, c_out=7, d_model=1024, n_heads=8, e_layers=2, d_layers=1, d_ff=2048, moving_avg=25, factor=3, distil=True, dropout=0.05, embed='timeF', activation='gelu', output_attention=False, do_predict=False, num_workers=10, itr=1, train_epochs=10, batch_size=32, patience=3, learning_rate=0.0001, des='Exp', loss='mse', lradj='type1', use_amp=False, use_gpu=True, gpu=3, use_multi_gpu=False, devices='0,1,2,3', test_flop=True)
Use GPU: cuda:3
>>>>>>>start training : ETTh1_96_96_Autoformer_ETTh1_ftM_sl96_ll48_pl96_dm1024_nh8_el2_dl1_df2048_fc3_ebtimeF_dtTrue_Exp_0>>>>>>>>>>>>>>>>>>>>>>>>>>
train 8449
val 2785
test 2785
Epoch: 1 cost time: 34.80073523521423
Epoch: 1, Steps: 264 | Train Loss: 0.4053250 Vali Loss: 0.8267579 Test Loss: 0.4593583
Validation loss decreased (inf --> 0.826758).  Saving model ...
Updating learning rate to 0.0001
Epoch: 2 cost time: 30.36511540412903
Epoch: 2, Steps: 264 | Train Loss: 0.3462161 Vali Loss: 0.9697832 Test Loss: 0.5235350
EarlyStopping counter: 1 out of 3
Updating learning rate to 5e-05
Epoch: 3 cost time: 30.5792555809021
Epoch: 3, Steps: 264 | Train Loss: 0.3041014 Vali Loss: 0.8816287 Test Loss: 0.5324269
EarlyStopping counter: 2 out of 3
Updating learning rate to 2.5e-05
Epoch: 4 cost time: 30.628626823425293
Epoch: 4, Steps: 264 | Train Loss: 0.2727415 Vali Loss: 0.9126976 Test Loss: 0.5472733
EarlyStopping counter: 3 out of 3
Early stopping
>>>>>>>testing : ETTh1_96_96_Autoformer_ETTh1_ftM_sl96_ll48_pl96_dm1024_nh8_el2_dl1_df2048_fc3_ebtimeF_dtTrue_Exp_0<<<<<<<<<<<<<<<<<<<<<<<<<<<<<<<<<
test 2785
mse:0.459358274936676, mae:0.4705914855003357
INFO: Trainable parameter count: 0.02M
INFO: Trainable parameter count: 0.03M
INFO: Trainable parameter count: 0.05M
INFO: Trainable parameter count: 0.05M
INFO: Trainable parameter count: 1.10M
INFO: Trainable parameter count: 1.10M
INFO: Trainable parameter count: 2.15M
INFO: Trainable parameter count: 2.15M
INFO: Trainable parameter count: 3.20M
INFO: Trainable parameter count: 3.20M
INFO: Trainable parameter count: 4.25M
INFO: Trainable parameter count: 4.25M
INFO: Trainable parameter count: 6.35M
INFO: Trainable parameter count: 8.44M
INFO: Trainable parameter count: 9.49M
INFO: Trainable parameter count: 9.49M
INFO: Trainable parameter count: 10.54M
INFO: Trainable parameter count: 10.54M
INFO: Trainable parameter count: 11.59M
INFO: Trainable parameter count: 11.59M
INFO: Trainable parameter count: 12.64M
INFO: Trainable parameter count: 12.64M
INFO: Trainable parameter count: 14.74M
INFO: Trainable parameter count: 16.84M
INFO: Trainable parameter count: 16.84M
INFO: Trainable parameter count: 16.84M
INFO: Trainable parameter count: 17.89M
INFO: Trainable parameter count: 17.89M
INFO: Trainable parameter count: 18.94M
INFO: Trainable parameter count: 18.94M
INFO: Trainable parameter count: 19.99M
INFO: Trainable parameter count: 19.99M
INFO: Trainable parameter count: 21.04M
INFO: Trainable parameter count: 21.04M
INFO: Trainable parameter count: 22.09M
INFO: Trainable parameter count: 22.09M
INFO: Trainable parameter count: 23.14M
INFO: Trainable parameter count: 23.14M
INFO: Trainable parameter count: 24.18M
INFO: Trainable parameter count: 24.19M
INFO: Trainable parameter count: 25.23M
INFO: Trainable parameter count: 25.24M
INFO: Trainable parameter count: 27.33M
INFO: Trainable parameter count: 29.43M
INFO: Trainable parameter count: 29.45M
INFO: Trainable parameter count: 29.45M
INFO: Trainable parameter count: 29.45M
INFO: Trainable parameter count: 29.46M
INFO: Trainable parameter count: 29.46M
Model(
  29.46 M, 99.986% Params, 3.33 GMac, 100.000% MACs, 
  (decomp): series_decomp(
    0, 0.000% Params, 840.0 Mac, 0.000% MACs, 
    (moving_avg): moving_avg(
      0, 0.000% Params, 840.0 Mac, 0.000% MACs, 
      (avg): AvgPool1d(0, 0.000% Params, 840.0 Mac, 0.000% MACs, kernel_size=(25,), stride=(1,), padding=(0,))
    )
  )
  (enc_embedding): DataEmbedding_wo_pos(
    25.6 k, 0.087% Params, 2.46 MMac, 0.074% MACs, 
    (value_embedding): TokenEmbedding(
      21.5 k, 0.073% Params, 2.06 MMac, 0.062% MACs, 
      (tokenConv): Conv1d(21.5 k, 0.073% Params, 2.06 MMac, 0.062% MACs, 7, 1024, kernel_size=(3,), stride=(1,), padding=(1,), bias=False, padding_mode=circular)
    )
    (position_embedding): PositionalEmbedding(0, 0.000% Params, 0.0 Mac, 0.000% MACs, )
    (temporal_embedding): TimeFeatureEmbedding(
      4.1 k, 0.014% Params, 393.22 KMac, 0.012% MACs, 
      (embed): Linear(4.1 k, 0.014% Params, 393.22 KMac, 0.012% MACs, in_features=4, out_features=1024, bias=False)
    )
    (dropout): Dropout(0, 0.000% Params, 0.0 Mac, 0.000% MACs, p=0.05, inplace=False)
  )
  (dec_embedding): DataEmbedding_wo_pos(
    25.6 k, 0.087% Params, 3.69 MMac, 0.111% MACs, 
    (value_embedding): TokenEmbedding(
      21.5 k, 0.073% Params, 3.1 MMac, 0.093% MACs, 
      (tokenConv): Conv1d(21.5 k, 0.073% Params, 3.1 MMac, 0.093% MACs, 7, 1024, kernel_size=(3,), stride=(1,), padding=(1,), bias=False, padding_mode=circular)
    )
    (position_embedding): PositionalEmbedding(0, 0.000% Params, 0.0 Mac, 0.000% MACs, )
    (temporal_embedding): TimeFeatureEmbedding(
      4.1 k, 0.014% Params, 589.82 KMac, 0.018% MACs, 
      (embed): Linear(4.1 k, 0.014% Params, 589.82 KMac, 0.018% MACs, in_features=4, out_features=1024, bias=False)
    )
    (dropout): Dropout(0, 0.000% Params, 0.0 Mac, 0.000% MACs, p=0.05, inplace=False)
  )
  (encoder): Encoder(
    16.79 M, 56.976% Params, 1.61 GMac, 48.336% MACs, 
    (attn_layers): ModuleList(
      16.79 M, 56.976% Params, 1.61 GMac, 48.336% MACs, 
      (0): EncoderLayer(
        8.39 M, 28.488% Params, 805.56 MMac, 24.168% MACs, 
        (attention): AutoCorrelationLayer(
          4.2 M, 14.251% Params, 402.66 MMac, 12.080% MACs, 
          (inner_correlation): AutoCorrelation(
            0, 0.000% Params, 0.0 Mac, 0.000% MACs, 
            (dropout): Dropout(0, 0.000% Params, 0.0 Mac, 0.000% MACs, p=0.05, inplace=False)
          )
          (query_projection): Linear(1.05 M, 3.563% Params, 100.66 MMac, 3.020% MACs, in_features=1024, out_features=1024, bias=True)
          (key_projection): Linear(1.05 M, 3.563% Params, 100.66 MMac, 3.020% MACs, in_features=1024, out_features=1024, bias=True)
          (value_projection): Linear(1.05 M, 3.563% Params, 100.66 MMac, 3.020% MACs, in_features=1024, out_features=1024, bias=True)
          (out_projection): Linear(1.05 M, 3.563% Params, 100.66 MMac, 3.020% MACs, in_features=1024, out_features=1024, bias=True)
        )
        (conv1): Conv1d(2.1 M, 7.119% Params, 201.33 MMac, 6.040% MACs, 1024, 2048, kernel_size=(1,), stride=(1,), bias=False)
        (conv2): Conv1d(2.1 M, 7.119% Params, 201.33 MMac, 6.040% MACs, 2048, 1024, kernel_size=(1,), stride=(1,), bias=False)
        (decomp1): series_decomp(
          0, 0.000% Params, 122.88 KMac, 0.004% MACs, 
          (moving_avg): moving_avg(
            0, 0.000% Params, 122.88 KMac, 0.004% MACs, 
            (avg): AvgPool1d(0, 0.000% Params, 122.88 KMac, 0.004% MACs, kernel_size=(25,), stride=(1,), padding=(0,))
          )
        )
        (decomp2): series_decomp(
          0, 0.000% Params, 122.88 KMac, 0.004% MACs, 
          (moving_avg): moving_avg(
            0, 0.000% Params, 122.88 KMac, 0.004% MACs, 
            (avg): AvgPool1d(0, 0.000% Params, 122.88 KMac, 0.004% MACs, kernel_size=(25,), stride=(1,), padding=(0,))
          )
        )
        (dropout): Dropout(0, 0.000% Params, 0.0 Mac, 0.000% MACs, p=0.05, inplace=False)
      )
      (1): EncoderLayer(
        8.39 M, 28.488% Params, 805.56 MMac, 24.168% MACs, 
        (attention): AutoCorrelationLayer(
          4.2 M, 14.251% Params, 402.66 MMac, 12.080% MACs, 
          (inner_correlation): AutoCorrelation(
            0, 0.000% Params, 0.0 Mac, 0.000% MACs, 
            (dropout): Dropout(0, 0.000% Params, 0.0 Mac, 0.000% MACs, p=0.05, inplace=False)
          )
          (query_projection): Linear(1.05 M, 3.563% Params, 100.66 MMac, 3.020% MACs, in_features=1024, out_features=1024, bias=True)
          (key_projection): Linear(1.05 M, 3.563% Params, 100.66 MMac, 3.020% MACs, in_features=1024, out_features=1024, bias=True)
          (value_projection): Linear(1.05 M, 3.563% Params, 100.66 MMac, 3.020% MACs, in_features=1024, out_features=1024, bias=True)
          (out_projection): Linear(1.05 M, 3.563% Params, 100.66 MMac, 3.020% MACs, in_features=1024, out_features=1024, bias=True)
        )
        (conv1): Conv1d(2.1 M, 7.119% Params, 201.33 MMac, 6.040% MACs, 1024, 2048, kernel_size=(1,), stride=(1,), bias=False)
        (conv2): Conv1d(2.1 M, 7.119% Params, 201.33 MMac, 6.040% MACs, 2048, 1024, kernel_size=(1,), stride=(1,), bias=False)
        (decomp1): series_decomp(
          0, 0.000% Params, 122.88 KMac, 0.004% MACs, 
          (moving_avg): moving_avg(
            0, 0.000% Params, 122.88 KMac, 0.004% MACs, 
            (avg): AvgPool1d(0, 0.000% Params, 122.88 KMac, 0.004% MACs, kernel_size=(25,), stride=(1,), padding=(0,))
          )
        )
        (decomp2): series_decomp(
          0, 0.000% Params, 122.88 KMac, 0.004% MACs, 
          (moving_avg): moving_avg(
            0, 0.000% Params, 122.88 KMac, 0.004% MACs, 
            (avg): AvgPool1d(0, 0.000% Params, 122.88 KMac, 0.004% MACs, kernel_size=(25,), stride=(1,), padding=(0,))
          )
        )
        (dropout): Dropout(0, 0.000% Params, 0.0 Mac, 0.000% MACs, p=0.05, inplace=False)
      )
    )
    (norm): my_Layernorm(
      0, 0.000% Params, 0.0 Mac, 0.000% MACs, 
      (layernorm): LayerNorm(0, 0.000% Params, 0.0 Mac, 0.000% MACs, (1024,), eps=1e-05, elementwise_affine=True)
    )
  )
  (decoder): Decoder(
    12.62 M, 42.836% Params, 1.72 GMac, 51.480% MACs, 
    (layers): ModuleList(
      12.61 M, 42.812% Params, 1.71 GMac, 51.449% MACs, 
      (0): DecoderLayer(
        12.61 M, 42.812% Params, 1.71 GMac, 51.449% MACs, 
        (self_attention): AutoCorrelationLayer(
          4.2 M, 14.251% Params, 603.98 MMac, 18.120% MACs, 
          (inner_correlation): AutoCorrelation(
            0, 0.000% Params, 0.0 Mac, 0.000% MACs, 
            (dropout): Dropout(0, 0.000% Params, 0.0 Mac, 0.000% MACs, p=0.05, inplace=False)
          )
          (query_projection): Linear(1.05 M, 3.563% Params, 151.0 MMac, 4.530% MACs, in_features=1024, out_features=1024, bias=True)
          (key_projection): Linear(1.05 M, 3.563% Params, 151.0 MMac, 4.530% MACs, in_features=1024, out_features=1024, bias=True)
          (value_projection): Linear(1.05 M, 3.563% Params, 151.0 MMac, 4.530% MACs, in_features=1024, out_features=1024, bias=True)
          (out_projection): Linear(1.05 M, 3.563% Params, 151.0 MMac, 4.530% MACs, in_features=1024, out_features=1024, bias=True)
        )
        (cross_attention): AutoCorrelationLayer(
          4.2 M, 14.251% Params, 503.32 MMac, 15.100% MACs, 
          (inner_correlation): AutoCorrelation(
            0, 0.000% Params, 0.0 Mac, 0.000% MACs, 
            (dropout): Dropout(0, 0.000% Params, 0.0 Mac, 0.000% MACs, p=0.05, inplace=False)
          )
          (query_projection): Linear(1.05 M, 3.563% Params, 151.0 MMac, 4.530% MACs, in_features=1024, out_features=1024, bias=True)
          (key_projection): Linear(1.05 M, 3.563% Params, 100.66 MMac, 3.020% MACs, in_features=1024, out_features=1024, bias=True)
          (value_projection): Linear(1.05 M, 3.563% Params, 100.66 MMac, 3.020% MACs, in_features=1024, out_features=1024, bias=True)
          (out_projection): Linear(1.05 M, 3.563% Params, 151.0 MMac, 4.530% MACs, in_features=1024, out_features=1024, bias=True)
        )
        (conv1): Conv1d(2.1 M, 7.119% Params, 301.99 MMac, 9.060% MACs, 1024, 2048, kernel_size=(1,), stride=(1,), bias=False)
        (conv2): Conv1d(2.1 M, 7.119% Params, 301.99 MMac, 9.060% MACs, 2048, 1024, kernel_size=(1,), stride=(1,), bias=False)
        (decomp1): series_decomp(
          0, 0.000% Params, 172.03 KMac, 0.005% MACs, 
          (moving_avg): moving_avg(
            0, 0.000% Params, 172.03 KMac, 0.005% MACs, 
            (avg): AvgPool1d(0, 0.000% Params, 172.03 KMac, 0.005% MACs, kernel_size=(25,), stride=(1,), padding=(0,))
          )
        )
        (decomp2): series_decomp(
          0, 0.000% Params, 172.03 KMac, 0.005% MACs, 
          (moving_avg): moving_avg(
            0, 0.000% Params, 172.03 KMac, 0.005% MACs, 
            (avg): AvgPool1d(0, 0.000% Params, 172.03 KMac, 0.005% MACs, kernel_size=(25,), stride=(1,), padding=(0,))
          )
        )
        (decomp3): series_decomp(
          0, 0.000% Params, 172.03 KMac, 0.005% MACs, 
          (moving_avg): moving_avg(
            0, 0.000% Params, 172.03 KMac, 0.005% MACs, 
            (avg): AvgPool1d(0, 0.000% Params, 172.03 KMac, 0.005% MACs, kernel_size=(25,), stride=(1,), padding=(0,))
          )
        )
        (dropout): Dropout(0, 0.000% Params, 0.0 Mac, 0.000% MACs, p=0.05, inplace=False)
        (projection): Conv1d(21.5 k, 0.073% Params, 3.1 MMac, 0.093% MACs, 1024, 7, kernel_size=(3,), stride=(1,), padding=(1,), bias=False, padding_mode=circular)
      )
    )
    (norm): my_Layernorm(
      0, 0.000% Params, 0.0 Mac, 0.000% MACs, 
      (layernorm): LayerNorm(0, 0.000% Params, 0.0 Mac, 0.000% MACs, (1024,), eps=1e-05, elementwise_affine=True)
    )
    (projection): Linear(7.17 k, 0.024% Params, 1.03 MMac, 0.031% MACs, in_features=1024, out_features=7, bias=True)
  )
)
Computational complexity:       3.33 GMac
Number of parameters:           29.46 M 
