Args in experiment:
Namespace(is_training=1, model_id='electricity_96_96', model='Informer', data='custom', root_path='./dataset/', data_path='electricity.csv', features='M', target='OT', freq='h', checkpoints='./checkpoints/', seq_len=96, label_len=48, pred_len=96, individual=False, embed_type=0, enc_in=321, dec_in=321, c_out=321, d_model=256, n_heads=8, e_layers=2, d_layers=1, d_ff=2048, moving_avg=25, factor=3, distil=True, dropout=0.05, embed='timeF', activation='gelu', output_attention=False, do_predict=False, num_workers=10, itr=1, train_epochs=10, batch_size=32, patience=3, learning_rate=0.0001, des='Exp', loss='mse', lradj='type1', use_amp=False, use_gpu=True, gpu=1, use_multi_gpu=False, devices='0,1,2,3', test_flop=True)
Use GPU: cuda:1
>>>>>>>start training : electricity_96_96_Informer_custom_ftM_sl96_ll48_pl96_dm256_nh8_el2_dl1_df2048_fc3_ebtimeF_dtTrue_Exp_0>>>>>>>>>>>>>>>>>>>>>>>>>>
train 18221
val 2537
test 5165
Epoch: 1 cost time: 34.22453236579895
Epoch: 1, Steps: 569 | Train Loss: 0.5807035 Vali Loss: 0.3972528 Test Loss: 0.5012287
Validation loss decreased (inf --> 0.397253).  Saving model ...
Updating learning rate to 0.0001
Epoch: 2 cost time: 31.125737190246582
Epoch: 2, Steps: 569 | Train Loss: 0.2582209 Vali Loss: 0.2812392 Test Loss: 0.3862655
Validation loss decreased (0.397253 --> 0.281239).  Saving model ...
Updating learning rate to 5e-05
Epoch: 3 cost time: 32.32260513305664
Epoch: 3, Steps: 569 | Train Loss: 0.2086639 Vali Loss: 0.2583288 Test Loss: 0.3715262
Validation loss decreased (0.281239 --> 0.258329).  Saving model ...
Updating learning rate to 2.5e-05
Epoch: 4 cost time: 30.168142080307007
Epoch: 4, Steps: 569 | Train Loss: 0.1961249 Vali Loss: 0.2564321 Test Loss: 0.3815494
Validation loss decreased (0.258329 --> 0.256432).  Saving model ...
Updating learning rate to 1.25e-05
Epoch: 5 cost time: 33.95100450515747
Epoch: 5, Steps: 569 | Train Loss: 0.1905208 Vali Loss: 0.2516929 Test Loss: 0.3737868
Validation loss decreased (0.256432 --> 0.251693).  Saving model ...
Updating learning rate to 6.25e-06
Epoch: 6 cost time: 33.44837236404419
Epoch: 6, Steps: 569 | Train Loss: 0.1877702 Vali Loss: 0.2501042 Test Loss: 0.3759323
Validation loss decreased (0.251693 --> 0.250104).  Saving model ...
Updating learning rate to 3.125e-06
Epoch: 7 cost time: 34.01848220825195
Epoch: 7, Steps: 569 | Train Loss: 0.1863473 Vali Loss: 0.2475181 Test Loss: 0.3734929
Validation loss decreased (0.250104 --> 0.247518).  Saving model ...
Updating learning rate to 1.5625e-06
Epoch: 8 cost time: 33.40376424789429
Epoch: 8, Steps: 569 | Train Loss: 0.1856065 Vali Loss: 0.2486821 Test Loss: 0.3751542
EarlyStopping counter: 1 out of 3
Updating learning rate to 7.8125e-07
Epoch: 9 cost time: 31.815593004226685
Epoch: 9, Steps: 569 | Train Loss: 0.1852277 Vali Loss: 0.2487011 Test Loss: 0.3766334
EarlyStopping counter: 2 out of 3
Updating learning rate to 3.90625e-07
Epoch: 10 cost time: 31.190006256103516
Epoch: 10, Steps: 569 | Train Loss: 0.1850216 Vali Loss: 0.2473428 Test Loss: 0.3736246
Validation loss decreased (0.247518 --> 0.247343).  Saving model ...
Updating learning rate to 1.953125e-07
>>>>>>>testing : electricity_96_96_Informer_custom_ftM_sl96_ll48_pl96_dm256_nh8_el2_dl1_df2048_fc3_ebtimeF_dtTrue_Exp_0<<<<<<<<<<<<<<<<<<<<<<<<<<<<<<<<<
test 5165
mse:0.3738129734992981, mae:0.43828868865966797
INFO: Trainable parameter count: 0.25M
INFO: Trainable parameter count: 0.25M
INFO: Trainable parameter count: 0.49M
INFO: Trainable parameter count: 0.50M
INFO: Trainable parameter count: 0.56M
INFO: Trainable parameter count: 0.56M
INFO: Trainable parameter count: 0.63M
INFO: Trainable parameter count: 0.63M
INFO: Trainable parameter count: 0.69M
INFO: Trainable parameter count: 0.69M
INFO: Trainable parameter count: 0.76M
INFO: Trainable parameter count: 0.76M
INFO: Trainable parameter count: 1.28M
INFO: Trainable parameter count: 1.28M
INFO: Trainable parameter count: 1.81M
INFO: Trainable parameter count: 1.81M
INFO: Trainable parameter count: 1.81M
INFO: Trainable parameter count: 1.81M
INFO: Trainable parameter count: 1.81M
INFO: Trainable parameter count: 1.81M
INFO: Trainable parameter count: 1.88M
INFO: Trainable parameter count: 1.88M
INFO: Trainable parameter count: 1.94M
INFO: Trainable parameter count: 1.94M
INFO: Trainable parameter count: 2.01M
INFO: Trainable parameter count: 2.01M
INFO: Trainable parameter count: 2.07M
INFO: Trainable parameter count: 2.07M
INFO: Trainable parameter count: 2.60M
INFO: Trainable parameter count: 2.60M
INFO: Trainable parameter count: 3.12M
INFO: Trainable parameter count: 3.12M
INFO: Trainable parameter count: 3.12M
INFO: Trainable parameter count: 3.12M
INFO: Trainable parameter count: 3.12M
INFO: Trainable parameter count: 3.13M
INFO: Trainable parameter count: 3.32M
INFO: Trainable parameter count: 3.32M
INFO: Trainable parameter count: 3.32M
INFO: Trainable parameter count: 3.32M
INFO: Trainable parameter count: 3.32M
INFO: Trainable parameter count: 3.32M
INFO: Trainable parameter count: 3.39M
INFO: Trainable parameter count: 3.39M
INFO: Trainable parameter count: 3.45M
INFO: Trainable parameter count: 3.45M
INFO: Trainable parameter count: 3.52M
INFO: Trainable parameter count: 3.52M
INFO: Trainable parameter count: 3.59M
INFO: Trainable parameter count: 3.59M
INFO: Trainable parameter count: 3.65M
INFO: Trainable parameter count: 3.65M
INFO: Trainable parameter count: 3.72M
INFO: Trainable parameter count: 3.72M
INFO: Trainable parameter count: 3.78M
INFO: Trainable parameter count: 3.78M
INFO: Trainable parameter count: 3.85M
INFO: Trainable parameter count: 3.85M
INFO: Trainable parameter count: 4.37M
INFO: Trainable parameter count: 4.38M
INFO: Trainable parameter count: 4.90M
INFO: Trainable parameter count: 4.90M
INFO: Trainable parameter count: 4.90M
INFO: Trainable parameter count: 4.90M
INFO: Trainable parameter count: 4.90M
INFO: Trainable parameter count: 4.90M
INFO: Trainable parameter count: 4.90M
INFO: Trainable parameter count: 4.90M
INFO: Trainable parameter count: 4.90M
INFO: Trainable parameter count: 4.90M
INFO: Trainable parameter count: 4.98M
INFO: Trainable parameter count: 4.98M
Model(
  4.98 M, 99.908% Params, 495.4 MMac, 100.000% MACs, 
  (enc_embedding): DataEmbedding(
    247.55 k, 4.966% Params, 23.76 MMac, 4.797% MACs, 
    (value_embedding): TokenEmbedding(
      246.53 k, 4.945% Params, 23.67 MMac, 4.777% MACs, 
      (tokenConv): Conv1d(246.53 k, 4.945% Params, 23.67 MMac, 4.777% MACs, 321, 256, kernel_size=(3,), stride=(1,), padding=(1,), bias=False, padding_mode=circular)
    )
    (position_embedding): PositionalEmbedding(0, 0.000% Params, 0.0 Mac, 0.000% MACs, )
    (temporal_embedding): TimeFeatureEmbedding(
      1.02 k, 0.021% Params, 98.3 KMac, 0.020% MACs, 
      (embed): Linear(1.02 k, 0.021% Params, 98.3 KMac, 0.020% MACs, in_features=4, out_features=256, bias=False)
    )
    (dropout): Dropout(0, 0.000% Params, 0.0 Mac, 0.000% MACs, p=0.05, inplace=False)
  )
  (dec_embedding): DataEmbedding(
    247.55 k, 4.966% Params, 35.65 MMac, 7.196% MACs, 
    (value_embedding): TokenEmbedding(
      246.53 k, 4.945% Params, 35.5 MMac, 7.166% MACs, 
      (tokenConv): Conv1d(246.53 k, 4.945% Params, 35.5 MMac, 7.166% MACs, 321, 256, kernel_size=(3,), stride=(1,), padding=(1,), bias=False, padding_mode=circular)
    )
    (position_embedding): PositionalEmbedding(0, 0.000% Params, 0.0 Mac, 0.000% MACs, )
    (temporal_embedding): TimeFeatureEmbedding(
      1.02 k, 0.021% Params, 147.46 KMac, 0.030% MACs, 
      (embed): Linear(1.02 k, 0.021% Params, 147.46 KMac, 0.030% MACs, in_features=4, out_features=256, bias=False)
    )
    (dropout): Dropout(0, 0.000% Params, 0.0 Mac, 0.000% MACs, p=0.05, inplace=False)
  )
  (encoder): Encoder(
    2.83 M, 56.681% Params, 209.78 MMac, 42.346% MACs, 
    (attn_layers): ModuleList(
      2.63 M, 52.721% Params, 190.39 MMac, 38.431% MACs, 
      (0): EncoderLayer(
        1.31 M, 26.361% Params, 126.05 MMac, 25.444% MACs, 
        (attention): AttentionLayer(
          263.17 k, 5.279% Params, 25.17 MMac, 5.080% MACs, 
          (inner_attention): ProbAttention(
            0, 0.000% Params, 0.0 Mac, 0.000% MACs, 
            (dropout): Dropout(0, 0.000% Params, 0.0 Mac, 0.000% MACs, p=0.05, inplace=False)
          )
          (query_projection): Linear(65.79 k, 1.320% Params, 6.29 MMac, 1.270% MACs, in_features=256, out_features=256, bias=True)
          (key_projection): Linear(65.79 k, 1.320% Params, 6.29 MMac, 1.270% MACs, in_features=256, out_features=256, bias=True)
          (value_projection): Linear(65.79 k, 1.320% Params, 6.29 MMac, 1.270% MACs, in_features=256, out_features=256, bias=True)
          (out_projection): Linear(65.79 k, 1.320% Params, 6.29 MMac, 1.270% MACs, in_features=256, out_features=256, bias=True)
        )
        (conv1): Conv1d(526.34 k, 10.559% Params, 50.53 MMac, 10.199% MACs, 256, 2048, kernel_size=(1,), stride=(1,))
        (conv2): Conv1d(524.54 k, 10.523% Params, 50.36 MMac, 10.165% MACs, 2048, 256, kernel_size=(1,), stride=(1,))
        (norm1): LayerNorm(0, 0.000% Params, 0.0 Mac, 0.000% MACs, (256,), eps=1e-05, elementwise_affine=True)
        (norm2): LayerNorm(0, 0.000% Params, 0.0 Mac, 0.000% MACs, (256,), eps=1e-05, elementwise_affine=True)
        (dropout): Dropout(0, 0.000% Params, 0.0 Mac, 0.000% MACs, p=0.05, inplace=False)
      )
      (1): EncoderLayer(
        1.31 M, 26.361% Params, 64.34 MMac, 12.987% MACs, 
        (attention): AttentionLayer(
          263.17 k, 5.279% Params, 12.85 MMac, 2.593% MACs, 
          (inner_attention): ProbAttention(
            0, 0.000% Params, 0.0 Mac, 0.000% MACs, 
            (dropout): Dropout(0, 0.000% Params, 0.0 Mac, 0.000% MACs, p=0.05, inplace=False)
          )
          (query_projection): Linear(65.79 k, 1.320% Params, 3.21 MMac, 0.648% MACs, in_features=256, out_features=256, bias=True)
          (key_projection): Linear(65.79 k, 1.320% Params, 3.21 MMac, 0.648% MACs, in_features=256, out_features=256, bias=True)
          (value_projection): Linear(65.79 k, 1.320% Params, 3.21 MMac, 0.648% MACs, in_features=256, out_features=256, bias=True)
          (out_projection): Linear(65.79 k, 1.320% Params, 3.21 MMac, 0.648% MACs, in_features=256, out_features=256, bias=True)
        )
        (conv1): Conv1d(526.34 k, 10.559% Params, 25.79 MMac, 5.206% MACs, 256, 2048, kernel_size=(1,), stride=(1,))
        (conv2): Conv1d(524.54 k, 10.523% Params, 25.7 MMac, 5.188% MACs, 2048, 256, kernel_size=(1,), stride=(1,))
        (norm1): LayerNorm(0, 0.000% Params, 0.0 Mac, 0.000% MACs, (256,), eps=1e-05, elementwise_affine=True)
        (norm2): LayerNorm(0, 0.000% Params, 0.0 Mac, 0.000% MACs, (256,), eps=1e-05, elementwise_affine=True)
        (dropout): Dropout(0, 0.000% Params, 0.0 Mac, 0.000% MACs, p=0.05, inplace=False)
      )
    )
    (conv_layers): ModuleList(
      197.38 k, 3.959% Params, 19.39 MMac, 3.915% MACs, 
      (0): ConvLayer(
        197.38 k, 3.959% Params, 19.39 MMac, 3.915% MACs, 
        (downConv): Conv1d(196.86 k, 3.949% Params, 19.29 MMac, 3.894% MACs, 256, 256, kernel_size=(3,), stride=(1,), padding=(2,), padding_mode=circular)
        (norm): BatchNorm1d(512, 0.010% Params, 50.18 KMac, 0.010% MACs, 256, eps=1e-05, momentum=0.1, affine=True, track_running_stats=True)
        (activation): ELU(0, 0.000% Params, 25.09 KMac, 0.005% MACs, alpha=1.0)
        (maxPool): MaxPool1d(0, 0.000% Params, 25.09 KMac, 0.005% MACs, kernel_size=3, stride=2, padding=1, dilation=1, ceil_mode=False)
      )
    )
    (norm): LayerNorm(0, 0.000% Params, 0.0 Mac, 0.000% MACs, (256,), eps=1e-05, elementwise_affine=True)
  )
  (decoder): Decoder(
    1.66 M, 33.295% Params, 226.21 MMac, 45.661% MACs, 
    (layers): ModuleList(
      1.58 M, 31.640% Params, 214.37 MMac, 43.273% MACs, 
      (0): DecoderLayer(
        1.58 M, 31.640% Params, 214.37 MMac, 43.273% MACs, 
        (self_attention): AttentionLayer(
          263.17 k, 5.279% Params, 37.75 MMac, 7.620% MACs, 
          (inner_attention): ProbAttention(
            0, 0.000% Params, 0.0 Mac, 0.000% MACs, 
            (dropout): Dropout(0, 0.000% Params, 0.0 Mac, 0.000% MACs, p=0.05, inplace=False)
          )
          (query_projection): Linear(65.79 k, 1.320% Params, 9.44 MMac, 1.905% MACs, in_features=256, out_features=256, bias=True)
          (key_projection): Linear(65.79 k, 1.320% Params, 9.44 MMac, 1.905% MACs, in_features=256, out_features=256, bias=True)
          (value_projection): Linear(65.79 k, 1.320% Params, 9.44 MMac, 1.905% MACs, in_features=256, out_features=256, bias=True)
          (out_projection): Linear(65.79 k, 1.320% Params, 9.44 MMac, 1.905% MACs, in_features=256, out_features=256, bias=True)
        )
        (cross_attention): AttentionLayer(
          263.17 k, 5.279% Params, 25.3 MMac, 5.107% MACs, 
          (inner_attention): ProbAttention(
            0, 0.000% Params, 0.0 Mac, 0.000% MACs, 
            (dropout): Dropout(0, 0.000% Params, 0.0 Mac, 0.000% MACs, p=0.05, inplace=False)
          )
          (query_projection): Linear(65.79 k, 1.320% Params, 9.44 MMac, 1.905% MACs, in_features=256, out_features=256, bias=True)
          (key_projection): Linear(65.79 k, 1.320% Params, 3.21 MMac, 0.648% MACs, in_features=256, out_features=256, bias=True)
          (value_projection): Linear(65.79 k, 1.320% Params, 3.21 MMac, 0.648% MACs, in_features=256, out_features=256, bias=True)
          (out_projection): Linear(65.79 k, 1.320% Params, 9.44 MMac, 1.905% MACs, in_features=256, out_features=256, bias=True)
        )
        (conv1): Conv1d(526.34 k, 10.559% Params, 75.79 MMac, 15.299% MACs, 256, 2048, kernel_size=(1,), stride=(1,))
        (conv2): Conv1d(524.54 k, 10.523% Params, 75.53 MMac, 15.247% MACs, 2048, 256, kernel_size=(1,), stride=(1,))
        (norm1): LayerNorm(0, 0.000% Params, 0.0 Mac, 0.000% MACs, (256,), eps=1e-05, elementwise_affine=True)
        (norm2): LayerNorm(0, 0.000% Params, 0.0 Mac, 0.000% MACs, (256,), eps=1e-05, elementwise_affine=True)
        (norm3): LayerNorm(0, 0.000% Params, 0.0 Mac, 0.000% MACs, (256,), eps=1e-05, elementwise_affine=True)
        (dropout): Dropout(0, 0.000% Params, 0.0 Mac, 0.000% MACs, p=0.05, inplace=False)
      )
    )
    (norm): LayerNorm(0, 0.000% Params, 0.0 Mac, 0.000% MACs, (256,), eps=1e-05, elementwise_affine=True)
    (projection): Linear(82.5 k, 1.655% Params, 11.83 MMac, 2.389% MACs, in_features=256, out_features=321, bias=True)
  )
)
Computational complexity:       495.4 MMac
Number of parameters:           4.98 M  
