Args in experiment:
Namespace(is_training=1, model_id='ETTh1_96_96', model='Transformer', data='ETTh1', root_path='./dataset/', data_path='ETTh1.csv', features='M', target='OT', freq='h', checkpoints='./checkpoints/', seq_len=96, label_len=48, pred_len=96, individual=False, embed_type=0, enc_in=7, dec_in=7, c_out=7, d_model=256, n_heads=8, e_layers=2, d_layers=1, d_ff=2048, moving_avg=25, factor=3, distil=True, dropout=0.05, embed='timeF', activation='gelu', output_attention=False, do_predict=False, num_workers=10, itr=1, train_epochs=10, batch_size=32, patience=3, learning_rate=0.0001, des='Exp', loss='mse', lradj='type1', use_amp=False, use_gpu=True, gpu=3, use_multi_gpu=False, devices='0,1,2,3', test_flop=True)
Use GPU: cuda:3
>>>>>>>start training : ETTh1_96_96_Transformer_ETTh1_ftM_sl96_ll48_pl96_dm256_nh8_el2_dl1_df2048_fc3_ebtimeF_dtTrue_Exp_0>>>>>>>>>>>>>>>>>>>>>>>>>>
train 8449
val 2785
test 2785
Epoch: 1 cost time: 12.382084131240845
Epoch: 1, Steps: 264 | Train Loss: 0.4785805 Vali Loss: 1.1229923 Test Loss: 1.0428438
Validation loss decreased (inf --> 1.122992).  Saving model ...
Updating learning rate to 0.0001
Epoch: 2 cost time: 8.119150161743164
Epoch: 2, Steps: 264 | Train Loss: 0.3240799 Vali Loss: 0.9750872 Test Loss: 0.9004465
Validation loss decreased (1.122992 --> 0.975087).  Saving model ...
Updating learning rate to 5e-05
Epoch: 3 cost time: 8.051482677459717
Epoch: 3, Steps: 264 | Train Loss: 0.2654483 Vali Loss: 1.0294586 Test Loss: 1.0126778
EarlyStopping counter: 1 out of 3
Updating learning rate to 2.5e-05
Epoch: 4 cost time: 8.036515951156616
Epoch: 4, Steps: 264 | Train Loss: 0.2467213 Vali Loss: 1.0679835 Test Loss: 1.0814772
EarlyStopping counter: 2 out of 3
Updating learning rate to 1.25e-05
Epoch: 5 cost time: 7.99772572517395
Epoch: 5, Steps: 264 | Train Loss: 0.2393751 Vali Loss: 1.0950164 Test Loss: 1.1253617
EarlyStopping counter: 3 out of 3
Early stopping
>>>>>>>testing : ETTh1_96_96_Transformer_ETTh1_ftM_sl96_ll48_pl96_dm256_nh8_el2_dl1_df2048_fc3_ebtimeF_dtTrue_Exp_0<<<<<<<<<<<<<<<<<<<<<<<<<<<<<<<<<
test 2785
mse:0.9004465341567993, mae:0.7652842998504639
INFO: Trainable parameter count: 0.01M
INFO: Trainable parameter count: 0.01M
INFO: Trainable parameter count: 0.01M
INFO: Trainable parameter count: 0.01M
INFO: Trainable parameter count: 0.08M
INFO: Trainable parameter count: 0.08M
INFO: Trainable parameter count: 0.14M
INFO: Trainable parameter count: 0.14M
INFO: Trainable parameter count: 0.21M
INFO: Trainable parameter count: 0.21M
INFO: Trainable parameter count: 0.28M
INFO: Trainable parameter count: 0.28M
INFO: Trainable parameter count: 0.80M
INFO: Trainable parameter count: 0.80M
INFO: Trainable parameter count: 1.33M
INFO: Trainable parameter count: 1.33M
INFO: Trainable parameter count: 1.33M
INFO: Trainable parameter count: 1.33M
INFO: Trainable parameter count: 1.33M
INFO: Trainable parameter count: 1.33M
INFO: Trainable parameter count: 1.39M
INFO: Trainable parameter count: 1.39M
INFO: Trainable parameter count: 1.46M
INFO: Trainable parameter count: 1.46M
INFO: Trainable parameter count: 1.52M
INFO: Trainable parameter count: 1.53M
INFO: Trainable parameter count: 1.59M
INFO: Trainable parameter count: 1.59M
INFO: Trainable parameter count: 2.12M
INFO: Trainable parameter count: 2.12M
INFO: Trainable parameter count: 2.64M
INFO: Trainable parameter count: 2.64M
INFO: Trainable parameter count: 2.64M
INFO: Trainable parameter count: 2.64M
INFO: Trainable parameter count: 2.64M
INFO: Trainable parameter count: 2.64M
INFO: Trainable parameter count: 2.64M
INFO: Trainable parameter count: 2.64M
INFO: Trainable parameter count: 2.71M
INFO: Trainable parameter count: 2.71M
INFO: Trainable parameter count: 2.77M
INFO: Trainable parameter count: 2.78M
INFO: Trainable parameter count: 2.84M
INFO: Trainable parameter count: 2.84M
INFO: Trainable parameter count: 2.91M
INFO: Trainable parameter count: 2.91M
INFO: Trainable parameter count: 2.97M
INFO: Trainable parameter count: 2.97M
INFO: Trainable parameter count: 3.04M
INFO: Trainable parameter count: 3.04M
INFO: Trainable parameter count: 3.10M
INFO: Trainable parameter count: 3.10M
INFO: Trainable parameter count: 3.17M
INFO: Trainable parameter count: 3.17M
INFO: Trainable parameter count: 3.69M
INFO: Trainable parameter count: 3.70M
INFO: Trainable parameter count: 4.22M
INFO: Trainable parameter count: 4.22M
INFO: Trainable parameter count: 4.22M
INFO: Trainable parameter count: 4.22M
INFO: Trainable parameter count: 4.22M
INFO: Trainable parameter count: 4.22M
INFO: Trainable parameter count: 4.22M
INFO: Trainable parameter count: 4.22M
INFO: Trainable parameter count: 4.22M
INFO: Trainable parameter count: 4.22M
INFO: Trainable parameter count: 4.22M
INFO: Trainable parameter count: 4.22M
Model(
  4.22 M, 99.891% Params, 474.43 MMac, 100.000% MACs, 
  (enc_embedding): DataEmbedding(
    6.4 k, 0.151% Params, 614.4 KMac, 0.130% MACs, 
    (value_embedding): TokenEmbedding(
      5.38 k, 0.127% Params, 516.1 KMac, 0.109% MACs, 
      (tokenConv): Conv1d(5.38 k, 0.127% Params, 516.1 KMac, 0.109% MACs, 7, 256, kernel_size=(3,), stride=(1,), padding=(1,), bias=False, padding_mode=circular)
    )
    (position_embedding): PositionalEmbedding(0, 0.000% Params, 0.0 Mac, 0.000% MACs, )
    (temporal_embedding): TimeFeatureEmbedding(
      1.02 k, 0.024% Params, 98.3 KMac, 0.021% MACs, 
      (embed): Linear(1.02 k, 0.024% Params, 98.3 KMac, 0.021% MACs, in_features=4, out_features=256, bias=False)
    )
    (dropout): Dropout(0, 0.000% Params, 0.0 Mac, 0.000% MACs, p=0.05, inplace=False)
  )
  (dec_embedding): DataEmbedding(
    6.4 k, 0.151% Params, 921.6 KMac, 0.194% MACs, 
    (value_embedding): TokenEmbedding(
      5.38 k, 0.127% Params, 774.14 KMac, 0.163% MACs, 
      (tokenConv): Conv1d(5.38 k, 0.127% Params, 774.14 KMac, 0.163% MACs, 7, 256, kernel_size=(3,), stride=(1,), padding=(1,), bias=False, padding_mode=circular)
    )
    (position_embedding): PositionalEmbedding(0, 0.000% Params, 0.0 Mac, 0.000% MACs, )
    (temporal_embedding): TimeFeatureEmbedding(
      1.02 k, 0.024% Params, 147.46 KMac, 0.031% MACs, 
      (embed): Linear(1.02 k, 0.024% Params, 147.46 KMac, 0.031% MACs, in_features=4, out_features=256, bias=False)
    )
    (dropout): Dropout(0, 0.000% Params, 0.0 Mac, 0.000% MACs, p=0.05, inplace=False)
  )
  (encoder): Encoder(
    2.63 M, 62.211% Params, 252.1 MMac, 53.138% MACs, 
    (attn_layers): ModuleList(
      2.63 M, 62.211% Params, 252.1 MMac, 53.138% MACs, 
      (0): EncoderLayer(
        1.31 M, 31.105% Params, 126.05 MMac, 26.569% MACs, 
        (attention): AttentionLayer(
          263.17 k, 6.230% Params, 25.17 MMac, 5.305% MACs, 
          (inner_attention): FullAttention(
            0, 0.000% Params, 0.0 Mac, 0.000% MACs, 
            (dropout): Dropout(0, 0.000% Params, 0.0 Mac, 0.000% MACs, p=0.05, inplace=False)
          )
          (query_projection): Linear(65.79 k, 1.557% Params, 6.29 MMac, 1.326% MACs, in_features=256, out_features=256, bias=True)
          (key_projection): Linear(65.79 k, 1.557% Params, 6.29 MMac, 1.326% MACs, in_features=256, out_features=256, bias=True)
          (value_projection): Linear(65.79 k, 1.557% Params, 6.29 MMac, 1.326% MACs, in_features=256, out_features=256, bias=True)
          (out_projection): Linear(65.79 k, 1.557% Params, 6.29 MMac, 1.326% MACs, in_features=256, out_features=256, bias=True)
        )
        (conv1): Conv1d(526.34 k, 12.459% Params, 50.53 MMac, 10.650% MACs, 256, 2048, kernel_size=(1,), stride=(1,))
        (conv2): Conv1d(524.54 k, 12.417% Params, 50.36 MMac, 10.614% MACs, 2048, 256, kernel_size=(1,), stride=(1,))
        (norm1): LayerNorm(0, 0.000% Params, 0.0 Mac, 0.000% MACs, (256,), eps=1e-05, elementwise_affine=True)
        (norm2): LayerNorm(0, 0.000% Params, 0.0 Mac, 0.000% MACs, (256,), eps=1e-05, elementwise_affine=True)
        (dropout): Dropout(0, 0.000% Params, 0.0 Mac, 0.000% MACs, p=0.05, inplace=False)
      )
      (1): EncoderLayer(
        1.31 M, 31.105% Params, 126.05 MMac, 26.569% MACs, 
        (attention): AttentionLayer(
          263.17 k, 6.230% Params, 25.17 MMac, 5.305% MACs, 
          (inner_attention): FullAttention(
            0, 0.000% Params, 0.0 Mac, 0.000% MACs, 
            (dropout): Dropout(0, 0.000% Params, 0.0 Mac, 0.000% MACs, p=0.05, inplace=False)
          )
          (query_projection): Linear(65.79 k, 1.557% Params, 6.29 MMac, 1.326% MACs, in_features=256, out_features=256, bias=True)
          (key_projection): Linear(65.79 k, 1.557% Params, 6.29 MMac, 1.326% MACs, in_features=256, out_features=256, bias=True)
          (value_projection): Linear(65.79 k, 1.557% Params, 6.29 MMac, 1.326% MACs, in_features=256, out_features=256, bias=True)
          (out_projection): Linear(65.79 k, 1.557% Params, 6.29 MMac, 1.326% MACs, in_features=256, out_features=256, bias=True)
        )
        (conv1): Conv1d(526.34 k, 12.459% Params, 50.53 MMac, 10.650% MACs, 256, 2048, kernel_size=(1,), stride=(1,))
        (conv2): Conv1d(524.54 k, 12.417% Params, 50.36 MMac, 10.614% MACs, 2048, 256, kernel_size=(1,), stride=(1,))
        (norm1): LayerNorm(0, 0.000% Params, 0.0 Mac, 0.000% MACs, (256,), eps=1e-05, elementwise_affine=True)
        (norm2): LayerNorm(0, 0.000% Params, 0.0 Mac, 0.000% MACs, (256,), eps=1e-05, elementwise_affine=True)
        (dropout): Dropout(0, 0.000% Params, 0.0 Mac, 0.000% MACs, p=0.05, inplace=False)
      )
    )
    (norm): LayerNorm(0, 0.000% Params, 0.0 Mac, 0.000% MACs, (256,), eps=1e-05, elementwise_affine=True)
  )
  (decoder): Decoder(
    1.58 M, 37.377% Params, 220.79 MMac, 46.538% MACs, 
    (layers): ModuleList(
      1.58 M, 37.335% Params, 220.53 MMac, 46.484% MACs, 
      (0): DecoderLayer(
        1.58 M, 37.335% Params, 220.53 MMac, 46.484% MACs, 
        (self_attention): AttentionLayer(
          263.17 k, 6.230% Params, 37.75 MMac, 7.957% MACs, 
          (inner_attention): FullAttention(
            0, 0.000% Params, 0.0 Mac, 0.000% MACs, 
            (dropout): Dropout(0, 0.000% Params, 0.0 Mac, 0.000% MACs, p=0.05, inplace=False)
          )
          (query_projection): Linear(65.79 k, 1.557% Params, 9.44 MMac, 1.989% MACs, in_features=256, out_features=256, bias=True)
          (key_projection): Linear(65.79 k, 1.557% Params, 9.44 MMac, 1.989% MACs, in_features=256, out_features=256, bias=True)
          (value_projection): Linear(65.79 k, 1.557% Params, 9.44 MMac, 1.989% MACs, in_features=256, out_features=256, bias=True)
          (out_projection): Linear(65.79 k, 1.557% Params, 9.44 MMac, 1.989% MACs, in_features=256, out_features=256, bias=True)
        )
        (cross_attention): AttentionLayer(
          263.17 k, 6.230% Params, 31.46 MMac, 6.631% MACs, 
          (inner_attention): FullAttention(
            0, 0.000% Params, 0.0 Mac, 0.000% MACs, 
            (dropout): Dropout(0, 0.000% Params, 0.0 Mac, 0.000% MACs, p=0.05, inplace=False)
          )
          (query_projection): Linear(65.79 k, 1.557% Params, 9.44 MMac, 1.989% MACs, in_features=256, out_features=256, bias=True)
          (key_projection): Linear(65.79 k, 1.557% Params, 6.29 MMac, 1.326% MACs, in_features=256, out_features=256, bias=True)
          (value_projection): Linear(65.79 k, 1.557% Params, 6.29 MMac, 1.326% MACs, in_features=256, out_features=256, bias=True)
          (out_projection): Linear(65.79 k, 1.557% Params, 9.44 MMac, 1.989% MACs, in_features=256, out_features=256, bias=True)
        )
        (conv1): Conv1d(526.34 k, 12.459% Params, 75.79 MMac, 15.975% MACs, 256, 2048, kernel_size=(1,), stride=(1,))
        (conv2): Conv1d(524.54 k, 12.417% Params, 75.53 MMac, 15.921% MACs, 2048, 256, kernel_size=(1,), stride=(1,))
        (norm1): LayerNorm(0, 0.000% Params, 0.0 Mac, 0.000% MACs, (256,), eps=1e-05, elementwise_affine=True)
        (norm2): LayerNorm(0, 0.000% Params, 0.0 Mac, 0.000% MACs, (256,), eps=1e-05, elementwise_affine=True)
        (norm3): LayerNorm(0, 0.000% Params, 0.0 Mac, 0.000% MACs, (256,), eps=1e-05, elementwise_affine=True)
        (dropout): Dropout(0, 0.000% Params, 0.0 Mac, 0.000% MACs, p=0.05, inplace=False)
      )
    )
    (norm): LayerNorm(0, 0.000% Params, 0.0 Mac, 0.000% MACs, (256,), eps=1e-05, elementwise_affine=True)
    (projection): Linear(1.8 k, 0.043% Params, 258.06 KMac, 0.054% MACs, in_features=256, out_features=7, bias=True)
  )
)
Computational complexity:       474.43 MMac
Number of parameters:           4.22 M  
