Args in experiment:
Namespace(is_training=1, model_id='ETTh1_96_96', model='Transformer', data='ETTh1', root_path='./dataset/', data_path='ETTh1.csv', features='M', target='OT', freq='h', checkpoints='./checkpoints/', seq_len=96, label_len=48, pred_len=96, individual=False, embed_type=0, enc_in=7, dec_in=7, c_out=7, d_model=128, n_heads=8, e_layers=2, d_layers=1, d_ff=2048, moving_avg=25, factor=3, distil=True, dropout=0.05, embed='timeF', activation='gelu', output_attention=False, do_predict=False, num_workers=10, itr=1, train_epochs=10, batch_size=32, patience=3, learning_rate=0.0001, des='Exp', loss='mse', lradj='type1', use_amp=False, use_gpu=True, gpu=3, use_multi_gpu=False, devices='0,1,2,3', test_flop=True)
Use GPU: cuda:3
>>>>>>>start training : ETTh1_96_96_Transformer_ETTh1_ftM_sl96_ll48_pl96_dm128_nh8_el2_dl1_df2048_fc3_ebtimeF_dtTrue_Exp_0>>>>>>>>>>>>>>>>>>>>>>>>>>
train 8449
val 2785
test 2785
Epoch: 1 cost time: 12.545075416564941
Epoch: 1, Steps: 264 | Train Loss: 0.5105887 Vali Loss: 1.1253531 Test Loss: 0.8767451
Validation loss decreased (inf --> 1.125353).  Saving model ...
Updating learning rate to 0.0001
Epoch: 2 cost time: 7.978201150894165
Epoch: 2, Steps: 264 | Train Loss: 0.4163074 Vali Loss: 1.0434439 Test Loss: 0.8640358
Validation loss decreased (1.125353 --> 1.043444).  Saving model ...
Updating learning rate to 5e-05
Epoch: 3 cost time: 7.914743185043335
Epoch: 3, Steps: 264 | Train Loss: 0.3300158 Vali Loss: 1.0163159 Test Loss: 0.8650457
Validation loss decreased (1.043444 --> 1.016316).  Saving model ...
Updating learning rate to 2.5e-05
Epoch: 4 cost time: 7.947906732559204
Epoch: 4, Steps: 264 | Train Loss: 0.3086578 Vali Loss: 1.0436553 Test Loss: 0.9159451
EarlyStopping counter: 1 out of 3
Updating learning rate to 1.25e-05
Epoch: 5 cost time: 7.781919717788696
Epoch: 5, Steps: 264 | Train Loss: 0.3006299 Vali Loss: 1.0365815 Test Loss: 0.9216908
EarlyStopping counter: 2 out of 3
Updating learning rate to 6.25e-06
Epoch: 6 cost time: 8.00623345375061
Epoch: 6, Steps: 264 | Train Loss: 0.2967282 Vali Loss: 1.0425659 Test Loss: 0.9284055
EarlyStopping counter: 3 out of 3
Early stopping
>>>>>>>testing : ETTh1_96_96_Transformer_ETTh1_ftM_sl96_ll48_pl96_dm128_nh8_el2_dl1_df2048_fc3_ebtimeF_dtTrue_Exp_0<<<<<<<<<<<<<<<<<<<<<<<<<<<<<<<<<
test 2785
mse:0.8650457859039307, mae:0.7422913908958435
INFO: Trainable parameter count: 0.00M
INFO: Trainable parameter count: 0.00M
INFO: Trainable parameter count: 0.01M
INFO: Trainable parameter count: 0.01M
INFO: Trainable parameter count: 0.02M
INFO: Trainable parameter count: 0.02M
INFO: Trainable parameter count: 0.04M
INFO: Trainable parameter count: 0.04M
INFO: Trainable parameter count: 0.06M
INFO: Trainable parameter count: 0.06M
INFO: Trainable parameter count: 0.07M
INFO: Trainable parameter count: 0.07M
INFO: Trainable parameter count: 0.33M
INFO: Trainable parameter count: 0.34M
INFO: Trainable parameter count: 0.60M
INFO: Trainable parameter count: 0.60M
INFO: Trainable parameter count: 0.60M
INFO: Trainable parameter count: 0.60M
INFO: Trainable parameter count: 0.60M
INFO: Trainable parameter count: 0.60M
INFO: Trainable parameter count: 0.62M
INFO: Trainable parameter count: 0.62M
INFO: Trainable parameter count: 0.63M
INFO: Trainable parameter count: 0.63M
INFO: Trainable parameter count: 0.65M
INFO: Trainable parameter count: 0.65M
INFO: Trainable parameter count: 0.67M
INFO: Trainable parameter count: 0.67M
INFO: Trainable parameter count: 0.93M
INFO: Trainable parameter count: 0.93M
INFO: Trainable parameter count: 1.19M
INFO: Trainable parameter count: 1.19M
INFO: Trainable parameter count: 1.19M
INFO: Trainable parameter count: 1.19M
INFO: Trainable parameter count: 1.19M
INFO: Trainable parameter count: 1.19M
INFO: Trainable parameter count: 1.19M
INFO: Trainable parameter count: 1.19M
INFO: Trainable parameter count: 1.21M
INFO: Trainable parameter count: 1.21M
INFO: Trainable parameter count: 1.23M
INFO: Trainable parameter count: 1.23M
INFO: Trainable parameter count: 1.24M
INFO: Trainable parameter count: 1.24M
INFO: Trainable parameter count: 1.26M
INFO: Trainable parameter count: 1.26M
INFO: Trainable parameter count: 1.28M
INFO: Trainable parameter count: 1.28M
INFO: Trainable parameter count: 1.29M
INFO: Trainable parameter count: 1.29M
INFO: Trainable parameter count: 1.31M
INFO: Trainable parameter count: 1.31M
INFO: Trainable parameter count: 1.32M
INFO: Trainable parameter count: 1.32M
INFO: Trainable parameter count: 1.59M
INFO: Trainable parameter count: 1.59M
INFO: Trainable parameter count: 1.85M
INFO: Trainable parameter count: 1.85M
INFO: Trainable parameter count: 1.85M
INFO: Trainable parameter count: 1.85M
INFO: Trainable parameter count: 1.85M
INFO: Trainable parameter count: 1.85M
INFO: Trainable parameter count: 1.85M
INFO: Trainable parameter count: 1.85M
INFO: Trainable parameter count: 1.85M
INFO: Trainable parameter count: 1.85M
INFO: Trainable parameter count: 1.85M
INFO: Trainable parameter count: 1.85M
Model(
  1.85 M, 99.876% Params, 207.68 MMac, 100.000% MACs, 
  (enc_embedding): DataEmbedding(
    3.2 k, 0.173% Params, 307.2 KMac, 0.148% MACs, 
    (value_embedding): TokenEmbedding(
      2.69 k, 0.145% Params, 258.05 KMac, 0.124% MACs, 
      (tokenConv): Conv1d(2.69 k, 0.145% Params, 258.05 KMac, 0.124% MACs, 7, 128, kernel_size=(3,), stride=(1,), padding=(1,), bias=False, padding_mode=circular)
    )
    (position_embedding): PositionalEmbedding(0, 0.000% Params, 0.0 Mac, 0.000% MACs, )
    (temporal_embedding): TimeFeatureEmbedding(
      512, 0.028% Params, 49.15 KMac, 0.024% MACs, 
      (embed): Linear(512, 0.028% Params, 49.15 KMac, 0.024% MACs, in_features=4, out_features=128, bias=False)
    )
    (dropout): Dropout(0, 0.000% Params, 0.0 Mac, 0.000% MACs, p=0.05, inplace=False)
  )
  (dec_embedding): DataEmbedding(
    3.2 k, 0.173% Params, 460.8 KMac, 0.222% MACs, 
    (value_embedding): TokenEmbedding(
      2.69 k, 0.145% Params, 387.07 KMac, 0.186% MACs, 
      (tokenConv): Conv1d(2.69 k, 0.145% Params, 387.07 KMac, 0.186% MACs, 7, 128, kernel_size=(3,), stride=(1,), padding=(1,), bias=False, padding_mode=circular)
    )
    (position_embedding): PositionalEmbedding(0, 0.000% Params, 0.0 Mac, 0.000% MACs, )
    (temporal_embedding): TimeFeatureEmbedding(
      512, 0.028% Params, 73.73 KMac, 0.036% MACs, 
      (embed): Linear(512, 0.028% Params, 73.73 KMac, 0.036% MACs, in_features=4, out_features=128, bias=False)
    )
    (dropout): Dropout(0, 0.000% Params, 0.0 Mac, 0.000% MACs, p=0.05, inplace=False)
  )
  (encoder): Encoder(
    1.19 M, 63.945% Params, 113.67 MMac, 54.732% MACs, 
    (attn_layers): ModuleList(
      1.19 M, 63.945% Params, 113.67 MMac, 54.732% MACs, 
      (0): EncoderLayer(
        592.51 k, 31.973% Params, 56.83 MMac, 27.366% MACs, 
        (attention): AttentionLayer(
          66.05 k, 3.564% Params, 6.29 MMac, 3.030% MACs, 
          (inner_attention): FullAttention(
            0, 0.000% Params, 0.0 Mac, 0.000% MACs, 
            (dropout): Dropout(0, 0.000% Params, 0.0 Mac, 0.000% MACs, p=0.05, inplace=False)
          )
          (query_projection): Linear(16.51 k, 0.891% Params, 1.57 MMac, 0.757% MACs, in_features=128, out_features=128, bias=True)
          (key_projection): Linear(16.51 k, 0.891% Params, 1.57 MMac, 0.757% MACs, in_features=128, out_features=128, bias=True)
          (value_projection): Linear(16.51 k, 0.891% Params, 1.57 MMac, 0.757% MACs, in_features=128, out_features=128, bias=True)
          (out_projection): Linear(16.51 k, 0.891% Params, 1.57 MMac, 0.757% MACs, in_features=128, out_features=128, bias=True)
        )
        (conv1): Conv1d(264.19 k, 14.256% Params, 25.36 MMac, 12.213% MACs, 128, 2048, kernel_size=(1,), stride=(1,))
        (conv2): Conv1d(262.27 k, 14.152% Params, 25.18 MMac, 12.124% MACs, 2048, 128, kernel_size=(1,), stride=(1,))
        (norm1): LayerNorm(0, 0.000% Params, 0.0 Mac, 0.000% MACs, (128,), eps=1e-05, elementwise_affine=True)
        (norm2): LayerNorm(0, 0.000% Params, 0.0 Mac, 0.000% MACs, (128,), eps=1e-05, elementwise_affine=True)
        (dropout): Dropout(0, 0.000% Params, 0.0 Mac, 0.000% MACs, p=0.05, inplace=False)
      )
      (1): EncoderLayer(
        592.51 k, 31.973% Params, 56.83 MMac, 27.366% MACs, 
        (attention): AttentionLayer(
          66.05 k, 3.564% Params, 6.29 MMac, 3.030% MACs, 
          (inner_attention): FullAttention(
            0, 0.000% Params, 0.0 Mac, 0.000% MACs, 
            (dropout): Dropout(0, 0.000% Params, 0.0 Mac, 0.000% MACs, p=0.05, inplace=False)
          )
          (query_projection): Linear(16.51 k, 0.891% Params, 1.57 MMac, 0.757% MACs, in_features=128, out_features=128, bias=True)
          (key_projection): Linear(16.51 k, 0.891% Params, 1.57 MMac, 0.757% MACs, in_features=128, out_features=128, bias=True)
          (value_projection): Linear(16.51 k, 0.891% Params, 1.57 MMac, 0.757% MACs, in_features=128, out_features=128, bias=True)
          (out_projection): Linear(16.51 k, 0.891% Params, 1.57 MMac, 0.757% MACs, in_features=128, out_features=128, bias=True)
        )
        (conv1): Conv1d(264.19 k, 14.256% Params, 25.36 MMac, 12.213% MACs, 128, 2048, kernel_size=(1,), stride=(1,))
        (conv2): Conv1d(262.27 k, 14.152% Params, 25.18 MMac, 12.124% MACs, 2048, 128, kernel_size=(1,), stride=(1,))
        (norm1): LayerNorm(0, 0.000% Params, 0.0 Mac, 0.000% MACs, (128,), eps=1e-05, elementwise_affine=True)
        (norm2): LayerNorm(0, 0.000% Params, 0.0 Mac, 0.000% MACs, (128,), eps=1e-05, elementwise_affine=True)
        (dropout): Dropout(0, 0.000% Params, 0.0 Mac, 0.000% MACs, p=0.05, inplace=False)
      )
    )
    (norm): LayerNorm(0, 0.000% Params, 0.0 Mac, 0.000% MACs, (128,), eps=1e-05, elementwise_affine=True)
  )
  (decoder): Decoder(
    659.46 k, 35.585% Params, 93.24 MMac, 44.898% MACs, 
    (layers): ModuleList(
      658.56 k, 35.537% Params, 93.11 MMac, 44.836% MACs, 
      (0): DecoderLayer(
        658.56 k, 35.537% Params, 93.11 MMac, 44.836% MACs, 
        (self_attention): AttentionLayer(
          66.05 k, 3.564% Params, 9.44 MMac, 4.544% MACs, 
          (inner_attention): FullAttention(
            0, 0.000% Params, 0.0 Mac, 0.000% MACs, 
            (dropout): Dropout(0, 0.000% Params, 0.0 Mac, 0.000% MACs, p=0.05, inplace=False)
          )
          (query_projection): Linear(16.51 k, 0.891% Params, 2.36 MMac, 1.136% MACs, in_features=128, out_features=128, bias=True)
          (key_projection): Linear(16.51 k, 0.891% Params, 2.36 MMac, 1.136% MACs, in_features=128, out_features=128, bias=True)
          (value_projection): Linear(16.51 k, 0.891% Params, 2.36 MMac, 1.136% MACs, in_features=128, out_features=128, bias=True)
          (out_projection): Linear(16.51 k, 0.891% Params, 2.36 MMac, 1.136% MACs, in_features=128, out_features=128, bias=True)
        )
        (cross_attention): AttentionLayer(
          66.05 k, 3.564% Params, 7.86 MMac, 3.787% MACs, 
          (inner_attention): FullAttention(
            0, 0.000% Params, 0.0 Mac, 0.000% MACs, 
            (dropout): Dropout(0, 0.000% Params, 0.0 Mac, 0.000% MACs, p=0.05, inplace=False)
          )
          (query_projection): Linear(16.51 k, 0.891% Params, 2.36 MMac, 1.136% MACs, in_features=128, out_features=128, bias=True)
          (key_projection): Linear(16.51 k, 0.891% Params, 1.57 MMac, 0.757% MACs, in_features=128, out_features=128, bias=True)
          (value_projection): Linear(16.51 k, 0.891% Params, 1.57 MMac, 0.757% MACs, in_features=128, out_features=128, bias=True)
          (out_projection): Linear(16.51 k, 0.891% Params, 2.36 MMac, 1.136% MACs, in_features=128, out_features=128, bias=True)
        )
        (conv1): Conv1d(264.19 k, 14.256% Params, 38.04 MMac, 18.319% MACs, 128, 2048, kernel_size=(1,), stride=(1,))
        (conv2): Conv1d(262.27 k, 14.152% Params, 37.77 MMac, 18.186% MACs, 2048, 128, kernel_size=(1,), stride=(1,))
        (norm1): LayerNorm(0, 0.000% Params, 0.0 Mac, 0.000% MACs, (128,), eps=1e-05, elementwise_affine=True)
        (norm2): LayerNorm(0, 0.000% Params, 0.0 Mac, 0.000% MACs, (128,), eps=1e-05, elementwise_affine=True)
        (norm3): LayerNorm(0, 0.000% Params, 0.0 Mac, 0.000% MACs, (128,), eps=1e-05, elementwise_affine=True)
        (dropout): Dropout(0, 0.000% Params, 0.0 Mac, 0.000% MACs, p=0.05, inplace=False)
      )
    )
    (norm): LayerNorm(0, 0.000% Params, 0.0 Mac, 0.000% MACs, (128,), eps=1e-05, elementwise_affine=True)
    (projection): Linear(903, 0.049% Params, 129.03 KMac, 0.062% MACs, in_features=128, out_features=7, bias=True)
  )
)
Computational complexity:       207.68 MMac
Number of parameters:           1.85 M  
