Args in experiment:
Namespace(is_training=1, model_id='ili_36_36', model='Autoformer', data='custom', root_path='./dataset/', data_path='national_illness.csv', features='M', target='OT', freq='h', checkpoints='./checkpoints/', seq_len=36, label_len=18, pred_len=36, individual=False, embed_type=0, enc_in=7, dec_in=7, c_out=7, d_model=512, n_heads=8, e_layers=2, d_layers=1, d_ff=2048, moving_avg=25, factor=3, distil=True, dropout=0.05, embed='timeF', activation='gelu', output_attention=False, do_predict=False, num_workers=10, itr=1, train_epochs=10, batch_size=32, patience=3, learning_rate=0.0001, des='Exp', loss='mse', lradj='type1', use_amp=False, use_gpu=True, gpu=7, use_multi_gpu=False, devices='0,1,2,3', test_flop=True)
Use GPU: cuda:7
>>>>>>>start training : ili_36_36_Autoformer_custom_ftM_sl36_ll18_pl36_dm512_nh8_el2_dl1_df2048_fc3_ebtimeF_dtTrue_Exp_0>>>>>>>>>>>>>>>>>>>>>>>>>>
train 605
val 62
test 158
Epoch: 1 cost time: 6.939204692840576
Epoch: 1, Steps: 18 | Train Loss: 0.9835391 Vali Loss: 0.6179020 Test Loss: 3.5119927
Validation loss decreased (inf --> 0.617902).  Saving model ...
Updating learning rate to 0.0001
Epoch: 2 cost time: 2.164395570755005
Epoch: 2, Steps: 18 | Train Loss: 0.6685901 Vali Loss: 0.4444693 Test Loss: 3.0342884
Validation loss decreased (0.617902 --> 0.444469).  Saving model ...
Updating learning rate to 5e-05
Epoch: 3 cost time: 2.3832526206970215
Epoch: 3, Steps: 18 | Train Loss: 0.5759714 Vali Loss: 0.3703032 Test Loss: 2.8026962
Validation loss decreased (0.444469 --> 0.370303).  Saving model ...
Updating learning rate to 2.5e-05
Epoch: 4 cost time: 2.300203323364258
Epoch: 4, Steps: 18 | Train Loss: 0.5518076 Vali Loss: 0.3474866 Test Loss: 2.8122334
Validation loss decreased (0.370303 --> 0.347487).  Saving model ...
Updating learning rate to 1.25e-05
Epoch: 5 cost time: 2.5129575729370117
Epoch: 5, Steps: 18 | Train Loss: 0.5386662 Vali Loss: 0.3519209 Test Loss: 2.7767253
EarlyStopping counter: 1 out of 3
Updating learning rate to 6.25e-06
Epoch: 6 cost time: 2.5309860706329346
Epoch: 6, Steps: 18 | Train Loss: 0.5127131 Vali Loss: 0.3363223 Test Loss: 2.7773883
Validation loss decreased (0.347487 --> 0.336322).  Saving model ...
Updating learning rate to 3.125e-06
Epoch: 7 cost time: 2.4615464210510254
Epoch: 7, Steps: 18 | Train Loss: 0.5177877 Vali Loss: 0.3409917 Test Loss: 2.7788534
EarlyStopping counter: 1 out of 3
Updating learning rate to 1.5625e-06
Epoch: 8 cost time: 2.0225942134857178
Epoch: 8, Steps: 18 | Train Loss: 0.5137124 Vali Loss: 0.3721244 Test Loss: 2.7842138
EarlyStopping counter: 2 out of 3
Updating learning rate to 7.8125e-07
Epoch: 9 cost time: 2.2492780685424805
Epoch: 9, Steps: 18 | Train Loss: 0.5027374 Vali Loss: 0.3392794 Test Loss: 2.7869220
EarlyStopping counter: 3 out of 3
Early stopping
>>>>>>>testing : ili_36_36_Autoformer_custom_ftM_sl36_ll18_pl36_dm512_nh8_el2_dl1_df2048_fc3_ebtimeF_dtTrue_Exp_0<<<<<<<<<<<<<<<<<<<<<<<<<<<<<<<<<
test 158
mse:2.777388334274292, mae:1.083579659461975
INFO: Trainable parameter count: 0.01M
INFO: Trainable parameter count: 0.01M
INFO: Trainable parameter count: 0.02M
INFO: Trainable parameter count: 0.03M
INFO: Trainable parameter count: 0.29M
INFO: Trainable parameter count: 0.29M
INFO: Trainable parameter count: 0.55M
INFO: Trainable parameter count: 0.55M
INFO: Trainable parameter count: 0.81M
INFO: Trainable parameter count: 0.81M
INFO: Trainable parameter count: 1.08M
INFO: Trainable parameter count: 1.08M
INFO: Trainable parameter count: 2.12M
INFO: Trainable parameter count: 3.17M
INFO: Trainable parameter count: 3.44M
INFO: Trainable parameter count: 3.44M
INFO: Trainable parameter count: 3.70M
INFO: Trainable parameter count: 3.70M
INFO: Trainable parameter count: 3.96M
INFO: Trainable parameter count: 3.96M
INFO: Trainable parameter count: 4.22M
INFO: Trainable parameter count: 4.22M
INFO: Trainable parameter count: 5.27M
INFO: Trainable parameter count: 6.32M
INFO: Trainable parameter count: 6.32M
INFO: Trainable parameter count: 6.32M
INFO: Trainable parameter count: 6.58M
INFO: Trainable parameter count: 6.58M
INFO: Trainable parameter count: 6.85M
INFO: Trainable parameter count: 6.85M
INFO: Trainable parameter count: 7.11M
INFO: Trainable parameter count: 7.11M
INFO: Trainable parameter count: 7.37M
INFO: Trainable parameter count: 7.37M
INFO: Trainable parameter count: 7.63M
INFO: Trainable parameter count: 7.64M
INFO: Trainable parameter count: 7.90M
INFO: Trainable parameter count: 7.90M
INFO: Trainable parameter count: 8.16M
INFO: Trainable parameter count: 8.16M
INFO: Trainable parameter count: 8.42M
INFO: Trainable parameter count: 8.42M
INFO: Trainable parameter count: 9.47M
INFO: Trainable parameter count: 10.52M
INFO: Trainable parameter count: 10.53M
INFO: Trainable parameter count: 10.53M
INFO: Trainable parameter count: 10.53M
INFO: Trainable parameter count: 10.54M
INFO: Trainable parameter count: 10.54M
Model(
  10.53 M, 99.981% Params, 445.73 MMac, 100.000% MACs, 
  (decomp): series_decomp(
    0, 0.000% Params, 420.0 Mac, 0.000% MACs, 
    (moving_avg): moving_avg(
      0, 0.000% Params, 420.0 Mac, 0.000% MACs, 
      (avg): AvgPool1d(0, 0.000% Params, 420.0 Mac, 0.000% MACs, kernel_size=(25,), stride=(1,), padding=(0,))
    )
  )
  (enc_embedding): DataEmbedding_wo_pos(
    12.8 k, 0.121% Params, 460.8 KMac, 0.103% MACs, 
    (value_embedding): TokenEmbedding(
      10.75 k, 0.102% Params, 387.07 KMac, 0.087% MACs, 
      (tokenConv): Conv1d(10.75 k, 0.102% Params, 387.07 KMac, 0.087% MACs, 7, 512, kernel_size=(3,), stride=(1,), padding=(1,), bias=False, padding_mode=circular)
    )
    (position_embedding): PositionalEmbedding(0, 0.000% Params, 0.0 Mac, 0.000% MACs, )
    (temporal_embedding): TimeFeatureEmbedding(
      2.05 k, 0.019% Params, 73.73 KMac, 0.017% MACs, 
      (embed): Linear(2.05 k, 0.019% Params, 73.73 KMac, 0.017% MACs, in_features=4, out_features=512, bias=False)
    )
    (dropout): Dropout(0, 0.000% Params, 0.0 Mac, 0.000% MACs, p=0.05, inplace=False)
  )
  (dec_embedding): DataEmbedding_wo_pos(
    12.8 k, 0.121% Params, 691.2 KMac, 0.155% MACs, 
    (value_embedding): TokenEmbedding(
      10.75 k, 0.102% Params, 580.61 KMac, 0.130% MACs, 
      (tokenConv): Conv1d(10.75 k, 0.102% Params, 580.61 KMac, 0.130% MACs, 7, 512, kernel_size=(3,), stride=(1,), padding=(1,), bias=False, padding_mode=circular)
    )
    (position_embedding): PositionalEmbedding(0, 0.000% Params, 0.0 Mac, 0.000% MACs, )
    (temporal_embedding): TimeFeatureEmbedding(
      2.05 k, 0.019% Params, 110.59 KMac, 0.025% MACs, 
      (embed): Linear(2.05 k, 0.019% Params, 110.59 KMac, 0.025% MACs, in_features=4, out_features=512, bias=False)
    )
    (dropout): Dropout(0, 0.000% Params, 0.0 Mac, 0.000% MACs, p=0.05, inplace=False)
  )
  (encoder): Encoder(
    6.3 M, 59.753% Params, 226.62 MMac, 50.843% MACs, 
    (attn_layers): ModuleList(
      6.3 M, 59.753% Params, 226.62 MMac, 50.843% MACs, 
      (0): EncoderLayer(
        3.15 M, 29.877% Params, 113.31 MMac, 25.421% MACs, 
        (attention): AutoCorrelationLayer(
          1.05 M, 9.972% Params, 37.75 MMac, 8.470% MACs, 
          (inner_correlation): AutoCorrelation(
            0, 0.000% Params, 0.0 Mac, 0.000% MACs, 
            (dropout): Dropout(0, 0.000% Params, 0.0 Mac, 0.000% MACs, p=0.05, inplace=False)
          )
          (query_projection): Linear(262.66 k, 2.493% Params, 9.44 MMac, 2.117% MACs, in_features=512, out_features=512, bias=True)
          (key_projection): Linear(262.66 k, 2.493% Params, 9.44 MMac, 2.117% MACs, in_features=512, out_features=512, bias=True)
          (value_projection): Linear(262.66 k, 2.493% Params, 9.44 MMac, 2.117% MACs, in_features=512, out_features=512, bias=True)
          (out_projection): Linear(262.66 k, 2.493% Params, 9.44 MMac, 2.117% MACs, in_features=512, out_features=512, bias=True)
        )
        (conv1): Conv1d(1.05 M, 9.952% Params, 37.75 MMac, 8.469% MACs, 512, 2048, kernel_size=(1,), stride=(1,), bias=False)
        (conv2): Conv1d(1.05 M, 9.952% Params, 37.75 MMac, 8.469% MACs, 2048, 512, kernel_size=(1,), stride=(1,), bias=False)
        (decomp1): series_decomp(
          0, 0.000% Params, 30.72 KMac, 0.007% MACs, 
          (moving_avg): moving_avg(
            0, 0.000% Params, 30.72 KMac, 0.007% MACs, 
            (avg): AvgPool1d(0, 0.000% Params, 30.72 KMac, 0.007% MACs, kernel_size=(25,), stride=(1,), padding=(0,))
          )
        )
        (decomp2): series_decomp(
          0, 0.000% Params, 30.72 KMac, 0.007% MACs, 
          (moving_avg): moving_avg(
            0, 0.000% Params, 30.72 KMac, 0.007% MACs, 
            (avg): AvgPool1d(0, 0.000% Params, 30.72 KMac, 0.007% MACs, kernel_size=(25,), stride=(1,), padding=(0,))
          )
        )
        (dropout): Dropout(0, 0.000% Params, 0.0 Mac, 0.000% MACs, p=0.05, inplace=False)
      )
      (1): EncoderLayer(
        3.15 M, 29.877% Params, 113.31 MMac, 25.421% MACs, 
        (attention): AutoCorrelationLayer(
          1.05 M, 9.972% Params, 37.75 MMac, 8.470% MACs, 
          (inner_correlation): AutoCorrelation(
            0, 0.000% Params, 0.0 Mac, 0.000% MACs, 
            (dropout): Dropout(0, 0.000% Params, 0.0 Mac, 0.000% MACs, p=0.05, inplace=False)
          )
          (query_projection): Linear(262.66 k, 2.493% Params, 9.44 MMac, 2.117% MACs, in_features=512, out_features=512, bias=True)
          (key_projection): Linear(262.66 k, 2.493% Params, 9.44 MMac, 2.117% MACs, in_features=512, out_features=512, bias=True)
          (value_projection): Linear(262.66 k, 2.493% Params, 9.44 MMac, 2.117% MACs, in_features=512, out_features=512, bias=True)
          (out_projection): Linear(262.66 k, 2.493% Params, 9.44 MMac, 2.117% MACs, in_features=512, out_features=512, bias=True)
        )
        (conv1): Conv1d(1.05 M, 9.952% Params, 37.75 MMac, 8.469% MACs, 512, 2048, kernel_size=(1,), stride=(1,), bias=False)
        (conv2): Conv1d(1.05 M, 9.952% Params, 37.75 MMac, 8.469% MACs, 2048, 512, kernel_size=(1,), stride=(1,), bias=False)
        (decomp1): series_decomp(
          0, 0.000% Params, 30.72 KMac, 0.007% MACs, 
          (moving_avg): moving_avg(
            0, 0.000% Params, 30.72 KMac, 0.007% MACs, 
            (avg): AvgPool1d(0, 0.000% Params, 30.72 KMac, 0.007% MACs, kernel_size=(25,), stride=(1,), padding=(0,))
          )
        )
        (decomp2): series_decomp(
          0, 0.000% Params, 30.72 KMac, 0.007% MACs, 
          (moving_avg): moving_avg(
            0, 0.000% Params, 30.72 KMac, 0.007% MACs, 
            (avg): AvgPool1d(0, 0.000% Params, 30.72 KMac, 0.007% MACs, kernel_size=(25,), stride=(1,), padding=(0,))
          )
        )
        (dropout): Dropout(0, 0.000% Params, 0.0 Mac, 0.000% MACs, p=0.05, inplace=False)
      )
    )
    (norm): my_Layernorm(
      0, 0.000% Params, 0.0 Mac, 0.000% MACs, 
      (layernorm): LayerNorm(0, 0.000% Params, 0.0 Mac, 0.000% MACs, (512,), eps=1e-05, elementwise_affine=True)
    )
  )
  (decoder): Decoder(
    4.21 M, 39.984% Params, 217.95 MMac, 48.899% MACs, 
    (layers): ModuleList(
      4.21 M, 39.950% Params, 217.76 MMac, 48.855% MACs, 
      (0): DecoderLayer(
        4.21 M, 39.950% Params, 217.76 MMac, 48.855% MACs, 
        (self_attention): AutoCorrelationLayer(
          1.05 M, 9.972% Params, 56.63 MMac, 12.704% MACs, 
          (inner_correlation): AutoCorrelation(
            0, 0.000% Params, 0.0 Mac, 0.000% MACs, 
            (dropout): Dropout(0, 0.000% Params, 0.0 Mac, 0.000% MACs, p=0.05, inplace=False)
          )
          (query_projection): Linear(262.66 k, 2.493% Params, 14.16 MMac, 3.176% MACs, in_features=512, out_features=512, bias=True)
          (key_projection): Linear(262.66 k, 2.493% Params, 14.16 MMac, 3.176% MACs, in_features=512, out_features=512, bias=True)
          (value_projection): Linear(262.66 k, 2.493% Params, 14.16 MMac, 3.176% MACs, in_features=512, out_features=512, bias=True)
          (out_projection): Linear(262.66 k, 2.493% Params, 14.16 MMac, 3.176% MACs, in_features=512, out_features=512, bias=True)
        )
        (cross_attention): AutoCorrelationLayer(
          1.05 M, 9.972% Params, 47.19 MMac, 10.587% MACs, 
          (inner_correlation): AutoCorrelation(
            0, 0.000% Params, 0.0 Mac, 0.000% MACs, 
            (dropout): Dropout(0, 0.000% Params, 0.0 Mac, 0.000% MACs, p=0.05, inplace=False)
          )
          (query_projection): Linear(262.66 k, 2.493% Params, 14.16 MMac, 3.176% MACs, in_features=512, out_features=512, bias=True)
          (key_projection): Linear(262.66 k, 2.493% Params, 9.44 MMac, 2.117% MACs, in_features=512, out_features=512, bias=True)
          (value_projection): Linear(262.66 k, 2.493% Params, 9.44 MMac, 2.117% MACs, in_features=512, out_features=512, bias=True)
          (out_projection): Linear(262.66 k, 2.493% Params, 14.16 MMac, 3.176% MACs, in_features=512, out_features=512, bias=True)
        )
        (conv1): Conv1d(1.05 M, 9.952% Params, 56.62 MMac, 12.704% MACs, 512, 2048, kernel_size=(1,), stride=(1,), bias=False)
        (conv2): Conv1d(1.05 M, 9.952% Params, 56.62 MMac, 12.704% MACs, 2048, 512, kernel_size=(1,), stride=(1,), bias=False)
        (decomp1): series_decomp(
          0, 0.000% Params, 39.94 KMac, 0.009% MACs, 
          (moving_avg): moving_avg(
            0, 0.000% Params, 39.94 KMac, 0.009% MACs, 
            (avg): AvgPool1d(0, 0.000% Params, 39.94 KMac, 0.009% MACs, kernel_size=(25,), stride=(1,), padding=(0,))
          )
        )
        (decomp2): series_decomp(
          0, 0.000% Params, 39.94 KMac, 0.009% MACs, 
          (moving_avg): moving_avg(
            0, 0.000% Params, 39.94 KMac, 0.009% MACs, 
            (avg): AvgPool1d(0, 0.000% Params, 39.94 KMac, 0.009% MACs, kernel_size=(25,), stride=(1,), padding=(0,))
          )
        )
        (decomp3): series_decomp(
          0, 0.000% Params, 39.94 KMac, 0.009% MACs, 
          (moving_avg): moving_avg(
            0, 0.000% Params, 39.94 KMac, 0.009% MACs, 
            (avg): AvgPool1d(0, 0.000% Params, 39.94 KMac, 0.009% MACs, kernel_size=(25,), stride=(1,), padding=(0,))
          )
        )
        (dropout): Dropout(0, 0.000% Params, 0.0 Mac, 0.000% MACs, p=0.05, inplace=False)
        (projection): Conv1d(10.75 k, 0.102% Params, 580.61 KMac, 0.130% MACs, 512, 7, kernel_size=(3,), stride=(1,), padding=(1,), bias=False, padding_mode=circular)
      )
    )
    (norm): my_Layernorm(
      0, 0.000% Params, 0.0 Mac, 0.000% MACs, 
      (layernorm): LayerNorm(0, 0.000% Params, 0.0 Mac, 0.000% MACs, (512,), eps=1e-05, elementwise_affine=True)
    )
    (projection): Linear(3.59 k, 0.034% Params, 193.54 KMac, 0.043% MACs, in_features=512, out_features=7, bias=True)
  )
)
Computational complexity:       445.73 MMac
Number of parameters:           10.54 M 
