Args in experiment:
Namespace(is_training=1, model_id='Exchange_96_336', model='DLinear', data='custom', root_path='./dataset/', data_path='ETTm1.csv', features='M', target='OT', freq='h', checkpoints='./checkpoints/', seq_len=96, label_len=48, pred_len=336, individual=False, embed_type=0, enc_in=8, dec_in=7, c_out=7, d_model=512, n_heads=8, e_layers=2, d_layers=1, d_ff=2048, moving_avg=25, factor=1, distil=True, dropout=0.05, embed='timeF', activation='gelu', output_attention=False, do_predict=False, num_workers=10, itr=1, train_epochs=10, batch_size=8, patience=3, learning_rate=0.0005, des='Exp', loss='mse', lradj='type1', use_amp=False, use_gpu=True, gpu=0, use_multi_gpu=False, devices='0,1,2,3', test_flop=True)
Use GPU: cuda:0
>>>>>>>start training : Exchange_96_336_DLinear_custom_ftM_sl96_ll48_pl336_dm512_nh8_el2_dl1_df2048_fc1_ebtimeF_dtTrue_Exp_0>>>>>>>>>>>>>>>>>>>>>>>>>>
train 48345
val 6633
test 13601
Epoch: 1 cost time: 27.211405992507935
Epoch: 1, Steps: 6043 | Train Loss: 0.4024707 Vali Loss: 0.3642301 Test Loss: 0.4871960
Validation loss decreased (inf --> 0.364230).  Saving model ...
Updating learning rate to 0.0005
Epoch: 2 cost time: 26.538074016571045
Epoch: 2, Steps: 6043 | Train Loss: 0.3964758 Vali Loss: 0.3669155 Test Loss: 0.4888076
EarlyStopping counter: 1 out of 3
Updating learning rate to 0.00025
Epoch: 3 cost time: 26.030832529067993
Epoch: 3, Steps: 6043 | Train Loss: 0.3946149 Vali Loss: 0.3649953 Test Loss: 0.4868270
EarlyStopping counter: 2 out of 3
Updating learning rate to 0.000125
Epoch: 4 cost time: 26.59469747543335
Epoch: 4, Steps: 6043 | Train Loss: 0.3936343 Vali Loss: 0.3661685 Test Loss: 0.4838095
EarlyStopping counter: 3 out of 3
Early stopping
>>>>>>>testing : Exchange_96_336_DLinear_custom_ftM_sl96_ll48_pl336_dm512_nh8_el2_dl1_df2048_fc1_ebtimeF_dtTrue_Exp_0<<<<<<<<<<<<<<<<<<<<<<<<<<<<<<<<<
test 13601
mse:0.4871959686279297, mae:0.45680293440818787
INFO: Trainable parameter count: 0.03M
INFO: Trainable parameter count: 0.03M
INFO: Trainable parameter count: 0.06M
INFO: Trainable parameter count: 0.07M
Model(
  65.18 k, 100.000% Params, 453.1 KMac, 100.000% MACs, 
  (decompsition): series_decomp(
    0, 0.000% Params, 840.0 Mac, 0.185% MACs, 
    (moving_avg): moving_avg(
      0, 0.000% Params, 840.0 Mac, 0.185% MACs, 
      (avg): AvgPool1d(0, 0.000% Params, 840.0 Mac, 0.185% MACs, kernel_size=(25,), stride=(1,), padding=(0,))
    )
  )
  (Linear_Seasonal): Linear(32.59 k, 50.000% Params, 226.13 KMac, 49.907% MACs, in_features=96, out_features=336, bias=True)
  (Linear_Trend): Linear(32.59 k, 50.000% Params, 226.13 KMac, 49.907% MACs, in_features=96, out_features=336, bias=True)
)
Computational complexity:       453.1 KMac
Number of parameters:           65.18 k 
