Args in experiment:
Namespace(is_training=1, model_id='ili_104_24', model='DLinear', data='custom', root_path='./dataset/', data_path='national_illness.csv', features='M', target='OT', freq='h', checkpoints='./checkpoints/', seq_len=104, label_len=48, pred_len=24, individual=False, embed_type=0, enc_in=8, dec_in=7, c_out=7, d_model=512, n_heads=8, e_layers=2, d_layers=1, d_ff=2048, moving_avg=25, factor=1, distil=True, dropout=0.05, embed='timeF', activation='gelu', output_attention=False, do_predict=False, num_workers=10, itr=1, train_epochs=10, batch_size=8, patience=3, learning_rate=0.0005, des='Exp', loss='mse', lradj='type1', use_amp=False, use_gpu=True, gpu=0, use_multi_gpu=False, devices='0,1,2,3', test_flop=True)
Use GPU: cuda:0
>>>>>>>start training : ili_104_24_DLinear_custom_ftM_sl104_ll48_pl24_dm512_nh8_el2_dl1_df2048_fc1_ebtimeF_dtTrue_Exp_0>>>>>>>>>>>>>>>>>>>>>>>>>>
train 549
val 74
test 170
Epoch: 1 cost time: 3.980224847793579
Epoch: 1, Steps: 68 | Train Loss: 0.8092980 Vali Loss: 0.3885440 Test Loss: 3.0833769
Validation loss decreased (inf --> 0.388544).  Saving model ...
Updating learning rate to 0.0005
Epoch: 2 cost time: 1.2989695072174072
Epoch: 2, Steps: 68 | Train Loss: 0.5616412 Vali Loss: 0.3128893 Test Loss: 2.6736357
Validation loss decreased (0.388544 --> 0.312889).  Saving model ...
Updating learning rate to 0.00025
Epoch: 3 cost time: 1.45027494430542
Epoch: 3, Steps: 68 | Train Loss: 0.5175191 Vali Loss: 0.2990827 Test Loss: 2.5964506
Validation loss decreased (0.312889 --> 0.299083).  Saving model ...
Updating learning rate to 0.000125
Epoch: 4 cost time: 1.5293927192687988
Epoch: 4, Steps: 68 | Train Loss: 0.4979594 Vali Loss: 0.2933620 Test Loss: 2.5343826
Validation loss decreased (0.299083 --> 0.293362).  Saving model ...
Updating learning rate to 6.25e-05
Epoch: 5 cost time: 1.461085319519043
Epoch: 5, Steps: 68 | Train Loss: 0.4940761 Vali Loss: 0.2939880 Test Loss: 2.5293164
EarlyStopping counter: 1 out of 3
Updating learning rate to 3.125e-05
Epoch: 6 cost time: 1.6114575862884521
Epoch: 6, Steps: 68 | Train Loss: 0.4885296 Vali Loss: 0.2917754 Test Loss: 2.5040359
Validation loss decreased (0.293362 --> 0.291775).  Saving model ...
Updating learning rate to 1.5625e-05
Epoch: 7 cost time: 1.5780460834503174
Epoch: 7, Steps: 68 | Train Loss: 0.4811689 Vali Loss: 0.2971914 Test Loss: 2.5074551
EarlyStopping counter: 1 out of 3
Updating learning rate to 7.8125e-06
Epoch: 8 cost time: 1.4350440502166748
Epoch: 8, Steps: 68 | Train Loss: 0.4895940 Vali Loss: 0.2979192 Test Loss: 2.5057445
EarlyStopping counter: 2 out of 3
Updating learning rate to 3.90625e-06
Epoch: 9 cost time: 1.5032241344451904
Epoch: 9, Steps: 68 | Train Loss: 0.4888970 Vali Loss: 0.2942245 Test Loss: 2.5049512
EarlyStopping counter: 3 out of 3
Early stopping
>>>>>>>testing : ili_104_24_DLinear_custom_ftM_sl104_ll48_pl24_dm512_nh8_el2_dl1_df2048_fc1_ebtimeF_dtTrue_Exp_0<<<<<<<<<<<<<<<<<<<<<<<<<<<<<<<<<
test 170
mse:2.5040364265441895, mae:1.1303136348724365
INFO: Trainable parameter count: 0.00M
INFO: Trainable parameter count: 0.00M
INFO: Trainable parameter count: 0.01M
INFO: Trainable parameter count: 0.01M
Model(
  5.04 k, 100.000% Params, 35.89 KMac, 100.000% MACs, 
  (decompsition): series_decomp(
    0, 0.000% Params, 896.0 Mac, 2.497% MACs, 
    (moving_avg): moving_avg(
      0, 0.000% Params, 896.0 Mac, 2.497% MACs, 
      (avg): AvgPool1d(0, 0.000% Params, 896.0 Mac, 2.497% MACs, kernel_size=(25,), stride=(1,), padding=(0,))
    )
  )
  (Linear_Seasonal): Linear(2.52 k, 50.000% Params, 17.5 KMac, 48.752% MACs, in_features=104, out_features=24, bias=True)
  (Linear_Trend): Linear(2.52 k, 50.000% Params, 17.5 KMac, 48.752% MACs, in_features=104, out_features=24, bias=True)
)
Computational complexity:       35.89 KMac
Number of parameters:           5.04 k  
