Args in experiment:
Namespace(is_training=1, model_id='Exchange_96_96', model='DLinear', data='custom', root_path='./dataset/', data_path='ETTm2.csv', features='M', target='OT', freq='h', checkpoints='./checkpoints/', seq_len=96, label_len=48, pred_len=96, individual=False, embed_type=0, enc_in=8, dec_in=7, c_out=7, d_model=512, n_heads=8, e_layers=2, d_layers=1, d_ff=2048, moving_avg=25, factor=1, distil=True, dropout=0.05, embed='timeF', activation='gelu', output_attention=False, do_predict=False, num_workers=10, itr=1, train_epochs=10, batch_size=8, patience=3, learning_rate=0.0005, des='Exp', loss='mse', lradj='type1', use_amp=False, use_gpu=True, gpu=0, use_multi_gpu=False, devices='0,1,2,3', test_flop=True)
Use GPU: cuda:0
>>>>>>>start training : Exchange_96_96_DLinear_custom_ftM_sl96_ll48_pl96_dm512_nh8_el2_dl1_df2048_fc1_ebtimeF_dtTrue_Exp_0>>>>>>>>>>>>>>>>>>>>>>>>>>
train 48585
val 6873
test 13841
Epoch: 1 cost time: 27.449427604675293
Epoch: 1, Steps: 6073 | Train Loss: 0.1695270 Vali Loss: 0.1861537 Test Loss: 0.1373063
Validation loss decreased (inf --> 0.186154).  Saving model ...
Updating learning rate to 0.0005
Epoch: 2 cost time: 24.71626877784729
Epoch: 2, Steps: 6073 | Train Loss: 0.1634487 Vali Loss: 0.1611377 Test Loss: 0.1206882
Validation loss decreased (0.186154 --> 0.161138).  Saving model ...
Updating learning rate to 0.00025
Epoch: 3 cost time: 26.200906991958618
Epoch: 3, Steps: 6073 | Train Loss: 0.1620169 Vali Loss: 0.1613921 Test Loss: 0.1209783
EarlyStopping counter: 1 out of 3
Updating learning rate to 0.000125
Epoch: 4 cost time: 26.468040227890015
Epoch: 4, Steps: 6073 | Train Loss: 0.1611180 Vali Loss: 0.1609330 Test Loss: 0.1207661
Validation loss decreased (0.161138 --> 0.160933).  Saving model ...
Updating learning rate to 6.25e-05
Epoch: 5 cost time: 26.787575721740723
Epoch: 5, Steps: 6073 | Train Loss: 0.1605850 Vali Loss: 0.1650938 Test Loss: 0.1235952
EarlyStopping counter: 1 out of 3
Updating learning rate to 3.125e-05
Epoch: 6 cost time: 26.72816300392151
Epoch: 6, Steps: 6073 | Train Loss: 0.1603941 Vali Loss: 0.1618813 Test Loss: 0.1212761
EarlyStopping counter: 2 out of 3
Updating learning rate to 1.5625e-05
Epoch: 7 cost time: 27.0184907913208
Epoch: 7, Steps: 6073 | Train Loss: 0.1602290 Vali Loss: 0.1614347 Test Loss: 0.1208466
EarlyStopping counter: 3 out of 3
Early stopping
>>>>>>>testing : Exchange_96_96_DLinear_custom_ftM_sl96_ll48_pl96_dm512_nh8_el2_dl1_df2048_fc1_ebtimeF_dtTrue_Exp_0<<<<<<<<<<<<<<<<<<<<<<<<<<<<<<<<<
test 13841
mse:0.12076602131128311, mae:0.23550717532634735
INFO: Trainable parameter count: 0.01M
INFO: Trainable parameter count: 0.01M
INFO: Trainable parameter count: 0.02M
INFO: Trainable parameter count: 0.02M
Model(
  18.62 k, 100.000% Params, 130.06 KMac, 100.000% MACs, 
  (decompsition): series_decomp(
    0, 0.000% Params, 840.0 Mac, 0.646% MACs, 
    (moving_avg): moving_avg(
      0, 0.000% Params, 840.0 Mac, 0.646% MACs, 
      (avg): AvgPool1d(0, 0.000% Params, 840.0 Mac, 0.646% MACs, kernel_size=(25,), stride=(1,), padding=(0,))
    )
  )
  (Linear_Seasonal): Linear(9.31 k, 50.000% Params, 64.61 KMac, 49.677% MACs, in_features=96, out_features=96, bias=True)
  (Linear_Trend): Linear(9.31 k, 50.000% Params, 64.61 KMac, 49.677% MACs, in_features=96, out_features=96, bias=True)
)
Computational complexity:       130.06 KMac
Number of parameters:           18.62 k 
