Args in experiment:
Namespace(is_training=1, model_id='Exchange_96_336', model='DLinear', data='custom', root_path='./dataset/', data_path='ETTh1.csv', features='M', target='OT', freq='h', checkpoints='./checkpoints/', seq_len=96, label_len=48, pred_len=336, individual=False, embed_type=0, enc_in=8, dec_in=7, c_out=7, d_model=512, n_heads=8, e_layers=2, d_layers=1, d_ff=2048, moving_avg=25, factor=1, distil=True, dropout=0.05, embed='timeF', activation='gelu', output_attention=False, do_predict=False, num_workers=10, itr=1, train_epochs=10, batch_size=8, patience=3, learning_rate=0.0005, des='Exp', loss='mse', lradj='type1', use_amp=False, use_gpu=True, gpu=0, use_multi_gpu=False, devices='0,1,2,3', test_flop=True)
Use GPU: cuda:0
>>>>>>>start training : Exchange_96_336_DLinear_custom_ftM_sl96_ll48_pl336_dm512_nh8_el2_dl1_df2048_fc1_ebtimeF_dtTrue_Exp_0>>>>>>>>>>>>>>>>>>>>>>>>>>
train 11763
val 1407
test 3149
Epoch: 1 cost time: 12.10678505897522
Epoch: 1, Steps: 1470 | Train Loss: 0.5473493 Vali Loss: 0.4493679 Test Loss: 0.5384473
Validation loss decreased (inf --> 0.449368).  Saving model ...
Updating learning rate to 0.0005
Epoch: 2 cost time: 7.28212308883667
Epoch: 2, Steps: 1470 | Train Loss: 0.5222184 Vali Loss: 0.4721663 Test Loss: 0.5424764
EarlyStopping counter: 1 out of 3
Updating learning rate to 0.00025
Epoch: 3 cost time: 6.958492040634155
Epoch: 3, Steps: 1470 | Train Loss: 0.5176358 Vali Loss: 0.4511600 Test Loss: 0.5329983
EarlyStopping counter: 2 out of 3
Updating learning rate to 0.000125
Epoch: 4 cost time: 7.066349983215332
Epoch: 4, Steps: 1470 | Train Loss: 0.5158374 Vali Loss: 0.4437690 Test Loss: 0.5305430
Validation loss decreased (0.449368 --> 0.443769).  Saving model ...
Updating learning rate to 6.25e-05
Epoch: 5 cost time: 7.896467685699463
Epoch: 5, Steps: 1470 | Train Loss: 0.5151211 Vali Loss: 0.4460580 Test Loss: 0.5299947
EarlyStopping counter: 1 out of 3
Updating learning rate to 3.125e-05
Epoch: 6 cost time: 7.783122539520264
Epoch: 6, Steps: 1470 | Train Loss: 0.5145427 Vali Loss: 0.4412504 Test Loss: 0.5287027
Validation loss decreased (0.443769 --> 0.441250).  Saving model ...
Updating learning rate to 1.5625e-05
Epoch: 7 cost time: 7.267825365066528
Epoch: 7, Steps: 1470 | Train Loss: 0.5143864 Vali Loss: 0.4505810 Test Loss: 0.5309835
EarlyStopping counter: 1 out of 3
Updating learning rate to 7.8125e-06
Epoch: 8 cost time: 7.965963363647461
Epoch: 8, Steps: 1470 | Train Loss: 0.5142769 Vali Loss: 0.4481463 Test Loss: 0.5301326
EarlyStopping counter: 2 out of 3
Updating learning rate to 3.90625e-06
Epoch: 9 cost time: 7.172805070877075
Epoch: 9, Steps: 1470 | Train Loss: 0.5141359 Vali Loss: 0.4486319 Test Loss: 0.5301906
EarlyStopping counter: 3 out of 3
Early stopping
>>>>>>>testing : Exchange_96_336_DLinear_custom_ftM_sl96_ll48_pl336_dm512_nh8_el2_dl1_df2048_fc1_ebtimeF_dtTrue_Exp_0<<<<<<<<<<<<<<<<<<<<<<<<<<<<<<<<<
test 3149
mse:0.5287026166915894, mae:0.5141381621360779
INFO: Trainable parameter count: 0.03M
INFO: Trainable parameter count: 0.03M
INFO: Trainable parameter count: 0.06M
INFO: Trainable parameter count: 0.07M
Model(
  65.18 k, 100.000% Params, 453.1 KMac, 100.000% MACs, 
  (decompsition): series_decomp(
    0, 0.000% Params, 840.0 Mac, 0.185% MACs, 
    (moving_avg): moving_avg(
      0, 0.000% Params, 840.0 Mac, 0.185% MACs, 
      (avg): AvgPool1d(0, 0.000% Params, 840.0 Mac, 0.185% MACs, kernel_size=(25,), stride=(1,), padding=(0,))
    )
  )
  (Linear_Seasonal): Linear(32.59 k, 50.000% Params, 226.13 KMac, 49.907% MACs, in_features=96, out_features=336, bias=True)
  (Linear_Trend): Linear(32.59 k, 50.000% Params, 226.13 KMac, 49.907% MACs, in_features=96, out_features=336, bias=True)
)
Computational complexity:       453.1 KMac
Number of parameters:           65.18 k 
