Args in experiment:
Namespace(is_training=1, model_id='ili_104_60', model='DLinear', data='custom', root_path='./dataset/', data_path='national_illness.csv', features='M', target='OT', freq='h', checkpoints='./checkpoints/', seq_len=104, label_len=48, pred_len=60, individual=False, embed_type=0, enc_in=8, dec_in=7, c_out=7, d_model=512, n_heads=8, e_layers=2, d_layers=1, d_ff=2048, moving_avg=25, factor=1, distil=True, dropout=0.05, embed='timeF', activation='gelu', output_attention=False, do_predict=False, num_workers=10, itr=1, train_epochs=10, batch_size=8, patience=3, learning_rate=0.0005, des='Exp', loss='mse', lradj='type1', use_amp=False, use_gpu=True, gpu=0, use_multi_gpu=False, devices='0,1,2,3', test_flop=True)
Use GPU: cuda:0
>>>>>>>start training : ili_104_60_DLinear_custom_ftM_sl104_ll48_pl60_dm512_nh8_el2_dl1_df2048_fc1_ebtimeF_dtTrue_Exp_0>>>>>>>>>>>>>>>>>>>>>>>>>>
train 513
val 38
test 134
Epoch: 1 cost time: 3.5427186489105225
Epoch: 1, Steps: 64 | Train Loss: 0.8330419 Vali Loss: 0.3507791 Test Loss: 3.2488034
Validation loss decreased (inf --> 0.350779).  Saving model ...
Updating learning rate to 0.0005
Epoch: 2 cost time: 1.4248104095458984
Epoch: 2, Steps: 64 | Train Loss: 0.5958380 Vali Loss: 0.2750655 Test Loss: 2.7740200
Validation loss decreased (0.350779 --> 0.275066).  Saving model ...
Updating learning rate to 0.00025
Epoch: 3 cost time: 1.6425693035125732
Epoch: 3, Steps: 64 | Train Loss: 0.5514826 Vali Loss: 0.2699927 Test Loss: 2.6489086
Validation loss decreased (0.275066 --> 0.269993).  Saving model ...
Updating learning rate to 0.000125
Epoch: 4 cost time: 1.3576717376708984
Epoch: 4, Steps: 64 | Train Loss: 0.5434889 Vali Loss: 0.2829890 Test Loss: 2.6478300
EarlyStopping counter: 1 out of 3
Updating learning rate to 6.25e-05
Epoch: 5 cost time: 1.5308668613433838
Epoch: 5, Steps: 64 | Train Loss: 0.5378680 Vali Loss: 0.2891865 Test Loss: 2.6289828
EarlyStopping counter: 2 out of 3
Updating learning rate to 3.125e-05
Epoch: 6 cost time: 1.3690478801727295
Epoch: 6, Steps: 64 | Train Loss: 0.5304172 Vali Loss: 0.2798067 Test Loss: 2.6150522
EarlyStopping counter: 3 out of 3
Early stopping
>>>>>>>testing : ili_104_60_DLinear_custom_ftM_sl104_ll48_pl60_dm512_nh8_el2_dl1_df2048_fc1_ebtimeF_dtTrue_Exp_0<<<<<<<<<<<<<<<<<<<<<<<<<<<<<<<<<
test 134
mse:2.6489086151123047, mae:1.1612765789031982
INFO: Trainable parameter count: 0.01M
INFO: Trainable parameter count: 0.01M
INFO: Trainable parameter count: 0.01M
INFO: Trainable parameter count: 0.01M
Model(
  12.6 k, 100.000% Params, 88.38 KMac, 100.000% MACs, 
  (decompsition): series_decomp(
    0, 0.000% Params, 896.0 Mac, 1.014% MACs, 
    (moving_avg): moving_avg(
      0, 0.000% Params, 896.0 Mac, 1.014% MACs, 
      (avg): AvgPool1d(0, 0.000% Params, 896.0 Mac, 1.014% MACs, kernel_size=(25,), stride=(1,), padding=(0,))
    )
  )
  (Linear_Seasonal): Linear(6.3 k, 50.000% Params, 43.74 KMac, 49.493% MACs, in_features=104, out_features=60, bias=True)
  (Linear_Trend): Linear(6.3 k, 50.000% Params, 43.74 KMac, 49.493% MACs, in_features=104, out_features=60, bias=True)
)
Computational complexity:       88.38 KMac
Number of parameters:           12.6 k  
